[2023-12-18T20:56:35.956+0000] {processor.py:157} INFO - Started process (PID=41) to work on /home/airflow/.local/lib/python3.8/site-packages/airflow/example_dags/example_complex.py
[2023-12-18T20:56:35.958+0000] {processor.py:829} INFO - Processing file /home/airflow/.local/lib/python3.8/site-packages/airflow/example_dags/example_complex.py for tasks to queue
[2023-12-18T20:56:35.961+0000] {logging_mixin.py:154} INFO - [2023-12-18T20:56:35.961+0000] {dagbag.py:536} INFO - Filling up the DagBag from /home/airflow/.local/lib/python3.8/site-packages/airflow/example_dags/example_complex.py
[2023-12-18T20:56:35.989+0000] {processor.py:839} INFO - DAG(s) dict_keys(['example_complex']) retrieved from /home/airflow/.local/lib/python3.8/site-packages/airflow/example_dags/example_complex.py
[2023-12-18T20:56:36.047+0000] {logging_mixin.py:154} INFO - [2023-12-18T20:56:36.047+0000] {dag.py:2941} INFO - Sync 1 DAGs
[2023-12-18T20:56:36.072+0000] {logging_mixin.py:154} INFO - [2023-12-18T20:56:36.072+0000] {dag.py:3722} INFO - Setting next_dagrun for example_complex to None, run_after=None
[2023-12-18T20:56:36.127+0000] {processor.py:179} INFO - Processing /home/airflow/.local/lib/python3.8/site-packages/airflow/example_dags/example_complex.py took 0.179 seconds
[2023-12-18T20:57:06.478+0000] {processor.py:157} INFO - Started process (PID=95) to work on /home/airflow/.local/lib/python3.8/site-packages/airflow/example_dags/example_complex.py
[2023-12-18T20:57:06.479+0000] {processor.py:829} INFO - Processing file /home/airflow/.local/lib/python3.8/site-packages/airflow/example_dags/example_complex.py for tasks to queue
[2023-12-18T20:57:06.483+0000] {logging_mixin.py:154} INFO - [2023-12-18T20:57:06.482+0000] {dagbag.py:536} INFO - Filling up the DagBag from /home/airflow/.local/lib/python3.8/site-packages/airflow/example_dags/example_complex.py
[2023-12-18T20:57:06.510+0000] {processor.py:839} INFO - DAG(s) dict_keys(['example_complex']) retrieved from /home/airflow/.local/lib/python3.8/site-packages/airflow/example_dags/example_complex.py
[2023-12-18T20:57:06.593+0000] {logging_mixin.py:154} INFO - [2023-12-18T20:57:06.593+0000] {dag.py:2941} INFO - Sync 1 DAGs
[2023-12-18T20:57:06.624+0000] {logging_mixin.py:154} INFO - [2023-12-18T20:57:06.624+0000] {dag.py:3722} INFO - Setting next_dagrun for example_complex to None, run_after=None
[2023-12-18T20:57:06.670+0000] {processor.py:179} INFO - Processing /home/airflow/.local/lib/python3.8/site-packages/airflow/example_dags/example_complex.py took 0.197 seconds
[2023-12-18T20:57:36.830+0000] {processor.py:157} INFO - Started process (PID=148) to work on /home/airflow/.local/lib/python3.8/site-packages/airflow/example_dags/example_complex.py
[2023-12-18T20:57:36.834+0000] {processor.py:829} INFO - Processing file /home/airflow/.local/lib/python3.8/site-packages/airflow/example_dags/example_complex.py for tasks to queue
[2023-12-18T20:57:36.839+0000] {logging_mixin.py:154} INFO - [2023-12-18T20:57:36.839+0000] {dagbag.py:536} INFO - Filling up the DagBag from /home/airflow/.local/lib/python3.8/site-packages/airflow/example_dags/example_complex.py
[2023-12-18T20:57:36.891+0000] {processor.py:839} INFO - DAG(s) dict_keys(['example_complex']) retrieved from /home/airflow/.local/lib/python3.8/site-packages/airflow/example_dags/example_complex.py
[2023-12-18T20:57:36.983+0000] {logging_mixin.py:154} INFO - [2023-12-18T20:57:36.982+0000] {dag.py:2941} INFO - Sync 1 DAGs
[2023-12-18T20:57:37.006+0000] {logging_mixin.py:154} INFO - [2023-12-18T20:57:37.006+0000] {dag.py:3722} INFO - Setting next_dagrun for example_complex to None, run_after=None
[2023-12-18T20:57:37.042+0000] {processor.py:179} INFO - Processing /home/airflow/.local/lib/python3.8/site-packages/airflow/example_dags/example_complex.py took 0.226 seconds
[2023-12-18T20:58:07.395+0000] {processor.py:157} INFO - Started process (PID=202) to work on /home/airflow/.local/lib/python3.8/site-packages/airflow/example_dags/example_complex.py
[2023-12-18T20:58:07.397+0000] {processor.py:829} INFO - Processing file /home/airflow/.local/lib/python3.8/site-packages/airflow/example_dags/example_complex.py for tasks to queue
[2023-12-18T20:58:07.400+0000] {logging_mixin.py:154} INFO - [2023-12-18T20:58:07.400+0000] {dagbag.py:536} INFO - Filling up the DagBag from /home/airflow/.local/lib/python3.8/site-packages/airflow/example_dags/example_complex.py
[2023-12-18T20:58:07.421+0000] {processor.py:839} INFO - DAG(s) dict_keys(['example_complex']) retrieved from /home/airflow/.local/lib/python3.8/site-packages/airflow/example_dags/example_complex.py
[2023-12-18T20:58:07.482+0000] {logging_mixin.py:154} INFO - [2023-12-18T20:58:07.481+0000] {dag.py:2941} INFO - Sync 1 DAGs
[2023-12-18T20:58:07.504+0000] {logging_mixin.py:154} INFO - [2023-12-18T20:58:07.503+0000] {dag.py:3722} INFO - Setting next_dagrun for example_complex to None, run_after=None
[2023-12-18T20:58:07.576+0000] {processor.py:179} INFO - Processing /home/airflow/.local/lib/python3.8/site-packages/airflow/example_dags/example_complex.py took 0.186 seconds
[2023-12-18T20:58:38.144+0000] {processor.py:157} INFO - Started process (PID=257) to work on /home/airflow/.local/lib/python3.8/site-packages/airflow/example_dags/example_complex.py
[2023-12-18T20:58:38.145+0000] {processor.py:829} INFO - Processing file /home/airflow/.local/lib/python3.8/site-packages/airflow/example_dags/example_complex.py for tasks to queue
[2023-12-18T20:58:38.149+0000] {logging_mixin.py:154} INFO - [2023-12-18T20:58:38.148+0000] {dagbag.py:536} INFO - Filling up the DagBag from /home/airflow/.local/lib/python3.8/site-packages/airflow/example_dags/example_complex.py
[2023-12-18T20:58:38.172+0000] {processor.py:839} INFO - DAG(s) dict_keys(['example_complex']) retrieved from /home/airflow/.local/lib/python3.8/site-packages/airflow/example_dags/example_complex.py
[2023-12-18T20:58:38.234+0000] {logging_mixin.py:154} INFO - [2023-12-18T20:58:38.234+0000] {dag.py:2941} INFO - Sync 1 DAGs
[2023-12-18T20:58:38.265+0000] {logging_mixin.py:154} INFO - [2023-12-18T20:58:38.264+0000] {dag.py:3722} INFO - Setting next_dagrun for example_complex to None, run_after=None
[2023-12-18T20:58:38.341+0000] {processor.py:179} INFO - Processing /home/airflow/.local/lib/python3.8/site-packages/airflow/example_dags/example_complex.py took 0.203 seconds
[2023-12-18T20:59:08.589+0000] {processor.py:157} INFO - Started process (PID=310) to work on /home/airflow/.local/lib/python3.8/site-packages/airflow/example_dags/example_complex.py
[2023-12-18T20:59:08.590+0000] {processor.py:829} INFO - Processing file /home/airflow/.local/lib/python3.8/site-packages/airflow/example_dags/example_complex.py for tasks to queue
[2023-12-18T20:59:08.593+0000] {logging_mixin.py:154} INFO - [2023-12-18T20:59:08.593+0000] {dagbag.py:536} INFO - Filling up the DagBag from /home/airflow/.local/lib/python3.8/site-packages/airflow/example_dags/example_complex.py
[2023-12-18T20:59:08.617+0000] {processor.py:839} INFO - DAG(s) dict_keys(['example_complex']) retrieved from /home/airflow/.local/lib/python3.8/site-packages/airflow/example_dags/example_complex.py
[2023-12-18T20:59:08.678+0000] {logging_mixin.py:154} INFO - [2023-12-18T20:59:08.677+0000] {dag.py:2941} INFO - Sync 1 DAGs
[2023-12-18T20:59:08.699+0000] {logging_mixin.py:154} INFO - [2023-12-18T20:59:08.699+0000] {dag.py:3722} INFO - Setting next_dagrun for example_complex to None, run_after=None
[2023-12-18T20:59:08.763+0000] {processor.py:179} INFO - Processing /home/airflow/.local/lib/python3.8/site-packages/airflow/example_dags/example_complex.py took 0.179 seconds
[2023-12-18T20:59:39.508+0000] {processor.py:157} INFO - Started process (PID=364) to work on /home/airflow/.local/lib/python3.8/site-packages/airflow/example_dags/example_complex.py
[2023-12-18T20:59:39.510+0000] {processor.py:829} INFO - Processing file /home/airflow/.local/lib/python3.8/site-packages/airflow/example_dags/example_complex.py for tasks to queue
[2023-12-18T20:59:39.513+0000] {logging_mixin.py:154} INFO - [2023-12-18T20:59:39.512+0000] {dagbag.py:536} INFO - Filling up the DagBag from /home/airflow/.local/lib/python3.8/site-packages/airflow/example_dags/example_complex.py
[2023-12-18T20:59:39.541+0000] {processor.py:839} INFO - DAG(s) dict_keys(['example_complex']) retrieved from /home/airflow/.local/lib/python3.8/site-packages/airflow/example_dags/example_complex.py
[2023-12-18T20:59:39.600+0000] {logging_mixin.py:154} INFO - [2023-12-18T20:59:39.600+0000] {dag.py:2941} INFO - Sync 1 DAGs
[2023-12-18T20:59:39.626+0000] {logging_mixin.py:154} INFO - [2023-12-18T20:59:39.626+0000] {dag.py:3722} INFO - Setting next_dagrun for example_complex to None, run_after=None
[2023-12-18T20:59:39.664+0000] {processor.py:179} INFO - Processing /home/airflow/.local/lib/python3.8/site-packages/airflow/example_dags/example_complex.py took 0.162 seconds
[2023-12-18T21:00:09.826+0000] {processor.py:157} INFO - Started process (PID=418) to work on /home/airflow/.local/lib/python3.8/site-packages/airflow/example_dags/example_complex.py
[2023-12-18T21:00:09.827+0000] {processor.py:829} INFO - Processing file /home/airflow/.local/lib/python3.8/site-packages/airflow/example_dags/example_complex.py for tasks to queue
[2023-12-18T21:00:09.832+0000] {logging_mixin.py:154} INFO - [2023-12-18T21:00:09.831+0000] {dagbag.py:536} INFO - Filling up the DagBag from /home/airflow/.local/lib/python3.8/site-packages/airflow/example_dags/example_complex.py
[2023-12-18T21:00:09.857+0000] {processor.py:839} INFO - DAG(s) dict_keys(['example_complex']) retrieved from /home/airflow/.local/lib/python3.8/site-packages/airflow/example_dags/example_complex.py
[2023-12-18T21:00:09.921+0000] {logging_mixin.py:154} INFO - [2023-12-18T21:00:09.921+0000] {dag.py:2941} INFO - Sync 1 DAGs
[2023-12-18T21:00:09.949+0000] {logging_mixin.py:154} INFO - [2023-12-18T21:00:09.948+0000] {dag.py:3722} INFO - Setting next_dagrun for example_complex to None, run_after=None
[2023-12-18T21:00:10.025+0000] {processor.py:179} INFO - Processing /home/airflow/.local/lib/python3.8/site-packages/airflow/example_dags/example_complex.py took 0.204 seconds
[2023-12-18T21:00:40.212+0000] {processor.py:157} INFO - Started process (PID=472) to work on /home/airflow/.local/lib/python3.8/site-packages/airflow/example_dags/example_complex.py
[2023-12-18T21:00:40.214+0000] {processor.py:829} INFO - Processing file /home/airflow/.local/lib/python3.8/site-packages/airflow/example_dags/example_complex.py for tasks to queue
[2023-12-18T21:00:40.218+0000] {logging_mixin.py:154} INFO - [2023-12-18T21:00:40.217+0000] {dagbag.py:536} INFO - Filling up the DagBag from /home/airflow/.local/lib/python3.8/site-packages/airflow/example_dags/example_complex.py
[2023-12-18T21:00:40.244+0000] {processor.py:839} INFO - DAG(s) dict_keys(['example_complex']) retrieved from /home/airflow/.local/lib/python3.8/site-packages/airflow/example_dags/example_complex.py
[2023-12-18T21:00:40.306+0000] {logging_mixin.py:154} INFO - [2023-12-18T21:00:40.306+0000] {dag.py:2941} INFO - Sync 1 DAGs
[2023-12-18T21:00:40.331+0000] {logging_mixin.py:154} INFO - [2023-12-18T21:00:40.330+0000] {dag.py:3722} INFO - Setting next_dagrun for example_complex to None, run_after=None
[2023-12-18T21:00:40.362+0000] {processor.py:179} INFO - Processing /home/airflow/.local/lib/python3.8/site-packages/airflow/example_dags/example_complex.py took 0.157 seconds
[2023-12-18T21:01:10.483+0000] {processor.py:157} INFO - Started process (PID=526) to work on /home/airflow/.local/lib/python3.8/site-packages/airflow/example_dags/example_complex.py
[2023-12-18T21:01:10.485+0000] {processor.py:829} INFO - Processing file /home/airflow/.local/lib/python3.8/site-packages/airflow/example_dags/example_complex.py for tasks to queue
[2023-12-18T21:01:10.489+0000] {logging_mixin.py:154} INFO - [2023-12-18T21:01:10.488+0000] {dagbag.py:536} INFO - Filling up the DagBag from /home/airflow/.local/lib/python3.8/site-packages/airflow/example_dags/example_complex.py
[2023-12-18T21:01:10.508+0000] {processor.py:839} INFO - DAG(s) dict_keys(['example_complex']) retrieved from /home/airflow/.local/lib/python3.8/site-packages/airflow/example_dags/example_complex.py
[2023-12-18T21:01:10.566+0000] {logging_mixin.py:154} INFO - [2023-12-18T21:01:10.565+0000] {dag.py:2941} INFO - Sync 1 DAGs
[2023-12-18T21:01:10.593+0000] {logging_mixin.py:154} INFO - [2023-12-18T21:01:10.593+0000] {dag.py:3722} INFO - Setting next_dagrun for example_complex to None, run_after=None
[2023-12-18T21:01:10.671+0000] {processor.py:179} INFO - Processing /home/airflow/.local/lib/python3.8/site-packages/airflow/example_dags/example_complex.py took 0.194 seconds
[2023-12-18T21:01:41.146+0000] {processor.py:157} INFO - Started process (PID=580) to work on /home/airflow/.local/lib/python3.8/site-packages/airflow/example_dags/example_complex.py
[2023-12-18T21:01:41.148+0000] {processor.py:829} INFO - Processing file /home/airflow/.local/lib/python3.8/site-packages/airflow/example_dags/example_complex.py for tasks to queue
[2023-12-18T21:01:41.152+0000] {logging_mixin.py:154} INFO - [2023-12-18T21:01:41.152+0000] {dagbag.py:536} INFO - Filling up the DagBag from /home/airflow/.local/lib/python3.8/site-packages/airflow/example_dags/example_complex.py
[2023-12-18T21:01:41.185+0000] {processor.py:839} INFO - DAG(s) dict_keys(['example_complex']) retrieved from /home/airflow/.local/lib/python3.8/site-packages/airflow/example_dags/example_complex.py
[2023-12-18T21:01:41.261+0000] {logging_mixin.py:154} INFO - [2023-12-18T21:01:41.261+0000] {dag.py:2941} INFO - Sync 1 DAGs
[2023-12-18T21:01:41.288+0000] {logging_mixin.py:154} INFO - [2023-12-18T21:01:41.288+0000] {dag.py:3722} INFO - Setting next_dagrun for example_complex to None, run_after=None
[2023-12-18T21:01:41.366+0000] {processor.py:179} INFO - Processing /home/airflow/.local/lib/python3.8/site-packages/airflow/example_dags/example_complex.py took 0.226 seconds
[2023-12-18T21:02:11.567+0000] {processor.py:157} INFO - Started process (PID=634) to work on /home/airflow/.local/lib/python3.8/site-packages/airflow/example_dags/example_complex.py
[2023-12-18T21:02:11.568+0000] {processor.py:829} INFO - Processing file /home/airflow/.local/lib/python3.8/site-packages/airflow/example_dags/example_complex.py for tasks to queue
[2023-12-18T21:02:11.572+0000] {logging_mixin.py:154} INFO - [2023-12-18T21:02:11.572+0000] {dagbag.py:536} INFO - Filling up the DagBag from /home/airflow/.local/lib/python3.8/site-packages/airflow/example_dags/example_complex.py
[2023-12-18T21:02:11.599+0000] {processor.py:839} INFO - DAG(s) dict_keys(['example_complex']) retrieved from /home/airflow/.local/lib/python3.8/site-packages/airflow/example_dags/example_complex.py
[2023-12-18T21:02:11.668+0000] {logging_mixin.py:154} INFO - [2023-12-18T21:02:11.668+0000] {dag.py:2941} INFO - Sync 1 DAGs
[2023-12-18T21:02:11.701+0000] {logging_mixin.py:154} INFO - [2023-12-18T21:02:11.700+0000] {dag.py:3722} INFO - Setting next_dagrun for example_complex to None, run_after=None
[2023-12-18T21:02:11.738+0000] {processor.py:179} INFO - Processing /home/airflow/.local/lib/python3.8/site-packages/airflow/example_dags/example_complex.py took 0.177 seconds
[2023-12-18T21:02:41.980+0000] {processor.py:157} INFO - Started process (PID=688) to work on /home/airflow/.local/lib/python3.8/site-packages/airflow/example_dags/example_complex.py
[2023-12-18T21:02:41.981+0000] {processor.py:829} INFO - Processing file /home/airflow/.local/lib/python3.8/site-packages/airflow/example_dags/example_complex.py for tasks to queue
[2023-12-18T21:02:41.985+0000] {logging_mixin.py:154} INFO - [2023-12-18T21:02:41.984+0000] {dagbag.py:536} INFO - Filling up the DagBag from /home/airflow/.local/lib/python3.8/site-packages/airflow/example_dags/example_complex.py
[2023-12-18T21:02:42.004+0000] {processor.py:839} INFO - DAG(s) dict_keys(['example_complex']) retrieved from /home/airflow/.local/lib/python3.8/site-packages/airflow/example_dags/example_complex.py
[2023-12-18T21:02:42.059+0000] {logging_mixin.py:154} INFO - [2023-12-18T21:02:42.058+0000] {dag.py:2941} INFO - Sync 1 DAGs
[2023-12-18T21:02:42.079+0000] {logging_mixin.py:154} INFO - [2023-12-18T21:02:42.079+0000] {dag.py:3722} INFO - Setting next_dagrun for example_complex to None, run_after=None
[2023-12-18T21:02:42.111+0000] {processor.py:179} INFO - Processing /home/airflow/.local/lib/python3.8/site-packages/airflow/example_dags/example_complex.py took 0.136 seconds
[2023-12-18T21:03:12.572+0000] {processor.py:157} INFO - Started process (PID=742) to work on /home/airflow/.local/lib/python3.8/site-packages/airflow/example_dags/example_complex.py
[2023-12-18T21:03:12.574+0000] {processor.py:829} INFO - Processing file /home/airflow/.local/lib/python3.8/site-packages/airflow/example_dags/example_complex.py for tasks to queue
[2023-12-18T21:03:12.578+0000] {logging_mixin.py:154} INFO - [2023-12-18T21:03:12.577+0000] {dagbag.py:536} INFO - Filling up the DagBag from /home/airflow/.local/lib/python3.8/site-packages/airflow/example_dags/example_complex.py
[2023-12-18T21:03:12.611+0000] {processor.py:839} INFO - DAG(s) dict_keys(['example_complex']) retrieved from /home/airflow/.local/lib/python3.8/site-packages/airflow/example_dags/example_complex.py
[2023-12-18T21:03:12.676+0000] {logging_mixin.py:154} INFO - [2023-12-18T21:03:12.676+0000] {dag.py:2941} INFO - Sync 1 DAGs
[2023-12-18T21:03:12.705+0000] {logging_mixin.py:154} INFO - [2023-12-18T21:03:12.705+0000] {dag.py:3722} INFO - Setting next_dagrun for example_complex to None, run_after=None
[2023-12-18T21:03:12.744+0000] {processor.py:179} INFO - Processing /home/airflow/.local/lib/python3.8/site-packages/airflow/example_dags/example_complex.py took 0.178 seconds
[2023-12-18T21:03:42.893+0000] {processor.py:157} INFO - Started process (PID=796) to work on /home/airflow/.local/lib/python3.8/site-packages/airflow/example_dags/example_complex.py
[2023-12-18T21:03:42.895+0000] {processor.py:829} INFO - Processing file /home/airflow/.local/lib/python3.8/site-packages/airflow/example_dags/example_complex.py for tasks to queue
[2023-12-18T21:03:42.898+0000] {logging_mixin.py:154} INFO - [2023-12-18T21:03:42.898+0000] {dagbag.py:536} INFO - Filling up the DagBag from /home/airflow/.local/lib/python3.8/site-packages/airflow/example_dags/example_complex.py
[2023-12-18T21:03:42.918+0000] {processor.py:839} INFO - DAG(s) dict_keys(['example_complex']) retrieved from /home/airflow/.local/lib/python3.8/site-packages/airflow/example_dags/example_complex.py
[2023-12-18T21:03:42.976+0000] {logging_mixin.py:154} INFO - [2023-12-18T21:03:42.976+0000] {dag.py:2941} INFO - Sync 1 DAGs
[2023-12-18T21:03:43.000+0000] {logging_mixin.py:154} INFO - [2023-12-18T21:03:42.999+0000] {dag.py:3722} INFO - Setting next_dagrun for example_complex to None, run_after=None
[2023-12-18T21:03:43.059+0000] {processor.py:179} INFO - Processing /home/airflow/.local/lib/python3.8/site-packages/airflow/example_dags/example_complex.py took 0.173 seconds
[2023-12-18T21:04:13.099+0000] {processor.py:157} INFO - Started process (PID=850) to work on /home/airflow/.local/lib/python3.8/site-packages/airflow/example_dags/example_complex.py
[2023-12-18T21:04:13.100+0000] {processor.py:829} INFO - Processing file /home/airflow/.local/lib/python3.8/site-packages/airflow/example_dags/example_complex.py for tasks to queue
[2023-12-18T21:04:13.102+0000] {logging_mixin.py:154} INFO - [2023-12-18T21:04:13.102+0000] {dagbag.py:536} INFO - Filling up the DagBag from /home/airflow/.local/lib/python3.8/site-packages/airflow/example_dags/example_complex.py
[2023-12-18T21:04:13.111+0000] {processor.py:839} INFO - DAG(s) dict_keys(['example_complex']) retrieved from /home/airflow/.local/lib/python3.8/site-packages/airflow/example_dags/example_complex.py
[2023-12-18T21:04:13.135+0000] {logging_mixin.py:154} INFO - [2023-12-18T21:04:13.135+0000] {dag.py:2941} INFO - Sync 1 DAGs
[2023-12-18T21:04:13.145+0000] {logging_mixin.py:154} INFO - [2023-12-18T21:04:13.145+0000] {dag.py:3722} INFO - Setting next_dagrun for example_complex to None, run_after=None
[2023-12-18T21:04:13.161+0000] {processor.py:179} INFO - Processing /home/airflow/.local/lib/python3.8/site-packages/airflow/example_dags/example_complex.py took 0.065 seconds
[2023-12-18T21:04:43.388+0000] {processor.py:157} INFO - Started process (PID=904) to work on /home/airflow/.local/lib/python3.8/site-packages/airflow/example_dags/example_complex.py
[2023-12-18T21:04:43.388+0000] {processor.py:829} INFO - Processing file /home/airflow/.local/lib/python3.8/site-packages/airflow/example_dags/example_complex.py for tasks to queue
[2023-12-18T21:04:43.390+0000] {logging_mixin.py:154} INFO - [2023-12-18T21:04:43.390+0000] {dagbag.py:536} INFO - Filling up the DagBag from /home/airflow/.local/lib/python3.8/site-packages/airflow/example_dags/example_complex.py
[2023-12-18T21:04:43.398+0000] {processor.py:839} INFO - DAG(s) dict_keys(['example_complex']) retrieved from /home/airflow/.local/lib/python3.8/site-packages/airflow/example_dags/example_complex.py
[2023-12-18T21:04:43.421+0000] {logging_mixin.py:154} INFO - [2023-12-18T21:04:43.421+0000] {dag.py:2941} INFO - Sync 1 DAGs
[2023-12-18T21:04:43.431+0000] {logging_mixin.py:154} INFO - [2023-12-18T21:04:43.431+0000] {dag.py:3722} INFO - Setting next_dagrun for example_complex to None, run_after=None
[2023-12-18T21:04:43.446+0000] {processor.py:179} INFO - Processing /home/airflow/.local/lib/python3.8/site-packages/airflow/example_dags/example_complex.py took 0.061 seconds
[2023-12-18T21:05:13.774+0000] {processor.py:157} INFO - Started process (PID=958) to work on /home/airflow/.local/lib/python3.8/site-packages/airflow/example_dags/example_complex.py
[2023-12-18T21:05:13.775+0000] {processor.py:829} INFO - Processing file /home/airflow/.local/lib/python3.8/site-packages/airflow/example_dags/example_complex.py for tasks to queue
[2023-12-18T21:05:13.777+0000] {logging_mixin.py:154} INFO - [2023-12-18T21:05:13.776+0000] {dagbag.py:536} INFO - Filling up the DagBag from /home/airflow/.local/lib/python3.8/site-packages/airflow/example_dags/example_complex.py
[2023-12-18T21:05:13.785+0000] {processor.py:839} INFO - DAG(s) dict_keys(['example_complex']) retrieved from /home/airflow/.local/lib/python3.8/site-packages/airflow/example_dags/example_complex.py
[2023-12-18T21:05:13.809+0000] {logging_mixin.py:154} INFO - [2023-12-18T21:05:13.808+0000] {dag.py:2941} INFO - Sync 1 DAGs
[2023-12-18T21:05:13.819+0000] {logging_mixin.py:154} INFO - [2023-12-18T21:05:13.819+0000] {dag.py:3722} INFO - Setting next_dagrun for example_complex to None, run_after=None
[2023-12-18T21:05:13.833+0000] {processor.py:179} INFO - Processing /home/airflow/.local/lib/python3.8/site-packages/airflow/example_dags/example_complex.py took 0.061 seconds
[2023-12-18T21:05:44.086+0000] {processor.py:157} INFO - Started process (PID=1012) to work on /home/airflow/.local/lib/python3.8/site-packages/airflow/example_dags/example_complex.py
[2023-12-18T21:05:44.086+0000] {processor.py:829} INFO - Processing file /home/airflow/.local/lib/python3.8/site-packages/airflow/example_dags/example_complex.py for tasks to queue
[2023-12-18T21:05:44.088+0000] {logging_mixin.py:154} INFO - [2023-12-18T21:05:44.088+0000] {dagbag.py:536} INFO - Filling up the DagBag from /home/airflow/.local/lib/python3.8/site-packages/airflow/example_dags/example_complex.py
[2023-12-18T21:05:44.097+0000] {processor.py:839} INFO - DAG(s) dict_keys(['example_complex']) retrieved from /home/airflow/.local/lib/python3.8/site-packages/airflow/example_dags/example_complex.py
[2023-12-18T21:05:44.122+0000] {logging_mixin.py:154} INFO - [2023-12-18T21:05:44.122+0000] {dag.py:2941} INFO - Sync 1 DAGs
[2023-12-18T21:05:44.132+0000] {logging_mixin.py:154} INFO - [2023-12-18T21:05:44.132+0000] {dag.py:3722} INFO - Setting next_dagrun for example_complex to None, run_after=None
[2023-12-18T21:05:44.147+0000] {processor.py:179} INFO - Processing /home/airflow/.local/lib/python3.8/site-packages/airflow/example_dags/example_complex.py took 0.064 seconds
[2023-12-18T21:06:14.356+0000] {processor.py:157} INFO - Started process (PID=1073) to work on /home/airflow/.local/lib/python3.8/site-packages/airflow/example_dags/example_complex.py
[2023-12-18T21:06:14.356+0000] {processor.py:829} INFO - Processing file /home/airflow/.local/lib/python3.8/site-packages/airflow/example_dags/example_complex.py for tasks to queue
[2023-12-18T21:06:14.358+0000] {logging_mixin.py:154} INFO - [2023-12-18T21:06:14.358+0000] {dagbag.py:536} INFO - Filling up the DagBag from /home/airflow/.local/lib/python3.8/site-packages/airflow/example_dags/example_complex.py
[2023-12-18T21:06:14.366+0000] {processor.py:839} INFO - DAG(s) dict_keys(['example_complex']) retrieved from /home/airflow/.local/lib/python3.8/site-packages/airflow/example_dags/example_complex.py
[2023-12-18T21:06:14.389+0000] {logging_mixin.py:154} INFO - [2023-12-18T21:06:14.389+0000] {dag.py:2941} INFO - Sync 1 DAGs
[2023-12-18T21:06:14.399+0000] {logging_mixin.py:154} INFO - [2023-12-18T21:06:14.399+0000] {dag.py:3722} INFO - Setting next_dagrun for example_complex to None, run_after=None
[2023-12-18T21:06:14.424+0000] {processor.py:179} INFO - Processing /home/airflow/.local/lib/python3.8/site-packages/airflow/example_dags/example_complex.py took 0.071 seconds
[2023-12-18T21:06:44.517+0000] {processor.py:157} INFO - Started process (PID=1127) to work on /home/airflow/.local/lib/python3.8/site-packages/airflow/example_dags/example_complex.py
[2023-12-18T21:06:44.518+0000] {processor.py:829} INFO - Processing file /home/airflow/.local/lib/python3.8/site-packages/airflow/example_dags/example_complex.py for tasks to queue
[2023-12-18T21:06:44.519+0000] {logging_mixin.py:154} INFO - [2023-12-18T21:06:44.519+0000] {dagbag.py:536} INFO - Filling up the DagBag from /home/airflow/.local/lib/python3.8/site-packages/airflow/example_dags/example_complex.py
[2023-12-18T21:06:44.527+0000] {processor.py:839} INFO - DAG(s) dict_keys(['example_complex']) retrieved from /home/airflow/.local/lib/python3.8/site-packages/airflow/example_dags/example_complex.py
[2023-12-18T21:06:44.551+0000] {logging_mixin.py:154} INFO - [2023-12-18T21:06:44.551+0000] {dag.py:2941} INFO - Sync 1 DAGs
[2023-12-18T21:06:44.561+0000] {logging_mixin.py:154} INFO - [2023-12-18T21:06:44.561+0000] {dag.py:3722} INFO - Setting next_dagrun for example_complex to None, run_after=None
[2023-12-18T21:06:44.587+0000] {processor.py:179} INFO - Processing /home/airflow/.local/lib/python3.8/site-packages/airflow/example_dags/example_complex.py took 0.072 seconds
[2023-12-18T21:07:14.634+0000] {processor.py:157} INFO - Started process (PID=1181) to work on /home/airflow/.local/lib/python3.8/site-packages/airflow/example_dags/example_complex.py
[2023-12-18T21:07:14.635+0000] {processor.py:829} INFO - Processing file /home/airflow/.local/lib/python3.8/site-packages/airflow/example_dags/example_complex.py for tasks to queue
[2023-12-18T21:07:14.637+0000] {logging_mixin.py:154} INFO - [2023-12-18T21:07:14.636+0000] {dagbag.py:536} INFO - Filling up the DagBag from /home/airflow/.local/lib/python3.8/site-packages/airflow/example_dags/example_complex.py
[2023-12-18T21:07:14.645+0000] {processor.py:839} INFO - DAG(s) dict_keys(['example_complex']) retrieved from /home/airflow/.local/lib/python3.8/site-packages/airflow/example_dags/example_complex.py
[2023-12-18T21:07:14.670+0000] {logging_mixin.py:154} INFO - [2023-12-18T21:07:14.669+0000] {dag.py:2941} INFO - Sync 1 DAGs
[2023-12-18T21:07:14.680+0000] {logging_mixin.py:154} INFO - [2023-12-18T21:07:14.679+0000] {dag.py:3722} INFO - Setting next_dagrun for example_complex to None, run_after=None
[2023-12-18T21:07:14.706+0000] {processor.py:179} INFO - Processing /home/airflow/.local/lib/python3.8/site-packages/airflow/example_dags/example_complex.py took 0.074 seconds
[2023-12-18T21:07:44.862+0000] {processor.py:157} INFO - Started process (PID=1235) to work on /home/airflow/.local/lib/python3.8/site-packages/airflow/example_dags/example_complex.py
[2023-12-18T21:07:44.863+0000] {processor.py:829} INFO - Processing file /home/airflow/.local/lib/python3.8/site-packages/airflow/example_dags/example_complex.py for tasks to queue
[2023-12-18T21:07:44.864+0000] {logging_mixin.py:154} INFO - [2023-12-18T21:07:44.864+0000] {dagbag.py:536} INFO - Filling up the DagBag from /home/airflow/.local/lib/python3.8/site-packages/airflow/example_dags/example_complex.py
[2023-12-18T21:07:44.873+0000] {processor.py:839} INFO - DAG(s) dict_keys(['example_complex']) retrieved from /home/airflow/.local/lib/python3.8/site-packages/airflow/example_dags/example_complex.py
[2023-12-18T21:07:44.898+0000] {logging_mixin.py:154} INFO - [2023-12-18T21:07:44.898+0000] {dag.py:2941} INFO - Sync 1 DAGs
[2023-12-18T21:07:44.908+0000] {logging_mixin.py:154} INFO - [2023-12-18T21:07:44.908+0000] {dag.py:3722} INFO - Setting next_dagrun for example_complex to None, run_after=None
[2023-12-18T21:07:44.923+0000] {processor.py:179} INFO - Processing /home/airflow/.local/lib/python3.8/site-packages/airflow/example_dags/example_complex.py took 0.063 seconds
[2023-12-18T21:11:26.778+0000] {processor.py:157} INFO - Started process (PID=1281) to work on /home/airflow/.local/lib/python3.8/site-packages/airflow/example_dags/example_complex.py
[2023-12-18T21:11:26.778+0000] {processor.py:829} INFO - Processing file /home/airflow/.local/lib/python3.8/site-packages/airflow/example_dags/example_complex.py for tasks to queue
[2023-12-18T21:11:26.780+0000] {logging_mixin.py:154} INFO - [2023-12-18T21:11:26.780+0000] {dagbag.py:536} INFO - Filling up the DagBag from /home/airflow/.local/lib/python3.8/site-packages/airflow/example_dags/example_complex.py
[2023-12-18T21:11:26.790+0000] {processor.py:839} INFO - DAG(s) dict_keys(['example_complex']) retrieved from /home/airflow/.local/lib/python3.8/site-packages/airflow/example_dags/example_complex.py
[2023-12-18T21:11:26.834+0000] {logging_mixin.py:154} INFO - [2023-12-18T21:11:26.834+0000] {dag.py:2941} INFO - Sync 1 DAGs
[2023-12-18T21:11:26.860+0000] {logging_mixin.py:154} INFO - [2023-12-18T21:11:26.859+0000] {dag.py:3722} INFO - Setting next_dagrun for example_complex to None, run_after=None
[2023-12-18T21:11:26.901+0000] {processor.py:179} INFO - Processing /home/airflow/.local/lib/python3.8/site-packages/airflow/example_dags/example_complex.py took 0.126 seconds
[2023-12-18T21:11:57.239+0000] {processor.py:157} INFO - Started process (PID=1334) to work on /home/airflow/.local/lib/python3.8/site-packages/airflow/example_dags/example_complex.py
[2023-12-18T21:11:57.240+0000] {processor.py:829} INFO - Processing file /home/airflow/.local/lib/python3.8/site-packages/airflow/example_dags/example_complex.py for tasks to queue
[2023-12-18T21:11:57.241+0000] {logging_mixin.py:154} INFO - [2023-12-18T21:11:57.241+0000] {dagbag.py:536} INFO - Filling up the DagBag from /home/airflow/.local/lib/python3.8/site-packages/airflow/example_dags/example_complex.py
[2023-12-18T21:11:57.251+0000] {processor.py:839} INFO - DAG(s) dict_keys(['example_complex']) retrieved from /home/airflow/.local/lib/python3.8/site-packages/airflow/example_dags/example_complex.py
[2023-12-18T21:11:57.292+0000] {logging_mixin.py:154} INFO - [2023-12-18T21:11:57.291+0000] {dag.py:2941} INFO - Sync 1 DAGs
[2023-12-18T21:11:57.305+0000] {logging_mixin.py:154} INFO - [2023-12-18T21:11:57.305+0000] {dag.py:3722} INFO - Setting next_dagrun for example_complex to None, run_after=None
[2023-12-18T21:11:57.321+0000] {processor.py:179} INFO - Processing /home/airflow/.local/lib/python3.8/site-packages/airflow/example_dags/example_complex.py took 0.085 seconds
[2023-12-18T21:12:27.556+0000] {processor.py:157} INFO - Started process (PID=1388) to work on /home/airflow/.local/lib/python3.8/site-packages/airflow/example_dags/example_complex.py
[2023-12-18T21:12:27.557+0000] {processor.py:829} INFO - Processing file /home/airflow/.local/lib/python3.8/site-packages/airflow/example_dags/example_complex.py for tasks to queue
[2023-12-18T21:12:27.559+0000] {logging_mixin.py:154} INFO - [2023-12-18T21:12:27.558+0000] {dagbag.py:536} INFO - Filling up the DagBag from /home/airflow/.local/lib/python3.8/site-packages/airflow/example_dags/example_complex.py
[2023-12-18T21:12:27.569+0000] {processor.py:839} INFO - DAG(s) dict_keys(['example_complex']) retrieved from /home/airflow/.local/lib/python3.8/site-packages/airflow/example_dags/example_complex.py
[2023-12-18T21:12:27.593+0000] {logging_mixin.py:154} INFO - [2023-12-18T21:12:27.593+0000] {dag.py:2941} INFO - Sync 1 DAGs
[2023-12-18T21:12:27.604+0000] {logging_mixin.py:154} INFO - [2023-12-18T21:12:27.603+0000] {dag.py:3722} INFO - Setting next_dagrun for example_complex to None, run_after=None
[2023-12-18T21:12:27.620+0000] {processor.py:179} INFO - Processing /home/airflow/.local/lib/python3.8/site-packages/airflow/example_dags/example_complex.py took 0.066 seconds
[2023-12-18T21:12:57.867+0000] {processor.py:157} INFO - Started process (PID=1442) to work on /home/airflow/.local/lib/python3.8/site-packages/airflow/example_dags/example_complex.py
[2023-12-18T21:12:57.868+0000] {processor.py:829} INFO - Processing file /home/airflow/.local/lib/python3.8/site-packages/airflow/example_dags/example_complex.py for tasks to queue
[2023-12-18T21:12:57.869+0000] {logging_mixin.py:154} INFO - [2023-12-18T21:12:57.869+0000] {dagbag.py:536} INFO - Filling up the DagBag from /home/airflow/.local/lib/python3.8/site-packages/airflow/example_dags/example_complex.py
[2023-12-18T21:12:57.878+0000] {processor.py:839} INFO - DAG(s) dict_keys(['example_complex']) retrieved from /home/airflow/.local/lib/python3.8/site-packages/airflow/example_dags/example_complex.py
[2023-12-18T21:12:57.904+0000] {logging_mixin.py:154} INFO - [2023-12-18T21:12:57.903+0000] {dag.py:2941} INFO - Sync 1 DAGs
[2023-12-18T21:12:57.914+0000] {logging_mixin.py:154} INFO - [2023-12-18T21:12:57.914+0000] {dag.py:3722} INFO - Setting next_dagrun for example_complex to None, run_after=None
[2023-12-18T21:12:57.928+0000] {processor.py:179} INFO - Processing /home/airflow/.local/lib/python3.8/site-packages/airflow/example_dags/example_complex.py took 0.063 seconds
[2023-12-18T21:13:28.239+0000] {processor.py:157} INFO - Started process (PID=1496) to work on /home/airflow/.local/lib/python3.8/site-packages/airflow/example_dags/example_complex.py
[2023-12-18T21:13:28.240+0000] {processor.py:829} INFO - Processing file /home/airflow/.local/lib/python3.8/site-packages/airflow/example_dags/example_complex.py for tasks to queue
[2023-12-18T21:13:28.242+0000] {logging_mixin.py:154} INFO - [2023-12-18T21:13:28.241+0000] {dagbag.py:536} INFO - Filling up the DagBag from /home/airflow/.local/lib/python3.8/site-packages/airflow/example_dags/example_complex.py
[2023-12-18T21:13:28.250+0000] {processor.py:839} INFO - DAG(s) dict_keys(['example_complex']) retrieved from /home/airflow/.local/lib/python3.8/site-packages/airflow/example_dags/example_complex.py
[2023-12-18T21:13:28.275+0000] {logging_mixin.py:154} INFO - [2023-12-18T21:13:28.275+0000] {dag.py:2941} INFO - Sync 1 DAGs
[2023-12-18T21:13:28.286+0000] {logging_mixin.py:154} INFO - [2023-12-18T21:13:28.285+0000] {dag.py:3722} INFO - Setting next_dagrun for example_complex to None, run_after=None
[2023-12-18T21:13:28.299+0000] {processor.py:179} INFO - Processing /home/airflow/.local/lib/python3.8/site-packages/airflow/example_dags/example_complex.py took 0.062 seconds
[2023-12-18T21:13:58.611+0000] {processor.py:157} INFO - Started process (PID=1550) to work on /home/airflow/.local/lib/python3.8/site-packages/airflow/example_dags/example_complex.py
[2023-12-18T21:13:58.612+0000] {processor.py:829} INFO - Processing file /home/airflow/.local/lib/python3.8/site-packages/airflow/example_dags/example_complex.py for tasks to queue
[2023-12-18T21:13:58.613+0000] {logging_mixin.py:154} INFO - [2023-12-18T21:13:58.613+0000] {dagbag.py:536} INFO - Filling up the DagBag from /home/airflow/.local/lib/python3.8/site-packages/airflow/example_dags/example_complex.py
[2023-12-18T21:13:58.622+0000] {processor.py:839} INFO - DAG(s) dict_keys(['example_complex']) retrieved from /home/airflow/.local/lib/python3.8/site-packages/airflow/example_dags/example_complex.py
[2023-12-18T21:13:58.646+0000] {logging_mixin.py:154} INFO - [2023-12-18T21:13:58.646+0000] {dag.py:2941} INFO - Sync 1 DAGs
[2023-12-18T21:13:58.656+0000] {logging_mixin.py:154} INFO - [2023-12-18T21:13:58.655+0000] {dag.py:3722} INFO - Setting next_dagrun for example_complex to None, run_after=None
[2023-12-18T21:13:58.670+0000] {processor.py:179} INFO - Processing /home/airflow/.local/lib/python3.8/site-packages/airflow/example_dags/example_complex.py took 0.062 seconds
[2023-12-18T21:14:29.102+0000] {processor.py:157} INFO - Started process (PID=1604) to work on /home/airflow/.local/lib/python3.8/site-packages/airflow/example_dags/example_complex.py
[2023-12-18T21:14:29.102+0000] {processor.py:829} INFO - Processing file /home/airflow/.local/lib/python3.8/site-packages/airflow/example_dags/example_complex.py for tasks to queue
[2023-12-18T21:14:29.104+0000] {logging_mixin.py:154} INFO - [2023-12-18T21:14:29.104+0000] {dagbag.py:536} INFO - Filling up the DagBag from /home/airflow/.local/lib/python3.8/site-packages/airflow/example_dags/example_complex.py
[2023-12-18T21:14:29.116+0000] {processor.py:839} INFO - DAG(s) dict_keys(['example_complex']) retrieved from /home/airflow/.local/lib/python3.8/site-packages/airflow/example_dags/example_complex.py
[2023-12-18T21:14:29.141+0000] {logging_mixin.py:154} INFO - [2023-12-18T21:14:29.141+0000] {dag.py:2941} INFO - Sync 1 DAGs
[2023-12-18T21:14:29.153+0000] {logging_mixin.py:154} INFO - [2023-12-18T21:14:29.153+0000] {dag.py:3722} INFO - Setting next_dagrun for example_complex to None, run_after=None
[2023-12-18T21:14:29.170+0000] {processor.py:179} INFO - Processing /home/airflow/.local/lib/python3.8/site-packages/airflow/example_dags/example_complex.py took 0.072 seconds
[2023-12-18T21:14:59.367+0000] {processor.py:157} INFO - Started process (PID=1658) to work on /home/airflow/.local/lib/python3.8/site-packages/airflow/example_dags/example_complex.py
[2023-12-18T21:14:59.368+0000] {processor.py:829} INFO - Processing file /home/airflow/.local/lib/python3.8/site-packages/airflow/example_dags/example_complex.py for tasks to queue
[2023-12-18T21:14:59.370+0000] {logging_mixin.py:154} INFO - [2023-12-18T21:14:59.369+0000] {dagbag.py:536} INFO - Filling up the DagBag from /home/airflow/.local/lib/python3.8/site-packages/airflow/example_dags/example_complex.py
[2023-12-18T21:14:59.379+0000] {processor.py:839} INFO - DAG(s) dict_keys(['example_complex']) retrieved from /home/airflow/.local/lib/python3.8/site-packages/airflow/example_dags/example_complex.py
[2023-12-18T21:14:59.405+0000] {logging_mixin.py:154} INFO - [2023-12-18T21:14:59.405+0000] {dag.py:2941} INFO - Sync 1 DAGs
[2023-12-18T21:14:59.417+0000] {logging_mixin.py:154} INFO - [2023-12-18T21:14:59.416+0000] {dag.py:3722} INFO - Setting next_dagrun for example_complex to None, run_after=None
[2023-12-18T21:14:59.435+0000] {processor.py:179} INFO - Processing /home/airflow/.local/lib/python3.8/site-packages/airflow/example_dags/example_complex.py took 0.070 seconds
[2023-12-18T21:15:29.968+0000] {processor.py:157} INFO - Started process (PID=1712) to work on /home/airflow/.local/lib/python3.8/site-packages/airflow/example_dags/example_complex.py
[2023-12-18T21:15:29.968+0000] {processor.py:829} INFO - Processing file /home/airflow/.local/lib/python3.8/site-packages/airflow/example_dags/example_complex.py for tasks to queue
[2023-12-18T21:15:29.970+0000] {logging_mixin.py:154} INFO - [2023-12-18T21:15:29.970+0000] {dagbag.py:536} INFO - Filling up the DagBag from /home/airflow/.local/lib/python3.8/site-packages/airflow/example_dags/example_complex.py
[2023-12-18T21:15:29.979+0000] {processor.py:839} INFO - DAG(s) dict_keys(['example_complex']) retrieved from /home/airflow/.local/lib/python3.8/site-packages/airflow/example_dags/example_complex.py
[2023-12-18T21:15:30.003+0000] {logging_mixin.py:154} INFO - [2023-12-18T21:15:30.003+0000] {dag.py:2941} INFO - Sync 1 DAGs
[2023-12-18T21:15:30.013+0000] {logging_mixin.py:154} INFO - [2023-12-18T21:15:30.013+0000] {dag.py:3722} INFO - Setting next_dagrun for example_complex to None, run_after=None
[2023-12-18T21:15:30.029+0000] {processor.py:179} INFO - Processing /home/airflow/.local/lib/python3.8/site-packages/airflow/example_dags/example_complex.py took 0.063 seconds
[2023-12-18T21:16:00.408+0000] {processor.py:157} INFO - Started process (PID=1766) to work on /home/airflow/.local/lib/python3.8/site-packages/airflow/example_dags/example_complex.py
[2023-12-18T21:16:00.409+0000] {processor.py:829} INFO - Processing file /home/airflow/.local/lib/python3.8/site-packages/airflow/example_dags/example_complex.py for tasks to queue
[2023-12-18T21:16:00.411+0000] {logging_mixin.py:154} INFO - [2023-12-18T21:16:00.411+0000] {dagbag.py:536} INFO - Filling up the DagBag from /home/airflow/.local/lib/python3.8/site-packages/airflow/example_dags/example_complex.py
[2023-12-18T21:16:00.419+0000] {processor.py:839} INFO - DAG(s) dict_keys(['example_complex']) retrieved from /home/airflow/.local/lib/python3.8/site-packages/airflow/example_dags/example_complex.py
[2023-12-18T21:16:00.443+0000] {logging_mixin.py:154} INFO - [2023-12-18T21:16:00.443+0000] {dag.py:2941} INFO - Sync 1 DAGs
[2023-12-18T21:16:00.453+0000] {logging_mixin.py:154} INFO - [2023-12-18T21:16:00.453+0000] {dag.py:3722} INFO - Setting next_dagrun for example_complex to None, run_after=None
[2023-12-18T21:16:00.467+0000] {processor.py:179} INFO - Processing /home/airflow/.local/lib/python3.8/site-packages/airflow/example_dags/example_complex.py took 0.061 seconds
[2023-12-18T21:16:30.731+0000] {processor.py:157} INFO - Started process (PID=1820) to work on /home/airflow/.local/lib/python3.8/site-packages/airflow/example_dags/example_complex.py
[2023-12-18T21:16:30.732+0000] {processor.py:829} INFO - Processing file /home/airflow/.local/lib/python3.8/site-packages/airflow/example_dags/example_complex.py for tasks to queue
[2023-12-18T21:16:30.734+0000] {logging_mixin.py:154} INFO - [2023-12-18T21:16:30.733+0000] {dagbag.py:536} INFO - Filling up the DagBag from /home/airflow/.local/lib/python3.8/site-packages/airflow/example_dags/example_complex.py
[2023-12-18T21:16:30.743+0000] {processor.py:839} INFO - DAG(s) dict_keys(['example_complex']) retrieved from /home/airflow/.local/lib/python3.8/site-packages/airflow/example_dags/example_complex.py
[2023-12-18T21:16:30.769+0000] {logging_mixin.py:154} INFO - [2023-12-18T21:16:30.768+0000] {dag.py:2941} INFO - Sync 1 DAGs
[2023-12-18T21:16:30.779+0000] {logging_mixin.py:154} INFO - [2023-12-18T21:16:30.779+0000] {dag.py:3722} INFO - Setting next_dagrun for example_complex to None, run_after=None
[2023-12-18T21:16:30.795+0000] {processor.py:179} INFO - Processing /home/airflow/.local/lib/python3.8/site-packages/airflow/example_dags/example_complex.py took 0.067 seconds
[2023-12-18T21:17:00.853+0000] {processor.py:157} INFO - Started process (PID=1873) to work on /home/airflow/.local/lib/python3.8/site-packages/airflow/example_dags/example_complex.py
[2023-12-18T21:17:00.854+0000] {processor.py:829} INFO - Processing file /home/airflow/.local/lib/python3.8/site-packages/airflow/example_dags/example_complex.py for tasks to queue
[2023-12-18T21:17:00.855+0000] {logging_mixin.py:154} INFO - [2023-12-18T21:17:00.855+0000] {dagbag.py:536} INFO - Filling up the DagBag from /home/airflow/.local/lib/python3.8/site-packages/airflow/example_dags/example_complex.py
[2023-12-18T21:17:00.863+0000] {processor.py:839} INFO - DAG(s) dict_keys(['example_complex']) retrieved from /home/airflow/.local/lib/python3.8/site-packages/airflow/example_dags/example_complex.py
[2023-12-18T21:17:00.888+0000] {logging_mixin.py:154} INFO - [2023-12-18T21:17:00.888+0000] {dag.py:2941} INFO - Sync 1 DAGs
[2023-12-18T21:17:00.897+0000] {logging_mixin.py:154} INFO - [2023-12-18T21:17:00.897+0000] {dag.py:3722} INFO - Setting next_dagrun for example_complex to None, run_after=None
[2023-12-18T21:17:00.913+0000] {processor.py:179} INFO - Processing /home/airflow/.local/lib/python3.8/site-packages/airflow/example_dags/example_complex.py took 0.063 seconds
[2023-12-18T21:17:30.952+0000] {processor.py:157} INFO - Started process (PID=1927) to work on /home/airflow/.local/lib/python3.8/site-packages/airflow/example_dags/example_complex.py
[2023-12-18T21:17:30.953+0000] {processor.py:829} INFO - Processing file /home/airflow/.local/lib/python3.8/site-packages/airflow/example_dags/example_complex.py for tasks to queue
[2023-12-18T21:17:30.955+0000] {logging_mixin.py:154} INFO - [2023-12-18T21:17:30.955+0000] {dagbag.py:536} INFO - Filling up the DagBag from /home/airflow/.local/lib/python3.8/site-packages/airflow/example_dags/example_complex.py
[2023-12-18T21:17:30.964+0000] {processor.py:839} INFO - DAG(s) dict_keys(['example_complex']) retrieved from /home/airflow/.local/lib/python3.8/site-packages/airflow/example_dags/example_complex.py
[2023-12-18T21:17:30.991+0000] {logging_mixin.py:154} INFO - [2023-12-18T21:17:30.991+0000] {dag.py:2941} INFO - Sync 1 DAGs
[2023-12-18T21:17:31.001+0000] {logging_mixin.py:154} INFO - [2023-12-18T21:17:31.001+0000] {dag.py:3722} INFO - Setting next_dagrun for example_complex to None, run_after=None
[2023-12-18T21:17:31.018+0000] {processor.py:179} INFO - Processing /home/airflow/.local/lib/python3.8/site-packages/airflow/example_dags/example_complex.py took 0.069 seconds
[2023-12-18T21:18:01.317+0000] {processor.py:157} INFO - Started process (PID=1982) to work on /home/airflow/.local/lib/python3.8/site-packages/airflow/example_dags/example_complex.py
[2023-12-18T21:18:01.317+0000] {processor.py:829} INFO - Processing file /home/airflow/.local/lib/python3.8/site-packages/airflow/example_dags/example_complex.py for tasks to queue
[2023-12-18T21:18:01.319+0000] {logging_mixin.py:154} INFO - [2023-12-18T21:18:01.319+0000] {dagbag.py:536} INFO - Filling up the DagBag from /home/airflow/.local/lib/python3.8/site-packages/airflow/example_dags/example_complex.py
[2023-12-18T21:18:01.328+0000] {processor.py:839} INFO - DAG(s) dict_keys(['example_complex']) retrieved from /home/airflow/.local/lib/python3.8/site-packages/airflow/example_dags/example_complex.py
[2023-12-18T21:18:01.354+0000] {logging_mixin.py:154} INFO - [2023-12-18T21:18:01.354+0000] {dag.py:2941} INFO - Sync 1 DAGs
[2023-12-18T21:18:01.364+0000] {logging_mixin.py:154} INFO - [2023-12-18T21:18:01.364+0000] {dag.py:3722} INFO - Setting next_dagrun for example_complex to None, run_after=None
[2023-12-18T21:18:01.380+0000] {processor.py:179} INFO - Processing /home/airflow/.local/lib/python3.8/site-packages/airflow/example_dags/example_complex.py took 0.066 seconds
[2023-12-18T21:18:31.685+0000] {processor.py:157} INFO - Started process (PID=2036) to work on /home/airflow/.local/lib/python3.8/site-packages/airflow/example_dags/example_complex.py
[2023-12-18T21:18:31.686+0000] {processor.py:829} INFO - Processing file /home/airflow/.local/lib/python3.8/site-packages/airflow/example_dags/example_complex.py for tasks to queue
[2023-12-18T21:18:31.688+0000] {logging_mixin.py:154} INFO - [2023-12-18T21:18:31.688+0000] {dagbag.py:536} INFO - Filling up the DagBag from /home/airflow/.local/lib/python3.8/site-packages/airflow/example_dags/example_complex.py
[2023-12-18T21:18:31.696+0000] {processor.py:839} INFO - DAG(s) dict_keys(['example_complex']) retrieved from /home/airflow/.local/lib/python3.8/site-packages/airflow/example_dags/example_complex.py
[2023-12-18T21:18:31.723+0000] {logging_mixin.py:154} INFO - [2023-12-18T21:18:31.723+0000] {dag.py:2941} INFO - Sync 1 DAGs
[2023-12-18T21:18:31.734+0000] {logging_mixin.py:154} INFO - [2023-12-18T21:18:31.734+0000] {dag.py:3722} INFO - Setting next_dagrun for example_complex to None, run_after=None
[2023-12-18T21:18:31.887+0000] {processor.py:179} INFO - Processing /home/airflow/.local/lib/python3.8/site-packages/airflow/example_dags/example_complex.py took 0.205 seconds
[2023-12-18T21:19:02.794+0000] {processor.py:157} INFO - Started process (PID=2090) to work on /home/airflow/.local/lib/python3.8/site-packages/airflow/example_dags/example_complex.py
[2023-12-18T21:19:02.794+0000] {processor.py:829} INFO - Processing file /home/airflow/.local/lib/python3.8/site-packages/airflow/example_dags/example_complex.py for tasks to queue
[2023-12-18T21:19:02.796+0000] {logging_mixin.py:154} INFO - [2023-12-18T21:19:02.796+0000] {dagbag.py:536} INFO - Filling up the DagBag from /home/airflow/.local/lib/python3.8/site-packages/airflow/example_dags/example_complex.py
[2023-12-18T21:19:02.805+0000] {processor.py:839} INFO - DAG(s) dict_keys(['example_complex']) retrieved from /home/airflow/.local/lib/python3.8/site-packages/airflow/example_dags/example_complex.py
[2023-12-18T21:19:02.829+0000] {logging_mixin.py:154} INFO - [2023-12-18T21:19:02.829+0000] {dag.py:2941} INFO - Sync 1 DAGs
[2023-12-18T21:19:02.840+0000] {logging_mixin.py:154} INFO - [2023-12-18T21:19:02.840+0000] {dag.py:3722} INFO - Setting next_dagrun for example_complex to None, run_after=None
[2023-12-18T21:19:02.856+0000] {processor.py:179} INFO - Processing /home/airflow/.local/lib/python3.8/site-packages/airflow/example_dags/example_complex.py took 0.066 seconds
[2023-12-18T21:19:33.260+0000] {processor.py:157} INFO - Started process (PID=2144) to work on /home/airflow/.local/lib/python3.8/site-packages/airflow/example_dags/example_complex.py
[2023-12-18T21:19:33.261+0000] {processor.py:829} INFO - Processing file /home/airflow/.local/lib/python3.8/site-packages/airflow/example_dags/example_complex.py for tasks to queue
[2023-12-18T21:19:33.263+0000] {logging_mixin.py:154} INFO - [2023-12-18T21:19:33.263+0000] {dagbag.py:536} INFO - Filling up the DagBag from /home/airflow/.local/lib/python3.8/site-packages/airflow/example_dags/example_complex.py
[2023-12-18T21:19:33.273+0000] {processor.py:839} INFO - DAG(s) dict_keys(['example_complex']) retrieved from /home/airflow/.local/lib/python3.8/site-packages/airflow/example_dags/example_complex.py
[2023-12-18T21:19:33.300+0000] {logging_mixin.py:154} INFO - [2023-12-18T21:19:33.300+0000] {dag.py:2941} INFO - Sync 1 DAGs
[2023-12-18T21:19:33.311+0000] {logging_mixin.py:154} INFO - [2023-12-18T21:19:33.311+0000] {dag.py:3722} INFO - Setting next_dagrun for example_complex to None, run_after=None
[2023-12-18T21:19:33.339+0000] {processor.py:179} INFO - Processing /home/airflow/.local/lib/python3.8/site-packages/airflow/example_dags/example_complex.py took 0.082 seconds
[2023-12-18T21:20:03.805+0000] {processor.py:157} INFO - Started process (PID=2198) to work on /home/airflow/.local/lib/python3.8/site-packages/airflow/example_dags/example_complex.py
[2023-12-18T21:20:03.806+0000] {processor.py:829} INFO - Processing file /home/airflow/.local/lib/python3.8/site-packages/airflow/example_dags/example_complex.py for tasks to queue
[2023-12-18T21:20:03.808+0000] {logging_mixin.py:154} INFO - [2023-12-18T21:20:03.807+0000] {dagbag.py:536} INFO - Filling up the DagBag from /home/airflow/.local/lib/python3.8/site-packages/airflow/example_dags/example_complex.py
[2023-12-18T21:20:03.817+0000] {processor.py:839} INFO - DAG(s) dict_keys(['example_complex']) retrieved from /home/airflow/.local/lib/python3.8/site-packages/airflow/example_dags/example_complex.py
[2023-12-18T21:20:03.846+0000] {logging_mixin.py:154} INFO - [2023-12-18T21:20:03.846+0000] {dag.py:2941} INFO - Sync 1 DAGs
[2023-12-18T21:20:03.861+0000] {logging_mixin.py:154} INFO - [2023-12-18T21:20:03.861+0000] {dag.py:3722} INFO - Setting next_dagrun for example_complex to None, run_after=None
[2023-12-18T21:20:03.898+0000] {processor.py:179} INFO - Processing /home/airflow/.local/lib/python3.8/site-packages/airflow/example_dags/example_complex.py took 0.096 seconds
[2023-12-18T21:20:34.374+0000] {processor.py:157} INFO - Started process (PID=2252) to work on /home/airflow/.local/lib/python3.8/site-packages/airflow/example_dags/example_complex.py
[2023-12-18T21:20:34.375+0000] {processor.py:829} INFO - Processing file /home/airflow/.local/lib/python3.8/site-packages/airflow/example_dags/example_complex.py for tasks to queue
[2023-12-18T21:20:34.376+0000] {logging_mixin.py:154} INFO - [2023-12-18T21:20:34.376+0000] {dagbag.py:536} INFO - Filling up the DagBag from /home/airflow/.local/lib/python3.8/site-packages/airflow/example_dags/example_complex.py
[2023-12-18T21:20:34.385+0000] {processor.py:839} INFO - DAG(s) dict_keys(['example_complex']) retrieved from /home/airflow/.local/lib/python3.8/site-packages/airflow/example_dags/example_complex.py
[2023-12-18T21:20:34.413+0000] {logging_mixin.py:154} INFO - [2023-12-18T21:20:34.413+0000] {dag.py:2941} INFO - Sync 1 DAGs
[2023-12-18T21:20:34.423+0000] {logging_mixin.py:154} INFO - [2023-12-18T21:20:34.423+0000] {dag.py:3722} INFO - Setting next_dagrun for example_complex to None, run_after=None
[2023-12-18T21:20:34.587+0000] {processor.py:179} INFO - Processing /home/airflow/.local/lib/python3.8/site-packages/airflow/example_dags/example_complex.py took 0.215 seconds
[2023-12-18T21:21:05.440+0000] {processor.py:157} INFO - Started process (PID=2306) to work on /home/airflow/.local/lib/python3.8/site-packages/airflow/example_dags/example_complex.py
[2023-12-18T21:21:05.441+0000] {processor.py:829} INFO - Processing file /home/airflow/.local/lib/python3.8/site-packages/airflow/example_dags/example_complex.py for tasks to queue
[2023-12-18T21:21:05.443+0000] {logging_mixin.py:154} INFO - [2023-12-18T21:21:05.443+0000] {dagbag.py:536} INFO - Filling up the DagBag from /home/airflow/.local/lib/python3.8/site-packages/airflow/example_dags/example_complex.py
[2023-12-18T21:21:05.451+0000] {processor.py:839} INFO - DAG(s) dict_keys(['example_complex']) retrieved from /home/airflow/.local/lib/python3.8/site-packages/airflow/example_dags/example_complex.py
[2023-12-18T21:21:05.481+0000] {logging_mixin.py:154} INFO - [2023-12-18T21:21:05.481+0000] {dag.py:2941} INFO - Sync 1 DAGs
[2023-12-18T21:21:05.494+0000] {logging_mixin.py:154} INFO - [2023-12-18T21:21:05.494+0000] {dag.py:3722} INFO - Setting next_dagrun for example_complex to None, run_after=None
[2023-12-18T21:21:05.511+0000] {processor.py:179} INFO - Processing /home/airflow/.local/lib/python3.8/site-packages/airflow/example_dags/example_complex.py took 0.074 seconds
[2023-12-18T21:21:36.136+0000] {processor.py:157} INFO - Started process (PID=2360) to work on /home/airflow/.local/lib/python3.8/site-packages/airflow/example_dags/example_complex.py
[2023-12-18T21:21:36.137+0000] {processor.py:829} INFO - Processing file /home/airflow/.local/lib/python3.8/site-packages/airflow/example_dags/example_complex.py for tasks to queue
[2023-12-18T21:21:36.139+0000] {logging_mixin.py:154} INFO - [2023-12-18T21:21:36.138+0000] {dagbag.py:536} INFO - Filling up the DagBag from /home/airflow/.local/lib/python3.8/site-packages/airflow/example_dags/example_complex.py
[2023-12-18T21:21:36.148+0000] {processor.py:839} INFO - DAG(s) dict_keys(['example_complex']) retrieved from /home/airflow/.local/lib/python3.8/site-packages/airflow/example_dags/example_complex.py
[2023-12-18T21:21:36.173+0000] {logging_mixin.py:154} INFO - [2023-12-18T21:21:36.173+0000] {dag.py:2941} INFO - Sync 1 DAGs
[2023-12-18T21:21:36.184+0000] {logging_mixin.py:154} INFO - [2023-12-18T21:21:36.184+0000] {dag.py:3722} INFO - Setting next_dagrun for example_complex to None, run_after=None
[2023-12-18T21:21:36.210+0000] {processor.py:179} INFO - Processing /home/airflow/.local/lib/python3.8/site-packages/airflow/example_dags/example_complex.py took 0.076 seconds
[2023-12-18T21:22:06.555+0000] {processor.py:157} INFO - Started process (PID=2414) to work on /home/airflow/.local/lib/python3.8/site-packages/airflow/example_dags/example_complex.py
[2023-12-18T21:22:06.556+0000] {processor.py:829} INFO - Processing file /home/airflow/.local/lib/python3.8/site-packages/airflow/example_dags/example_complex.py for tasks to queue
[2023-12-18T21:22:06.557+0000] {logging_mixin.py:154} INFO - [2023-12-18T21:22:06.557+0000] {dagbag.py:536} INFO - Filling up the DagBag from /home/airflow/.local/lib/python3.8/site-packages/airflow/example_dags/example_complex.py
[2023-12-18T21:22:06.566+0000] {processor.py:839} INFO - DAG(s) dict_keys(['example_complex']) retrieved from /home/airflow/.local/lib/python3.8/site-packages/airflow/example_dags/example_complex.py
[2023-12-18T21:22:06.726+0000] {logging_mixin.py:154} INFO - [2023-12-18T21:22:06.726+0000] {dag.py:2941} INFO - Sync 1 DAGs
[2023-12-18T21:22:06.736+0000] {logging_mixin.py:154} INFO - [2023-12-18T21:22:06.735+0000] {dag.py:3722} INFO - Setting next_dagrun for example_complex to None, run_after=None
[2023-12-18T21:22:06.750+0000] {processor.py:179} INFO - Processing /home/airflow/.local/lib/python3.8/site-packages/airflow/example_dags/example_complex.py took 0.198 seconds
[2023-12-18T21:22:36.868+0000] {processor.py:157} INFO - Started process (PID=2468) to work on /home/airflow/.local/lib/python3.8/site-packages/airflow/example_dags/example_complex.py
[2023-12-18T21:22:36.869+0000] {processor.py:829} INFO - Processing file /home/airflow/.local/lib/python3.8/site-packages/airflow/example_dags/example_complex.py for tasks to queue
[2023-12-18T21:22:36.871+0000] {logging_mixin.py:154} INFO - [2023-12-18T21:22:36.871+0000] {dagbag.py:536} INFO - Filling up the DagBag from /home/airflow/.local/lib/python3.8/site-packages/airflow/example_dags/example_complex.py
[2023-12-18T21:22:36.880+0000] {processor.py:839} INFO - DAG(s) dict_keys(['example_complex']) retrieved from /home/airflow/.local/lib/python3.8/site-packages/airflow/example_dags/example_complex.py
[2023-12-18T21:22:36.906+0000] {logging_mixin.py:154} INFO - [2023-12-18T21:22:36.905+0000] {dag.py:2941} INFO - Sync 1 DAGs
[2023-12-18T21:22:36.917+0000] {logging_mixin.py:154} INFO - [2023-12-18T21:22:36.917+0000] {dag.py:3722} INFO - Setting next_dagrun for example_complex to None, run_after=None
[2023-12-18T21:22:36.934+0000] {processor.py:179} INFO - Processing /home/airflow/.local/lib/python3.8/site-packages/airflow/example_dags/example_complex.py took 0.068 seconds
[2023-12-18T21:23:07.330+0000] {processor.py:157} INFO - Started process (PID=2522) to work on /home/airflow/.local/lib/python3.8/site-packages/airflow/example_dags/example_complex.py
[2023-12-18T21:23:07.331+0000] {processor.py:829} INFO - Processing file /home/airflow/.local/lib/python3.8/site-packages/airflow/example_dags/example_complex.py for tasks to queue
[2023-12-18T21:23:07.332+0000] {logging_mixin.py:154} INFO - [2023-12-18T21:23:07.332+0000] {dagbag.py:536} INFO - Filling up the DagBag from /home/airflow/.local/lib/python3.8/site-packages/airflow/example_dags/example_complex.py
[2023-12-18T21:23:07.341+0000] {processor.py:839} INFO - DAG(s) dict_keys(['example_complex']) retrieved from /home/airflow/.local/lib/python3.8/site-packages/airflow/example_dags/example_complex.py
[2023-12-18T21:23:07.365+0000] {logging_mixin.py:154} INFO - [2023-12-18T21:23:07.365+0000] {dag.py:2941} INFO - Sync 1 DAGs
[2023-12-18T21:23:07.376+0000] {logging_mixin.py:154} INFO - [2023-12-18T21:23:07.376+0000] {dag.py:3722} INFO - Setting next_dagrun for example_complex to None, run_after=None
[2023-12-18T21:23:07.402+0000] {processor.py:179} INFO - Processing /home/airflow/.local/lib/python3.8/site-packages/airflow/example_dags/example_complex.py took 0.075 seconds
[2023-12-18T21:23:37.539+0000] {processor.py:157} INFO - Started process (PID=2576) to work on /home/airflow/.local/lib/python3.8/site-packages/airflow/example_dags/example_complex.py
[2023-12-18T21:23:37.540+0000] {processor.py:829} INFO - Processing file /home/airflow/.local/lib/python3.8/site-packages/airflow/example_dags/example_complex.py for tasks to queue
[2023-12-18T21:23:37.543+0000] {logging_mixin.py:154} INFO - [2023-12-18T21:23:37.542+0000] {dagbag.py:536} INFO - Filling up the DagBag from /home/airflow/.local/lib/python3.8/site-packages/airflow/example_dags/example_complex.py
[2023-12-18T21:23:37.552+0000] {processor.py:839} INFO - DAG(s) dict_keys(['example_complex']) retrieved from /home/airflow/.local/lib/python3.8/site-packages/airflow/example_dags/example_complex.py
[2023-12-18T21:23:37.579+0000] {logging_mixin.py:154} INFO - [2023-12-18T21:23:37.579+0000] {dag.py:2941} INFO - Sync 1 DAGs
[2023-12-18T21:23:37.590+0000] {logging_mixin.py:154} INFO - [2023-12-18T21:23:37.590+0000] {dag.py:3722} INFO - Setting next_dagrun for example_complex to None, run_after=None
[2023-12-18T21:23:37.619+0000] {processor.py:179} INFO - Processing /home/airflow/.local/lib/python3.8/site-packages/airflow/example_dags/example_complex.py took 0.083 seconds
[2023-12-18T21:24:08.118+0000] {processor.py:157} INFO - Started process (PID=2630) to work on /home/airflow/.local/lib/python3.8/site-packages/airflow/example_dags/example_complex.py
[2023-12-18T21:24:08.119+0000] {processor.py:829} INFO - Processing file /home/airflow/.local/lib/python3.8/site-packages/airflow/example_dags/example_complex.py for tasks to queue
[2023-12-18T21:24:08.120+0000] {logging_mixin.py:154} INFO - [2023-12-18T21:24:08.120+0000] {dagbag.py:536} INFO - Filling up the DagBag from /home/airflow/.local/lib/python3.8/site-packages/airflow/example_dags/example_complex.py
[2023-12-18T21:24:08.131+0000] {processor.py:839} INFO - DAG(s) dict_keys(['example_complex']) retrieved from /home/airflow/.local/lib/python3.8/site-packages/airflow/example_dags/example_complex.py
[2023-12-18T21:24:08.158+0000] {logging_mixin.py:154} INFO - [2023-12-18T21:24:08.157+0000] {dag.py:2941} INFO - Sync 1 DAGs
[2023-12-18T21:24:08.169+0000] {logging_mixin.py:154} INFO - [2023-12-18T21:24:08.169+0000] {dag.py:3722} INFO - Setting next_dagrun for example_complex to None, run_after=None
[2023-12-18T21:24:08.185+0000] {processor.py:179} INFO - Processing /home/airflow/.local/lib/python3.8/site-packages/airflow/example_dags/example_complex.py took 0.070 seconds
[2023-12-18T21:24:38.377+0000] {processor.py:157} INFO - Started process (PID=2684) to work on /home/airflow/.local/lib/python3.8/site-packages/airflow/example_dags/example_complex.py
[2023-12-18T21:24:38.378+0000] {processor.py:829} INFO - Processing file /home/airflow/.local/lib/python3.8/site-packages/airflow/example_dags/example_complex.py for tasks to queue
[2023-12-18T21:24:38.380+0000] {logging_mixin.py:154} INFO - [2023-12-18T21:24:38.379+0000] {dagbag.py:536} INFO - Filling up the DagBag from /home/airflow/.local/lib/python3.8/site-packages/airflow/example_dags/example_complex.py
[2023-12-18T21:24:38.388+0000] {processor.py:839} INFO - DAG(s) dict_keys(['example_complex']) retrieved from /home/airflow/.local/lib/python3.8/site-packages/airflow/example_dags/example_complex.py
[2023-12-18T21:24:38.413+0000] {logging_mixin.py:154} INFO - [2023-12-18T21:24:38.412+0000] {dag.py:2941} INFO - Sync 1 DAGs
[2023-12-18T21:24:38.424+0000] {logging_mixin.py:154} INFO - [2023-12-18T21:24:38.423+0000] {dag.py:3722} INFO - Setting next_dagrun for example_complex to None, run_after=None
[2023-12-18T21:24:38.439+0000] {processor.py:179} INFO - Processing /home/airflow/.local/lib/python3.8/site-packages/airflow/example_dags/example_complex.py took 0.064 seconds
[2023-12-18T21:25:08.643+0000] {processor.py:157} INFO - Started process (PID=2738) to work on /home/airflow/.local/lib/python3.8/site-packages/airflow/example_dags/example_complex.py
[2023-12-18T21:25:08.644+0000] {processor.py:829} INFO - Processing file /home/airflow/.local/lib/python3.8/site-packages/airflow/example_dags/example_complex.py for tasks to queue
[2023-12-18T21:25:08.646+0000] {logging_mixin.py:154} INFO - [2023-12-18T21:25:08.646+0000] {dagbag.py:536} INFO - Filling up the DagBag from /home/airflow/.local/lib/python3.8/site-packages/airflow/example_dags/example_complex.py
[2023-12-18T21:25:08.656+0000] {processor.py:839} INFO - DAG(s) dict_keys(['example_complex']) retrieved from /home/airflow/.local/lib/python3.8/site-packages/airflow/example_dags/example_complex.py
[2023-12-18T21:25:08.681+0000] {logging_mixin.py:154} INFO - [2023-12-18T21:25:08.681+0000] {dag.py:2941} INFO - Sync 1 DAGs
[2023-12-18T21:25:08.691+0000] {logging_mixin.py:154} INFO - [2023-12-18T21:25:08.691+0000] {dag.py:3722} INFO - Setting next_dagrun for example_complex to None, run_after=None
[2023-12-18T21:25:08.707+0000] {processor.py:179} INFO - Processing /home/airflow/.local/lib/python3.8/site-packages/airflow/example_dags/example_complex.py took 0.067 seconds
[2023-12-18T21:25:38.831+0000] {processor.py:157} INFO - Started process (PID=2792) to work on /home/airflow/.local/lib/python3.8/site-packages/airflow/example_dags/example_complex.py
[2023-12-18T21:25:38.831+0000] {processor.py:829} INFO - Processing file /home/airflow/.local/lib/python3.8/site-packages/airflow/example_dags/example_complex.py for tasks to queue
[2023-12-18T21:25:38.833+0000] {logging_mixin.py:154} INFO - [2023-12-18T21:25:38.833+0000] {dagbag.py:536} INFO - Filling up the DagBag from /home/airflow/.local/lib/python3.8/site-packages/airflow/example_dags/example_complex.py
[2023-12-18T21:25:38.842+0000] {processor.py:839} INFO - DAG(s) dict_keys(['example_complex']) retrieved from /home/airflow/.local/lib/python3.8/site-packages/airflow/example_dags/example_complex.py
[2023-12-18T21:25:38.866+0000] {logging_mixin.py:154} INFO - [2023-12-18T21:25:38.866+0000] {dag.py:2941} INFO - Sync 1 DAGs
[2023-12-18T21:25:38.876+0000] {logging_mixin.py:154} INFO - [2023-12-18T21:25:38.876+0000] {dag.py:3722} INFO - Setting next_dagrun for example_complex to None, run_after=None
[2023-12-18T21:25:38.891+0000] {processor.py:179} INFO - Processing /home/airflow/.local/lib/python3.8/site-packages/airflow/example_dags/example_complex.py took 0.063 seconds
[2023-12-18T21:26:09.011+0000] {processor.py:157} INFO - Started process (PID=2846) to work on /home/airflow/.local/lib/python3.8/site-packages/airflow/example_dags/example_complex.py
[2023-12-18T21:26:09.012+0000] {processor.py:829} INFO - Processing file /home/airflow/.local/lib/python3.8/site-packages/airflow/example_dags/example_complex.py for tasks to queue
[2023-12-18T21:26:09.014+0000] {logging_mixin.py:154} INFO - [2023-12-18T21:26:09.013+0000] {dagbag.py:536} INFO - Filling up the DagBag from /home/airflow/.local/lib/python3.8/site-packages/airflow/example_dags/example_complex.py
[2023-12-18T21:26:09.022+0000] {processor.py:839} INFO - DAG(s) dict_keys(['example_complex']) retrieved from /home/airflow/.local/lib/python3.8/site-packages/airflow/example_dags/example_complex.py
[2023-12-18T21:26:09.045+0000] {logging_mixin.py:154} INFO - [2023-12-18T21:26:09.045+0000] {dag.py:2941} INFO - Sync 1 DAGs
[2023-12-18T21:26:09.055+0000] {logging_mixin.py:154} INFO - [2023-12-18T21:26:09.055+0000] {dag.py:3722} INFO - Setting next_dagrun for example_complex to None, run_after=None
[2023-12-18T21:26:09.080+0000] {processor.py:179} INFO - Processing /home/airflow/.local/lib/python3.8/site-packages/airflow/example_dags/example_complex.py took 0.071 seconds
[2023-12-18T21:26:39.328+0000] {processor.py:157} INFO - Started process (PID=2900) to work on /home/airflow/.local/lib/python3.8/site-packages/airflow/example_dags/example_complex.py
[2023-12-18T21:26:39.328+0000] {processor.py:829} INFO - Processing file /home/airflow/.local/lib/python3.8/site-packages/airflow/example_dags/example_complex.py for tasks to queue
[2023-12-18T21:26:39.330+0000] {logging_mixin.py:154} INFO - [2023-12-18T21:26:39.330+0000] {dagbag.py:536} INFO - Filling up the DagBag from /home/airflow/.local/lib/python3.8/site-packages/airflow/example_dags/example_complex.py
[2023-12-18T21:26:39.339+0000] {processor.py:839} INFO - DAG(s) dict_keys(['example_complex']) retrieved from /home/airflow/.local/lib/python3.8/site-packages/airflow/example_dags/example_complex.py
[2023-12-18T21:26:39.364+0000] {logging_mixin.py:154} INFO - [2023-12-18T21:26:39.363+0000] {dag.py:2941} INFO - Sync 1 DAGs
[2023-12-18T21:26:39.374+0000] {logging_mixin.py:154} INFO - [2023-12-18T21:26:39.374+0000] {dag.py:3722} INFO - Setting next_dagrun for example_complex to None, run_after=None
[2023-12-18T21:26:39.388+0000] {processor.py:179} INFO - Processing /home/airflow/.local/lib/python3.8/site-packages/airflow/example_dags/example_complex.py took 0.062 seconds
[2023-12-18T21:27:09.423+0000] {processor.py:157} INFO - Started process (PID=2954) to work on /home/airflow/.local/lib/python3.8/site-packages/airflow/example_dags/example_complex.py
[2023-12-18T21:27:09.423+0000] {processor.py:829} INFO - Processing file /home/airflow/.local/lib/python3.8/site-packages/airflow/example_dags/example_complex.py for tasks to queue
[2023-12-18T21:27:09.425+0000] {logging_mixin.py:154} INFO - [2023-12-18T21:27:09.425+0000] {dagbag.py:536} INFO - Filling up the DagBag from /home/airflow/.local/lib/python3.8/site-packages/airflow/example_dags/example_complex.py
[2023-12-18T21:27:09.434+0000] {processor.py:839} INFO - DAG(s) dict_keys(['example_complex']) retrieved from /home/airflow/.local/lib/python3.8/site-packages/airflow/example_dags/example_complex.py
[2023-12-18T21:27:09.459+0000] {logging_mixin.py:154} INFO - [2023-12-18T21:27:09.459+0000] {dag.py:2941} INFO - Sync 1 DAGs
[2023-12-18T21:27:09.470+0000] {logging_mixin.py:154} INFO - [2023-12-18T21:27:09.469+0000] {dag.py:3722} INFO - Setting next_dagrun for example_complex to None, run_after=None
[2023-12-18T21:27:09.495+0000] {processor.py:179} INFO - Processing /home/airflow/.local/lib/python3.8/site-packages/airflow/example_dags/example_complex.py took 0.075 seconds
[2023-12-18T21:27:39.803+0000] {processor.py:157} INFO - Started process (PID=3008) to work on /home/airflow/.local/lib/python3.8/site-packages/airflow/example_dags/example_complex.py
[2023-12-18T21:27:39.804+0000] {processor.py:829} INFO - Processing file /home/airflow/.local/lib/python3.8/site-packages/airflow/example_dags/example_complex.py for tasks to queue
[2023-12-18T21:27:39.806+0000] {logging_mixin.py:154} INFO - [2023-12-18T21:27:39.806+0000] {dagbag.py:536} INFO - Filling up the DagBag from /home/airflow/.local/lib/python3.8/site-packages/airflow/example_dags/example_complex.py
[2023-12-18T21:27:39.815+0000] {processor.py:839} INFO - DAG(s) dict_keys(['example_complex']) retrieved from /home/airflow/.local/lib/python3.8/site-packages/airflow/example_dags/example_complex.py
[2023-12-18T21:27:39.840+0000] {logging_mixin.py:154} INFO - [2023-12-18T21:27:39.840+0000] {dag.py:2941} INFO - Sync 1 DAGs
[2023-12-18T21:27:39.852+0000] {logging_mixin.py:154} INFO - [2023-12-18T21:27:39.851+0000] {dag.py:3722} INFO - Setting next_dagrun for example_complex to None, run_after=None
[2023-12-18T21:27:39.867+0000] {processor.py:179} INFO - Processing /home/airflow/.local/lib/python3.8/site-packages/airflow/example_dags/example_complex.py took 0.067 seconds
[2023-12-18T21:28:09.935+0000] {processor.py:157} INFO - Started process (PID=3062) to work on /home/airflow/.local/lib/python3.8/site-packages/airflow/example_dags/example_complex.py
[2023-12-18T21:28:09.936+0000] {processor.py:829} INFO - Processing file /home/airflow/.local/lib/python3.8/site-packages/airflow/example_dags/example_complex.py for tasks to queue
[2023-12-18T21:28:09.938+0000] {logging_mixin.py:154} INFO - [2023-12-18T21:28:09.937+0000] {dagbag.py:536} INFO - Filling up the DagBag from /home/airflow/.local/lib/python3.8/site-packages/airflow/example_dags/example_complex.py
[2023-12-18T21:28:09.946+0000] {processor.py:839} INFO - DAG(s) dict_keys(['example_complex']) retrieved from /home/airflow/.local/lib/python3.8/site-packages/airflow/example_dags/example_complex.py
[2023-12-18T21:28:09.972+0000] {logging_mixin.py:154} INFO - [2023-12-18T21:28:09.972+0000] {dag.py:2941} INFO - Sync 1 DAGs
[2023-12-18T21:28:09.983+0000] {logging_mixin.py:154} INFO - [2023-12-18T21:28:09.983+0000] {dag.py:3722} INFO - Setting next_dagrun for example_complex to None, run_after=None
[2023-12-18T21:28:10.009+0000] {processor.py:179} INFO - Processing /home/airflow/.local/lib/python3.8/site-packages/airflow/example_dags/example_complex.py took 0.077 seconds
[2023-12-18T21:28:40.084+0000] {processor.py:157} INFO - Started process (PID=3116) to work on /home/airflow/.local/lib/python3.8/site-packages/airflow/example_dags/example_complex.py
[2023-12-18T21:28:40.084+0000] {processor.py:829} INFO - Processing file /home/airflow/.local/lib/python3.8/site-packages/airflow/example_dags/example_complex.py for tasks to queue
[2023-12-18T21:28:40.086+0000] {logging_mixin.py:154} INFO - [2023-12-18T21:28:40.086+0000] {dagbag.py:536} INFO - Filling up the DagBag from /home/airflow/.local/lib/python3.8/site-packages/airflow/example_dags/example_complex.py
[2023-12-18T21:28:40.095+0000] {processor.py:839} INFO - DAG(s) dict_keys(['example_complex']) retrieved from /home/airflow/.local/lib/python3.8/site-packages/airflow/example_dags/example_complex.py
[2023-12-18T21:28:40.120+0000] {logging_mixin.py:154} INFO - [2023-12-18T21:28:40.120+0000] {dag.py:2941} INFO - Sync 1 DAGs
[2023-12-18T21:28:40.132+0000] {logging_mixin.py:154} INFO - [2023-12-18T21:28:40.132+0000] {dag.py:3722} INFO - Setting next_dagrun for example_complex to None, run_after=None
[2023-12-18T21:28:40.153+0000] {processor.py:179} INFO - Processing /home/airflow/.local/lib/python3.8/site-packages/airflow/example_dags/example_complex.py took 0.072 seconds
[2023-12-18T21:29:10.325+0000] {processor.py:157} INFO - Started process (PID=3170) to work on /home/airflow/.local/lib/python3.8/site-packages/airflow/example_dags/example_complex.py
[2023-12-18T21:29:10.325+0000] {processor.py:829} INFO - Processing file /home/airflow/.local/lib/python3.8/site-packages/airflow/example_dags/example_complex.py for tasks to queue
[2023-12-18T21:29:10.327+0000] {logging_mixin.py:154} INFO - [2023-12-18T21:29:10.327+0000] {dagbag.py:536} INFO - Filling up the DagBag from /home/airflow/.local/lib/python3.8/site-packages/airflow/example_dags/example_complex.py
[2023-12-18T21:29:10.336+0000] {processor.py:839} INFO - DAG(s) dict_keys(['example_complex']) retrieved from /home/airflow/.local/lib/python3.8/site-packages/airflow/example_dags/example_complex.py
[2023-12-18T21:29:10.361+0000] {logging_mixin.py:154} INFO - [2023-12-18T21:29:10.360+0000] {dag.py:2941} INFO - Sync 1 DAGs
[2023-12-18T21:29:10.371+0000] {logging_mixin.py:154} INFO - [2023-12-18T21:29:10.371+0000] {dag.py:3722} INFO - Setting next_dagrun for example_complex to None, run_after=None
[2023-12-18T21:29:10.387+0000] {processor.py:179} INFO - Processing /home/airflow/.local/lib/python3.8/site-packages/airflow/example_dags/example_complex.py took 0.064 seconds
[2023-12-18T21:29:40.569+0000] {processor.py:157} INFO - Started process (PID=3224) to work on /home/airflow/.local/lib/python3.8/site-packages/airflow/example_dags/example_complex.py
[2023-12-18T21:29:40.570+0000] {processor.py:829} INFO - Processing file /home/airflow/.local/lib/python3.8/site-packages/airflow/example_dags/example_complex.py for tasks to queue
[2023-12-18T21:29:40.571+0000] {logging_mixin.py:154} INFO - [2023-12-18T21:29:40.571+0000] {dagbag.py:536} INFO - Filling up the DagBag from /home/airflow/.local/lib/python3.8/site-packages/airflow/example_dags/example_complex.py
[2023-12-18T21:29:40.580+0000] {processor.py:839} INFO - DAG(s) dict_keys(['example_complex']) retrieved from /home/airflow/.local/lib/python3.8/site-packages/airflow/example_dags/example_complex.py
[2023-12-18T21:29:40.606+0000] {logging_mixin.py:154} INFO - [2023-12-18T21:29:40.606+0000] {dag.py:2941} INFO - Sync 1 DAGs
[2023-12-18T21:29:40.617+0000] {logging_mixin.py:154} INFO - [2023-12-18T21:29:40.617+0000] {dag.py:3722} INFO - Setting next_dagrun for example_complex to None, run_after=None
[2023-12-18T21:29:40.632+0000] {processor.py:179} INFO - Processing /home/airflow/.local/lib/python3.8/site-packages/airflow/example_dags/example_complex.py took 0.066 seconds
[2023-12-18T21:30:10.703+0000] {processor.py:157} INFO - Started process (PID=3278) to work on /home/airflow/.local/lib/python3.8/site-packages/airflow/example_dags/example_complex.py
[2023-12-18T21:30:10.704+0000] {processor.py:829} INFO - Processing file /home/airflow/.local/lib/python3.8/site-packages/airflow/example_dags/example_complex.py for tasks to queue
[2023-12-18T21:30:10.705+0000] {logging_mixin.py:154} INFO - [2023-12-18T21:30:10.705+0000] {dagbag.py:536} INFO - Filling up the DagBag from /home/airflow/.local/lib/python3.8/site-packages/airflow/example_dags/example_complex.py
[2023-12-18T21:30:10.715+0000] {processor.py:839} INFO - DAG(s) dict_keys(['example_complex']) retrieved from /home/airflow/.local/lib/python3.8/site-packages/airflow/example_dags/example_complex.py
[2023-12-18T21:30:10.741+0000] {logging_mixin.py:154} INFO - [2023-12-18T21:30:10.741+0000] {dag.py:2941} INFO - Sync 1 DAGs
[2023-12-18T21:30:10.752+0000] {logging_mixin.py:154} INFO - [2023-12-18T21:30:10.752+0000] {dag.py:3722} INFO - Setting next_dagrun for example_complex to None, run_after=None
[2023-12-18T21:30:10.768+0000] {processor.py:179} INFO - Processing /home/airflow/.local/lib/python3.8/site-packages/airflow/example_dags/example_complex.py took 0.067 seconds
[2023-12-18T21:30:40.812+0000] {processor.py:157} INFO - Started process (PID=3333) to work on /home/airflow/.local/lib/python3.8/site-packages/airflow/example_dags/example_complex.py
[2023-12-18T21:30:40.812+0000] {processor.py:829} INFO - Processing file /home/airflow/.local/lib/python3.8/site-packages/airflow/example_dags/example_complex.py for tasks to queue
[2023-12-18T21:30:40.814+0000] {logging_mixin.py:154} INFO - [2023-12-18T21:30:40.814+0000] {dagbag.py:536} INFO - Filling up the DagBag from /home/airflow/.local/lib/python3.8/site-packages/airflow/example_dags/example_complex.py
[2023-12-18T21:30:40.822+0000] {processor.py:839} INFO - DAG(s) dict_keys(['example_complex']) retrieved from /home/airflow/.local/lib/python3.8/site-packages/airflow/example_dags/example_complex.py
[2023-12-18T21:30:40.847+0000] {logging_mixin.py:154} INFO - [2023-12-18T21:30:40.847+0000] {dag.py:2941} INFO - Sync 1 DAGs
[2023-12-18T21:30:40.857+0000] {logging_mixin.py:154} INFO - [2023-12-18T21:30:40.857+0000] {dag.py:3722} INFO - Setting next_dagrun for example_complex to None, run_after=None
[2023-12-18T21:30:40.872+0000] {processor.py:179} INFO - Processing /home/airflow/.local/lib/python3.8/site-packages/airflow/example_dags/example_complex.py took 0.063 seconds
[2023-12-18T21:31:11.130+0000] {processor.py:157} INFO - Started process (PID=3387) to work on /home/airflow/.local/lib/python3.8/site-packages/airflow/example_dags/example_complex.py
[2023-12-18T21:31:11.131+0000] {processor.py:829} INFO - Processing file /home/airflow/.local/lib/python3.8/site-packages/airflow/example_dags/example_complex.py for tasks to queue
[2023-12-18T21:31:11.132+0000] {logging_mixin.py:154} INFO - [2023-12-18T21:31:11.132+0000] {dagbag.py:536} INFO - Filling up the DagBag from /home/airflow/.local/lib/python3.8/site-packages/airflow/example_dags/example_complex.py
[2023-12-18T21:31:11.141+0000] {processor.py:839} INFO - DAG(s) dict_keys(['example_complex']) retrieved from /home/airflow/.local/lib/python3.8/site-packages/airflow/example_dags/example_complex.py
[2023-12-18T21:31:11.165+0000] {logging_mixin.py:154} INFO - [2023-12-18T21:31:11.165+0000] {dag.py:2941} INFO - Sync 1 DAGs
[2023-12-18T21:31:11.175+0000] {logging_mixin.py:154} INFO - [2023-12-18T21:31:11.175+0000] {dag.py:3722} INFO - Setting next_dagrun for example_complex to None, run_after=None
[2023-12-18T21:31:11.191+0000] {processor.py:179} INFO - Processing /home/airflow/.local/lib/python3.8/site-packages/airflow/example_dags/example_complex.py took 0.063 seconds
[2023-12-18T21:31:41.416+0000] {processor.py:157} INFO - Started process (PID=3441) to work on /home/airflow/.local/lib/python3.8/site-packages/airflow/example_dags/example_complex.py
[2023-12-18T21:31:41.416+0000] {processor.py:829} INFO - Processing file /home/airflow/.local/lib/python3.8/site-packages/airflow/example_dags/example_complex.py for tasks to queue
[2023-12-18T21:31:41.418+0000] {logging_mixin.py:154} INFO - [2023-12-18T21:31:41.418+0000] {dagbag.py:536} INFO - Filling up the DagBag from /home/airflow/.local/lib/python3.8/site-packages/airflow/example_dags/example_complex.py
[2023-12-18T21:31:41.427+0000] {processor.py:839} INFO - DAG(s) dict_keys(['example_complex']) retrieved from /home/airflow/.local/lib/python3.8/site-packages/airflow/example_dags/example_complex.py
[2023-12-18T21:31:41.453+0000] {logging_mixin.py:154} INFO - [2023-12-18T21:31:41.452+0000] {dag.py:2941} INFO - Sync 1 DAGs
[2023-12-18T21:31:41.463+0000] {logging_mixin.py:154} INFO - [2023-12-18T21:31:41.463+0000] {dag.py:3722} INFO - Setting next_dagrun for example_complex to None, run_after=None
[2023-12-18T21:31:41.479+0000] {processor.py:179} INFO - Processing /home/airflow/.local/lib/python3.8/site-packages/airflow/example_dags/example_complex.py took 0.066 seconds
[2023-12-18T21:32:11.716+0000] {processor.py:157} INFO - Started process (PID=3495) to work on /home/airflow/.local/lib/python3.8/site-packages/airflow/example_dags/example_complex.py
[2023-12-18T21:32:11.717+0000] {processor.py:829} INFO - Processing file /home/airflow/.local/lib/python3.8/site-packages/airflow/example_dags/example_complex.py for tasks to queue
[2023-12-18T21:32:11.718+0000] {logging_mixin.py:154} INFO - [2023-12-18T21:32:11.718+0000] {dagbag.py:536} INFO - Filling up the DagBag from /home/airflow/.local/lib/python3.8/site-packages/airflow/example_dags/example_complex.py
[2023-12-18T21:32:11.727+0000] {processor.py:839} INFO - DAG(s) dict_keys(['example_complex']) retrieved from /home/airflow/.local/lib/python3.8/site-packages/airflow/example_dags/example_complex.py
[2023-12-18T21:32:11.752+0000] {logging_mixin.py:154} INFO - [2023-12-18T21:32:11.752+0000] {dag.py:2941} INFO - Sync 1 DAGs
[2023-12-18T21:32:11.762+0000] {logging_mixin.py:154} INFO - [2023-12-18T21:32:11.762+0000] {dag.py:3722} INFO - Setting next_dagrun for example_complex to None, run_after=None
[2023-12-18T21:32:11.788+0000] {processor.py:179} INFO - Processing /home/airflow/.local/lib/python3.8/site-packages/airflow/example_dags/example_complex.py took 0.074 seconds
[2023-12-18T21:32:41.986+0000] {processor.py:157} INFO - Started process (PID=3549) to work on /home/airflow/.local/lib/python3.8/site-packages/airflow/example_dags/example_complex.py
[2023-12-18T21:32:41.987+0000] {processor.py:829} INFO - Processing file /home/airflow/.local/lib/python3.8/site-packages/airflow/example_dags/example_complex.py for tasks to queue
[2023-12-18T21:32:41.989+0000] {logging_mixin.py:154} INFO - [2023-12-18T21:32:41.988+0000] {dagbag.py:536} INFO - Filling up the DagBag from /home/airflow/.local/lib/python3.8/site-packages/airflow/example_dags/example_complex.py
[2023-12-18T21:32:41.997+0000] {processor.py:839} INFO - DAG(s) dict_keys(['example_complex']) retrieved from /home/airflow/.local/lib/python3.8/site-packages/airflow/example_dags/example_complex.py
[2023-12-18T21:32:42.023+0000] {logging_mixin.py:154} INFO - [2023-12-18T21:32:42.023+0000] {dag.py:2941} INFO - Sync 1 DAGs
[2023-12-18T21:32:42.035+0000] {logging_mixin.py:154} INFO - [2023-12-18T21:32:42.035+0000] {dag.py:3722} INFO - Setting next_dagrun for example_complex to None, run_after=None
[2023-12-18T21:32:42.050+0000] {processor.py:179} INFO - Processing /home/airflow/.local/lib/python3.8/site-packages/airflow/example_dags/example_complex.py took 0.067 seconds
[2023-12-18T21:33:12.111+0000] {processor.py:157} INFO - Started process (PID=3603) to work on /home/airflow/.local/lib/python3.8/site-packages/airflow/example_dags/example_complex.py
[2023-12-18T21:33:12.111+0000] {processor.py:829} INFO - Processing file /home/airflow/.local/lib/python3.8/site-packages/airflow/example_dags/example_complex.py for tasks to queue
[2023-12-18T21:33:12.113+0000] {logging_mixin.py:154} INFO - [2023-12-18T21:33:12.113+0000] {dagbag.py:536} INFO - Filling up the DagBag from /home/airflow/.local/lib/python3.8/site-packages/airflow/example_dags/example_complex.py
[2023-12-18T21:33:12.122+0000] {processor.py:839} INFO - DAG(s) dict_keys(['example_complex']) retrieved from /home/airflow/.local/lib/python3.8/site-packages/airflow/example_dags/example_complex.py
[2023-12-18T21:33:12.147+0000] {logging_mixin.py:154} INFO - [2023-12-18T21:33:12.146+0000] {dag.py:2941} INFO - Sync 1 DAGs
[2023-12-18T21:33:12.157+0000] {logging_mixin.py:154} INFO - [2023-12-18T21:33:12.156+0000] {dag.py:3722} INFO - Setting next_dagrun for example_complex to None, run_after=None
[2023-12-18T21:33:12.183+0000] {processor.py:179} INFO - Processing /home/airflow/.local/lib/python3.8/site-packages/airflow/example_dags/example_complex.py took 0.075 seconds
[2023-12-18T21:33:42.317+0000] {processor.py:157} INFO - Started process (PID=3657) to work on /home/airflow/.local/lib/python3.8/site-packages/airflow/example_dags/example_complex.py
[2023-12-18T21:33:42.318+0000] {processor.py:829} INFO - Processing file /home/airflow/.local/lib/python3.8/site-packages/airflow/example_dags/example_complex.py for tasks to queue
[2023-12-18T21:33:42.319+0000] {logging_mixin.py:154} INFO - [2023-12-18T21:33:42.319+0000] {dagbag.py:536} INFO - Filling up the DagBag from /home/airflow/.local/lib/python3.8/site-packages/airflow/example_dags/example_complex.py
[2023-12-18T21:33:42.328+0000] {processor.py:839} INFO - DAG(s) dict_keys(['example_complex']) retrieved from /home/airflow/.local/lib/python3.8/site-packages/airflow/example_dags/example_complex.py
[2023-12-18T21:33:42.353+0000] {logging_mixin.py:154} INFO - [2023-12-18T21:33:42.352+0000] {dag.py:2941} INFO - Sync 1 DAGs
[2023-12-18T21:33:42.362+0000] {logging_mixin.py:154} INFO - [2023-12-18T21:33:42.362+0000] {dag.py:3722} INFO - Setting next_dagrun for example_complex to None, run_after=None
[2023-12-18T21:33:42.378+0000] {processor.py:179} INFO - Processing /home/airflow/.local/lib/python3.8/site-packages/airflow/example_dags/example_complex.py took 0.064 seconds
[2023-12-18T21:34:12.480+0000] {processor.py:157} INFO - Started process (PID=3711) to work on /home/airflow/.local/lib/python3.8/site-packages/airflow/example_dags/example_complex.py
[2023-12-18T21:34:12.480+0000] {processor.py:829} INFO - Processing file /home/airflow/.local/lib/python3.8/site-packages/airflow/example_dags/example_complex.py for tasks to queue
[2023-12-18T21:34:12.482+0000] {logging_mixin.py:154} INFO - [2023-12-18T21:34:12.482+0000] {dagbag.py:536} INFO - Filling up the DagBag from /home/airflow/.local/lib/python3.8/site-packages/airflow/example_dags/example_complex.py
[2023-12-18T21:34:12.495+0000] {processor.py:839} INFO - DAG(s) dict_keys(['example_complex']) retrieved from /home/airflow/.local/lib/python3.8/site-packages/airflow/example_dags/example_complex.py
[2023-12-18T21:34:12.523+0000] {logging_mixin.py:154} INFO - [2023-12-18T21:34:12.523+0000] {dag.py:2941} INFO - Sync 1 DAGs
[2023-12-18T21:34:12.533+0000] {logging_mixin.py:154} INFO - [2023-12-18T21:34:12.533+0000] {dag.py:3722} INFO - Setting next_dagrun for example_complex to None, run_after=None
[2023-12-18T21:34:12.554+0000] {processor.py:179} INFO - Processing /home/airflow/.local/lib/python3.8/site-packages/airflow/example_dags/example_complex.py took 0.076 seconds
[2023-12-18T21:34:42.696+0000] {processor.py:157} INFO - Started process (PID=3772) to work on /home/airflow/.local/lib/python3.8/site-packages/airflow/example_dags/example_complex.py
[2023-12-18T21:34:42.697+0000] {processor.py:829} INFO - Processing file /home/airflow/.local/lib/python3.8/site-packages/airflow/example_dags/example_complex.py for tasks to queue
[2023-12-18T21:34:42.698+0000] {logging_mixin.py:154} INFO - [2023-12-18T21:34:42.698+0000] {dagbag.py:536} INFO - Filling up the DagBag from /home/airflow/.local/lib/python3.8/site-packages/airflow/example_dags/example_complex.py
[2023-12-18T21:34:42.708+0000] {processor.py:839} INFO - DAG(s) dict_keys(['example_complex']) retrieved from /home/airflow/.local/lib/python3.8/site-packages/airflow/example_dags/example_complex.py
[2023-12-18T21:34:42.735+0000] {logging_mixin.py:154} INFO - [2023-12-18T21:34:42.735+0000] {dag.py:2941} INFO - Sync 1 DAGs
[2023-12-18T21:34:42.746+0000] {logging_mixin.py:154} INFO - [2023-12-18T21:34:42.746+0000] {dag.py:3722} INFO - Setting next_dagrun for example_complex to None, run_after=None
[2023-12-18T21:34:42.762+0000] {processor.py:179} INFO - Processing /home/airflow/.local/lib/python3.8/site-packages/airflow/example_dags/example_complex.py took 0.068 seconds
[2023-12-18T21:35:12.989+0000] {processor.py:157} INFO - Started process (PID=3826) to work on /home/airflow/.local/lib/python3.8/site-packages/airflow/example_dags/example_complex.py
[2023-12-18T21:35:12.989+0000] {processor.py:829} INFO - Processing file /home/airflow/.local/lib/python3.8/site-packages/airflow/example_dags/example_complex.py for tasks to queue
[2023-12-18T21:35:12.991+0000] {logging_mixin.py:154} INFO - [2023-12-18T21:35:12.991+0000] {dagbag.py:536} INFO - Filling up the DagBag from /home/airflow/.local/lib/python3.8/site-packages/airflow/example_dags/example_complex.py
[2023-12-18T21:35:13.001+0000] {processor.py:839} INFO - DAG(s) dict_keys(['example_complex']) retrieved from /home/airflow/.local/lib/python3.8/site-packages/airflow/example_dags/example_complex.py
[2023-12-18T21:35:13.029+0000] {logging_mixin.py:154} INFO - [2023-12-18T21:35:13.029+0000] {dag.py:2941} INFO - Sync 1 DAGs
[2023-12-18T21:35:13.041+0000] {logging_mixin.py:154} INFO - [2023-12-18T21:35:13.041+0000] {dag.py:3722} INFO - Setting next_dagrun for example_complex to None, run_after=None
[2023-12-18T21:35:13.059+0000] {processor.py:179} INFO - Processing /home/airflow/.local/lib/python3.8/site-packages/airflow/example_dags/example_complex.py took 0.074 seconds
[2023-12-18T21:35:43.320+0000] {processor.py:157} INFO - Started process (PID=3880) to work on /home/airflow/.local/lib/python3.8/site-packages/airflow/example_dags/example_complex.py
[2023-12-18T21:35:43.320+0000] {processor.py:829} INFO - Processing file /home/airflow/.local/lib/python3.8/site-packages/airflow/example_dags/example_complex.py for tasks to queue
[2023-12-18T21:35:43.322+0000] {logging_mixin.py:154} INFO - [2023-12-18T21:35:43.322+0000] {dagbag.py:536} INFO - Filling up the DagBag from /home/airflow/.local/lib/python3.8/site-packages/airflow/example_dags/example_complex.py
[2023-12-18T21:35:43.330+0000] {processor.py:839} INFO - DAG(s) dict_keys(['example_complex']) retrieved from /home/airflow/.local/lib/python3.8/site-packages/airflow/example_dags/example_complex.py
[2023-12-18T21:35:43.356+0000] {logging_mixin.py:154} INFO - [2023-12-18T21:35:43.356+0000] {dag.py:2941} INFO - Sync 1 DAGs
[2023-12-18T21:35:43.366+0000] {logging_mixin.py:154} INFO - [2023-12-18T21:35:43.366+0000] {dag.py:3722} INFO - Setting next_dagrun for example_complex to None, run_after=None
[2023-12-18T21:35:43.381+0000] {processor.py:179} INFO - Processing /home/airflow/.local/lib/python3.8/site-packages/airflow/example_dags/example_complex.py took 0.064 seconds
