[2023-12-18T20:56:38.147+0000] {processor.py:157} INFO - Started process (PID=55) to work on /home/airflow/.local/lib/python3.8/site-packages/airflow/example_dags/example_latest_only.py
[2023-12-18T20:56:38.148+0000] {processor.py:829} INFO - Processing file /home/airflow/.local/lib/python3.8/site-packages/airflow/example_dags/example_latest_only.py for tasks to queue
[2023-12-18T20:56:38.152+0000] {logging_mixin.py:154} INFO - [2023-12-18T20:56:38.151+0000] {dagbag.py:536} INFO - Filling up the DagBag from /home/airflow/.local/lib/python3.8/site-packages/airflow/example_dags/example_latest_only.py
[2023-12-18T20:56:38.165+0000] {processor.py:839} INFO - DAG(s) dict_keys(['latest_only']) retrieved from /home/airflow/.local/lib/python3.8/site-packages/airflow/example_dags/example_latest_only.py
[2023-12-18T20:56:38.206+0000] {logging_mixin.py:154} INFO - [2023-12-18T20:56:38.206+0000] {dag.py:2941} INFO - Sync 1 DAGs
[2023-12-18T20:56:38.248+0000] {logging_mixin.py:154} INFO - [2023-12-18T20:56:38.247+0000] {dag.py:3722} INFO - Setting next_dagrun for latest_only to 2023-12-18T16:56:38.247378+00:00, run_after=2023-12-18T20:56:38.247378+00:00
[2023-12-18T20:56:38.284+0000] {processor.py:179} INFO - Processing /home/airflow/.local/lib/python3.8/site-packages/airflow/example_dags/example_latest_only.py took 0.142 seconds
[2023-12-18T20:57:09.158+0000] {processor.py:157} INFO - Started process (PID=109) to work on /home/airflow/.local/lib/python3.8/site-packages/airflow/example_dags/example_latest_only.py
[2023-12-18T20:57:09.159+0000] {processor.py:829} INFO - Processing file /home/airflow/.local/lib/python3.8/site-packages/airflow/example_dags/example_latest_only.py for tasks to queue
[2023-12-18T20:57:09.163+0000] {logging_mixin.py:154} INFO - [2023-12-18T20:57:09.163+0000] {dagbag.py:536} INFO - Filling up the DagBag from /home/airflow/.local/lib/python3.8/site-packages/airflow/example_dags/example_latest_only.py
[2023-12-18T20:57:09.173+0000] {processor.py:839} INFO - DAG(s) dict_keys(['latest_only']) retrieved from /home/airflow/.local/lib/python3.8/site-packages/airflow/example_dags/example_latest_only.py
[2023-12-18T20:57:09.212+0000] {logging_mixin.py:154} INFO - [2023-12-18T20:57:09.211+0000] {dag.py:2941} INFO - Sync 1 DAGs
[2023-12-18T20:57:09.261+0000] {logging_mixin.py:154} INFO - [2023-12-18T20:57:09.260+0000] {dag.py:3722} INFO - Setting next_dagrun for latest_only to 2023-12-18T16:57:09.260430+00:00, run_after=2023-12-18T20:57:09.260430+00:00
[2023-12-18T20:57:09.303+0000] {processor.py:179} INFO - Processing /home/airflow/.local/lib/python3.8/site-packages/airflow/example_dags/example_latest_only.py took 0.150 seconds
[2023-12-18T20:57:39.860+0000] {processor.py:157} INFO - Started process (PID=163) to work on /home/airflow/.local/lib/python3.8/site-packages/airflow/example_dags/example_latest_only.py
[2023-12-18T20:57:39.862+0000] {processor.py:829} INFO - Processing file /home/airflow/.local/lib/python3.8/site-packages/airflow/example_dags/example_latest_only.py for tasks to queue
[2023-12-18T20:57:39.867+0000] {logging_mixin.py:154} INFO - [2023-12-18T20:57:39.866+0000] {dagbag.py:536} INFO - Filling up the DagBag from /home/airflow/.local/lib/python3.8/site-packages/airflow/example_dags/example_latest_only.py
[2023-12-18T20:57:39.875+0000] {processor.py:839} INFO - DAG(s) dict_keys(['latest_only']) retrieved from /home/airflow/.local/lib/python3.8/site-packages/airflow/example_dags/example_latest_only.py
[2023-12-18T20:57:39.913+0000] {logging_mixin.py:154} INFO - [2023-12-18T20:57:39.912+0000] {dag.py:2941} INFO - Sync 1 DAGs
[2023-12-18T20:57:39.979+0000] {logging_mixin.py:154} INFO - [2023-12-18T20:57:39.978+0000] {dag.py:3722} INFO - Setting next_dagrun for latest_only to 2023-12-18T16:57:39.978339+00:00, run_after=2023-12-18T20:57:39.978339+00:00
[2023-12-18T20:57:40.015+0000] {processor.py:179} INFO - Processing /home/airflow/.local/lib/python3.8/site-packages/airflow/example_dags/example_latest_only.py took 0.161 seconds
[2023-12-18T20:58:10.349+0000] {processor.py:157} INFO - Started process (PID=217) to work on /home/airflow/.local/lib/python3.8/site-packages/airflow/example_dags/example_latest_only.py
[2023-12-18T20:58:10.351+0000] {processor.py:829} INFO - Processing file /home/airflow/.local/lib/python3.8/site-packages/airflow/example_dags/example_latest_only.py for tasks to queue
[2023-12-18T20:58:10.355+0000] {logging_mixin.py:154} INFO - [2023-12-18T20:58:10.355+0000] {dagbag.py:536} INFO - Filling up the DagBag from /home/airflow/.local/lib/python3.8/site-packages/airflow/example_dags/example_latest_only.py
[2023-12-18T20:58:10.363+0000] {processor.py:839} INFO - DAG(s) dict_keys(['latest_only']) retrieved from /home/airflow/.local/lib/python3.8/site-packages/airflow/example_dags/example_latest_only.py
[2023-12-18T20:58:10.404+0000] {logging_mixin.py:154} INFO - [2023-12-18T20:58:10.403+0000] {dag.py:2941} INFO - Sync 1 DAGs
[2023-12-18T20:58:10.455+0000] {logging_mixin.py:154} INFO - [2023-12-18T20:58:10.455+0000] {dag.py:3722} INFO - Setting next_dagrun for latest_only to 2023-12-18T16:58:10.454963+00:00, run_after=2023-12-18T20:58:10.454963+00:00
[2023-12-18T20:58:10.529+0000] {processor.py:179} INFO - Processing /home/airflow/.local/lib/python3.8/site-packages/airflow/example_dags/example_latest_only.py took 0.187 seconds
[2023-12-18T20:58:40.898+0000] {processor.py:157} INFO - Started process (PID=271) to work on /home/airflow/.local/lib/python3.8/site-packages/airflow/example_dags/example_latest_only.py
[2023-12-18T20:58:40.900+0000] {processor.py:829} INFO - Processing file /home/airflow/.local/lib/python3.8/site-packages/airflow/example_dags/example_latest_only.py for tasks to queue
[2023-12-18T20:58:40.903+0000] {logging_mixin.py:154} INFO - [2023-12-18T20:58:40.903+0000] {dagbag.py:536} INFO - Filling up the DagBag from /home/airflow/.local/lib/python3.8/site-packages/airflow/example_dags/example_latest_only.py
[2023-12-18T20:58:40.910+0000] {processor.py:839} INFO - DAG(s) dict_keys(['latest_only']) retrieved from /home/airflow/.local/lib/python3.8/site-packages/airflow/example_dags/example_latest_only.py
[2023-12-18T20:58:40.946+0000] {logging_mixin.py:154} INFO - [2023-12-18T20:58:40.946+0000] {dag.py:2941} INFO - Sync 1 DAGs
[2023-12-18T20:58:40.989+0000] {logging_mixin.py:154} INFO - [2023-12-18T20:58:40.988+0000] {dag.py:3722} INFO - Setting next_dagrun for latest_only to 2023-12-18T16:58:40.988320+00:00, run_after=2023-12-18T20:58:40.988320+00:00
[2023-12-18T20:58:41.023+0000] {processor.py:179} INFO - Processing /home/airflow/.local/lib/python3.8/site-packages/airflow/example_dags/example_latest_only.py took 0.130 seconds
[2023-12-18T20:59:12.242+0000] {processor.py:157} INFO - Started process (PID=325) to work on /home/airflow/.local/lib/python3.8/site-packages/airflow/example_dags/example_latest_only.py
[2023-12-18T20:59:12.243+0000] {processor.py:829} INFO - Processing file /home/airflow/.local/lib/python3.8/site-packages/airflow/example_dags/example_latest_only.py for tasks to queue
[2023-12-18T20:59:12.247+0000] {logging_mixin.py:154} INFO - [2023-12-18T20:59:12.246+0000] {dagbag.py:536} INFO - Filling up the DagBag from /home/airflow/.local/lib/python3.8/site-packages/airflow/example_dags/example_latest_only.py
[2023-12-18T20:59:12.254+0000] {processor.py:839} INFO - DAG(s) dict_keys(['latest_only']) retrieved from /home/airflow/.local/lib/python3.8/site-packages/airflow/example_dags/example_latest_only.py
[2023-12-18T20:59:12.288+0000] {logging_mixin.py:154} INFO - [2023-12-18T20:59:12.288+0000] {dag.py:2941} INFO - Sync 1 DAGs
[2023-12-18T20:59:12.331+0000] {logging_mixin.py:154} INFO - [2023-12-18T20:59:12.331+0000] {dag.py:3722} INFO - Setting next_dagrun for latest_only to 2023-12-18T16:59:12.330913+00:00, run_after=2023-12-18T20:59:12.330913+00:00
[2023-12-18T20:59:12.406+0000] {processor.py:179} INFO - Processing /home/airflow/.local/lib/python3.8/site-packages/airflow/example_dags/example_latest_only.py took 0.169 seconds
[2023-12-18T20:59:42.517+0000] {processor.py:157} INFO - Started process (PID=379) to work on /home/airflow/.local/lib/python3.8/site-packages/airflow/example_dags/example_latest_only.py
[2023-12-18T20:59:42.519+0000] {processor.py:829} INFO - Processing file /home/airflow/.local/lib/python3.8/site-packages/airflow/example_dags/example_latest_only.py for tasks to queue
[2023-12-18T20:59:42.523+0000] {logging_mixin.py:154} INFO - [2023-12-18T20:59:42.522+0000] {dagbag.py:536} INFO - Filling up the DagBag from /home/airflow/.local/lib/python3.8/site-packages/airflow/example_dags/example_latest_only.py
[2023-12-18T20:59:42.530+0000] {processor.py:839} INFO - DAG(s) dict_keys(['latest_only']) retrieved from /home/airflow/.local/lib/python3.8/site-packages/airflow/example_dags/example_latest_only.py
[2023-12-18T20:59:42.565+0000] {logging_mixin.py:154} INFO - [2023-12-18T20:59:42.564+0000] {dag.py:2941} INFO - Sync 1 DAGs
[2023-12-18T20:59:42.608+0000] {logging_mixin.py:154} INFO - [2023-12-18T20:59:42.608+0000] {dag.py:3722} INFO - Setting next_dagrun for latest_only to 2023-12-18T16:59:42.608126+00:00, run_after=2023-12-18T20:59:42.608126+00:00
[2023-12-18T20:59:42.644+0000] {processor.py:179} INFO - Processing /home/airflow/.local/lib/python3.8/site-packages/airflow/example_dags/example_latest_only.py took 0.132 seconds
[2023-12-18T21:00:13.624+0000] {processor.py:157} INFO - Started process (PID=440) to work on /home/airflow/.local/lib/python3.8/site-packages/airflow/example_dags/example_latest_only.py
[2023-12-18T21:00:13.626+0000] {processor.py:829} INFO - Processing file /home/airflow/.local/lib/python3.8/site-packages/airflow/example_dags/example_latest_only.py for tasks to queue
[2023-12-18T21:00:13.630+0000] {logging_mixin.py:154} INFO - [2023-12-18T21:00:13.630+0000] {dagbag.py:536} INFO - Filling up the DagBag from /home/airflow/.local/lib/python3.8/site-packages/airflow/example_dags/example_latest_only.py
[2023-12-18T21:00:13.640+0000] {processor.py:839} INFO - DAG(s) dict_keys(['latest_only']) retrieved from /home/airflow/.local/lib/python3.8/site-packages/airflow/example_dags/example_latest_only.py
[2023-12-18T21:00:13.681+0000] {logging_mixin.py:154} INFO - [2023-12-18T21:00:13.681+0000] {dag.py:2941} INFO - Sync 1 DAGs
[2023-12-18T21:00:13.729+0000] {logging_mixin.py:154} INFO - [2023-12-18T21:00:13.728+0000] {dag.py:3722} INFO - Setting next_dagrun for latest_only to 2023-12-18T17:00:13.728137+00:00, run_after=2023-12-18T21:00:13.728137+00:00
[2023-12-18T21:00:13.801+0000] {processor.py:179} INFO - Processing /home/airflow/.local/lib/python3.8/site-packages/airflow/example_dags/example_latest_only.py took 0.183 seconds
[2023-12-18T21:00:43.964+0000] {processor.py:157} INFO - Started process (PID=494) to work on /home/airflow/.local/lib/python3.8/site-packages/airflow/example_dags/example_latest_only.py
[2023-12-18T21:00:43.967+0000] {processor.py:829} INFO - Processing file /home/airflow/.local/lib/python3.8/site-packages/airflow/example_dags/example_latest_only.py for tasks to queue
[2023-12-18T21:00:43.970+0000] {logging_mixin.py:154} INFO - [2023-12-18T21:00:43.969+0000] {dagbag.py:536} INFO - Filling up the DagBag from /home/airflow/.local/lib/python3.8/site-packages/airflow/example_dags/example_latest_only.py
[2023-12-18T21:00:43.979+0000] {processor.py:839} INFO - DAG(s) dict_keys(['latest_only']) retrieved from /home/airflow/.local/lib/python3.8/site-packages/airflow/example_dags/example_latest_only.py
[2023-12-18T21:00:44.021+0000] {logging_mixin.py:154} INFO - [2023-12-18T21:00:44.021+0000] {dag.py:2941} INFO - Sync 1 DAGs
[2023-12-18T21:00:44.061+0000] {logging_mixin.py:154} INFO - [2023-12-18T21:00:44.060+0000] {dag.py:3722} INFO - Setting next_dagrun for latest_only to 2023-12-18T17:00:44.060493+00:00, run_after=2023-12-18T21:00:44.060493+00:00
[2023-12-18T21:00:44.135+0000] {processor.py:179} INFO - Processing /home/airflow/.local/lib/python3.8/site-packages/airflow/example_dags/example_latest_only.py took 0.177 seconds
[2023-12-18T21:01:14.181+0000] {processor.py:157} INFO - Started process (PID=548) to work on /home/airflow/.local/lib/python3.8/site-packages/airflow/example_dags/example_latest_only.py
[2023-12-18T21:01:14.182+0000] {processor.py:829} INFO - Processing file /home/airflow/.local/lib/python3.8/site-packages/airflow/example_dags/example_latest_only.py for tasks to queue
[2023-12-18T21:01:14.186+0000] {logging_mixin.py:154} INFO - [2023-12-18T21:01:14.185+0000] {dagbag.py:536} INFO - Filling up the DagBag from /home/airflow/.local/lib/python3.8/site-packages/airflow/example_dags/example_latest_only.py
[2023-12-18T21:01:14.192+0000] {processor.py:839} INFO - DAG(s) dict_keys(['latest_only']) retrieved from /home/airflow/.local/lib/python3.8/site-packages/airflow/example_dags/example_latest_only.py
[2023-12-18T21:01:14.224+0000] {logging_mixin.py:154} INFO - [2023-12-18T21:01:14.224+0000] {dag.py:2941} INFO - Sync 1 DAGs
[2023-12-18T21:01:14.277+0000] {logging_mixin.py:154} INFO - [2023-12-18T21:01:14.277+0000] {dag.py:3722} INFO - Setting next_dagrun for latest_only to 2023-12-18T17:01:14.277058+00:00, run_after=2023-12-18T21:01:14.277058+00:00
[2023-12-18T21:01:14.308+0000] {processor.py:179} INFO - Processing /home/airflow/.local/lib/python3.8/site-packages/airflow/example_dags/example_latest_only.py took 0.131 seconds
[2023-12-18T21:01:45.148+0000] {processor.py:157} INFO - Started process (PID=602) to work on /home/airflow/.local/lib/python3.8/site-packages/airflow/example_dags/example_latest_only.py
[2023-12-18T21:01:45.149+0000] {processor.py:829} INFO - Processing file /home/airflow/.local/lib/python3.8/site-packages/airflow/example_dags/example_latest_only.py for tasks to queue
[2023-12-18T21:01:45.152+0000] {logging_mixin.py:154} INFO - [2023-12-18T21:01:45.152+0000] {dagbag.py:536} INFO - Filling up the DagBag from /home/airflow/.local/lib/python3.8/site-packages/airflow/example_dags/example_latest_only.py
[2023-12-18T21:01:45.160+0000] {processor.py:839} INFO - DAG(s) dict_keys(['latest_only']) retrieved from /home/airflow/.local/lib/python3.8/site-packages/airflow/example_dags/example_latest_only.py
[2023-12-18T21:01:45.189+0000] {logging_mixin.py:154} INFO - [2023-12-18T21:01:45.189+0000] {dag.py:2941} INFO - Sync 1 DAGs
[2023-12-18T21:01:45.226+0000] {logging_mixin.py:154} INFO - [2023-12-18T21:01:45.226+0000] {dag.py:3722} INFO - Setting next_dagrun for latest_only to 2023-12-18T17:01:45.225800+00:00, run_after=2023-12-18T21:01:45.225800+00:00
[2023-12-18T21:01:45.262+0000] {processor.py:179} INFO - Processing /home/airflow/.local/lib/python3.8/site-packages/airflow/example_dags/example_latest_only.py took 0.118 seconds
[2023-12-18T21:02:16.227+0000] {processor.py:157} INFO - Started process (PID=656) to work on /home/airflow/.local/lib/python3.8/site-packages/airflow/example_dags/example_latest_only.py
[2023-12-18T21:02:16.229+0000] {processor.py:829} INFO - Processing file /home/airflow/.local/lib/python3.8/site-packages/airflow/example_dags/example_latest_only.py for tasks to queue
[2023-12-18T21:02:16.233+0000] {logging_mixin.py:154} INFO - [2023-12-18T21:02:16.232+0000] {dagbag.py:536} INFO - Filling up the DagBag from /home/airflow/.local/lib/python3.8/site-packages/airflow/example_dags/example_latest_only.py
[2023-12-18T21:02:16.243+0000] {processor.py:839} INFO - DAG(s) dict_keys(['latest_only']) retrieved from /home/airflow/.local/lib/python3.8/site-packages/airflow/example_dags/example_latest_only.py
[2023-12-18T21:02:16.278+0000] {logging_mixin.py:154} INFO - [2023-12-18T21:02:16.278+0000] {dag.py:2941} INFO - Sync 1 DAGs
[2023-12-18T21:02:16.319+0000] {logging_mixin.py:154} INFO - [2023-12-18T21:02:16.318+0000] {dag.py:3722} INFO - Setting next_dagrun for latest_only to 2023-12-18T17:02:16.318322+00:00, run_after=2023-12-18T21:02:16.318322+00:00
[2023-12-18T21:02:16.358+0000] {processor.py:179} INFO - Processing /home/airflow/.local/lib/python3.8/site-packages/airflow/example_dags/example_latest_only.py took 0.135 seconds
[2023-12-18T21:02:46.841+0000] {processor.py:157} INFO - Started process (PID=710) to work on /home/airflow/.local/lib/python3.8/site-packages/airflow/example_dags/example_latest_only.py
[2023-12-18T21:02:46.842+0000] {processor.py:829} INFO - Processing file /home/airflow/.local/lib/python3.8/site-packages/airflow/example_dags/example_latest_only.py for tasks to queue
[2023-12-18T21:02:46.846+0000] {logging_mixin.py:154} INFO - [2023-12-18T21:02:46.845+0000] {dagbag.py:536} INFO - Filling up the DagBag from /home/airflow/.local/lib/python3.8/site-packages/airflow/example_dags/example_latest_only.py
[2023-12-18T21:02:46.855+0000] {processor.py:839} INFO - DAG(s) dict_keys(['latest_only']) retrieved from /home/airflow/.local/lib/python3.8/site-packages/airflow/example_dags/example_latest_only.py
[2023-12-18T21:02:46.893+0000] {logging_mixin.py:154} INFO - [2023-12-18T21:02:46.893+0000] {dag.py:2941} INFO - Sync 1 DAGs
[2023-12-18T21:02:46.941+0000] {logging_mixin.py:154} INFO - [2023-12-18T21:02:46.941+0000] {dag.py:3722} INFO - Setting next_dagrun for latest_only to 2023-12-18T17:02:46.941010+00:00, run_after=2023-12-18T21:02:46.941010+00:00
[2023-12-18T21:02:46.985+0000] {processor.py:179} INFO - Processing /home/airflow/.local/lib/python3.8/site-packages/airflow/example_dags/example_latest_only.py took 0.150 seconds
[2023-12-18T21:03:17.404+0000] {processor.py:157} INFO - Started process (PID=764) to work on /home/airflow/.local/lib/python3.8/site-packages/airflow/example_dags/example_latest_only.py
[2023-12-18T21:03:17.406+0000] {processor.py:829} INFO - Processing file /home/airflow/.local/lib/python3.8/site-packages/airflow/example_dags/example_latest_only.py for tasks to queue
[2023-12-18T21:03:17.410+0000] {logging_mixin.py:154} INFO - [2023-12-18T21:03:17.409+0000] {dagbag.py:536} INFO - Filling up the DagBag from /home/airflow/.local/lib/python3.8/site-packages/airflow/example_dags/example_latest_only.py
[2023-12-18T21:03:17.420+0000] {processor.py:839} INFO - DAG(s) dict_keys(['latest_only']) retrieved from /home/airflow/.local/lib/python3.8/site-packages/airflow/example_dags/example_latest_only.py
[2023-12-18T21:03:17.453+0000] {logging_mixin.py:154} INFO - [2023-12-18T21:03:17.453+0000] {dag.py:2941} INFO - Sync 1 DAGs
[2023-12-18T21:03:17.496+0000] {logging_mixin.py:154} INFO - [2023-12-18T21:03:17.495+0000] {dag.py:3722} INFO - Setting next_dagrun for latest_only to 2023-12-18T17:03:17.495526+00:00, run_after=2023-12-18T21:03:17.495526+00:00
[2023-12-18T21:03:17.531+0000] {processor.py:179} INFO - Processing /home/airflow/.local/lib/python3.8/site-packages/airflow/example_dags/example_latest_only.py took 0.132 seconds
[2023-12-18T21:03:47.890+0000] {processor.py:157} INFO - Started process (PID=818) to work on /home/airflow/.local/lib/python3.8/site-packages/airflow/example_dags/example_latest_only.py
[2023-12-18T21:03:47.891+0000] {processor.py:829} INFO - Processing file /home/airflow/.local/lib/python3.8/site-packages/airflow/example_dags/example_latest_only.py for tasks to queue
[2023-12-18T21:03:47.895+0000] {logging_mixin.py:154} INFO - [2023-12-18T21:03:47.895+0000] {dagbag.py:536} INFO - Filling up the DagBag from /home/airflow/.local/lib/python3.8/site-packages/airflow/example_dags/example_latest_only.py
[2023-12-18T21:03:47.903+0000] {processor.py:839} INFO - DAG(s) dict_keys(['latest_only']) retrieved from /home/airflow/.local/lib/python3.8/site-packages/airflow/example_dags/example_latest_only.py
[2023-12-18T21:03:47.944+0000] {logging_mixin.py:154} INFO - [2023-12-18T21:03:47.943+0000] {dag.py:2941} INFO - Sync 1 DAGs
[2023-12-18T21:03:47.991+0000] {logging_mixin.py:154} INFO - [2023-12-18T21:03:47.991+0000] {dag.py:3722} INFO - Setting next_dagrun for latest_only to 2023-12-18T17:03:47.990595+00:00, run_after=2023-12-18T21:03:47.990595+00:00
[2023-12-18T21:03:48.027+0000] {processor.py:179} INFO - Processing /home/airflow/.local/lib/python3.8/site-packages/airflow/example_dags/example_latest_only.py took 0.143 seconds
[2023-12-18T21:04:18.732+0000] {processor.py:157} INFO - Started process (PID=872) to work on /home/airflow/.local/lib/python3.8/site-packages/airflow/example_dags/example_latest_only.py
[2023-12-18T21:04:18.733+0000] {processor.py:829} INFO - Processing file /home/airflow/.local/lib/python3.8/site-packages/airflow/example_dags/example_latest_only.py for tasks to queue
[2023-12-18T21:04:18.734+0000] {logging_mixin.py:154} INFO - [2023-12-18T21:04:18.734+0000] {dagbag.py:536} INFO - Filling up the DagBag from /home/airflow/.local/lib/python3.8/site-packages/airflow/example_dags/example_latest_only.py
[2023-12-18T21:04:18.738+0000] {processor.py:839} INFO - DAG(s) dict_keys(['latest_only']) retrieved from /home/airflow/.local/lib/python3.8/site-packages/airflow/example_dags/example_latest_only.py
[2023-12-18T21:04:18.754+0000] {logging_mixin.py:154} INFO - [2023-12-18T21:04:18.753+0000] {dag.py:2941} INFO - Sync 1 DAGs
[2023-12-18T21:04:18.772+0000] {logging_mixin.py:154} INFO - [2023-12-18T21:04:18.772+0000] {dag.py:3722} INFO - Setting next_dagrun for latest_only to 2023-12-18T17:04:18.771791+00:00, run_after=2023-12-18T21:04:18.771791+00:00
[2023-12-18T21:04:18.788+0000] {processor.py:179} INFO - Processing /home/airflow/.local/lib/python3.8/site-packages/airflow/example_dags/example_latest_only.py took 0.058 seconds
[2023-12-18T21:04:49.017+0000] {processor.py:157} INFO - Started process (PID=926) to work on /home/airflow/.local/lib/python3.8/site-packages/airflow/example_dags/example_latest_only.py
[2023-12-18T21:04:49.018+0000] {processor.py:829} INFO - Processing file /home/airflow/.local/lib/python3.8/site-packages/airflow/example_dags/example_latest_only.py for tasks to queue
[2023-12-18T21:04:49.019+0000] {logging_mixin.py:154} INFO - [2023-12-18T21:04:49.019+0000] {dagbag.py:536} INFO - Filling up the DagBag from /home/airflow/.local/lib/python3.8/site-packages/airflow/example_dags/example_latest_only.py
[2023-12-18T21:04:49.023+0000] {processor.py:839} INFO - DAG(s) dict_keys(['latest_only']) retrieved from /home/airflow/.local/lib/python3.8/site-packages/airflow/example_dags/example_latest_only.py
[2023-12-18T21:04:49.038+0000] {logging_mixin.py:154} INFO - [2023-12-18T21:04:49.038+0000] {dag.py:2941} INFO - Sync 1 DAGs
[2023-12-18T21:04:49.055+0000] {logging_mixin.py:154} INFO - [2023-12-18T21:04:49.055+0000] {dag.py:3722} INFO - Setting next_dagrun for latest_only to 2023-12-18T17:04:49.055181+00:00, run_after=2023-12-18T21:04:49.055181+00:00
[2023-12-18T21:04:49.070+0000] {processor.py:179} INFO - Processing /home/airflow/.local/lib/python3.8/site-packages/airflow/example_dags/example_latest_only.py took 0.056 seconds
[2023-12-18T21:05:19.425+0000] {processor.py:157} INFO - Started process (PID=980) to work on /home/airflow/.local/lib/python3.8/site-packages/airflow/example_dags/example_latest_only.py
[2023-12-18T21:05:19.426+0000] {processor.py:829} INFO - Processing file /home/airflow/.local/lib/python3.8/site-packages/airflow/example_dags/example_latest_only.py for tasks to queue
[2023-12-18T21:05:19.427+0000] {logging_mixin.py:154} INFO - [2023-12-18T21:05:19.427+0000] {dagbag.py:536} INFO - Filling up the DagBag from /home/airflow/.local/lib/python3.8/site-packages/airflow/example_dags/example_latest_only.py
[2023-12-18T21:05:19.431+0000] {processor.py:839} INFO - DAG(s) dict_keys(['latest_only']) retrieved from /home/airflow/.local/lib/python3.8/site-packages/airflow/example_dags/example_latest_only.py
[2023-12-18T21:05:19.446+0000] {logging_mixin.py:154} INFO - [2023-12-18T21:05:19.446+0000] {dag.py:2941} INFO - Sync 1 DAGs
[2023-12-18T21:05:19.464+0000] {logging_mixin.py:154} INFO - [2023-12-18T21:05:19.463+0000] {dag.py:3722} INFO - Setting next_dagrun for latest_only to 2023-12-18T17:05:19.463749+00:00, run_after=2023-12-18T21:05:19.463749+00:00
[2023-12-18T21:05:19.480+0000] {processor.py:179} INFO - Processing /home/airflow/.local/lib/python3.8/site-packages/airflow/example_dags/example_latest_only.py took 0.058 seconds
[2023-12-18T21:05:49.721+0000] {processor.py:157} INFO - Started process (PID=1034) to work on /home/airflow/.local/lib/python3.8/site-packages/airflow/example_dags/example_latest_only.py
[2023-12-18T21:05:49.722+0000] {processor.py:829} INFO - Processing file /home/airflow/.local/lib/python3.8/site-packages/airflow/example_dags/example_latest_only.py for tasks to queue
[2023-12-18T21:05:49.724+0000] {logging_mixin.py:154} INFO - [2023-12-18T21:05:49.723+0000] {dagbag.py:536} INFO - Filling up the DagBag from /home/airflow/.local/lib/python3.8/site-packages/airflow/example_dags/example_latest_only.py
[2023-12-18T21:05:49.727+0000] {processor.py:839} INFO - DAG(s) dict_keys(['latest_only']) retrieved from /home/airflow/.local/lib/python3.8/site-packages/airflow/example_dags/example_latest_only.py
[2023-12-18T21:05:49.742+0000] {logging_mixin.py:154} INFO - [2023-12-18T21:05:49.742+0000] {dag.py:2941} INFO - Sync 1 DAGs
[2023-12-18T21:05:49.759+0000] {logging_mixin.py:154} INFO - [2023-12-18T21:05:49.759+0000] {dag.py:3722} INFO - Setting next_dagrun for latest_only to 2023-12-18T17:05:49.759324+00:00, run_after=2023-12-18T21:05:49.759324+00:00
[2023-12-18T21:05:49.774+0000] {processor.py:179} INFO - Processing /home/airflow/.local/lib/python3.8/site-packages/airflow/example_dags/example_latest_only.py took 0.056 seconds
[2023-12-18T21:06:20.068+0000] {processor.py:157} INFO - Started process (PID=1088) to work on /home/airflow/.local/lib/python3.8/site-packages/airflow/example_dags/example_latest_only.py
[2023-12-18T21:06:20.068+0000] {processor.py:829} INFO - Processing file /home/airflow/.local/lib/python3.8/site-packages/airflow/example_dags/example_latest_only.py for tasks to queue
[2023-12-18T21:06:20.070+0000] {logging_mixin.py:154} INFO - [2023-12-18T21:06:20.070+0000] {dagbag.py:536} INFO - Filling up the DagBag from /home/airflow/.local/lib/python3.8/site-packages/airflow/example_dags/example_latest_only.py
[2023-12-18T21:06:20.074+0000] {processor.py:839} INFO - DAG(s) dict_keys(['latest_only']) retrieved from /home/airflow/.local/lib/python3.8/site-packages/airflow/example_dags/example_latest_only.py
[2023-12-18T21:06:20.089+0000] {logging_mixin.py:154} INFO - [2023-12-18T21:06:20.089+0000] {dag.py:2941} INFO - Sync 1 DAGs
[2023-12-18T21:06:20.108+0000] {logging_mixin.py:154} INFO - [2023-12-18T21:06:20.107+0000] {dag.py:3722} INFO - Setting next_dagrun for latest_only to 2023-12-18T17:06:20.107592+00:00, run_after=2023-12-18T21:06:20.107592+00:00
[2023-12-18T21:06:20.122+0000] {processor.py:179} INFO - Processing /home/airflow/.local/lib/python3.8/site-packages/airflow/example_dags/example_latest_only.py took 0.057 seconds
[2023-12-18T21:06:50.292+0000] {processor.py:157} INFO - Started process (PID=1142) to work on /home/airflow/.local/lib/python3.8/site-packages/airflow/example_dags/example_latest_only.py
[2023-12-18T21:06:50.292+0000] {processor.py:829} INFO - Processing file /home/airflow/.local/lib/python3.8/site-packages/airflow/example_dags/example_latest_only.py for tasks to queue
[2023-12-18T21:06:50.294+0000] {logging_mixin.py:154} INFO - [2023-12-18T21:06:50.294+0000] {dagbag.py:536} INFO - Filling up the DagBag from /home/airflow/.local/lib/python3.8/site-packages/airflow/example_dags/example_latest_only.py
[2023-12-18T21:06:50.298+0000] {processor.py:839} INFO - DAG(s) dict_keys(['latest_only']) retrieved from /home/airflow/.local/lib/python3.8/site-packages/airflow/example_dags/example_latest_only.py
[2023-12-18T21:06:50.313+0000] {logging_mixin.py:154} INFO - [2023-12-18T21:06:50.313+0000] {dag.py:2941} INFO - Sync 1 DAGs
[2023-12-18T21:06:50.331+0000] {logging_mixin.py:154} INFO - [2023-12-18T21:06:50.330+0000] {dag.py:3722} INFO - Setting next_dagrun for latest_only to 2023-12-18T17:06:50.330679+00:00, run_after=2023-12-18T21:06:50.330679+00:00
[2023-12-18T21:06:50.344+0000] {processor.py:179} INFO - Processing /home/airflow/.local/lib/python3.8/site-packages/airflow/example_dags/example_latest_only.py took 0.055 seconds
[2023-12-18T21:07:20.635+0000] {processor.py:157} INFO - Started process (PID=1196) to work on /home/airflow/.local/lib/python3.8/site-packages/airflow/example_dags/example_latest_only.py
[2023-12-18T21:07:20.636+0000] {processor.py:829} INFO - Processing file /home/airflow/.local/lib/python3.8/site-packages/airflow/example_dags/example_latest_only.py for tasks to queue
[2023-12-18T21:07:20.637+0000] {logging_mixin.py:154} INFO - [2023-12-18T21:07:20.637+0000] {dagbag.py:536} INFO - Filling up the DagBag from /home/airflow/.local/lib/python3.8/site-packages/airflow/example_dags/example_latest_only.py
[2023-12-18T21:07:20.641+0000] {processor.py:839} INFO - DAG(s) dict_keys(['latest_only']) retrieved from /home/airflow/.local/lib/python3.8/site-packages/airflow/example_dags/example_latest_only.py
[2023-12-18T21:07:20.656+0000] {logging_mixin.py:154} INFO - [2023-12-18T21:07:20.656+0000] {dag.py:2941} INFO - Sync 1 DAGs
[2023-12-18T21:07:20.672+0000] {logging_mixin.py:154} INFO - [2023-12-18T21:07:20.672+0000] {dag.py:3722} INFO - Setting next_dagrun for latest_only to 2023-12-18T17:07:20.672385+00:00, run_after=2023-12-18T21:07:20.672385+00:00
[2023-12-18T21:07:20.686+0000] {processor.py:179} INFO - Processing /home/airflow/.local/lib/python3.8/site-packages/airflow/example_dags/example_latest_only.py took 0.053 seconds
[2023-12-18T21:07:51.442+0000] {processor.py:157} INFO - Started process (PID=1250) to work on /home/airflow/.local/lib/python3.8/site-packages/airflow/example_dags/example_latest_only.py
[2023-12-18T21:07:51.442+0000] {processor.py:829} INFO - Processing file /home/airflow/.local/lib/python3.8/site-packages/airflow/example_dags/example_latest_only.py for tasks to queue
[2023-12-18T21:07:51.444+0000] {logging_mixin.py:154} INFO - [2023-12-18T21:07:51.444+0000] {dagbag.py:536} INFO - Filling up the DagBag from /home/airflow/.local/lib/python3.8/site-packages/airflow/example_dags/example_latest_only.py
[2023-12-18T21:07:51.447+0000] {processor.py:839} INFO - DAG(s) dict_keys(['latest_only']) retrieved from /home/airflow/.local/lib/python3.8/site-packages/airflow/example_dags/example_latest_only.py
[2023-12-18T21:07:51.463+0000] {logging_mixin.py:154} INFO - [2023-12-18T21:07:51.463+0000] {dag.py:2941} INFO - Sync 1 DAGs
[2023-12-18T21:07:51.480+0000] {logging_mixin.py:154} INFO - [2023-12-18T21:07:51.479+0000] {dag.py:3722} INFO - Setting next_dagrun for latest_only to 2023-12-18T17:07:51.479718+00:00, run_after=2023-12-18T21:07:51.479718+00:00
[2023-12-18T21:07:51.494+0000] {processor.py:179} INFO - Processing /home/airflow/.local/lib/python3.8/site-packages/airflow/example_dags/example_latest_only.py took 0.054 seconds
[2023-12-18T21:11:27.797+0000] {processor.py:157} INFO - Started process (PID=1295) to work on /home/airflow/.local/lib/python3.8/site-packages/airflow/example_dags/example_latest_only.py
[2023-12-18T21:11:27.798+0000] {processor.py:829} INFO - Processing file /home/airflow/.local/lib/python3.8/site-packages/airflow/example_dags/example_latest_only.py for tasks to queue
[2023-12-18T21:11:27.800+0000] {logging_mixin.py:154} INFO - [2023-12-18T21:11:27.799+0000] {dagbag.py:536} INFO - Filling up the DagBag from /home/airflow/.local/lib/python3.8/site-packages/airflow/example_dags/example_latest_only.py
[2023-12-18T21:11:27.804+0000] {processor.py:839} INFO - DAG(s) dict_keys(['latest_only']) retrieved from /home/airflow/.local/lib/python3.8/site-packages/airflow/example_dags/example_latest_only.py
[2023-12-18T21:11:27.819+0000] {logging_mixin.py:154} INFO - [2023-12-18T21:11:27.819+0000] {dag.py:2941} INFO - Sync 1 DAGs
[2023-12-18T21:11:27.838+0000] {logging_mixin.py:154} INFO - [2023-12-18T21:11:27.838+0000] {dag.py:3722} INFO - Setting next_dagrun for latest_only to 2023-12-18T17:11:27.838059+00:00, run_after=2023-12-18T21:11:27.838059+00:00
[2023-12-18T21:11:27.855+0000] {processor.py:179} INFO - Processing /home/airflow/.local/lib/python3.8/site-packages/airflow/example_dags/example_latest_only.py took 0.060 seconds
[2023-12-18T21:11:58.099+0000] {processor.py:157} INFO - Started process (PID=1349) to work on /home/airflow/.local/lib/python3.8/site-packages/airflow/example_dags/example_latest_only.py
[2023-12-18T21:11:58.100+0000] {processor.py:829} INFO - Processing file /home/airflow/.local/lib/python3.8/site-packages/airflow/example_dags/example_latest_only.py for tasks to queue
[2023-12-18T21:11:58.102+0000] {logging_mixin.py:154} INFO - [2023-12-18T21:11:58.101+0000] {dagbag.py:536} INFO - Filling up the DagBag from /home/airflow/.local/lib/python3.8/site-packages/airflow/example_dags/example_latest_only.py
[2023-12-18T21:11:58.105+0000] {processor.py:839} INFO - DAG(s) dict_keys(['latest_only']) retrieved from /home/airflow/.local/lib/python3.8/site-packages/airflow/example_dags/example_latest_only.py
[2023-12-18T21:11:58.121+0000] {logging_mixin.py:154} INFO - [2023-12-18T21:11:58.121+0000] {dag.py:2941} INFO - Sync 1 DAGs
[2023-12-18T21:11:58.140+0000] {logging_mixin.py:154} INFO - [2023-12-18T21:11:58.140+0000] {dag.py:3722} INFO - Setting next_dagrun for latest_only to 2023-12-18T17:11:58.140246+00:00, run_after=2023-12-18T21:11:58.140246+00:00
[2023-12-18T21:11:58.157+0000] {processor.py:179} INFO - Processing /home/airflow/.local/lib/python3.8/site-packages/airflow/example_dags/example_latest_only.py took 0.060 seconds
[2023-12-18T21:12:28.439+0000] {processor.py:157} INFO - Started process (PID=1403) to work on /home/airflow/.local/lib/python3.8/site-packages/airflow/example_dags/example_latest_only.py
[2023-12-18T21:12:28.440+0000] {processor.py:829} INFO - Processing file /home/airflow/.local/lib/python3.8/site-packages/airflow/example_dags/example_latest_only.py for tasks to queue
[2023-12-18T21:12:28.441+0000] {logging_mixin.py:154} INFO - [2023-12-18T21:12:28.441+0000] {dagbag.py:536} INFO - Filling up the DagBag from /home/airflow/.local/lib/python3.8/site-packages/airflow/example_dags/example_latest_only.py
[2023-12-18T21:12:28.445+0000] {processor.py:839} INFO - DAG(s) dict_keys(['latest_only']) retrieved from /home/airflow/.local/lib/python3.8/site-packages/airflow/example_dags/example_latest_only.py
[2023-12-18T21:12:28.460+0000] {logging_mixin.py:154} INFO - [2023-12-18T21:12:28.460+0000] {dag.py:2941} INFO - Sync 1 DAGs
[2023-12-18T21:12:28.477+0000] {logging_mixin.py:154} INFO - [2023-12-18T21:12:28.477+0000] {dag.py:3722} INFO - Setting next_dagrun for latest_only to 2023-12-18T17:12:28.477463+00:00, run_after=2023-12-18T21:12:28.477463+00:00
[2023-12-18T21:12:28.493+0000] {processor.py:179} INFO - Processing /home/airflow/.local/lib/python3.8/site-packages/airflow/example_dags/example_latest_only.py took 0.056 seconds
[2023-12-18T21:12:58.775+0000] {processor.py:157} INFO - Started process (PID=1457) to work on /home/airflow/.local/lib/python3.8/site-packages/airflow/example_dags/example_latest_only.py
[2023-12-18T21:12:58.776+0000] {processor.py:829} INFO - Processing file /home/airflow/.local/lib/python3.8/site-packages/airflow/example_dags/example_latest_only.py for tasks to queue
[2023-12-18T21:12:58.778+0000] {logging_mixin.py:154} INFO - [2023-12-18T21:12:58.778+0000] {dagbag.py:536} INFO - Filling up the DagBag from /home/airflow/.local/lib/python3.8/site-packages/airflow/example_dags/example_latest_only.py
[2023-12-18T21:12:58.782+0000] {processor.py:839} INFO - DAG(s) dict_keys(['latest_only']) retrieved from /home/airflow/.local/lib/python3.8/site-packages/airflow/example_dags/example_latest_only.py
[2023-12-18T21:12:58.797+0000] {logging_mixin.py:154} INFO - [2023-12-18T21:12:58.797+0000] {dag.py:2941} INFO - Sync 1 DAGs
[2023-12-18T21:12:58.816+0000] {logging_mixin.py:154} INFO - [2023-12-18T21:12:58.815+0000] {dag.py:3722} INFO - Setting next_dagrun for latest_only to 2023-12-18T17:12:58.815578+00:00, run_after=2023-12-18T21:12:58.815578+00:00
[2023-12-18T21:12:58.832+0000] {processor.py:179} INFO - Processing /home/airflow/.local/lib/python3.8/site-packages/airflow/example_dags/example_latest_only.py took 0.059 seconds
[2023-12-18T21:13:29.060+0000] {processor.py:157} INFO - Started process (PID=1511) to work on /home/airflow/.local/lib/python3.8/site-packages/airflow/example_dags/example_latest_only.py
[2023-12-18T21:13:29.061+0000] {processor.py:829} INFO - Processing file /home/airflow/.local/lib/python3.8/site-packages/airflow/example_dags/example_latest_only.py for tasks to queue
[2023-12-18T21:13:29.062+0000] {logging_mixin.py:154} INFO - [2023-12-18T21:13:29.062+0000] {dagbag.py:536} INFO - Filling up the DagBag from /home/airflow/.local/lib/python3.8/site-packages/airflow/example_dags/example_latest_only.py
[2023-12-18T21:13:29.066+0000] {processor.py:839} INFO - DAG(s) dict_keys(['latest_only']) retrieved from /home/airflow/.local/lib/python3.8/site-packages/airflow/example_dags/example_latest_only.py
[2023-12-18T21:13:29.082+0000] {logging_mixin.py:154} INFO - [2023-12-18T21:13:29.082+0000] {dag.py:2941} INFO - Sync 1 DAGs
[2023-12-18T21:13:29.102+0000] {logging_mixin.py:154} INFO - [2023-12-18T21:13:29.101+0000] {dag.py:3722} INFO - Setting next_dagrun for latest_only to 2023-12-18T17:13:29.101545+00:00, run_after=2023-12-18T21:13:29.101545+00:00
[2023-12-18T21:13:29.118+0000] {processor.py:179} INFO - Processing /home/airflow/.local/lib/python3.8/site-packages/airflow/example_dags/example_latest_only.py took 0.062 seconds
[2023-12-18T21:13:59.587+0000] {processor.py:157} INFO - Started process (PID=1565) to work on /home/airflow/.local/lib/python3.8/site-packages/airflow/example_dags/example_latest_only.py
[2023-12-18T21:13:59.588+0000] {processor.py:829} INFO - Processing file /home/airflow/.local/lib/python3.8/site-packages/airflow/example_dags/example_latest_only.py for tasks to queue
[2023-12-18T21:13:59.589+0000] {logging_mixin.py:154} INFO - [2023-12-18T21:13:59.589+0000] {dagbag.py:536} INFO - Filling up the DagBag from /home/airflow/.local/lib/python3.8/site-packages/airflow/example_dags/example_latest_only.py
[2023-12-18T21:13:59.593+0000] {processor.py:839} INFO - DAG(s) dict_keys(['latest_only']) retrieved from /home/airflow/.local/lib/python3.8/site-packages/airflow/example_dags/example_latest_only.py
[2023-12-18T21:13:59.608+0000] {logging_mixin.py:154} INFO - [2023-12-18T21:13:59.608+0000] {dag.py:2941} INFO - Sync 1 DAGs
[2023-12-18T21:13:59.626+0000] {logging_mixin.py:154} INFO - [2023-12-18T21:13:59.626+0000] {dag.py:3722} INFO - Setting next_dagrun for latest_only to 2023-12-18T17:13:59.626278+00:00, run_after=2023-12-18T21:13:59.626278+00:00
[2023-12-18T21:13:59.641+0000] {processor.py:179} INFO - Processing /home/airflow/.local/lib/python3.8/site-packages/airflow/example_dags/example_latest_only.py took 0.056 seconds
[2023-12-18T21:14:29.964+0000] {processor.py:157} INFO - Started process (PID=1619) to work on /home/airflow/.local/lib/python3.8/site-packages/airflow/example_dags/example_latest_only.py
[2023-12-18T21:14:29.964+0000] {processor.py:829} INFO - Processing file /home/airflow/.local/lib/python3.8/site-packages/airflow/example_dags/example_latest_only.py for tasks to queue
[2023-12-18T21:14:29.966+0000] {logging_mixin.py:154} INFO - [2023-12-18T21:14:29.966+0000] {dagbag.py:536} INFO - Filling up the DagBag from /home/airflow/.local/lib/python3.8/site-packages/airflow/example_dags/example_latest_only.py
[2023-12-18T21:14:29.970+0000] {processor.py:839} INFO - DAG(s) dict_keys(['latest_only']) retrieved from /home/airflow/.local/lib/python3.8/site-packages/airflow/example_dags/example_latest_only.py
[2023-12-18T21:14:29.985+0000] {logging_mixin.py:154} INFO - [2023-12-18T21:14:29.985+0000] {dag.py:2941} INFO - Sync 1 DAGs
[2023-12-18T21:14:30.002+0000] {logging_mixin.py:154} INFO - [2023-12-18T21:14:30.002+0000] {dag.py:3722} INFO - Setting next_dagrun for latest_only to 2023-12-18T17:14:30.001995+00:00, run_after=2023-12-18T21:14:30.001995+00:00
[2023-12-18T21:14:30.017+0000] {processor.py:179} INFO - Processing /home/airflow/.local/lib/python3.8/site-packages/airflow/example_dags/example_latest_only.py took 0.056 seconds
[2023-12-18T21:15:00.387+0000] {processor.py:157} INFO - Started process (PID=1673) to work on /home/airflow/.local/lib/python3.8/site-packages/airflow/example_dags/example_latest_only.py
[2023-12-18T21:15:00.388+0000] {processor.py:829} INFO - Processing file /home/airflow/.local/lib/python3.8/site-packages/airflow/example_dags/example_latest_only.py for tasks to queue
[2023-12-18T21:15:00.389+0000] {logging_mixin.py:154} INFO - [2023-12-18T21:15:00.389+0000] {dagbag.py:536} INFO - Filling up the DagBag from /home/airflow/.local/lib/python3.8/site-packages/airflow/example_dags/example_latest_only.py
[2023-12-18T21:15:00.393+0000] {processor.py:839} INFO - DAG(s) dict_keys(['latest_only']) retrieved from /home/airflow/.local/lib/python3.8/site-packages/airflow/example_dags/example_latest_only.py
[2023-12-18T21:15:00.410+0000] {logging_mixin.py:154} INFO - [2023-12-18T21:15:00.410+0000] {dag.py:2941} INFO - Sync 1 DAGs
[2023-12-18T21:15:00.428+0000] {logging_mixin.py:154} INFO - [2023-12-18T21:15:00.428+0000] {dag.py:3722} INFO - Setting next_dagrun for latest_only to 2023-12-18T17:15:00.427980+00:00, run_after=2023-12-18T21:15:00.427980+00:00
[2023-12-18T21:15:00.444+0000] {processor.py:179} INFO - Processing /home/airflow/.local/lib/python3.8/site-packages/airflow/example_dags/example_latest_only.py took 0.059 seconds
[2023-12-18T21:15:30.780+0000] {processor.py:157} INFO - Started process (PID=1727) to work on /home/airflow/.local/lib/python3.8/site-packages/airflow/example_dags/example_latest_only.py
[2023-12-18T21:15:30.781+0000] {processor.py:829} INFO - Processing file /home/airflow/.local/lib/python3.8/site-packages/airflow/example_dags/example_latest_only.py for tasks to queue
[2023-12-18T21:15:30.782+0000] {logging_mixin.py:154} INFO - [2023-12-18T21:15:30.782+0000] {dagbag.py:536} INFO - Filling up the DagBag from /home/airflow/.local/lib/python3.8/site-packages/airflow/example_dags/example_latest_only.py
[2023-12-18T21:15:30.786+0000] {processor.py:839} INFO - DAG(s) dict_keys(['latest_only']) retrieved from /home/airflow/.local/lib/python3.8/site-packages/airflow/example_dags/example_latest_only.py
[2023-12-18T21:15:30.802+0000] {logging_mixin.py:154} INFO - [2023-12-18T21:15:30.802+0000] {dag.py:2941} INFO - Sync 1 DAGs
[2023-12-18T21:15:30.818+0000] {logging_mixin.py:154} INFO - [2023-12-18T21:15:30.818+0000] {dag.py:3722} INFO - Setting next_dagrun for latest_only to 2023-12-18T17:15:30.818573+00:00, run_after=2023-12-18T21:15:30.818573+00:00
[2023-12-18T21:15:30.832+0000] {processor.py:179} INFO - Processing /home/airflow/.local/lib/python3.8/site-packages/airflow/example_dags/example_latest_only.py took 0.055 seconds
[2023-12-18T21:16:01.193+0000] {processor.py:157} INFO - Started process (PID=1781) to work on /home/airflow/.local/lib/python3.8/site-packages/airflow/example_dags/example_latest_only.py
[2023-12-18T21:16:01.194+0000] {processor.py:829} INFO - Processing file /home/airflow/.local/lib/python3.8/site-packages/airflow/example_dags/example_latest_only.py for tasks to queue
[2023-12-18T21:16:01.195+0000] {logging_mixin.py:154} INFO - [2023-12-18T21:16:01.195+0000] {dagbag.py:536} INFO - Filling up the DagBag from /home/airflow/.local/lib/python3.8/site-packages/airflow/example_dags/example_latest_only.py
[2023-12-18T21:16:01.199+0000] {processor.py:839} INFO - DAG(s) dict_keys(['latest_only']) retrieved from /home/airflow/.local/lib/python3.8/site-packages/airflow/example_dags/example_latest_only.py
[2023-12-18T21:16:01.215+0000] {logging_mixin.py:154} INFO - [2023-12-18T21:16:01.214+0000] {dag.py:2941} INFO - Sync 1 DAGs
[2023-12-18T21:16:01.232+0000] {logging_mixin.py:154} INFO - [2023-12-18T21:16:01.232+0000] {dag.py:3722} INFO - Setting next_dagrun for latest_only to 2023-12-18T17:16:01.232516+00:00, run_after=2023-12-18T21:16:01.232516+00:00
[2023-12-18T21:16:01.248+0000] {processor.py:179} INFO - Processing /home/airflow/.local/lib/python3.8/site-packages/airflow/example_dags/example_latest_only.py took 0.057 seconds
[2023-12-18T21:16:31.527+0000] {processor.py:157} INFO - Started process (PID=1835) to work on /home/airflow/.local/lib/python3.8/site-packages/airflow/example_dags/example_latest_only.py
[2023-12-18T21:16:31.528+0000] {processor.py:829} INFO - Processing file /home/airflow/.local/lib/python3.8/site-packages/airflow/example_dags/example_latest_only.py for tasks to queue
[2023-12-18T21:16:31.530+0000] {logging_mixin.py:154} INFO - [2023-12-18T21:16:31.530+0000] {dagbag.py:536} INFO - Filling up the DagBag from /home/airflow/.local/lib/python3.8/site-packages/airflow/example_dags/example_latest_only.py
[2023-12-18T21:16:31.533+0000] {processor.py:839} INFO - DAG(s) dict_keys(['latest_only']) retrieved from /home/airflow/.local/lib/python3.8/site-packages/airflow/example_dags/example_latest_only.py
[2023-12-18T21:16:31.549+0000] {logging_mixin.py:154} INFO - [2023-12-18T21:16:31.549+0000] {dag.py:2941} INFO - Sync 1 DAGs
[2023-12-18T21:16:31.569+0000] {logging_mixin.py:154} INFO - [2023-12-18T21:16:31.569+0000] {dag.py:3722} INFO - Setting next_dagrun for latest_only to 2023-12-18T17:16:31.569009+00:00, run_after=2023-12-18T21:16:31.569009+00:00
[2023-12-18T21:16:31.584+0000] {processor.py:179} INFO - Processing /home/airflow/.local/lib/python3.8/site-packages/airflow/example_dags/example_latest_only.py took 0.059 seconds
[2023-12-18T21:17:01.995+0000] {processor.py:157} INFO - Started process (PID=1889) to work on /home/airflow/.local/lib/python3.8/site-packages/airflow/example_dags/example_latest_only.py
[2023-12-18T21:17:01.996+0000] {processor.py:829} INFO - Processing file /home/airflow/.local/lib/python3.8/site-packages/airflow/example_dags/example_latest_only.py for tasks to queue
[2023-12-18T21:17:01.997+0000] {logging_mixin.py:154} INFO - [2023-12-18T21:17:01.997+0000] {dagbag.py:536} INFO - Filling up the DagBag from /home/airflow/.local/lib/python3.8/site-packages/airflow/example_dags/example_latest_only.py
[2023-12-18T21:17:02.001+0000] {processor.py:839} INFO - DAG(s) dict_keys(['latest_only']) retrieved from /home/airflow/.local/lib/python3.8/site-packages/airflow/example_dags/example_latest_only.py
[2023-12-18T21:17:02.017+0000] {logging_mixin.py:154} INFO - [2023-12-18T21:17:02.016+0000] {dag.py:2941} INFO - Sync 1 DAGs
[2023-12-18T21:17:02.034+0000] {logging_mixin.py:154} INFO - [2023-12-18T21:17:02.033+0000] {dag.py:3722} INFO - Setting next_dagrun for latest_only to 2023-12-18T17:17:02.033739+00:00, run_after=2023-12-18T21:17:02.033739+00:00
[2023-12-18T21:17:02.186+0000] {processor.py:179} INFO - Processing /home/airflow/.local/lib/python3.8/site-packages/airflow/example_dags/example_latest_only.py took 0.196 seconds
[2023-12-18T21:17:32.911+0000] {processor.py:157} INFO - Started process (PID=1943) to work on /home/airflow/.local/lib/python3.8/site-packages/airflow/example_dags/example_latest_only.py
[2023-12-18T21:17:32.911+0000] {processor.py:829} INFO - Processing file /home/airflow/.local/lib/python3.8/site-packages/airflow/example_dags/example_latest_only.py for tasks to queue
[2023-12-18T21:17:32.913+0000] {logging_mixin.py:154} INFO - [2023-12-18T21:17:32.913+0000] {dagbag.py:536} INFO - Filling up the DagBag from /home/airflow/.local/lib/python3.8/site-packages/airflow/example_dags/example_latest_only.py
[2023-12-18T21:17:32.917+0000] {processor.py:839} INFO - DAG(s) dict_keys(['latest_only']) retrieved from /home/airflow/.local/lib/python3.8/site-packages/airflow/example_dags/example_latest_only.py
[2023-12-18T21:17:32.933+0000] {logging_mixin.py:154} INFO - [2023-12-18T21:17:32.933+0000] {dag.py:2941} INFO - Sync 1 DAGs
[2023-12-18T21:17:32.954+0000] {logging_mixin.py:154} INFO - [2023-12-18T21:17:32.954+0000] {dag.py:3722} INFO - Setting next_dagrun for latest_only to 2023-12-18T17:17:32.953874+00:00, run_after=2023-12-18T21:17:32.953874+00:00
[2023-12-18T21:17:32.971+0000] {processor.py:179} INFO - Processing /home/airflow/.local/lib/python3.8/site-packages/airflow/example_dags/example_latest_only.py took 0.063 seconds
[2023-12-18T21:18:03.152+0000] {processor.py:157} INFO - Started process (PID=1997) to work on /home/airflow/.local/lib/python3.8/site-packages/airflow/example_dags/example_latest_only.py
[2023-12-18T21:18:03.152+0000] {processor.py:829} INFO - Processing file /home/airflow/.local/lib/python3.8/site-packages/airflow/example_dags/example_latest_only.py for tasks to queue
[2023-12-18T21:18:03.154+0000] {logging_mixin.py:154} INFO - [2023-12-18T21:18:03.154+0000] {dagbag.py:536} INFO - Filling up the DagBag from /home/airflow/.local/lib/python3.8/site-packages/airflow/example_dags/example_latest_only.py
[2023-12-18T21:18:03.158+0000] {processor.py:839} INFO - DAG(s) dict_keys(['latest_only']) retrieved from /home/airflow/.local/lib/python3.8/site-packages/airflow/example_dags/example_latest_only.py
[2023-12-18T21:18:03.174+0000] {logging_mixin.py:154} INFO - [2023-12-18T21:18:03.174+0000] {dag.py:2941} INFO - Sync 1 DAGs
[2023-12-18T21:18:03.192+0000] {logging_mixin.py:154} INFO - [2023-12-18T21:18:03.192+0000] {dag.py:3722} INFO - Setting next_dagrun for latest_only to 2023-12-18T17:18:03.192558+00:00, run_after=2023-12-18T21:18:03.192558+00:00
[2023-12-18T21:18:03.208+0000] {processor.py:179} INFO - Processing /home/airflow/.local/lib/python3.8/site-packages/airflow/example_dags/example_latest_only.py took 0.058 seconds
[2023-12-18T21:18:33.439+0000] {processor.py:157} INFO - Started process (PID=2051) to work on /home/airflow/.local/lib/python3.8/site-packages/airflow/example_dags/example_latest_only.py
[2023-12-18T21:18:33.440+0000] {processor.py:829} INFO - Processing file /home/airflow/.local/lib/python3.8/site-packages/airflow/example_dags/example_latest_only.py for tasks to queue
[2023-12-18T21:18:33.441+0000] {logging_mixin.py:154} INFO - [2023-12-18T21:18:33.441+0000] {dagbag.py:536} INFO - Filling up the DagBag from /home/airflow/.local/lib/python3.8/site-packages/airflow/example_dags/example_latest_only.py
[2023-12-18T21:18:33.445+0000] {processor.py:839} INFO - DAG(s) dict_keys(['latest_only']) retrieved from /home/airflow/.local/lib/python3.8/site-packages/airflow/example_dags/example_latest_only.py
[2023-12-18T21:18:33.462+0000] {logging_mixin.py:154} INFO - [2023-12-18T21:18:33.462+0000] {dag.py:2941} INFO - Sync 1 DAGs
[2023-12-18T21:18:33.483+0000] {logging_mixin.py:154} INFO - [2023-12-18T21:18:33.483+0000] {dag.py:3722} INFO - Setting next_dagrun for latest_only to 2023-12-18T17:18:33.483504+00:00, run_after=2023-12-18T21:18:33.483504+00:00
[2023-12-18T21:18:33.499+0000] {processor.py:179} INFO - Processing /home/airflow/.local/lib/python3.8/site-packages/airflow/example_dags/example_latest_only.py took 0.062 seconds
[2023-12-18T21:19:03.963+0000] {processor.py:157} INFO - Started process (PID=2105) to work on /home/airflow/.local/lib/python3.8/site-packages/airflow/example_dags/example_latest_only.py
[2023-12-18T21:19:03.964+0000] {processor.py:829} INFO - Processing file /home/airflow/.local/lib/python3.8/site-packages/airflow/example_dags/example_latest_only.py for tasks to queue
[2023-12-18T21:19:03.966+0000] {logging_mixin.py:154} INFO - [2023-12-18T21:19:03.965+0000] {dagbag.py:536} INFO - Filling up the DagBag from /home/airflow/.local/lib/python3.8/site-packages/airflow/example_dags/example_latest_only.py
[2023-12-18T21:19:03.969+0000] {processor.py:839} INFO - DAG(s) dict_keys(['latest_only']) retrieved from /home/airflow/.local/lib/python3.8/site-packages/airflow/example_dags/example_latest_only.py
[2023-12-18T21:19:03.985+0000] {logging_mixin.py:154} INFO - [2023-12-18T21:19:03.985+0000] {dag.py:2941} INFO - Sync 1 DAGs
[2023-12-18T21:19:04.004+0000] {logging_mixin.py:154} INFO - [2023-12-18T21:19:04.004+0000] {dag.py:3722} INFO - Setting next_dagrun for latest_only to 2023-12-18T17:19:04.003920+00:00, run_after=2023-12-18T21:19:04.003920+00:00
[2023-12-18T21:19:04.176+0000] {processor.py:179} INFO - Processing /home/airflow/.local/lib/python3.8/site-packages/airflow/example_dags/example_latest_only.py took 0.215 seconds
[2023-12-18T21:19:34.320+0000] {processor.py:157} INFO - Started process (PID=2159) to work on /home/airflow/.local/lib/python3.8/site-packages/airflow/example_dags/example_latest_only.py
[2023-12-18T21:19:34.321+0000] {processor.py:829} INFO - Processing file /home/airflow/.local/lib/python3.8/site-packages/airflow/example_dags/example_latest_only.py for tasks to queue
[2023-12-18T21:19:34.322+0000] {logging_mixin.py:154} INFO - [2023-12-18T21:19:34.322+0000] {dagbag.py:536} INFO - Filling up the DagBag from /home/airflow/.local/lib/python3.8/site-packages/airflow/example_dags/example_latest_only.py
[2023-12-18T21:19:34.326+0000] {processor.py:839} INFO - DAG(s) dict_keys(['latest_only']) retrieved from /home/airflow/.local/lib/python3.8/site-packages/airflow/example_dags/example_latest_only.py
[2023-12-18T21:19:34.341+0000] {logging_mixin.py:154} INFO - [2023-12-18T21:19:34.341+0000] {dag.py:2941} INFO - Sync 1 DAGs
[2023-12-18T21:19:34.358+0000] {logging_mixin.py:154} INFO - [2023-12-18T21:19:34.358+0000] {dag.py:3722} INFO - Setting next_dagrun for latest_only to 2023-12-18T17:19:34.358229+00:00, run_after=2023-12-18T21:19:34.358229+00:00
[2023-12-18T21:19:34.372+0000] {processor.py:179} INFO - Processing /home/airflow/.local/lib/python3.8/site-packages/airflow/example_dags/example_latest_only.py took 0.055 seconds
[2023-12-18T21:20:04.683+0000] {processor.py:157} INFO - Started process (PID=2213) to work on /home/airflow/.local/lib/python3.8/site-packages/airflow/example_dags/example_latest_only.py
[2023-12-18T21:20:04.684+0000] {processor.py:829} INFO - Processing file /home/airflow/.local/lib/python3.8/site-packages/airflow/example_dags/example_latest_only.py for tasks to queue
[2023-12-18T21:20:04.685+0000] {logging_mixin.py:154} INFO - [2023-12-18T21:20:04.685+0000] {dagbag.py:536} INFO - Filling up the DagBag from /home/airflow/.local/lib/python3.8/site-packages/airflow/example_dags/example_latest_only.py
[2023-12-18T21:20:04.689+0000] {processor.py:839} INFO - DAG(s) dict_keys(['latest_only']) retrieved from /home/airflow/.local/lib/python3.8/site-packages/airflow/example_dags/example_latest_only.py
[2023-12-18T21:20:04.705+0000] {logging_mixin.py:154} INFO - [2023-12-18T21:20:04.705+0000] {dag.py:2941} INFO - Sync 1 DAGs
[2023-12-18T21:20:04.724+0000] {logging_mixin.py:154} INFO - [2023-12-18T21:20:04.724+0000] {dag.py:3722} INFO - Setting next_dagrun for latest_only to 2023-12-18T17:20:04.724125+00:00, run_after=2023-12-18T21:20:04.724125+00:00
[2023-12-18T21:20:04.739+0000] {processor.py:179} INFO - Processing /home/airflow/.local/lib/python3.8/site-packages/airflow/example_dags/example_latest_only.py took 0.059 seconds
[2023-12-18T21:20:36.283+0000] {processor.py:157} INFO - Started process (PID=2267) to work on /home/airflow/.local/lib/python3.8/site-packages/airflow/example_dags/example_latest_only.py
[2023-12-18T21:20:36.283+0000] {processor.py:829} INFO - Processing file /home/airflow/.local/lib/python3.8/site-packages/airflow/example_dags/example_latest_only.py for tasks to queue
[2023-12-18T21:20:36.285+0000] {logging_mixin.py:154} INFO - [2023-12-18T21:20:36.285+0000] {dagbag.py:536} INFO - Filling up the DagBag from /home/airflow/.local/lib/python3.8/site-packages/airflow/example_dags/example_latest_only.py
[2023-12-18T21:20:36.289+0000] {processor.py:839} INFO - DAG(s) dict_keys(['latest_only']) retrieved from /home/airflow/.local/lib/python3.8/site-packages/airflow/example_dags/example_latest_only.py
[2023-12-18T21:20:36.306+0000] {logging_mixin.py:154} INFO - [2023-12-18T21:20:36.305+0000] {dag.py:2941} INFO - Sync 1 DAGs
[2023-12-18T21:20:36.457+0000] {logging_mixin.py:154} INFO - [2023-12-18T21:20:36.456+0000] {dag.py:3722} INFO - Setting next_dagrun for latest_only to 2023-12-18T17:20:36.456738+00:00, run_after=2023-12-18T21:20:36.456738+00:00
[2023-12-18T21:20:36.475+0000] {processor.py:179} INFO - Processing /home/airflow/.local/lib/python3.8/site-packages/airflow/example_dags/example_latest_only.py took 0.195 seconds
[2023-12-18T21:21:06.807+0000] {processor.py:157} INFO - Started process (PID=2321) to work on /home/airflow/.local/lib/python3.8/site-packages/airflow/example_dags/example_latest_only.py
[2023-12-18T21:21:06.808+0000] {processor.py:829} INFO - Processing file /home/airflow/.local/lib/python3.8/site-packages/airflow/example_dags/example_latest_only.py for tasks to queue
[2023-12-18T21:21:06.809+0000] {logging_mixin.py:154} INFO - [2023-12-18T21:21:06.809+0000] {dagbag.py:536} INFO - Filling up the DagBag from /home/airflow/.local/lib/python3.8/site-packages/airflow/example_dags/example_latest_only.py
[2023-12-18T21:21:06.813+0000] {processor.py:839} INFO - DAG(s) dict_keys(['latest_only']) retrieved from /home/airflow/.local/lib/python3.8/site-packages/airflow/example_dags/example_latest_only.py
[2023-12-18T21:21:06.829+0000] {logging_mixin.py:154} INFO - [2023-12-18T21:21:06.828+0000] {dag.py:2941} INFO - Sync 1 DAGs
[2023-12-18T21:21:06.848+0000] {logging_mixin.py:154} INFO - [2023-12-18T21:21:06.847+0000] {dag.py:3722} INFO - Setting next_dagrun for latest_only to 2023-12-18T17:21:06.847636+00:00, run_after=2023-12-18T21:21:06.847636+00:00
[2023-12-18T21:21:07.004+0000] {processor.py:179} INFO - Processing /home/airflow/.local/lib/python3.8/site-packages/airflow/example_dags/example_latest_only.py took 0.199 seconds
[2023-12-18T21:21:37.172+0000] {processor.py:157} INFO - Started process (PID=2375) to work on /home/airflow/.local/lib/python3.8/site-packages/airflow/example_dags/example_latest_only.py
[2023-12-18T21:21:37.173+0000] {processor.py:829} INFO - Processing file /home/airflow/.local/lib/python3.8/site-packages/airflow/example_dags/example_latest_only.py for tasks to queue
[2023-12-18T21:21:37.175+0000] {logging_mixin.py:154} INFO - [2023-12-18T21:21:37.175+0000] {dagbag.py:536} INFO - Filling up the DagBag from /home/airflow/.local/lib/python3.8/site-packages/airflow/example_dags/example_latest_only.py
[2023-12-18T21:21:37.179+0000] {processor.py:839} INFO - DAG(s) dict_keys(['latest_only']) retrieved from /home/airflow/.local/lib/python3.8/site-packages/airflow/example_dags/example_latest_only.py
[2023-12-18T21:21:37.195+0000] {logging_mixin.py:154} INFO - [2023-12-18T21:21:37.195+0000] {dag.py:2941} INFO - Sync 1 DAGs
[2023-12-18T21:21:37.214+0000] {logging_mixin.py:154} INFO - [2023-12-18T21:21:37.214+0000] {dag.py:3722} INFO - Setting next_dagrun for latest_only to 2023-12-18T17:21:37.214050+00:00, run_after=2023-12-18T21:21:37.214050+00:00
[2023-12-18T21:21:37.232+0000] {processor.py:179} INFO - Processing /home/airflow/.local/lib/python3.8/site-packages/airflow/example_dags/example_latest_only.py took 0.062 seconds
[2023-12-18T21:22:08.596+0000] {processor.py:157} INFO - Started process (PID=2429) to work on /home/airflow/.local/lib/python3.8/site-packages/airflow/example_dags/example_latest_only.py
[2023-12-18T21:22:08.597+0000] {processor.py:829} INFO - Processing file /home/airflow/.local/lib/python3.8/site-packages/airflow/example_dags/example_latest_only.py for tasks to queue
[2023-12-18T21:22:08.599+0000] {logging_mixin.py:154} INFO - [2023-12-18T21:22:08.598+0000] {dagbag.py:536} INFO - Filling up the DagBag from /home/airflow/.local/lib/python3.8/site-packages/airflow/example_dags/example_latest_only.py
[2023-12-18T21:22:08.740+0000] {processor.py:839} INFO - DAG(s) dict_keys(['latest_only']) retrieved from /home/airflow/.local/lib/python3.8/site-packages/airflow/example_dags/example_latest_only.py
[2023-12-18T21:22:08.760+0000] {logging_mixin.py:154} INFO - [2023-12-18T21:22:08.760+0000] {dag.py:2941} INFO - Sync 1 DAGs
[2023-12-18T21:22:08.780+0000] {logging_mixin.py:154} INFO - [2023-12-18T21:22:08.780+0000] {dag.py:3722} INFO - Setting next_dagrun for latest_only to 2023-12-18T17:22:08.780027+00:00, run_after=2023-12-18T21:22:08.780027+00:00
[2023-12-18T21:22:08.799+0000] {processor.py:179} INFO - Processing /home/airflow/.local/lib/python3.8/site-packages/airflow/example_dags/example_latest_only.py took 0.205 seconds
[2023-12-18T21:22:39.689+0000] {processor.py:157} INFO - Started process (PID=2483) to work on /home/airflow/.local/lib/python3.8/site-packages/airflow/example_dags/example_latest_only.py
[2023-12-18T21:22:39.690+0000] {processor.py:829} INFO - Processing file /home/airflow/.local/lib/python3.8/site-packages/airflow/example_dags/example_latest_only.py for tasks to queue
[2023-12-18T21:22:39.692+0000] {logging_mixin.py:154} INFO - [2023-12-18T21:22:39.692+0000] {dagbag.py:536} INFO - Filling up the DagBag from /home/airflow/.local/lib/python3.8/site-packages/airflow/example_dags/example_latest_only.py
[2023-12-18T21:22:39.696+0000] {processor.py:839} INFO - DAG(s) dict_keys(['latest_only']) retrieved from /home/airflow/.local/lib/python3.8/site-packages/airflow/example_dags/example_latest_only.py
[2023-12-18T21:22:39.711+0000] {logging_mixin.py:154} INFO - [2023-12-18T21:22:39.711+0000] {dag.py:2941} INFO - Sync 1 DAGs
[2023-12-18T21:22:39.730+0000] {logging_mixin.py:154} INFO - [2023-12-18T21:22:39.730+0000] {dag.py:3722} INFO - Setting next_dagrun for latest_only to 2023-12-18T17:22:39.730294+00:00, run_after=2023-12-18T21:22:39.730294+00:00
[2023-12-18T21:22:39.747+0000] {processor.py:179} INFO - Processing /home/airflow/.local/lib/python3.8/site-packages/airflow/example_dags/example_latest_only.py took 0.060 seconds
[2023-12-18T21:23:09.984+0000] {processor.py:157} INFO - Started process (PID=2537) to work on /home/airflow/.local/lib/python3.8/site-packages/airflow/example_dags/example_latest_only.py
[2023-12-18T21:23:09.985+0000] {processor.py:829} INFO - Processing file /home/airflow/.local/lib/python3.8/site-packages/airflow/example_dags/example_latest_only.py for tasks to queue
[2023-12-18T21:23:09.986+0000] {logging_mixin.py:154} INFO - [2023-12-18T21:23:09.986+0000] {dagbag.py:536} INFO - Filling up the DagBag from /home/airflow/.local/lib/python3.8/site-packages/airflow/example_dags/example_latest_only.py
[2023-12-18T21:23:09.990+0000] {processor.py:839} INFO - DAG(s) dict_keys(['latest_only']) retrieved from /home/airflow/.local/lib/python3.8/site-packages/airflow/example_dags/example_latest_only.py
[2023-12-18T21:23:10.005+0000] {logging_mixin.py:154} INFO - [2023-12-18T21:23:10.004+0000] {dag.py:2941} INFO - Sync 1 DAGs
[2023-12-18T21:23:10.023+0000] {logging_mixin.py:154} INFO - [2023-12-18T21:23:10.023+0000] {dag.py:3722} INFO - Setting next_dagrun for latest_only to 2023-12-18T17:23:10.022842+00:00, run_after=2023-12-18T21:23:10.022842+00:00
[2023-12-18T21:23:10.038+0000] {processor.py:179} INFO - Processing /home/airflow/.local/lib/python3.8/site-packages/airflow/example_dags/example_latest_only.py took 0.056 seconds
[2023-12-18T21:23:40.374+0000] {processor.py:157} INFO - Started process (PID=2591) to work on /home/airflow/.local/lib/python3.8/site-packages/airflow/example_dags/example_latest_only.py
[2023-12-18T21:23:40.375+0000] {processor.py:829} INFO - Processing file /home/airflow/.local/lib/python3.8/site-packages/airflow/example_dags/example_latest_only.py for tasks to queue
[2023-12-18T21:23:40.377+0000] {logging_mixin.py:154} INFO - [2023-12-18T21:23:40.377+0000] {dagbag.py:536} INFO - Filling up the DagBag from /home/airflow/.local/lib/python3.8/site-packages/airflow/example_dags/example_latest_only.py
[2023-12-18T21:23:40.382+0000] {processor.py:839} INFO - DAG(s) dict_keys(['latest_only']) retrieved from /home/airflow/.local/lib/python3.8/site-packages/airflow/example_dags/example_latest_only.py
[2023-12-18T21:23:40.400+0000] {logging_mixin.py:154} INFO - [2023-12-18T21:23:40.400+0000] {dag.py:2941} INFO - Sync 1 DAGs
[2023-12-18T21:23:40.420+0000] {logging_mixin.py:154} INFO - [2023-12-18T21:23:40.420+0000] {dag.py:3722} INFO - Setting next_dagrun for latest_only to 2023-12-18T17:23:40.419954+00:00, run_after=2023-12-18T21:23:40.419954+00:00
[2023-12-18T21:23:40.441+0000] {processor.py:179} INFO - Processing /home/airflow/.local/lib/python3.8/site-packages/airflow/example_dags/example_latest_only.py took 0.070 seconds
[2023-12-18T21:24:10.806+0000] {processor.py:157} INFO - Started process (PID=2645) to work on /home/airflow/.local/lib/python3.8/site-packages/airflow/example_dags/example_latest_only.py
[2023-12-18T21:24:10.807+0000] {processor.py:829} INFO - Processing file /home/airflow/.local/lib/python3.8/site-packages/airflow/example_dags/example_latest_only.py for tasks to queue
[2023-12-18T21:24:10.808+0000] {logging_mixin.py:154} INFO - [2023-12-18T21:24:10.808+0000] {dagbag.py:536} INFO - Filling up the DagBag from /home/airflow/.local/lib/python3.8/site-packages/airflow/example_dags/example_latest_only.py
[2023-12-18T21:24:10.812+0000] {processor.py:839} INFO - DAG(s) dict_keys(['latest_only']) retrieved from /home/airflow/.local/lib/python3.8/site-packages/airflow/example_dags/example_latest_only.py
[2023-12-18T21:24:10.826+0000] {logging_mixin.py:154} INFO - [2023-12-18T21:24:10.826+0000] {dag.py:2941} INFO - Sync 1 DAGs
[2023-12-18T21:24:10.843+0000] {logging_mixin.py:154} INFO - [2023-12-18T21:24:10.843+0000] {dag.py:3722} INFO - Setting next_dagrun for latest_only to 2023-12-18T17:24:10.843515+00:00, run_after=2023-12-18T21:24:10.843515+00:00
[2023-12-18T21:24:10.859+0000] {processor.py:179} INFO - Processing /home/airflow/.local/lib/python3.8/site-packages/airflow/example_dags/example_latest_only.py took 0.055 seconds
[2023-12-18T21:24:40.993+0000] {processor.py:157} INFO - Started process (PID=2699) to work on /home/airflow/.local/lib/python3.8/site-packages/airflow/example_dags/example_latest_only.py
[2023-12-18T21:24:40.993+0000] {processor.py:829} INFO - Processing file /home/airflow/.local/lib/python3.8/site-packages/airflow/example_dags/example_latest_only.py for tasks to queue
[2023-12-18T21:24:40.995+0000] {logging_mixin.py:154} INFO - [2023-12-18T21:24:40.994+0000] {dagbag.py:536} INFO - Filling up the DagBag from /home/airflow/.local/lib/python3.8/site-packages/airflow/example_dags/example_latest_only.py
[2023-12-18T21:24:40.998+0000] {processor.py:839} INFO - DAG(s) dict_keys(['latest_only']) retrieved from /home/airflow/.local/lib/python3.8/site-packages/airflow/example_dags/example_latest_only.py
[2023-12-18T21:24:41.013+0000] {logging_mixin.py:154} INFO - [2023-12-18T21:24:41.013+0000] {dag.py:2941} INFO - Sync 1 DAGs
[2023-12-18T21:24:41.031+0000] {logging_mixin.py:154} INFO - [2023-12-18T21:24:41.031+0000] {dag.py:3722} INFO - Setting next_dagrun for latest_only to 2023-12-18T17:24:41.031018+00:00, run_after=2023-12-18T21:24:41.031018+00:00
[2023-12-18T21:24:41.049+0000] {processor.py:179} INFO - Processing /home/airflow/.local/lib/python3.8/site-packages/airflow/example_dags/example_latest_only.py took 0.059 seconds
[2023-12-18T21:25:11.295+0000] {processor.py:157} INFO - Started process (PID=2753) to work on /home/airflow/.local/lib/python3.8/site-packages/airflow/example_dags/example_latest_only.py
[2023-12-18T21:25:11.296+0000] {processor.py:829} INFO - Processing file /home/airflow/.local/lib/python3.8/site-packages/airflow/example_dags/example_latest_only.py for tasks to queue
[2023-12-18T21:25:11.297+0000] {logging_mixin.py:154} INFO - [2023-12-18T21:25:11.297+0000] {dagbag.py:536} INFO - Filling up the DagBag from /home/airflow/.local/lib/python3.8/site-packages/airflow/example_dags/example_latest_only.py
[2023-12-18T21:25:11.301+0000] {processor.py:839} INFO - DAG(s) dict_keys(['latest_only']) retrieved from /home/airflow/.local/lib/python3.8/site-packages/airflow/example_dags/example_latest_only.py
[2023-12-18T21:25:11.318+0000] {logging_mixin.py:154} INFO - [2023-12-18T21:25:11.317+0000] {dag.py:2941} INFO - Sync 1 DAGs
[2023-12-18T21:25:11.338+0000] {logging_mixin.py:154} INFO - [2023-12-18T21:25:11.337+0000] {dag.py:3722} INFO - Setting next_dagrun for latest_only to 2023-12-18T17:25:11.337756+00:00, run_after=2023-12-18T21:25:11.337756+00:00
[2023-12-18T21:25:11.356+0000] {processor.py:179} INFO - Processing /home/airflow/.local/lib/python3.8/site-packages/airflow/example_dags/example_latest_only.py took 0.063 seconds
[2023-12-18T21:25:41.454+0000] {processor.py:157} INFO - Started process (PID=2807) to work on /home/airflow/.local/lib/python3.8/site-packages/airflow/example_dags/example_latest_only.py
[2023-12-18T21:25:41.455+0000] {processor.py:829} INFO - Processing file /home/airflow/.local/lib/python3.8/site-packages/airflow/example_dags/example_latest_only.py for tasks to queue
[2023-12-18T21:25:41.456+0000] {logging_mixin.py:154} INFO - [2023-12-18T21:25:41.456+0000] {dagbag.py:536} INFO - Filling up the DagBag from /home/airflow/.local/lib/python3.8/site-packages/airflow/example_dags/example_latest_only.py
[2023-12-18T21:25:41.459+0000] {processor.py:839} INFO - DAG(s) dict_keys(['latest_only']) retrieved from /home/airflow/.local/lib/python3.8/site-packages/airflow/example_dags/example_latest_only.py
[2023-12-18T21:25:41.474+0000] {logging_mixin.py:154} INFO - [2023-12-18T21:25:41.474+0000] {dag.py:2941} INFO - Sync 1 DAGs
[2023-12-18T21:25:41.491+0000] {logging_mixin.py:154} INFO - [2023-12-18T21:25:41.491+0000] {dag.py:3722} INFO - Setting next_dagrun for latest_only to 2023-12-18T17:25:41.491519+00:00, run_after=2023-12-18T21:25:41.491519+00:00
[2023-12-18T21:25:41.510+0000] {processor.py:179} INFO - Processing /home/airflow/.local/lib/python3.8/site-packages/airflow/example_dags/example_latest_only.py took 0.058 seconds
[2023-12-18T21:26:11.811+0000] {processor.py:157} INFO - Started process (PID=2861) to work on /home/airflow/.local/lib/python3.8/site-packages/airflow/example_dags/example_latest_only.py
[2023-12-18T21:26:11.812+0000] {processor.py:829} INFO - Processing file /home/airflow/.local/lib/python3.8/site-packages/airflow/example_dags/example_latest_only.py for tasks to queue
[2023-12-18T21:26:11.813+0000] {logging_mixin.py:154} INFO - [2023-12-18T21:26:11.813+0000] {dagbag.py:536} INFO - Filling up the DagBag from /home/airflow/.local/lib/python3.8/site-packages/airflow/example_dags/example_latest_only.py
[2023-12-18T21:26:11.817+0000] {processor.py:839} INFO - DAG(s) dict_keys(['latest_only']) retrieved from /home/airflow/.local/lib/python3.8/site-packages/airflow/example_dags/example_latest_only.py
[2023-12-18T21:26:11.831+0000] {logging_mixin.py:154} INFO - [2023-12-18T21:26:11.831+0000] {dag.py:2941} INFO - Sync 1 DAGs
[2023-12-18T21:26:11.848+0000] {logging_mixin.py:154} INFO - [2023-12-18T21:26:11.848+0000] {dag.py:3722} INFO - Setting next_dagrun for latest_only to 2023-12-18T17:26:11.848089+00:00, run_after=2023-12-18T21:26:11.848089+00:00
[2023-12-18T21:26:11.862+0000] {processor.py:179} INFO - Processing /home/airflow/.local/lib/python3.8/site-packages/airflow/example_dags/example_latest_only.py took 0.054 seconds
[2023-12-18T21:26:41.970+0000] {processor.py:157} INFO - Started process (PID=2915) to work on /home/airflow/.local/lib/python3.8/site-packages/airflow/example_dags/example_latest_only.py
[2023-12-18T21:26:41.970+0000] {processor.py:829} INFO - Processing file /home/airflow/.local/lib/python3.8/site-packages/airflow/example_dags/example_latest_only.py for tasks to queue
[2023-12-18T21:26:41.972+0000] {logging_mixin.py:154} INFO - [2023-12-18T21:26:41.972+0000] {dagbag.py:536} INFO - Filling up the DagBag from /home/airflow/.local/lib/python3.8/site-packages/airflow/example_dags/example_latest_only.py
[2023-12-18T21:26:41.976+0000] {processor.py:839} INFO - DAG(s) dict_keys(['latest_only']) retrieved from /home/airflow/.local/lib/python3.8/site-packages/airflow/example_dags/example_latest_only.py
[2023-12-18T21:26:41.992+0000] {logging_mixin.py:154} INFO - [2023-12-18T21:26:41.992+0000] {dag.py:2941} INFO - Sync 1 DAGs
[2023-12-18T21:26:42.011+0000] {logging_mixin.py:154} INFO - [2023-12-18T21:26:42.011+0000] {dag.py:3722} INFO - Setting next_dagrun for latest_only to 2023-12-18T17:26:42.011394+00:00, run_after=2023-12-18T21:26:42.011394+00:00
[2023-12-18T21:26:42.028+0000] {processor.py:179} INFO - Processing /home/airflow/.local/lib/python3.8/site-packages/airflow/example_dags/example_latest_only.py took 0.060 seconds
[2023-12-18T21:27:12.173+0000] {processor.py:157} INFO - Started process (PID=2976) to work on /home/airflow/.local/lib/python3.8/site-packages/airflow/example_dags/example_latest_only.py
[2023-12-18T21:27:12.175+0000] {processor.py:829} INFO - Processing file /home/airflow/.local/lib/python3.8/site-packages/airflow/example_dags/example_latest_only.py for tasks to queue
[2023-12-18T21:27:12.178+0000] {logging_mixin.py:154} INFO - [2023-12-18T21:27:12.177+0000] {dagbag.py:536} INFO - Filling up the DagBag from /home/airflow/.local/lib/python3.8/site-packages/airflow/example_dags/example_latest_only.py
[2023-12-18T21:27:12.186+0000] {processor.py:839} INFO - DAG(s) dict_keys(['latest_only']) retrieved from /home/airflow/.local/lib/python3.8/site-packages/airflow/example_dags/example_latest_only.py
[2023-12-18T21:27:12.220+0000] {logging_mixin.py:154} INFO - [2023-12-18T21:27:12.220+0000] {dag.py:2941} INFO - Sync 1 DAGs
[2023-12-18T21:27:12.264+0000] {logging_mixin.py:154} INFO - [2023-12-18T21:27:12.263+0000] {dag.py:3722} INFO - Setting next_dagrun for latest_only to 2023-12-18T17:27:12.263325+00:00, run_after=2023-12-18T21:27:12.263325+00:00
[2023-12-18T21:27:12.299+0000] {processor.py:179} INFO - Processing /home/airflow/.local/lib/python3.8/site-packages/airflow/example_dags/example_latest_only.py took 0.132 seconds
[2023-12-18T21:27:42.477+0000] {processor.py:157} INFO - Started process (PID=3030) to work on /home/airflow/.local/lib/python3.8/site-packages/airflow/example_dags/example_latest_only.py
[2023-12-18T21:27:42.477+0000] {processor.py:829} INFO - Processing file /home/airflow/.local/lib/python3.8/site-packages/airflow/example_dags/example_latest_only.py for tasks to queue
[2023-12-18T21:27:42.479+0000] {logging_mixin.py:154} INFO - [2023-12-18T21:27:42.478+0000] {dagbag.py:536} INFO - Filling up the DagBag from /home/airflow/.local/lib/python3.8/site-packages/airflow/example_dags/example_latest_only.py
[2023-12-18T21:27:42.483+0000] {processor.py:839} INFO - DAG(s) dict_keys(['latest_only']) retrieved from /home/airflow/.local/lib/python3.8/site-packages/airflow/example_dags/example_latest_only.py
[2023-12-18T21:27:42.497+0000] {logging_mixin.py:154} INFO - [2023-12-18T21:27:42.497+0000] {dag.py:2941} INFO - Sync 1 DAGs
[2023-12-18T21:27:42.514+0000] {logging_mixin.py:154} INFO - [2023-12-18T21:27:42.514+0000] {dag.py:3722} INFO - Setting next_dagrun for latest_only to 2023-12-18T17:27:42.514350+00:00, run_after=2023-12-18T21:27:42.514350+00:00
[2023-12-18T21:27:42.530+0000] {processor.py:179} INFO - Processing /home/airflow/.local/lib/python3.8/site-packages/airflow/example_dags/example_latest_only.py took 0.056 seconds
[2023-12-18T21:28:12.628+0000] {processor.py:157} INFO - Started process (PID=3084) to work on /home/airflow/.local/lib/python3.8/site-packages/airflow/example_dags/example_latest_only.py
[2023-12-18T21:28:12.628+0000] {processor.py:829} INFO - Processing file /home/airflow/.local/lib/python3.8/site-packages/airflow/example_dags/example_latest_only.py for tasks to queue
[2023-12-18T21:28:12.630+0000] {logging_mixin.py:154} INFO - [2023-12-18T21:28:12.630+0000] {dagbag.py:536} INFO - Filling up the DagBag from /home/airflow/.local/lib/python3.8/site-packages/airflow/example_dags/example_latest_only.py
[2023-12-18T21:28:12.634+0000] {processor.py:839} INFO - DAG(s) dict_keys(['latest_only']) retrieved from /home/airflow/.local/lib/python3.8/site-packages/airflow/example_dags/example_latest_only.py
[2023-12-18T21:28:12.650+0000] {logging_mixin.py:154} INFO - [2023-12-18T21:28:12.649+0000] {dag.py:2941} INFO - Sync 1 DAGs
[2023-12-18T21:28:12.668+0000] {logging_mixin.py:154} INFO - [2023-12-18T21:28:12.668+0000] {dag.py:3722} INFO - Setting next_dagrun for latest_only to 2023-12-18T17:28:12.667821+00:00, run_after=2023-12-18T21:28:12.667821+00:00
[2023-12-18T21:28:12.686+0000] {processor.py:179} INFO - Processing /home/airflow/.local/lib/python3.8/site-packages/airflow/example_dags/example_latest_only.py took 0.061 seconds
[2023-12-18T21:28:42.912+0000] {processor.py:157} INFO - Started process (PID=3138) to work on /home/airflow/.local/lib/python3.8/site-packages/airflow/example_dags/example_latest_only.py
[2023-12-18T21:28:42.912+0000] {processor.py:829} INFO - Processing file /home/airflow/.local/lib/python3.8/site-packages/airflow/example_dags/example_latest_only.py for tasks to queue
[2023-12-18T21:28:42.914+0000] {logging_mixin.py:154} INFO - [2023-12-18T21:28:42.914+0000] {dagbag.py:536} INFO - Filling up the DagBag from /home/airflow/.local/lib/python3.8/site-packages/airflow/example_dags/example_latest_only.py
[2023-12-18T21:28:42.918+0000] {processor.py:839} INFO - DAG(s) dict_keys(['latest_only']) retrieved from /home/airflow/.local/lib/python3.8/site-packages/airflow/example_dags/example_latest_only.py
[2023-12-18T21:28:42.933+0000] {logging_mixin.py:154} INFO - [2023-12-18T21:28:42.933+0000] {dag.py:2941} INFO - Sync 1 DAGs
[2023-12-18T21:28:42.952+0000] {logging_mixin.py:154} INFO - [2023-12-18T21:28:42.952+0000] {dag.py:3722} INFO - Setting next_dagrun for latest_only to 2023-12-18T17:28:42.951993+00:00, run_after=2023-12-18T21:28:42.951993+00:00
[2023-12-18T21:28:42.966+0000] {processor.py:179} INFO - Processing /home/airflow/.local/lib/python3.8/site-packages/airflow/example_dags/example_latest_only.py took 0.057 seconds
[2023-12-18T21:29:13.148+0000] {processor.py:157} INFO - Started process (PID=3192) to work on /home/airflow/.local/lib/python3.8/site-packages/airflow/example_dags/example_latest_only.py
[2023-12-18T21:29:13.149+0000] {processor.py:829} INFO - Processing file /home/airflow/.local/lib/python3.8/site-packages/airflow/example_dags/example_latest_only.py for tasks to queue
[2023-12-18T21:29:13.150+0000] {logging_mixin.py:154} INFO - [2023-12-18T21:29:13.150+0000] {dagbag.py:536} INFO - Filling up the DagBag from /home/airflow/.local/lib/python3.8/site-packages/airflow/example_dags/example_latest_only.py
[2023-12-18T21:29:13.154+0000] {processor.py:839} INFO - DAG(s) dict_keys(['latest_only']) retrieved from /home/airflow/.local/lib/python3.8/site-packages/airflow/example_dags/example_latest_only.py
[2023-12-18T21:29:13.168+0000] {logging_mixin.py:154} INFO - [2023-12-18T21:29:13.168+0000] {dag.py:2941} INFO - Sync 1 DAGs
[2023-12-18T21:29:13.187+0000] {logging_mixin.py:154} INFO - [2023-12-18T21:29:13.186+0000] {dag.py:3722} INFO - Setting next_dagrun for latest_only to 2023-12-18T17:29:13.186721+00:00, run_after=2023-12-18T21:29:13.186721+00:00
[2023-12-18T21:29:13.202+0000] {processor.py:179} INFO - Processing /home/airflow/.local/lib/python3.8/site-packages/airflow/example_dags/example_latest_only.py took 0.056 seconds
[2023-12-18T21:29:44.171+0000] {processor.py:157} INFO - Started process (PID=3246) to work on /home/airflow/.local/lib/python3.8/site-packages/airflow/example_dags/example_latest_only.py
[2023-12-18T21:29:44.171+0000] {processor.py:829} INFO - Processing file /home/airflow/.local/lib/python3.8/site-packages/airflow/example_dags/example_latest_only.py for tasks to queue
[2023-12-18T21:29:44.173+0000] {logging_mixin.py:154} INFO - [2023-12-18T21:29:44.173+0000] {dagbag.py:536} INFO - Filling up the DagBag from /home/airflow/.local/lib/python3.8/site-packages/airflow/example_dags/example_latest_only.py
[2023-12-18T21:29:44.176+0000] {processor.py:839} INFO - DAG(s) dict_keys(['latest_only']) retrieved from /home/airflow/.local/lib/python3.8/site-packages/airflow/example_dags/example_latest_only.py
[2023-12-18T21:29:44.192+0000] {logging_mixin.py:154} INFO - [2023-12-18T21:29:44.192+0000] {dag.py:2941} INFO - Sync 1 DAGs
[2023-12-18T21:29:44.211+0000] {logging_mixin.py:154} INFO - [2023-12-18T21:29:44.210+0000] {dag.py:3722} INFO - Setting next_dagrun for latest_only to 2023-12-18T17:29:44.210711+00:00, run_after=2023-12-18T21:29:44.210711+00:00
[2023-12-18T21:29:44.229+0000] {processor.py:179} INFO - Processing /home/airflow/.local/lib/python3.8/site-packages/airflow/example_dags/example_latest_only.py took 0.060 seconds
[2023-12-18T21:30:14.397+0000] {processor.py:157} INFO - Started process (PID=3301) to work on /home/airflow/.local/lib/python3.8/site-packages/airflow/example_dags/example_latest_only.py
[2023-12-18T21:30:14.398+0000] {processor.py:829} INFO - Processing file /home/airflow/.local/lib/python3.8/site-packages/airflow/example_dags/example_latest_only.py for tasks to queue
[2023-12-18T21:30:14.399+0000] {logging_mixin.py:154} INFO - [2023-12-18T21:30:14.399+0000] {dagbag.py:536} INFO - Filling up the DagBag from /home/airflow/.local/lib/python3.8/site-packages/airflow/example_dags/example_latest_only.py
[2023-12-18T21:30:14.403+0000] {processor.py:839} INFO - DAG(s) dict_keys(['latest_only']) retrieved from /home/airflow/.local/lib/python3.8/site-packages/airflow/example_dags/example_latest_only.py
[2023-12-18T21:30:14.419+0000] {logging_mixin.py:154} INFO - [2023-12-18T21:30:14.419+0000] {dag.py:2941} INFO - Sync 1 DAGs
[2023-12-18T21:30:14.436+0000] {logging_mixin.py:154} INFO - [2023-12-18T21:30:14.436+0000] {dag.py:3722} INFO - Setting next_dagrun for latest_only to 2023-12-18T17:30:14.436455+00:00, run_after=2023-12-18T21:30:14.436455+00:00
[2023-12-18T21:30:14.451+0000] {processor.py:179} INFO - Processing /home/airflow/.local/lib/python3.8/site-packages/airflow/example_dags/example_latest_only.py took 0.056 seconds
[2023-12-18T21:30:44.583+0000] {processor.py:157} INFO - Started process (PID=3355) to work on /home/airflow/.local/lib/python3.8/site-packages/airflow/example_dags/example_latest_only.py
[2023-12-18T21:30:44.583+0000] {processor.py:829} INFO - Processing file /home/airflow/.local/lib/python3.8/site-packages/airflow/example_dags/example_latest_only.py for tasks to queue
[2023-12-18T21:30:44.585+0000] {logging_mixin.py:154} INFO - [2023-12-18T21:30:44.585+0000] {dagbag.py:536} INFO - Filling up the DagBag from /home/airflow/.local/lib/python3.8/site-packages/airflow/example_dags/example_latest_only.py
[2023-12-18T21:30:44.589+0000] {processor.py:839} INFO - DAG(s) dict_keys(['latest_only']) retrieved from /home/airflow/.local/lib/python3.8/site-packages/airflow/example_dags/example_latest_only.py
[2023-12-18T21:30:44.604+0000] {logging_mixin.py:154} INFO - [2023-12-18T21:30:44.604+0000] {dag.py:2941} INFO - Sync 1 DAGs
[2023-12-18T21:30:44.622+0000] {logging_mixin.py:154} INFO - [2023-12-18T21:30:44.622+0000] {dag.py:3722} INFO - Setting next_dagrun for latest_only to 2023-12-18T17:30:44.622184+00:00, run_after=2023-12-18T21:30:44.622184+00:00
[2023-12-18T21:30:44.637+0000] {processor.py:179} INFO - Processing /home/airflow/.local/lib/python3.8/site-packages/airflow/example_dags/example_latest_only.py took 0.057 seconds
[2023-12-18T21:31:14.851+0000] {processor.py:157} INFO - Started process (PID=3409) to work on /home/airflow/.local/lib/python3.8/site-packages/airflow/example_dags/example_latest_only.py
[2023-12-18T21:31:14.851+0000] {processor.py:829} INFO - Processing file /home/airflow/.local/lib/python3.8/site-packages/airflow/example_dags/example_latest_only.py for tasks to queue
[2023-12-18T21:31:14.853+0000] {logging_mixin.py:154} INFO - [2023-12-18T21:31:14.853+0000] {dagbag.py:536} INFO - Filling up the DagBag from /home/airflow/.local/lib/python3.8/site-packages/airflow/example_dags/example_latest_only.py
[2023-12-18T21:31:14.856+0000] {processor.py:839} INFO - DAG(s) dict_keys(['latest_only']) retrieved from /home/airflow/.local/lib/python3.8/site-packages/airflow/example_dags/example_latest_only.py
[2023-12-18T21:31:14.871+0000] {logging_mixin.py:154} INFO - [2023-12-18T21:31:14.871+0000] {dag.py:2941} INFO - Sync 1 DAGs
[2023-12-18T21:31:14.892+0000] {logging_mixin.py:154} INFO - [2023-12-18T21:31:14.892+0000] {dag.py:3722} INFO - Setting next_dagrun for latest_only to 2023-12-18T17:31:14.891791+00:00, run_after=2023-12-18T21:31:14.891791+00:00
[2023-12-18T21:31:14.910+0000] {processor.py:179} INFO - Processing /home/airflow/.local/lib/python3.8/site-packages/airflow/example_dags/example_latest_only.py took 0.061 seconds
[2023-12-18T21:31:45.184+0000] {processor.py:157} INFO - Started process (PID=3463) to work on /home/airflow/.local/lib/python3.8/site-packages/airflow/example_dags/example_latest_only.py
[2023-12-18T21:31:45.185+0000] {processor.py:829} INFO - Processing file /home/airflow/.local/lib/python3.8/site-packages/airflow/example_dags/example_latest_only.py for tasks to queue
[2023-12-18T21:31:45.186+0000] {logging_mixin.py:154} INFO - [2023-12-18T21:31:45.186+0000] {dagbag.py:536} INFO - Filling up the DagBag from /home/airflow/.local/lib/python3.8/site-packages/airflow/example_dags/example_latest_only.py
[2023-12-18T21:31:45.189+0000] {processor.py:839} INFO - DAG(s) dict_keys(['latest_only']) retrieved from /home/airflow/.local/lib/python3.8/site-packages/airflow/example_dags/example_latest_only.py
[2023-12-18T21:31:45.204+0000] {logging_mixin.py:154} INFO - [2023-12-18T21:31:45.204+0000] {dag.py:2941} INFO - Sync 1 DAGs
[2023-12-18T21:31:45.221+0000] {logging_mixin.py:154} INFO - [2023-12-18T21:31:45.221+0000] {dag.py:3722} INFO - Setting next_dagrun for latest_only to 2023-12-18T17:31:45.221414+00:00, run_after=2023-12-18T21:31:45.221414+00:00
[2023-12-18T21:31:45.241+0000] {processor.py:179} INFO - Processing /home/airflow/.local/lib/python3.8/site-packages/airflow/example_dags/example_latest_only.py took 0.059 seconds
[2023-12-18T21:32:15.402+0000] {processor.py:157} INFO - Started process (PID=3517) to work on /home/airflow/.local/lib/python3.8/site-packages/airflow/example_dags/example_latest_only.py
[2023-12-18T21:32:15.402+0000] {processor.py:829} INFO - Processing file /home/airflow/.local/lib/python3.8/site-packages/airflow/example_dags/example_latest_only.py for tasks to queue
[2023-12-18T21:32:15.404+0000] {logging_mixin.py:154} INFO - [2023-12-18T21:32:15.404+0000] {dagbag.py:536} INFO - Filling up the DagBag from /home/airflow/.local/lib/python3.8/site-packages/airflow/example_dags/example_latest_only.py
[2023-12-18T21:32:15.408+0000] {processor.py:839} INFO - DAG(s) dict_keys(['latest_only']) retrieved from /home/airflow/.local/lib/python3.8/site-packages/airflow/example_dags/example_latest_only.py
[2023-12-18T21:32:15.423+0000] {logging_mixin.py:154} INFO - [2023-12-18T21:32:15.423+0000] {dag.py:2941} INFO - Sync 1 DAGs
[2023-12-18T21:32:15.440+0000] {logging_mixin.py:154} INFO - [2023-12-18T21:32:15.440+0000] {dag.py:3722} INFO - Setting next_dagrun for latest_only to 2023-12-18T17:32:15.440395+00:00, run_after=2023-12-18T21:32:15.440395+00:00
[2023-12-18T21:32:15.459+0000] {processor.py:179} INFO - Processing /home/airflow/.local/lib/python3.8/site-packages/airflow/example_dags/example_latest_only.py took 0.060 seconds
[2023-12-18T21:32:45.542+0000] {processor.py:157} INFO - Started process (PID=3571) to work on /home/airflow/.local/lib/python3.8/site-packages/airflow/example_dags/example_latest_only.py
[2023-12-18T21:32:45.543+0000] {processor.py:829} INFO - Processing file /home/airflow/.local/lib/python3.8/site-packages/airflow/example_dags/example_latest_only.py for tasks to queue
[2023-12-18T21:32:45.545+0000] {logging_mixin.py:154} INFO - [2023-12-18T21:32:45.545+0000] {dagbag.py:536} INFO - Filling up the DagBag from /home/airflow/.local/lib/python3.8/site-packages/airflow/example_dags/example_latest_only.py
[2023-12-18T21:32:45.549+0000] {processor.py:839} INFO - DAG(s) dict_keys(['latest_only']) retrieved from /home/airflow/.local/lib/python3.8/site-packages/airflow/example_dags/example_latest_only.py
[2023-12-18T21:32:45.565+0000] {logging_mixin.py:154} INFO - [2023-12-18T21:32:45.565+0000] {dag.py:2941} INFO - Sync 1 DAGs
[2023-12-18T21:32:45.584+0000] {logging_mixin.py:154} INFO - [2023-12-18T21:32:45.583+0000] {dag.py:3722} INFO - Setting next_dagrun for latest_only to 2023-12-18T17:32:45.583729+00:00, run_after=2023-12-18T21:32:45.583729+00:00
[2023-12-18T21:32:45.599+0000] {processor.py:179} INFO - Processing /home/airflow/.local/lib/python3.8/site-packages/airflow/example_dags/example_latest_only.py took 0.059 seconds
[2023-12-18T21:33:15.855+0000] {processor.py:157} INFO - Started process (PID=3625) to work on /home/airflow/.local/lib/python3.8/site-packages/airflow/example_dags/example_latest_only.py
[2023-12-18T21:33:15.856+0000] {processor.py:829} INFO - Processing file /home/airflow/.local/lib/python3.8/site-packages/airflow/example_dags/example_latest_only.py for tasks to queue
[2023-12-18T21:33:15.857+0000] {logging_mixin.py:154} INFO - [2023-12-18T21:33:15.857+0000] {dagbag.py:536} INFO - Filling up the DagBag from /home/airflow/.local/lib/python3.8/site-packages/airflow/example_dags/example_latest_only.py
[2023-12-18T21:33:15.861+0000] {processor.py:839} INFO - DAG(s) dict_keys(['latest_only']) retrieved from /home/airflow/.local/lib/python3.8/site-packages/airflow/example_dags/example_latest_only.py
[2023-12-18T21:33:15.880+0000] {logging_mixin.py:154} INFO - [2023-12-18T21:33:15.880+0000] {dag.py:2941} INFO - Sync 1 DAGs
[2023-12-18T21:33:15.901+0000] {logging_mixin.py:154} INFO - [2023-12-18T21:33:15.901+0000] {dag.py:3722} INFO - Setting next_dagrun for latest_only to 2023-12-18T17:33:15.901029+00:00, run_after=2023-12-18T21:33:15.901029+00:00
[2023-12-18T21:33:15.918+0000] {processor.py:179} INFO - Processing /home/airflow/.local/lib/python3.8/site-packages/airflow/example_dags/example_latest_only.py took 0.067 seconds
[2023-12-18T21:33:45.994+0000] {processor.py:157} INFO - Started process (PID=3679) to work on /home/airflow/.local/lib/python3.8/site-packages/airflow/example_dags/example_latest_only.py
[2023-12-18T21:33:45.995+0000] {processor.py:829} INFO - Processing file /home/airflow/.local/lib/python3.8/site-packages/airflow/example_dags/example_latest_only.py for tasks to queue
[2023-12-18T21:33:45.996+0000] {logging_mixin.py:154} INFO - [2023-12-18T21:33:45.996+0000] {dagbag.py:536} INFO - Filling up the DagBag from /home/airflow/.local/lib/python3.8/site-packages/airflow/example_dags/example_latest_only.py
[2023-12-18T21:33:46.000+0000] {processor.py:839} INFO - DAG(s) dict_keys(['latest_only']) retrieved from /home/airflow/.local/lib/python3.8/site-packages/airflow/example_dags/example_latest_only.py
[2023-12-18T21:33:46.018+0000] {logging_mixin.py:154} INFO - [2023-12-18T21:33:46.017+0000] {dag.py:2941} INFO - Sync 1 DAGs
[2023-12-18T21:33:46.037+0000] {logging_mixin.py:154} INFO - [2023-12-18T21:33:46.037+0000] {dag.py:3722} INFO - Setting next_dagrun for latest_only to 2023-12-18T17:33:46.037129+00:00, run_after=2023-12-18T21:33:46.037129+00:00
[2023-12-18T21:33:46.057+0000] {processor.py:179} INFO - Processing /home/airflow/.local/lib/python3.8/site-packages/airflow/example_dags/example_latest_only.py took 0.066 seconds
[2023-12-18T21:34:16.200+0000] {processor.py:157} INFO - Started process (PID=3733) to work on /home/airflow/.local/lib/python3.8/site-packages/airflow/example_dags/example_latest_only.py
[2023-12-18T21:34:16.200+0000] {processor.py:829} INFO - Processing file /home/airflow/.local/lib/python3.8/site-packages/airflow/example_dags/example_latest_only.py for tasks to queue
[2023-12-18T21:34:16.203+0000] {logging_mixin.py:154} INFO - [2023-12-18T21:34:16.202+0000] {dagbag.py:536} INFO - Filling up the DagBag from /home/airflow/.local/lib/python3.8/site-packages/airflow/example_dags/example_latest_only.py
[2023-12-18T21:34:16.207+0000] {processor.py:839} INFO - DAG(s) dict_keys(['latest_only']) retrieved from /home/airflow/.local/lib/python3.8/site-packages/airflow/example_dags/example_latest_only.py
[2023-12-18T21:34:16.226+0000] {logging_mixin.py:154} INFO - [2023-12-18T21:34:16.225+0000] {dag.py:2941} INFO - Sync 1 DAGs
[2023-12-18T21:34:16.247+0000] {logging_mixin.py:154} INFO - [2023-12-18T21:34:16.247+0000] {dag.py:3722} INFO - Setting next_dagrun for latest_only to 2023-12-18T17:34:16.247196+00:00, run_after=2023-12-18T21:34:16.247196+00:00
[2023-12-18T21:34:16.265+0000] {processor.py:179} INFO - Processing /home/airflow/.local/lib/python3.8/site-packages/airflow/example_dags/example_latest_only.py took 0.068 seconds
[2023-12-18T21:34:46.367+0000] {processor.py:157} INFO - Started process (PID=3787) to work on /home/airflow/.local/lib/python3.8/site-packages/airflow/example_dags/example_latest_only.py
[2023-12-18T21:34:46.368+0000] {processor.py:829} INFO - Processing file /home/airflow/.local/lib/python3.8/site-packages/airflow/example_dags/example_latest_only.py for tasks to queue
[2023-12-18T21:34:46.369+0000] {logging_mixin.py:154} INFO - [2023-12-18T21:34:46.369+0000] {dagbag.py:536} INFO - Filling up the DagBag from /home/airflow/.local/lib/python3.8/site-packages/airflow/example_dags/example_latest_only.py
[2023-12-18T21:34:46.373+0000] {processor.py:839} INFO - DAG(s) dict_keys(['latest_only']) retrieved from /home/airflow/.local/lib/python3.8/site-packages/airflow/example_dags/example_latest_only.py
[2023-12-18T21:34:46.389+0000] {logging_mixin.py:154} INFO - [2023-12-18T21:34:46.388+0000] {dag.py:2941} INFO - Sync 1 DAGs
[2023-12-18T21:34:46.407+0000] {logging_mixin.py:154} INFO - [2023-12-18T21:34:46.406+0000] {dag.py:3722} INFO - Setting next_dagrun for latest_only to 2023-12-18T17:34:46.406784+00:00, run_after=2023-12-18T21:34:46.406784+00:00
[2023-12-18T21:34:46.422+0000] {processor.py:179} INFO - Processing /home/airflow/.local/lib/python3.8/site-packages/airflow/example_dags/example_latest_only.py took 0.058 seconds
[2023-12-18T21:35:16.726+0000] {processor.py:157} INFO - Started process (PID=3841) to work on /home/airflow/.local/lib/python3.8/site-packages/airflow/example_dags/example_latest_only.py
[2023-12-18T21:35:16.727+0000] {processor.py:829} INFO - Processing file /home/airflow/.local/lib/python3.8/site-packages/airflow/example_dags/example_latest_only.py for tasks to queue
[2023-12-18T21:35:16.728+0000] {logging_mixin.py:154} INFO - [2023-12-18T21:35:16.728+0000] {dagbag.py:536} INFO - Filling up the DagBag from /home/airflow/.local/lib/python3.8/site-packages/airflow/example_dags/example_latest_only.py
[2023-12-18T21:35:16.732+0000] {processor.py:839} INFO - DAG(s) dict_keys(['latest_only']) retrieved from /home/airflow/.local/lib/python3.8/site-packages/airflow/example_dags/example_latest_only.py
[2023-12-18T21:35:16.749+0000] {logging_mixin.py:154} INFO - [2023-12-18T21:35:16.748+0000] {dag.py:2941} INFO - Sync 1 DAGs
[2023-12-18T21:35:16.769+0000] {logging_mixin.py:154} INFO - [2023-12-18T21:35:16.769+0000] {dag.py:3722} INFO - Setting next_dagrun for latest_only to 2023-12-18T17:35:16.768791+00:00, run_after=2023-12-18T21:35:16.768791+00:00
[2023-12-18T21:35:16.786+0000] {processor.py:179} INFO - Processing /home/airflow/.local/lib/python3.8/site-packages/airflow/example_dags/example_latest_only.py took 0.063 seconds
[2023-12-18T21:35:47.039+0000] {processor.py:157} INFO - Started process (PID=3895) to work on /home/airflow/.local/lib/python3.8/site-packages/airflow/example_dags/example_latest_only.py
[2023-12-18T21:35:47.040+0000] {processor.py:829} INFO - Processing file /home/airflow/.local/lib/python3.8/site-packages/airflow/example_dags/example_latest_only.py for tasks to queue
[2023-12-18T21:35:47.043+0000] {logging_mixin.py:154} INFO - [2023-12-18T21:35:47.043+0000] {dagbag.py:536} INFO - Filling up the DagBag from /home/airflow/.local/lib/python3.8/site-packages/airflow/example_dags/example_latest_only.py
[2023-12-18T21:35:47.050+0000] {processor.py:839} INFO - DAG(s) dict_keys(['latest_only']) retrieved from /home/airflow/.local/lib/python3.8/site-packages/airflow/example_dags/example_latest_only.py
[2023-12-18T21:35:47.075+0000] {logging_mixin.py:154} INFO - [2023-12-18T21:35:47.075+0000] {dag.py:2941} INFO - Sync 1 DAGs
[2023-12-18T21:35:47.104+0000] {logging_mixin.py:154} INFO - [2023-12-18T21:35:47.103+0000] {dag.py:3722} INFO - Setting next_dagrun for latest_only to 2023-12-18T17:35:47.103473+00:00, run_after=2023-12-18T21:35:47.103473+00:00
[2023-12-18T21:35:47.131+0000] {processor.py:179} INFO - Processing /home/airflow/.local/lib/python3.8/site-packages/airflow/example_dags/example_latest_only.py took 0.096 seconds
