[2023-12-18T20:56:36.258+0000] {processor.py:157} INFO - Started process (PID=43) to work on /home/airflow/.local/lib/python3.8/site-packages/airflow/example_dags/example_branch_operator.py
[2023-12-18T20:56:36.259+0000] {processor.py:829} INFO - Processing file /home/airflow/.local/lib/python3.8/site-packages/airflow/example_dags/example_branch_operator.py for tasks to queue
[2023-12-18T20:56:36.263+0000] {logging_mixin.py:154} INFO - [2023-12-18T20:56:36.263+0000] {dagbag.py:536} INFO - Filling up the DagBag from /home/airflow/.local/lib/python3.8/site-packages/airflow/example_dags/example_branch_operator.py
[2023-12-18T20:56:36.285+0000] {processor.py:839} INFO - DAG(s) dict_keys(['example_branch_operator']) retrieved from /home/airflow/.local/lib/python3.8/site-packages/airflow/example_dags/example_branch_operator.py
[2023-12-18T20:56:36.329+0000] {logging_mixin.py:154} INFO - [2023-12-18T20:56:36.329+0000] {dag.py:2941} INFO - Sync 1 DAGs
[2023-12-18T20:56:36.382+0000] {logging_mixin.py:154} INFO - [2023-12-18T20:56:36.382+0000] {dag.py:3722} INFO - Setting next_dagrun for example_branch_operator to 2023-12-17T00:00:00+00:00, run_after=2023-12-18T00:00:00+00:00
[2023-12-18T20:56:36.427+0000] {processor.py:179} INFO - Processing /home/airflow/.local/lib/python3.8/site-packages/airflow/example_dags/example_branch_operator.py took 0.174 seconds
[2023-12-18T20:57:06.960+0000] {processor.py:157} INFO - Started process (PID=97) to work on /home/airflow/.local/lib/python3.8/site-packages/airflow/example_dags/example_branch_operator.py
[2023-12-18T20:57:06.962+0000] {processor.py:829} INFO - Processing file /home/airflow/.local/lib/python3.8/site-packages/airflow/example_dags/example_branch_operator.py for tasks to queue
[2023-12-18T20:57:06.966+0000] {logging_mixin.py:154} INFO - [2023-12-18T20:57:06.965+0000] {dagbag.py:536} INFO - Filling up the DagBag from /home/airflow/.local/lib/python3.8/site-packages/airflow/example_dags/example_branch_operator.py
[2023-12-18T20:57:06.993+0000] {processor.py:839} INFO - DAG(s) dict_keys(['example_branch_operator']) retrieved from /home/airflow/.local/lib/python3.8/site-packages/airflow/example_dags/example_branch_operator.py
[2023-12-18T20:57:07.040+0000] {logging_mixin.py:154} INFO - [2023-12-18T20:57:07.040+0000] {dag.py:2941} INFO - Sync 1 DAGs
[2023-12-18T20:57:07.093+0000] {logging_mixin.py:154} INFO - [2023-12-18T20:57:07.092+0000] {dag.py:3722} INFO - Setting next_dagrun for example_branch_operator to 2023-12-17T00:00:00+00:00, run_after=2023-12-18T00:00:00+00:00
[2023-12-18T20:57:07.127+0000] {processor.py:179} INFO - Processing /home/airflow/.local/lib/python3.8/site-packages/airflow/example_dags/example_branch_operator.py took 0.173 seconds
[2023-12-18T20:57:37.327+0000] {processor.py:157} INFO - Started process (PID=151) to work on /home/airflow/.local/lib/python3.8/site-packages/airflow/example_dags/example_branch_operator.py
[2023-12-18T20:57:37.329+0000] {processor.py:829} INFO - Processing file /home/airflow/.local/lib/python3.8/site-packages/airflow/example_dags/example_branch_operator.py for tasks to queue
[2023-12-18T20:57:37.333+0000] {logging_mixin.py:154} INFO - [2023-12-18T20:57:37.332+0000] {dagbag.py:536} INFO - Filling up the DagBag from /home/airflow/.local/lib/python3.8/site-packages/airflow/example_dags/example_branch_operator.py
[2023-12-18T20:57:37.347+0000] {processor.py:839} INFO - DAG(s) dict_keys(['example_branch_operator']) retrieved from /home/airflow/.local/lib/python3.8/site-packages/airflow/example_dags/example_branch_operator.py
[2023-12-18T20:57:37.396+0000] {logging_mixin.py:154} INFO - [2023-12-18T20:57:37.396+0000] {dag.py:2941} INFO - Sync 1 DAGs
[2023-12-18T20:57:37.449+0000] {logging_mixin.py:154} INFO - [2023-12-18T20:57:37.449+0000] {dag.py:3722} INFO - Setting next_dagrun for example_branch_operator to 2023-12-17T00:00:00+00:00, run_after=2023-12-18T00:00:00+00:00
[2023-12-18T20:57:37.524+0000] {processor.py:179} INFO - Processing /home/airflow/.local/lib/python3.8/site-packages/airflow/example_dags/example_branch_operator.py took 0.201 seconds
[2023-12-18T20:58:07.623+0000] {processor.py:157} INFO - Started process (PID=205) to work on /home/airflow/.local/lib/python3.8/site-packages/airflow/example_dags/example_branch_operator.py
[2023-12-18T20:58:07.625+0000] {processor.py:829} INFO - Processing file /home/airflow/.local/lib/python3.8/site-packages/airflow/example_dags/example_branch_operator.py for tasks to queue
[2023-12-18T20:58:07.628+0000] {logging_mixin.py:154} INFO - [2023-12-18T20:58:07.627+0000] {dagbag.py:536} INFO - Filling up the DagBag from /home/airflow/.local/lib/python3.8/site-packages/airflow/example_dags/example_branch_operator.py
[2023-12-18T20:58:07.642+0000] {processor.py:839} INFO - DAG(s) dict_keys(['example_branch_operator']) retrieved from /home/airflow/.local/lib/python3.8/site-packages/airflow/example_dags/example_branch_operator.py
[2023-12-18T20:58:07.682+0000] {logging_mixin.py:154} INFO - [2023-12-18T20:58:07.681+0000] {dag.py:2941} INFO - Sync 1 DAGs
[2023-12-18T20:58:07.723+0000] {logging_mixin.py:154} INFO - [2023-12-18T20:58:07.723+0000] {dag.py:3722} INFO - Setting next_dagrun for example_branch_operator to 2023-12-17T00:00:00+00:00, run_after=2023-12-18T00:00:00+00:00
[2023-12-18T20:58:07.797+0000] {processor.py:179} INFO - Processing /home/airflow/.local/lib/python3.8/site-packages/airflow/example_dags/example_branch_operator.py took 0.178 seconds
[2023-12-18T20:58:38.620+0000] {processor.py:157} INFO - Started process (PID=259) to work on /home/airflow/.local/lib/python3.8/site-packages/airflow/example_dags/example_branch_operator.py
[2023-12-18T20:58:38.621+0000] {processor.py:829} INFO - Processing file /home/airflow/.local/lib/python3.8/site-packages/airflow/example_dags/example_branch_operator.py for tasks to queue
[2023-12-18T20:58:38.625+0000] {logging_mixin.py:154} INFO - [2023-12-18T20:58:38.624+0000] {dagbag.py:536} INFO - Filling up the DagBag from /home/airflow/.local/lib/python3.8/site-packages/airflow/example_dags/example_branch_operator.py
[2023-12-18T20:58:38.644+0000] {processor.py:839} INFO - DAG(s) dict_keys(['example_branch_operator']) retrieved from /home/airflow/.local/lib/python3.8/site-packages/airflow/example_dags/example_branch_operator.py
[2023-12-18T20:58:38.688+0000] {logging_mixin.py:154} INFO - [2023-12-18T20:58:38.688+0000] {dag.py:2941} INFO - Sync 1 DAGs
[2023-12-18T20:58:38.737+0000] {logging_mixin.py:154} INFO - [2023-12-18T20:58:38.737+0000] {dag.py:3722} INFO - Setting next_dagrun for example_branch_operator to 2023-12-17T00:00:00+00:00, run_after=2023-12-18T00:00:00+00:00
[2023-12-18T20:58:38.792+0000] {processor.py:179} INFO - Processing /home/airflow/.local/lib/python3.8/site-packages/airflow/example_dags/example_branch_operator.py took 0.177 seconds
[2023-12-18T20:59:09.402+0000] {processor.py:157} INFO - Started process (PID=313) to work on /home/airflow/.local/lib/python3.8/site-packages/airflow/example_dags/example_branch_operator.py
[2023-12-18T20:59:09.409+0000] {processor.py:829} INFO - Processing file /home/airflow/.local/lib/python3.8/site-packages/airflow/example_dags/example_branch_operator.py for tasks to queue
[2023-12-18T20:59:09.438+0000] {logging_mixin.py:154} INFO - [2023-12-18T20:59:09.436+0000] {dagbag.py:536} INFO - Filling up the DagBag from /home/airflow/.local/lib/python3.8/site-packages/airflow/example_dags/example_branch_operator.py
[2023-12-18T20:59:09.504+0000] {processor.py:839} INFO - DAG(s) dict_keys(['example_branch_operator']) retrieved from /home/airflow/.local/lib/python3.8/site-packages/airflow/example_dags/example_branch_operator.py
[2023-12-18T20:59:09.583+0000] {logging_mixin.py:154} INFO - [2023-12-18T20:59:09.582+0000] {dag.py:2941} INFO - Sync 1 DAGs
[2023-12-18T20:59:09.678+0000] {logging_mixin.py:154} INFO - [2023-12-18T20:59:09.677+0000] {dag.py:3722} INFO - Setting next_dagrun for example_branch_operator to 2023-12-17T00:00:00+00:00, run_after=2023-12-18T00:00:00+00:00
[2023-12-18T20:59:09.733+0000] {processor.py:179} INFO - Processing /home/airflow/.local/lib/python3.8/site-packages/airflow/example_dags/example_branch_operator.py took 0.344 seconds
[2023-12-18T20:59:40.216+0000] {processor.py:157} INFO - Started process (PID=367) to work on /home/airflow/.local/lib/python3.8/site-packages/airflow/example_dags/example_branch_operator.py
[2023-12-18T20:59:40.218+0000] {processor.py:829} INFO - Processing file /home/airflow/.local/lib/python3.8/site-packages/airflow/example_dags/example_branch_operator.py for tasks to queue
[2023-12-18T20:59:40.221+0000] {logging_mixin.py:154} INFO - [2023-12-18T20:59:40.221+0000] {dagbag.py:536} INFO - Filling up the DagBag from /home/airflow/.local/lib/python3.8/site-packages/airflow/example_dags/example_branch_operator.py
[2023-12-18T20:59:40.235+0000] {processor.py:839} INFO - DAG(s) dict_keys(['example_branch_operator']) retrieved from /home/airflow/.local/lib/python3.8/site-packages/airflow/example_dags/example_branch_operator.py
[2023-12-18T20:59:40.276+0000] {logging_mixin.py:154} INFO - [2023-12-18T20:59:40.276+0000] {dag.py:2941} INFO - Sync 1 DAGs
[2023-12-18T20:59:40.325+0000] {logging_mixin.py:154} INFO - [2023-12-18T20:59:40.325+0000] {dag.py:3722} INFO - Setting next_dagrun for example_branch_operator to 2023-12-17T00:00:00+00:00, run_after=2023-12-18T00:00:00+00:00
[2023-12-18T20:59:40.382+0000] {processor.py:179} INFO - Processing /home/airflow/.local/lib/python3.8/site-packages/airflow/example_dags/example_branch_operator.py took 0.172 seconds
[2023-12-18T21:00:10.968+0000] {processor.py:157} INFO - Started process (PID=421) to work on /home/airflow/.local/lib/python3.8/site-packages/airflow/example_dags/example_branch_operator.py
[2023-12-18T21:00:10.970+0000] {processor.py:829} INFO - Processing file /home/airflow/.local/lib/python3.8/site-packages/airflow/example_dags/example_branch_operator.py for tasks to queue
[2023-12-18T21:00:10.973+0000] {logging_mixin.py:154} INFO - [2023-12-18T21:00:10.973+0000] {dagbag.py:536} INFO - Filling up the DagBag from /home/airflow/.local/lib/python3.8/site-packages/airflow/example_dags/example_branch_operator.py
[2023-12-18T21:00:10.994+0000] {processor.py:839} INFO - DAG(s) dict_keys(['example_branch_operator']) retrieved from /home/airflow/.local/lib/python3.8/site-packages/airflow/example_dags/example_branch_operator.py
[2023-12-18T21:00:11.040+0000] {logging_mixin.py:154} INFO - [2023-12-18T21:00:11.039+0000] {dag.py:2941} INFO - Sync 1 DAGs
[2023-12-18T21:00:11.085+0000] {logging_mixin.py:154} INFO - [2023-12-18T21:00:11.085+0000] {dag.py:3722} INFO - Setting next_dagrun for example_branch_operator to 2023-12-17T00:00:00+00:00, run_after=2023-12-18T00:00:00+00:00
[2023-12-18T21:00:11.130+0000] {processor.py:179} INFO - Processing /home/airflow/.local/lib/python3.8/site-packages/airflow/example_dags/example_branch_operator.py took 0.168 seconds
[2023-12-18T21:00:41.251+0000] {processor.py:157} INFO - Started process (PID=474) to work on /home/airflow/.local/lib/python3.8/site-packages/airflow/example_dags/example_branch_operator.py
[2023-12-18T21:00:41.252+0000] {processor.py:829} INFO - Processing file /home/airflow/.local/lib/python3.8/site-packages/airflow/example_dags/example_branch_operator.py for tasks to queue
[2023-12-18T21:00:41.259+0000] {logging_mixin.py:154} INFO - [2023-12-18T21:00:41.258+0000] {dagbag.py:536} INFO - Filling up the DagBag from /home/airflow/.local/lib/python3.8/site-packages/airflow/example_dags/example_branch_operator.py
[2023-12-18T21:00:41.275+0000] {processor.py:839} INFO - DAG(s) dict_keys(['example_branch_operator']) retrieved from /home/airflow/.local/lib/python3.8/site-packages/airflow/example_dags/example_branch_operator.py
[2023-12-18T21:00:41.321+0000] {logging_mixin.py:154} INFO - [2023-12-18T21:00:41.321+0000] {dag.py:2941} INFO - Sync 1 DAGs
[2023-12-18T21:00:41.364+0000] {logging_mixin.py:154} INFO - [2023-12-18T21:00:41.363+0000] {dag.py:3722} INFO - Setting next_dagrun for example_branch_operator to 2023-12-17T00:00:00+00:00, run_after=2023-12-18T00:00:00+00:00
[2023-12-18T21:00:41.402+0000] {processor.py:179} INFO - Processing /home/airflow/.local/lib/python3.8/site-packages/airflow/example_dags/example_branch_operator.py took 0.156 seconds
[2023-12-18T21:01:11.638+0000] {processor.py:157} INFO - Started process (PID=528) to work on /home/airflow/.local/lib/python3.8/site-packages/airflow/example_dags/example_branch_operator.py
[2023-12-18T21:01:11.640+0000] {processor.py:829} INFO - Processing file /home/airflow/.local/lib/python3.8/site-packages/airflow/example_dags/example_branch_operator.py for tasks to queue
[2023-12-18T21:01:11.649+0000] {logging_mixin.py:154} INFO - [2023-12-18T21:01:11.648+0000] {dagbag.py:536} INFO - Filling up the DagBag from /home/airflow/.local/lib/python3.8/site-packages/airflow/example_dags/example_branch_operator.py
[2023-12-18T21:01:11.671+0000] {processor.py:839} INFO - DAG(s) dict_keys(['example_branch_operator']) retrieved from /home/airflow/.local/lib/python3.8/site-packages/airflow/example_dags/example_branch_operator.py
[2023-12-18T21:01:11.718+0000] {logging_mixin.py:154} INFO - [2023-12-18T21:01:11.717+0000] {dag.py:2941} INFO - Sync 1 DAGs
[2023-12-18T21:01:11.761+0000] {logging_mixin.py:154} INFO - [2023-12-18T21:01:11.761+0000] {dag.py:3722} INFO - Setting next_dagrun for example_branch_operator to 2023-12-17T00:00:00+00:00, run_after=2023-12-18T00:00:00+00:00
[2023-12-18T21:01:11.821+0000] {processor.py:179} INFO - Processing /home/airflow/.local/lib/python3.8/site-packages/airflow/example_dags/example_branch_operator.py took 0.188 seconds
[2023-12-18T21:01:42.311+0000] {processor.py:157} INFO - Started process (PID=582) to work on /home/airflow/.local/lib/python3.8/site-packages/airflow/example_dags/example_branch_operator.py
[2023-12-18T21:01:42.313+0000] {processor.py:829} INFO - Processing file /home/airflow/.local/lib/python3.8/site-packages/airflow/example_dags/example_branch_operator.py for tasks to queue
[2023-12-18T21:01:42.317+0000] {logging_mixin.py:154} INFO - [2023-12-18T21:01:42.316+0000] {dagbag.py:536} INFO - Filling up the DagBag from /home/airflow/.local/lib/python3.8/site-packages/airflow/example_dags/example_branch_operator.py
[2023-12-18T21:01:42.339+0000] {processor.py:839} INFO - DAG(s) dict_keys(['example_branch_operator']) retrieved from /home/airflow/.local/lib/python3.8/site-packages/airflow/example_dags/example_branch_operator.py
[2023-12-18T21:01:42.386+0000] {logging_mixin.py:154} INFO - [2023-12-18T21:01:42.386+0000] {dag.py:2941} INFO - Sync 1 DAGs
[2023-12-18T21:01:42.437+0000] {logging_mixin.py:154} INFO - [2023-12-18T21:01:42.436+0000] {dag.py:3722} INFO - Setting next_dagrun for example_branch_operator to 2023-12-17T00:00:00+00:00, run_after=2023-12-18T00:00:00+00:00
[2023-12-18T21:01:42.473+0000] {processor.py:179} INFO - Processing /home/airflow/.local/lib/python3.8/site-packages/airflow/example_dags/example_branch_operator.py took 0.169 seconds
[2023-12-18T21:02:12.799+0000] {processor.py:157} INFO - Started process (PID=636) to work on /home/airflow/.local/lib/python3.8/site-packages/airflow/example_dags/example_branch_operator.py
[2023-12-18T21:02:12.800+0000] {processor.py:829} INFO - Processing file /home/airflow/.local/lib/python3.8/site-packages/airflow/example_dags/example_branch_operator.py for tasks to queue
[2023-12-18T21:02:12.804+0000] {logging_mixin.py:154} INFO - [2023-12-18T21:02:12.803+0000] {dagbag.py:536} INFO - Filling up the DagBag from /home/airflow/.local/lib/python3.8/site-packages/airflow/example_dags/example_branch_operator.py
[2023-12-18T21:02:12.819+0000] {processor.py:839} INFO - DAG(s) dict_keys(['example_branch_operator']) retrieved from /home/airflow/.local/lib/python3.8/site-packages/airflow/example_dags/example_branch_operator.py
[2023-12-18T21:02:12.866+0000] {logging_mixin.py:154} INFO - [2023-12-18T21:02:12.866+0000] {dag.py:2941} INFO - Sync 1 DAGs
[2023-12-18T21:02:12.920+0000] {logging_mixin.py:154} INFO - [2023-12-18T21:02:12.920+0000] {dag.py:3722} INFO - Setting next_dagrun for example_branch_operator to 2023-12-17T00:00:00+00:00, run_after=2023-12-18T00:00:00+00:00
[2023-12-18T21:02:12.996+0000] {processor.py:179} INFO - Processing /home/airflow/.local/lib/python3.8/site-packages/airflow/example_dags/example_branch_operator.py took 0.201 seconds
[2023-12-18T21:02:43.168+0000] {processor.py:157} INFO - Started process (PID=690) to work on /home/airflow/.local/lib/python3.8/site-packages/airflow/example_dags/example_branch_operator.py
[2023-12-18T21:02:43.169+0000] {processor.py:829} INFO - Processing file /home/airflow/.local/lib/python3.8/site-packages/airflow/example_dags/example_branch_operator.py for tasks to queue
[2023-12-18T21:02:43.172+0000] {logging_mixin.py:154} INFO - [2023-12-18T21:02:43.172+0000] {dagbag.py:536} INFO - Filling up the DagBag from /home/airflow/.local/lib/python3.8/site-packages/airflow/example_dags/example_branch_operator.py
[2023-12-18T21:02:43.187+0000] {processor.py:839} INFO - DAG(s) dict_keys(['example_branch_operator']) retrieved from /home/airflow/.local/lib/python3.8/site-packages/airflow/example_dags/example_branch_operator.py
[2023-12-18T21:02:43.233+0000] {logging_mixin.py:154} INFO - [2023-12-18T21:02:43.233+0000] {dag.py:2941} INFO - Sync 1 DAGs
[2023-12-18T21:02:43.286+0000] {logging_mixin.py:154} INFO - [2023-12-18T21:02:43.285+0000] {dag.py:3722} INFO - Setting next_dagrun for example_branch_operator to 2023-12-17T00:00:00+00:00, run_after=2023-12-18T00:00:00+00:00
[2023-12-18T21:02:43.346+0000] {processor.py:179} INFO - Processing /home/airflow/.local/lib/python3.8/site-packages/airflow/example_dags/example_branch_operator.py took 0.183 seconds
[2023-12-18T21:03:13.647+0000] {processor.py:157} INFO - Started process (PID=744) to work on /home/airflow/.local/lib/python3.8/site-packages/airflow/example_dags/example_branch_operator.py
[2023-12-18T21:03:13.650+0000] {processor.py:829} INFO - Processing file /home/airflow/.local/lib/python3.8/site-packages/airflow/example_dags/example_branch_operator.py for tasks to queue
[2023-12-18T21:03:13.658+0000] {logging_mixin.py:154} INFO - [2023-12-18T21:03:13.657+0000] {dagbag.py:536} INFO - Filling up the DagBag from /home/airflow/.local/lib/python3.8/site-packages/airflow/example_dags/example_branch_operator.py
[2023-12-18T21:03:13.680+0000] {processor.py:839} INFO - DAG(s) dict_keys(['example_branch_operator']) retrieved from /home/airflow/.local/lib/python3.8/site-packages/airflow/example_dags/example_branch_operator.py
[2023-12-18T21:03:13.747+0000] {logging_mixin.py:154} INFO - [2023-12-18T21:03:13.746+0000] {dag.py:2941} INFO - Sync 1 DAGs
[2023-12-18T21:03:13.826+0000] {logging_mixin.py:154} INFO - [2023-12-18T21:03:13.825+0000] {dag.py:3722} INFO - Setting next_dagrun for example_branch_operator to 2023-12-17T00:00:00+00:00, run_after=2023-12-18T00:00:00+00:00
[2023-12-18T21:03:13.865+0000] {processor.py:179} INFO - Processing /home/airflow/.local/lib/python3.8/site-packages/airflow/example_dags/example_branch_operator.py took 0.226 seconds
[2023-12-18T21:03:44.121+0000] {processor.py:157} INFO - Started process (PID=805) to work on /home/airflow/.local/lib/python3.8/site-packages/airflow/example_dags/example_branch_operator.py
[2023-12-18T21:03:44.122+0000] {processor.py:829} INFO - Processing file /home/airflow/.local/lib/python3.8/site-packages/airflow/example_dags/example_branch_operator.py for tasks to queue
[2023-12-18T21:03:44.126+0000] {logging_mixin.py:154} INFO - [2023-12-18T21:03:44.125+0000] {dagbag.py:536} INFO - Filling up the DagBag from /home/airflow/.local/lib/python3.8/site-packages/airflow/example_dags/example_branch_operator.py
[2023-12-18T21:03:44.140+0000] {processor.py:839} INFO - DAG(s) dict_keys(['example_branch_operator']) retrieved from /home/airflow/.local/lib/python3.8/site-packages/airflow/example_dags/example_branch_operator.py
[2023-12-18T21:03:44.178+0000] {logging_mixin.py:154} INFO - [2023-12-18T21:03:44.177+0000] {dag.py:2941} INFO - Sync 1 DAGs
[2023-12-18T21:03:44.227+0000] {logging_mixin.py:154} INFO - [2023-12-18T21:03:44.227+0000] {dag.py:3722} INFO - Setting next_dagrun for example_branch_operator to 2023-12-17T00:00:00+00:00, run_after=2023-12-18T00:00:00+00:00
[2023-12-18T21:03:44.285+0000] {processor.py:179} INFO - Processing /home/airflow/.local/lib/python3.8/site-packages/airflow/example_dags/example_branch_operator.py took 0.170 seconds
[2023-12-18T21:04:15.198+0000] {processor.py:157} INFO - Started process (PID=859) to work on /home/airflow/.local/lib/python3.8/site-packages/airflow/example_dags/example_branch_operator.py
[2023-12-18T21:04:15.199+0000] {processor.py:829} INFO - Processing file /home/airflow/.local/lib/python3.8/site-packages/airflow/example_dags/example_branch_operator.py for tasks to queue
[2023-12-18T21:04:15.200+0000] {logging_mixin.py:154} INFO - [2023-12-18T21:04:15.200+0000] {dagbag.py:536} INFO - Filling up the DagBag from /home/airflow/.local/lib/python3.8/site-packages/airflow/example_dags/example_branch_operator.py
[2023-12-18T21:04:15.207+0000] {processor.py:839} INFO - DAG(s) dict_keys(['example_branch_operator']) retrieved from /home/airflow/.local/lib/python3.8/site-packages/airflow/example_dags/example_branch_operator.py
[2023-12-18T21:04:15.223+0000] {logging_mixin.py:154} INFO - [2023-12-18T21:04:15.223+0000] {dag.py:2941} INFO - Sync 1 DAGs
[2023-12-18T21:04:15.241+0000] {logging_mixin.py:154} INFO - [2023-12-18T21:04:15.241+0000] {dag.py:3722} INFO - Setting next_dagrun for example_branch_operator to 2023-12-17T00:00:00+00:00, run_after=2023-12-18T00:00:00+00:00
[2023-12-18T21:04:15.255+0000] {processor.py:179} INFO - Processing /home/airflow/.local/lib/python3.8/site-packages/airflow/example_dags/example_branch_operator.py took 0.060 seconds
[2023-12-18T21:04:45.467+0000] {processor.py:157} INFO - Started process (PID=913) to work on /home/airflow/.local/lib/python3.8/site-packages/airflow/example_dags/example_branch_operator.py
[2023-12-18T21:04:45.468+0000] {processor.py:829} INFO - Processing file /home/airflow/.local/lib/python3.8/site-packages/airflow/example_dags/example_branch_operator.py for tasks to queue
[2023-12-18T21:04:45.470+0000] {logging_mixin.py:154} INFO - [2023-12-18T21:04:45.469+0000] {dagbag.py:536} INFO - Filling up the DagBag from /home/airflow/.local/lib/python3.8/site-packages/airflow/example_dags/example_branch_operator.py
[2023-12-18T21:04:45.476+0000] {processor.py:839} INFO - DAG(s) dict_keys(['example_branch_operator']) retrieved from /home/airflow/.local/lib/python3.8/site-packages/airflow/example_dags/example_branch_operator.py
[2023-12-18T21:04:45.492+0000] {logging_mixin.py:154} INFO - [2023-12-18T21:04:45.492+0000] {dag.py:2941} INFO - Sync 1 DAGs
[2023-12-18T21:04:45.509+0000] {logging_mixin.py:154} INFO - [2023-12-18T21:04:45.509+0000] {dag.py:3722} INFO - Setting next_dagrun for example_branch_operator to 2023-12-17T00:00:00+00:00, run_after=2023-12-18T00:00:00+00:00
[2023-12-18T21:04:45.532+0000] {processor.py:179} INFO - Processing /home/airflow/.local/lib/python3.8/site-packages/airflow/example_dags/example_branch_operator.py took 0.068 seconds
[2023-12-18T21:05:15.869+0000] {processor.py:157} INFO - Started process (PID=967) to work on /home/airflow/.local/lib/python3.8/site-packages/airflow/example_dags/example_branch_operator.py
[2023-12-18T21:05:15.870+0000] {processor.py:829} INFO - Processing file /home/airflow/.local/lib/python3.8/site-packages/airflow/example_dags/example_branch_operator.py for tasks to queue
[2023-12-18T21:05:15.871+0000] {logging_mixin.py:154} INFO - [2023-12-18T21:05:15.871+0000] {dagbag.py:536} INFO - Filling up the DagBag from /home/airflow/.local/lib/python3.8/site-packages/airflow/example_dags/example_branch_operator.py
[2023-12-18T21:05:15.878+0000] {processor.py:839} INFO - DAG(s) dict_keys(['example_branch_operator']) retrieved from /home/airflow/.local/lib/python3.8/site-packages/airflow/example_dags/example_branch_operator.py
[2023-12-18T21:05:15.893+0000] {logging_mixin.py:154} INFO - [2023-12-18T21:05:15.893+0000] {dag.py:2941} INFO - Sync 1 DAGs
[2023-12-18T21:05:15.912+0000] {logging_mixin.py:154} INFO - [2023-12-18T21:05:15.912+0000] {dag.py:3722} INFO - Setting next_dagrun for example_branch_operator to 2023-12-17T00:00:00+00:00, run_after=2023-12-18T00:00:00+00:00
[2023-12-18T21:05:15.930+0000] {processor.py:179} INFO - Processing /home/airflow/.local/lib/python3.8/site-packages/airflow/example_dags/example_branch_operator.py took 0.064 seconds
[2023-12-18T21:05:46.180+0000] {processor.py:157} INFO - Started process (PID=1021) to work on /home/airflow/.local/lib/python3.8/site-packages/airflow/example_dags/example_branch_operator.py
[2023-12-18T21:05:46.181+0000] {processor.py:829} INFO - Processing file /home/airflow/.local/lib/python3.8/site-packages/airflow/example_dags/example_branch_operator.py for tasks to queue
[2023-12-18T21:05:46.183+0000] {logging_mixin.py:154} INFO - [2023-12-18T21:05:46.182+0000] {dagbag.py:536} INFO - Filling up the DagBag from /home/airflow/.local/lib/python3.8/site-packages/airflow/example_dags/example_branch_operator.py
[2023-12-18T21:05:46.189+0000] {processor.py:839} INFO - DAG(s) dict_keys(['example_branch_operator']) retrieved from /home/airflow/.local/lib/python3.8/site-packages/airflow/example_dags/example_branch_operator.py
[2023-12-18T21:05:46.205+0000] {logging_mixin.py:154} INFO - [2023-12-18T21:05:46.205+0000] {dag.py:2941} INFO - Sync 1 DAGs
[2023-12-18T21:05:46.222+0000] {logging_mixin.py:154} INFO - [2023-12-18T21:05:46.222+0000] {dag.py:3722} INFO - Setting next_dagrun for example_branch_operator to 2023-12-17T00:00:00+00:00, run_after=2023-12-18T00:00:00+00:00
[2023-12-18T21:05:46.243+0000] {processor.py:179} INFO - Processing /home/airflow/.local/lib/python3.8/site-packages/airflow/example_dags/example_branch_operator.py took 0.066 seconds
[2023-12-18T21:06:16.429+0000] {processor.py:157} INFO - Started process (PID=1075) to work on /home/airflow/.local/lib/python3.8/site-packages/airflow/example_dags/example_branch_operator.py
[2023-12-18T21:06:16.430+0000] {processor.py:829} INFO - Processing file /home/airflow/.local/lib/python3.8/site-packages/airflow/example_dags/example_branch_operator.py for tasks to queue
[2023-12-18T21:06:16.431+0000] {logging_mixin.py:154} INFO - [2023-12-18T21:06:16.431+0000] {dagbag.py:536} INFO - Filling up the DagBag from /home/airflow/.local/lib/python3.8/site-packages/airflow/example_dags/example_branch_operator.py
[2023-12-18T21:06:16.438+0000] {processor.py:839} INFO - DAG(s) dict_keys(['example_branch_operator']) retrieved from /home/airflow/.local/lib/python3.8/site-packages/airflow/example_dags/example_branch_operator.py
[2023-12-18T21:06:16.454+0000] {logging_mixin.py:154} INFO - [2023-12-18T21:06:16.454+0000] {dag.py:2941} INFO - Sync 1 DAGs
[2023-12-18T21:06:16.471+0000] {logging_mixin.py:154} INFO - [2023-12-18T21:06:16.471+0000] {dag.py:3722} INFO - Setting next_dagrun for example_branch_operator to 2023-12-17T00:00:00+00:00, run_after=2023-12-18T00:00:00+00:00
[2023-12-18T21:06:16.485+0000] {processor.py:179} INFO - Processing /home/airflow/.local/lib/python3.8/site-packages/airflow/example_dags/example_branch_operator.py took 0.058 seconds
[2023-12-18T21:06:46.604+0000] {processor.py:157} INFO - Started process (PID=1129) to work on /home/airflow/.local/lib/python3.8/site-packages/airflow/example_dags/example_branch_operator.py
[2023-12-18T21:06:46.605+0000] {processor.py:829} INFO - Processing file /home/airflow/.local/lib/python3.8/site-packages/airflow/example_dags/example_branch_operator.py for tasks to queue
[2023-12-18T21:06:46.606+0000] {logging_mixin.py:154} INFO - [2023-12-18T21:06:46.606+0000] {dagbag.py:536} INFO - Filling up the DagBag from /home/airflow/.local/lib/python3.8/site-packages/airflow/example_dags/example_branch_operator.py
[2023-12-18T21:06:46.612+0000] {processor.py:839} INFO - DAG(s) dict_keys(['example_branch_operator']) retrieved from /home/airflow/.local/lib/python3.8/site-packages/airflow/example_dags/example_branch_operator.py
[2023-12-18T21:06:46.627+0000] {logging_mixin.py:154} INFO - [2023-12-18T21:06:46.627+0000] {dag.py:2941} INFO - Sync 1 DAGs
[2023-12-18T21:06:46.645+0000] {logging_mixin.py:154} INFO - [2023-12-18T21:06:46.645+0000] {dag.py:3722} INFO - Setting next_dagrun for example_branch_operator to 2023-12-17T00:00:00+00:00, run_after=2023-12-18T00:00:00+00:00
[2023-12-18T21:06:46.668+0000] {processor.py:179} INFO - Processing /home/airflow/.local/lib/python3.8/site-packages/airflow/example_dags/example_branch_operator.py took 0.067 seconds
[2023-12-18T21:07:16.715+0000] {processor.py:157} INFO - Started process (PID=1183) to work on /home/airflow/.local/lib/python3.8/site-packages/airflow/example_dags/example_branch_operator.py
[2023-12-18T21:07:16.716+0000] {processor.py:829} INFO - Processing file /home/airflow/.local/lib/python3.8/site-packages/airflow/example_dags/example_branch_operator.py for tasks to queue
[2023-12-18T21:07:16.717+0000] {logging_mixin.py:154} INFO - [2023-12-18T21:07:16.717+0000] {dagbag.py:536} INFO - Filling up the DagBag from /home/airflow/.local/lib/python3.8/site-packages/airflow/example_dags/example_branch_operator.py
[2023-12-18T21:07:16.724+0000] {processor.py:839} INFO - DAG(s) dict_keys(['example_branch_operator']) retrieved from /home/airflow/.local/lib/python3.8/site-packages/airflow/example_dags/example_branch_operator.py
[2023-12-18T21:07:16.739+0000] {logging_mixin.py:154} INFO - [2023-12-18T21:07:16.739+0000] {dag.py:2941} INFO - Sync 1 DAGs
[2023-12-18T21:07:16.757+0000] {logging_mixin.py:154} INFO - [2023-12-18T21:07:16.756+0000] {dag.py:3722} INFO - Setting next_dagrun for example_branch_operator to 2023-12-17T00:00:00+00:00, run_after=2023-12-18T00:00:00+00:00
[2023-12-18T21:07:16.778+0000] {processor.py:179} INFO - Processing /home/airflow/.local/lib/python3.8/site-packages/airflow/example_dags/example_branch_operator.py took 0.065 seconds
[2023-12-18T21:07:46.935+0000] {processor.py:157} INFO - Started process (PID=1237) to work on /home/airflow/.local/lib/python3.8/site-packages/airflow/example_dags/example_branch_operator.py
[2023-12-18T21:07:46.936+0000] {processor.py:829} INFO - Processing file /home/airflow/.local/lib/python3.8/site-packages/airflow/example_dags/example_branch_operator.py for tasks to queue
[2023-12-18T21:07:46.938+0000] {logging_mixin.py:154} INFO - [2023-12-18T21:07:46.937+0000] {dagbag.py:536} INFO - Filling up the DagBag from /home/airflow/.local/lib/python3.8/site-packages/airflow/example_dags/example_branch_operator.py
[2023-12-18T21:07:46.945+0000] {processor.py:839} INFO - DAG(s) dict_keys(['example_branch_operator']) retrieved from /home/airflow/.local/lib/python3.8/site-packages/airflow/example_dags/example_branch_operator.py
[2023-12-18T21:07:46.963+0000] {logging_mixin.py:154} INFO - [2023-12-18T21:07:46.963+0000] {dag.py:2941} INFO - Sync 1 DAGs
[2023-12-18T21:07:46.982+0000] {logging_mixin.py:154} INFO - [2023-12-18T21:07:46.982+0000] {dag.py:3722} INFO - Setting next_dagrun for example_branch_operator to 2023-12-17T00:00:00+00:00, run_after=2023-12-18T00:00:00+00:00
[2023-12-18T21:07:46.999+0000] {processor.py:179} INFO - Processing /home/airflow/.local/lib/python3.8/site-packages/airflow/example_dags/example_branch_operator.py took 0.067 seconds
[2023-12-18T21:11:27.122+0000] {processor.py:157} INFO - Started process (PID=1283) to work on /home/airflow/.local/lib/python3.8/site-packages/airflow/example_dags/example_branch_operator.py
[2023-12-18T21:11:27.133+0000] {processor.py:829} INFO - Processing file /home/airflow/.local/lib/python3.8/site-packages/airflow/example_dags/example_branch_operator.py for tasks to queue
[2023-12-18T21:11:27.144+0000] {logging_mixin.py:154} INFO - [2023-12-18T21:11:27.143+0000] {dagbag.py:536} INFO - Filling up the DagBag from /home/airflow/.local/lib/python3.8/site-packages/airflow/example_dags/example_branch_operator.py
[2023-12-18T21:11:27.170+0000] {processor.py:839} INFO - DAG(s) dict_keys(['example_branch_operator']) retrieved from /home/airflow/.local/lib/python3.8/site-packages/airflow/example_dags/example_branch_operator.py
[2023-12-18T21:11:27.216+0000] {logging_mixin.py:154} INFO - [2023-12-18T21:11:27.215+0000] {dag.py:2941} INFO - Sync 1 DAGs
[2023-12-18T21:11:27.242+0000] {logging_mixin.py:154} INFO - [2023-12-18T21:11:27.242+0000] {dag.py:3722} INFO - Setting next_dagrun for example_branch_operator to 2023-12-17T00:00:00+00:00, run_after=2023-12-18T00:00:00+00:00
[2023-12-18T21:11:27.261+0000] {processor.py:179} INFO - Processing /home/airflow/.local/lib/python3.8/site-packages/airflow/example_dags/example_branch_operator.py took 0.150 seconds
[2023-12-18T21:11:57.344+0000] {processor.py:157} INFO - Started process (PID=1336) to work on /home/airflow/.local/lib/python3.8/site-packages/airflow/example_dags/example_branch_operator.py
[2023-12-18T21:11:57.344+0000] {processor.py:829} INFO - Processing file /home/airflow/.local/lib/python3.8/site-packages/airflow/example_dags/example_branch_operator.py for tasks to queue
[2023-12-18T21:11:57.346+0000] {logging_mixin.py:154} INFO - [2023-12-18T21:11:57.346+0000] {dagbag.py:536} INFO - Filling up the DagBag from /home/airflow/.local/lib/python3.8/site-packages/airflow/example_dags/example_branch_operator.py
[2023-12-18T21:11:57.353+0000] {processor.py:839} INFO - DAG(s) dict_keys(['example_branch_operator']) retrieved from /home/airflow/.local/lib/python3.8/site-packages/airflow/example_dags/example_branch_operator.py
[2023-12-18T21:11:57.371+0000] {logging_mixin.py:154} INFO - [2023-12-18T21:11:57.371+0000] {dag.py:2941} INFO - Sync 1 DAGs
[2023-12-18T21:11:57.389+0000] {logging_mixin.py:154} INFO - [2023-12-18T21:11:57.389+0000] {dag.py:3722} INFO - Setting next_dagrun for example_branch_operator to 2023-12-17T00:00:00+00:00, run_after=2023-12-18T00:00:00+00:00
[2023-12-18T21:11:57.403+0000] {processor.py:179} INFO - Processing /home/airflow/.local/lib/python3.8/site-packages/airflow/example_dags/example_branch_operator.py took 0.062 seconds
[2023-12-18T21:12:27.644+0000] {processor.py:157} INFO - Started process (PID=1390) to work on /home/airflow/.local/lib/python3.8/site-packages/airflow/example_dags/example_branch_operator.py
[2023-12-18T21:12:27.645+0000] {processor.py:829} INFO - Processing file /home/airflow/.local/lib/python3.8/site-packages/airflow/example_dags/example_branch_operator.py for tasks to queue
[2023-12-18T21:12:27.647+0000] {logging_mixin.py:154} INFO - [2023-12-18T21:12:27.647+0000] {dagbag.py:536} INFO - Filling up the DagBag from /home/airflow/.local/lib/python3.8/site-packages/airflow/example_dags/example_branch_operator.py
[2023-12-18T21:12:27.654+0000] {processor.py:839} INFO - DAG(s) dict_keys(['example_branch_operator']) retrieved from /home/airflow/.local/lib/python3.8/site-packages/airflow/example_dags/example_branch_operator.py
[2023-12-18T21:12:27.674+0000] {logging_mixin.py:154} INFO - [2023-12-18T21:12:27.674+0000] {dag.py:2941} INFO - Sync 1 DAGs
[2023-12-18T21:12:27.694+0000] {logging_mixin.py:154} INFO - [2023-12-18T21:12:27.694+0000] {dag.py:3722} INFO - Setting next_dagrun for example_branch_operator to 2023-12-17T00:00:00+00:00, run_after=2023-12-18T00:00:00+00:00
[2023-12-18T21:12:27.710+0000] {processor.py:179} INFO - Processing /home/airflow/.local/lib/python3.8/site-packages/airflow/example_dags/example_branch_operator.py took 0.068 seconds
[2023-12-18T21:12:57.952+0000] {processor.py:157} INFO - Started process (PID=1444) to work on /home/airflow/.local/lib/python3.8/site-packages/airflow/example_dags/example_branch_operator.py
[2023-12-18T21:12:57.953+0000] {processor.py:829} INFO - Processing file /home/airflow/.local/lib/python3.8/site-packages/airflow/example_dags/example_branch_operator.py for tasks to queue
[2023-12-18T21:12:57.954+0000] {logging_mixin.py:154} INFO - [2023-12-18T21:12:57.954+0000] {dagbag.py:536} INFO - Filling up the DagBag from /home/airflow/.local/lib/python3.8/site-packages/airflow/example_dags/example_branch_operator.py
[2023-12-18T21:12:57.961+0000] {processor.py:839} INFO - DAG(s) dict_keys(['example_branch_operator']) retrieved from /home/airflow/.local/lib/python3.8/site-packages/airflow/example_dags/example_branch_operator.py
[2023-12-18T21:12:57.978+0000] {logging_mixin.py:154} INFO - [2023-12-18T21:12:57.977+0000] {dag.py:2941} INFO - Sync 1 DAGs
[2023-12-18T21:12:57.997+0000] {logging_mixin.py:154} INFO - [2023-12-18T21:12:57.996+0000] {dag.py:3722} INFO - Setting next_dagrun for example_branch_operator to 2023-12-17T00:00:00+00:00, run_after=2023-12-18T00:00:00+00:00
[2023-12-18T21:12:58.011+0000] {processor.py:179} INFO - Processing /home/airflow/.local/lib/python3.8/site-packages/airflow/example_dags/example_branch_operator.py took 0.062 seconds
[2023-12-18T21:13:28.323+0000] {processor.py:157} INFO - Started process (PID=1498) to work on /home/airflow/.local/lib/python3.8/site-packages/airflow/example_dags/example_branch_operator.py
[2023-12-18T21:13:28.323+0000] {processor.py:829} INFO - Processing file /home/airflow/.local/lib/python3.8/site-packages/airflow/example_dags/example_branch_operator.py for tasks to queue
[2023-12-18T21:13:28.325+0000] {logging_mixin.py:154} INFO - [2023-12-18T21:13:28.325+0000] {dagbag.py:536} INFO - Filling up the DagBag from /home/airflow/.local/lib/python3.8/site-packages/airflow/example_dags/example_branch_operator.py
[2023-12-18T21:13:28.331+0000] {processor.py:839} INFO - DAG(s) dict_keys(['example_branch_operator']) retrieved from /home/airflow/.local/lib/python3.8/site-packages/airflow/example_dags/example_branch_operator.py
[2023-12-18T21:13:28.348+0000] {logging_mixin.py:154} INFO - [2023-12-18T21:13:28.348+0000] {dag.py:2941} INFO - Sync 1 DAGs
[2023-12-18T21:13:28.366+0000] {logging_mixin.py:154} INFO - [2023-12-18T21:13:28.366+0000] {dag.py:3722} INFO - Setting next_dagrun for example_branch_operator to 2023-12-17T00:00:00+00:00, run_after=2023-12-18T00:00:00+00:00
[2023-12-18T21:13:28.381+0000] {processor.py:179} INFO - Processing /home/airflow/.local/lib/python3.8/site-packages/airflow/example_dags/example_branch_operator.py took 0.061 seconds
[2023-12-18T21:13:58.695+0000] {processor.py:157} INFO - Started process (PID=1552) to work on /home/airflow/.local/lib/python3.8/site-packages/airflow/example_dags/example_branch_operator.py
[2023-12-18T21:13:58.695+0000] {processor.py:829} INFO - Processing file /home/airflow/.local/lib/python3.8/site-packages/airflow/example_dags/example_branch_operator.py for tasks to queue
[2023-12-18T21:13:58.697+0000] {logging_mixin.py:154} INFO - [2023-12-18T21:13:58.696+0000] {dagbag.py:536} INFO - Filling up the DagBag from /home/airflow/.local/lib/python3.8/site-packages/airflow/example_dags/example_branch_operator.py
[2023-12-18T21:13:58.703+0000] {processor.py:839} INFO - DAG(s) dict_keys(['example_branch_operator']) retrieved from /home/airflow/.local/lib/python3.8/site-packages/airflow/example_dags/example_branch_operator.py
[2023-12-18T21:13:58.723+0000] {logging_mixin.py:154} INFO - [2023-12-18T21:13:58.723+0000] {dag.py:2941} INFO - Sync 1 DAGs
[2023-12-18T21:13:58.741+0000] {logging_mixin.py:154} INFO - [2023-12-18T21:13:58.741+0000] {dag.py:3722} INFO - Setting next_dagrun for example_branch_operator to 2023-12-17T00:00:00+00:00, run_after=2023-12-18T00:00:00+00:00
[2023-12-18T21:13:58.756+0000] {processor.py:179} INFO - Processing /home/airflow/.local/lib/python3.8/site-packages/airflow/example_dags/example_branch_operator.py took 0.063 seconds
[2023-12-18T21:14:29.195+0000] {processor.py:157} INFO - Started process (PID=1606) to work on /home/airflow/.local/lib/python3.8/site-packages/airflow/example_dags/example_branch_operator.py
[2023-12-18T21:14:29.196+0000] {processor.py:829} INFO - Processing file /home/airflow/.local/lib/python3.8/site-packages/airflow/example_dags/example_branch_operator.py for tasks to queue
[2023-12-18T21:14:29.198+0000] {logging_mixin.py:154} INFO - [2023-12-18T21:14:29.198+0000] {dagbag.py:536} INFO - Filling up the DagBag from /home/airflow/.local/lib/python3.8/site-packages/airflow/example_dags/example_branch_operator.py
[2023-12-18T21:14:29.205+0000] {processor.py:839} INFO - DAG(s) dict_keys(['example_branch_operator']) retrieved from /home/airflow/.local/lib/python3.8/site-packages/airflow/example_dags/example_branch_operator.py
[2023-12-18T21:14:29.224+0000] {logging_mixin.py:154} INFO - [2023-12-18T21:14:29.224+0000] {dag.py:2941} INFO - Sync 1 DAGs
[2023-12-18T21:14:29.246+0000] {logging_mixin.py:154} INFO - [2023-12-18T21:14:29.245+0000] {dag.py:3722} INFO - Setting next_dagrun for example_branch_operator to 2023-12-17T00:00:00+00:00, run_after=2023-12-18T00:00:00+00:00
[2023-12-18T21:14:29.261+0000] {processor.py:179} INFO - Processing /home/airflow/.local/lib/python3.8/site-packages/airflow/example_dags/example_branch_operator.py took 0.068 seconds
[2023-12-18T21:14:59.460+0000] {processor.py:157} INFO - Started process (PID=1660) to work on /home/airflow/.local/lib/python3.8/site-packages/airflow/example_dags/example_branch_operator.py
[2023-12-18T21:14:59.461+0000] {processor.py:829} INFO - Processing file /home/airflow/.local/lib/python3.8/site-packages/airflow/example_dags/example_branch_operator.py for tasks to queue
[2023-12-18T21:14:59.463+0000] {logging_mixin.py:154} INFO - [2023-12-18T21:14:59.462+0000] {dagbag.py:536} INFO - Filling up the DagBag from /home/airflow/.local/lib/python3.8/site-packages/airflow/example_dags/example_branch_operator.py
[2023-12-18T21:14:59.469+0000] {processor.py:839} INFO - DAG(s) dict_keys(['example_branch_operator']) retrieved from /home/airflow/.local/lib/python3.8/site-packages/airflow/example_dags/example_branch_operator.py
[2023-12-18T21:14:59.487+0000] {logging_mixin.py:154} INFO - [2023-12-18T21:14:59.486+0000] {dag.py:2941} INFO - Sync 1 DAGs
[2023-12-18T21:14:59.505+0000] {logging_mixin.py:154} INFO - [2023-12-18T21:14:59.505+0000] {dag.py:3722} INFO - Setting next_dagrun for example_branch_operator to 2023-12-17T00:00:00+00:00, run_after=2023-12-18T00:00:00+00:00
[2023-12-18T21:14:59.521+0000] {processor.py:179} INFO - Processing /home/airflow/.local/lib/python3.8/site-packages/airflow/example_dags/example_branch_operator.py took 0.063 seconds
[2023-12-18T21:15:30.053+0000] {processor.py:157} INFO - Started process (PID=1714) to work on /home/airflow/.local/lib/python3.8/site-packages/airflow/example_dags/example_branch_operator.py
[2023-12-18T21:15:30.054+0000] {processor.py:829} INFO - Processing file /home/airflow/.local/lib/python3.8/site-packages/airflow/example_dags/example_branch_operator.py for tasks to queue
[2023-12-18T21:15:30.056+0000] {logging_mixin.py:154} INFO - [2023-12-18T21:15:30.055+0000] {dagbag.py:536} INFO - Filling up the DagBag from /home/airflow/.local/lib/python3.8/site-packages/airflow/example_dags/example_branch_operator.py
[2023-12-18T21:15:30.062+0000] {processor.py:839} INFO - DAG(s) dict_keys(['example_branch_operator']) retrieved from /home/airflow/.local/lib/python3.8/site-packages/airflow/example_dags/example_branch_operator.py
[2023-12-18T21:15:30.081+0000] {logging_mixin.py:154} INFO - [2023-12-18T21:15:30.081+0000] {dag.py:2941} INFO - Sync 1 DAGs
[2023-12-18T21:15:30.100+0000] {logging_mixin.py:154} INFO - [2023-12-18T21:15:30.100+0000] {dag.py:3722} INFO - Setting next_dagrun for example_branch_operator to 2023-12-17T00:00:00+00:00, run_after=2023-12-18T00:00:00+00:00
[2023-12-18T21:15:30.115+0000] {processor.py:179} INFO - Processing /home/airflow/.local/lib/python3.8/site-packages/airflow/example_dags/example_branch_operator.py took 0.064 seconds
[2023-12-18T21:16:00.491+0000] {processor.py:157} INFO - Started process (PID=1768) to work on /home/airflow/.local/lib/python3.8/site-packages/airflow/example_dags/example_branch_operator.py
[2023-12-18T21:16:00.492+0000] {processor.py:829} INFO - Processing file /home/airflow/.local/lib/python3.8/site-packages/airflow/example_dags/example_branch_operator.py for tasks to queue
[2023-12-18T21:16:00.493+0000] {logging_mixin.py:154} INFO - [2023-12-18T21:16:00.493+0000] {dagbag.py:536} INFO - Filling up the DagBag from /home/airflow/.local/lib/python3.8/site-packages/airflow/example_dags/example_branch_operator.py
[2023-12-18T21:16:00.500+0000] {processor.py:839} INFO - DAG(s) dict_keys(['example_branch_operator']) retrieved from /home/airflow/.local/lib/python3.8/site-packages/airflow/example_dags/example_branch_operator.py
[2023-12-18T21:16:00.517+0000] {logging_mixin.py:154} INFO - [2023-12-18T21:16:00.517+0000] {dag.py:2941} INFO - Sync 1 DAGs
[2023-12-18T21:16:00.535+0000] {logging_mixin.py:154} INFO - [2023-12-18T21:16:00.535+0000] {dag.py:3722} INFO - Setting next_dagrun for example_branch_operator to 2023-12-17T00:00:00+00:00, run_after=2023-12-18T00:00:00+00:00
[2023-12-18T21:16:00.549+0000] {processor.py:179} INFO - Processing /home/airflow/.local/lib/python3.8/site-packages/airflow/example_dags/example_branch_operator.py took 0.060 seconds
[2023-12-18T21:16:30.864+0000] {processor.py:157} INFO - Started process (PID=1822) to work on /home/airflow/.local/lib/python3.8/site-packages/airflow/example_dags/example_branch_operator.py
[2023-12-18T21:16:30.864+0000] {processor.py:829} INFO - Processing file /home/airflow/.local/lib/python3.8/site-packages/airflow/example_dags/example_branch_operator.py for tasks to queue
[2023-12-18T21:16:30.866+0000] {logging_mixin.py:154} INFO - [2023-12-18T21:16:30.866+0000] {dagbag.py:536} INFO - Filling up the DagBag from /home/airflow/.local/lib/python3.8/site-packages/airflow/example_dags/example_branch_operator.py
[2023-12-18T21:16:30.873+0000] {processor.py:839} INFO - DAG(s) dict_keys(['example_branch_operator']) retrieved from /home/airflow/.local/lib/python3.8/site-packages/airflow/example_dags/example_branch_operator.py
[2023-12-18T21:16:30.891+0000] {logging_mixin.py:154} INFO - [2023-12-18T21:16:30.891+0000] {dag.py:2941} INFO - Sync 1 DAGs
[2023-12-18T21:16:30.911+0000] {logging_mixin.py:154} INFO - [2023-12-18T21:16:30.911+0000] {dag.py:3722} INFO - Setting next_dagrun for example_branch_operator to 2023-12-17T00:00:00+00:00, run_after=2023-12-18T00:00:00+00:00
[2023-12-18T21:16:30.926+0000] {processor.py:179} INFO - Processing /home/airflow/.local/lib/python3.8/site-packages/airflow/example_dags/example_branch_operator.py took 0.065 seconds
[2023-12-18T21:17:00.997+0000] {processor.py:157} INFO - Started process (PID=1876) to work on /home/airflow/.local/lib/python3.8/site-packages/airflow/example_dags/example_branch_operator.py
[2023-12-18T21:17:00.998+0000] {processor.py:829} INFO - Processing file /home/airflow/.local/lib/python3.8/site-packages/airflow/example_dags/example_branch_operator.py for tasks to queue
[2023-12-18T21:17:00.999+0000] {logging_mixin.py:154} INFO - [2023-12-18T21:17:00.999+0000] {dagbag.py:536} INFO - Filling up the DagBag from /home/airflow/.local/lib/python3.8/site-packages/airflow/example_dags/example_branch_operator.py
[2023-12-18T21:17:01.007+0000] {processor.py:839} INFO - DAG(s) dict_keys(['example_branch_operator']) retrieved from /home/airflow/.local/lib/python3.8/site-packages/airflow/example_dags/example_branch_operator.py
[2023-12-18T21:17:01.025+0000] {logging_mixin.py:154} INFO - [2023-12-18T21:17:01.025+0000] {dag.py:2941} INFO - Sync 1 DAGs
[2023-12-18T21:17:01.044+0000] {logging_mixin.py:154} INFO - [2023-12-18T21:17:01.043+0000] {dag.py:3722} INFO - Setting next_dagrun for example_branch_operator to 2023-12-17T00:00:00+00:00, run_after=2023-12-18T00:00:00+00:00
[2023-12-18T21:17:01.059+0000] {processor.py:179} INFO - Processing /home/airflow/.local/lib/python3.8/site-packages/airflow/example_dags/example_branch_operator.py took 0.064 seconds
[2023-12-18T21:17:31.104+0000] {processor.py:157} INFO - Started process (PID=1930) to work on /home/airflow/.local/lib/python3.8/site-packages/airflow/example_dags/example_branch_operator.py
[2023-12-18T21:17:31.105+0000] {processor.py:829} INFO - Processing file /home/airflow/.local/lib/python3.8/site-packages/airflow/example_dags/example_branch_operator.py for tasks to queue
[2023-12-18T21:17:31.106+0000] {logging_mixin.py:154} INFO - [2023-12-18T21:17:31.106+0000] {dagbag.py:536} INFO - Filling up the DagBag from /home/airflow/.local/lib/python3.8/site-packages/airflow/example_dags/example_branch_operator.py
[2023-12-18T21:17:31.114+0000] {processor.py:839} INFO - DAG(s) dict_keys(['example_branch_operator']) retrieved from /home/airflow/.local/lib/python3.8/site-packages/airflow/example_dags/example_branch_operator.py
[2023-12-18T21:17:31.132+0000] {logging_mixin.py:154} INFO - [2023-12-18T21:17:31.132+0000] {dag.py:2941} INFO - Sync 1 DAGs
[2023-12-18T21:17:31.151+0000] {logging_mixin.py:154} INFO - [2023-12-18T21:17:31.151+0000] {dag.py:3722} INFO - Setting next_dagrun for example_branch_operator to 2023-12-17T00:00:00+00:00, run_after=2023-12-18T00:00:00+00:00
[2023-12-18T21:17:31.168+0000] {processor.py:179} INFO - Processing /home/airflow/.local/lib/python3.8/site-packages/airflow/example_dags/example_branch_operator.py took 0.067 seconds
[2023-12-18T21:18:01.408+0000] {processor.py:157} INFO - Started process (PID=1984) to work on /home/airflow/.local/lib/python3.8/site-packages/airflow/example_dags/example_branch_operator.py
[2023-12-18T21:18:01.408+0000] {processor.py:829} INFO - Processing file /home/airflow/.local/lib/python3.8/site-packages/airflow/example_dags/example_branch_operator.py for tasks to queue
[2023-12-18T21:18:01.410+0000] {logging_mixin.py:154} INFO - [2023-12-18T21:18:01.410+0000] {dagbag.py:536} INFO - Filling up the DagBag from /home/airflow/.local/lib/python3.8/site-packages/airflow/example_dags/example_branch_operator.py
[2023-12-18T21:18:01.416+0000] {processor.py:839} INFO - DAG(s) dict_keys(['example_branch_operator']) retrieved from /home/airflow/.local/lib/python3.8/site-packages/airflow/example_dags/example_branch_operator.py
[2023-12-18T21:18:01.434+0000] {logging_mixin.py:154} INFO - [2023-12-18T21:18:01.434+0000] {dag.py:2941} INFO - Sync 1 DAGs
[2023-12-18T21:18:01.454+0000] {logging_mixin.py:154} INFO - [2023-12-18T21:18:01.453+0000] {dag.py:3722} INFO - Setting next_dagrun for example_branch_operator to 2023-12-17T00:00:00+00:00, run_after=2023-12-18T00:00:00+00:00
[2023-12-18T21:18:01.469+0000] {processor.py:179} INFO - Processing /home/airflow/.local/lib/python3.8/site-packages/airflow/example_dags/example_branch_operator.py took 0.064 seconds
[2023-12-18T21:18:31.918+0000] {processor.py:157} INFO - Started process (PID=2038) to work on /home/airflow/.local/lib/python3.8/site-packages/airflow/example_dags/example_branch_operator.py
[2023-12-18T21:18:31.919+0000] {processor.py:829} INFO - Processing file /home/airflow/.local/lib/python3.8/site-packages/airflow/example_dags/example_branch_operator.py for tasks to queue
[2023-12-18T21:18:31.920+0000] {logging_mixin.py:154} INFO - [2023-12-18T21:18:31.920+0000] {dagbag.py:536} INFO - Filling up the DagBag from /home/airflow/.local/lib/python3.8/site-packages/airflow/example_dags/example_branch_operator.py
[2023-12-18T21:18:31.927+0000] {processor.py:839} INFO - DAG(s) dict_keys(['example_branch_operator']) retrieved from /home/airflow/.local/lib/python3.8/site-packages/airflow/example_dags/example_branch_operator.py
[2023-12-18T21:18:31.944+0000] {logging_mixin.py:154} INFO - [2023-12-18T21:18:31.944+0000] {dag.py:2941} INFO - Sync 1 DAGs
[2023-12-18T21:18:32.106+0000] {logging_mixin.py:154} INFO - [2023-12-18T21:18:32.106+0000] {dag.py:3722} INFO - Setting next_dagrun for example_branch_operator to 2023-12-17T00:00:00+00:00, run_after=2023-12-18T00:00:00+00:00
[2023-12-18T21:18:32.121+0000] {processor.py:179} INFO - Processing /home/airflow/.local/lib/python3.8/site-packages/airflow/example_dags/example_branch_operator.py took 0.206 seconds
[2023-12-18T21:19:02.879+0000] {processor.py:157} INFO - Started process (PID=2092) to work on /home/airflow/.local/lib/python3.8/site-packages/airflow/example_dags/example_branch_operator.py
[2023-12-18T21:19:02.879+0000] {processor.py:829} INFO - Processing file /home/airflow/.local/lib/python3.8/site-packages/airflow/example_dags/example_branch_operator.py for tasks to queue
[2023-12-18T21:19:02.881+0000] {logging_mixin.py:154} INFO - [2023-12-18T21:19:02.881+0000] {dagbag.py:536} INFO - Filling up the DagBag from /home/airflow/.local/lib/python3.8/site-packages/airflow/example_dags/example_branch_operator.py
[2023-12-18T21:19:02.889+0000] {processor.py:839} INFO - DAG(s) dict_keys(['example_branch_operator']) retrieved from /home/airflow/.local/lib/python3.8/site-packages/airflow/example_dags/example_branch_operator.py
[2023-12-18T21:19:02.907+0000] {logging_mixin.py:154} INFO - [2023-12-18T21:19:02.907+0000] {dag.py:2941} INFO - Sync 1 DAGs
[2023-12-18T21:19:02.927+0000] {logging_mixin.py:154} INFO - [2023-12-18T21:19:02.926+0000] {dag.py:3722} INFO - Setting next_dagrun for example_branch_operator to 2023-12-17T00:00:00+00:00, run_after=2023-12-18T00:00:00+00:00
[2023-12-18T21:19:02.943+0000] {processor.py:179} INFO - Processing /home/airflow/.local/lib/python3.8/site-packages/airflow/example_dags/example_branch_operator.py took 0.066 seconds
[2023-12-18T21:19:33.364+0000] {processor.py:157} INFO - Started process (PID=2146) to work on /home/airflow/.local/lib/python3.8/site-packages/airflow/example_dags/example_branch_operator.py
[2023-12-18T21:19:33.365+0000] {processor.py:829} INFO - Processing file /home/airflow/.local/lib/python3.8/site-packages/airflow/example_dags/example_branch_operator.py for tasks to queue
[2023-12-18T21:19:33.367+0000] {logging_mixin.py:154} INFO - [2023-12-18T21:19:33.367+0000] {dagbag.py:536} INFO - Filling up the DagBag from /home/airflow/.local/lib/python3.8/site-packages/airflow/example_dags/example_branch_operator.py
[2023-12-18T21:19:33.374+0000] {processor.py:839} INFO - DAG(s) dict_keys(['example_branch_operator']) retrieved from /home/airflow/.local/lib/python3.8/site-packages/airflow/example_dags/example_branch_operator.py
[2023-12-18T21:19:33.391+0000] {logging_mixin.py:154} INFO - [2023-12-18T21:19:33.391+0000] {dag.py:2941} INFO - Sync 1 DAGs
[2023-12-18T21:19:33.414+0000] {logging_mixin.py:154} INFO - [2023-12-18T21:19:33.414+0000] {dag.py:3722} INFO - Setting next_dagrun for example_branch_operator to 2023-12-17T00:00:00+00:00, run_after=2023-12-18T00:00:00+00:00
[2023-12-18T21:19:33.429+0000] {processor.py:179} INFO - Processing /home/airflow/.local/lib/python3.8/site-packages/airflow/example_dags/example_branch_operator.py took 0.067 seconds
[2023-12-18T21:20:03.932+0000] {processor.py:157} INFO - Started process (PID=2200) to work on /home/airflow/.local/lib/python3.8/site-packages/airflow/example_dags/example_branch_operator.py
[2023-12-18T21:20:03.933+0000] {processor.py:829} INFO - Processing file /home/airflow/.local/lib/python3.8/site-packages/airflow/example_dags/example_branch_operator.py for tasks to queue
[2023-12-18T21:20:03.935+0000] {logging_mixin.py:154} INFO - [2023-12-18T21:20:03.935+0000] {dagbag.py:536} INFO - Filling up the DagBag from /home/airflow/.local/lib/python3.8/site-packages/airflow/example_dags/example_branch_operator.py
[2023-12-18T21:20:03.942+0000] {processor.py:839} INFO - DAG(s) dict_keys(['example_branch_operator']) retrieved from /home/airflow/.local/lib/python3.8/site-packages/airflow/example_dags/example_branch_operator.py
[2023-12-18T21:20:03.960+0000] {logging_mixin.py:154} INFO - [2023-12-18T21:20:03.960+0000] {dag.py:2941} INFO - Sync 1 DAGs
[2023-12-18T21:20:03.979+0000] {logging_mixin.py:154} INFO - [2023-12-18T21:20:03.979+0000] {dag.py:3722} INFO - Setting next_dagrun for example_branch_operator to 2023-12-17T00:00:00+00:00, run_after=2023-12-18T00:00:00+00:00
[2023-12-18T21:20:03.994+0000] {processor.py:179} INFO - Processing /home/airflow/.local/lib/python3.8/site-packages/airflow/example_dags/example_branch_operator.py took 0.065 seconds
[2023-12-18T21:20:34.613+0000] {processor.py:157} INFO - Started process (PID=2254) to work on /home/airflow/.local/lib/python3.8/site-packages/airflow/example_dags/example_branch_operator.py
[2023-12-18T21:20:34.614+0000] {processor.py:829} INFO - Processing file /home/airflow/.local/lib/python3.8/site-packages/airflow/example_dags/example_branch_operator.py for tasks to queue
[2023-12-18T21:20:34.615+0000] {logging_mixin.py:154} INFO - [2023-12-18T21:20:34.615+0000] {dagbag.py:536} INFO - Filling up the DagBag from /home/airflow/.local/lib/python3.8/site-packages/airflow/example_dags/example_branch_operator.py
[2023-12-18T21:20:34.622+0000] {processor.py:839} INFO - DAG(s) dict_keys(['example_branch_operator']) retrieved from /home/airflow/.local/lib/python3.8/site-packages/airflow/example_dags/example_branch_operator.py
[2023-12-18T21:20:34.641+0000] {logging_mixin.py:154} INFO - [2023-12-18T21:20:34.641+0000] {dag.py:2941} INFO - Sync 1 DAGs
[2023-12-18T21:20:34.796+0000] {logging_mixin.py:154} INFO - [2023-12-18T21:20:34.796+0000] {dag.py:3722} INFO - Setting next_dagrun for example_branch_operator to 2023-12-17T00:00:00+00:00, run_after=2023-12-18T00:00:00+00:00
[2023-12-18T21:20:34.809+0000] {processor.py:179} INFO - Processing /home/airflow/.local/lib/python3.8/site-packages/airflow/example_dags/example_branch_operator.py took 0.198 seconds
[2023-12-18T21:21:05.538+0000] {processor.py:157} INFO - Started process (PID=2308) to work on /home/airflow/.local/lib/python3.8/site-packages/airflow/example_dags/example_branch_operator.py
[2023-12-18T21:21:05.539+0000] {processor.py:829} INFO - Processing file /home/airflow/.local/lib/python3.8/site-packages/airflow/example_dags/example_branch_operator.py for tasks to queue
[2023-12-18T21:21:05.541+0000] {logging_mixin.py:154} INFO - [2023-12-18T21:21:05.541+0000] {dagbag.py:536} INFO - Filling up the DagBag from /home/airflow/.local/lib/python3.8/site-packages/airflow/example_dags/example_branch_operator.py
[2023-12-18T21:21:05.548+0000] {processor.py:839} INFO - DAG(s) dict_keys(['example_branch_operator']) retrieved from /home/airflow/.local/lib/python3.8/site-packages/airflow/example_dags/example_branch_operator.py
[2023-12-18T21:21:05.567+0000] {logging_mixin.py:154} INFO - [2023-12-18T21:21:05.567+0000] {dag.py:2941} INFO - Sync 1 DAGs
[2023-12-18T21:21:05.590+0000] {logging_mixin.py:154} INFO - [2023-12-18T21:21:05.590+0000] {dag.py:3722} INFO - Setting next_dagrun for example_branch_operator to 2023-12-17T00:00:00+00:00, run_after=2023-12-18T00:00:00+00:00
[2023-12-18T21:21:05.607+0000] {processor.py:179} INFO - Processing /home/airflow/.local/lib/python3.8/site-packages/airflow/example_dags/example_branch_operator.py took 0.072 seconds
[2023-12-18T21:21:36.236+0000] {processor.py:157} INFO - Started process (PID=2362) to work on /home/airflow/.local/lib/python3.8/site-packages/airflow/example_dags/example_branch_operator.py
[2023-12-18T21:21:36.236+0000] {processor.py:829} INFO - Processing file /home/airflow/.local/lib/python3.8/site-packages/airflow/example_dags/example_branch_operator.py for tasks to queue
[2023-12-18T21:21:36.238+0000] {logging_mixin.py:154} INFO - [2023-12-18T21:21:36.238+0000] {dagbag.py:536} INFO - Filling up the DagBag from /home/airflow/.local/lib/python3.8/site-packages/airflow/example_dags/example_branch_operator.py
[2023-12-18T21:21:36.245+0000] {processor.py:839} INFO - DAG(s) dict_keys(['example_branch_operator']) retrieved from /home/airflow/.local/lib/python3.8/site-packages/airflow/example_dags/example_branch_operator.py
[2023-12-18T21:21:36.263+0000] {logging_mixin.py:154} INFO - [2023-12-18T21:21:36.263+0000] {dag.py:2941} INFO - Sync 1 DAGs
[2023-12-18T21:21:36.283+0000] {logging_mixin.py:154} INFO - [2023-12-18T21:21:36.283+0000] {dag.py:3722} INFO - Setting next_dagrun for example_branch_operator to 2023-12-17T00:00:00+00:00, run_after=2023-12-18T00:00:00+00:00
[2023-12-18T21:21:36.300+0000] {processor.py:179} INFO - Processing /home/airflow/.local/lib/python3.8/site-packages/airflow/example_dags/example_branch_operator.py took 0.067 seconds
[2023-12-18T21:22:06.776+0000] {processor.py:157} INFO - Started process (PID=2416) to work on /home/airflow/.local/lib/python3.8/site-packages/airflow/example_dags/example_branch_operator.py
[2023-12-18T21:22:06.777+0000] {processor.py:829} INFO - Processing file /home/airflow/.local/lib/python3.8/site-packages/airflow/example_dags/example_branch_operator.py for tasks to queue
[2023-12-18T21:22:06.779+0000] {logging_mixin.py:154} INFO - [2023-12-18T21:22:06.779+0000] {dagbag.py:536} INFO - Filling up the DagBag from /home/airflow/.local/lib/python3.8/site-packages/airflow/example_dags/example_branch_operator.py
[2023-12-18T21:22:06.785+0000] {processor.py:839} INFO - DAG(s) dict_keys(['example_branch_operator']) retrieved from /home/airflow/.local/lib/python3.8/site-packages/airflow/example_dags/example_branch_operator.py
[2023-12-18T21:22:06.933+0000] {logging_mixin.py:154} INFO - [2023-12-18T21:22:06.932+0000] {dag.py:2941} INFO - Sync 1 DAGs
[2023-12-18T21:22:06.951+0000] {logging_mixin.py:154} INFO - [2023-12-18T21:22:06.951+0000] {dag.py:3722} INFO - Setting next_dagrun for example_branch_operator to 2023-12-17T00:00:00+00:00, run_after=2023-12-18T00:00:00+00:00
[2023-12-18T21:22:06.966+0000] {processor.py:179} INFO - Processing /home/airflow/.local/lib/python3.8/site-packages/airflow/example_dags/example_branch_operator.py took 0.192 seconds
[2023-12-18T21:22:37.963+0000] {processor.py:157} INFO - Started process (PID=2470) to work on /home/airflow/.local/lib/python3.8/site-packages/airflow/example_dags/example_branch_operator.py
[2023-12-18T21:22:37.964+0000] {processor.py:829} INFO - Processing file /home/airflow/.local/lib/python3.8/site-packages/airflow/example_dags/example_branch_operator.py for tasks to queue
[2023-12-18T21:22:37.966+0000] {logging_mixin.py:154} INFO - [2023-12-18T21:22:37.965+0000] {dagbag.py:536} INFO - Filling up the DagBag from /home/airflow/.local/lib/python3.8/site-packages/airflow/example_dags/example_branch_operator.py
[2023-12-18T21:22:37.973+0000] {processor.py:839} INFO - DAG(s) dict_keys(['example_branch_operator']) retrieved from /home/airflow/.local/lib/python3.8/site-packages/airflow/example_dags/example_branch_operator.py
[2023-12-18T21:22:37.991+0000] {logging_mixin.py:154} INFO - [2023-12-18T21:22:37.991+0000] {dag.py:2941} INFO - Sync 1 DAGs
[2023-12-18T21:22:38.013+0000] {logging_mixin.py:154} INFO - [2023-12-18T21:22:38.012+0000] {dag.py:3722} INFO - Setting next_dagrun for example_branch_operator to 2023-12-17T00:00:00+00:00, run_after=2023-12-18T00:00:00+00:00
[2023-12-18T21:22:38.029+0000] {processor.py:179} INFO - Processing /home/airflow/.local/lib/python3.8/site-packages/airflow/example_dags/example_branch_operator.py took 0.067 seconds
[2023-12-18T21:23:08.410+0000] {processor.py:157} INFO - Started process (PID=2524) to work on /home/airflow/.local/lib/python3.8/site-packages/airflow/example_dags/example_branch_operator.py
[2023-12-18T21:23:08.411+0000] {processor.py:829} INFO - Processing file /home/airflow/.local/lib/python3.8/site-packages/airflow/example_dags/example_branch_operator.py for tasks to queue
[2023-12-18T21:23:08.414+0000] {logging_mixin.py:154} INFO - [2023-12-18T21:23:08.413+0000] {dagbag.py:536} INFO - Filling up the DagBag from /home/airflow/.local/lib/python3.8/site-packages/airflow/example_dags/example_branch_operator.py
[2023-12-18T21:23:08.423+0000] {processor.py:839} INFO - DAG(s) dict_keys(['example_branch_operator']) retrieved from /home/airflow/.local/lib/python3.8/site-packages/airflow/example_dags/example_branch_operator.py
[2023-12-18T21:23:08.442+0000] {logging_mixin.py:154} INFO - [2023-12-18T21:23:08.442+0000] {dag.py:2941} INFO - Sync 1 DAGs
[2023-12-18T21:23:08.462+0000] {logging_mixin.py:154} INFO - [2023-12-18T21:23:08.462+0000] {dag.py:3722} INFO - Setting next_dagrun for example_branch_operator to 2023-12-17T00:00:00+00:00, run_after=2023-12-18T00:00:00+00:00
[2023-12-18T21:23:08.478+0000] {processor.py:179} INFO - Processing /home/airflow/.local/lib/python3.8/site-packages/airflow/example_dags/example_branch_operator.py took 0.072 seconds
[2023-12-18T21:23:38.610+0000] {processor.py:157} INFO - Started process (PID=2578) to work on /home/airflow/.local/lib/python3.8/site-packages/airflow/example_dags/example_branch_operator.py
[2023-12-18T21:23:38.611+0000] {processor.py:829} INFO - Processing file /home/airflow/.local/lib/python3.8/site-packages/airflow/example_dags/example_branch_operator.py for tasks to queue
[2023-12-18T21:23:38.613+0000] {logging_mixin.py:154} INFO - [2023-12-18T21:23:38.613+0000] {dagbag.py:536} INFO - Filling up the DagBag from /home/airflow/.local/lib/python3.8/site-packages/airflow/example_dags/example_branch_operator.py
[2023-12-18T21:23:38.620+0000] {processor.py:839} INFO - DAG(s) dict_keys(['example_branch_operator']) retrieved from /home/airflow/.local/lib/python3.8/site-packages/airflow/example_dags/example_branch_operator.py
[2023-12-18T21:23:38.640+0000] {logging_mixin.py:154} INFO - [2023-12-18T21:23:38.639+0000] {dag.py:2941} INFO - Sync 1 DAGs
[2023-12-18T21:23:38.660+0000] {logging_mixin.py:154} INFO - [2023-12-18T21:23:38.660+0000] {dag.py:3722} INFO - Setting next_dagrun for example_branch_operator to 2023-12-17T00:00:00+00:00, run_after=2023-12-18T00:00:00+00:00
[2023-12-18T21:23:38.677+0000] {processor.py:179} INFO - Processing /home/airflow/.local/lib/python3.8/site-packages/airflow/example_dags/example_branch_operator.py took 0.070 seconds
[2023-12-18T21:24:09.218+0000] {processor.py:157} INFO - Started process (PID=2633) to work on /home/airflow/.local/lib/python3.8/site-packages/airflow/example_dags/example_branch_operator.py
[2023-12-18T21:24:09.219+0000] {processor.py:829} INFO - Processing file /home/airflow/.local/lib/python3.8/site-packages/airflow/example_dags/example_branch_operator.py for tasks to queue
[2023-12-18T21:24:09.220+0000] {logging_mixin.py:154} INFO - [2023-12-18T21:24:09.220+0000] {dagbag.py:536} INFO - Filling up the DagBag from /home/airflow/.local/lib/python3.8/site-packages/airflow/example_dags/example_branch_operator.py
[2023-12-18T21:24:09.228+0000] {processor.py:839} INFO - DAG(s) dict_keys(['example_branch_operator']) retrieved from /home/airflow/.local/lib/python3.8/site-packages/airflow/example_dags/example_branch_operator.py
[2023-12-18T21:24:09.247+0000] {logging_mixin.py:154} INFO - [2023-12-18T21:24:09.247+0000] {dag.py:2941} INFO - Sync 1 DAGs
[2023-12-18T21:24:09.275+0000] {logging_mixin.py:154} INFO - [2023-12-18T21:24:09.275+0000] {dag.py:3722} INFO - Setting next_dagrun for example_branch_operator to 2023-12-17T00:00:00+00:00, run_after=2023-12-18T00:00:00+00:00
[2023-12-18T21:24:09.299+0000] {processor.py:179} INFO - Processing /home/airflow/.local/lib/python3.8/site-packages/airflow/example_dags/example_branch_operator.py took 0.083 seconds
[2023-12-18T21:24:39.459+0000] {processor.py:157} INFO - Started process (PID=2687) to work on /home/airflow/.local/lib/python3.8/site-packages/airflow/example_dags/example_branch_operator.py
[2023-12-18T21:24:39.459+0000] {processor.py:829} INFO - Processing file /home/airflow/.local/lib/python3.8/site-packages/airflow/example_dags/example_branch_operator.py for tasks to queue
[2023-12-18T21:24:39.461+0000] {logging_mixin.py:154} INFO - [2023-12-18T21:24:39.461+0000] {dagbag.py:536} INFO - Filling up the DagBag from /home/airflow/.local/lib/python3.8/site-packages/airflow/example_dags/example_branch_operator.py
[2023-12-18T21:24:39.468+0000] {processor.py:839} INFO - DAG(s) dict_keys(['example_branch_operator']) retrieved from /home/airflow/.local/lib/python3.8/site-packages/airflow/example_dags/example_branch_operator.py
[2023-12-18T21:24:39.485+0000] {logging_mixin.py:154} INFO - [2023-12-18T21:24:39.485+0000] {dag.py:2941} INFO - Sync 1 DAGs
[2023-12-18T21:24:39.505+0000] {logging_mixin.py:154} INFO - [2023-12-18T21:24:39.505+0000] {dag.py:3722} INFO - Setting next_dagrun for example_branch_operator to 2023-12-17T00:00:00+00:00, run_after=2023-12-18T00:00:00+00:00
[2023-12-18T21:24:39.521+0000] {processor.py:179} INFO - Processing /home/airflow/.local/lib/python3.8/site-packages/airflow/example_dags/example_branch_operator.py took 0.065 seconds
[2023-12-18T21:25:09.741+0000] {processor.py:157} INFO - Started process (PID=2741) to work on /home/airflow/.local/lib/python3.8/site-packages/airflow/example_dags/example_branch_operator.py
[2023-12-18T21:25:09.741+0000] {processor.py:829} INFO - Processing file /home/airflow/.local/lib/python3.8/site-packages/airflow/example_dags/example_branch_operator.py for tasks to queue
[2023-12-18T21:25:09.743+0000] {logging_mixin.py:154} INFO - [2023-12-18T21:25:09.742+0000] {dagbag.py:536} INFO - Filling up the DagBag from /home/airflow/.local/lib/python3.8/site-packages/airflow/example_dags/example_branch_operator.py
[2023-12-18T21:25:09.750+0000] {processor.py:839} INFO - DAG(s) dict_keys(['example_branch_operator']) retrieved from /home/airflow/.local/lib/python3.8/site-packages/airflow/example_dags/example_branch_operator.py
[2023-12-18T21:25:09.767+0000] {logging_mixin.py:154} INFO - [2023-12-18T21:25:09.767+0000] {dag.py:2941} INFO - Sync 1 DAGs
[2023-12-18T21:25:09.787+0000] {logging_mixin.py:154} INFO - [2023-12-18T21:25:09.787+0000] {dag.py:3722} INFO - Setting next_dagrun for example_branch_operator to 2023-12-17T00:00:00+00:00, run_after=2023-12-18T00:00:00+00:00
[2023-12-18T21:25:09.805+0000] {processor.py:179} INFO - Processing /home/airflow/.local/lib/python3.8/site-packages/airflow/example_dags/example_branch_operator.py took 0.066 seconds
[2023-12-18T21:25:39.909+0000] {processor.py:157} INFO - Started process (PID=2795) to work on /home/airflow/.local/lib/python3.8/site-packages/airflow/example_dags/example_branch_operator.py
[2023-12-18T21:25:39.909+0000] {processor.py:829} INFO - Processing file /home/airflow/.local/lib/python3.8/site-packages/airflow/example_dags/example_branch_operator.py for tasks to queue
[2023-12-18T21:25:39.911+0000] {logging_mixin.py:154} INFO - [2023-12-18T21:25:39.910+0000] {dagbag.py:536} INFO - Filling up the DagBag from /home/airflow/.local/lib/python3.8/site-packages/airflow/example_dags/example_branch_operator.py
[2023-12-18T21:25:39.917+0000] {processor.py:839} INFO - DAG(s) dict_keys(['example_branch_operator']) retrieved from /home/airflow/.local/lib/python3.8/site-packages/airflow/example_dags/example_branch_operator.py
[2023-12-18T21:25:39.934+0000] {logging_mixin.py:154} INFO - [2023-12-18T21:25:39.934+0000] {dag.py:2941} INFO - Sync 1 DAGs
[2023-12-18T21:25:39.952+0000] {logging_mixin.py:154} INFO - [2023-12-18T21:25:39.951+0000] {dag.py:3722} INFO - Setting next_dagrun for example_branch_operator to 2023-12-17T00:00:00+00:00, run_after=2023-12-18T00:00:00+00:00
[2023-12-18T21:25:39.966+0000] {processor.py:179} INFO - Processing /home/airflow/.local/lib/python3.8/site-packages/airflow/example_dags/example_branch_operator.py took 0.059 seconds
[2023-12-18T21:26:10.073+0000] {processor.py:157} INFO - Started process (PID=2848) to work on /home/airflow/.local/lib/python3.8/site-packages/airflow/example_dags/example_branch_operator.py
[2023-12-18T21:26:10.074+0000] {processor.py:829} INFO - Processing file /home/airflow/.local/lib/python3.8/site-packages/airflow/example_dags/example_branch_operator.py for tasks to queue
[2023-12-18T21:26:10.076+0000] {logging_mixin.py:154} INFO - [2023-12-18T21:26:10.075+0000] {dagbag.py:536} INFO - Filling up the DagBag from /home/airflow/.local/lib/python3.8/site-packages/airflow/example_dags/example_branch_operator.py
[2023-12-18T21:26:10.083+0000] {processor.py:839} INFO - DAG(s) dict_keys(['example_branch_operator']) retrieved from /home/airflow/.local/lib/python3.8/site-packages/airflow/example_dags/example_branch_operator.py
[2023-12-18T21:26:10.100+0000] {logging_mixin.py:154} INFO - [2023-12-18T21:26:10.100+0000] {dag.py:2941} INFO - Sync 1 DAGs
[2023-12-18T21:26:10.119+0000] {logging_mixin.py:154} INFO - [2023-12-18T21:26:10.119+0000] {dag.py:3722} INFO - Setting next_dagrun for example_branch_operator to 2023-12-17T00:00:00+00:00, run_after=2023-12-18T00:00:00+00:00
[2023-12-18T21:26:10.134+0000] {processor.py:179} INFO - Processing /home/airflow/.local/lib/python3.8/site-packages/airflow/example_dags/example_branch_operator.py took 0.063 seconds
[2023-12-18T21:26:40.419+0000] {processor.py:157} INFO - Started process (PID=2903) to work on /home/airflow/.local/lib/python3.8/site-packages/airflow/example_dags/example_branch_operator.py
[2023-12-18T21:26:40.420+0000] {processor.py:829} INFO - Processing file /home/airflow/.local/lib/python3.8/site-packages/airflow/example_dags/example_branch_operator.py for tasks to queue
[2023-12-18T21:26:40.421+0000] {logging_mixin.py:154} INFO - [2023-12-18T21:26:40.421+0000] {dagbag.py:536} INFO - Filling up the DagBag from /home/airflow/.local/lib/python3.8/site-packages/airflow/example_dags/example_branch_operator.py
[2023-12-18T21:26:40.428+0000] {processor.py:839} INFO - DAG(s) dict_keys(['example_branch_operator']) retrieved from /home/airflow/.local/lib/python3.8/site-packages/airflow/example_dags/example_branch_operator.py
[2023-12-18T21:26:40.445+0000] {logging_mixin.py:154} INFO - [2023-12-18T21:26:40.445+0000] {dag.py:2941} INFO - Sync 1 DAGs
[2023-12-18T21:26:40.464+0000] {logging_mixin.py:154} INFO - [2023-12-18T21:26:40.463+0000] {dag.py:3722} INFO - Setting next_dagrun for example_branch_operator to 2023-12-17T00:00:00+00:00, run_after=2023-12-18T00:00:00+00:00
[2023-12-18T21:26:40.489+0000] {processor.py:179} INFO - Processing /home/airflow/.local/lib/python3.8/site-packages/airflow/example_dags/example_branch_operator.py took 0.071 seconds
[2023-12-18T21:27:10.524+0000] {processor.py:157} INFO - Started process (PID=2956) to work on /home/airflow/.local/lib/python3.8/site-packages/airflow/example_dags/example_branch_operator.py
[2023-12-18T21:27:10.525+0000] {processor.py:829} INFO - Processing file /home/airflow/.local/lib/python3.8/site-packages/airflow/example_dags/example_branch_operator.py for tasks to queue
[2023-12-18T21:27:10.526+0000] {logging_mixin.py:154} INFO - [2023-12-18T21:27:10.526+0000] {dagbag.py:536} INFO - Filling up the DagBag from /home/airflow/.local/lib/python3.8/site-packages/airflow/example_dags/example_branch_operator.py
[2023-12-18T21:27:10.533+0000] {processor.py:839} INFO - DAG(s) dict_keys(['example_branch_operator']) retrieved from /home/airflow/.local/lib/python3.8/site-packages/airflow/example_dags/example_branch_operator.py
[2023-12-18T21:27:10.551+0000] {logging_mixin.py:154} INFO - [2023-12-18T21:27:10.551+0000] {dag.py:2941} INFO - Sync 1 DAGs
[2023-12-18T21:27:10.570+0000] {logging_mixin.py:154} INFO - [2023-12-18T21:27:10.569+0000] {dag.py:3722} INFO - Setting next_dagrun for example_branch_operator to 2023-12-17T00:00:00+00:00, run_after=2023-12-18T00:00:00+00:00
[2023-12-18T21:27:10.585+0000] {processor.py:179} INFO - Processing /home/airflow/.local/lib/python3.8/site-packages/airflow/example_dags/example_branch_operator.py took 0.063 seconds
[2023-12-18T21:27:40.884+0000] {processor.py:157} INFO - Started process (PID=3011) to work on /home/airflow/.local/lib/python3.8/site-packages/airflow/example_dags/example_branch_operator.py
[2023-12-18T21:27:40.885+0000] {processor.py:829} INFO - Processing file /home/airflow/.local/lib/python3.8/site-packages/airflow/example_dags/example_branch_operator.py for tasks to queue
[2023-12-18T21:27:40.886+0000] {logging_mixin.py:154} INFO - [2023-12-18T21:27:40.886+0000] {dagbag.py:536} INFO - Filling up the DagBag from /home/airflow/.local/lib/python3.8/site-packages/airflow/example_dags/example_branch_operator.py
[2023-12-18T21:27:40.893+0000] {processor.py:839} INFO - DAG(s) dict_keys(['example_branch_operator']) retrieved from /home/airflow/.local/lib/python3.8/site-packages/airflow/example_dags/example_branch_operator.py
[2023-12-18T21:27:40.910+0000] {logging_mixin.py:154} INFO - [2023-12-18T21:27:40.910+0000] {dag.py:2941} INFO - Sync 1 DAGs
[2023-12-18T21:27:40.930+0000] {logging_mixin.py:154} INFO - [2023-12-18T21:27:40.930+0000] {dag.py:3722} INFO - Setting next_dagrun for example_branch_operator to 2023-12-17T00:00:00+00:00, run_after=2023-12-18T00:00:00+00:00
[2023-12-18T21:27:40.956+0000] {processor.py:179} INFO - Processing /home/airflow/.local/lib/python3.8/site-packages/airflow/example_dags/example_branch_operator.py took 0.074 seconds
[2023-12-18T21:28:11.018+0000] {processor.py:157} INFO - Started process (PID=3064) to work on /home/airflow/.local/lib/python3.8/site-packages/airflow/example_dags/example_branch_operator.py
[2023-12-18T21:28:11.019+0000] {processor.py:829} INFO - Processing file /home/airflow/.local/lib/python3.8/site-packages/airflow/example_dags/example_branch_operator.py for tasks to queue
[2023-12-18T21:28:11.021+0000] {logging_mixin.py:154} INFO - [2023-12-18T21:28:11.021+0000] {dagbag.py:536} INFO - Filling up the DagBag from /home/airflow/.local/lib/python3.8/site-packages/airflow/example_dags/example_branch_operator.py
[2023-12-18T21:28:11.028+0000] {processor.py:839} INFO - DAG(s) dict_keys(['example_branch_operator']) retrieved from /home/airflow/.local/lib/python3.8/site-packages/airflow/example_dags/example_branch_operator.py
[2023-12-18T21:28:11.045+0000] {logging_mixin.py:154} INFO - [2023-12-18T21:28:11.045+0000] {dag.py:2941} INFO - Sync 1 DAGs
[2023-12-18T21:28:11.064+0000] {logging_mixin.py:154} INFO - [2023-12-18T21:28:11.064+0000] {dag.py:3722} INFO - Setting next_dagrun for example_branch_operator to 2023-12-17T00:00:00+00:00, run_after=2023-12-18T00:00:00+00:00
[2023-12-18T21:28:11.078+0000] {processor.py:179} INFO - Processing /home/airflow/.local/lib/python3.8/site-packages/airflow/example_dags/example_branch_operator.py took 0.062 seconds
[2023-12-18T21:28:41.166+0000] {processor.py:157} INFO - Started process (PID=3118) to work on /home/airflow/.local/lib/python3.8/site-packages/airflow/example_dags/example_branch_operator.py
[2023-12-18T21:28:41.166+0000] {processor.py:829} INFO - Processing file /home/airflow/.local/lib/python3.8/site-packages/airflow/example_dags/example_branch_operator.py for tasks to queue
[2023-12-18T21:28:41.168+0000] {logging_mixin.py:154} INFO - [2023-12-18T21:28:41.168+0000] {dagbag.py:536} INFO - Filling up the DagBag from /home/airflow/.local/lib/python3.8/site-packages/airflow/example_dags/example_branch_operator.py
[2023-12-18T21:28:41.175+0000] {processor.py:839} INFO - DAG(s) dict_keys(['example_branch_operator']) retrieved from /home/airflow/.local/lib/python3.8/site-packages/airflow/example_dags/example_branch_operator.py
[2023-12-18T21:28:41.194+0000] {logging_mixin.py:154} INFO - [2023-12-18T21:28:41.193+0000] {dag.py:2941} INFO - Sync 1 DAGs
[2023-12-18T21:28:41.213+0000] {logging_mixin.py:154} INFO - [2023-12-18T21:28:41.213+0000] {dag.py:3722} INFO - Setting next_dagrun for example_branch_operator to 2023-12-17T00:00:00+00:00, run_after=2023-12-18T00:00:00+00:00
[2023-12-18T21:28:41.227+0000] {processor.py:179} INFO - Processing /home/airflow/.local/lib/python3.8/site-packages/airflow/example_dags/example_branch_operator.py took 0.064 seconds
[2023-12-18T21:29:11.417+0000] {processor.py:157} INFO - Started process (PID=3172) to work on /home/airflow/.local/lib/python3.8/site-packages/airflow/example_dags/example_branch_operator.py
[2023-12-18T21:29:11.418+0000] {processor.py:829} INFO - Processing file /home/airflow/.local/lib/python3.8/site-packages/airflow/example_dags/example_branch_operator.py for tasks to queue
[2023-12-18T21:29:11.420+0000] {logging_mixin.py:154} INFO - [2023-12-18T21:29:11.419+0000] {dagbag.py:536} INFO - Filling up the DagBag from /home/airflow/.local/lib/python3.8/site-packages/airflow/example_dags/example_branch_operator.py
[2023-12-18T21:29:11.426+0000] {processor.py:839} INFO - DAG(s) dict_keys(['example_branch_operator']) retrieved from /home/airflow/.local/lib/python3.8/site-packages/airflow/example_dags/example_branch_operator.py
[2023-12-18T21:29:11.442+0000] {logging_mixin.py:154} INFO - [2023-12-18T21:29:11.442+0000] {dag.py:2941} INFO - Sync 1 DAGs
[2023-12-18T21:29:11.460+0000] {logging_mixin.py:154} INFO - [2023-12-18T21:29:11.460+0000] {dag.py:3722} INFO - Setting next_dagrun for example_branch_operator to 2023-12-17T00:00:00+00:00, run_after=2023-12-18T00:00:00+00:00
[2023-12-18T21:29:11.475+0000] {processor.py:179} INFO - Processing /home/airflow/.local/lib/python3.8/site-packages/airflow/example_dags/example_branch_operator.py took 0.061 seconds
[2023-12-18T21:29:41.591+0000] {processor.py:157} INFO - Started process (PID=3226) to work on /home/airflow/.local/lib/python3.8/site-packages/airflow/example_dags/example_branch_operator.py
[2023-12-18T21:29:41.591+0000] {processor.py:829} INFO - Processing file /home/airflow/.local/lib/python3.8/site-packages/airflow/example_dags/example_branch_operator.py for tasks to queue
[2023-12-18T21:29:41.593+0000] {logging_mixin.py:154} INFO - [2023-12-18T21:29:41.593+0000] {dagbag.py:536} INFO - Filling up the DagBag from /home/airflow/.local/lib/python3.8/site-packages/airflow/example_dags/example_branch_operator.py
[2023-12-18T21:29:41.600+0000] {processor.py:839} INFO - DAG(s) dict_keys(['example_branch_operator']) retrieved from /home/airflow/.local/lib/python3.8/site-packages/airflow/example_dags/example_branch_operator.py
[2023-12-18T21:29:41.618+0000] {logging_mixin.py:154} INFO - [2023-12-18T21:29:41.618+0000] {dag.py:2941} INFO - Sync 1 DAGs
[2023-12-18T21:29:41.637+0000] {logging_mixin.py:154} INFO - [2023-12-18T21:29:41.637+0000] {dag.py:3722} INFO - Setting next_dagrun for example_branch_operator to 2023-12-17T00:00:00+00:00, run_after=2023-12-18T00:00:00+00:00
[2023-12-18T21:29:41.653+0000] {processor.py:179} INFO - Processing /home/airflow/.local/lib/python3.8/site-packages/airflow/example_dags/example_branch_operator.py took 0.064 seconds
[2023-12-18T21:30:11.800+0000] {processor.py:157} INFO - Started process (PID=3280) to work on /home/airflow/.local/lib/python3.8/site-packages/airflow/example_dags/example_branch_operator.py
[2023-12-18T21:30:11.801+0000] {processor.py:829} INFO - Processing file /home/airflow/.local/lib/python3.8/site-packages/airflow/example_dags/example_branch_operator.py for tasks to queue
[2023-12-18T21:30:11.802+0000] {logging_mixin.py:154} INFO - [2023-12-18T21:30:11.802+0000] {dagbag.py:536} INFO - Filling up the DagBag from /home/airflow/.local/lib/python3.8/site-packages/airflow/example_dags/example_branch_operator.py
[2023-12-18T21:30:11.809+0000] {processor.py:839} INFO - DAG(s) dict_keys(['example_branch_operator']) retrieved from /home/airflow/.local/lib/python3.8/site-packages/airflow/example_dags/example_branch_operator.py
[2023-12-18T21:30:11.826+0000] {logging_mixin.py:154} INFO - [2023-12-18T21:30:11.825+0000] {dag.py:2941} INFO - Sync 1 DAGs
[2023-12-18T21:30:11.843+0000] {logging_mixin.py:154} INFO - [2023-12-18T21:30:11.843+0000] {dag.py:3722} INFO - Setting next_dagrun for example_branch_operator to 2023-12-17T00:00:00+00:00, run_after=2023-12-18T00:00:00+00:00
[2023-12-18T21:30:11.866+0000] {processor.py:179} INFO - Processing /home/airflow/.local/lib/python3.8/site-packages/airflow/example_dags/example_branch_operator.py took 0.069 seconds
[2023-12-18T21:30:41.902+0000] {processor.py:157} INFO - Started process (PID=3335) to work on /home/airflow/.local/lib/python3.8/site-packages/airflow/example_dags/example_branch_operator.py
[2023-12-18T21:30:41.903+0000] {processor.py:829} INFO - Processing file /home/airflow/.local/lib/python3.8/site-packages/airflow/example_dags/example_branch_operator.py for tasks to queue
[2023-12-18T21:30:41.905+0000] {logging_mixin.py:154} INFO - [2023-12-18T21:30:41.904+0000] {dagbag.py:536} INFO - Filling up the DagBag from /home/airflow/.local/lib/python3.8/site-packages/airflow/example_dags/example_branch_operator.py
[2023-12-18T21:30:41.912+0000] {processor.py:839} INFO - DAG(s) dict_keys(['example_branch_operator']) retrieved from /home/airflow/.local/lib/python3.8/site-packages/airflow/example_dags/example_branch_operator.py
[2023-12-18T21:30:41.931+0000] {logging_mixin.py:154} INFO - [2023-12-18T21:30:41.931+0000] {dag.py:2941} INFO - Sync 1 DAGs
[2023-12-18T21:30:41.951+0000] {logging_mixin.py:154} INFO - [2023-12-18T21:30:41.950+0000] {dag.py:3722} INFO - Setting next_dagrun for example_branch_operator to 2023-12-17T00:00:00+00:00, run_after=2023-12-18T00:00:00+00:00
[2023-12-18T21:30:41.967+0000] {processor.py:179} INFO - Processing /home/airflow/.local/lib/python3.8/site-packages/airflow/example_dags/example_branch_operator.py took 0.067 seconds
[2023-12-18T21:31:12.152+0000] {processor.py:157} INFO - Started process (PID=3389) to work on /home/airflow/.local/lib/python3.8/site-packages/airflow/example_dags/example_branch_operator.py
[2023-12-18T21:31:12.153+0000] {processor.py:829} INFO - Processing file /home/airflow/.local/lib/python3.8/site-packages/airflow/example_dags/example_branch_operator.py for tasks to queue
[2023-12-18T21:31:12.154+0000] {logging_mixin.py:154} INFO - [2023-12-18T21:31:12.154+0000] {dagbag.py:536} INFO - Filling up the DagBag from /home/airflow/.local/lib/python3.8/site-packages/airflow/example_dags/example_branch_operator.py
[2023-12-18T21:31:12.162+0000] {processor.py:839} INFO - DAG(s) dict_keys(['example_branch_operator']) retrieved from /home/airflow/.local/lib/python3.8/site-packages/airflow/example_dags/example_branch_operator.py
[2023-12-18T21:31:12.178+0000] {logging_mixin.py:154} INFO - [2023-12-18T21:31:12.178+0000] {dag.py:2941} INFO - Sync 1 DAGs
[2023-12-18T21:31:12.198+0000] {logging_mixin.py:154} INFO - [2023-12-18T21:31:12.197+0000] {dag.py:3722} INFO - Setting next_dagrun for example_branch_operator to 2023-12-17T00:00:00+00:00, run_after=2023-12-18T00:00:00+00:00
[2023-12-18T21:31:12.219+0000] {processor.py:179} INFO - Processing /home/airflow/.local/lib/python3.8/site-packages/airflow/example_dags/example_branch_operator.py took 0.069 seconds
[2023-12-18T21:31:42.508+0000] {processor.py:157} INFO - Started process (PID=3450) to work on /home/airflow/.local/lib/python3.8/site-packages/airflow/example_dags/example_branch_operator.py
[2023-12-18T21:31:42.509+0000] {processor.py:829} INFO - Processing file /home/airflow/.local/lib/python3.8/site-packages/airflow/example_dags/example_branch_operator.py for tasks to queue
[2023-12-18T21:31:42.511+0000] {logging_mixin.py:154} INFO - [2023-12-18T21:31:42.510+0000] {dagbag.py:536} INFO - Filling up the DagBag from /home/airflow/.local/lib/python3.8/site-packages/airflow/example_dags/example_branch_operator.py
[2023-12-18T21:31:42.517+0000] {processor.py:839} INFO - DAG(s) dict_keys(['example_branch_operator']) retrieved from /home/airflow/.local/lib/python3.8/site-packages/airflow/example_dags/example_branch_operator.py
[2023-12-18T21:31:42.534+0000] {logging_mixin.py:154} INFO - [2023-12-18T21:31:42.533+0000] {dag.py:2941} INFO - Sync 1 DAGs
[2023-12-18T21:31:42.553+0000] {logging_mixin.py:154} INFO - [2023-12-18T21:31:42.553+0000] {dag.py:3722} INFO - Setting next_dagrun for example_branch_operator to 2023-12-17T00:00:00+00:00, run_after=2023-12-18T00:00:00+00:00
[2023-12-18T21:31:42.569+0000] {processor.py:179} INFO - Processing /home/airflow/.local/lib/python3.8/site-packages/airflow/example_dags/example_branch_operator.py took 0.063 seconds
[2023-12-18T21:32:12.801+0000] {processor.py:157} INFO - Started process (PID=3504) to work on /home/airflow/.local/lib/python3.8/site-packages/airflow/example_dags/example_branch_operator.py
[2023-12-18T21:32:12.802+0000] {processor.py:829} INFO - Processing file /home/airflow/.local/lib/python3.8/site-packages/airflow/example_dags/example_branch_operator.py for tasks to queue
[2023-12-18T21:32:12.804+0000] {logging_mixin.py:154} INFO - [2023-12-18T21:32:12.804+0000] {dagbag.py:536} INFO - Filling up the DagBag from /home/airflow/.local/lib/python3.8/site-packages/airflow/example_dags/example_branch_operator.py
[2023-12-18T21:32:12.812+0000] {processor.py:839} INFO - DAG(s) dict_keys(['example_branch_operator']) retrieved from /home/airflow/.local/lib/python3.8/site-packages/airflow/example_dags/example_branch_operator.py
[2023-12-18T21:32:12.830+0000] {logging_mixin.py:154} INFO - [2023-12-18T21:32:12.829+0000] {dag.py:2941} INFO - Sync 1 DAGs
[2023-12-18T21:32:12.850+0000] {logging_mixin.py:154} INFO - [2023-12-18T21:32:12.849+0000] {dag.py:3722} INFO - Setting next_dagrun for example_branch_operator to 2023-12-17T00:00:00+00:00, run_after=2023-12-18T00:00:00+00:00
[2023-12-18T21:32:12.877+0000] {processor.py:179} INFO - Processing /home/airflow/.local/lib/python3.8/site-packages/airflow/example_dags/example_branch_operator.py took 0.079 seconds
[2023-12-18T21:32:43.011+0000] {processor.py:157} INFO - Started process (PID=3558) to work on /home/airflow/.local/lib/python3.8/site-packages/airflow/example_dags/example_branch_operator.py
[2023-12-18T21:32:43.012+0000] {processor.py:829} INFO - Processing file /home/airflow/.local/lib/python3.8/site-packages/airflow/example_dags/example_branch_operator.py for tasks to queue
[2023-12-18T21:32:43.013+0000] {logging_mixin.py:154} INFO - [2023-12-18T21:32:43.013+0000] {dagbag.py:536} INFO - Filling up the DagBag from /home/airflow/.local/lib/python3.8/site-packages/airflow/example_dags/example_branch_operator.py
[2023-12-18T21:32:43.021+0000] {processor.py:839} INFO - DAG(s) dict_keys(['example_branch_operator']) retrieved from /home/airflow/.local/lib/python3.8/site-packages/airflow/example_dags/example_branch_operator.py
[2023-12-18T21:32:43.039+0000] {logging_mixin.py:154} INFO - [2023-12-18T21:32:43.039+0000] {dag.py:2941} INFO - Sync 1 DAGs
[2023-12-18T21:32:43.059+0000] {logging_mixin.py:154} INFO - [2023-12-18T21:32:43.058+0000] {dag.py:3722} INFO - Setting next_dagrun for example_branch_operator to 2023-12-17T00:00:00+00:00, run_after=2023-12-18T00:00:00+00:00
[2023-12-18T21:32:43.084+0000] {processor.py:179} INFO - Processing /home/airflow/.local/lib/python3.8/site-packages/airflow/example_dags/example_branch_operator.py took 0.076 seconds
[2023-12-18T21:33:13.130+0000] {processor.py:157} INFO - Started process (PID=3612) to work on /home/airflow/.local/lib/python3.8/site-packages/airflow/example_dags/example_branch_operator.py
[2023-12-18T21:33:13.130+0000] {processor.py:829} INFO - Processing file /home/airflow/.local/lib/python3.8/site-packages/airflow/example_dags/example_branch_operator.py for tasks to queue
[2023-12-18T21:33:13.132+0000] {logging_mixin.py:154} INFO - [2023-12-18T21:33:13.132+0000] {dagbag.py:536} INFO - Filling up the DagBag from /home/airflow/.local/lib/python3.8/site-packages/airflow/example_dags/example_branch_operator.py
[2023-12-18T21:33:13.140+0000] {processor.py:839} INFO - DAG(s) dict_keys(['example_branch_operator']) retrieved from /home/airflow/.local/lib/python3.8/site-packages/airflow/example_dags/example_branch_operator.py
[2023-12-18T21:33:13.159+0000] {logging_mixin.py:154} INFO - [2023-12-18T21:33:13.158+0000] {dag.py:2941} INFO - Sync 1 DAGs
[2023-12-18T21:33:13.180+0000] {logging_mixin.py:154} INFO - [2023-12-18T21:33:13.180+0000] {dag.py:3722} INFO - Setting next_dagrun for example_branch_operator to 2023-12-17T00:00:00+00:00, run_after=2023-12-18T00:00:00+00:00
[2023-12-18T21:33:13.201+0000] {processor.py:179} INFO - Processing /home/airflow/.local/lib/python3.8/site-packages/airflow/example_dags/example_branch_operator.py took 0.074 seconds
[2023-12-18T21:33:43.394+0000] {processor.py:157} INFO - Started process (PID=3666) to work on /home/airflow/.local/lib/python3.8/site-packages/airflow/example_dags/example_branch_operator.py
[2023-12-18T21:33:43.394+0000] {processor.py:829} INFO - Processing file /home/airflow/.local/lib/python3.8/site-packages/airflow/example_dags/example_branch_operator.py for tasks to queue
[2023-12-18T21:33:43.396+0000] {logging_mixin.py:154} INFO - [2023-12-18T21:33:43.396+0000] {dagbag.py:536} INFO - Filling up the DagBag from /home/airflow/.local/lib/python3.8/site-packages/airflow/example_dags/example_branch_operator.py
[2023-12-18T21:33:43.403+0000] {processor.py:839} INFO - DAG(s) dict_keys(['example_branch_operator']) retrieved from /home/airflow/.local/lib/python3.8/site-packages/airflow/example_dags/example_branch_operator.py
[2023-12-18T21:33:43.420+0000] {logging_mixin.py:154} INFO - [2023-12-18T21:33:43.419+0000] {dag.py:2941} INFO - Sync 1 DAGs
[2023-12-18T21:33:43.438+0000] {logging_mixin.py:154} INFO - [2023-12-18T21:33:43.438+0000] {dag.py:3722} INFO - Setting next_dagrun for example_branch_operator to 2023-12-17T00:00:00+00:00, run_after=2023-12-18T00:00:00+00:00
[2023-12-18T21:33:43.452+0000] {processor.py:179} INFO - Processing /home/airflow/.local/lib/python3.8/site-packages/airflow/example_dags/example_branch_operator.py took 0.061 seconds
[2023-12-18T21:34:13.577+0000] {processor.py:157} INFO - Started process (PID=3720) to work on /home/airflow/.local/lib/python3.8/site-packages/airflow/example_dags/example_branch_operator.py
[2023-12-18T21:34:13.577+0000] {processor.py:829} INFO - Processing file /home/airflow/.local/lib/python3.8/site-packages/airflow/example_dags/example_branch_operator.py for tasks to queue
[2023-12-18T21:34:13.579+0000] {logging_mixin.py:154} INFO - [2023-12-18T21:34:13.579+0000] {dagbag.py:536} INFO - Filling up the DagBag from /home/airflow/.local/lib/python3.8/site-packages/airflow/example_dags/example_branch_operator.py
[2023-12-18T21:34:13.587+0000] {processor.py:839} INFO - DAG(s) dict_keys(['example_branch_operator']) retrieved from /home/airflow/.local/lib/python3.8/site-packages/airflow/example_dags/example_branch_operator.py
[2023-12-18T21:34:13.607+0000] {logging_mixin.py:154} INFO - [2023-12-18T21:34:13.606+0000] {dag.py:2941} INFO - Sync 1 DAGs
[2023-12-18T21:34:13.627+0000] {logging_mixin.py:154} INFO - [2023-12-18T21:34:13.627+0000] {dag.py:3722} INFO - Setting next_dagrun for example_branch_operator to 2023-12-17T00:00:00+00:00, run_after=2023-12-18T00:00:00+00:00
[2023-12-18T21:34:13.644+0000] {processor.py:179} INFO - Processing /home/airflow/.local/lib/python3.8/site-packages/airflow/example_dags/example_branch_operator.py took 0.070 seconds
[2023-12-18T21:34:43.792+0000] {processor.py:157} INFO - Started process (PID=3774) to work on /home/airflow/.local/lib/python3.8/site-packages/airflow/example_dags/example_branch_operator.py
[2023-12-18T21:34:43.793+0000] {processor.py:829} INFO - Processing file /home/airflow/.local/lib/python3.8/site-packages/airflow/example_dags/example_branch_operator.py for tasks to queue
[2023-12-18T21:34:43.794+0000] {logging_mixin.py:154} INFO - [2023-12-18T21:34:43.794+0000] {dagbag.py:536} INFO - Filling up the DagBag from /home/airflow/.local/lib/python3.8/site-packages/airflow/example_dags/example_branch_operator.py
[2023-12-18T21:34:43.802+0000] {processor.py:839} INFO - DAG(s) dict_keys(['example_branch_operator']) retrieved from /home/airflow/.local/lib/python3.8/site-packages/airflow/example_dags/example_branch_operator.py
[2023-12-18T21:34:43.818+0000] {logging_mixin.py:154} INFO - [2023-12-18T21:34:43.818+0000] {dag.py:2941} INFO - Sync 1 DAGs
[2023-12-18T21:34:43.836+0000] {logging_mixin.py:154} INFO - [2023-12-18T21:34:43.836+0000] {dag.py:3722} INFO - Setting next_dagrun for example_branch_operator to 2023-12-17T00:00:00+00:00, run_after=2023-12-18T00:00:00+00:00
[2023-12-18T21:34:43.850+0000] {processor.py:179} INFO - Processing /home/airflow/.local/lib/python3.8/site-packages/airflow/example_dags/example_branch_operator.py took 0.060 seconds
[2023-12-18T21:35:14.093+0000] {processor.py:157} INFO - Started process (PID=3828) to work on /home/airflow/.local/lib/python3.8/site-packages/airflow/example_dags/example_branch_operator.py
[2023-12-18T21:35:14.094+0000] {processor.py:829} INFO - Processing file /home/airflow/.local/lib/python3.8/site-packages/airflow/example_dags/example_branch_operator.py for tasks to queue
[2023-12-18T21:35:14.096+0000] {logging_mixin.py:154} INFO - [2023-12-18T21:35:14.096+0000] {dagbag.py:536} INFO - Filling up the DagBag from /home/airflow/.local/lib/python3.8/site-packages/airflow/example_dags/example_branch_operator.py
[2023-12-18T21:35:14.105+0000] {processor.py:839} INFO - DAG(s) dict_keys(['example_branch_operator']) retrieved from /home/airflow/.local/lib/python3.8/site-packages/airflow/example_dags/example_branch_operator.py
[2023-12-18T21:35:14.126+0000] {logging_mixin.py:154} INFO - [2023-12-18T21:35:14.126+0000] {dag.py:2941} INFO - Sync 1 DAGs
[2023-12-18T21:35:14.149+0000] {logging_mixin.py:154} INFO - [2023-12-18T21:35:14.149+0000] {dag.py:3722} INFO - Setting next_dagrun for example_branch_operator to 2023-12-17T00:00:00+00:00, run_after=2023-12-18T00:00:00+00:00
[2023-12-18T21:35:14.168+0000] {processor.py:179} INFO - Processing /home/airflow/.local/lib/python3.8/site-packages/airflow/example_dags/example_branch_operator.py took 0.078 seconds
[2023-12-18T21:35:44.405+0000] {processor.py:157} INFO - Started process (PID=3882) to work on /home/airflow/.local/lib/python3.8/site-packages/airflow/example_dags/example_branch_operator.py
[2023-12-18T21:35:44.406+0000] {processor.py:829} INFO - Processing file /home/airflow/.local/lib/python3.8/site-packages/airflow/example_dags/example_branch_operator.py for tasks to queue
[2023-12-18T21:35:44.409+0000] {logging_mixin.py:154} INFO - [2023-12-18T21:35:44.409+0000] {dagbag.py:536} INFO - Filling up the DagBag from /home/airflow/.local/lib/python3.8/site-packages/airflow/example_dags/example_branch_operator.py
[2023-12-18T21:35:44.426+0000] {processor.py:839} INFO - DAG(s) dict_keys(['example_branch_operator']) retrieved from /home/airflow/.local/lib/python3.8/site-packages/airflow/example_dags/example_branch_operator.py
[2023-12-18T21:35:44.458+0000] {logging_mixin.py:154} INFO - [2023-12-18T21:35:44.458+0000] {dag.py:2941} INFO - Sync 1 DAGs
[2023-12-18T21:35:44.488+0000] {logging_mixin.py:154} INFO - [2023-12-18T21:35:44.488+0000] {dag.py:3722} INFO - Setting next_dagrun for example_branch_operator to 2023-12-17T00:00:00+00:00, run_after=2023-12-18T00:00:00+00:00
[2023-12-18T21:35:44.509+0000] {processor.py:179} INFO - Processing /home/airflow/.local/lib/python3.8/site-packages/airflow/example_dags/example_branch_operator.py took 0.109 seconds
