[2023-12-18T20:56:38.556+0000] {processor.py:157} INFO - Started process (PID=59) to work on /home/airflow/.local/lib/python3.8/site-packages/airflow/example_dags/example_python_operator.py
[2023-12-18T20:56:38.557+0000] {processor.py:829} INFO - Processing file /home/airflow/.local/lib/python3.8/site-packages/airflow/example_dags/example_python_operator.py for tasks to queue
[2023-12-18T20:56:38.560+0000] {logging_mixin.py:154} INFO - [2023-12-18T20:56:38.559+0000] {dagbag.py:536} INFO - Filling up the DagBag from /home/airflow/.local/lib/python3.8/site-packages/airflow/example_dags/example_python_operator.py
[2023-12-18T20:56:38.582+0000] {processor.py:839} INFO - DAG(s) dict_keys(['example_python_operator']) retrieved from /home/airflow/.local/lib/python3.8/site-packages/airflow/example_dags/example_python_operator.py
[2023-12-18T20:56:38.868+0000] {logging_mixin.py:154} INFO - [2023-12-18T20:56:38.867+0000] {dag.py:2941} INFO - Sync 1 DAGs
[2023-12-18T20:56:38.923+0000] {logging_mixin.py:154} INFO - [2023-12-18T20:56:38.922+0000] {dag.py:3722} INFO - Setting next_dagrun for example_python_operator to None, run_after=None
[2023-12-18T20:56:38.975+0000] {processor.py:179} INFO - Processing /home/airflow/.local/lib/python3.8/site-packages/airflow/example_dags/example_python_operator.py took 0.424 seconds
[2023-12-18T20:57:09.562+0000] {processor.py:157} INFO - Started process (PID=113) to work on /home/airflow/.local/lib/python3.8/site-packages/airflow/example_dags/example_python_operator.py
[2023-12-18T20:57:09.564+0000] {processor.py:829} INFO - Processing file /home/airflow/.local/lib/python3.8/site-packages/airflow/example_dags/example_python_operator.py for tasks to queue
[2023-12-18T20:57:09.567+0000] {logging_mixin.py:154} INFO - [2023-12-18T20:57:09.566+0000] {dagbag.py:536} INFO - Filling up the DagBag from /home/airflow/.local/lib/python3.8/site-packages/airflow/example_dags/example_python_operator.py
[2023-12-18T20:57:09.587+0000] {processor.py:839} INFO - DAG(s) dict_keys(['example_python_operator']) retrieved from /home/airflow/.local/lib/python3.8/site-packages/airflow/example_dags/example_python_operator.py
[2023-12-18T20:57:09.627+0000] {logging_mixin.py:154} INFO - [2023-12-18T20:57:09.627+0000] {dag.py:2941} INFO - Sync 1 DAGs
[2023-12-18T20:57:09.650+0000] {logging_mixin.py:154} INFO - [2023-12-18T20:57:09.650+0000] {dag.py:3722} INFO - Setting next_dagrun for example_python_operator to None, run_after=None
[2023-12-18T20:57:09.686+0000] {processor.py:179} INFO - Processing /home/airflow/.local/lib/python3.8/site-packages/airflow/example_dags/example_python_operator.py took 0.130 seconds
[2023-12-18T20:57:40.248+0000] {processor.py:157} INFO - Started process (PID=167) to work on /home/airflow/.local/lib/python3.8/site-packages/airflow/example_dags/example_python_operator.py
[2023-12-18T20:57:40.250+0000] {processor.py:829} INFO - Processing file /home/airflow/.local/lib/python3.8/site-packages/airflow/example_dags/example_python_operator.py for tasks to queue
[2023-12-18T20:57:40.254+0000] {logging_mixin.py:154} INFO - [2023-12-18T20:57:40.254+0000] {dagbag.py:536} INFO - Filling up the DagBag from /home/airflow/.local/lib/python3.8/site-packages/airflow/example_dags/example_python_operator.py
[2023-12-18T20:57:40.279+0000] {processor.py:839} INFO - DAG(s) dict_keys(['example_python_operator']) retrieved from /home/airflow/.local/lib/python3.8/site-packages/airflow/example_dags/example_python_operator.py
[2023-12-18T20:57:40.325+0000] {logging_mixin.py:154} INFO - [2023-12-18T20:57:40.324+0000] {dag.py:2941} INFO - Sync 1 DAGs
[2023-12-18T20:57:40.353+0000] {logging_mixin.py:154} INFO - [2023-12-18T20:57:40.352+0000] {dag.py:3722} INFO - Setting next_dagrun for example_python_operator to None, run_after=None
[2023-12-18T20:57:40.433+0000] {processor.py:179} INFO - Processing /home/airflow/.local/lib/python3.8/site-packages/airflow/example_dags/example_python_operator.py took 0.193 seconds
[2023-12-18T20:58:11.044+0000] {processor.py:157} INFO - Started process (PID=221) to work on /home/airflow/.local/lib/python3.8/site-packages/airflow/example_dags/example_python_operator.py
[2023-12-18T20:58:11.046+0000] {processor.py:829} INFO - Processing file /home/airflow/.local/lib/python3.8/site-packages/airflow/example_dags/example_python_operator.py for tasks to queue
[2023-12-18T20:58:11.050+0000] {logging_mixin.py:154} INFO - [2023-12-18T20:58:11.049+0000] {dagbag.py:536} INFO - Filling up the DagBag from /home/airflow/.local/lib/python3.8/site-packages/airflow/example_dags/example_python_operator.py
[2023-12-18T20:58:11.068+0000] {processor.py:839} INFO - DAG(s) dict_keys(['example_python_operator']) retrieved from /home/airflow/.local/lib/python3.8/site-packages/airflow/example_dags/example_python_operator.py
[2023-12-18T20:58:11.119+0000] {logging_mixin.py:154} INFO - [2023-12-18T20:58:11.118+0000] {dag.py:2941} INFO - Sync 1 DAGs
[2023-12-18T20:58:11.144+0000] {logging_mixin.py:154} INFO - [2023-12-18T20:58:11.144+0000] {dag.py:3722} INFO - Setting next_dagrun for example_python_operator to None, run_after=None
[2023-12-18T20:58:11.180+0000] {processor.py:179} INFO - Processing /home/airflow/.local/lib/python3.8/site-packages/airflow/example_dags/example_python_operator.py took 0.139 seconds
[2023-12-18T20:58:41.424+0000] {processor.py:157} INFO - Started process (PID=275) to work on /home/airflow/.local/lib/python3.8/site-packages/airflow/example_dags/example_python_operator.py
[2023-12-18T20:58:41.425+0000] {processor.py:829} INFO - Processing file /home/airflow/.local/lib/python3.8/site-packages/airflow/example_dags/example_python_operator.py for tasks to queue
[2023-12-18T20:58:41.429+0000] {logging_mixin.py:154} INFO - [2023-12-18T20:58:41.428+0000] {dagbag.py:536} INFO - Filling up the DagBag from /home/airflow/.local/lib/python3.8/site-packages/airflow/example_dags/example_python_operator.py
[2023-12-18T20:58:41.446+0000] {processor.py:839} INFO - DAG(s) dict_keys(['example_python_operator']) retrieved from /home/airflow/.local/lib/python3.8/site-packages/airflow/example_dags/example_python_operator.py
[2023-12-18T20:58:41.487+0000] {logging_mixin.py:154} INFO - [2023-12-18T20:58:41.486+0000] {dag.py:2941} INFO - Sync 1 DAGs
[2023-12-18T20:58:41.507+0000] {logging_mixin.py:154} INFO - [2023-12-18T20:58:41.507+0000] {dag.py:3722} INFO - Setting next_dagrun for example_python_operator to None, run_after=None
[2023-12-18T20:58:41.537+0000] {processor.py:179} INFO - Processing /home/airflow/.local/lib/python3.8/site-packages/airflow/example_dags/example_python_operator.py took 0.118 seconds
[2023-12-18T20:59:12.696+0000] {processor.py:157} INFO - Started process (PID=329) to work on /home/airflow/.local/lib/python3.8/site-packages/airflow/example_dags/example_python_operator.py
[2023-12-18T20:59:12.697+0000] {processor.py:829} INFO - Processing file /home/airflow/.local/lib/python3.8/site-packages/airflow/example_dags/example_python_operator.py for tasks to queue
[2023-12-18T20:59:12.700+0000] {logging_mixin.py:154} INFO - [2023-12-18T20:59:12.700+0000] {dagbag.py:536} INFO - Filling up the DagBag from /home/airflow/.local/lib/python3.8/site-packages/airflow/example_dags/example_python_operator.py
[2023-12-18T20:59:12.718+0000] {processor.py:839} INFO - DAG(s) dict_keys(['example_python_operator']) retrieved from /home/airflow/.local/lib/python3.8/site-packages/airflow/example_dags/example_python_operator.py
[2023-12-18T20:59:12.756+0000] {logging_mixin.py:154} INFO - [2023-12-18T20:59:12.756+0000] {dag.py:2941} INFO - Sync 1 DAGs
[2023-12-18T20:59:12.780+0000] {logging_mixin.py:154} INFO - [2023-12-18T20:59:12.780+0000] {dag.py:3722} INFO - Setting next_dagrun for example_python_operator to None, run_after=None
[2023-12-18T20:59:12.816+0000] {processor.py:179} INFO - Processing /home/airflow/.local/lib/python3.8/site-packages/airflow/example_dags/example_python_operator.py took 0.125 seconds
[2023-12-18T20:59:43.252+0000] {processor.py:157} INFO - Started process (PID=383) to work on /home/airflow/.local/lib/python3.8/site-packages/airflow/example_dags/example_python_operator.py
[2023-12-18T20:59:43.254+0000] {processor.py:829} INFO - Processing file /home/airflow/.local/lib/python3.8/site-packages/airflow/example_dags/example_python_operator.py for tasks to queue
[2023-12-18T20:59:43.261+0000] {logging_mixin.py:154} INFO - [2023-12-18T20:59:43.260+0000] {dagbag.py:536} INFO - Filling up the DagBag from /home/airflow/.local/lib/python3.8/site-packages/airflow/example_dags/example_python_operator.py
[2023-12-18T20:59:43.282+0000] {processor.py:839} INFO - DAG(s) dict_keys(['example_python_operator']) retrieved from /home/airflow/.local/lib/python3.8/site-packages/airflow/example_dags/example_python_operator.py
[2023-12-18T20:59:43.334+0000] {logging_mixin.py:154} INFO - [2023-12-18T20:59:43.334+0000] {dag.py:2941} INFO - Sync 1 DAGs
[2023-12-18T20:59:43.359+0000] {logging_mixin.py:154} INFO - [2023-12-18T20:59:43.358+0000] {dag.py:3722} INFO - Setting next_dagrun for example_python_operator to None, run_after=None
[2023-12-18T20:59:43.405+0000] {processor.py:179} INFO - Processing /home/airflow/.local/lib/python3.8/site-packages/airflow/example_dags/example_python_operator.py took 0.161 seconds
[2023-12-18T21:00:14.047+0000] {processor.py:157} INFO - Started process (PID=444) to work on /home/airflow/.local/lib/python3.8/site-packages/airflow/example_dags/example_python_operator.py
[2023-12-18T21:00:14.048+0000] {processor.py:829} INFO - Processing file /home/airflow/.local/lib/python3.8/site-packages/airflow/example_dags/example_python_operator.py for tasks to queue
[2023-12-18T21:00:14.051+0000] {logging_mixin.py:154} INFO - [2023-12-18T21:00:14.050+0000] {dagbag.py:536} INFO - Filling up the DagBag from /home/airflow/.local/lib/python3.8/site-packages/airflow/example_dags/example_python_operator.py
[2023-12-18T21:00:14.067+0000] {processor.py:839} INFO - DAG(s) dict_keys(['example_python_operator']) retrieved from /home/airflow/.local/lib/python3.8/site-packages/airflow/example_dags/example_python_operator.py
[2023-12-18T21:00:14.119+0000] {logging_mixin.py:154} INFO - [2023-12-18T21:00:14.119+0000] {dag.py:2941} INFO - Sync 1 DAGs
[2023-12-18T21:00:14.144+0000] {logging_mixin.py:154} INFO - [2023-12-18T21:00:14.143+0000] {dag.py:3722} INFO - Setting next_dagrun for example_python_operator to None, run_after=None
[2023-12-18T21:00:14.207+0000] {processor.py:179} INFO - Processing /home/airflow/.local/lib/python3.8/site-packages/airflow/example_dags/example_python_operator.py took 0.165 seconds
[2023-12-18T21:00:44.380+0000] {processor.py:157} INFO - Started process (PID=498) to work on /home/airflow/.local/lib/python3.8/site-packages/airflow/example_dags/example_python_operator.py
[2023-12-18T21:00:44.381+0000] {processor.py:829} INFO - Processing file /home/airflow/.local/lib/python3.8/site-packages/airflow/example_dags/example_python_operator.py for tasks to queue
[2023-12-18T21:00:44.385+0000] {logging_mixin.py:154} INFO - [2023-12-18T21:00:44.384+0000] {dagbag.py:536} INFO - Filling up the DagBag from /home/airflow/.local/lib/python3.8/site-packages/airflow/example_dags/example_python_operator.py
[2023-12-18T21:00:44.400+0000] {processor.py:839} INFO - DAG(s) dict_keys(['example_python_operator']) retrieved from /home/airflow/.local/lib/python3.8/site-packages/airflow/example_dags/example_python_operator.py
[2023-12-18T21:00:44.446+0000] {logging_mixin.py:154} INFO - [2023-12-18T21:00:44.446+0000] {dag.py:2941} INFO - Sync 1 DAGs
[2023-12-18T21:00:44.468+0000] {logging_mixin.py:154} INFO - [2023-12-18T21:00:44.468+0000] {dag.py:3722} INFO - Setting next_dagrun for example_python_operator to None, run_after=None
[2023-12-18T21:00:44.505+0000] {processor.py:179} INFO - Processing /home/airflow/.local/lib/python3.8/site-packages/airflow/example_dags/example_python_operator.py took 0.130 seconds
[2023-12-18T21:01:14.662+0000] {processor.py:157} INFO - Started process (PID=552) to work on /home/airflow/.local/lib/python3.8/site-packages/airflow/example_dags/example_python_operator.py
[2023-12-18T21:01:14.664+0000] {processor.py:829} INFO - Processing file /home/airflow/.local/lib/python3.8/site-packages/airflow/example_dags/example_python_operator.py for tasks to queue
[2023-12-18T21:01:14.667+0000] {logging_mixin.py:154} INFO - [2023-12-18T21:01:14.667+0000] {dagbag.py:536} INFO - Filling up the DagBag from /home/airflow/.local/lib/python3.8/site-packages/airflow/example_dags/example_python_operator.py
[2023-12-18T21:01:14.684+0000] {processor.py:839} INFO - DAG(s) dict_keys(['example_python_operator']) retrieved from /home/airflow/.local/lib/python3.8/site-packages/airflow/example_dags/example_python_operator.py
[2023-12-18T21:01:14.724+0000] {logging_mixin.py:154} INFO - [2023-12-18T21:01:14.724+0000] {dag.py:2941} INFO - Sync 1 DAGs
[2023-12-18T21:01:14.746+0000] {logging_mixin.py:154} INFO - [2023-12-18T21:01:14.746+0000] {dag.py:3722} INFO - Setting next_dagrun for example_python_operator to None, run_after=None
[2023-12-18T21:01:14.797+0000] {processor.py:179} INFO - Processing /home/airflow/.local/lib/python3.8/site-packages/airflow/example_dags/example_python_operator.py took 0.139 seconds
[2023-12-18T21:01:45.567+0000] {processor.py:157} INFO - Started process (PID=606) to work on /home/airflow/.local/lib/python3.8/site-packages/airflow/example_dags/example_python_operator.py
[2023-12-18T21:01:45.569+0000] {processor.py:829} INFO - Processing file /home/airflow/.local/lib/python3.8/site-packages/airflow/example_dags/example_python_operator.py for tasks to queue
[2023-12-18T21:01:45.572+0000] {logging_mixin.py:154} INFO - [2023-12-18T21:01:45.572+0000] {dagbag.py:536} INFO - Filling up the DagBag from /home/airflow/.local/lib/python3.8/site-packages/airflow/example_dags/example_python_operator.py
[2023-12-18T21:01:45.592+0000] {processor.py:839} INFO - DAG(s) dict_keys(['example_python_operator']) retrieved from /home/airflow/.local/lib/python3.8/site-packages/airflow/example_dags/example_python_operator.py
[2023-12-18T21:01:45.636+0000] {logging_mixin.py:154} INFO - [2023-12-18T21:01:45.635+0000] {dag.py:2941} INFO - Sync 1 DAGs
[2023-12-18T21:01:45.658+0000] {logging_mixin.py:154} INFO - [2023-12-18T21:01:45.658+0000] {dag.py:3722} INFO - Setting next_dagrun for example_python_operator to None, run_after=None
[2023-12-18T21:01:45.698+0000] {processor.py:179} INFO - Processing /home/airflow/.local/lib/python3.8/site-packages/airflow/example_dags/example_python_operator.py took 0.137 seconds
[2023-12-18T21:02:16.627+0000] {processor.py:157} INFO - Started process (PID=660) to work on /home/airflow/.local/lib/python3.8/site-packages/airflow/example_dags/example_python_operator.py
[2023-12-18T21:02:16.629+0000] {processor.py:829} INFO - Processing file /home/airflow/.local/lib/python3.8/site-packages/airflow/example_dags/example_python_operator.py for tasks to queue
[2023-12-18T21:02:16.632+0000] {logging_mixin.py:154} INFO - [2023-12-18T21:02:16.632+0000] {dagbag.py:536} INFO - Filling up the DagBag from /home/airflow/.local/lib/python3.8/site-packages/airflow/example_dags/example_python_operator.py
[2023-12-18T21:02:16.654+0000] {processor.py:839} INFO - DAG(s) dict_keys(['example_python_operator']) retrieved from /home/airflow/.local/lib/python3.8/site-packages/airflow/example_dags/example_python_operator.py
[2023-12-18T21:02:16.694+0000] {logging_mixin.py:154} INFO - [2023-12-18T21:02:16.694+0000] {dag.py:2941} INFO - Sync 1 DAGs
[2023-12-18T21:02:16.719+0000] {logging_mixin.py:154} INFO - [2023-12-18T21:02:16.719+0000] {dag.py:3722} INFO - Setting next_dagrun for example_python_operator to None, run_after=None
[2023-12-18T21:02:16.759+0000] {processor.py:179} INFO - Processing /home/airflow/.local/lib/python3.8/site-packages/airflow/example_dags/example_python_operator.py took 0.137 seconds
[2023-12-18T21:02:47.462+0000] {processor.py:157} INFO - Started process (PID=714) to work on /home/airflow/.local/lib/python3.8/site-packages/airflow/example_dags/example_python_operator.py
[2023-12-18T21:02:47.464+0000] {processor.py:829} INFO - Processing file /home/airflow/.local/lib/python3.8/site-packages/airflow/example_dags/example_python_operator.py for tasks to queue
[2023-12-18T21:02:47.467+0000] {logging_mixin.py:154} INFO - [2023-12-18T21:02:47.467+0000] {dagbag.py:536} INFO - Filling up the DagBag from /home/airflow/.local/lib/python3.8/site-packages/airflow/example_dags/example_python_operator.py
[2023-12-18T21:02:47.488+0000] {processor.py:839} INFO - DAG(s) dict_keys(['example_python_operator']) retrieved from /home/airflow/.local/lib/python3.8/site-packages/airflow/example_dags/example_python_operator.py
[2023-12-18T21:02:47.531+0000] {logging_mixin.py:154} INFO - [2023-12-18T21:02:47.530+0000] {dag.py:2941} INFO - Sync 1 DAGs
[2023-12-18T21:02:47.553+0000] {logging_mixin.py:154} INFO - [2023-12-18T21:02:47.553+0000] {dag.py:3722} INFO - Setting next_dagrun for example_python_operator to None, run_after=None
[2023-12-18T21:02:47.591+0000] {processor.py:179} INFO - Processing /home/airflow/.local/lib/python3.8/site-packages/airflow/example_dags/example_python_operator.py took 0.134 seconds
[2023-12-18T21:03:17.960+0000] {processor.py:157} INFO - Started process (PID=768) to work on /home/airflow/.local/lib/python3.8/site-packages/airflow/example_dags/example_python_operator.py
[2023-12-18T21:03:17.961+0000] {processor.py:829} INFO - Processing file /home/airflow/.local/lib/python3.8/site-packages/airflow/example_dags/example_python_operator.py for tasks to queue
[2023-12-18T21:03:17.965+0000] {logging_mixin.py:154} INFO - [2023-12-18T21:03:17.964+0000] {dagbag.py:536} INFO - Filling up the DagBag from /home/airflow/.local/lib/python3.8/site-packages/airflow/example_dags/example_python_operator.py
[2023-12-18T21:03:17.983+0000] {processor.py:839} INFO - DAG(s) dict_keys(['example_python_operator']) retrieved from /home/airflow/.local/lib/python3.8/site-packages/airflow/example_dags/example_python_operator.py
[2023-12-18T21:03:18.029+0000] {logging_mixin.py:154} INFO - [2023-12-18T21:03:18.029+0000] {dag.py:2941} INFO - Sync 1 DAGs
[2023-12-18T21:03:18.059+0000] {logging_mixin.py:154} INFO - [2023-12-18T21:03:18.059+0000] {dag.py:3722} INFO - Setting next_dagrun for example_python_operator to None, run_after=None
[2023-12-18T21:03:18.097+0000] {processor.py:179} INFO - Processing /home/airflow/.local/lib/python3.8/site-packages/airflow/example_dags/example_python_operator.py took 0.142 seconds
[2023-12-18T21:03:48.555+0000] {processor.py:157} INFO - Started process (PID=822) to work on /home/airflow/.local/lib/python3.8/site-packages/airflow/example_dags/example_python_operator.py
[2023-12-18T21:03:48.556+0000] {processor.py:829} INFO - Processing file /home/airflow/.local/lib/python3.8/site-packages/airflow/example_dags/example_python_operator.py for tasks to queue
[2023-12-18T21:03:48.561+0000] {logging_mixin.py:154} INFO - [2023-12-18T21:03:48.560+0000] {dagbag.py:536} INFO - Filling up the DagBag from /home/airflow/.local/lib/python3.8/site-packages/airflow/example_dags/example_python_operator.py
[2023-12-18T21:03:48.578+0000] {processor.py:839} INFO - DAG(s) dict_keys(['example_python_operator']) retrieved from /home/airflow/.local/lib/python3.8/site-packages/airflow/example_dags/example_python_operator.py
[2023-12-18T21:03:48.624+0000] {logging_mixin.py:154} INFO - [2023-12-18T21:03:48.623+0000] {dag.py:2941} INFO - Sync 1 DAGs
[2023-12-18T21:03:48.646+0000] {logging_mixin.py:154} INFO - [2023-12-18T21:03:48.645+0000] {dag.py:3722} INFO - Setting next_dagrun for example_python_operator to None, run_after=None
[2023-12-18T21:03:48.685+0000] {processor.py:179} INFO - Processing /home/airflow/.local/lib/python3.8/site-packages/airflow/example_dags/example_python_operator.py took 0.136 seconds
[2023-12-18T21:04:18.900+0000] {processor.py:157} INFO - Started process (PID=876) to work on /home/airflow/.local/lib/python3.8/site-packages/airflow/example_dags/example_python_operator.py
[2023-12-18T21:04:18.900+0000] {processor.py:829} INFO - Processing file /home/airflow/.local/lib/python3.8/site-packages/airflow/example_dags/example_python_operator.py for tasks to queue
[2023-12-18T21:04:18.902+0000] {logging_mixin.py:154} INFO - [2023-12-18T21:04:18.902+0000] {dagbag.py:536} INFO - Filling up the DagBag from /home/airflow/.local/lib/python3.8/site-packages/airflow/example_dags/example_python_operator.py
[2023-12-18T21:04:18.910+0000] {processor.py:839} INFO - DAG(s) dict_keys(['example_python_operator']) retrieved from /home/airflow/.local/lib/python3.8/site-packages/airflow/example_dags/example_python_operator.py
[2023-12-18T21:04:18.930+0000] {logging_mixin.py:154} INFO - [2023-12-18T21:04:18.930+0000] {dag.py:2941} INFO - Sync 1 DAGs
[2023-12-18T21:04:18.942+0000] {logging_mixin.py:154} INFO - [2023-12-18T21:04:18.941+0000] {dag.py:3722} INFO - Setting next_dagrun for example_python_operator to None, run_after=None
[2023-12-18T21:04:18.957+0000] {processor.py:179} INFO - Processing /home/airflow/.local/lib/python3.8/site-packages/airflow/example_dags/example_python_operator.py took 0.060 seconds
[2023-12-18T21:04:49.171+0000] {processor.py:157} INFO - Started process (PID=930) to work on /home/airflow/.local/lib/python3.8/site-packages/airflow/example_dags/example_python_operator.py
[2023-12-18T21:04:49.172+0000] {processor.py:829} INFO - Processing file /home/airflow/.local/lib/python3.8/site-packages/airflow/example_dags/example_python_operator.py for tasks to queue
[2023-12-18T21:04:49.173+0000] {logging_mixin.py:154} INFO - [2023-12-18T21:04:49.173+0000] {dagbag.py:536} INFO - Filling up the DagBag from /home/airflow/.local/lib/python3.8/site-packages/airflow/example_dags/example_python_operator.py
[2023-12-18T21:04:49.181+0000] {processor.py:839} INFO - DAG(s) dict_keys(['example_python_operator']) retrieved from /home/airflow/.local/lib/python3.8/site-packages/airflow/example_dags/example_python_operator.py
[2023-12-18T21:04:49.199+0000] {logging_mixin.py:154} INFO - [2023-12-18T21:04:49.199+0000] {dag.py:2941} INFO - Sync 1 DAGs
[2023-12-18T21:04:49.209+0000] {logging_mixin.py:154} INFO - [2023-12-18T21:04:49.209+0000] {dag.py:3722} INFO - Setting next_dagrun for example_python_operator to None, run_after=None
[2023-12-18T21:04:49.225+0000] {processor.py:179} INFO - Processing /home/airflow/.local/lib/python3.8/site-packages/airflow/example_dags/example_python_operator.py took 0.056 seconds
[2023-12-18T21:05:19.582+0000] {processor.py:157} INFO - Started process (PID=984) to work on /home/airflow/.local/lib/python3.8/site-packages/airflow/example_dags/example_python_operator.py
[2023-12-18T21:05:19.583+0000] {processor.py:829} INFO - Processing file /home/airflow/.local/lib/python3.8/site-packages/airflow/example_dags/example_python_operator.py for tasks to queue
[2023-12-18T21:05:19.584+0000] {logging_mixin.py:154} INFO - [2023-12-18T21:05:19.584+0000] {dagbag.py:536} INFO - Filling up the DagBag from /home/airflow/.local/lib/python3.8/site-packages/airflow/example_dags/example_python_operator.py
[2023-12-18T21:05:19.592+0000] {processor.py:839} INFO - DAG(s) dict_keys(['example_python_operator']) retrieved from /home/airflow/.local/lib/python3.8/site-packages/airflow/example_dags/example_python_operator.py
[2023-12-18T21:05:19.610+0000] {logging_mixin.py:154} INFO - [2023-12-18T21:05:19.610+0000] {dag.py:2941} INFO - Sync 1 DAGs
[2023-12-18T21:05:19.621+0000] {logging_mixin.py:154} INFO - [2023-12-18T21:05:19.621+0000] {dag.py:3722} INFO - Setting next_dagrun for example_python_operator to None, run_after=None
[2023-12-18T21:05:19.636+0000] {processor.py:179} INFO - Processing /home/airflow/.local/lib/python3.8/site-packages/airflow/example_dags/example_python_operator.py took 0.056 seconds
[2023-12-18T21:05:49.874+0000] {processor.py:157} INFO - Started process (PID=1038) to work on /home/airflow/.local/lib/python3.8/site-packages/airflow/example_dags/example_python_operator.py
[2023-12-18T21:05:49.875+0000] {processor.py:829} INFO - Processing file /home/airflow/.local/lib/python3.8/site-packages/airflow/example_dags/example_python_operator.py for tasks to queue
[2023-12-18T21:05:49.876+0000] {logging_mixin.py:154} INFO - [2023-12-18T21:05:49.876+0000] {dagbag.py:536} INFO - Filling up the DagBag from /home/airflow/.local/lib/python3.8/site-packages/airflow/example_dags/example_python_operator.py
[2023-12-18T21:05:49.884+0000] {processor.py:839} INFO - DAG(s) dict_keys(['example_python_operator']) retrieved from /home/airflow/.local/lib/python3.8/site-packages/airflow/example_dags/example_python_operator.py
[2023-12-18T21:05:49.903+0000] {logging_mixin.py:154} INFO - [2023-12-18T21:05:49.903+0000] {dag.py:2941} INFO - Sync 1 DAGs
[2023-12-18T21:05:49.914+0000] {logging_mixin.py:154} INFO - [2023-12-18T21:05:49.914+0000] {dag.py:3722} INFO - Setting next_dagrun for example_python_operator to None, run_after=None
[2023-12-18T21:05:49.929+0000] {processor.py:179} INFO - Processing /home/airflow/.local/lib/python3.8/site-packages/airflow/example_dags/example_python_operator.py took 0.057 seconds
[2023-12-18T21:06:20.222+0000] {processor.py:157} INFO - Started process (PID=1092) to work on /home/airflow/.local/lib/python3.8/site-packages/airflow/example_dags/example_python_operator.py
[2023-12-18T21:06:20.223+0000] {processor.py:829} INFO - Processing file /home/airflow/.local/lib/python3.8/site-packages/airflow/example_dags/example_python_operator.py for tasks to queue
[2023-12-18T21:06:20.224+0000] {logging_mixin.py:154} INFO - [2023-12-18T21:06:20.224+0000] {dagbag.py:536} INFO - Filling up the DagBag from /home/airflow/.local/lib/python3.8/site-packages/airflow/example_dags/example_python_operator.py
[2023-12-18T21:06:20.232+0000] {processor.py:839} INFO - DAG(s) dict_keys(['example_python_operator']) retrieved from /home/airflow/.local/lib/python3.8/site-packages/airflow/example_dags/example_python_operator.py
[2023-12-18T21:06:20.251+0000] {logging_mixin.py:154} INFO - [2023-12-18T21:06:20.251+0000] {dag.py:2941} INFO - Sync 1 DAGs
[2023-12-18T21:06:20.261+0000] {logging_mixin.py:154} INFO - [2023-12-18T21:06:20.260+0000] {dag.py:3722} INFO - Setting next_dagrun for example_python_operator to None, run_after=None
[2023-12-18T21:06:20.275+0000] {processor.py:179} INFO - Processing /home/airflow/.local/lib/python3.8/site-packages/airflow/example_dags/example_python_operator.py took 0.055 seconds
[2023-12-18T21:06:50.516+0000] {processor.py:157} INFO - Started process (PID=1146) to work on /home/airflow/.local/lib/python3.8/site-packages/airflow/example_dags/example_python_operator.py
[2023-12-18T21:06:50.516+0000] {processor.py:829} INFO - Processing file /home/airflow/.local/lib/python3.8/site-packages/airflow/example_dags/example_python_operator.py for tasks to queue
[2023-12-18T21:06:50.518+0000] {logging_mixin.py:154} INFO - [2023-12-18T21:06:50.518+0000] {dagbag.py:536} INFO - Filling up the DagBag from /home/airflow/.local/lib/python3.8/site-packages/airflow/example_dags/example_python_operator.py
[2023-12-18T21:06:50.526+0000] {processor.py:839} INFO - DAG(s) dict_keys(['example_python_operator']) retrieved from /home/airflow/.local/lib/python3.8/site-packages/airflow/example_dags/example_python_operator.py
[2023-12-18T21:06:50.543+0000] {logging_mixin.py:154} INFO - [2023-12-18T21:06:50.543+0000] {dag.py:2941} INFO - Sync 1 DAGs
[2023-12-18T21:06:50.552+0000] {logging_mixin.py:154} INFO - [2023-12-18T21:06:50.552+0000] {dag.py:3722} INFO - Setting next_dagrun for example_python_operator to None, run_after=None
[2023-12-18T21:06:50.566+0000] {processor.py:179} INFO - Processing /home/airflow/.local/lib/python3.8/site-packages/airflow/example_dags/example_python_operator.py took 0.054 seconds
[2023-12-18T21:07:20.781+0000] {processor.py:157} INFO - Started process (PID=1200) to work on /home/airflow/.local/lib/python3.8/site-packages/airflow/example_dags/example_python_operator.py
[2023-12-18T21:07:20.782+0000] {processor.py:829} INFO - Processing file /home/airflow/.local/lib/python3.8/site-packages/airflow/example_dags/example_python_operator.py for tasks to queue
[2023-12-18T21:07:20.784+0000] {logging_mixin.py:154} INFO - [2023-12-18T21:07:20.784+0000] {dagbag.py:536} INFO - Filling up the DagBag from /home/airflow/.local/lib/python3.8/site-packages/airflow/example_dags/example_python_operator.py
[2023-12-18T21:07:20.791+0000] {processor.py:839} INFO - DAG(s) dict_keys(['example_python_operator']) retrieved from /home/airflow/.local/lib/python3.8/site-packages/airflow/example_dags/example_python_operator.py
[2023-12-18T21:07:20.808+0000] {logging_mixin.py:154} INFO - [2023-12-18T21:07:20.808+0000] {dag.py:2941} INFO - Sync 1 DAGs
[2023-12-18T21:07:20.818+0000] {logging_mixin.py:154} INFO - [2023-12-18T21:07:20.817+0000] {dag.py:3722} INFO - Setting next_dagrun for example_python_operator to None, run_after=None
[2023-12-18T21:07:20.832+0000] {processor.py:179} INFO - Processing /home/airflow/.local/lib/python3.8/site-packages/airflow/example_dags/example_python_operator.py took 0.052 seconds
[2023-12-18T21:07:51.741+0000] {processor.py:157} INFO - Started process (PID=1254) to work on /home/airflow/.local/lib/python3.8/site-packages/airflow/example_dags/example_python_operator.py
[2023-12-18T21:07:51.742+0000] {processor.py:829} INFO - Processing file /home/airflow/.local/lib/python3.8/site-packages/airflow/example_dags/example_python_operator.py for tasks to queue
[2023-12-18T21:07:51.744+0000] {logging_mixin.py:154} INFO - [2023-12-18T21:07:51.744+0000] {dagbag.py:536} INFO - Filling up the DagBag from /home/airflow/.local/lib/python3.8/site-packages/airflow/example_dags/example_python_operator.py
[2023-12-18T21:07:51.752+0000] {processor.py:839} INFO - DAG(s) dict_keys(['example_python_operator']) retrieved from /home/airflow/.local/lib/python3.8/site-packages/airflow/example_dags/example_python_operator.py
[2023-12-18T21:07:51.770+0000] {logging_mixin.py:154} INFO - [2023-12-18T21:07:51.769+0000] {dag.py:2941} INFO - Sync 1 DAGs
[2023-12-18T21:07:51.781+0000] {logging_mixin.py:154} INFO - [2023-12-18T21:07:51.780+0000] {dag.py:3722} INFO - Setting next_dagrun for example_python_operator to None, run_after=None
[2023-12-18T21:07:51.796+0000] {processor.py:179} INFO - Processing /home/airflow/.local/lib/python3.8/site-packages/airflow/example_dags/example_python_operator.py took 0.057 seconds
[2023-12-18T21:11:27.964+0000] {processor.py:157} INFO - Started process (PID=1299) to work on /home/airflow/.local/lib/python3.8/site-packages/airflow/example_dags/example_python_operator.py
[2023-12-18T21:11:27.965+0000] {processor.py:829} INFO - Processing file /home/airflow/.local/lib/python3.8/site-packages/airflow/example_dags/example_python_operator.py for tasks to queue
[2023-12-18T21:11:27.967+0000] {logging_mixin.py:154} INFO - [2023-12-18T21:11:27.966+0000] {dagbag.py:536} INFO - Filling up the DagBag from /home/airflow/.local/lib/python3.8/site-packages/airflow/example_dags/example_python_operator.py
[2023-12-18T21:11:27.974+0000] {processor.py:839} INFO - DAG(s) dict_keys(['example_python_operator']) retrieved from /home/airflow/.local/lib/python3.8/site-packages/airflow/example_dags/example_python_operator.py
[2023-12-18T21:11:27.994+0000] {logging_mixin.py:154} INFO - [2023-12-18T21:11:27.994+0000] {dag.py:2941} INFO - Sync 1 DAGs
[2023-12-18T21:11:28.006+0000] {logging_mixin.py:154} INFO - [2023-12-18T21:11:28.006+0000] {dag.py:3722} INFO - Setting next_dagrun for example_python_operator to None, run_after=None
[2023-12-18T21:11:28.023+0000] {processor.py:179} INFO - Processing /home/airflow/.local/lib/python3.8/site-packages/airflow/example_dags/example_python_operator.py took 0.062 seconds
[2023-12-18T21:11:58.261+0000] {processor.py:157} INFO - Started process (PID=1353) to work on /home/airflow/.local/lib/python3.8/site-packages/airflow/example_dags/example_python_operator.py
[2023-12-18T21:11:58.262+0000] {processor.py:829} INFO - Processing file /home/airflow/.local/lib/python3.8/site-packages/airflow/example_dags/example_python_operator.py for tasks to queue
[2023-12-18T21:11:58.264+0000] {logging_mixin.py:154} INFO - [2023-12-18T21:11:58.264+0000] {dagbag.py:536} INFO - Filling up the DagBag from /home/airflow/.local/lib/python3.8/site-packages/airflow/example_dags/example_python_operator.py
[2023-12-18T21:11:58.271+0000] {processor.py:839} INFO - DAG(s) dict_keys(['example_python_operator']) retrieved from /home/airflow/.local/lib/python3.8/site-packages/airflow/example_dags/example_python_operator.py
[2023-12-18T21:11:58.291+0000] {logging_mixin.py:154} INFO - [2023-12-18T21:11:58.290+0000] {dag.py:2941} INFO - Sync 1 DAGs
[2023-12-18T21:11:58.301+0000] {logging_mixin.py:154} INFO - [2023-12-18T21:11:58.301+0000] {dag.py:3722} INFO - Setting next_dagrun for example_python_operator to None, run_after=None
[2023-12-18T21:11:58.317+0000] {processor.py:179} INFO - Processing /home/airflow/.local/lib/python3.8/site-packages/airflow/example_dags/example_python_operator.py took 0.058 seconds
[2023-12-18T21:12:28.599+0000] {processor.py:157} INFO - Started process (PID=1407) to work on /home/airflow/.local/lib/python3.8/site-packages/airflow/example_dags/example_python_operator.py
[2023-12-18T21:12:28.600+0000] {processor.py:829} INFO - Processing file /home/airflow/.local/lib/python3.8/site-packages/airflow/example_dags/example_python_operator.py for tasks to queue
[2023-12-18T21:12:28.602+0000] {logging_mixin.py:154} INFO - [2023-12-18T21:12:28.601+0000] {dagbag.py:536} INFO - Filling up the DagBag from /home/airflow/.local/lib/python3.8/site-packages/airflow/example_dags/example_python_operator.py
[2023-12-18T21:12:28.609+0000] {processor.py:839} INFO - DAG(s) dict_keys(['example_python_operator']) retrieved from /home/airflow/.local/lib/python3.8/site-packages/airflow/example_dags/example_python_operator.py
[2023-12-18T21:12:28.627+0000] {logging_mixin.py:154} INFO - [2023-12-18T21:12:28.627+0000] {dag.py:2941} INFO - Sync 1 DAGs
[2023-12-18T21:12:28.638+0000] {logging_mixin.py:154} INFO - [2023-12-18T21:12:28.638+0000] {dag.py:3722} INFO - Setting next_dagrun for example_python_operator to None, run_after=None
[2023-12-18T21:12:28.654+0000] {processor.py:179} INFO - Processing /home/airflow/.local/lib/python3.8/site-packages/airflow/example_dags/example_python_operator.py took 0.057 seconds
[2023-12-18T21:12:58.930+0000] {processor.py:157} INFO - Started process (PID=1461) to work on /home/airflow/.local/lib/python3.8/site-packages/airflow/example_dags/example_python_operator.py
[2023-12-18T21:12:58.931+0000] {processor.py:829} INFO - Processing file /home/airflow/.local/lib/python3.8/site-packages/airflow/example_dags/example_python_operator.py for tasks to queue
[2023-12-18T21:12:58.932+0000] {logging_mixin.py:154} INFO - [2023-12-18T21:12:58.932+0000] {dagbag.py:536} INFO - Filling up the DagBag from /home/airflow/.local/lib/python3.8/site-packages/airflow/example_dags/example_python_operator.py
[2023-12-18T21:12:58.940+0000] {processor.py:839} INFO - DAG(s) dict_keys(['example_python_operator']) retrieved from /home/airflow/.local/lib/python3.8/site-packages/airflow/example_dags/example_python_operator.py
[2023-12-18T21:12:58.959+0000] {logging_mixin.py:154} INFO - [2023-12-18T21:12:58.959+0000] {dag.py:2941} INFO - Sync 1 DAGs
[2023-12-18T21:12:58.969+0000] {logging_mixin.py:154} INFO - [2023-12-18T21:12:58.969+0000] {dag.py:3722} INFO - Setting next_dagrun for example_python_operator to None, run_after=None
[2023-12-18T21:12:58.984+0000] {processor.py:179} INFO - Processing /home/airflow/.local/lib/python3.8/site-packages/airflow/example_dags/example_python_operator.py took 0.057 seconds
[2023-12-18T21:13:29.225+0000] {processor.py:157} INFO - Started process (PID=1515) to work on /home/airflow/.local/lib/python3.8/site-packages/airflow/example_dags/example_python_operator.py
[2023-12-18T21:13:29.226+0000] {processor.py:829} INFO - Processing file /home/airflow/.local/lib/python3.8/site-packages/airflow/example_dags/example_python_operator.py for tasks to queue
[2023-12-18T21:13:29.227+0000] {logging_mixin.py:154} INFO - [2023-12-18T21:13:29.227+0000] {dagbag.py:536} INFO - Filling up the DagBag from /home/airflow/.local/lib/python3.8/site-packages/airflow/example_dags/example_python_operator.py
[2023-12-18T21:13:29.235+0000] {processor.py:839} INFO - DAG(s) dict_keys(['example_python_operator']) retrieved from /home/airflow/.local/lib/python3.8/site-packages/airflow/example_dags/example_python_operator.py
[2023-12-18T21:13:29.254+0000] {logging_mixin.py:154} INFO - [2023-12-18T21:13:29.254+0000] {dag.py:2941} INFO - Sync 1 DAGs
[2023-12-18T21:13:29.266+0000] {logging_mixin.py:154} INFO - [2023-12-18T21:13:29.265+0000] {dag.py:3722} INFO - Setting next_dagrun for example_python_operator to None, run_after=None
[2023-12-18T21:13:29.282+0000] {processor.py:179} INFO - Processing /home/airflow/.local/lib/python3.8/site-packages/airflow/example_dags/example_python_operator.py took 0.060 seconds
[2023-12-18T21:13:59.740+0000] {processor.py:157} INFO - Started process (PID=1569) to work on /home/airflow/.local/lib/python3.8/site-packages/airflow/example_dags/example_python_operator.py
[2023-12-18T21:13:59.741+0000] {processor.py:829} INFO - Processing file /home/airflow/.local/lib/python3.8/site-packages/airflow/example_dags/example_python_operator.py for tasks to queue
[2023-12-18T21:13:59.742+0000] {logging_mixin.py:154} INFO - [2023-12-18T21:13:59.742+0000] {dagbag.py:536} INFO - Filling up the DagBag from /home/airflow/.local/lib/python3.8/site-packages/airflow/example_dags/example_python_operator.py
[2023-12-18T21:13:59.749+0000] {processor.py:839} INFO - DAG(s) dict_keys(['example_python_operator']) retrieved from /home/airflow/.local/lib/python3.8/site-packages/airflow/example_dags/example_python_operator.py
[2023-12-18T21:13:59.767+0000] {logging_mixin.py:154} INFO - [2023-12-18T21:13:59.767+0000] {dag.py:2941} INFO - Sync 1 DAGs
[2023-12-18T21:13:59.779+0000] {logging_mixin.py:154} INFO - [2023-12-18T21:13:59.778+0000] {dag.py:3722} INFO - Setting next_dagrun for example_python_operator to None, run_after=None
[2023-12-18T21:13:59.793+0000] {processor.py:179} INFO - Processing /home/airflow/.local/lib/python3.8/site-packages/airflow/example_dags/example_python_operator.py took 0.056 seconds
[2023-12-18T21:14:30.125+0000] {processor.py:157} INFO - Started process (PID=1623) to work on /home/airflow/.local/lib/python3.8/site-packages/airflow/example_dags/example_python_operator.py
[2023-12-18T21:14:30.126+0000] {processor.py:829} INFO - Processing file /home/airflow/.local/lib/python3.8/site-packages/airflow/example_dags/example_python_operator.py for tasks to queue
[2023-12-18T21:14:30.127+0000] {logging_mixin.py:154} INFO - [2023-12-18T21:14:30.127+0000] {dagbag.py:536} INFO - Filling up the DagBag from /home/airflow/.local/lib/python3.8/site-packages/airflow/example_dags/example_python_operator.py
[2023-12-18T21:14:30.135+0000] {processor.py:839} INFO - DAG(s) dict_keys(['example_python_operator']) retrieved from /home/airflow/.local/lib/python3.8/site-packages/airflow/example_dags/example_python_operator.py
[2023-12-18T21:14:30.153+0000] {logging_mixin.py:154} INFO - [2023-12-18T21:14:30.153+0000] {dag.py:2941} INFO - Sync 1 DAGs
[2023-12-18T21:14:30.163+0000] {logging_mixin.py:154} INFO - [2023-12-18T21:14:30.163+0000] {dag.py:3722} INFO - Setting next_dagrun for example_python_operator to None, run_after=None
[2023-12-18T21:14:30.178+0000] {processor.py:179} INFO - Processing /home/airflow/.local/lib/python3.8/site-packages/airflow/example_dags/example_python_operator.py took 0.056 seconds
[2023-12-18T21:15:00.571+0000] {processor.py:157} INFO - Started process (PID=1677) to work on /home/airflow/.local/lib/python3.8/site-packages/airflow/example_dags/example_python_operator.py
[2023-12-18T21:15:00.572+0000] {processor.py:829} INFO - Processing file /home/airflow/.local/lib/python3.8/site-packages/airflow/example_dags/example_python_operator.py for tasks to queue
[2023-12-18T21:15:00.574+0000] {logging_mixin.py:154} INFO - [2023-12-18T21:15:00.574+0000] {dagbag.py:536} INFO - Filling up the DagBag from /home/airflow/.local/lib/python3.8/site-packages/airflow/example_dags/example_python_operator.py
[2023-12-18T21:15:00.582+0000] {processor.py:839} INFO - DAG(s) dict_keys(['example_python_operator']) retrieved from /home/airflow/.local/lib/python3.8/site-packages/airflow/example_dags/example_python_operator.py
[2023-12-18T21:15:00.601+0000] {logging_mixin.py:154} INFO - [2023-12-18T21:15:00.601+0000] {dag.py:2941} INFO - Sync 1 DAGs
[2023-12-18T21:15:00.612+0000] {logging_mixin.py:154} INFO - [2023-12-18T21:15:00.612+0000] {dag.py:3722} INFO - Setting next_dagrun for example_python_operator to None, run_after=None
[2023-12-18T21:15:00.631+0000] {processor.py:179} INFO - Processing /home/airflow/.local/lib/python3.8/site-packages/airflow/example_dags/example_python_operator.py took 0.062 seconds
[2023-12-18T21:15:30.928+0000] {processor.py:157} INFO - Started process (PID=1731) to work on /home/airflow/.local/lib/python3.8/site-packages/airflow/example_dags/example_python_operator.py
[2023-12-18T21:15:30.929+0000] {processor.py:829} INFO - Processing file /home/airflow/.local/lib/python3.8/site-packages/airflow/example_dags/example_python_operator.py for tasks to queue
[2023-12-18T21:15:30.931+0000] {logging_mixin.py:154} INFO - [2023-12-18T21:15:30.930+0000] {dagbag.py:536} INFO - Filling up the DagBag from /home/airflow/.local/lib/python3.8/site-packages/airflow/example_dags/example_python_operator.py
[2023-12-18T21:15:30.938+0000] {processor.py:839} INFO - DAG(s) dict_keys(['example_python_operator']) retrieved from /home/airflow/.local/lib/python3.8/site-packages/airflow/example_dags/example_python_operator.py
[2023-12-18T21:15:30.956+0000] {logging_mixin.py:154} INFO - [2023-12-18T21:15:30.956+0000] {dag.py:2941} INFO - Sync 1 DAGs
[2023-12-18T21:15:30.966+0000] {logging_mixin.py:154} INFO - [2023-12-18T21:15:30.965+0000] {dag.py:3722} INFO - Setting next_dagrun for example_python_operator to None, run_after=None
[2023-12-18T21:15:30.979+0000] {processor.py:179} INFO - Processing /home/airflow/.local/lib/python3.8/site-packages/airflow/example_dags/example_python_operator.py took 0.053 seconds
[2023-12-18T21:16:01.355+0000] {processor.py:157} INFO - Started process (PID=1785) to work on /home/airflow/.local/lib/python3.8/site-packages/airflow/example_dags/example_python_operator.py
[2023-12-18T21:16:01.356+0000] {processor.py:829} INFO - Processing file /home/airflow/.local/lib/python3.8/site-packages/airflow/example_dags/example_python_operator.py for tasks to queue
[2023-12-18T21:16:01.357+0000] {logging_mixin.py:154} INFO - [2023-12-18T21:16:01.357+0000] {dagbag.py:536} INFO - Filling up the DagBag from /home/airflow/.local/lib/python3.8/site-packages/airflow/example_dags/example_python_operator.py
[2023-12-18T21:16:01.365+0000] {processor.py:839} INFO - DAG(s) dict_keys(['example_python_operator']) retrieved from /home/airflow/.local/lib/python3.8/site-packages/airflow/example_dags/example_python_operator.py
[2023-12-18T21:16:01.384+0000] {logging_mixin.py:154} INFO - [2023-12-18T21:16:01.383+0000] {dag.py:2941} INFO - Sync 1 DAGs
[2023-12-18T21:16:01.396+0000] {logging_mixin.py:154} INFO - [2023-12-18T21:16:01.395+0000] {dag.py:3722} INFO - Setting next_dagrun for example_python_operator to None, run_after=None
[2023-12-18T21:16:01.412+0000] {processor.py:179} INFO - Processing /home/airflow/.local/lib/python3.8/site-packages/airflow/example_dags/example_python_operator.py took 0.060 seconds
[2023-12-18T21:16:31.686+0000] {processor.py:157} INFO - Started process (PID=1839) to work on /home/airflow/.local/lib/python3.8/site-packages/airflow/example_dags/example_python_operator.py
[2023-12-18T21:16:31.687+0000] {processor.py:829} INFO - Processing file /home/airflow/.local/lib/python3.8/site-packages/airflow/example_dags/example_python_operator.py for tasks to queue
[2023-12-18T21:16:31.689+0000] {logging_mixin.py:154} INFO - [2023-12-18T21:16:31.689+0000] {dagbag.py:536} INFO - Filling up the DagBag from /home/airflow/.local/lib/python3.8/site-packages/airflow/example_dags/example_python_operator.py
[2023-12-18T21:16:31.696+0000] {processor.py:839} INFO - DAG(s) dict_keys(['example_python_operator']) retrieved from /home/airflow/.local/lib/python3.8/site-packages/airflow/example_dags/example_python_operator.py
[2023-12-18T21:16:31.715+0000] {logging_mixin.py:154} INFO - [2023-12-18T21:16:31.715+0000] {dag.py:2941} INFO - Sync 1 DAGs
[2023-12-18T21:16:31.725+0000] {logging_mixin.py:154} INFO - [2023-12-18T21:16:31.725+0000] {dag.py:3722} INFO - Setting next_dagrun for example_python_operator to None, run_after=None
[2023-12-18T21:16:31.739+0000] {processor.py:179} INFO - Processing /home/airflow/.local/lib/python3.8/site-packages/airflow/example_dags/example_python_operator.py took 0.055 seconds
[2023-12-18T21:17:02.389+0000] {processor.py:157} INFO - Started process (PID=1893) to work on /home/airflow/.local/lib/python3.8/site-packages/airflow/example_dags/example_python_operator.py
[2023-12-18T21:17:02.389+0000] {processor.py:829} INFO - Processing file /home/airflow/.local/lib/python3.8/site-packages/airflow/example_dags/example_python_operator.py for tasks to queue
[2023-12-18T21:17:02.391+0000] {logging_mixin.py:154} INFO - [2023-12-18T21:17:02.391+0000] {dagbag.py:536} INFO - Filling up the DagBag from /home/airflow/.local/lib/python3.8/site-packages/airflow/example_dags/example_python_operator.py
[2023-12-18T21:17:02.399+0000] {processor.py:839} INFO - DAG(s) dict_keys(['example_python_operator']) retrieved from /home/airflow/.local/lib/python3.8/site-packages/airflow/example_dags/example_python_operator.py
[2023-12-18T21:17:02.418+0000] {logging_mixin.py:154} INFO - [2023-12-18T21:17:02.417+0000] {dag.py:2941} INFO - Sync 1 DAGs
[2023-12-18T21:17:02.429+0000] {logging_mixin.py:154} INFO - [2023-12-18T21:17:02.429+0000] {dag.py:3722} INFO - Setting next_dagrun for example_python_operator to None, run_after=None
[2023-12-18T21:17:02.444+0000] {processor.py:179} INFO - Processing /home/airflow/.local/lib/python3.8/site-packages/airflow/example_dags/example_python_operator.py took 0.058 seconds
[2023-12-18T21:17:33.081+0000] {processor.py:157} INFO - Started process (PID=1947) to work on /home/airflow/.local/lib/python3.8/site-packages/airflow/example_dags/example_python_operator.py
[2023-12-18T21:17:33.081+0000] {processor.py:829} INFO - Processing file /home/airflow/.local/lib/python3.8/site-packages/airflow/example_dags/example_python_operator.py for tasks to queue
[2023-12-18T21:17:33.083+0000] {logging_mixin.py:154} INFO - [2023-12-18T21:17:33.083+0000] {dagbag.py:536} INFO - Filling up the DagBag from /home/airflow/.local/lib/python3.8/site-packages/airflow/example_dags/example_python_operator.py
[2023-12-18T21:17:33.091+0000] {processor.py:839} INFO - DAG(s) dict_keys(['example_python_operator']) retrieved from /home/airflow/.local/lib/python3.8/site-packages/airflow/example_dags/example_python_operator.py
[2023-12-18T21:17:33.111+0000] {logging_mixin.py:154} INFO - [2023-12-18T21:17:33.110+0000] {dag.py:2941} INFO - Sync 1 DAGs
[2023-12-18T21:17:33.122+0000] {logging_mixin.py:154} INFO - [2023-12-18T21:17:33.122+0000] {dag.py:3722} INFO - Setting next_dagrun for example_python_operator to None, run_after=None
[2023-12-18T21:17:33.140+0000] {processor.py:179} INFO - Processing /home/airflow/.local/lib/python3.8/site-packages/airflow/example_dags/example_python_operator.py took 0.062 seconds
[2023-12-18T21:18:03.349+0000] {processor.py:157} INFO - Started process (PID=2001) to work on /home/airflow/.local/lib/python3.8/site-packages/airflow/example_dags/example_python_operator.py
[2023-12-18T21:18:03.350+0000] {processor.py:829} INFO - Processing file /home/airflow/.local/lib/python3.8/site-packages/airflow/example_dags/example_python_operator.py for tasks to queue
[2023-12-18T21:18:03.352+0000] {logging_mixin.py:154} INFO - [2023-12-18T21:18:03.351+0000] {dagbag.py:536} INFO - Filling up the DagBag from /home/airflow/.local/lib/python3.8/site-packages/airflow/example_dags/example_python_operator.py
[2023-12-18T21:18:03.360+0000] {processor.py:839} INFO - DAG(s) dict_keys(['example_python_operator']) retrieved from /home/airflow/.local/lib/python3.8/site-packages/airflow/example_dags/example_python_operator.py
[2023-12-18T21:18:03.380+0000] {logging_mixin.py:154} INFO - [2023-12-18T21:18:03.380+0000] {dag.py:2941} INFO - Sync 1 DAGs
[2023-12-18T21:18:03.393+0000] {logging_mixin.py:154} INFO - [2023-12-18T21:18:03.392+0000] {dag.py:3722} INFO - Setting next_dagrun for example_python_operator to None, run_after=None
[2023-12-18T21:18:03.409+0000] {processor.py:179} INFO - Processing /home/airflow/.local/lib/python3.8/site-packages/airflow/example_dags/example_python_operator.py took 0.063 seconds
[2023-12-18T21:18:33.610+0000] {processor.py:157} INFO - Started process (PID=2055) to work on /home/airflow/.local/lib/python3.8/site-packages/airflow/example_dags/example_python_operator.py
[2023-12-18T21:18:33.611+0000] {processor.py:829} INFO - Processing file /home/airflow/.local/lib/python3.8/site-packages/airflow/example_dags/example_python_operator.py for tasks to queue
[2023-12-18T21:18:33.612+0000] {logging_mixin.py:154} INFO - [2023-12-18T21:18:33.612+0000] {dagbag.py:536} INFO - Filling up the DagBag from /home/airflow/.local/lib/python3.8/site-packages/airflow/example_dags/example_python_operator.py
[2023-12-18T21:18:33.620+0000] {processor.py:839} INFO - DAG(s) dict_keys(['example_python_operator']) retrieved from /home/airflow/.local/lib/python3.8/site-packages/airflow/example_dags/example_python_operator.py
[2023-12-18T21:18:33.639+0000] {logging_mixin.py:154} INFO - [2023-12-18T21:18:33.639+0000] {dag.py:2941} INFO - Sync 1 DAGs
[2023-12-18T21:18:33.651+0000] {logging_mixin.py:154} INFO - [2023-12-18T21:18:33.650+0000] {dag.py:3722} INFO - Setting next_dagrun for example_python_operator to None, run_after=None
[2023-12-18T21:18:33.667+0000] {processor.py:179} INFO - Processing /home/airflow/.local/lib/python3.8/site-packages/airflow/example_dags/example_python_operator.py took 0.060 seconds
[2023-12-18T21:19:04.318+0000] {processor.py:157} INFO - Started process (PID=2109) to work on /home/airflow/.local/lib/python3.8/site-packages/airflow/example_dags/example_python_operator.py
[2023-12-18T21:19:04.319+0000] {processor.py:829} INFO - Processing file /home/airflow/.local/lib/python3.8/site-packages/airflow/example_dags/example_python_operator.py for tasks to queue
[2023-12-18T21:19:04.320+0000] {logging_mixin.py:154} INFO - [2023-12-18T21:19:04.320+0000] {dagbag.py:536} INFO - Filling up the DagBag from /home/airflow/.local/lib/python3.8/site-packages/airflow/example_dags/example_python_operator.py
[2023-12-18T21:19:04.328+0000] {processor.py:839} INFO - DAG(s) dict_keys(['example_python_operator']) retrieved from /home/airflow/.local/lib/python3.8/site-packages/airflow/example_dags/example_python_operator.py
[2023-12-18T21:19:04.347+0000] {logging_mixin.py:154} INFO - [2023-12-18T21:19:04.347+0000] {dag.py:2941} INFO - Sync 1 DAGs
[2023-12-18T21:19:04.358+0000] {logging_mixin.py:154} INFO - [2023-12-18T21:19:04.358+0000] {dag.py:3722} INFO - Setting next_dagrun for example_python_operator to None, run_after=None
[2023-12-18T21:19:04.536+0000] {processor.py:179} INFO - Processing /home/airflow/.local/lib/python3.8/site-packages/airflow/example_dags/example_python_operator.py took 0.221 seconds
[2023-12-18T21:19:35.487+0000] {processor.py:157} INFO - Started process (PID=2163) to work on /home/airflow/.local/lib/python3.8/site-packages/airflow/example_dags/example_python_operator.py
[2023-12-18T21:19:35.488+0000] {processor.py:829} INFO - Processing file /home/airflow/.local/lib/python3.8/site-packages/airflow/example_dags/example_python_operator.py for tasks to queue
[2023-12-18T21:19:35.489+0000] {logging_mixin.py:154} INFO - [2023-12-18T21:19:35.489+0000] {dagbag.py:536} INFO - Filling up the DagBag from /home/airflow/.local/lib/python3.8/site-packages/airflow/example_dags/example_python_operator.py
[2023-12-18T21:19:35.496+0000] {processor.py:839} INFO - DAG(s) dict_keys(['example_python_operator']) retrieved from /home/airflow/.local/lib/python3.8/site-packages/airflow/example_dags/example_python_operator.py
[2023-12-18T21:19:35.515+0000] {logging_mixin.py:154} INFO - [2023-12-18T21:19:35.515+0000] {dag.py:2941} INFO - Sync 1 DAGs
[2023-12-18T21:19:35.526+0000] {logging_mixin.py:154} INFO - [2023-12-18T21:19:35.526+0000] {dag.py:3722} INFO - Setting next_dagrun for example_python_operator to None, run_after=None
[2023-12-18T21:19:35.546+0000] {processor.py:179} INFO - Processing /home/airflow/.local/lib/python3.8/site-packages/airflow/example_dags/example_python_operator.py took 0.061 seconds
[2023-12-18T21:20:05.855+0000] {processor.py:157} INFO - Started process (PID=2217) to work on /home/airflow/.local/lib/python3.8/site-packages/airflow/example_dags/example_python_operator.py
[2023-12-18T21:20:05.856+0000] {processor.py:829} INFO - Processing file /home/airflow/.local/lib/python3.8/site-packages/airflow/example_dags/example_python_operator.py for tasks to queue
[2023-12-18T21:20:05.857+0000] {logging_mixin.py:154} INFO - [2023-12-18T21:20:05.857+0000] {dagbag.py:536} INFO - Filling up the DagBag from /home/airflow/.local/lib/python3.8/site-packages/airflow/example_dags/example_python_operator.py
[2023-12-18T21:20:05.865+0000] {processor.py:839} INFO - DAG(s) dict_keys(['example_python_operator']) retrieved from /home/airflow/.local/lib/python3.8/site-packages/airflow/example_dags/example_python_operator.py
[2023-12-18T21:20:05.882+0000] {logging_mixin.py:154} INFO - [2023-12-18T21:20:05.882+0000] {dag.py:2941} INFO - Sync 1 DAGs
[2023-12-18T21:20:05.891+0000] {logging_mixin.py:154} INFO - [2023-12-18T21:20:05.891+0000] {dag.py:3722} INFO - Setting next_dagrun for example_python_operator to None, run_after=None
[2023-12-18T21:20:05.905+0000] {processor.py:179} INFO - Processing /home/airflow/.local/lib/python3.8/site-packages/airflow/example_dags/example_python_operator.py took 0.052 seconds
[2023-12-18T21:20:36.724+0000] {processor.py:157} INFO - Started process (PID=2271) to work on /home/airflow/.local/lib/python3.8/site-packages/airflow/example_dags/example_python_operator.py
[2023-12-18T21:20:36.725+0000] {processor.py:829} INFO - Processing file /home/airflow/.local/lib/python3.8/site-packages/airflow/example_dags/example_python_operator.py for tasks to queue
[2023-12-18T21:20:36.727+0000] {logging_mixin.py:154} INFO - [2023-12-18T21:20:36.726+0000] {dagbag.py:536} INFO - Filling up the DagBag from /home/airflow/.local/lib/python3.8/site-packages/airflow/example_dags/example_python_operator.py
[2023-12-18T21:20:36.735+0000] {processor.py:839} INFO - DAG(s) dict_keys(['example_python_operator']) retrieved from /home/airflow/.local/lib/python3.8/site-packages/airflow/example_dags/example_python_operator.py
[2023-12-18T21:20:36.903+0000] {logging_mixin.py:154} INFO - [2023-12-18T21:20:36.902+0000] {dag.py:2941} INFO - Sync 1 DAGs
[2023-12-18T21:20:36.914+0000] {logging_mixin.py:154} INFO - [2023-12-18T21:20:36.914+0000] {dag.py:3722} INFO - Setting next_dagrun for example_python_operator to None, run_after=None
[2023-12-18T21:20:36.932+0000] {processor.py:179} INFO - Processing /home/airflow/.local/lib/python3.8/site-packages/airflow/example_dags/example_python_operator.py took 0.211 seconds
[2023-12-18T21:21:07.168+0000] {processor.py:157} INFO - Started process (PID=2325) to work on /home/airflow/.local/lib/python3.8/site-packages/airflow/example_dags/example_python_operator.py
[2023-12-18T21:21:07.168+0000] {processor.py:829} INFO - Processing file /home/airflow/.local/lib/python3.8/site-packages/airflow/example_dags/example_python_operator.py for tasks to queue
[2023-12-18T21:21:07.170+0000] {logging_mixin.py:154} INFO - [2023-12-18T21:21:07.170+0000] {dagbag.py:536} INFO - Filling up the DagBag from /home/airflow/.local/lib/python3.8/site-packages/airflow/example_dags/example_python_operator.py
[2023-12-18T21:21:07.177+0000] {processor.py:839} INFO - DAG(s) dict_keys(['example_python_operator']) retrieved from /home/airflow/.local/lib/python3.8/site-packages/airflow/example_dags/example_python_operator.py
[2023-12-18T21:21:07.196+0000] {logging_mixin.py:154} INFO - [2023-12-18T21:21:07.196+0000] {dag.py:2941} INFO - Sync 1 DAGs
[2023-12-18T21:21:07.206+0000] {logging_mixin.py:154} INFO - [2023-12-18T21:21:07.206+0000] {dag.py:3722} INFO - Setting next_dagrun for example_python_operator to None, run_after=None
[2023-12-18T21:21:07.377+0000] {processor.py:179} INFO - Processing /home/airflow/.local/lib/python3.8/site-packages/airflow/example_dags/example_python_operator.py took 0.212 seconds
[2023-12-18T21:21:38.335+0000] {processor.py:157} INFO - Started process (PID=2379) to work on /home/airflow/.local/lib/python3.8/site-packages/airflow/example_dags/example_python_operator.py
[2023-12-18T21:21:38.336+0000] {processor.py:829} INFO - Processing file /home/airflow/.local/lib/python3.8/site-packages/airflow/example_dags/example_python_operator.py for tasks to queue
[2023-12-18T21:21:38.338+0000] {logging_mixin.py:154} INFO - [2023-12-18T21:21:38.337+0000] {dagbag.py:536} INFO - Filling up the DagBag from /home/airflow/.local/lib/python3.8/site-packages/airflow/example_dags/example_python_operator.py
[2023-12-18T21:21:38.346+0000] {processor.py:839} INFO - DAG(s) dict_keys(['example_python_operator']) retrieved from /home/airflow/.local/lib/python3.8/site-packages/airflow/example_dags/example_python_operator.py
[2023-12-18T21:21:38.367+0000] {logging_mixin.py:154} INFO - [2023-12-18T21:21:38.367+0000] {dag.py:2941} INFO - Sync 1 DAGs
[2023-12-18T21:21:38.379+0000] {logging_mixin.py:154} INFO - [2023-12-18T21:21:38.379+0000] {dag.py:3722} INFO - Setting next_dagrun for example_python_operator to None, run_after=None
[2023-12-18T21:21:38.400+0000] {processor.py:179} INFO - Processing /home/airflow/.local/lib/python3.8/site-packages/airflow/example_dags/example_python_operator.py took 0.067 seconds
[2023-12-18T21:22:09.198+0000] {processor.py:157} INFO - Started process (PID=2433) to work on /home/airflow/.local/lib/python3.8/site-packages/airflow/example_dags/example_python_operator.py
[2023-12-18T21:22:09.198+0000] {processor.py:829} INFO - Processing file /home/airflow/.local/lib/python3.8/site-packages/airflow/example_dags/example_python_operator.py for tasks to queue
[2023-12-18T21:22:09.200+0000] {logging_mixin.py:154} INFO - [2023-12-18T21:22:09.200+0000] {dagbag.py:536} INFO - Filling up the DagBag from /home/airflow/.local/lib/python3.8/site-packages/airflow/example_dags/example_python_operator.py
[2023-12-18T21:22:09.208+0000] {processor.py:839} INFO - DAG(s) dict_keys(['example_python_operator']) retrieved from /home/airflow/.local/lib/python3.8/site-packages/airflow/example_dags/example_python_operator.py
[2023-12-18T21:22:09.243+0000] {logging_mixin.py:154} INFO - [2023-12-18T21:22:09.242+0000] {dag.py:2941} INFO - Sync 1 DAGs
[2023-12-18T21:22:09.258+0000] {logging_mixin.py:154} INFO - [2023-12-18T21:22:09.258+0000] {dag.py:3722} INFO - Setting next_dagrun for example_python_operator to None, run_after=None
[2023-12-18T21:22:09.274+0000] {processor.py:179} INFO - Processing /home/airflow/.local/lib/python3.8/site-packages/airflow/example_dags/example_python_operator.py took 0.079 seconds
[2023-12-18T21:22:39.874+0000] {processor.py:157} INFO - Started process (PID=2487) to work on /home/airflow/.local/lib/python3.8/site-packages/airflow/example_dags/example_python_operator.py
[2023-12-18T21:22:39.875+0000] {processor.py:829} INFO - Processing file /home/airflow/.local/lib/python3.8/site-packages/airflow/example_dags/example_python_operator.py for tasks to queue
[2023-12-18T21:22:39.877+0000] {logging_mixin.py:154} INFO - [2023-12-18T21:22:39.876+0000] {dagbag.py:536} INFO - Filling up the DagBag from /home/airflow/.local/lib/python3.8/site-packages/airflow/example_dags/example_python_operator.py
[2023-12-18T21:22:39.885+0000] {processor.py:839} INFO - DAG(s) dict_keys(['example_python_operator']) retrieved from /home/airflow/.local/lib/python3.8/site-packages/airflow/example_dags/example_python_operator.py
[2023-12-18T21:22:39.906+0000] {logging_mixin.py:154} INFO - [2023-12-18T21:22:39.905+0000] {dag.py:2941} INFO - Sync 1 DAGs
[2023-12-18T21:22:39.918+0000] {logging_mixin.py:154} INFO - [2023-12-18T21:22:39.918+0000] {dag.py:3722} INFO - Setting next_dagrun for example_python_operator to None, run_after=None
[2023-12-18T21:22:39.936+0000] {processor.py:179} INFO - Processing /home/airflow/.local/lib/python3.8/site-packages/airflow/example_dags/example_python_operator.py took 0.065 seconds
[2023-12-18T21:23:10.212+0000] {processor.py:157} INFO - Started process (PID=2541) to work on /home/airflow/.local/lib/python3.8/site-packages/airflow/example_dags/example_python_operator.py
[2023-12-18T21:23:10.213+0000] {processor.py:829} INFO - Processing file /home/airflow/.local/lib/python3.8/site-packages/airflow/example_dags/example_python_operator.py for tasks to queue
[2023-12-18T21:23:10.214+0000] {logging_mixin.py:154} INFO - [2023-12-18T21:23:10.214+0000] {dagbag.py:536} INFO - Filling up the DagBag from /home/airflow/.local/lib/python3.8/site-packages/airflow/example_dags/example_python_operator.py
[2023-12-18T21:23:10.221+0000] {processor.py:839} INFO - DAG(s) dict_keys(['example_python_operator']) retrieved from /home/airflow/.local/lib/python3.8/site-packages/airflow/example_dags/example_python_operator.py
[2023-12-18T21:23:10.239+0000] {logging_mixin.py:154} INFO - [2023-12-18T21:23:10.239+0000] {dag.py:2941} INFO - Sync 1 DAGs
[2023-12-18T21:23:10.251+0000] {logging_mixin.py:154} INFO - [2023-12-18T21:23:10.250+0000] {dag.py:3722} INFO - Setting next_dagrun for example_python_operator to None, run_after=None
[2023-12-18T21:23:10.265+0000] {processor.py:179} INFO - Processing /home/airflow/.local/lib/python3.8/site-packages/airflow/example_dags/example_python_operator.py took 0.055 seconds
[2023-12-18T21:23:40.575+0000] {processor.py:157} INFO - Started process (PID=2595) to work on /home/airflow/.local/lib/python3.8/site-packages/airflow/example_dags/example_python_operator.py
[2023-12-18T21:23:40.576+0000] {processor.py:829} INFO - Processing file /home/airflow/.local/lib/python3.8/site-packages/airflow/example_dags/example_python_operator.py for tasks to queue
[2023-12-18T21:23:40.578+0000] {logging_mixin.py:154} INFO - [2023-12-18T21:23:40.577+0000] {dagbag.py:536} INFO - Filling up the DagBag from /home/airflow/.local/lib/python3.8/site-packages/airflow/example_dags/example_python_operator.py
[2023-12-18T21:23:40.591+0000] {processor.py:839} INFO - DAG(s) dict_keys(['example_python_operator']) retrieved from /home/airflow/.local/lib/python3.8/site-packages/airflow/example_dags/example_python_operator.py
[2023-12-18T21:23:40.626+0000] {logging_mixin.py:154} INFO - [2023-12-18T21:23:40.626+0000] {dag.py:2941} INFO - Sync 1 DAGs
[2023-12-18T21:23:40.641+0000] {logging_mixin.py:154} INFO - [2023-12-18T21:23:40.640+0000] {dag.py:3722} INFO - Setting next_dagrun for example_python_operator to None, run_after=None
[2023-12-18T21:23:40.663+0000] {processor.py:179} INFO - Processing /home/airflow/.local/lib/python3.8/site-packages/airflow/example_dags/example_python_operator.py took 0.092 seconds
[2023-12-18T21:24:10.983+0000] {processor.py:157} INFO - Started process (PID=2649) to work on /home/airflow/.local/lib/python3.8/site-packages/airflow/example_dags/example_python_operator.py
[2023-12-18T21:24:10.984+0000] {processor.py:829} INFO - Processing file /home/airflow/.local/lib/python3.8/site-packages/airflow/example_dags/example_python_operator.py for tasks to queue
[2023-12-18T21:24:10.986+0000] {logging_mixin.py:154} INFO - [2023-12-18T21:24:10.985+0000] {dagbag.py:536} INFO - Filling up the DagBag from /home/airflow/.local/lib/python3.8/site-packages/airflow/example_dags/example_python_operator.py
[2023-12-18T21:24:10.994+0000] {processor.py:839} INFO - DAG(s) dict_keys(['example_python_operator']) retrieved from /home/airflow/.local/lib/python3.8/site-packages/airflow/example_dags/example_python_operator.py
[2023-12-18T21:24:11.016+0000] {logging_mixin.py:154} INFO - [2023-12-18T21:24:11.016+0000] {dag.py:2941} INFO - Sync 1 DAGs
[2023-12-18T21:24:11.029+0000] {logging_mixin.py:154} INFO - [2023-12-18T21:24:11.028+0000] {dag.py:3722} INFO - Setting next_dagrun for example_python_operator to None, run_after=None
[2023-12-18T21:24:11.048+0000] {processor.py:179} INFO - Processing /home/airflow/.local/lib/python3.8/site-packages/airflow/example_dags/example_python_operator.py took 0.068 seconds
[2023-12-18T21:24:41.163+0000] {processor.py:157} INFO - Started process (PID=2703) to work on /home/airflow/.local/lib/python3.8/site-packages/airflow/example_dags/example_python_operator.py
[2023-12-18T21:24:41.164+0000] {processor.py:829} INFO - Processing file /home/airflow/.local/lib/python3.8/site-packages/airflow/example_dags/example_python_operator.py for tasks to queue
[2023-12-18T21:24:41.166+0000] {logging_mixin.py:154} INFO - [2023-12-18T21:24:41.165+0000] {dagbag.py:536} INFO - Filling up the DagBag from /home/airflow/.local/lib/python3.8/site-packages/airflow/example_dags/example_python_operator.py
[2023-12-18T21:24:41.173+0000] {processor.py:839} INFO - DAG(s) dict_keys(['example_python_operator']) retrieved from /home/airflow/.local/lib/python3.8/site-packages/airflow/example_dags/example_python_operator.py
[2023-12-18T21:24:41.192+0000] {logging_mixin.py:154} INFO - [2023-12-18T21:24:41.192+0000] {dag.py:2941} INFO - Sync 1 DAGs
[2023-12-18T21:24:41.202+0000] {logging_mixin.py:154} INFO - [2023-12-18T21:24:41.202+0000] {dag.py:3722} INFO - Setting next_dagrun for example_python_operator to None, run_after=None
[2023-12-18T21:24:41.218+0000] {processor.py:179} INFO - Processing /home/airflow/.local/lib/python3.8/site-packages/airflow/example_dags/example_python_operator.py took 0.057 seconds
[2023-12-18T21:25:11.490+0000] {processor.py:157} INFO - Started process (PID=2757) to work on /home/airflow/.local/lib/python3.8/site-packages/airflow/example_dags/example_python_operator.py
[2023-12-18T21:25:11.492+0000] {processor.py:829} INFO - Processing file /home/airflow/.local/lib/python3.8/site-packages/airflow/example_dags/example_python_operator.py for tasks to queue
[2023-12-18T21:25:11.494+0000] {logging_mixin.py:154} INFO - [2023-12-18T21:25:11.494+0000] {dagbag.py:536} INFO - Filling up the DagBag from /home/airflow/.local/lib/python3.8/site-packages/airflow/example_dags/example_python_operator.py
[2023-12-18T21:25:11.503+0000] {processor.py:839} INFO - DAG(s) dict_keys(['example_python_operator']) retrieved from /home/airflow/.local/lib/python3.8/site-packages/airflow/example_dags/example_python_operator.py
[2023-12-18T21:25:11.524+0000] {logging_mixin.py:154} INFO - [2023-12-18T21:25:11.524+0000] {dag.py:2941} INFO - Sync 1 DAGs
[2023-12-18T21:25:11.537+0000] {logging_mixin.py:154} INFO - [2023-12-18T21:25:11.536+0000] {dag.py:3722} INFO - Setting next_dagrun for example_python_operator to None, run_after=None
[2023-12-18T21:25:11.558+0000] {processor.py:179} INFO - Processing /home/airflow/.local/lib/python3.8/site-packages/airflow/example_dags/example_python_operator.py took 0.071 seconds
[2023-12-18T21:25:41.680+0000] {processor.py:157} INFO - Started process (PID=2811) to work on /home/airflow/.local/lib/python3.8/site-packages/airflow/example_dags/example_python_operator.py
[2023-12-18T21:25:41.681+0000] {processor.py:829} INFO - Processing file /home/airflow/.local/lib/python3.8/site-packages/airflow/example_dags/example_python_operator.py for tasks to queue
[2023-12-18T21:25:41.683+0000] {logging_mixin.py:154} INFO - [2023-12-18T21:25:41.683+0000] {dagbag.py:536} INFO - Filling up the DagBag from /home/airflow/.local/lib/python3.8/site-packages/airflow/example_dags/example_python_operator.py
[2023-12-18T21:25:41.691+0000] {processor.py:839} INFO - DAG(s) dict_keys(['example_python_operator']) retrieved from /home/airflow/.local/lib/python3.8/site-packages/airflow/example_dags/example_python_operator.py
[2023-12-18T21:25:41.709+0000] {logging_mixin.py:154} INFO - [2023-12-18T21:25:41.709+0000] {dag.py:2941} INFO - Sync 1 DAGs
[2023-12-18T21:25:41.719+0000] {logging_mixin.py:154} INFO - [2023-12-18T21:25:41.718+0000] {dag.py:3722} INFO - Setting next_dagrun for example_python_operator to None, run_after=None
[2023-12-18T21:25:41.733+0000] {processor.py:179} INFO - Processing /home/airflow/.local/lib/python3.8/site-packages/airflow/example_dags/example_python_operator.py took 0.055 seconds
[2023-12-18T21:26:12.037+0000] {processor.py:157} INFO - Started process (PID=2872) to work on /home/airflow/.local/lib/python3.8/site-packages/airflow/example_dags/example_python_operator.py
[2023-12-18T21:26:12.038+0000] {processor.py:829} INFO - Processing file /home/airflow/.local/lib/python3.8/site-packages/airflow/example_dags/example_python_operator.py for tasks to queue
[2023-12-18T21:26:12.040+0000] {logging_mixin.py:154} INFO - [2023-12-18T21:26:12.040+0000] {dagbag.py:536} INFO - Filling up the DagBag from /home/airflow/.local/lib/python3.8/site-packages/airflow/example_dags/example_python_operator.py
[2023-12-18T21:26:12.049+0000] {processor.py:839} INFO - DAG(s) dict_keys(['example_python_operator']) retrieved from /home/airflow/.local/lib/python3.8/site-packages/airflow/example_dags/example_python_operator.py
[2023-12-18T21:26:12.071+0000] {logging_mixin.py:154} INFO - [2023-12-18T21:26:12.071+0000] {dag.py:2941} INFO - Sync 1 DAGs
[2023-12-18T21:26:12.083+0000] {logging_mixin.py:154} INFO - [2023-12-18T21:26:12.083+0000] {dag.py:3722} INFO - Setting next_dagrun for example_python_operator to None, run_after=None
[2023-12-18T21:26:12.098+0000] {processor.py:179} INFO - Processing /home/airflow/.local/lib/python3.8/site-packages/airflow/example_dags/example_python_operator.py took 0.064 seconds
[2023-12-18T21:26:42.222+0000] {processor.py:157} INFO - Started process (PID=2926) to work on /home/airflow/.local/lib/python3.8/site-packages/airflow/example_dags/example_python_operator.py
[2023-12-18T21:26:42.222+0000] {processor.py:829} INFO - Processing file /home/airflow/.local/lib/python3.8/site-packages/airflow/example_dags/example_python_operator.py for tasks to queue
[2023-12-18T21:26:42.224+0000] {logging_mixin.py:154} INFO - [2023-12-18T21:26:42.224+0000] {dagbag.py:536} INFO - Filling up the DagBag from /home/airflow/.local/lib/python3.8/site-packages/airflow/example_dags/example_python_operator.py
[2023-12-18T21:26:42.236+0000] {processor.py:839} INFO - DAG(s) dict_keys(['example_python_operator']) retrieved from /home/airflow/.local/lib/python3.8/site-packages/airflow/example_dags/example_python_operator.py
[2023-12-18T21:26:42.256+0000] {logging_mixin.py:154} INFO - [2023-12-18T21:26:42.256+0000] {dag.py:2941} INFO - Sync 1 DAGs
[2023-12-18T21:26:42.269+0000] {logging_mixin.py:154} INFO - [2023-12-18T21:26:42.268+0000] {dag.py:3722} INFO - Setting next_dagrun for example_python_operator to None, run_after=None
[2023-12-18T21:26:42.287+0000] {processor.py:179} INFO - Processing /home/airflow/.local/lib/python3.8/site-packages/airflow/example_dags/example_python_operator.py took 0.068 seconds
[2023-12-18T21:27:12.444+0000] {processor.py:157} INFO - Started process (PID=2980) to work on /home/airflow/.local/lib/python3.8/site-packages/airflow/example_dags/example_python_operator.py
[2023-12-18T21:27:12.445+0000] {processor.py:829} INFO - Processing file /home/airflow/.local/lib/python3.8/site-packages/airflow/example_dags/example_python_operator.py for tasks to queue
[2023-12-18T21:27:12.447+0000] {logging_mixin.py:154} INFO - [2023-12-18T21:27:12.446+0000] {dagbag.py:536} INFO - Filling up the DagBag from /home/airflow/.local/lib/python3.8/site-packages/airflow/example_dags/example_python_operator.py
[2023-12-18T21:27:12.454+0000] {processor.py:839} INFO - DAG(s) dict_keys(['example_python_operator']) retrieved from /home/airflow/.local/lib/python3.8/site-packages/airflow/example_dags/example_python_operator.py
[2023-12-18T21:27:12.473+0000] {logging_mixin.py:154} INFO - [2023-12-18T21:27:12.472+0000] {dag.py:2941} INFO - Sync 1 DAGs
[2023-12-18T21:27:12.483+0000] {logging_mixin.py:154} INFO - [2023-12-18T21:27:12.483+0000] {dag.py:3722} INFO - Setting next_dagrun for example_python_operator to None, run_after=None
[2023-12-18T21:27:12.499+0000] {processor.py:179} INFO - Processing /home/airflow/.local/lib/python3.8/site-packages/airflow/example_dags/example_python_operator.py took 0.057 seconds
[2023-12-18T21:27:42.638+0000] {processor.py:157} INFO - Started process (PID=3034) to work on /home/airflow/.local/lib/python3.8/site-packages/airflow/example_dags/example_python_operator.py
[2023-12-18T21:27:42.639+0000] {processor.py:829} INFO - Processing file /home/airflow/.local/lib/python3.8/site-packages/airflow/example_dags/example_python_operator.py for tasks to queue
[2023-12-18T21:27:42.640+0000] {logging_mixin.py:154} INFO - [2023-12-18T21:27:42.640+0000] {dagbag.py:536} INFO - Filling up the DagBag from /home/airflow/.local/lib/python3.8/site-packages/airflow/example_dags/example_python_operator.py
[2023-12-18T21:27:42.648+0000] {processor.py:839} INFO - DAG(s) dict_keys(['example_python_operator']) retrieved from /home/airflow/.local/lib/python3.8/site-packages/airflow/example_dags/example_python_operator.py
[2023-12-18T21:27:42.666+0000] {logging_mixin.py:154} INFO - [2023-12-18T21:27:42.666+0000] {dag.py:2941} INFO - Sync 1 DAGs
[2023-12-18T21:27:42.676+0000] {logging_mixin.py:154} INFO - [2023-12-18T21:27:42.676+0000] {dag.py:3722} INFO - Setting next_dagrun for example_python_operator to None, run_after=None
[2023-12-18T21:27:42.693+0000] {processor.py:179} INFO - Processing /home/airflow/.local/lib/python3.8/site-packages/airflow/example_dags/example_python_operator.py took 0.057 seconds
[2023-12-18T21:28:12.806+0000] {processor.py:157} INFO - Started process (PID=3088) to work on /home/airflow/.local/lib/python3.8/site-packages/airflow/example_dags/example_python_operator.py
[2023-12-18T21:28:12.806+0000] {processor.py:829} INFO - Processing file /home/airflow/.local/lib/python3.8/site-packages/airflow/example_dags/example_python_operator.py for tasks to queue
[2023-12-18T21:28:12.809+0000] {logging_mixin.py:154} INFO - [2023-12-18T21:28:12.808+0000] {dagbag.py:536} INFO - Filling up the DagBag from /home/airflow/.local/lib/python3.8/site-packages/airflow/example_dags/example_python_operator.py
[2023-12-18T21:28:12.820+0000] {processor.py:839} INFO - DAG(s) dict_keys(['example_python_operator']) retrieved from /home/airflow/.local/lib/python3.8/site-packages/airflow/example_dags/example_python_operator.py
[2023-12-18T21:28:12.843+0000] {logging_mixin.py:154} INFO - [2023-12-18T21:28:12.843+0000] {dag.py:2941} INFO - Sync 1 DAGs
[2023-12-18T21:28:12.855+0000] {logging_mixin.py:154} INFO - [2023-12-18T21:28:12.855+0000] {dag.py:3722} INFO - Setting next_dagrun for example_python_operator to None, run_after=None
[2023-12-18T21:28:12.877+0000] {processor.py:179} INFO - Processing /home/airflow/.local/lib/python3.8/site-packages/airflow/example_dags/example_python_operator.py took 0.074 seconds
[2023-12-18T21:28:43.140+0000] {processor.py:157} INFO - Started process (PID=3142) to work on /home/airflow/.local/lib/python3.8/site-packages/airflow/example_dags/example_python_operator.py
[2023-12-18T21:28:43.141+0000] {processor.py:829} INFO - Processing file /home/airflow/.local/lib/python3.8/site-packages/airflow/example_dags/example_python_operator.py for tasks to queue
[2023-12-18T21:28:43.143+0000] {logging_mixin.py:154} INFO - [2023-12-18T21:28:43.142+0000] {dagbag.py:536} INFO - Filling up the DagBag from /home/airflow/.local/lib/python3.8/site-packages/airflow/example_dags/example_python_operator.py
[2023-12-18T21:28:43.150+0000] {processor.py:839} INFO - DAG(s) dict_keys(['example_python_operator']) retrieved from /home/airflow/.local/lib/python3.8/site-packages/airflow/example_dags/example_python_operator.py
[2023-12-18T21:28:43.169+0000] {logging_mixin.py:154} INFO - [2023-12-18T21:28:43.169+0000] {dag.py:2941} INFO - Sync 1 DAGs
[2023-12-18T21:28:43.179+0000] {logging_mixin.py:154} INFO - [2023-12-18T21:28:43.179+0000] {dag.py:3722} INFO - Setting next_dagrun for example_python_operator to None, run_after=None
[2023-12-18T21:28:43.194+0000] {processor.py:179} INFO - Processing /home/airflow/.local/lib/python3.8/site-packages/airflow/example_dags/example_python_operator.py took 0.056 seconds
[2023-12-18T21:29:13.309+0000] {processor.py:157} INFO - Started process (PID=3196) to work on /home/airflow/.local/lib/python3.8/site-packages/airflow/example_dags/example_python_operator.py
[2023-12-18T21:29:13.310+0000] {processor.py:829} INFO - Processing file /home/airflow/.local/lib/python3.8/site-packages/airflow/example_dags/example_python_operator.py for tasks to queue
[2023-12-18T21:29:13.311+0000] {logging_mixin.py:154} INFO - [2023-12-18T21:29:13.311+0000] {dagbag.py:536} INFO - Filling up the DagBag from /home/airflow/.local/lib/python3.8/site-packages/airflow/example_dags/example_python_operator.py
[2023-12-18T21:29:13.319+0000] {processor.py:839} INFO - DAG(s) dict_keys(['example_python_operator']) retrieved from /home/airflow/.local/lib/python3.8/site-packages/airflow/example_dags/example_python_operator.py
[2023-12-18T21:29:13.338+0000] {logging_mixin.py:154} INFO - [2023-12-18T21:29:13.337+0000] {dag.py:2941} INFO - Sync 1 DAGs
[2023-12-18T21:29:13.348+0000] {logging_mixin.py:154} INFO - [2023-12-18T21:29:13.348+0000] {dag.py:3722} INFO - Setting next_dagrun for example_python_operator to None, run_after=None
[2023-12-18T21:29:13.364+0000] {processor.py:179} INFO - Processing /home/airflow/.local/lib/python3.8/site-packages/airflow/example_dags/example_python_operator.py took 0.058 seconds
[2023-12-18T21:29:44.410+0000] {processor.py:157} INFO - Started process (PID=3250) to work on /home/airflow/.local/lib/python3.8/site-packages/airflow/example_dags/example_python_operator.py
[2023-12-18T21:29:44.411+0000] {processor.py:829} INFO - Processing file /home/airflow/.local/lib/python3.8/site-packages/airflow/example_dags/example_python_operator.py for tasks to queue
[2023-12-18T21:29:44.413+0000] {logging_mixin.py:154} INFO - [2023-12-18T21:29:44.413+0000] {dagbag.py:536} INFO - Filling up the DagBag from /home/airflow/.local/lib/python3.8/site-packages/airflow/example_dags/example_python_operator.py
[2023-12-18T21:29:44.421+0000] {processor.py:839} INFO - DAG(s) dict_keys(['example_python_operator']) retrieved from /home/airflow/.local/lib/python3.8/site-packages/airflow/example_dags/example_python_operator.py
[2023-12-18T21:29:44.440+0000] {logging_mixin.py:154} INFO - [2023-12-18T21:29:44.440+0000] {dag.py:2941} INFO - Sync 1 DAGs
[2023-12-18T21:29:44.451+0000] {logging_mixin.py:154} INFO - [2023-12-18T21:29:44.451+0000] {dag.py:3722} INFO - Setting next_dagrun for example_python_operator to None, run_after=None
[2023-12-18T21:29:44.467+0000] {processor.py:179} INFO - Processing /home/airflow/.local/lib/python3.8/site-packages/airflow/example_dags/example_python_operator.py took 0.059 seconds
[2023-12-18T21:30:14.559+0000] {processor.py:157} INFO - Started process (PID=3305) to work on /home/airflow/.local/lib/python3.8/site-packages/airflow/example_dags/example_python_operator.py
[2023-12-18T21:30:14.560+0000] {processor.py:829} INFO - Processing file /home/airflow/.local/lib/python3.8/site-packages/airflow/example_dags/example_python_operator.py for tasks to queue
[2023-12-18T21:30:14.562+0000] {logging_mixin.py:154} INFO - [2023-12-18T21:30:14.561+0000] {dagbag.py:536} INFO - Filling up the DagBag from /home/airflow/.local/lib/python3.8/site-packages/airflow/example_dags/example_python_operator.py
[2023-12-18T21:30:14.569+0000] {processor.py:839} INFO - DAG(s) dict_keys(['example_python_operator']) retrieved from /home/airflow/.local/lib/python3.8/site-packages/airflow/example_dags/example_python_operator.py
[2023-12-18T21:30:14.588+0000] {logging_mixin.py:154} INFO - [2023-12-18T21:30:14.587+0000] {dag.py:2941} INFO - Sync 1 DAGs
[2023-12-18T21:30:14.598+0000] {logging_mixin.py:154} INFO - [2023-12-18T21:30:14.598+0000] {dag.py:3722} INFO - Setting next_dagrun for example_python_operator to None, run_after=None
[2023-12-18T21:30:14.614+0000] {processor.py:179} INFO - Processing /home/airflow/.local/lib/python3.8/site-packages/airflow/example_dags/example_python_operator.py took 0.058 seconds
[2023-12-18T21:30:44.814+0000] {processor.py:157} INFO - Started process (PID=3359) to work on /home/airflow/.local/lib/python3.8/site-packages/airflow/example_dags/example_python_operator.py
[2023-12-18T21:30:44.815+0000] {processor.py:829} INFO - Processing file /home/airflow/.local/lib/python3.8/site-packages/airflow/example_dags/example_python_operator.py for tasks to queue
[2023-12-18T21:30:44.817+0000] {logging_mixin.py:154} INFO - [2023-12-18T21:30:44.816+0000] {dagbag.py:536} INFO - Filling up the DagBag from /home/airflow/.local/lib/python3.8/site-packages/airflow/example_dags/example_python_operator.py
[2023-12-18T21:30:44.825+0000] {processor.py:839} INFO - DAG(s) dict_keys(['example_python_operator']) retrieved from /home/airflow/.local/lib/python3.8/site-packages/airflow/example_dags/example_python_operator.py
[2023-12-18T21:30:44.842+0000] {logging_mixin.py:154} INFO - [2023-12-18T21:30:44.842+0000] {dag.py:2941} INFO - Sync 1 DAGs
[2023-12-18T21:30:44.852+0000] {logging_mixin.py:154} INFO - [2023-12-18T21:30:44.852+0000] {dag.py:3722} INFO - Setting next_dagrun for example_python_operator to None, run_after=None
[2023-12-18T21:30:44.867+0000] {processor.py:179} INFO - Processing /home/airflow/.local/lib/python3.8/site-packages/airflow/example_dags/example_python_operator.py took 0.055 seconds
[2023-12-18T21:31:15.102+0000] {processor.py:157} INFO - Started process (PID=3413) to work on /home/airflow/.local/lib/python3.8/site-packages/airflow/example_dags/example_python_operator.py
[2023-12-18T21:31:15.103+0000] {processor.py:829} INFO - Processing file /home/airflow/.local/lib/python3.8/site-packages/airflow/example_dags/example_python_operator.py for tasks to queue
[2023-12-18T21:31:15.104+0000] {logging_mixin.py:154} INFO - [2023-12-18T21:31:15.104+0000] {dagbag.py:536} INFO - Filling up the DagBag from /home/airflow/.local/lib/python3.8/site-packages/airflow/example_dags/example_python_operator.py
[2023-12-18T21:31:15.113+0000] {processor.py:839} INFO - DAG(s) dict_keys(['example_python_operator']) retrieved from /home/airflow/.local/lib/python3.8/site-packages/airflow/example_dags/example_python_operator.py
[2023-12-18T21:31:15.133+0000] {logging_mixin.py:154} INFO - [2023-12-18T21:31:15.132+0000] {dag.py:2941} INFO - Sync 1 DAGs
[2023-12-18T21:31:15.144+0000] {logging_mixin.py:154} INFO - [2023-12-18T21:31:15.144+0000] {dag.py:3722} INFO - Setting next_dagrun for example_python_operator to None, run_after=None
[2023-12-18T21:31:15.160+0000] {processor.py:179} INFO - Processing /home/airflow/.local/lib/python3.8/site-packages/airflow/example_dags/example_python_operator.py took 0.061 seconds
[2023-12-18T21:31:45.422+0000] {processor.py:157} INFO - Started process (PID=3467) to work on /home/airflow/.local/lib/python3.8/site-packages/airflow/example_dags/example_python_operator.py
[2023-12-18T21:31:45.424+0000] {processor.py:829} INFO - Processing file /home/airflow/.local/lib/python3.8/site-packages/airflow/example_dags/example_python_operator.py for tasks to queue
[2023-12-18T21:31:45.426+0000] {logging_mixin.py:154} INFO - [2023-12-18T21:31:45.425+0000] {dagbag.py:536} INFO - Filling up the DagBag from /home/airflow/.local/lib/python3.8/site-packages/airflow/example_dags/example_python_operator.py
[2023-12-18T21:31:45.434+0000] {processor.py:839} INFO - DAG(s) dict_keys(['example_python_operator']) retrieved from /home/airflow/.local/lib/python3.8/site-packages/airflow/example_dags/example_python_operator.py
[2023-12-18T21:31:45.453+0000] {logging_mixin.py:154} INFO - [2023-12-18T21:31:45.452+0000] {dag.py:2941} INFO - Sync 1 DAGs
[2023-12-18T21:31:45.463+0000] {logging_mixin.py:154} INFO - [2023-12-18T21:31:45.463+0000] {dag.py:3722} INFO - Setting next_dagrun for example_python_operator to None, run_after=None
[2023-12-18T21:31:45.478+0000] {processor.py:179} INFO - Processing /home/airflow/.local/lib/python3.8/site-packages/airflow/example_dags/example_python_operator.py took 0.058 seconds
[2023-12-18T21:32:15.647+0000] {processor.py:157} INFO - Started process (PID=3521) to work on /home/airflow/.local/lib/python3.8/site-packages/airflow/example_dags/example_python_operator.py
[2023-12-18T21:32:15.648+0000] {processor.py:829} INFO - Processing file /home/airflow/.local/lib/python3.8/site-packages/airflow/example_dags/example_python_operator.py for tasks to queue
[2023-12-18T21:32:15.649+0000] {logging_mixin.py:154} INFO - [2023-12-18T21:32:15.649+0000] {dagbag.py:536} INFO - Filling up the DagBag from /home/airflow/.local/lib/python3.8/site-packages/airflow/example_dags/example_python_operator.py
[2023-12-18T21:32:15.657+0000] {processor.py:839} INFO - DAG(s) dict_keys(['example_python_operator']) retrieved from /home/airflow/.local/lib/python3.8/site-packages/airflow/example_dags/example_python_operator.py
[2023-12-18T21:32:15.683+0000] {logging_mixin.py:154} INFO - [2023-12-18T21:32:15.683+0000] {dag.py:2941} INFO - Sync 1 DAGs
[2023-12-18T21:32:15.695+0000] {logging_mixin.py:154} INFO - [2023-12-18T21:32:15.694+0000] {dag.py:3722} INFO - Setting next_dagrun for example_python_operator to None, run_after=None
[2023-12-18T21:32:15.709+0000] {processor.py:179} INFO - Processing /home/airflow/.local/lib/python3.8/site-packages/airflow/example_dags/example_python_operator.py took 0.065 seconds
[2023-12-18T21:32:45.778+0000] {processor.py:157} INFO - Started process (PID=3575) to work on /home/airflow/.local/lib/python3.8/site-packages/airflow/example_dags/example_python_operator.py
[2023-12-18T21:32:45.779+0000] {processor.py:829} INFO - Processing file /home/airflow/.local/lib/python3.8/site-packages/airflow/example_dags/example_python_operator.py for tasks to queue
[2023-12-18T21:32:45.780+0000] {logging_mixin.py:154} INFO - [2023-12-18T21:32:45.780+0000] {dagbag.py:536} INFO - Filling up the DagBag from /home/airflow/.local/lib/python3.8/site-packages/airflow/example_dags/example_python_operator.py
[2023-12-18T21:32:45.788+0000] {processor.py:839} INFO - DAG(s) dict_keys(['example_python_operator']) retrieved from /home/airflow/.local/lib/python3.8/site-packages/airflow/example_dags/example_python_operator.py
[2023-12-18T21:32:45.807+0000] {logging_mixin.py:154} INFO - [2023-12-18T21:32:45.807+0000] {dag.py:2941} INFO - Sync 1 DAGs
[2023-12-18T21:32:45.818+0000] {logging_mixin.py:154} INFO - [2023-12-18T21:32:45.817+0000] {dag.py:3722} INFO - Setting next_dagrun for example_python_operator to None, run_after=None
[2023-12-18T21:32:45.833+0000] {processor.py:179} INFO - Processing /home/airflow/.local/lib/python3.8/site-packages/airflow/example_dags/example_python_operator.py took 0.057 seconds
[2023-12-18T21:33:16.037+0000] {processor.py:157} INFO - Started process (PID=3629) to work on /home/airflow/.local/lib/python3.8/site-packages/airflow/example_dags/example_python_operator.py
[2023-12-18T21:33:16.038+0000] {processor.py:829} INFO - Processing file /home/airflow/.local/lib/python3.8/site-packages/airflow/example_dags/example_python_operator.py for tasks to queue
[2023-12-18T21:33:16.040+0000] {logging_mixin.py:154} INFO - [2023-12-18T21:33:16.040+0000] {dagbag.py:536} INFO - Filling up the DagBag from /home/airflow/.local/lib/python3.8/site-packages/airflow/example_dags/example_python_operator.py
[2023-12-18T21:33:16.049+0000] {processor.py:839} INFO - DAG(s) dict_keys(['example_python_operator']) retrieved from /home/airflow/.local/lib/python3.8/site-packages/airflow/example_dags/example_python_operator.py
[2023-12-18T21:33:16.072+0000] {logging_mixin.py:154} INFO - [2023-12-18T21:33:16.071+0000] {dag.py:2941} INFO - Sync 1 DAGs
[2023-12-18T21:33:16.084+0000] {logging_mixin.py:154} INFO - [2023-12-18T21:33:16.083+0000] {dag.py:3722} INFO - Setting next_dagrun for example_python_operator to None, run_after=None
[2023-12-18T21:33:16.100+0000] {processor.py:179} INFO - Processing /home/airflow/.local/lib/python3.8/site-packages/airflow/example_dags/example_python_operator.py took 0.066 seconds
[2023-12-18T21:33:46.169+0000] {processor.py:157} INFO - Started process (PID=3683) to work on /home/airflow/.local/lib/python3.8/site-packages/airflow/example_dags/example_python_operator.py
[2023-12-18T21:33:46.170+0000] {processor.py:829} INFO - Processing file /home/airflow/.local/lib/python3.8/site-packages/airflow/example_dags/example_python_operator.py for tasks to queue
[2023-12-18T21:33:46.171+0000] {logging_mixin.py:154} INFO - [2023-12-18T21:33:46.171+0000] {dagbag.py:536} INFO - Filling up the DagBag from /home/airflow/.local/lib/python3.8/site-packages/airflow/example_dags/example_python_operator.py
[2023-12-18T21:33:46.179+0000] {processor.py:839} INFO - DAG(s) dict_keys(['example_python_operator']) retrieved from /home/airflow/.local/lib/python3.8/site-packages/airflow/example_dags/example_python_operator.py
[2023-12-18T21:33:46.198+0000] {logging_mixin.py:154} INFO - [2023-12-18T21:33:46.198+0000] {dag.py:2941} INFO - Sync 1 DAGs
[2023-12-18T21:33:46.208+0000] {logging_mixin.py:154} INFO - [2023-12-18T21:33:46.208+0000] {dag.py:3722} INFO - Setting next_dagrun for example_python_operator to None, run_after=None
[2023-12-18T21:33:46.226+0000] {processor.py:179} INFO - Processing /home/airflow/.local/lib/python3.8/site-packages/airflow/example_dags/example_python_operator.py took 0.059 seconds
[2023-12-18T21:34:16.385+0000] {processor.py:157} INFO - Started process (PID=3737) to work on /home/airflow/.local/lib/python3.8/site-packages/airflow/example_dags/example_python_operator.py
[2023-12-18T21:34:16.386+0000] {processor.py:829} INFO - Processing file /home/airflow/.local/lib/python3.8/site-packages/airflow/example_dags/example_python_operator.py for tasks to queue
[2023-12-18T21:34:16.388+0000] {logging_mixin.py:154} INFO - [2023-12-18T21:34:16.388+0000] {dagbag.py:536} INFO - Filling up the DagBag from /home/airflow/.local/lib/python3.8/site-packages/airflow/example_dags/example_python_operator.py
[2023-12-18T21:34:16.396+0000] {processor.py:839} INFO - DAG(s) dict_keys(['example_python_operator']) retrieved from /home/airflow/.local/lib/python3.8/site-packages/airflow/example_dags/example_python_operator.py
[2023-12-18T21:34:16.420+0000] {logging_mixin.py:154} INFO - [2023-12-18T21:34:16.419+0000] {dag.py:2941} INFO - Sync 1 DAGs
[2023-12-18T21:34:16.433+0000] {logging_mixin.py:154} INFO - [2023-12-18T21:34:16.433+0000] {dag.py:3722} INFO - Setting next_dagrun for example_python_operator to None, run_after=None
[2023-12-18T21:34:16.450+0000] {processor.py:179} INFO - Processing /home/airflow/.local/lib/python3.8/site-packages/airflow/example_dags/example_python_operator.py took 0.068 seconds
[2023-12-18T21:34:46.528+0000] {processor.py:157} INFO - Started process (PID=3791) to work on /home/airflow/.local/lib/python3.8/site-packages/airflow/example_dags/example_python_operator.py
[2023-12-18T21:34:46.529+0000] {processor.py:829} INFO - Processing file /home/airflow/.local/lib/python3.8/site-packages/airflow/example_dags/example_python_operator.py for tasks to queue
[2023-12-18T21:34:46.530+0000] {logging_mixin.py:154} INFO - [2023-12-18T21:34:46.530+0000] {dagbag.py:536} INFO - Filling up the DagBag from /home/airflow/.local/lib/python3.8/site-packages/airflow/example_dags/example_python_operator.py
[2023-12-18T21:34:46.538+0000] {processor.py:839} INFO - DAG(s) dict_keys(['example_python_operator']) retrieved from /home/airflow/.local/lib/python3.8/site-packages/airflow/example_dags/example_python_operator.py
[2023-12-18T21:34:46.556+0000] {logging_mixin.py:154} INFO - [2023-12-18T21:34:46.556+0000] {dag.py:2941} INFO - Sync 1 DAGs
[2023-12-18T21:34:46.567+0000] {logging_mixin.py:154} INFO - [2023-12-18T21:34:46.567+0000] {dag.py:3722} INFO - Setting next_dagrun for example_python_operator to None, run_after=None
[2023-12-18T21:34:46.584+0000] {processor.py:179} INFO - Processing /home/airflow/.local/lib/python3.8/site-packages/airflow/example_dags/example_python_operator.py took 0.058 seconds
[2023-12-18T21:35:16.899+0000] {processor.py:157} INFO - Started process (PID=3845) to work on /home/airflow/.local/lib/python3.8/site-packages/airflow/example_dags/example_python_operator.py
[2023-12-18T21:35:16.900+0000] {processor.py:829} INFO - Processing file /home/airflow/.local/lib/python3.8/site-packages/airflow/example_dags/example_python_operator.py for tasks to queue
[2023-12-18T21:35:16.902+0000] {logging_mixin.py:154} INFO - [2023-12-18T21:35:16.901+0000] {dagbag.py:536} INFO - Filling up the DagBag from /home/airflow/.local/lib/python3.8/site-packages/airflow/example_dags/example_python_operator.py
[2023-12-18T21:35:16.910+0000] {processor.py:839} INFO - DAG(s) dict_keys(['example_python_operator']) retrieved from /home/airflow/.local/lib/python3.8/site-packages/airflow/example_dags/example_python_operator.py
[2023-12-18T21:35:16.929+0000] {logging_mixin.py:154} INFO - [2023-12-18T21:35:16.929+0000] {dag.py:2941} INFO - Sync 1 DAGs
[2023-12-18T21:35:16.942+0000] {logging_mixin.py:154} INFO - [2023-12-18T21:35:16.941+0000] {dag.py:3722} INFO - Setting next_dagrun for example_python_operator to None, run_after=None
[2023-12-18T21:35:16.960+0000] {processor.py:179} INFO - Processing /home/airflow/.local/lib/python3.8/site-packages/airflow/example_dags/example_python_operator.py took 0.063 seconds
[2023-12-18T21:35:47.302+0000] {processor.py:157} INFO - Started process (PID=3899) to work on /home/airflow/.local/lib/python3.8/site-packages/airflow/example_dags/example_python_operator.py
[2023-12-18T21:35:47.303+0000] {processor.py:829} INFO - Processing file /home/airflow/.local/lib/python3.8/site-packages/airflow/example_dags/example_python_operator.py for tasks to queue
[2023-12-18T21:35:47.306+0000] {logging_mixin.py:154} INFO - [2023-12-18T21:35:47.306+0000] {dagbag.py:536} INFO - Filling up the DagBag from /home/airflow/.local/lib/python3.8/site-packages/airflow/example_dags/example_python_operator.py
[2023-12-18T21:35:47.319+0000] {processor.py:839} INFO - DAG(s) dict_keys(['example_python_operator']) retrieved from /home/airflow/.local/lib/python3.8/site-packages/airflow/example_dags/example_python_operator.py
[2023-12-18T21:35:47.345+0000] {logging_mixin.py:154} INFO - [2023-12-18T21:35:47.345+0000] {dag.py:2941} INFO - Sync 1 DAGs
[2023-12-18T21:35:47.358+0000] {logging_mixin.py:154} INFO - [2023-12-18T21:35:47.358+0000] {dag.py:3722} INFO - Setting next_dagrun for example_python_operator to None, run_after=None
[2023-12-18T21:35:47.376+0000] {processor.py:179} INFO - Processing /home/airflow/.local/lib/python3.8/site-packages/airflow/example_dags/example_python_operator.py took 0.077 seconds
