[2023-12-18T20:56:40.546+0000] {processor.py:157} INFO - Started process (PID=75) to work on /home/airflow/.local/lib/python3.8/site-packages/airflow/example_dags/example_bash_operator.py
[2023-12-18T20:56:40.547+0000] {processor.py:829} INFO - Processing file /home/airflow/.local/lib/python3.8/site-packages/airflow/example_dags/example_bash_operator.py for tasks to queue
[2023-12-18T20:56:40.550+0000] {logging_mixin.py:154} INFO - [2023-12-18T20:56:40.550+0000] {dagbag.py:536} INFO - Filling up the DagBag from /home/airflow/.local/lib/python3.8/site-packages/airflow/example_dags/example_bash_operator.py
[2023-12-18T20:56:40.579+0000] {processor.py:839} INFO - DAG(s) dict_keys(['example_bash_operator']) retrieved from /home/airflow/.local/lib/python3.8/site-packages/airflow/example_dags/example_bash_operator.py
[2023-12-18T20:56:40.636+0000] {logging_mixin.py:154} INFO - [2023-12-18T20:56:40.635+0000] {dag.py:2941} INFO - Sync 1 DAGs
[2023-12-18T20:56:40.681+0000] {logging_mixin.py:154} INFO - [2023-12-18T20:56:40.681+0000] {dag.py:3722} INFO - Setting next_dagrun for example_bash_operator to 2023-12-17T00:00:00+00:00, run_after=2023-12-18T00:00:00+00:00
[2023-12-18T20:56:40.716+0000] {processor.py:179} INFO - Processing /home/airflow/.local/lib/python3.8/site-packages/airflow/example_dags/example_bash_operator.py took 0.174 seconds
[2023-12-18T20:57:11.698+0000] {processor.py:157} INFO - Started process (PID=129) to work on /home/airflow/.local/lib/python3.8/site-packages/airflow/example_dags/example_bash_operator.py
[2023-12-18T20:57:11.699+0000] {processor.py:829} INFO - Processing file /home/airflow/.local/lib/python3.8/site-packages/airflow/example_dags/example_bash_operator.py for tasks to queue
[2023-12-18T20:57:11.703+0000] {logging_mixin.py:154} INFO - [2023-12-18T20:57:11.702+0000] {dagbag.py:536} INFO - Filling up the DagBag from /home/airflow/.local/lib/python3.8/site-packages/airflow/example_dags/example_bash_operator.py
[2023-12-18T20:57:11.724+0000] {processor.py:839} INFO - DAG(s) dict_keys(['example_bash_operator']) retrieved from /home/airflow/.local/lib/python3.8/site-packages/airflow/example_dags/example_bash_operator.py
[2023-12-18T20:57:11.778+0000] {logging_mixin.py:154} INFO - [2023-12-18T20:57:11.778+0000] {dag.py:2941} INFO - Sync 1 DAGs
[2023-12-18T20:57:11.828+0000] {logging_mixin.py:154} INFO - [2023-12-18T20:57:11.827+0000] {dag.py:3722} INFO - Setting next_dagrun for example_bash_operator to 2023-12-17T00:00:00+00:00, run_after=2023-12-18T00:00:00+00:00
[2023-12-18T20:57:11.864+0000] {processor.py:179} INFO - Processing /home/airflow/.local/lib/python3.8/site-packages/airflow/example_dags/example_bash_operator.py took 0.170 seconds
[2023-12-18T20:57:42.384+0000] {processor.py:157} INFO - Started process (PID=183) to work on /home/airflow/.local/lib/python3.8/site-packages/airflow/example_dags/example_bash_operator.py
[2023-12-18T20:57:42.386+0000] {processor.py:829} INFO - Processing file /home/airflow/.local/lib/python3.8/site-packages/airflow/example_dags/example_bash_operator.py for tasks to queue
[2023-12-18T20:57:42.390+0000] {logging_mixin.py:154} INFO - [2023-12-18T20:57:42.390+0000] {dagbag.py:536} INFO - Filling up the DagBag from /home/airflow/.local/lib/python3.8/site-packages/airflow/example_dags/example_bash_operator.py
[2023-12-18T20:57:42.411+0000] {processor.py:839} INFO - DAG(s) dict_keys(['example_bash_operator']) retrieved from /home/airflow/.local/lib/python3.8/site-packages/airflow/example_dags/example_bash_operator.py
[2023-12-18T20:57:42.469+0000] {logging_mixin.py:154} INFO - [2023-12-18T20:57:42.468+0000] {dag.py:2941} INFO - Sync 1 DAGs
[2023-12-18T20:57:42.516+0000] {logging_mixin.py:154} INFO - [2023-12-18T20:57:42.516+0000] {dag.py:3722} INFO - Setting next_dagrun for example_bash_operator to 2023-12-17T00:00:00+00:00, run_after=2023-12-18T00:00:00+00:00
[2023-12-18T20:57:42.550+0000] {processor.py:179} INFO - Processing /home/airflow/.local/lib/python3.8/site-packages/airflow/example_dags/example_bash_operator.py took 0.171 seconds
[2023-12-18T20:58:13.186+0000] {processor.py:157} INFO - Started process (PID=244) to work on /home/airflow/.local/lib/python3.8/site-packages/airflow/example_dags/example_bash_operator.py
[2023-12-18T20:58:13.187+0000] {processor.py:829} INFO - Processing file /home/airflow/.local/lib/python3.8/site-packages/airflow/example_dags/example_bash_operator.py for tasks to queue
[2023-12-18T20:58:13.190+0000] {logging_mixin.py:154} INFO - [2023-12-18T20:58:13.190+0000] {dagbag.py:536} INFO - Filling up the DagBag from /home/airflow/.local/lib/python3.8/site-packages/airflow/example_dags/example_bash_operator.py
[2023-12-18T20:58:13.209+0000] {processor.py:839} INFO - DAG(s) dict_keys(['example_bash_operator']) retrieved from /home/airflow/.local/lib/python3.8/site-packages/airflow/example_dags/example_bash_operator.py
[2023-12-18T20:58:13.275+0000] {logging_mixin.py:154} INFO - [2023-12-18T20:58:13.274+0000] {dag.py:2941} INFO - Sync 1 DAGs
[2023-12-18T20:58:13.329+0000] {logging_mixin.py:154} INFO - [2023-12-18T20:58:13.329+0000] {dag.py:3722} INFO - Setting next_dagrun for example_bash_operator to 2023-12-17T00:00:00+00:00, run_after=2023-12-18T00:00:00+00:00
[2023-12-18T20:58:13.367+0000] {processor.py:179} INFO - Processing /home/airflow/.local/lib/python3.8/site-packages/airflow/example_dags/example_bash_operator.py took 0.186 seconds
[2023-12-18T20:58:43.444+0000] {processor.py:157} INFO - Started process (PID=298) to work on /home/airflow/.local/lib/python3.8/site-packages/airflow/example_dags/example_bash_operator.py
[2023-12-18T20:58:43.445+0000] {processor.py:829} INFO - Processing file /home/airflow/.local/lib/python3.8/site-packages/airflow/example_dags/example_bash_operator.py for tasks to queue
[2023-12-18T20:58:43.449+0000] {logging_mixin.py:154} INFO - [2023-12-18T20:58:43.448+0000] {dagbag.py:536} INFO - Filling up the DagBag from /home/airflow/.local/lib/python3.8/site-packages/airflow/example_dags/example_bash_operator.py
[2023-12-18T20:58:43.470+0000] {processor.py:839} INFO - DAG(s) dict_keys(['example_bash_operator']) retrieved from /home/airflow/.local/lib/python3.8/site-packages/airflow/example_dags/example_bash_operator.py
[2023-12-18T20:58:43.531+0000] {logging_mixin.py:154} INFO - [2023-12-18T20:58:43.531+0000] {dag.py:2941} INFO - Sync 1 DAGs
[2023-12-18T20:58:43.579+0000] {logging_mixin.py:154} INFO - [2023-12-18T20:58:43.578+0000] {dag.py:3722} INFO - Setting next_dagrun for example_bash_operator to 2023-12-17T00:00:00+00:00, run_after=2023-12-18T00:00:00+00:00
[2023-12-18T20:58:43.614+0000] {processor.py:179} INFO - Processing /home/airflow/.local/lib/python3.8/site-packages/airflow/example_dags/example_bash_operator.py took 0.175 seconds
[2023-12-18T20:59:14.367+0000] {processor.py:157} INFO - Started process (PID=351) to work on /home/airflow/.local/lib/python3.8/site-packages/airflow/example_dags/example_bash_operator.py
[2023-12-18T20:59:14.368+0000] {processor.py:829} INFO - Processing file /home/airflow/.local/lib/python3.8/site-packages/airflow/example_dags/example_bash_operator.py for tasks to queue
[2023-12-18T20:59:14.372+0000] {logging_mixin.py:154} INFO - [2023-12-18T20:59:14.372+0000] {dagbag.py:536} INFO - Filling up the DagBag from /home/airflow/.local/lib/python3.8/site-packages/airflow/example_dags/example_bash_operator.py
[2023-12-18T20:59:14.393+0000] {processor.py:839} INFO - DAG(s) dict_keys(['example_bash_operator']) retrieved from /home/airflow/.local/lib/python3.8/site-packages/airflow/example_dags/example_bash_operator.py
[2023-12-18T20:59:14.458+0000] {logging_mixin.py:154} INFO - [2023-12-18T20:59:14.458+0000] {dag.py:2941} INFO - Sync 1 DAGs
[2023-12-18T20:59:14.503+0000] {logging_mixin.py:154} INFO - [2023-12-18T20:59:14.503+0000] {dag.py:3722} INFO - Setting next_dagrun for example_bash_operator to 2023-12-17T00:00:00+00:00, run_after=2023-12-18T00:00:00+00:00
[2023-12-18T20:59:14.539+0000] {processor.py:179} INFO - Processing /home/airflow/.local/lib/python3.8/site-packages/airflow/example_dags/example_bash_operator.py took 0.178 seconds
[2023-12-18T20:59:45.779+0000] {processor.py:157} INFO - Started process (PID=406) to work on /home/airflow/.local/lib/python3.8/site-packages/airflow/example_dags/example_bash_operator.py
[2023-12-18T20:59:45.782+0000] {processor.py:829} INFO - Processing file /home/airflow/.local/lib/python3.8/site-packages/airflow/example_dags/example_bash_operator.py for tasks to queue
[2023-12-18T20:59:45.786+0000] {logging_mixin.py:154} INFO - [2023-12-18T20:59:45.786+0000] {dagbag.py:536} INFO - Filling up the DagBag from /home/airflow/.local/lib/python3.8/site-packages/airflow/example_dags/example_bash_operator.py
[2023-12-18T20:59:45.816+0000] {processor.py:839} INFO - DAG(s) dict_keys(['example_bash_operator']) retrieved from /home/airflow/.local/lib/python3.8/site-packages/airflow/example_dags/example_bash_operator.py
[2023-12-18T20:59:45.884+0000] {logging_mixin.py:154} INFO - [2023-12-18T20:59:45.883+0000] {dag.py:2941} INFO - Sync 1 DAGs
[2023-12-18T20:59:45.942+0000] {logging_mixin.py:154} INFO - [2023-12-18T20:59:45.941+0000] {dag.py:3722} INFO - Setting next_dagrun for example_bash_operator to 2023-12-17T00:00:00+00:00, run_after=2023-12-18T00:00:00+00:00
[2023-12-18T20:59:45.995+0000] {processor.py:179} INFO - Processing /home/airflow/.local/lib/python3.8/site-packages/airflow/example_dags/example_bash_operator.py took 0.226 seconds
[2023-12-18T21:00:16.088+0000] {processor.py:157} INFO - Started process (PID=460) to work on /home/airflow/.local/lib/python3.8/site-packages/airflow/example_dags/example_bash_operator.py
[2023-12-18T21:00:16.089+0000] {processor.py:829} INFO - Processing file /home/airflow/.local/lib/python3.8/site-packages/airflow/example_dags/example_bash_operator.py for tasks to queue
[2023-12-18T21:00:16.093+0000] {logging_mixin.py:154} INFO - [2023-12-18T21:00:16.092+0000] {dagbag.py:536} INFO - Filling up the DagBag from /home/airflow/.local/lib/python3.8/site-packages/airflow/example_dags/example_bash_operator.py
[2023-12-18T21:00:16.111+0000] {processor.py:839} INFO - DAG(s) dict_keys(['example_bash_operator']) retrieved from /home/airflow/.local/lib/python3.8/site-packages/airflow/example_dags/example_bash_operator.py
[2023-12-18T21:00:16.170+0000] {logging_mixin.py:154} INFO - [2023-12-18T21:00:16.169+0000] {dag.py:2941} INFO - Sync 1 DAGs
[2023-12-18T21:00:16.215+0000] {logging_mixin.py:154} INFO - [2023-12-18T21:00:16.215+0000] {dag.py:3722} INFO - Setting next_dagrun for example_bash_operator to 2023-12-17T00:00:00+00:00, run_after=2023-12-18T00:00:00+00:00
[2023-12-18T21:00:16.254+0000] {processor.py:179} INFO - Processing /home/airflow/.local/lib/python3.8/site-packages/airflow/example_dags/example_bash_operator.py took 0.170 seconds
[2023-12-18T21:00:46.543+0000] {processor.py:157} INFO - Started process (PID=514) to work on /home/airflow/.local/lib/python3.8/site-packages/airflow/example_dags/example_bash_operator.py
[2023-12-18T21:00:46.545+0000] {processor.py:829} INFO - Processing file /home/airflow/.local/lib/python3.8/site-packages/airflow/example_dags/example_bash_operator.py for tasks to queue
[2023-12-18T21:00:46.548+0000] {logging_mixin.py:154} INFO - [2023-12-18T21:00:46.547+0000] {dagbag.py:536} INFO - Filling up the DagBag from /home/airflow/.local/lib/python3.8/site-packages/airflow/example_dags/example_bash_operator.py
[2023-12-18T21:00:46.571+0000] {processor.py:839} INFO - DAG(s) dict_keys(['example_bash_operator']) retrieved from /home/airflow/.local/lib/python3.8/site-packages/airflow/example_dags/example_bash_operator.py
[2023-12-18T21:00:46.621+0000] {logging_mixin.py:154} INFO - [2023-12-18T21:00:46.621+0000] {dag.py:2941} INFO - Sync 1 DAGs
[2023-12-18T21:00:46.664+0000] {logging_mixin.py:154} INFO - [2023-12-18T21:00:46.664+0000] {dag.py:3722} INFO - Setting next_dagrun for example_bash_operator to 2023-12-17T00:00:00+00:00, run_after=2023-12-18T00:00:00+00:00
[2023-12-18T21:00:46.737+0000] {processor.py:179} INFO - Processing /home/airflow/.local/lib/python3.8/site-packages/airflow/example_dags/example_bash_operator.py took 0.198 seconds
[2023-12-18T21:01:17.193+0000] {processor.py:157} INFO - Started process (PID=568) to work on /home/airflow/.local/lib/python3.8/site-packages/airflow/example_dags/example_bash_operator.py
[2023-12-18T21:01:17.196+0000] {processor.py:829} INFO - Processing file /home/airflow/.local/lib/python3.8/site-packages/airflow/example_dags/example_bash_operator.py for tasks to queue
[2023-12-18T21:01:17.202+0000] {logging_mixin.py:154} INFO - [2023-12-18T21:01:17.201+0000] {dagbag.py:536} INFO - Filling up the DagBag from /home/airflow/.local/lib/python3.8/site-packages/airflow/example_dags/example_bash_operator.py
[2023-12-18T21:01:17.234+0000] {processor.py:839} INFO - DAG(s) dict_keys(['example_bash_operator']) retrieved from /home/airflow/.local/lib/python3.8/site-packages/airflow/example_dags/example_bash_operator.py
[2023-12-18T21:01:17.297+0000] {logging_mixin.py:154} INFO - [2023-12-18T21:01:17.297+0000] {dag.py:2941} INFO - Sync 1 DAGs
[2023-12-18T21:01:17.344+0000] {logging_mixin.py:154} INFO - [2023-12-18T21:01:17.344+0000] {dag.py:3722} INFO - Setting next_dagrun for example_bash_operator to 2023-12-17T00:00:00+00:00, run_after=2023-12-18T00:00:00+00:00
[2023-12-18T21:01:17.380+0000] {processor.py:179} INFO - Processing /home/airflow/.local/lib/python3.8/site-packages/airflow/example_dags/example_bash_operator.py took 0.197 seconds
[2023-12-18T21:01:47.530+0000] {processor.py:157} INFO - Started process (PID=622) to work on /home/airflow/.local/lib/python3.8/site-packages/airflow/example_dags/example_bash_operator.py
[2023-12-18T21:01:47.531+0000] {processor.py:829} INFO - Processing file /home/airflow/.local/lib/python3.8/site-packages/airflow/example_dags/example_bash_operator.py for tasks to queue
[2023-12-18T21:01:47.534+0000] {logging_mixin.py:154} INFO - [2023-12-18T21:01:47.534+0000] {dagbag.py:536} INFO - Filling up the DagBag from /home/airflow/.local/lib/python3.8/site-packages/airflow/example_dags/example_bash_operator.py
[2023-12-18T21:01:47.552+0000] {processor.py:839} INFO - DAG(s) dict_keys(['example_bash_operator']) retrieved from /home/airflow/.local/lib/python3.8/site-packages/airflow/example_dags/example_bash_operator.py
[2023-12-18T21:01:47.610+0000] {logging_mixin.py:154} INFO - [2023-12-18T21:01:47.610+0000] {dag.py:2941} INFO - Sync 1 DAGs
[2023-12-18T21:01:47.653+0000] {logging_mixin.py:154} INFO - [2023-12-18T21:01:47.652+0000] {dag.py:3722} INFO - Setting next_dagrun for example_bash_operator to 2023-12-17T00:00:00+00:00, run_after=2023-12-18T00:00:00+00:00
[2023-12-18T21:01:47.700+0000] {processor.py:179} INFO - Processing /home/airflow/.local/lib/python3.8/site-packages/airflow/example_dags/example_bash_operator.py took 0.175 seconds
[2023-12-18T21:02:18.569+0000] {processor.py:157} INFO - Started process (PID=676) to work on /home/airflow/.local/lib/python3.8/site-packages/airflow/example_dags/example_bash_operator.py
[2023-12-18T21:02:18.570+0000] {processor.py:829} INFO - Processing file /home/airflow/.local/lib/python3.8/site-packages/airflow/example_dags/example_bash_operator.py for tasks to queue
[2023-12-18T21:02:18.572+0000] {logging_mixin.py:154} INFO - [2023-12-18T21:02:18.572+0000] {dagbag.py:536} INFO - Filling up the DagBag from /home/airflow/.local/lib/python3.8/site-packages/airflow/example_dags/example_bash_operator.py
[2023-12-18T21:02:18.597+0000] {processor.py:839} INFO - DAG(s) dict_keys(['example_bash_operator']) retrieved from /home/airflow/.local/lib/python3.8/site-packages/airflow/example_dags/example_bash_operator.py
[2023-12-18T21:02:18.668+0000] {logging_mixin.py:154} INFO - [2023-12-18T21:02:18.667+0000] {dag.py:2941} INFO - Sync 1 DAGs
[2023-12-18T21:02:18.721+0000] {logging_mixin.py:154} INFO - [2023-12-18T21:02:18.720+0000] {dag.py:3722} INFO - Setting next_dagrun for example_bash_operator to 2023-12-17T00:00:00+00:00, run_after=2023-12-18T00:00:00+00:00
[2023-12-18T21:02:18.774+0000] {processor.py:179} INFO - Processing /home/airflow/.local/lib/python3.8/site-packages/airflow/example_dags/example_bash_operator.py took 0.212 seconds
[2023-12-18T21:02:49.528+0000] {processor.py:157} INFO - Started process (PID=730) to work on /home/airflow/.local/lib/python3.8/site-packages/airflow/example_dags/example_bash_operator.py
[2023-12-18T21:02:49.530+0000] {processor.py:829} INFO - Processing file /home/airflow/.local/lib/python3.8/site-packages/airflow/example_dags/example_bash_operator.py for tasks to queue
[2023-12-18T21:02:49.533+0000] {logging_mixin.py:154} INFO - [2023-12-18T21:02:49.532+0000] {dagbag.py:536} INFO - Filling up the DagBag from /home/airflow/.local/lib/python3.8/site-packages/airflow/example_dags/example_bash_operator.py
[2023-12-18T21:02:49.555+0000] {processor.py:839} INFO - DAG(s) dict_keys(['example_bash_operator']) retrieved from /home/airflow/.local/lib/python3.8/site-packages/airflow/example_dags/example_bash_operator.py
[2023-12-18T21:02:49.611+0000] {logging_mixin.py:154} INFO - [2023-12-18T21:02:49.611+0000] {dag.py:2941} INFO - Sync 1 DAGs
[2023-12-18T21:02:49.655+0000] {logging_mixin.py:154} INFO - [2023-12-18T21:02:49.654+0000] {dag.py:3722} INFO - Setting next_dagrun for example_bash_operator to 2023-12-17T00:00:00+00:00, run_after=2023-12-18T00:00:00+00:00
[2023-12-18T21:02:49.693+0000] {processor.py:179} INFO - Processing /home/airflow/.local/lib/python3.8/site-packages/airflow/example_dags/example_bash_operator.py took 0.170 seconds
[2023-12-18T21:03:19.774+0000] {processor.py:157} INFO - Started process (PID=784) to work on /home/airflow/.local/lib/python3.8/site-packages/airflow/example_dags/example_bash_operator.py
[2023-12-18T21:03:19.776+0000] {processor.py:829} INFO - Processing file /home/airflow/.local/lib/python3.8/site-packages/airflow/example_dags/example_bash_operator.py for tasks to queue
[2023-12-18T21:03:19.779+0000] {logging_mixin.py:154} INFO - [2023-12-18T21:03:19.779+0000] {dagbag.py:536} INFO - Filling up the DagBag from /home/airflow/.local/lib/python3.8/site-packages/airflow/example_dags/example_bash_operator.py
[2023-12-18T21:03:19.799+0000] {processor.py:839} INFO - DAG(s) dict_keys(['example_bash_operator']) retrieved from /home/airflow/.local/lib/python3.8/site-packages/airflow/example_dags/example_bash_operator.py
[2023-12-18T21:03:19.855+0000] {logging_mixin.py:154} INFO - [2023-12-18T21:03:19.854+0000] {dag.py:2941} INFO - Sync 1 DAGs
[2023-12-18T21:03:19.898+0000] {logging_mixin.py:154} INFO - [2023-12-18T21:03:19.897+0000] {dag.py:3722} INFO - Setting next_dagrun for example_bash_operator to 2023-12-17T00:00:00+00:00, run_after=2023-12-18T00:00:00+00:00
[2023-12-18T21:03:19.930+0000] {processor.py:179} INFO - Processing /home/airflow/.local/lib/python3.8/site-packages/airflow/example_dags/example_bash_operator.py took 0.160 seconds
[2023-12-18T21:03:50.646+0000] {processor.py:157} INFO - Started process (PID=838) to work on /home/airflow/.local/lib/python3.8/site-packages/airflow/example_dags/example_bash_operator.py
[2023-12-18T21:03:50.646+0000] {processor.py:829} INFO - Processing file /home/airflow/.local/lib/python3.8/site-packages/airflow/example_dags/example_bash_operator.py for tasks to queue
[2023-12-18T21:03:50.648+0000] {logging_mixin.py:154} INFO - [2023-12-18T21:03:50.648+0000] {dagbag.py:536} INFO - Filling up the DagBag from /home/airflow/.local/lib/python3.8/site-packages/airflow/example_dags/example_bash_operator.py
[2023-12-18T21:03:50.657+0000] {processor.py:839} INFO - DAG(s) dict_keys(['example_bash_operator']) retrieved from /home/airflow/.local/lib/python3.8/site-packages/airflow/example_dags/example_bash_operator.py
[2023-12-18T21:03:50.683+0000] {logging_mixin.py:154} INFO - [2023-12-18T21:03:50.682+0000] {dag.py:2941} INFO - Sync 1 DAGs
[2023-12-18T21:03:50.706+0000] {logging_mixin.py:154} INFO - [2023-12-18T21:03:50.706+0000] {dag.py:3722} INFO - Setting next_dagrun for example_bash_operator to 2023-12-17T00:00:00+00:00, run_after=2023-12-18T00:00:00+00:00
[2023-12-18T21:03:50.722+0000] {processor.py:179} INFO - Processing /home/airflow/.local/lib/python3.8/site-packages/airflow/example_dags/example_bash_operator.py took 0.079 seconds
[2023-12-18T21:04:21.563+0000] {processor.py:157} INFO - Started process (PID=892) to work on /home/airflow/.local/lib/python3.8/site-packages/airflow/example_dags/example_bash_operator.py
[2023-12-18T21:04:21.564+0000] {processor.py:829} INFO - Processing file /home/airflow/.local/lib/python3.8/site-packages/airflow/example_dags/example_bash_operator.py for tasks to queue
[2023-12-18T21:04:21.565+0000] {logging_mixin.py:154} INFO - [2023-12-18T21:04:21.565+0000] {dagbag.py:536} INFO - Filling up the DagBag from /home/airflow/.local/lib/python3.8/site-packages/airflow/example_dags/example_bash_operator.py
[2023-12-18T21:04:21.575+0000] {processor.py:839} INFO - DAG(s) dict_keys(['example_bash_operator']) retrieved from /home/airflow/.local/lib/python3.8/site-packages/airflow/example_dags/example_bash_operator.py
[2023-12-18T21:04:21.606+0000] {logging_mixin.py:154} INFO - [2023-12-18T21:04:21.606+0000] {dag.py:2941} INFO - Sync 1 DAGs
[2023-12-18T21:04:21.627+0000] {logging_mixin.py:154} INFO - [2023-12-18T21:04:21.627+0000] {dag.py:3722} INFO - Setting next_dagrun for example_bash_operator to 2023-12-17T00:00:00+00:00, run_after=2023-12-18T00:00:00+00:00
[2023-12-18T21:04:21.645+0000] {processor.py:179} INFO - Processing /home/airflow/.local/lib/python3.8/site-packages/airflow/example_dags/example_bash_operator.py took 0.085 seconds
[2023-12-18T21:04:51.829+0000] {processor.py:157} INFO - Started process (PID=946) to work on /home/airflow/.local/lib/python3.8/site-packages/airflow/example_dags/example_bash_operator.py
[2023-12-18T21:04:51.830+0000] {processor.py:829} INFO - Processing file /home/airflow/.local/lib/python3.8/site-packages/airflow/example_dags/example_bash_operator.py for tasks to queue
[2023-12-18T21:04:51.831+0000] {logging_mixin.py:154} INFO - [2023-12-18T21:04:51.831+0000] {dagbag.py:536} INFO - Filling up the DagBag from /home/airflow/.local/lib/python3.8/site-packages/airflow/example_dags/example_bash_operator.py
[2023-12-18T21:04:51.840+0000] {processor.py:839} INFO - DAG(s) dict_keys(['example_bash_operator']) retrieved from /home/airflow/.local/lib/python3.8/site-packages/airflow/example_dags/example_bash_operator.py
[2023-12-18T21:04:51.863+0000] {logging_mixin.py:154} INFO - [2023-12-18T21:04:51.863+0000] {dag.py:2941} INFO - Sync 1 DAGs
[2023-12-18T21:04:51.882+0000] {logging_mixin.py:154} INFO - [2023-12-18T21:04:51.882+0000] {dag.py:3722} INFO - Setting next_dagrun for example_bash_operator to 2023-12-17T00:00:00+00:00, run_after=2023-12-18T00:00:00+00:00
[2023-12-18T21:04:51.898+0000] {processor.py:179} INFO - Processing /home/airflow/.local/lib/python3.8/site-packages/airflow/example_dags/example_bash_operator.py took 0.071 seconds
[2023-12-18T21:05:22.222+0000] {processor.py:157} INFO - Started process (PID=1000) to work on /home/airflow/.local/lib/python3.8/site-packages/airflow/example_dags/example_bash_operator.py
[2023-12-18T21:05:22.222+0000] {processor.py:829} INFO - Processing file /home/airflow/.local/lib/python3.8/site-packages/airflow/example_dags/example_bash_operator.py for tasks to queue
[2023-12-18T21:05:22.224+0000] {logging_mixin.py:154} INFO - [2023-12-18T21:05:22.224+0000] {dagbag.py:536} INFO - Filling up the DagBag from /home/airflow/.local/lib/python3.8/site-packages/airflow/example_dags/example_bash_operator.py
[2023-12-18T21:05:22.232+0000] {processor.py:839} INFO - DAG(s) dict_keys(['example_bash_operator']) retrieved from /home/airflow/.local/lib/python3.8/site-packages/airflow/example_dags/example_bash_operator.py
[2023-12-18T21:05:22.266+0000] {logging_mixin.py:154} INFO - [2023-12-18T21:05:22.266+0000] {dag.py:2941} INFO - Sync 1 DAGs
[2023-12-18T21:05:22.287+0000] {logging_mixin.py:154} INFO - [2023-12-18T21:05:22.286+0000] {dag.py:3722} INFO - Setting next_dagrun for example_bash_operator to 2023-12-17T00:00:00+00:00, run_after=2023-12-18T00:00:00+00:00
[2023-12-18T21:05:22.302+0000] {processor.py:179} INFO - Processing /home/airflow/.local/lib/python3.8/site-packages/airflow/example_dags/example_bash_operator.py took 0.083 seconds
[2023-12-18T21:05:52.517+0000] {processor.py:157} INFO - Started process (PID=1054) to work on /home/airflow/.local/lib/python3.8/site-packages/airflow/example_dags/example_bash_operator.py
[2023-12-18T21:05:52.517+0000] {processor.py:829} INFO - Processing file /home/airflow/.local/lib/python3.8/site-packages/airflow/example_dags/example_bash_operator.py for tasks to queue
[2023-12-18T21:05:52.519+0000] {logging_mixin.py:154} INFO - [2023-12-18T21:05:52.519+0000] {dagbag.py:536} INFO - Filling up the DagBag from /home/airflow/.local/lib/python3.8/site-packages/airflow/example_dags/example_bash_operator.py
[2023-12-18T21:05:52.528+0000] {processor.py:839} INFO - DAG(s) dict_keys(['example_bash_operator']) retrieved from /home/airflow/.local/lib/python3.8/site-packages/airflow/example_dags/example_bash_operator.py
[2023-12-18T21:05:52.551+0000] {logging_mixin.py:154} INFO - [2023-12-18T21:05:52.551+0000] {dag.py:2941} INFO - Sync 1 DAGs
[2023-12-18T21:05:52.570+0000] {logging_mixin.py:154} INFO - [2023-12-18T21:05:52.570+0000] {dag.py:3722} INFO - Setting next_dagrun for example_bash_operator to 2023-12-17T00:00:00+00:00, run_after=2023-12-18T00:00:00+00:00
[2023-12-18T21:05:52.585+0000] {processor.py:179} INFO - Processing /home/airflow/.local/lib/python3.8/site-packages/airflow/example_dags/example_bash_operator.py took 0.071 seconds
[2023-12-18T21:06:22.941+0000] {processor.py:157} INFO - Started process (PID=1108) to work on /home/airflow/.local/lib/python3.8/site-packages/airflow/example_dags/example_bash_operator.py
[2023-12-18T21:06:22.941+0000] {processor.py:829} INFO - Processing file /home/airflow/.local/lib/python3.8/site-packages/airflow/example_dags/example_bash_operator.py for tasks to queue
[2023-12-18T21:06:22.943+0000] {logging_mixin.py:154} INFO - [2023-12-18T21:06:22.943+0000] {dagbag.py:536} INFO - Filling up the DagBag from /home/airflow/.local/lib/python3.8/site-packages/airflow/example_dags/example_bash_operator.py
[2023-12-18T21:06:22.951+0000] {processor.py:839} INFO - DAG(s) dict_keys(['example_bash_operator']) retrieved from /home/airflow/.local/lib/python3.8/site-packages/airflow/example_dags/example_bash_operator.py
[2023-12-18T21:06:22.977+0000] {logging_mixin.py:154} INFO - [2023-12-18T21:06:22.977+0000] {dag.py:2941} INFO - Sync 1 DAGs
[2023-12-18T21:06:22.995+0000] {logging_mixin.py:154} INFO - [2023-12-18T21:06:22.995+0000] {dag.py:3722} INFO - Setting next_dagrun for example_bash_operator to 2023-12-17T00:00:00+00:00, run_after=2023-12-18T00:00:00+00:00
[2023-12-18T21:06:23.013+0000] {processor.py:179} INFO - Processing /home/airflow/.local/lib/python3.8/site-packages/airflow/example_dags/example_bash_operator.py took 0.074 seconds
[2023-12-18T21:06:53.137+0000] {processor.py:157} INFO - Started process (PID=1162) to work on /home/airflow/.local/lib/python3.8/site-packages/airflow/example_dags/example_bash_operator.py
[2023-12-18T21:06:53.138+0000] {processor.py:829} INFO - Processing file /home/airflow/.local/lib/python3.8/site-packages/airflow/example_dags/example_bash_operator.py for tasks to queue
[2023-12-18T21:06:53.139+0000] {logging_mixin.py:154} INFO - [2023-12-18T21:06:53.139+0000] {dagbag.py:536} INFO - Filling up the DagBag from /home/airflow/.local/lib/python3.8/site-packages/airflow/example_dags/example_bash_operator.py
[2023-12-18T21:06:53.148+0000] {processor.py:839} INFO - DAG(s) dict_keys(['example_bash_operator']) retrieved from /home/airflow/.local/lib/python3.8/site-packages/airflow/example_dags/example_bash_operator.py
[2023-12-18T21:06:53.170+0000] {logging_mixin.py:154} INFO - [2023-12-18T21:06:53.169+0000] {dag.py:2941} INFO - Sync 1 DAGs
[2023-12-18T21:06:53.187+0000] {logging_mixin.py:154} INFO - [2023-12-18T21:06:53.187+0000] {dag.py:3722} INFO - Setting next_dagrun for example_bash_operator to 2023-12-17T00:00:00+00:00, run_after=2023-12-18T00:00:00+00:00
[2023-12-18T21:06:53.202+0000] {processor.py:179} INFO - Processing /home/airflow/.local/lib/python3.8/site-packages/airflow/example_dags/example_bash_operator.py took 0.067 seconds
[2023-12-18T21:07:23.462+0000] {processor.py:157} INFO - Started process (PID=1216) to work on /home/airflow/.local/lib/python3.8/site-packages/airflow/example_dags/example_bash_operator.py
[2023-12-18T21:07:23.463+0000] {processor.py:829} INFO - Processing file /home/airflow/.local/lib/python3.8/site-packages/airflow/example_dags/example_bash_operator.py for tasks to queue
[2023-12-18T21:07:23.464+0000] {logging_mixin.py:154} INFO - [2023-12-18T21:07:23.464+0000] {dagbag.py:536} INFO - Filling up the DagBag from /home/airflow/.local/lib/python3.8/site-packages/airflow/example_dags/example_bash_operator.py
[2023-12-18T21:07:23.473+0000] {processor.py:839} INFO - DAG(s) dict_keys(['example_bash_operator']) retrieved from /home/airflow/.local/lib/python3.8/site-packages/airflow/example_dags/example_bash_operator.py
[2023-12-18T21:07:23.496+0000] {logging_mixin.py:154} INFO - [2023-12-18T21:07:23.496+0000] {dag.py:2941} INFO - Sync 1 DAGs
[2023-12-18T21:07:23.514+0000] {logging_mixin.py:154} INFO - [2023-12-18T21:07:23.514+0000] {dag.py:3722} INFO - Setting next_dagrun for example_bash_operator to 2023-12-17T00:00:00+00:00, run_after=2023-12-18T00:00:00+00:00
[2023-12-18T21:07:23.528+0000] {processor.py:179} INFO - Processing /home/airflow/.local/lib/python3.8/site-packages/airflow/example_dags/example_bash_operator.py took 0.069 seconds
[2023-12-18T21:07:54.503+0000] {processor.py:157} INFO - Started process (PID=1270) to work on /home/airflow/.local/lib/python3.8/site-packages/airflow/example_dags/example_bash_operator.py
[2023-12-18T21:07:54.504+0000] {processor.py:829} INFO - Processing file /home/airflow/.local/lib/python3.8/site-packages/airflow/example_dags/example_bash_operator.py for tasks to queue
[2023-12-18T21:07:54.506+0000] {logging_mixin.py:154} INFO - [2023-12-18T21:07:54.505+0000] {dagbag.py:536} INFO - Filling up the DagBag from /home/airflow/.local/lib/python3.8/site-packages/airflow/example_dags/example_bash_operator.py
[2023-12-18T21:07:54.514+0000] {processor.py:839} INFO - DAG(s) dict_keys(['example_bash_operator']) retrieved from /home/airflow/.local/lib/python3.8/site-packages/airflow/example_dags/example_bash_operator.py
[2023-12-18T21:07:54.537+0000] {logging_mixin.py:154} INFO - [2023-12-18T21:07:54.537+0000] {dag.py:2941} INFO - Sync 1 DAGs
[2023-12-18T21:07:54.556+0000] {logging_mixin.py:154} INFO - [2023-12-18T21:07:54.556+0000] {dag.py:3722} INFO - Setting next_dagrun for example_bash_operator to 2023-12-17T00:00:00+00:00, run_after=2023-12-18T00:00:00+00:00
[2023-12-18T21:07:54.571+0000] {processor.py:179} INFO - Processing /home/airflow/.local/lib/python3.8/site-packages/airflow/example_dags/example_bash_operator.py took 0.070 seconds
[2023-12-18T21:11:28.682+0000] {processor.py:157} INFO - Started process (PID=1315) to work on /home/airflow/.local/lib/python3.8/site-packages/airflow/example_dags/example_bash_operator.py
[2023-12-18T21:11:28.683+0000] {processor.py:829} INFO - Processing file /home/airflow/.local/lib/python3.8/site-packages/airflow/example_dags/example_bash_operator.py for tasks to queue
[2023-12-18T21:11:28.685+0000] {logging_mixin.py:154} INFO - [2023-12-18T21:11:28.684+0000] {dagbag.py:536} INFO - Filling up the DagBag from /home/airflow/.local/lib/python3.8/site-packages/airflow/example_dags/example_bash_operator.py
[2023-12-18T21:11:28.694+0000] {processor.py:839} INFO - DAG(s) dict_keys(['example_bash_operator']) retrieved from /home/airflow/.local/lib/python3.8/site-packages/airflow/example_dags/example_bash_operator.py
[2023-12-18T21:11:28.718+0000] {logging_mixin.py:154} INFO - [2023-12-18T21:11:28.717+0000] {dag.py:2941} INFO - Sync 1 DAGs
[2023-12-18T21:11:28.738+0000] {logging_mixin.py:154} INFO - [2023-12-18T21:11:28.738+0000] {dag.py:3722} INFO - Setting next_dagrun for example_bash_operator to 2023-12-17T00:00:00+00:00, run_after=2023-12-18T00:00:00+00:00
[2023-12-18T21:11:28.753+0000] {processor.py:179} INFO - Processing /home/airflow/.local/lib/python3.8/site-packages/airflow/example_dags/example_bash_operator.py took 0.074 seconds
[2023-12-18T21:11:58.981+0000] {processor.py:157} INFO - Started process (PID=1369) to work on /home/airflow/.local/lib/python3.8/site-packages/airflow/example_dags/example_bash_operator.py
[2023-12-18T21:11:58.982+0000] {processor.py:829} INFO - Processing file /home/airflow/.local/lib/python3.8/site-packages/airflow/example_dags/example_bash_operator.py for tasks to queue
[2023-12-18T21:11:58.984+0000] {logging_mixin.py:154} INFO - [2023-12-18T21:11:58.984+0000] {dagbag.py:536} INFO - Filling up the DagBag from /home/airflow/.local/lib/python3.8/site-packages/airflow/example_dags/example_bash_operator.py
[2023-12-18T21:11:58.994+0000] {processor.py:839} INFO - DAG(s) dict_keys(['example_bash_operator']) retrieved from /home/airflow/.local/lib/python3.8/site-packages/airflow/example_dags/example_bash_operator.py
[2023-12-18T21:11:59.021+0000] {logging_mixin.py:154} INFO - [2023-12-18T21:11:59.021+0000] {dag.py:2941} INFO - Sync 1 DAGs
[2023-12-18T21:11:59.043+0000] {logging_mixin.py:154} INFO - [2023-12-18T21:11:59.042+0000] {dag.py:3722} INFO - Setting next_dagrun for example_bash_operator to 2023-12-17T00:00:00+00:00, run_after=2023-12-18T00:00:00+00:00
[2023-12-18T21:11:59.060+0000] {processor.py:179} INFO - Processing /home/airflow/.local/lib/python3.8/site-packages/airflow/example_dags/example_bash_operator.py took 0.082 seconds
[2023-12-18T21:12:29.291+0000] {processor.py:157} INFO - Started process (PID=1423) to work on /home/airflow/.local/lib/python3.8/site-packages/airflow/example_dags/example_bash_operator.py
[2023-12-18T21:12:29.291+0000] {processor.py:829} INFO - Processing file /home/airflow/.local/lib/python3.8/site-packages/airflow/example_dags/example_bash_operator.py for tasks to queue
[2023-12-18T21:12:29.293+0000] {logging_mixin.py:154} INFO - [2023-12-18T21:12:29.293+0000] {dagbag.py:536} INFO - Filling up the DagBag from /home/airflow/.local/lib/python3.8/site-packages/airflow/example_dags/example_bash_operator.py
[2023-12-18T21:12:29.302+0000] {processor.py:839} INFO - DAG(s) dict_keys(['example_bash_operator']) retrieved from /home/airflow/.local/lib/python3.8/site-packages/airflow/example_dags/example_bash_operator.py
[2023-12-18T21:12:29.326+0000] {logging_mixin.py:154} INFO - [2023-12-18T21:12:29.325+0000] {dag.py:2941} INFO - Sync 1 DAGs
[2023-12-18T21:12:29.344+0000] {logging_mixin.py:154} INFO - [2023-12-18T21:12:29.344+0000] {dag.py:3722} INFO - Setting next_dagrun for example_bash_operator to 2023-12-17T00:00:00+00:00, run_after=2023-12-18T00:00:00+00:00
[2023-12-18T21:12:29.360+0000] {processor.py:179} INFO - Processing /home/airflow/.local/lib/python3.8/site-packages/airflow/example_dags/example_bash_operator.py took 0.072 seconds
[2023-12-18T21:12:59.692+0000] {processor.py:157} INFO - Started process (PID=1477) to work on /home/airflow/.local/lib/python3.8/site-packages/airflow/example_dags/example_bash_operator.py
[2023-12-18T21:12:59.693+0000] {processor.py:829} INFO - Processing file /home/airflow/.local/lib/python3.8/site-packages/airflow/example_dags/example_bash_operator.py for tasks to queue
[2023-12-18T21:12:59.695+0000] {logging_mixin.py:154} INFO - [2023-12-18T21:12:59.695+0000] {dagbag.py:536} INFO - Filling up the DagBag from /home/airflow/.local/lib/python3.8/site-packages/airflow/example_dags/example_bash_operator.py
[2023-12-18T21:12:59.706+0000] {processor.py:839} INFO - DAG(s) dict_keys(['example_bash_operator']) retrieved from /home/airflow/.local/lib/python3.8/site-packages/airflow/example_dags/example_bash_operator.py
[2023-12-18T21:12:59.733+0000] {logging_mixin.py:154} INFO - [2023-12-18T21:12:59.733+0000] {dag.py:2941} INFO - Sync 1 DAGs
[2023-12-18T21:12:59.755+0000] {logging_mixin.py:154} INFO - [2023-12-18T21:12:59.754+0000] {dag.py:3722} INFO - Setting next_dagrun for example_bash_operator to 2023-12-17T00:00:00+00:00, run_after=2023-12-18T00:00:00+00:00
[2023-12-18T21:12:59.772+0000] {processor.py:179} INFO - Processing /home/airflow/.local/lib/python3.8/site-packages/airflow/example_dags/example_bash_operator.py took 0.082 seconds
[2023-12-18T21:13:30.030+0000] {processor.py:157} INFO - Started process (PID=1531) to work on /home/airflow/.local/lib/python3.8/site-packages/airflow/example_dags/example_bash_operator.py
[2023-12-18T21:13:30.031+0000] {processor.py:829} INFO - Processing file /home/airflow/.local/lib/python3.8/site-packages/airflow/example_dags/example_bash_operator.py for tasks to queue
[2023-12-18T21:13:30.033+0000] {logging_mixin.py:154} INFO - [2023-12-18T21:13:30.033+0000] {dagbag.py:536} INFO - Filling up the DagBag from /home/airflow/.local/lib/python3.8/site-packages/airflow/example_dags/example_bash_operator.py
[2023-12-18T21:13:30.045+0000] {processor.py:839} INFO - DAG(s) dict_keys(['example_bash_operator']) retrieved from /home/airflow/.local/lib/python3.8/site-packages/airflow/example_dags/example_bash_operator.py
[2023-12-18T21:13:30.078+0000] {logging_mixin.py:154} INFO - [2023-12-18T21:13:30.078+0000] {dag.py:2941} INFO - Sync 1 DAGs
[2023-12-18T21:13:30.104+0000] {logging_mixin.py:154} INFO - [2023-12-18T21:13:30.103+0000] {dag.py:3722} INFO - Setting next_dagrun for example_bash_operator to 2023-12-17T00:00:00+00:00, run_after=2023-12-18T00:00:00+00:00
[2023-12-18T21:13:30.123+0000] {processor.py:179} INFO - Processing /home/airflow/.local/lib/python3.8/site-packages/airflow/example_dags/example_bash_operator.py took 0.096 seconds
[2023-12-18T21:14:00.480+0000] {processor.py:157} INFO - Started process (PID=1585) to work on /home/airflow/.local/lib/python3.8/site-packages/airflow/example_dags/example_bash_operator.py
[2023-12-18T21:14:00.480+0000] {processor.py:829} INFO - Processing file /home/airflow/.local/lib/python3.8/site-packages/airflow/example_dags/example_bash_operator.py for tasks to queue
[2023-12-18T21:14:00.482+0000] {logging_mixin.py:154} INFO - [2023-12-18T21:14:00.482+0000] {dagbag.py:536} INFO - Filling up the DagBag from /home/airflow/.local/lib/python3.8/site-packages/airflow/example_dags/example_bash_operator.py
[2023-12-18T21:14:00.492+0000] {processor.py:839} INFO - DAG(s) dict_keys(['example_bash_operator']) retrieved from /home/airflow/.local/lib/python3.8/site-packages/airflow/example_dags/example_bash_operator.py
[2023-12-18T21:14:00.520+0000] {logging_mixin.py:154} INFO - [2023-12-18T21:14:00.520+0000] {dag.py:2941} INFO - Sync 1 DAGs
[2023-12-18T21:14:00.543+0000] {logging_mixin.py:154} INFO - [2023-12-18T21:14:00.542+0000] {dag.py:3722} INFO - Setting next_dagrun for example_bash_operator to 2023-12-17T00:00:00+00:00, run_after=2023-12-18T00:00:00+00:00
[2023-12-18T21:14:00.562+0000] {processor.py:179} INFO - Processing /home/airflow/.local/lib/python3.8/site-packages/airflow/example_dags/example_bash_operator.py took 0.085 seconds
[2023-12-18T21:14:30.813+0000] {processor.py:157} INFO - Started process (PID=1639) to work on /home/airflow/.local/lib/python3.8/site-packages/airflow/example_dags/example_bash_operator.py
[2023-12-18T21:14:30.814+0000] {processor.py:829} INFO - Processing file /home/airflow/.local/lib/python3.8/site-packages/airflow/example_dags/example_bash_operator.py for tasks to queue
[2023-12-18T21:14:30.815+0000] {logging_mixin.py:154} INFO - [2023-12-18T21:14:30.815+0000] {dagbag.py:536} INFO - Filling up the DagBag from /home/airflow/.local/lib/python3.8/site-packages/airflow/example_dags/example_bash_operator.py
[2023-12-18T21:14:30.825+0000] {processor.py:839} INFO - DAG(s) dict_keys(['example_bash_operator']) retrieved from /home/airflow/.local/lib/python3.8/site-packages/airflow/example_dags/example_bash_operator.py
[2023-12-18T21:14:30.849+0000] {logging_mixin.py:154} INFO - [2023-12-18T21:14:30.849+0000] {dag.py:2941} INFO - Sync 1 DAGs
[2023-12-18T21:14:30.871+0000] {logging_mixin.py:154} INFO - [2023-12-18T21:14:30.870+0000] {dag.py:3722} INFO - Setting next_dagrun for example_bash_operator to 2023-12-17T00:00:00+00:00, run_after=2023-12-18T00:00:00+00:00
[2023-12-18T21:14:30.886+0000] {processor.py:179} INFO - Processing /home/airflow/.local/lib/python3.8/site-packages/airflow/example_dags/example_bash_operator.py took 0.076 seconds
[2023-12-18T21:15:01.430+0000] {processor.py:157} INFO - Started process (PID=1693) to work on /home/airflow/.local/lib/python3.8/site-packages/airflow/example_dags/example_bash_operator.py
[2023-12-18T21:15:01.431+0000] {processor.py:829} INFO - Processing file /home/airflow/.local/lib/python3.8/site-packages/airflow/example_dags/example_bash_operator.py for tasks to queue
[2023-12-18T21:15:01.433+0000] {logging_mixin.py:154} INFO - [2023-12-18T21:15:01.433+0000] {dagbag.py:536} INFO - Filling up the DagBag from /home/airflow/.local/lib/python3.8/site-packages/airflow/example_dags/example_bash_operator.py
[2023-12-18T21:15:01.444+0000] {processor.py:839} INFO - DAG(s) dict_keys(['example_bash_operator']) retrieved from /home/airflow/.local/lib/python3.8/site-packages/airflow/example_dags/example_bash_operator.py
[2023-12-18T21:15:01.469+0000] {logging_mixin.py:154} INFO - [2023-12-18T21:15:01.469+0000] {dag.py:2941} INFO - Sync 1 DAGs
[2023-12-18T21:15:01.488+0000] {logging_mixin.py:154} INFO - [2023-12-18T21:15:01.488+0000] {dag.py:3722} INFO - Setting next_dagrun for example_bash_operator to 2023-12-17T00:00:00+00:00, run_after=2023-12-18T00:00:00+00:00
[2023-12-18T21:15:01.504+0000] {processor.py:179} INFO - Processing /home/airflow/.local/lib/python3.8/site-packages/airflow/example_dags/example_bash_operator.py took 0.077 seconds
[2023-12-18T21:15:31.765+0000] {processor.py:157} INFO - Started process (PID=1747) to work on /home/airflow/.local/lib/python3.8/site-packages/airflow/example_dags/example_bash_operator.py
[2023-12-18T21:15:31.766+0000] {processor.py:829} INFO - Processing file /home/airflow/.local/lib/python3.8/site-packages/airflow/example_dags/example_bash_operator.py for tasks to queue
[2023-12-18T21:15:31.768+0000] {logging_mixin.py:154} INFO - [2023-12-18T21:15:31.768+0000] {dagbag.py:536} INFO - Filling up the DagBag from /home/airflow/.local/lib/python3.8/site-packages/airflow/example_dags/example_bash_operator.py
[2023-12-18T21:15:31.777+0000] {processor.py:839} INFO - DAG(s) dict_keys(['example_bash_operator']) retrieved from /home/airflow/.local/lib/python3.8/site-packages/airflow/example_dags/example_bash_operator.py
[2023-12-18T21:15:31.801+0000] {logging_mixin.py:154} INFO - [2023-12-18T21:15:31.800+0000] {dag.py:2941} INFO - Sync 1 DAGs
[2023-12-18T21:15:31.819+0000] {logging_mixin.py:154} INFO - [2023-12-18T21:15:31.819+0000] {dag.py:3722} INFO - Setting next_dagrun for example_bash_operator to 2023-12-17T00:00:00+00:00, run_after=2023-12-18T00:00:00+00:00
[2023-12-18T21:15:31.966+0000] {processor.py:179} INFO - Processing /home/airflow/.local/lib/python3.8/site-packages/airflow/example_dags/example_bash_operator.py took 0.203 seconds
[2023-12-18T21:16:02.094+0000] {processor.py:157} INFO - Started process (PID=1801) to work on /home/airflow/.local/lib/python3.8/site-packages/airflow/example_dags/example_bash_operator.py
[2023-12-18T21:16:02.095+0000] {processor.py:829} INFO - Processing file /home/airflow/.local/lib/python3.8/site-packages/airflow/example_dags/example_bash_operator.py for tasks to queue
[2023-12-18T21:16:02.098+0000] {logging_mixin.py:154} INFO - [2023-12-18T21:16:02.097+0000] {dagbag.py:536} INFO - Filling up the DagBag from /home/airflow/.local/lib/python3.8/site-packages/airflow/example_dags/example_bash_operator.py
[2023-12-18T21:16:02.112+0000] {processor.py:839} INFO - DAG(s) dict_keys(['example_bash_operator']) retrieved from /home/airflow/.local/lib/python3.8/site-packages/airflow/example_dags/example_bash_operator.py
[2023-12-18T21:16:02.147+0000] {logging_mixin.py:154} INFO - [2023-12-18T21:16:02.147+0000] {dag.py:2941} INFO - Sync 1 DAGs
[2023-12-18T21:16:02.181+0000] {logging_mixin.py:154} INFO - [2023-12-18T21:16:02.181+0000] {dag.py:3722} INFO - Setting next_dagrun for example_bash_operator to 2023-12-17T00:00:00+00:00, run_after=2023-12-18T00:00:00+00:00
[2023-12-18T21:16:02.206+0000] {processor.py:179} INFO - Processing /home/airflow/.local/lib/python3.8/site-packages/airflow/example_dags/example_bash_operator.py took 0.115 seconds
[2023-12-18T21:16:32.384+0000] {processor.py:157} INFO - Started process (PID=1855) to work on /home/airflow/.local/lib/python3.8/site-packages/airflow/example_dags/example_bash_operator.py
[2023-12-18T21:16:32.385+0000] {processor.py:829} INFO - Processing file /home/airflow/.local/lib/python3.8/site-packages/airflow/example_dags/example_bash_operator.py for tasks to queue
[2023-12-18T21:16:32.386+0000] {logging_mixin.py:154} INFO - [2023-12-18T21:16:32.386+0000] {dagbag.py:536} INFO - Filling up the DagBag from /home/airflow/.local/lib/python3.8/site-packages/airflow/example_dags/example_bash_operator.py
[2023-12-18T21:16:32.395+0000] {processor.py:839} INFO - DAG(s) dict_keys(['example_bash_operator']) retrieved from /home/airflow/.local/lib/python3.8/site-packages/airflow/example_dags/example_bash_operator.py
[2023-12-18T21:16:32.419+0000] {logging_mixin.py:154} INFO - [2023-12-18T21:16:32.419+0000] {dag.py:2941} INFO - Sync 1 DAGs
[2023-12-18T21:16:32.438+0000] {logging_mixin.py:154} INFO - [2023-12-18T21:16:32.437+0000] {dag.py:3722} INFO - Setting next_dagrun for example_bash_operator to 2023-12-17T00:00:00+00:00, run_after=2023-12-18T00:00:00+00:00
[2023-12-18T21:16:32.453+0000] {processor.py:179} INFO - Processing /home/airflow/.local/lib/python3.8/site-packages/airflow/example_dags/example_bash_operator.py took 0.071 seconds
[2023-12-18T21:17:03.072+0000] {processor.py:157} INFO - Started process (PID=1909) to work on /home/airflow/.local/lib/python3.8/site-packages/airflow/example_dags/example_bash_operator.py
[2023-12-18T21:17:03.073+0000] {processor.py:829} INFO - Processing file /home/airflow/.local/lib/python3.8/site-packages/airflow/example_dags/example_bash_operator.py for tasks to queue
[2023-12-18T21:17:03.075+0000] {logging_mixin.py:154} INFO - [2023-12-18T21:17:03.074+0000] {dagbag.py:536} INFO - Filling up the DagBag from /home/airflow/.local/lib/python3.8/site-packages/airflow/example_dags/example_bash_operator.py
[2023-12-18T21:17:03.083+0000] {processor.py:839} INFO - DAG(s) dict_keys(['example_bash_operator']) retrieved from /home/airflow/.local/lib/python3.8/site-packages/airflow/example_dags/example_bash_operator.py
[2023-12-18T21:17:03.107+0000] {logging_mixin.py:154} INFO - [2023-12-18T21:17:03.107+0000] {dag.py:2941} INFO - Sync 1 DAGs
[2023-12-18T21:17:03.126+0000] {logging_mixin.py:154} INFO - [2023-12-18T21:17:03.126+0000] {dag.py:3722} INFO - Setting next_dagrun for example_bash_operator to 2023-12-17T00:00:00+00:00, run_after=2023-12-18T00:00:00+00:00
[2023-12-18T21:17:03.140+0000] {processor.py:179} INFO - Processing /home/airflow/.local/lib/python3.8/site-packages/airflow/example_dags/example_bash_operator.py took 0.071 seconds
[2023-12-18T21:17:34.404+0000] {processor.py:157} INFO - Started process (PID=1963) to work on /home/airflow/.local/lib/python3.8/site-packages/airflow/example_dags/example_bash_operator.py
[2023-12-18T21:17:34.405+0000] {processor.py:829} INFO - Processing file /home/airflow/.local/lib/python3.8/site-packages/airflow/example_dags/example_bash_operator.py for tasks to queue
[2023-12-18T21:17:34.407+0000] {logging_mixin.py:154} INFO - [2023-12-18T21:17:34.407+0000] {dagbag.py:536} INFO - Filling up the DagBag from /home/airflow/.local/lib/python3.8/site-packages/airflow/example_dags/example_bash_operator.py
[2023-12-18T21:17:34.416+0000] {processor.py:839} INFO - DAG(s) dict_keys(['example_bash_operator']) retrieved from /home/airflow/.local/lib/python3.8/site-packages/airflow/example_dags/example_bash_operator.py
[2023-12-18T21:17:34.442+0000] {logging_mixin.py:154} INFO - [2023-12-18T21:17:34.441+0000] {dag.py:2941} INFO - Sync 1 DAGs
[2023-12-18T21:17:34.604+0000] {logging_mixin.py:154} INFO - [2023-12-18T21:17:34.604+0000] {dag.py:3722} INFO - Setting next_dagrun for example_bash_operator to 2023-12-17T00:00:00+00:00, run_after=2023-12-18T00:00:00+00:00
[2023-12-18T21:17:34.619+0000] {processor.py:179} INFO - Processing /home/airflow/.local/lib/python3.8/site-packages/airflow/example_dags/example_bash_operator.py took 0.218 seconds
[2023-12-18T21:18:05.018+0000] {processor.py:157} INFO - Started process (PID=2017) to work on /home/airflow/.local/lib/python3.8/site-packages/airflow/example_dags/example_bash_operator.py
[2023-12-18T21:18:05.019+0000] {processor.py:829} INFO - Processing file /home/airflow/.local/lib/python3.8/site-packages/airflow/example_dags/example_bash_operator.py for tasks to queue
[2023-12-18T21:18:05.021+0000] {logging_mixin.py:154} INFO - [2023-12-18T21:18:05.020+0000] {dagbag.py:536} INFO - Filling up the DagBag from /home/airflow/.local/lib/python3.8/site-packages/airflow/example_dags/example_bash_operator.py
[2023-12-18T21:18:05.030+0000] {processor.py:839} INFO - DAG(s) dict_keys(['example_bash_operator']) retrieved from /home/airflow/.local/lib/python3.8/site-packages/airflow/example_dags/example_bash_operator.py
[2023-12-18T21:18:05.054+0000] {logging_mixin.py:154} INFO - [2023-12-18T21:18:05.054+0000] {dag.py:2941} INFO - Sync 1 DAGs
[2023-12-18T21:18:05.074+0000] {logging_mixin.py:154} INFO - [2023-12-18T21:18:05.074+0000] {dag.py:3722} INFO - Setting next_dagrun for example_bash_operator to 2023-12-17T00:00:00+00:00, run_after=2023-12-18T00:00:00+00:00
[2023-12-18T21:18:05.091+0000] {processor.py:179} INFO - Processing /home/airflow/.local/lib/python3.8/site-packages/airflow/example_dags/example_bash_operator.py took 0.075 seconds
[2023-12-18T21:18:35.348+0000] {processor.py:157} INFO - Started process (PID=2071) to work on /home/airflow/.local/lib/python3.8/site-packages/airflow/example_dags/example_bash_operator.py
[2023-12-18T21:18:35.349+0000] {processor.py:829} INFO - Processing file /home/airflow/.local/lib/python3.8/site-packages/airflow/example_dags/example_bash_operator.py for tasks to queue
[2023-12-18T21:18:35.351+0000] {logging_mixin.py:154} INFO - [2023-12-18T21:18:35.350+0000] {dagbag.py:536} INFO - Filling up the DagBag from /home/airflow/.local/lib/python3.8/site-packages/airflow/example_dags/example_bash_operator.py
[2023-12-18T21:18:35.360+0000] {processor.py:839} INFO - DAG(s) dict_keys(['example_bash_operator']) retrieved from /home/airflow/.local/lib/python3.8/site-packages/airflow/example_dags/example_bash_operator.py
[2023-12-18T21:18:35.383+0000] {logging_mixin.py:154} INFO - [2023-12-18T21:18:35.383+0000] {dag.py:2941} INFO - Sync 1 DAGs
[2023-12-18T21:18:35.403+0000] {logging_mixin.py:154} INFO - [2023-12-18T21:18:35.402+0000] {dag.py:3722} INFO - Setting next_dagrun for example_bash_operator to 2023-12-17T00:00:00+00:00, run_after=2023-12-18T00:00:00+00:00
[2023-12-18T21:18:35.419+0000] {processor.py:179} INFO - Processing /home/airflow/.local/lib/python3.8/site-packages/airflow/example_dags/example_bash_operator.py took 0.073 seconds
[2023-12-18T21:19:05.773+0000] {processor.py:157} INFO - Started process (PID=2125) to work on /home/airflow/.local/lib/python3.8/site-packages/airflow/example_dags/example_bash_operator.py
[2023-12-18T21:19:05.774+0000] {processor.py:829} INFO - Processing file /home/airflow/.local/lib/python3.8/site-packages/airflow/example_dags/example_bash_operator.py for tasks to queue
[2023-12-18T21:19:05.775+0000] {logging_mixin.py:154} INFO - [2023-12-18T21:19:05.775+0000] {dagbag.py:536} INFO - Filling up the DagBag from /home/airflow/.local/lib/python3.8/site-packages/airflow/example_dags/example_bash_operator.py
[2023-12-18T21:19:05.784+0000] {processor.py:839} INFO - DAG(s) dict_keys(['example_bash_operator']) retrieved from /home/airflow/.local/lib/python3.8/site-packages/airflow/example_dags/example_bash_operator.py
[2023-12-18T21:19:05.807+0000] {logging_mixin.py:154} INFO - [2023-12-18T21:19:05.807+0000] {dag.py:2941} INFO - Sync 1 DAGs
[2023-12-18T21:19:05.825+0000] {logging_mixin.py:154} INFO - [2023-12-18T21:19:05.825+0000] {dag.py:3722} INFO - Setting next_dagrun for example_bash_operator to 2023-12-17T00:00:00+00:00, run_after=2023-12-18T00:00:00+00:00
[2023-12-18T21:19:05.839+0000] {processor.py:179} INFO - Processing /home/airflow/.local/lib/python3.8/site-packages/airflow/example_dags/example_bash_operator.py took 0.068 seconds
[2023-12-18T21:19:37.033+0000] {processor.py:157} INFO - Started process (PID=2179) to work on /home/airflow/.local/lib/python3.8/site-packages/airflow/example_dags/example_bash_operator.py
[2023-12-18T21:19:37.033+0000] {processor.py:829} INFO - Processing file /home/airflow/.local/lib/python3.8/site-packages/airflow/example_dags/example_bash_operator.py for tasks to queue
[2023-12-18T21:19:37.035+0000] {logging_mixin.py:154} INFO - [2023-12-18T21:19:37.035+0000] {dagbag.py:536} INFO - Filling up the DagBag from /home/airflow/.local/lib/python3.8/site-packages/airflow/example_dags/example_bash_operator.py
[2023-12-18T21:19:37.045+0000] {processor.py:839} INFO - DAG(s) dict_keys(['example_bash_operator']) retrieved from /home/airflow/.local/lib/python3.8/site-packages/airflow/example_dags/example_bash_operator.py
[2023-12-18T21:19:37.081+0000] {logging_mixin.py:154} INFO - [2023-12-18T21:19:37.080+0000] {dag.py:2941} INFO - Sync 1 DAGs
[2023-12-18T21:19:37.249+0000] {logging_mixin.py:154} INFO - [2023-12-18T21:19:37.249+0000] {dag.py:3722} INFO - Setting next_dagrun for example_bash_operator to 2023-12-17T00:00:00+00:00, run_after=2023-12-18T00:00:00+00:00
[2023-12-18T21:19:37.264+0000] {processor.py:179} INFO - Processing /home/airflow/.local/lib/python3.8/site-packages/airflow/example_dags/example_bash_operator.py took 0.234 seconds
[2023-12-18T21:20:07.708+0000] {processor.py:157} INFO - Started process (PID=2233) to work on /home/airflow/.local/lib/python3.8/site-packages/airflow/example_dags/example_bash_operator.py
[2023-12-18T21:20:07.709+0000] {processor.py:829} INFO - Processing file /home/airflow/.local/lib/python3.8/site-packages/airflow/example_dags/example_bash_operator.py for tasks to queue
[2023-12-18T21:20:07.711+0000] {logging_mixin.py:154} INFO - [2023-12-18T21:20:07.710+0000] {dagbag.py:536} INFO - Filling up the DagBag from /home/airflow/.local/lib/python3.8/site-packages/airflow/example_dags/example_bash_operator.py
[2023-12-18T21:20:07.720+0000] {processor.py:839} INFO - DAG(s) dict_keys(['example_bash_operator']) retrieved from /home/airflow/.local/lib/python3.8/site-packages/airflow/example_dags/example_bash_operator.py
[2023-12-18T21:20:07.744+0000] {logging_mixin.py:154} INFO - [2023-12-18T21:20:07.743+0000] {dag.py:2941} INFO - Sync 1 DAGs
[2023-12-18T21:20:07.762+0000] {logging_mixin.py:154} INFO - [2023-12-18T21:20:07.762+0000] {dag.py:3722} INFO - Setting next_dagrun for example_bash_operator to 2023-12-17T00:00:00+00:00, run_after=2023-12-18T00:00:00+00:00
[2023-12-18T21:20:07.777+0000] {processor.py:179} INFO - Processing /home/airflow/.local/lib/python3.8/site-packages/airflow/example_dags/example_bash_operator.py took 0.071 seconds
[2023-12-18T21:20:37.973+0000] {processor.py:157} INFO - Started process (PID=2287) to work on /home/airflow/.local/lib/python3.8/site-packages/airflow/example_dags/example_bash_operator.py
[2023-12-18T21:20:37.974+0000] {processor.py:829} INFO - Processing file /home/airflow/.local/lib/python3.8/site-packages/airflow/example_dags/example_bash_operator.py for tasks to queue
[2023-12-18T21:20:37.975+0000] {logging_mixin.py:154} INFO - [2023-12-18T21:20:37.975+0000] {dagbag.py:536} INFO - Filling up the DagBag from /home/airflow/.local/lib/python3.8/site-packages/airflow/example_dags/example_bash_operator.py
[2023-12-18T21:20:37.986+0000] {processor.py:839} INFO - DAG(s) dict_keys(['example_bash_operator']) retrieved from /home/airflow/.local/lib/python3.8/site-packages/airflow/example_dags/example_bash_operator.py
[2023-12-18T21:20:38.012+0000] {logging_mixin.py:154} INFO - [2023-12-18T21:20:38.012+0000] {dag.py:2941} INFO - Sync 1 DAGs
[2023-12-18T21:20:38.034+0000] {logging_mixin.py:154} INFO - [2023-12-18T21:20:38.034+0000] {dag.py:3722} INFO - Setting next_dagrun for example_bash_operator to 2023-12-17T00:00:00+00:00, run_after=2023-12-18T00:00:00+00:00
[2023-12-18T21:20:38.051+0000] {processor.py:179} INFO - Processing /home/airflow/.local/lib/python3.8/site-packages/airflow/example_dags/example_bash_operator.py took 0.080 seconds
[2023-12-18T21:21:09.080+0000] {processor.py:157} INFO - Started process (PID=2341) to work on /home/airflow/.local/lib/python3.8/site-packages/airflow/example_dags/example_bash_operator.py
[2023-12-18T21:21:09.081+0000] {processor.py:829} INFO - Processing file /home/airflow/.local/lib/python3.8/site-packages/airflow/example_dags/example_bash_operator.py for tasks to queue
[2023-12-18T21:21:09.083+0000] {logging_mixin.py:154} INFO - [2023-12-18T21:21:09.083+0000] {dagbag.py:536} INFO - Filling up the DagBag from /home/airflow/.local/lib/python3.8/site-packages/airflow/example_dags/example_bash_operator.py
[2023-12-18T21:21:09.092+0000] {processor.py:839} INFO - DAG(s) dict_keys(['example_bash_operator']) retrieved from /home/airflow/.local/lib/python3.8/site-packages/airflow/example_dags/example_bash_operator.py
[2023-12-18T21:21:09.120+0000] {logging_mixin.py:154} INFO - [2023-12-18T21:21:09.120+0000] {dag.py:2941} INFO - Sync 1 DAGs
[2023-12-18T21:21:09.273+0000] {logging_mixin.py:154} INFO - [2023-12-18T21:21:09.273+0000] {dag.py:3722} INFO - Setting next_dagrun for example_bash_operator to 2023-12-17T00:00:00+00:00, run_after=2023-12-18T00:00:00+00:00
[2023-12-18T21:21:09.287+0000] {processor.py:179} INFO - Processing /home/airflow/.local/lib/python3.8/site-packages/airflow/example_dags/example_bash_operator.py took 0.209 seconds
[2023-12-18T21:21:40.387+0000] {processor.py:157} INFO - Started process (PID=2395) to work on /home/airflow/.local/lib/python3.8/site-packages/airflow/example_dags/example_bash_operator.py
[2023-12-18T21:21:40.387+0000] {processor.py:829} INFO - Processing file /home/airflow/.local/lib/python3.8/site-packages/airflow/example_dags/example_bash_operator.py for tasks to queue
[2023-12-18T21:21:40.389+0000] {logging_mixin.py:154} INFO - [2023-12-18T21:21:40.389+0000] {dagbag.py:536} INFO - Filling up the DagBag from /home/airflow/.local/lib/python3.8/site-packages/airflow/example_dags/example_bash_operator.py
[2023-12-18T21:21:40.399+0000] {processor.py:839} INFO - DAG(s) dict_keys(['example_bash_operator']) retrieved from /home/airflow/.local/lib/python3.8/site-packages/airflow/example_dags/example_bash_operator.py
[2023-12-18T21:21:40.436+0000] {logging_mixin.py:154} INFO - [2023-12-18T21:21:40.435+0000] {dag.py:2941} INFO - Sync 1 DAGs
[2023-12-18T21:21:40.627+0000] {logging_mixin.py:154} INFO - [2023-12-18T21:21:40.626+0000] {dag.py:3722} INFO - Setting next_dagrun for example_bash_operator to 2023-12-17T00:00:00+00:00, run_after=2023-12-18T00:00:00+00:00
[2023-12-18T21:21:40.645+0000] {processor.py:179} INFO - Processing /home/airflow/.local/lib/python3.8/site-packages/airflow/example_dags/example_bash_operator.py took 0.261 seconds
[2023-12-18T21:22:11.034+0000] {processor.py:157} INFO - Started process (PID=2449) to work on /home/airflow/.local/lib/python3.8/site-packages/airflow/example_dags/example_bash_operator.py
[2023-12-18T21:22:11.035+0000] {processor.py:829} INFO - Processing file /home/airflow/.local/lib/python3.8/site-packages/airflow/example_dags/example_bash_operator.py for tasks to queue
[2023-12-18T21:22:11.037+0000] {logging_mixin.py:154} INFO - [2023-12-18T21:22:11.036+0000] {dagbag.py:536} INFO - Filling up the DagBag from /home/airflow/.local/lib/python3.8/site-packages/airflow/example_dags/example_bash_operator.py
[2023-12-18T21:22:11.045+0000] {processor.py:839} INFO - DAG(s) dict_keys(['example_bash_operator']) retrieved from /home/airflow/.local/lib/python3.8/site-packages/airflow/example_dags/example_bash_operator.py
[2023-12-18T21:22:11.067+0000] {logging_mixin.py:154} INFO - [2023-12-18T21:22:11.067+0000] {dag.py:2941} INFO - Sync 1 DAGs
[2023-12-18T21:22:11.086+0000] {logging_mixin.py:154} INFO - [2023-12-18T21:22:11.086+0000] {dag.py:3722} INFO - Setting next_dagrun for example_bash_operator to 2023-12-17T00:00:00+00:00, run_after=2023-12-18T00:00:00+00:00
[2023-12-18T21:22:11.102+0000] {processor.py:179} INFO - Processing /home/airflow/.local/lib/python3.8/site-packages/airflow/example_dags/example_bash_operator.py took 0.070 seconds
[2023-12-18T21:22:41.768+0000] {processor.py:157} INFO - Started process (PID=2503) to work on /home/airflow/.local/lib/python3.8/site-packages/airflow/example_dags/example_bash_operator.py
[2023-12-18T21:22:41.769+0000] {processor.py:829} INFO - Processing file /home/airflow/.local/lib/python3.8/site-packages/airflow/example_dags/example_bash_operator.py for tasks to queue
[2023-12-18T21:22:41.771+0000] {logging_mixin.py:154} INFO - [2023-12-18T21:22:41.770+0000] {dagbag.py:536} INFO - Filling up the DagBag from /home/airflow/.local/lib/python3.8/site-packages/airflow/example_dags/example_bash_operator.py
[2023-12-18T21:22:41.785+0000] {processor.py:839} INFO - DAG(s) dict_keys(['example_bash_operator']) retrieved from /home/airflow/.local/lib/python3.8/site-packages/airflow/example_dags/example_bash_operator.py
[2023-12-18T21:22:41.815+0000] {logging_mixin.py:154} INFO - [2023-12-18T21:22:41.815+0000] {dag.py:2941} INFO - Sync 1 DAGs
[2023-12-18T21:22:41.840+0000] {logging_mixin.py:154} INFO - [2023-12-18T21:22:41.840+0000] {dag.py:3722} INFO - Setting next_dagrun for example_bash_operator to 2023-12-17T00:00:00+00:00, run_after=2023-12-18T00:00:00+00:00
[2023-12-18T21:22:41.863+0000] {processor.py:179} INFO - Processing /home/airflow/.local/lib/python3.8/site-packages/airflow/example_dags/example_bash_operator.py took 0.098 seconds
[2023-12-18T21:23:12.019+0000] {processor.py:157} INFO - Started process (PID=2564) to work on /home/airflow/.local/lib/python3.8/site-packages/airflow/example_dags/example_bash_operator.py
[2023-12-18T21:23:12.020+0000] {processor.py:829} INFO - Processing file /home/airflow/.local/lib/python3.8/site-packages/airflow/example_dags/example_bash_operator.py for tasks to queue
[2023-12-18T21:23:12.021+0000] {logging_mixin.py:154} INFO - [2023-12-18T21:23:12.021+0000] {dagbag.py:536} INFO - Filling up the DagBag from /home/airflow/.local/lib/python3.8/site-packages/airflow/example_dags/example_bash_operator.py
[2023-12-18T21:23:12.031+0000] {processor.py:839} INFO - DAG(s) dict_keys(['example_bash_operator']) retrieved from /home/airflow/.local/lib/python3.8/site-packages/airflow/example_dags/example_bash_operator.py
[2023-12-18T21:23:12.058+0000] {logging_mixin.py:154} INFO - [2023-12-18T21:23:12.058+0000] {dag.py:2941} INFO - Sync 1 DAGs
[2023-12-18T21:23:12.078+0000] {logging_mixin.py:154} INFO - [2023-12-18T21:23:12.078+0000] {dag.py:3722} INFO - Setting next_dagrun for example_bash_operator to 2023-12-17T00:00:00+00:00, run_after=2023-12-18T00:00:00+00:00
[2023-12-18T21:23:12.095+0000] {processor.py:179} INFO - Processing /home/airflow/.local/lib/python3.8/site-packages/airflow/example_dags/example_bash_operator.py took 0.078 seconds
[2023-12-18T21:23:42.487+0000] {processor.py:157} INFO - Started process (PID=2618) to work on /home/airflow/.local/lib/python3.8/site-packages/airflow/example_dags/example_bash_operator.py
[2023-12-18T21:23:42.488+0000] {processor.py:829} INFO - Processing file /home/airflow/.local/lib/python3.8/site-packages/airflow/example_dags/example_bash_operator.py for tasks to queue
[2023-12-18T21:23:42.490+0000] {logging_mixin.py:154} INFO - [2023-12-18T21:23:42.489+0000] {dagbag.py:536} INFO - Filling up the DagBag from /home/airflow/.local/lib/python3.8/site-packages/airflow/example_dags/example_bash_operator.py
[2023-12-18T21:23:42.502+0000] {processor.py:839} INFO - DAG(s) dict_keys(['example_bash_operator']) retrieved from /home/airflow/.local/lib/python3.8/site-packages/airflow/example_dags/example_bash_operator.py
[2023-12-18T21:23:42.535+0000] {logging_mixin.py:154} INFO - [2023-12-18T21:23:42.535+0000] {dag.py:2941} INFO - Sync 1 DAGs
[2023-12-18T21:23:42.558+0000] {logging_mixin.py:154} INFO - [2023-12-18T21:23:42.558+0000] {dag.py:3722} INFO - Setting next_dagrun for example_bash_operator to 2023-12-17T00:00:00+00:00, run_after=2023-12-18T00:00:00+00:00
[2023-12-18T21:23:42.579+0000] {processor.py:179} INFO - Processing /home/airflow/.local/lib/python3.8/site-packages/airflow/example_dags/example_bash_operator.py took 0.095 seconds
[2023-12-18T21:24:12.826+0000] {processor.py:157} INFO - Started process (PID=2672) to work on /home/airflow/.local/lib/python3.8/site-packages/airflow/example_dags/example_bash_operator.py
[2023-12-18T21:24:12.827+0000] {processor.py:829} INFO - Processing file /home/airflow/.local/lib/python3.8/site-packages/airflow/example_dags/example_bash_operator.py for tasks to queue
[2023-12-18T21:24:12.829+0000] {logging_mixin.py:154} INFO - [2023-12-18T21:24:12.829+0000] {dagbag.py:536} INFO - Filling up the DagBag from /home/airflow/.local/lib/python3.8/site-packages/airflow/example_dags/example_bash_operator.py
[2023-12-18T21:24:12.840+0000] {processor.py:839} INFO - DAG(s) dict_keys(['example_bash_operator']) retrieved from /home/airflow/.local/lib/python3.8/site-packages/airflow/example_dags/example_bash_operator.py
[2023-12-18T21:24:12.867+0000] {logging_mixin.py:154} INFO - [2023-12-18T21:24:12.867+0000] {dag.py:2941} INFO - Sync 1 DAGs
[2023-12-18T21:24:12.890+0000] {logging_mixin.py:154} INFO - [2023-12-18T21:24:12.890+0000] {dag.py:3722} INFO - Setting next_dagrun for example_bash_operator to 2023-12-17T00:00:00+00:00, run_after=2023-12-18T00:00:00+00:00
[2023-12-18T21:24:12.913+0000] {processor.py:179} INFO - Processing /home/airflow/.local/lib/python3.8/site-packages/airflow/example_dags/example_bash_operator.py took 0.090 seconds
[2023-12-18T21:24:42.964+0000] {processor.py:157} INFO - Started process (PID=2726) to work on /home/airflow/.local/lib/python3.8/site-packages/airflow/example_dags/example_bash_operator.py
[2023-12-18T21:24:42.965+0000] {processor.py:829} INFO - Processing file /home/airflow/.local/lib/python3.8/site-packages/airflow/example_dags/example_bash_operator.py for tasks to queue
[2023-12-18T21:24:42.967+0000] {logging_mixin.py:154} INFO - [2023-12-18T21:24:42.966+0000] {dagbag.py:536} INFO - Filling up the DagBag from /home/airflow/.local/lib/python3.8/site-packages/airflow/example_dags/example_bash_operator.py
[2023-12-18T21:24:42.976+0000] {processor.py:839} INFO - DAG(s) dict_keys(['example_bash_operator']) retrieved from /home/airflow/.local/lib/python3.8/site-packages/airflow/example_dags/example_bash_operator.py
[2023-12-18T21:24:42.999+0000] {logging_mixin.py:154} INFO - [2023-12-18T21:24:42.999+0000] {dag.py:2941} INFO - Sync 1 DAGs
[2023-12-18T21:24:43.019+0000] {logging_mixin.py:154} INFO - [2023-12-18T21:24:43.019+0000] {dag.py:3722} INFO - Setting next_dagrun for example_bash_operator to 2023-12-17T00:00:00+00:00, run_after=2023-12-18T00:00:00+00:00
[2023-12-18T21:24:43.034+0000] {processor.py:179} INFO - Processing /home/airflow/.local/lib/python3.8/site-packages/airflow/example_dags/example_bash_operator.py took 0.072 seconds
[2023-12-18T21:25:13.276+0000] {processor.py:157} INFO - Started process (PID=2780) to work on /home/airflow/.local/lib/python3.8/site-packages/airflow/example_dags/example_bash_operator.py
[2023-12-18T21:25:13.276+0000] {processor.py:829} INFO - Processing file /home/airflow/.local/lib/python3.8/site-packages/airflow/example_dags/example_bash_operator.py for tasks to queue
[2023-12-18T21:25:13.278+0000] {logging_mixin.py:154} INFO - [2023-12-18T21:25:13.278+0000] {dagbag.py:536} INFO - Filling up the DagBag from /home/airflow/.local/lib/python3.8/site-packages/airflow/example_dags/example_bash_operator.py
[2023-12-18T21:25:13.287+0000] {processor.py:839} INFO - DAG(s) dict_keys(['example_bash_operator']) retrieved from /home/airflow/.local/lib/python3.8/site-packages/airflow/example_dags/example_bash_operator.py
[2023-12-18T21:25:13.312+0000] {logging_mixin.py:154} INFO - [2023-12-18T21:25:13.311+0000] {dag.py:2941} INFO - Sync 1 DAGs
[2023-12-18T21:25:13.330+0000] {logging_mixin.py:154} INFO - [2023-12-18T21:25:13.330+0000] {dag.py:3722} INFO - Setting next_dagrun for example_bash_operator to 2023-12-17T00:00:00+00:00, run_after=2023-12-18T00:00:00+00:00
[2023-12-18T21:25:13.346+0000] {processor.py:179} INFO - Processing /home/airflow/.local/lib/python3.8/site-packages/airflow/example_dags/example_bash_operator.py took 0.072 seconds
[2023-12-18T21:25:43.528+0000] {processor.py:157} INFO - Started process (PID=2834) to work on /home/airflow/.local/lib/python3.8/site-packages/airflow/example_dags/example_bash_operator.py
[2023-12-18T21:25:43.528+0000] {processor.py:829} INFO - Processing file /home/airflow/.local/lib/python3.8/site-packages/airflow/example_dags/example_bash_operator.py for tasks to queue
[2023-12-18T21:25:43.530+0000] {logging_mixin.py:154} INFO - [2023-12-18T21:25:43.530+0000] {dagbag.py:536} INFO - Filling up the DagBag from /home/airflow/.local/lib/python3.8/site-packages/airflow/example_dags/example_bash_operator.py
[2023-12-18T21:25:43.539+0000] {processor.py:839} INFO - DAG(s) dict_keys(['example_bash_operator']) retrieved from /home/airflow/.local/lib/python3.8/site-packages/airflow/example_dags/example_bash_operator.py
[2023-12-18T21:25:43.562+0000] {logging_mixin.py:154} INFO - [2023-12-18T21:25:43.562+0000] {dag.py:2941} INFO - Sync 1 DAGs
[2023-12-18T21:25:43.581+0000] {logging_mixin.py:154} INFO - [2023-12-18T21:25:43.580+0000] {dag.py:3722} INFO - Setting next_dagrun for example_bash_operator to 2023-12-17T00:00:00+00:00, run_after=2023-12-18T00:00:00+00:00
[2023-12-18T21:25:43.594+0000] {processor.py:179} INFO - Processing /home/airflow/.local/lib/python3.8/site-packages/airflow/example_dags/example_bash_operator.py took 0.069 seconds
[2023-12-18T21:26:13.800+0000] {processor.py:157} INFO - Started process (PID=2888) to work on /home/airflow/.local/lib/python3.8/site-packages/airflow/example_dags/example_bash_operator.py
[2023-12-18T21:26:13.800+0000] {processor.py:829} INFO - Processing file /home/airflow/.local/lib/python3.8/site-packages/airflow/example_dags/example_bash_operator.py for tasks to queue
[2023-12-18T21:26:13.802+0000] {logging_mixin.py:154} INFO - [2023-12-18T21:26:13.802+0000] {dagbag.py:536} INFO - Filling up the DagBag from /home/airflow/.local/lib/python3.8/site-packages/airflow/example_dags/example_bash_operator.py
[2023-12-18T21:26:13.811+0000] {processor.py:839} INFO - DAG(s) dict_keys(['example_bash_operator']) retrieved from /home/airflow/.local/lib/python3.8/site-packages/airflow/example_dags/example_bash_operator.py
[2023-12-18T21:26:13.834+0000] {logging_mixin.py:154} INFO - [2023-12-18T21:26:13.834+0000] {dag.py:2941} INFO - Sync 1 DAGs
[2023-12-18T21:26:13.852+0000] {logging_mixin.py:154} INFO - [2023-12-18T21:26:13.852+0000] {dag.py:3722} INFO - Setting next_dagrun for example_bash_operator to 2023-12-17T00:00:00+00:00, run_after=2023-12-18T00:00:00+00:00
[2023-12-18T21:26:13.868+0000] {processor.py:179} INFO - Processing /home/airflow/.local/lib/python3.8/site-packages/airflow/example_dags/example_bash_operator.py took 0.071 seconds
[2023-12-18T21:26:43.927+0000] {processor.py:157} INFO - Started process (PID=2942) to work on /home/airflow/.local/lib/python3.8/site-packages/airflow/example_dags/example_bash_operator.py
[2023-12-18T21:26:43.928+0000] {processor.py:829} INFO - Processing file /home/airflow/.local/lib/python3.8/site-packages/airflow/example_dags/example_bash_operator.py for tasks to queue
[2023-12-18T21:26:43.929+0000] {logging_mixin.py:154} INFO - [2023-12-18T21:26:43.929+0000] {dagbag.py:536} INFO - Filling up the DagBag from /home/airflow/.local/lib/python3.8/site-packages/airflow/example_dags/example_bash_operator.py
[2023-12-18T21:26:43.938+0000] {processor.py:839} INFO - DAG(s) dict_keys(['example_bash_operator']) retrieved from /home/airflow/.local/lib/python3.8/site-packages/airflow/example_dags/example_bash_operator.py
[2023-12-18T21:26:43.961+0000] {logging_mixin.py:154} INFO - [2023-12-18T21:26:43.961+0000] {dag.py:2941} INFO - Sync 1 DAGs
[2023-12-18T21:26:43.980+0000] {logging_mixin.py:154} INFO - [2023-12-18T21:26:43.980+0000] {dag.py:3722} INFO - Setting next_dagrun for example_bash_operator to 2023-12-17T00:00:00+00:00, run_after=2023-12-18T00:00:00+00:00
[2023-12-18T21:26:43.995+0000] {processor.py:179} INFO - Processing /home/airflow/.local/lib/python3.8/site-packages/airflow/example_dags/example_bash_operator.py took 0.070 seconds
[2023-12-18T21:27:14.301+0000] {processor.py:157} INFO - Started process (PID=2996) to work on /home/airflow/.local/lib/python3.8/site-packages/airflow/example_dags/example_bash_operator.py
[2023-12-18T21:27:14.302+0000] {processor.py:829} INFO - Processing file /home/airflow/.local/lib/python3.8/site-packages/airflow/example_dags/example_bash_operator.py for tasks to queue
[2023-12-18T21:27:14.303+0000] {logging_mixin.py:154} INFO - [2023-12-18T21:27:14.303+0000] {dagbag.py:536} INFO - Filling up the DagBag from /home/airflow/.local/lib/python3.8/site-packages/airflow/example_dags/example_bash_operator.py
[2023-12-18T21:27:14.312+0000] {processor.py:839} INFO - DAG(s) dict_keys(['example_bash_operator']) retrieved from /home/airflow/.local/lib/python3.8/site-packages/airflow/example_dags/example_bash_operator.py
[2023-12-18T21:27:14.340+0000] {logging_mixin.py:154} INFO - [2023-12-18T21:27:14.339+0000] {dag.py:2941} INFO - Sync 1 DAGs
[2023-12-18T21:27:14.361+0000] {logging_mixin.py:154} INFO - [2023-12-18T21:27:14.361+0000] {dag.py:3722} INFO - Setting next_dagrun for example_bash_operator to 2023-12-17T00:00:00+00:00, run_after=2023-12-18T00:00:00+00:00
[2023-12-18T21:27:14.380+0000] {processor.py:179} INFO - Processing /home/airflow/.local/lib/python3.8/site-packages/airflow/example_dags/example_bash_operator.py took 0.081 seconds
[2023-12-18T21:27:44.467+0000] {processor.py:157} INFO - Started process (PID=3051) to work on /home/airflow/.local/lib/python3.8/site-packages/airflow/example_dags/example_bash_operator.py
[2023-12-18T21:27:44.468+0000] {processor.py:829} INFO - Processing file /home/airflow/.local/lib/python3.8/site-packages/airflow/example_dags/example_bash_operator.py for tasks to queue
[2023-12-18T21:27:44.470+0000] {logging_mixin.py:154} INFO - [2023-12-18T21:27:44.469+0000] {dagbag.py:536} INFO - Filling up the DagBag from /home/airflow/.local/lib/python3.8/site-packages/airflow/example_dags/example_bash_operator.py
[2023-12-18T21:27:44.478+0000] {processor.py:839} INFO - DAG(s) dict_keys(['example_bash_operator']) retrieved from /home/airflow/.local/lib/python3.8/site-packages/airflow/example_dags/example_bash_operator.py
[2023-12-18T21:27:44.502+0000] {logging_mixin.py:154} INFO - [2023-12-18T21:27:44.502+0000] {dag.py:2941} INFO - Sync 1 DAGs
[2023-12-18T21:27:44.522+0000] {logging_mixin.py:154} INFO - [2023-12-18T21:27:44.522+0000] {dag.py:3722} INFO - Setting next_dagrun for example_bash_operator to 2023-12-17T00:00:00+00:00, run_after=2023-12-18T00:00:00+00:00
[2023-12-18T21:27:44.537+0000] {processor.py:179} INFO - Processing /home/airflow/.local/lib/python3.8/site-packages/airflow/example_dags/example_bash_operator.py took 0.072 seconds
[2023-12-18T21:28:14.690+0000] {processor.py:157} INFO - Started process (PID=3105) to work on /home/airflow/.local/lib/python3.8/site-packages/airflow/example_dags/example_bash_operator.py
[2023-12-18T21:28:14.691+0000] {processor.py:829} INFO - Processing file /home/airflow/.local/lib/python3.8/site-packages/airflow/example_dags/example_bash_operator.py for tasks to queue
[2023-12-18T21:28:14.692+0000] {logging_mixin.py:154} INFO - [2023-12-18T21:28:14.692+0000] {dagbag.py:536} INFO - Filling up the DagBag from /home/airflow/.local/lib/python3.8/site-packages/airflow/example_dags/example_bash_operator.py
[2023-12-18T21:28:14.702+0000] {processor.py:839} INFO - DAG(s) dict_keys(['example_bash_operator']) retrieved from /home/airflow/.local/lib/python3.8/site-packages/airflow/example_dags/example_bash_operator.py
[2023-12-18T21:28:14.726+0000] {logging_mixin.py:154} INFO - [2023-12-18T21:28:14.726+0000] {dag.py:2941} INFO - Sync 1 DAGs
[2023-12-18T21:28:14.745+0000] {logging_mixin.py:154} INFO - [2023-12-18T21:28:14.745+0000] {dag.py:3722} INFO - Setting next_dagrun for example_bash_operator to 2023-12-17T00:00:00+00:00, run_after=2023-12-18T00:00:00+00:00
[2023-12-18T21:28:14.762+0000] {processor.py:179} INFO - Processing /home/airflow/.local/lib/python3.8/site-packages/airflow/example_dags/example_bash_operator.py took 0.075 seconds
[2023-12-18T21:28:44.864+0000] {processor.py:157} INFO - Started process (PID=3158) to work on /home/airflow/.local/lib/python3.8/site-packages/airflow/example_dags/example_bash_operator.py
[2023-12-18T21:28:44.864+0000] {processor.py:829} INFO - Processing file /home/airflow/.local/lib/python3.8/site-packages/airflow/example_dags/example_bash_operator.py for tasks to queue
[2023-12-18T21:28:44.866+0000] {logging_mixin.py:154} INFO - [2023-12-18T21:28:44.866+0000] {dagbag.py:536} INFO - Filling up the DagBag from /home/airflow/.local/lib/python3.8/site-packages/airflow/example_dags/example_bash_operator.py
[2023-12-18T21:28:44.874+0000] {processor.py:839} INFO - DAG(s) dict_keys(['example_bash_operator']) retrieved from /home/airflow/.local/lib/python3.8/site-packages/airflow/example_dags/example_bash_operator.py
[2023-12-18T21:28:44.901+0000] {logging_mixin.py:154} INFO - [2023-12-18T21:28:44.901+0000] {dag.py:2941} INFO - Sync 1 DAGs
[2023-12-18T21:28:44.920+0000] {logging_mixin.py:154} INFO - [2023-12-18T21:28:44.920+0000] {dag.py:3722} INFO - Setting next_dagrun for example_bash_operator to 2023-12-17T00:00:00+00:00, run_after=2023-12-18T00:00:00+00:00
[2023-12-18T21:28:44.935+0000] {processor.py:179} INFO - Processing /home/airflow/.local/lib/python3.8/site-packages/airflow/example_dags/example_bash_operator.py took 0.074 seconds
[2023-12-18T21:29:15.031+0000] {processor.py:157} INFO - Started process (PID=3212) to work on /home/airflow/.local/lib/python3.8/site-packages/airflow/example_dags/example_bash_operator.py
[2023-12-18T21:29:15.032+0000] {processor.py:829} INFO - Processing file /home/airflow/.local/lib/python3.8/site-packages/airflow/example_dags/example_bash_operator.py for tasks to queue
[2023-12-18T21:29:15.033+0000] {logging_mixin.py:154} INFO - [2023-12-18T21:29:15.033+0000] {dagbag.py:536} INFO - Filling up the DagBag from /home/airflow/.local/lib/python3.8/site-packages/airflow/example_dags/example_bash_operator.py
[2023-12-18T21:29:15.041+0000] {processor.py:839} INFO - DAG(s) dict_keys(['example_bash_operator']) retrieved from /home/airflow/.local/lib/python3.8/site-packages/airflow/example_dags/example_bash_operator.py
[2023-12-18T21:29:15.065+0000] {logging_mixin.py:154} INFO - [2023-12-18T21:29:15.065+0000] {dag.py:2941} INFO - Sync 1 DAGs
[2023-12-18T21:29:15.084+0000] {logging_mixin.py:154} INFO - [2023-12-18T21:29:15.084+0000] {dag.py:3722} INFO - Setting next_dagrun for example_bash_operator to 2023-12-17T00:00:00+00:00, run_after=2023-12-18T00:00:00+00:00
[2023-12-18T21:29:15.099+0000] {processor.py:179} INFO - Processing /home/airflow/.local/lib/python3.8/site-packages/airflow/example_dags/example_bash_operator.py took 0.070 seconds
[2023-12-18T21:29:45.186+0000] {processor.py:157} INFO - Started process (PID=3266) to work on /home/airflow/.local/lib/python3.8/site-packages/airflow/example_dags/example_bash_operator.py
[2023-12-18T21:29:45.187+0000] {processor.py:829} INFO - Processing file /home/airflow/.local/lib/python3.8/site-packages/airflow/example_dags/example_bash_operator.py for tasks to queue
[2023-12-18T21:29:45.188+0000] {logging_mixin.py:154} INFO - [2023-12-18T21:29:45.188+0000] {dagbag.py:536} INFO - Filling up the DagBag from /home/airflow/.local/lib/python3.8/site-packages/airflow/example_dags/example_bash_operator.py
[2023-12-18T21:29:45.197+0000] {processor.py:839} INFO - DAG(s) dict_keys(['example_bash_operator']) retrieved from /home/airflow/.local/lib/python3.8/site-packages/airflow/example_dags/example_bash_operator.py
[2023-12-18T21:29:45.221+0000] {logging_mixin.py:154} INFO - [2023-12-18T21:29:45.221+0000] {dag.py:2941} INFO - Sync 1 DAGs
[2023-12-18T21:29:45.240+0000] {logging_mixin.py:154} INFO - [2023-12-18T21:29:45.240+0000] {dag.py:3722} INFO - Setting next_dagrun for example_bash_operator to 2023-12-17T00:00:00+00:00, run_after=2023-12-18T00:00:00+00:00
[2023-12-18T21:29:45.255+0000] {processor.py:179} INFO - Processing /home/airflow/.local/lib/python3.8/site-packages/airflow/example_dags/example_bash_operator.py took 0.071 seconds
[2023-12-18T21:30:15.304+0000] {processor.py:157} INFO - Started process (PID=3321) to work on /home/airflow/.local/lib/python3.8/site-packages/airflow/example_dags/example_bash_operator.py
[2023-12-18T21:30:15.305+0000] {processor.py:829} INFO - Processing file /home/airflow/.local/lib/python3.8/site-packages/airflow/example_dags/example_bash_operator.py for tasks to queue
[2023-12-18T21:30:15.306+0000] {logging_mixin.py:154} INFO - [2023-12-18T21:30:15.306+0000] {dagbag.py:536} INFO - Filling up the DagBag from /home/airflow/.local/lib/python3.8/site-packages/airflow/example_dags/example_bash_operator.py
[2023-12-18T21:30:15.315+0000] {processor.py:839} INFO - DAG(s) dict_keys(['example_bash_operator']) retrieved from /home/airflow/.local/lib/python3.8/site-packages/airflow/example_dags/example_bash_operator.py
[2023-12-18T21:30:15.338+0000] {logging_mixin.py:154} INFO - [2023-12-18T21:30:15.338+0000] {dag.py:2941} INFO - Sync 1 DAGs
[2023-12-18T21:30:15.357+0000] {logging_mixin.py:154} INFO - [2023-12-18T21:30:15.356+0000] {dag.py:3722} INFO - Setting next_dagrun for example_bash_operator to 2023-12-17T00:00:00+00:00, run_after=2023-12-18T00:00:00+00:00
[2023-12-18T21:30:15.373+0000] {processor.py:179} INFO - Processing /home/airflow/.local/lib/python3.8/site-packages/airflow/example_dags/example_bash_operator.py took 0.072 seconds
[2023-12-18T21:30:45.567+0000] {processor.py:157} INFO - Started process (PID=3375) to work on /home/airflow/.local/lib/python3.8/site-packages/airflow/example_dags/example_bash_operator.py
[2023-12-18T21:30:45.568+0000] {processor.py:829} INFO - Processing file /home/airflow/.local/lib/python3.8/site-packages/airflow/example_dags/example_bash_operator.py for tasks to queue
[2023-12-18T21:30:45.570+0000] {logging_mixin.py:154} INFO - [2023-12-18T21:30:45.570+0000] {dagbag.py:536} INFO - Filling up the DagBag from /home/airflow/.local/lib/python3.8/site-packages/airflow/example_dags/example_bash_operator.py
[2023-12-18T21:30:45.584+0000] {processor.py:839} INFO - DAG(s) dict_keys(['example_bash_operator']) retrieved from /home/airflow/.local/lib/python3.8/site-packages/airflow/example_dags/example_bash_operator.py
[2023-12-18T21:30:45.613+0000] {logging_mixin.py:154} INFO - [2023-12-18T21:30:45.613+0000] {dag.py:2941} INFO - Sync 1 DAGs
[2023-12-18T21:30:45.634+0000] {logging_mixin.py:154} INFO - [2023-12-18T21:30:45.634+0000] {dag.py:3722} INFO - Setting next_dagrun for example_bash_operator to 2023-12-17T00:00:00+00:00, run_after=2023-12-18T00:00:00+00:00
[2023-12-18T21:30:45.649+0000] {processor.py:179} INFO - Processing /home/airflow/.local/lib/python3.8/site-packages/airflow/example_dags/example_bash_operator.py took 0.085 seconds
[2023-12-18T21:31:15.886+0000] {processor.py:157} INFO - Started process (PID=3429) to work on /home/airflow/.local/lib/python3.8/site-packages/airflow/example_dags/example_bash_operator.py
[2023-12-18T21:31:15.887+0000] {processor.py:829} INFO - Processing file /home/airflow/.local/lib/python3.8/site-packages/airflow/example_dags/example_bash_operator.py for tasks to queue
[2023-12-18T21:31:15.888+0000] {logging_mixin.py:154} INFO - [2023-12-18T21:31:15.888+0000] {dagbag.py:536} INFO - Filling up the DagBag from /home/airflow/.local/lib/python3.8/site-packages/airflow/example_dags/example_bash_operator.py
[2023-12-18T21:31:15.896+0000] {processor.py:839} INFO - DAG(s) dict_keys(['example_bash_operator']) retrieved from /home/airflow/.local/lib/python3.8/site-packages/airflow/example_dags/example_bash_operator.py
[2023-12-18T21:31:15.920+0000] {logging_mixin.py:154} INFO - [2023-12-18T21:31:15.920+0000] {dag.py:2941} INFO - Sync 1 DAGs
[2023-12-18T21:31:15.939+0000] {logging_mixin.py:154} INFO - [2023-12-18T21:31:15.939+0000] {dag.py:3722} INFO - Setting next_dagrun for example_bash_operator to 2023-12-17T00:00:00+00:00, run_after=2023-12-18T00:00:00+00:00
[2023-12-18T21:31:15.954+0000] {processor.py:179} INFO - Processing /home/airflow/.local/lib/python3.8/site-packages/airflow/example_dags/example_bash_operator.py took 0.070 seconds
[2023-12-18T21:31:46.240+0000] {processor.py:157} INFO - Started process (PID=3483) to work on /home/airflow/.local/lib/python3.8/site-packages/airflow/example_dags/example_bash_operator.py
[2023-12-18T21:31:46.242+0000] {processor.py:829} INFO - Processing file /home/airflow/.local/lib/python3.8/site-packages/airflow/example_dags/example_bash_operator.py for tasks to queue
[2023-12-18T21:31:46.243+0000] {logging_mixin.py:154} INFO - [2023-12-18T21:31:46.243+0000] {dagbag.py:536} INFO - Filling up the DagBag from /home/airflow/.local/lib/python3.8/site-packages/airflow/example_dags/example_bash_operator.py
[2023-12-18T21:31:46.252+0000] {processor.py:839} INFO - DAG(s) dict_keys(['example_bash_operator']) retrieved from /home/airflow/.local/lib/python3.8/site-packages/airflow/example_dags/example_bash_operator.py
[2023-12-18T21:31:46.277+0000] {logging_mixin.py:154} INFO - [2023-12-18T21:31:46.277+0000] {dag.py:2941} INFO - Sync 1 DAGs
[2023-12-18T21:31:46.297+0000] {logging_mixin.py:154} INFO - [2023-12-18T21:31:46.296+0000] {dag.py:3722} INFO - Setting next_dagrun for example_bash_operator to 2023-12-17T00:00:00+00:00, run_after=2023-12-18T00:00:00+00:00
[2023-12-18T21:31:46.313+0000] {processor.py:179} INFO - Processing /home/airflow/.local/lib/python3.8/site-packages/airflow/example_dags/example_bash_operator.py took 0.077 seconds
[2023-12-18T21:32:16.379+0000] {processor.py:157} INFO - Started process (PID=3537) to work on /home/airflow/.local/lib/python3.8/site-packages/airflow/example_dags/example_bash_operator.py
[2023-12-18T21:32:16.379+0000] {processor.py:829} INFO - Processing file /home/airflow/.local/lib/python3.8/site-packages/airflow/example_dags/example_bash_operator.py for tasks to queue
[2023-12-18T21:32:16.381+0000] {logging_mixin.py:154} INFO - [2023-12-18T21:32:16.381+0000] {dagbag.py:536} INFO - Filling up the DagBag from /home/airflow/.local/lib/python3.8/site-packages/airflow/example_dags/example_bash_operator.py
[2023-12-18T21:32:16.390+0000] {processor.py:839} INFO - DAG(s) dict_keys(['example_bash_operator']) retrieved from /home/airflow/.local/lib/python3.8/site-packages/airflow/example_dags/example_bash_operator.py
[2023-12-18T21:32:16.415+0000] {logging_mixin.py:154} INFO - [2023-12-18T21:32:16.415+0000] {dag.py:2941} INFO - Sync 1 DAGs
[2023-12-18T21:32:16.435+0000] {logging_mixin.py:154} INFO - [2023-12-18T21:32:16.434+0000] {dag.py:3722} INFO - Setting next_dagrun for example_bash_operator to 2023-12-17T00:00:00+00:00, run_after=2023-12-18T00:00:00+00:00
[2023-12-18T21:32:16.450+0000] {processor.py:179} INFO - Processing /home/airflow/.local/lib/python3.8/site-packages/airflow/example_dags/example_bash_operator.py took 0.074 seconds
[2023-12-18T21:32:46.589+0000] {processor.py:157} INFO - Started process (PID=3591) to work on /home/airflow/.local/lib/python3.8/site-packages/airflow/example_dags/example_bash_operator.py
[2023-12-18T21:32:46.590+0000] {processor.py:829} INFO - Processing file /home/airflow/.local/lib/python3.8/site-packages/airflow/example_dags/example_bash_operator.py for tasks to queue
[2023-12-18T21:32:46.591+0000] {logging_mixin.py:154} INFO - [2023-12-18T21:32:46.591+0000] {dagbag.py:536} INFO - Filling up the DagBag from /home/airflow/.local/lib/python3.8/site-packages/airflow/example_dags/example_bash_operator.py
[2023-12-18T21:32:46.600+0000] {processor.py:839} INFO - DAG(s) dict_keys(['example_bash_operator']) retrieved from /home/airflow/.local/lib/python3.8/site-packages/airflow/example_dags/example_bash_operator.py
[2023-12-18T21:32:46.626+0000] {logging_mixin.py:154} INFO - [2023-12-18T21:32:46.626+0000] {dag.py:2941} INFO - Sync 1 DAGs
[2023-12-18T21:32:46.645+0000] {logging_mixin.py:154} INFO - [2023-12-18T21:32:46.645+0000] {dag.py:3722} INFO - Setting next_dagrun for example_bash_operator to 2023-12-17T00:00:00+00:00, run_after=2023-12-18T00:00:00+00:00
[2023-12-18T21:32:46.660+0000] {processor.py:179} INFO - Processing /home/airflow/.local/lib/python3.8/site-packages/airflow/example_dags/example_bash_operator.py took 0.074 seconds
[2023-12-18T21:33:16.828+0000] {processor.py:157} INFO - Started process (PID=3645) to work on /home/airflow/.local/lib/python3.8/site-packages/airflow/example_dags/example_bash_operator.py
[2023-12-18T21:33:16.829+0000] {processor.py:829} INFO - Processing file /home/airflow/.local/lib/python3.8/site-packages/airflow/example_dags/example_bash_operator.py for tasks to queue
[2023-12-18T21:33:16.831+0000] {logging_mixin.py:154} INFO - [2023-12-18T21:33:16.830+0000] {dagbag.py:536} INFO - Filling up the DagBag from /home/airflow/.local/lib/python3.8/site-packages/airflow/example_dags/example_bash_operator.py
[2023-12-18T21:33:16.840+0000] {processor.py:839} INFO - DAG(s) dict_keys(['example_bash_operator']) retrieved from /home/airflow/.local/lib/python3.8/site-packages/airflow/example_dags/example_bash_operator.py
[2023-12-18T21:33:16.866+0000] {logging_mixin.py:154} INFO - [2023-12-18T21:33:16.865+0000] {dag.py:2941} INFO - Sync 1 DAGs
[2023-12-18T21:33:16.887+0000] {logging_mixin.py:154} INFO - [2023-12-18T21:33:16.887+0000] {dag.py:3722} INFO - Setting next_dagrun for example_bash_operator to 2023-12-17T00:00:00+00:00, run_after=2023-12-18T00:00:00+00:00
[2023-12-18T21:33:16.906+0000] {processor.py:179} INFO - Processing /home/airflow/.local/lib/python3.8/site-packages/airflow/example_dags/example_bash_operator.py took 0.080 seconds
[2023-12-18T21:33:46.980+0000] {processor.py:157} INFO - Started process (PID=3699) to work on /home/airflow/.local/lib/python3.8/site-packages/airflow/example_dags/example_bash_operator.py
[2023-12-18T21:33:46.981+0000] {processor.py:829} INFO - Processing file /home/airflow/.local/lib/python3.8/site-packages/airflow/example_dags/example_bash_operator.py for tasks to queue
[2023-12-18T21:33:46.983+0000] {logging_mixin.py:154} INFO - [2023-12-18T21:33:46.983+0000] {dagbag.py:536} INFO - Filling up the DagBag from /home/airflow/.local/lib/python3.8/site-packages/airflow/example_dags/example_bash_operator.py
[2023-12-18T21:33:46.994+0000] {processor.py:839} INFO - DAG(s) dict_keys(['example_bash_operator']) retrieved from /home/airflow/.local/lib/python3.8/site-packages/airflow/example_dags/example_bash_operator.py
[2023-12-18T21:33:47.021+0000] {logging_mixin.py:154} INFO - [2023-12-18T21:33:47.020+0000] {dag.py:2941} INFO - Sync 1 DAGs
[2023-12-18T21:33:47.048+0000] {logging_mixin.py:154} INFO - [2023-12-18T21:33:47.048+0000] {dag.py:3722} INFO - Setting next_dagrun for example_bash_operator to 2023-12-17T00:00:00+00:00, run_after=2023-12-18T00:00:00+00:00
[2023-12-18T21:33:47.076+0000] {processor.py:179} INFO - Processing /home/airflow/.local/lib/python3.8/site-packages/airflow/example_dags/example_bash_operator.py took 0.099 seconds
[2023-12-18T21:34:17.196+0000] {processor.py:157} INFO - Started process (PID=3753) to work on /home/airflow/.local/lib/python3.8/site-packages/airflow/example_dags/example_bash_operator.py
[2023-12-18T21:34:17.197+0000] {processor.py:829} INFO - Processing file /home/airflow/.local/lib/python3.8/site-packages/airflow/example_dags/example_bash_operator.py for tasks to queue
[2023-12-18T21:34:17.199+0000] {logging_mixin.py:154} INFO - [2023-12-18T21:34:17.198+0000] {dagbag.py:536} INFO - Filling up the DagBag from /home/airflow/.local/lib/python3.8/site-packages/airflow/example_dags/example_bash_operator.py
[2023-12-18T21:34:17.211+0000] {processor.py:839} INFO - DAG(s) dict_keys(['example_bash_operator']) retrieved from /home/airflow/.local/lib/python3.8/site-packages/airflow/example_dags/example_bash_operator.py
[2023-12-18T21:34:17.238+0000] {logging_mixin.py:154} INFO - [2023-12-18T21:34:17.237+0000] {dag.py:2941} INFO - Sync 1 DAGs
[2023-12-18T21:34:17.262+0000] {logging_mixin.py:154} INFO - [2023-12-18T21:34:17.262+0000] {dag.py:3722} INFO - Setting next_dagrun for example_bash_operator to 2023-12-17T00:00:00+00:00, run_after=2023-12-18T00:00:00+00:00
[2023-12-18T21:34:17.280+0000] {processor.py:179} INFO - Processing /home/airflow/.local/lib/python3.8/site-packages/airflow/example_dags/example_bash_operator.py took 0.087 seconds
[2023-12-18T21:34:47.380+0000] {processor.py:157} INFO - Started process (PID=3807) to work on /home/airflow/.local/lib/python3.8/site-packages/airflow/example_dags/example_bash_operator.py
[2023-12-18T21:34:47.381+0000] {processor.py:829} INFO - Processing file /home/airflow/.local/lib/python3.8/site-packages/airflow/example_dags/example_bash_operator.py for tasks to queue
[2023-12-18T21:34:47.384+0000] {logging_mixin.py:154} INFO - [2023-12-18T21:34:47.383+0000] {dagbag.py:536} INFO - Filling up the DagBag from /home/airflow/.local/lib/python3.8/site-packages/airflow/example_dags/example_bash_operator.py
[2023-12-18T21:34:47.395+0000] {processor.py:839} INFO - DAG(s) dict_keys(['example_bash_operator']) retrieved from /home/airflow/.local/lib/python3.8/site-packages/airflow/example_dags/example_bash_operator.py
[2023-12-18T21:34:47.428+0000] {logging_mixin.py:154} INFO - [2023-12-18T21:34:47.428+0000] {dag.py:2941} INFO - Sync 1 DAGs
[2023-12-18T21:34:47.452+0000] {logging_mixin.py:154} INFO - [2023-12-18T21:34:47.452+0000] {dag.py:3722} INFO - Setting next_dagrun for example_bash_operator to 2023-12-17T00:00:00+00:00, run_after=2023-12-18T00:00:00+00:00
[2023-12-18T21:34:47.474+0000] {processor.py:179} INFO - Processing /home/airflow/.local/lib/python3.8/site-packages/airflow/example_dags/example_bash_operator.py took 0.097 seconds
[2023-12-18T21:35:17.714+0000] {processor.py:157} INFO - Started process (PID=3861) to work on /home/airflow/.local/lib/python3.8/site-packages/airflow/example_dags/example_bash_operator.py
[2023-12-18T21:35:17.715+0000] {processor.py:829} INFO - Processing file /home/airflow/.local/lib/python3.8/site-packages/airflow/example_dags/example_bash_operator.py for tasks to queue
[2023-12-18T21:35:17.717+0000] {logging_mixin.py:154} INFO - [2023-12-18T21:35:17.717+0000] {dagbag.py:536} INFO - Filling up the DagBag from /home/airflow/.local/lib/python3.8/site-packages/airflow/example_dags/example_bash_operator.py
[2023-12-18T21:35:17.728+0000] {processor.py:839} INFO - DAG(s) dict_keys(['example_bash_operator']) retrieved from /home/airflow/.local/lib/python3.8/site-packages/airflow/example_dags/example_bash_operator.py
[2023-12-18T21:35:17.756+0000] {logging_mixin.py:154} INFO - [2023-12-18T21:35:17.756+0000] {dag.py:2941} INFO - Sync 1 DAGs
[2023-12-18T21:35:17.802+0000] {logging_mixin.py:154} INFO - [2023-12-18T21:35:17.801+0000] {dag.py:3722} INFO - Setting next_dagrun for example_bash_operator to 2023-12-17T00:00:00+00:00, run_after=2023-12-18T00:00:00+00:00
[2023-12-18T21:35:17.843+0000] {processor.py:179} INFO - Processing /home/airflow/.local/lib/python3.8/site-packages/airflow/example_dags/example_bash_operator.py took 0.132 seconds
[2023-12-18T21:35:48.045+0000] {processor.py:157} INFO - Started process (PID=3915) to work on /home/airflow/.local/lib/python3.8/site-packages/airflow/example_dags/example_bash_operator.py
[2023-12-18T21:35:48.046+0000] {processor.py:829} INFO - Processing file /home/airflow/.local/lib/python3.8/site-packages/airflow/example_dags/example_bash_operator.py for tasks to queue
[2023-12-18T21:35:48.047+0000] {logging_mixin.py:154} INFO - [2023-12-18T21:35:48.047+0000] {dagbag.py:536} INFO - Filling up the DagBag from /home/airflow/.local/lib/python3.8/site-packages/airflow/example_dags/example_bash_operator.py
[2023-12-18T21:35:48.056+0000] {processor.py:839} INFO - DAG(s) dict_keys(['example_bash_operator']) retrieved from /home/airflow/.local/lib/python3.8/site-packages/airflow/example_dags/example_bash_operator.py
[2023-12-18T21:35:48.081+0000] {logging_mixin.py:154} INFO - [2023-12-18T21:35:48.080+0000] {dag.py:2941} INFO - Sync 1 DAGs
[2023-12-18T21:35:48.101+0000] {logging_mixin.py:154} INFO - [2023-12-18T21:35:48.100+0000] {dag.py:3722} INFO - Setting next_dagrun for example_bash_operator to 2023-12-17T00:00:00+00:00, run_after=2023-12-18T00:00:00+00:00
[2023-12-18T21:35:48.118+0000] {processor.py:179} INFO - Processing /home/airflow/.local/lib/python3.8/site-packages/airflow/example_dags/example_bash_operator.py took 0.075 seconds
