[2023-12-18T20:56:38.999+0000] {processor.py:157} INFO - Started process (PID=61) to work on /home/airflow/.local/lib/python3.8/site-packages/airflow/example_dags/tutorial.py
[2023-12-18T20:56:39.001+0000] {processor.py:829} INFO - Processing file /home/airflow/.local/lib/python3.8/site-packages/airflow/example_dags/tutorial.py for tasks to queue
[2023-12-18T20:56:39.005+0000] {logging_mixin.py:154} INFO - [2023-12-18T20:56:39.004+0000] {dagbag.py:536} INFO - Filling up the DagBag from /home/airflow/.local/lib/python3.8/site-packages/airflow/example_dags/tutorial.py
[2023-12-18T20:56:39.019+0000] {processor.py:839} INFO - DAG(s) dict_keys(['tutorial']) retrieved from /home/airflow/.local/lib/python3.8/site-packages/airflow/example_dags/tutorial.py
[2023-12-18T20:56:39.077+0000] {logging_mixin.py:154} INFO - [2023-12-18T20:56:39.076+0000] {dag.py:2941} INFO - Sync 1 DAGs
[2023-12-18T20:56:39.121+0000] {logging_mixin.py:154} INFO - [2023-12-18T20:56:39.121+0000] {dag.py:3722} INFO - Setting next_dagrun for tutorial to 2023-12-17T20:56:39.121019+00:00, run_after=2023-12-18T20:56:39.121019+00:00
[2023-12-18T20:56:39.158+0000] {processor.py:179} INFO - Processing /home/airflow/.local/lib/python3.8/site-packages/airflow/example_dags/tutorial.py took 0.164 seconds
[2023-12-18T20:57:09.909+0000] {processor.py:157} INFO - Started process (PID=115) to work on /home/airflow/.local/lib/python3.8/site-packages/airflow/example_dags/tutorial.py
[2023-12-18T20:57:09.911+0000] {processor.py:829} INFO - Processing file /home/airflow/.local/lib/python3.8/site-packages/airflow/example_dags/tutorial.py for tasks to queue
[2023-12-18T20:57:09.915+0000] {logging_mixin.py:154} INFO - [2023-12-18T20:57:09.914+0000] {dagbag.py:536} INFO - Filling up the DagBag from /home/airflow/.local/lib/python3.8/site-packages/airflow/example_dags/tutorial.py
[2023-12-18T20:57:09.927+0000] {processor.py:839} INFO - DAG(s) dict_keys(['tutorial']) retrieved from /home/airflow/.local/lib/python3.8/site-packages/airflow/example_dags/tutorial.py
[2023-12-18T20:57:09.972+0000] {logging_mixin.py:154} INFO - [2023-12-18T20:57:09.971+0000] {dag.py:2941} INFO - Sync 1 DAGs
[2023-12-18T20:57:10.024+0000] {logging_mixin.py:154} INFO - [2023-12-18T20:57:10.023+0000] {dag.py:3722} INFO - Setting next_dagrun for tutorial to 2023-12-17T20:57:10.023446+00:00, run_after=2023-12-18T20:57:10.023446+00:00
[2023-12-18T20:57:10.065+0000] {processor.py:179} INFO - Processing /home/airflow/.local/lib/python3.8/site-packages/airflow/example_dags/tutorial.py took 0.163 seconds
[2023-12-18T20:57:40.488+0000] {processor.py:157} INFO - Started process (PID=169) to work on /home/airflow/.local/lib/python3.8/site-packages/airflow/example_dags/tutorial.py
[2023-12-18T20:57:40.489+0000] {processor.py:829} INFO - Processing file /home/airflow/.local/lib/python3.8/site-packages/airflow/example_dags/tutorial.py for tasks to queue
[2023-12-18T20:57:40.493+0000] {logging_mixin.py:154} INFO - [2023-12-18T20:57:40.492+0000] {dagbag.py:536} INFO - Filling up the DagBag from /home/airflow/.local/lib/python3.8/site-packages/airflow/example_dags/tutorial.py
[2023-12-18T20:57:40.503+0000] {processor.py:839} INFO - DAG(s) dict_keys(['tutorial']) retrieved from /home/airflow/.local/lib/python3.8/site-packages/airflow/example_dags/tutorial.py
[2023-12-18T20:57:40.540+0000] {logging_mixin.py:154} INFO - [2023-12-18T20:57:40.539+0000] {dag.py:2941} INFO - Sync 1 DAGs
[2023-12-18T20:57:40.589+0000] {logging_mixin.py:154} INFO - [2023-12-18T20:57:40.589+0000] {dag.py:3722} INFO - Setting next_dagrun for tutorial to 2023-12-17T20:57:40.588872+00:00, run_after=2023-12-18T20:57:40.588872+00:00
[2023-12-18T20:57:40.655+0000] {processor.py:179} INFO - Processing /home/airflow/.local/lib/python3.8/site-packages/airflow/example_dags/tutorial.py took 0.173 seconds
[2023-12-18T20:58:11.229+0000] {processor.py:157} INFO - Started process (PID=223) to work on /home/airflow/.local/lib/python3.8/site-packages/airflow/example_dags/tutorial.py
[2023-12-18T20:58:11.232+0000] {processor.py:829} INFO - Processing file /home/airflow/.local/lib/python3.8/site-packages/airflow/example_dags/tutorial.py for tasks to queue
[2023-12-18T20:58:11.235+0000] {logging_mixin.py:154} INFO - [2023-12-18T20:58:11.235+0000] {dagbag.py:536} INFO - Filling up the DagBag from /home/airflow/.local/lib/python3.8/site-packages/airflow/example_dags/tutorial.py
[2023-12-18T20:58:11.246+0000] {processor.py:839} INFO - DAG(s) dict_keys(['tutorial']) retrieved from /home/airflow/.local/lib/python3.8/site-packages/airflow/example_dags/tutorial.py
[2023-12-18T20:58:11.283+0000] {logging_mixin.py:154} INFO - [2023-12-18T20:58:11.282+0000] {dag.py:2941} INFO - Sync 1 DAGs
[2023-12-18T20:58:11.327+0000] {logging_mixin.py:154} INFO - [2023-12-18T20:58:11.327+0000] {dag.py:3722} INFO - Setting next_dagrun for tutorial to 2023-12-17T20:58:11.326888+00:00, run_after=2023-12-18T20:58:11.326888+00:00
[2023-12-18T20:58:11.384+0000] {processor.py:179} INFO - Processing /home/airflow/.local/lib/python3.8/site-packages/airflow/example_dags/tutorial.py took 0.162 seconds
[2023-12-18T20:58:41.597+0000] {processor.py:157} INFO - Started process (PID=277) to work on /home/airflow/.local/lib/python3.8/site-packages/airflow/example_dags/tutorial.py
[2023-12-18T20:58:41.598+0000] {processor.py:829} INFO - Processing file /home/airflow/.local/lib/python3.8/site-packages/airflow/example_dags/tutorial.py for tasks to queue
[2023-12-18T20:58:41.601+0000] {logging_mixin.py:154} INFO - [2023-12-18T20:58:41.601+0000] {dagbag.py:536} INFO - Filling up the DagBag from /home/airflow/.local/lib/python3.8/site-packages/airflow/example_dags/tutorial.py
[2023-12-18T20:58:41.609+0000] {processor.py:839} INFO - DAG(s) dict_keys(['tutorial']) retrieved from /home/airflow/.local/lib/python3.8/site-packages/airflow/example_dags/tutorial.py
[2023-12-18T20:58:41.640+0000] {logging_mixin.py:154} INFO - [2023-12-18T20:58:41.640+0000] {dag.py:2941} INFO - Sync 1 DAGs
[2023-12-18T20:58:41.677+0000] {logging_mixin.py:154} INFO - [2023-12-18T20:58:41.676+0000] {dag.py:3722} INFO - Setting next_dagrun for tutorial to 2023-12-17T20:58:41.676355+00:00, run_after=2023-12-18T20:58:41.676355+00:00
[2023-12-18T20:58:41.707+0000] {processor.py:179} INFO - Processing /home/airflow/.local/lib/python3.8/site-packages/airflow/example_dags/tutorial.py took 0.117 seconds
[2023-12-18T20:59:12.860+0000] {processor.py:157} INFO - Started process (PID=331) to work on /home/airflow/.local/lib/python3.8/site-packages/airflow/example_dags/tutorial.py
[2023-12-18T20:59:12.861+0000] {processor.py:829} INFO - Processing file /home/airflow/.local/lib/python3.8/site-packages/airflow/example_dags/tutorial.py for tasks to queue
[2023-12-18T20:59:12.865+0000] {logging_mixin.py:154} INFO - [2023-12-18T20:59:12.865+0000] {dagbag.py:536} INFO - Filling up the DagBag from /home/airflow/.local/lib/python3.8/site-packages/airflow/example_dags/tutorial.py
[2023-12-18T20:59:12.874+0000] {processor.py:839} INFO - DAG(s) dict_keys(['tutorial']) retrieved from /home/airflow/.local/lib/python3.8/site-packages/airflow/example_dags/tutorial.py
[2023-12-18T20:59:12.909+0000] {logging_mixin.py:154} INFO - [2023-12-18T20:59:12.908+0000] {dag.py:2941} INFO - Sync 1 DAGs
[2023-12-18T20:59:12.948+0000] {logging_mixin.py:154} INFO - [2023-12-18T20:59:12.947+0000] {dag.py:3722} INFO - Setting next_dagrun for tutorial to 2023-12-17T20:59:12.947490+00:00, run_after=2023-12-18T20:59:12.947490+00:00
[2023-12-18T20:59:12.980+0000] {processor.py:179} INFO - Processing /home/airflow/.local/lib/python3.8/site-packages/airflow/example_dags/tutorial.py took 0.125 seconds
[2023-12-18T20:59:43.463+0000] {processor.py:157} INFO - Started process (PID=392) to work on /home/airflow/.local/lib/python3.8/site-packages/airflow/example_dags/tutorial.py
[2023-12-18T20:59:43.464+0000] {processor.py:829} INFO - Processing file /home/airflow/.local/lib/python3.8/site-packages/airflow/example_dags/tutorial.py for tasks to queue
[2023-12-18T20:59:43.468+0000] {logging_mixin.py:154} INFO - [2023-12-18T20:59:43.467+0000] {dagbag.py:536} INFO - Filling up the DagBag from /home/airflow/.local/lib/python3.8/site-packages/airflow/example_dags/tutorial.py
[2023-12-18T20:59:43.476+0000] {processor.py:839} INFO - DAG(s) dict_keys(['tutorial']) retrieved from /home/airflow/.local/lib/python3.8/site-packages/airflow/example_dags/tutorial.py
[2023-12-18T20:59:43.513+0000] {logging_mixin.py:154} INFO - [2023-12-18T20:59:43.513+0000] {dag.py:2941} INFO - Sync 1 DAGs
[2023-12-18T20:59:43.621+0000] {logging_mixin.py:154} INFO - [2023-12-18T20:59:43.620+0000] {dag.py:3722} INFO - Setting next_dagrun for tutorial to 2023-12-17T20:59:43.620002+00:00, run_after=2023-12-18T20:59:43.620002+00:00
[2023-12-18T20:59:43.673+0000] {processor.py:179} INFO - Processing /home/airflow/.local/lib/python3.8/site-packages/airflow/example_dags/tutorial.py took 0.215 seconds
[2023-12-18T21:00:14.266+0000] {processor.py:157} INFO - Started process (PID=446) to work on /home/airflow/.local/lib/python3.8/site-packages/airflow/example_dags/tutorial.py
[2023-12-18T21:00:14.267+0000] {processor.py:829} INFO - Processing file /home/airflow/.local/lib/python3.8/site-packages/airflow/example_dags/tutorial.py for tasks to queue
[2023-12-18T21:00:14.270+0000] {logging_mixin.py:154} INFO - [2023-12-18T21:00:14.270+0000] {dagbag.py:536} INFO - Filling up the DagBag from /home/airflow/.local/lib/python3.8/site-packages/airflow/example_dags/tutorial.py
[2023-12-18T21:00:14.279+0000] {processor.py:839} INFO - DAG(s) dict_keys(['tutorial']) retrieved from /home/airflow/.local/lib/python3.8/site-packages/airflow/example_dags/tutorial.py
[2023-12-18T21:00:14.316+0000] {logging_mixin.py:154} INFO - [2023-12-18T21:00:14.316+0000] {dag.py:2941} INFO - Sync 1 DAGs
[2023-12-18T21:00:14.363+0000] {logging_mixin.py:154} INFO - [2023-12-18T21:00:14.362+0000] {dag.py:3722} INFO - Setting next_dagrun for tutorial to 2023-12-17T21:00:14.362282+00:00, run_after=2023-12-18T21:00:14.362282+00:00
[2023-12-18T21:00:14.424+0000] {processor.py:179} INFO - Processing /home/airflow/.local/lib/python3.8/site-packages/airflow/example_dags/tutorial.py took 0.163 seconds
[2023-12-18T21:00:44.556+0000] {processor.py:157} INFO - Started process (PID=500) to work on /home/airflow/.local/lib/python3.8/site-packages/airflow/example_dags/tutorial.py
[2023-12-18T21:00:44.558+0000] {processor.py:829} INFO - Processing file /home/airflow/.local/lib/python3.8/site-packages/airflow/example_dags/tutorial.py for tasks to queue
[2023-12-18T21:00:44.561+0000] {logging_mixin.py:154} INFO - [2023-12-18T21:00:44.560+0000] {dagbag.py:536} INFO - Filling up the DagBag from /home/airflow/.local/lib/python3.8/site-packages/airflow/example_dags/tutorial.py
[2023-12-18T21:00:44.570+0000] {processor.py:839} INFO - DAG(s) dict_keys(['tutorial']) retrieved from /home/airflow/.local/lib/python3.8/site-packages/airflow/example_dags/tutorial.py
[2023-12-18T21:00:44.606+0000] {logging_mixin.py:154} INFO - [2023-12-18T21:00:44.606+0000] {dag.py:2941} INFO - Sync 1 DAGs
[2023-12-18T21:00:44.648+0000] {logging_mixin.py:154} INFO - [2023-12-18T21:00:44.648+0000] {dag.py:3722} INFO - Setting next_dagrun for tutorial to 2023-12-17T21:00:44.648125+00:00, run_after=2023-12-18T21:00:44.648125+00:00
[2023-12-18T21:00:44.682+0000] {processor.py:179} INFO - Processing /home/airflow/.local/lib/python3.8/site-packages/airflow/example_dags/tutorial.py took 0.132 seconds
[2023-12-18T21:01:14.847+0000] {processor.py:157} INFO - Started process (PID=554) to work on /home/airflow/.local/lib/python3.8/site-packages/airflow/example_dags/tutorial.py
[2023-12-18T21:01:14.849+0000] {processor.py:829} INFO - Processing file /home/airflow/.local/lib/python3.8/site-packages/airflow/example_dags/tutorial.py for tasks to queue
[2023-12-18T21:01:14.852+0000] {logging_mixin.py:154} INFO - [2023-12-18T21:01:14.852+0000] {dagbag.py:536} INFO - Filling up the DagBag from /home/airflow/.local/lib/python3.8/site-packages/airflow/example_dags/tutorial.py
[2023-12-18T21:01:14.860+0000] {processor.py:839} INFO - DAG(s) dict_keys(['tutorial']) retrieved from /home/airflow/.local/lib/python3.8/site-packages/airflow/example_dags/tutorial.py
[2023-12-18T21:01:14.895+0000] {logging_mixin.py:154} INFO - [2023-12-18T21:01:14.895+0000] {dag.py:2941} INFO - Sync 1 DAGs
[2023-12-18T21:01:14.953+0000] {logging_mixin.py:154} INFO - [2023-12-18T21:01:14.953+0000] {dag.py:3722} INFO - Setting next_dagrun for tutorial to 2023-12-17T21:01:14.952791+00:00, run_after=2023-12-18T21:01:14.952791+00:00
[2023-12-18T21:01:15.013+0000] {processor.py:179} INFO - Processing /home/airflow/.local/lib/python3.8/site-packages/airflow/example_dags/tutorial.py took 0.170 seconds
[2023-12-18T21:01:45.739+0000] {processor.py:157} INFO - Started process (PID=608) to work on /home/airflow/.local/lib/python3.8/site-packages/airflow/example_dags/tutorial.py
[2023-12-18T21:01:45.740+0000] {processor.py:829} INFO - Processing file /home/airflow/.local/lib/python3.8/site-packages/airflow/example_dags/tutorial.py for tasks to queue
[2023-12-18T21:01:45.744+0000] {logging_mixin.py:154} INFO - [2023-12-18T21:01:45.743+0000] {dagbag.py:536} INFO - Filling up the DagBag from /home/airflow/.local/lib/python3.8/site-packages/airflow/example_dags/tutorial.py
[2023-12-18T21:01:45.757+0000] {processor.py:839} INFO - DAG(s) dict_keys(['tutorial']) retrieved from /home/airflow/.local/lib/python3.8/site-packages/airflow/example_dags/tutorial.py
[2023-12-18T21:01:45.802+0000] {logging_mixin.py:154} INFO - [2023-12-18T21:01:45.801+0000] {dag.py:2941} INFO - Sync 1 DAGs
[2023-12-18T21:01:45.855+0000] {logging_mixin.py:154} INFO - [2023-12-18T21:01:45.854+0000] {dag.py:3722} INFO - Setting next_dagrun for tutorial to 2023-12-17T21:01:45.854161+00:00, run_after=2023-12-18T21:01:45.854161+00:00
[2023-12-18T21:01:45.891+0000] {processor.py:179} INFO - Processing /home/airflow/.local/lib/python3.8/site-packages/airflow/example_dags/tutorial.py took 0.156 seconds
[2023-12-18T21:02:16.803+0000] {processor.py:157} INFO - Started process (PID=662) to work on /home/airflow/.local/lib/python3.8/site-packages/airflow/example_dags/tutorial.py
[2023-12-18T21:02:16.804+0000] {processor.py:829} INFO - Processing file /home/airflow/.local/lib/python3.8/site-packages/airflow/example_dags/tutorial.py for tasks to queue
[2023-12-18T21:02:16.808+0000] {logging_mixin.py:154} INFO - [2023-12-18T21:02:16.807+0000] {dagbag.py:536} INFO - Filling up the DagBag from /home/airflow/.local/lib/python3.8/site-packages/airflow/example_dags/tutorial.py
[2023-12-18T21:02:16.817+0000] {processor.py:839} INFO - DAG(s) dict_keys(['tutorial']) retrieved from /home/airflow/.local/lib/python3.8/site-packages/airflow/example_dags/tutorial.py
[2023-12-18T21:02:16.857+0000] {logging_mixin.py:154} INFO - [2023-12-18T21:02:16.857+0000] {dag.py:2941} INFO - Sync 1 DAGs
[2023-12-18T21:02:16.902+0000] {logging_mixin.py:154} INFO - [2023-12-18T21:02:16.902+0000] {dag.py:3722} INFO - Setting next_dagrun for tutorial to 2023-12-17T21:02:16.901882+00:00, run_after=2023-12-18T21:02:16.901882+00:00
[2023-12-18T21:02:16.935+0000] {processor.py:179} INFO - Processing /home/airflow/.local/lib/python3.8/site-packages/airflow/example_dags/tutorial.py took 0.137 seconds
[2023-12-18T21:02:47.641+0000] {processor.py:157} INFO - Started process (PID=716) to work on /home/airflow/.local/lib/python3.8/site-packages/airflow/example_dags/tutorial.py
[2023-12-18T21:02:47.643+0000] {processor.py:829} INFO - Processing file /home/airflow/.local/lib/python3.8/site-packages/airflow/example_dags/tutorial.py for tasks to queue
[2023-12-18T21:02:47.646+0000] {logging_mixin.py:154} INFO - [2023-12-18T21:02:47.646+0000] {dagbag.py:536} INFO - Filling up the DagBag from /home/airflow/.local/lib/python3.8/site-packages/airflow/example_dags/tutorial.py
[2023-12-18T21:02:47.655+0000] {processor.py:839} INFO - DAG(s) dict_keys(['tutorial']) retrieved from /home/airflow/.local/lib/python3.8/site-packages/airflow/example_dags/tutorial.py
[2023-12-18T21:02:47.693+0000] {logging_mixin.py:154} INFO - [2023-12-18T21:02:47.692+0000] {dag.py:2941} INFO - Sync 1 DAGs
[2023-12-18T21:02:47.733+0000] {logging_mixin.py:154} INFO - [2023-12-18T21:02:47.732+0000] {dag.py:3722} INFO - Setting next_dagrun for tutorial to 2023-12-17T21:02:47.732580+00:00, run_after=2023-12-18T21:02:47.732580+00:00
[2023-12-18T21:02:47.769+0000] {processor.py:179} INFO - Processing /home/airflow/.local/lib/python3.8/site-packages/airflow/example_dags/tutorial.py took 0.132 seconds
[2023-12-18T21:03:18.135+0000] {processor.py:157} INFO - Started process (PID=770) to work on /home/airflow/.local/lib/python3.8/site-packages/airflow/example_dags/tutorial.py
[2023-12-18T21:03:18.137+0000] {processor.py:829} INFO - Processing file /home/airflow/.local/lib/python3.8/site-packages/airflow/example_dags/tutorial.py for tasks to queue
[2023-12-18T21:03:18.142+0000] {logging_mixin.py:154} INFO - [2023-12-18T21:03:18.141+0000] {dagbag.py:536} INFO - Filling up the DagBag from /home/airflow/.local/lib/python3.8/site-packages/airflow/example_dags/tutorial.py
[2023-12-18T21:03:18.152+0000] {processor.py:839} INFO - DAG(s) dict_keys(['tutorial']) retrieved from /home/airflow/.local/lib/python3.8/site-packages/airflow/example_dags/tutorial.py
[2023-12-18T21:03:18.204+0000] {logging_mixin.py:154} INFO - [2023-12-18T21:03:18.204+0000] {dag.py:2941} INFO - Sync 1 DAGs
[2023-12-18T21:03:18.244+0000] {logging_mixin.py:154} INFO - [2023-12-18T21:03:18.243+0000] {dag.py:3722} INFO - Setting next_dagrun for tutorial to 2023-12-17T21:03:18.243552+00:00, run_after=2023-12-18T21:03:18.243552+00:00
[2023-12-18T21:03:18.274+0000] {processor.py:179} INFO - Processing /home/airflow/.local/lib/python3.8/site-packages/airflow/example_dags/tutorial.py took 0.148 seconds
[2023-12-18T21:03:48.940+0000] {processor.py:157} INFO - Started process (PID=824) to work on /home/airflow/.local/lib/python3.8/site-packages/airflow/example_dags/tutorial.py
[2023-12-18T21:03:48.942+0000] {processor.py:829} INFO - Processing file /home/airflow/.local/lib/python3.8/site-packages/airflow/example_dags/tutorial.py for tasks to queue
[2023-12-18T21:03:48.945+0000] {logging_mixin.py:154} INFO - [2023-12-18T21:03:48.944+0000] {dagbag.py:536} INFO - Filling up the DagBag from /home/airflow/.local/lib/python3.8/site-packages/airflow/example_dags/tutorial.py
[2023-12-18T21:03:48.956+0000] {processor.py:839} INFO - DAG(s) dict_keys(['tutorial']) retrieved from /home/airflow/.local/lib/python3.8/site-packages/airflow/example_dags/tutorial.py
[2023-12-18T21:03:49.002+0000] {logging_mixin.py:154} INFO - [2023-12-18T21:03:49.002+0000] {dag.py:2941} INFO - Sync 1 DAGs
[2023-12-18T21:03:49.054+0000] {logging_mixin.py:154} INFO - [2023-12-18T21:03:49.054+0000] {dag.py:3722} INFO - Setting next_dagrun for tutorial to 2023-12-17T21:03:49.053429+00:00, run_after=2023-12-18T21:03:49.053429+00:00
[2023-12-18T21:03:49.117+0000] {processor.py:179} INFO - Processing /home/airflow/.local/lib/python3.8/site-packages/airflow/example_dags/tutorial.py took 0.182 seconds
[2023-12-18T21:04:19.989+0000] {processor.py:157} INFO - Started process (PID=878) to work on /home/airflow/.local/lib/python3.8/site-packages/airflow/example_dags/tutorial.py
[2023-12-18T21:04:19.989+0000] {processor.py:829} INFO - Processing file /home/airflow/.local/lib/python3.8/site-packages/airflow/example_dags/tutorial.py for tasks to queue
[2023-12-18T21:04:19.991+0000] {logging_mixin.py:154} INFO - [2023-12-18T21:04:19.991+0000] {dagbag.py:536} INFO - Filling up the DagBag from /home/airflow/.local/lib/python3.8/site-packages/airflow/example_dags/tutorial.py
[2023-12-18T21:04:19.995+0000] {processor.py:839} INFO - DAG(s) dict_keys(['tutorial']) retrieved from /home/airflow/.local/lib/python3.8/site-packages/airflow/example_dags/tutorial.py
[2023-12-18T21:04:20.011+0000] {logging_mixin.py:154} INFO - [2023-12-18T21:04:20.011+0000] {dag.py:2941} INFO - Sync 1 DAGs
[2023-12-18T21:04:20.028+0000] {logging_mixin.py:154} INFO - [2023-12-18T21:04:20.028+0000] {dag.py:3722} INFO - Setting next_dagrun for tutorial to 2023-12-17T21:04:20.027865+00:00, run_after=2023-12-18T21:04:20.027865+00:00
[2023-12-18T21:04:20.043+0000] {processor.py:179} INFO - Processing /home/airflow/.local/lib/python3.8/site-packages/airflow/example_dags/tutorial.py took 0.057 seconds
[2023-12-18T21:04:50.256+0000] {processor.py:157} INFO - Started process (PID=932) to work on /home/airflow/.local/lib/python3.8/site-packages/airflow/example_dags/tutorial.py
[2023-12-18T21:04:50.257+0000] {processor.py:829} INFO - Processing file /home/airflow/.local/lib/python3.8/site-packages/airflow/example_dags/tutorial.py for tasks to queue
[2023-12-18T21:04:50.259+0000] {logging_mixin.py:154} INFO - [2023-12-18T21:04:50.258+0000] {dagbag.py:536} INFO - Filling up the DagBag from /home/airflow/.local/lib/python3.8/site-packages/airflow/example_dags/tutorial.py
[2023-12-18T21:04:50.263+0000] {processor.py:839} INFO - DAG(s) dict_keys(['tutorial']) retrieved from /home/airflow/.local/lib/python3.8/site-packages/airflow/example_dags/tutorial.py
[2023-12-18T21:04:50.279+0000] {logging_mixin.py:154} INFO - [2023-12-18T21:04:50.279+0000] {dag.py:2941} INFO - Sync 1 DAGs
[2023-12-18T21:04:50.296+0000] {logging_mixin.py:154} INFO - [2023-12-18T21:04:50.295+0000] {dag.py:3722} INFO - Setting next_dagrun for tutorial to 2023-12-17T21:04:50.295663+00:00, run_after=2023-12-18T21:04:50.295663+00:00
[2023-12-18T21:04:50.310+0000] {processor.py:179} INFO - Processing /home/airflow/.local/lib/python3.8/site-packages/airflow/example_dags/tutorial.py took 0.056 seconds
[2023-12-18T21:05:20.666+0000] {processor.py:157} INFO - Started process (PID=986) to work on /home/airflow/.local/lib/python3.8/site-packages/airflow/example_dags/tutorial.py
[2023-12-18T21:05:20.666+0000] {processor.py:829} INFO - Processing file /home/airflow/.local/lib/python3.8/site-packages/airflow/example_dags/tutorial.py for tasks to queue
[2023-12-18T21:05:20.668+0000] {logging_mixin.py:154} INFO - [2023-12-18T21:05:20.668+0000] {dagbag.py:536} INFO - Filling up the DagBag from /home/airflow/.local/lib/python3.8/site-packages/airflow/example_dags/tutorial.py
[2023-12-18T21:05:20.672+0000] {processor.py:839} INFO - DAG(s) dict_keys(['tutorial']) retrieved from /home/airflow/.local/lib/python3.8/site-packages/airflow/example_dags/tutorial.py
[2023-12-18T21:05:20.688+0000] {logging_mixin.py:154} INFO - [2023-12-18T21:05:20.688+0000] {dag.py:2941} INFO - Sync 1 DAGs
[2023-12-18T21:05:20.705+0000] {logging_mixin.py:154} INFO - [2023-12-18T21:05:20.705+0000] {dag.py:3722} INFO - Setting next_dagrun for tutorial to 2023-12-17T21:05:20.705195+00:00, run_after=2023-12-18T21:05:20.705195+00:00
[2023-12-18T21:05:20.720+0000] {processor.py:179} INFO - Processing /home/airflow/.local/lib/python3.8/site-packages/airflow/example_dags/tutorial.py took 0.057 seconds
[2023-12-18T21:05:50.958+0000] {processor.py:157} INFO - Started process (PID=1040) to work on /home/airflow/.local/lib/python3.8/site-packages/airflow/example_dags/tutorial.py
[2023-12-18T21:05:50.958+0000] {processor.py:829} INFO - Processing file /home/airflow/.local/lib/python3.8/site-packages/airflow/example_dags/tutorial.py for tasks to queue
[2023-12-18T21:05:50.960+0000] {logging_mixin.py:154} INFO - [2023-12-18T21:05:50.960+0000] {dagbag.py:536} INFO - Filling up the DagBag from /home/airflow/.local/lib/python3.8/site-packages/airflow/example_dags/tutorial.py
[2023-12-18T21:05:50.965+0000] {processor.py:839} INFO - DAG(s) dict_keys(['tutorial']) retrieved from /home/airflow/.local/lib/python3.8/site-packages/airflow/example_dags/tutorial.py
[2023-12-18T21:05:50.983+0000] {logging_mixin.py:154} INFO - [2023-12-18T21:05:50.982+0000] {dag.py:2941} INFO - Sync 1 DAGs
[2023-12-18T21:05:51.001+0000] {logging_mixin.py:154} INFO - [2023-12-18T21:05:51.001+0000] {dag.py:3722} INFO - Setting next_dagrun for tutorial to 2023-12-17T21:05:51.001111+00:00, run_after=2023-12-18T21:05:51.001111+00:00
[2023-12-18T21:05:51.016+0000] {processor.py:179} INFO - Processing /home/airflow/.local/lib/python3.8/site-packages/airflow/example_dags/tutorial.py took 0.060 seconds
[2023-12-18T21:06:21.306+0000] {processor.py:157} INFO - Started process (PID=1094) to work on /home/airflow/.local/lib/python3.8/site-packages/airflow/example_dags/tutorial.py
[2023-12-18T21:06:21.307+0000] {processor.py:829} INFO - Processing file /home/airflow/.local/lib/python3.8/site-packages/airflow/example_dags/tutorial.py for tasks to queue
[2023-12-18T21:06:21.308+0000] {logging_mixin.py:154} INFO - [2023-12-18T21:06:21.308+0000] {dagbag.py:536} INFO - Filling up the DagBag from /home/airflow/.local/lib/python3.8/site-packages/airflow/example_dags/tutorial.py
[2023-12-18T21:06:21.312+0000] {processor.py:839} INFO - DAG(s) dict_keys(['tutorial']) retrieved from /home/airflow/.local/lib/python3.8/site-packages/airflow/example_dags/tutorial.py
[2023-12-18T21:06:21.328+0000] {logging_mixin.py:154} INFO - [2023-12-18T21:06:21.328+0000] {dag.py:2941} INFO - Sync 1 DAGs
[2023-12-18T21:06:21.345+0000] {logging_mixin.py:154} INFO - [2023-12-18T21:06:21.345+0000] {dag.py:3722} INFO - Setting next_dagrun for tutorial to 2023-12-17T21:06:21.345048+00:00, run_after=2023-12-18T21:06:21.345048+00:00
[2023-12-18T21:06:21.370+0000] {processor.py:179} INFO - Processing /home/airflow/.local/lib/python3.8/site-packages/airflow/example_dags/tutorial.py took 0.067 seconds
[2023-12-18T21:06:51.532+0000] {processor.py:157} INFO - Started process (PID=1148) to work on /home/airflow/.local/lib/python3.8/site-packages/airflow/example_dags/tutorial.py
[2023-12-18T21:06:51.533+0000] {processor.py:829} INFO - Processing file /home/airflow/.local/lib/python3.8/site-packages/airflow/example_dags/tutorial.py for tasks to queue
[2023-12-18T21:06:51.534+0000] {logging_mixin.py:154} INFO - [2023-12-18T21:06:51.534+0000] {dagbag.py:536} INFO - Filling up the DagBag from /home/airflow/.local/lib/python3.8/site-packages/airflow/example_dags/tutorial.py
[2023-12-18T21:06:51.538+0000] {processor.py:839} INFO - DAG(s) dict_keys(['tutorial']) retrieved from /home/airflow/.local/lib/python3.8/site-packages/airflow/example_dags/tutorial.py
[2023-12-18T21:06:51.554+0000] {logging_mixin.py:154} INFO - [2023-12-18T21:06:51.553+0000] {dag.py:2941} INFO - Sync 1 DAGs
[2023-12-18T21:06:51.570+0000] {logging_mixin.py:154} INFO - [2023-12-18T21:06:51.570+0000] {dag.py:3722} INFO - Setting next_dagrun for tutorial to 2023-12-17T21:06:51.570466+00:00, run_after=2023-12-18T21:06:51.570466+00:00
[2023-12-18T21:06:51.595+0000] {processor.py:179} INFO - Processing /home/airflow/.local/lib/python3.8/site-packages/airflow/example_dags/tutorial.py took 0.065 seconds
[2023-12-18T21:07:21.805+0000] {processor.py:157} INFO - Started process (PID=1202) to work on /home/airflow/.local/lib/python3.8/site-packages/airflow/example_dags/tutorial.py
[2023-12-18T21:07:21.805+0000] {processor.py:829} INFO - Processing file /home/airflow/.local/lib/python3.8/site-packages/airflow/example_dags/tutorial.py for tasks to queue
[2023-12-18T21:07:21.807+0000] {logging_mixin.py:154} INFO - [2023-12-18T21:07:21.807+0000] {dagbag.py:536} INFO - Filling up the DagBag from /home/airflow/.local/lib/python3.8/site-packages/airflow/example_dags/tutorial.py
[2023-12-18T21:07:21.811+0000] {processor.py:839} INFO - DAG(s) dict_keys(['tutorial']) retrieved from /home/airflow/.local/lib/python3.8/site-packages/airflow/example_dags/tutorial.py
[2023-12-18T21:07:21.827+0000] {logging_mixin.py:154} INFO - [2023-12-18T21:07:21.827+0000] {dag.py:2941} INFO - Sync 1 DAGs
[2023-12-18T21:07:21.844+0000] {logging_mixin.py:154} INFO - [2023-12-18T21:07:21.844+0000] {dag.py:3722} INFO - Setting next_dagrun for tutorial to 2023-12-17T21:07:21.844474+00:00, run_after=2023-12-18T21:07:21.844474+00:00
[2023-12-18T21:07:21.859+0000] {processor.py:179} INFO - Processing /home/airflow/.local/lib/python3.8/site-packages/airflow/example_dags/tutorial.py took 0.056 seconds
[2023-12-18T21:07:52.827+0000] {processor.py:157} INFO - Started process (PID=1256) to work on /home/airflow/.local/lib/python3.8/site-packages/airflow/example_dags/tutorial.py
[2023-12-18T21:07:52.828+0000] {processor.py:829} INFO - Processing file /home/airflow/.local/lib/python3.8/site-packages/airflow/example_dags/tutorial.py for tasks to queue
[2023-12-18T21:07:52.830+0000] {logging_mixin.py:154} INFO - [2023-12-18T21:07:52.829+0000] {dagbag.py:536} INFO - Filling up the DagBag from /home/airflow/.local/lib/python3.8/site-packages/airflow/example_dags/tutorial.py
[2023-12-18T21:07:52.834+0000] {processor.py:839} INFO - DAG(s) dict_keys(['tutorial']) retrieved from /home/airflow/.local/lib/python3.8/site-packages/airflow/example_dags/tutorial.py
[2023-12-18T21:07:52.851+0000] {logging_mixin.py:154} INFO - [2023-12-18T21:07:52.850+0000] {dag.py:2941} INFO - Sync 1 DAGs
[2023-12-18T21:07:52.869+0000] {logging_mixin.py:154} INFO - [2023-12-18T21:07:52.869+0000] {dag.py:3722} INFO - Setting next_dagrun for tutorial to 2023-12-17T21:07:52.869539+00:00, run_after=2023-12-18T21:07:52.869539+00:00
[2023-12-18T21:07:52.884+0000] {processor.py:179} INFO - Processing /home/airflow/.local/lib/python3.8/site-packages/airflow/example_dags/tutorial.py took 0.059 seconds
[2023-12-18T21:11:28.046+0000] {processor.py:157} INFO - Started process (PID=1301) to work on /home/airflow/.local/lib/python3.8/site-packages/airflow/example_dags/tutorial.py
[2023-12-18T21:11:28.046+0000] {processor.py:829} INFO - Processing file /home/airflow/.local/lib/python3.8/site-packages/airflow/example_dags/tutorial.py for tasks to queue
[2023-12-18T21:11:28.048+0000] {logging_mixin.py:154} INFO - [2023-12-18T21:11:28.048+0000] {dagbag.py:536} INFO - Filling up the DagBag from /home/airflow/.local/lib/python3.8/site-packages/airflow/example_dags/tutorial.py
[2023-12-18T21:11:28.053+0000] {processor.py:839} INFO - DAG(s) dict_keys(['tutorial']) retrieved from /home/airflow/.local/lib/python3.8/site-packages/airflow/example_dags/tutorial.py
[2023-12-18T21:11:28.070+0000] {logging_mixin.py:154} INFO - [2023-12-18T21:11:28.070+0000] {dag.py:2941} INFO - Sync 1 DAGs
[2023-12-18T21:11:28.091+0000] {logging_mixin.py:154} INFO - [2023-12-18T21:11:28.091+0000] {dag.py:3722} INFO - Setting next_dagrun for tutorial to 2023-12-17T21:11:28.090832+00:00, run_after=2023-12-18T21:11:28.090832+00:00
[2023-12-18T21:11:28.109+0000] {processor.py:179} INFO - Processing /home/airflow/.local/lib/python3.8/site-packages/airflow/example_dags/tutorial.py took 0.065 seconds
[2023-12-18T21:11:58.338+0000] {processor.py:157} INFO - Started process (PID=1355) to work on /home/airflow/.local/lib/python3.8/site-packages/airflow/example_dags/tutorial.py
[2023-12-18T21:11:58.338+0000] {processor.py:829} INFO - Processing file /home/airflow/.local/lib/python3.8/site-packages/airflow/example_dags/tutorial.py for tasks to queue
[2023-12-18T21:11:58.340+0000] {logging_mixin.py:154} INFO - [2023-12-18T21:11:58.340+0000] {dagbag.py:536} INFO - Filling up the DagBag from /home/airflow/.local/lib/python3.8/site-packages/airflow/example_dags/tutorial.py
[2023-12-18T21:11:58.344+0000] {processor.py:839} INFO - DAG(s) dict_keys(['tutorial']) retrieved from /home/airflow/.local/lib/python3.8/site-packages/airflow/example_dags/tutorial.py
[2023-12-18T21:11:58.361+0000] {logging_mixin.py:154} INFO - [2023-12-18T21:11:58.360+0000] {dag.py:2941} INFO - Sync 1 DAGs
[2023-12-18T21:11:58.382+0000] {logging_mixin.py:154} INFO - [2023-12-18T21:11:58.381+0000] {dag.py:3722} INFO - Setting next_dagrun for tutorial to 2023-12-17T21:11:58.381597+00:00, run_after=2023-12-18T21:11:58.381597+00:00
[2023-12-18T21:11:58.398+0000] {processor.py:179} INFO - Processing /home/airflow/.local/lib/python3.8/site-packages/airflow/example_dags/tutorial.py took 0.063 seconds
[2023-12-18T21:12:28.675+0000] {processor.py:157} INFO - Started process (PID=1409) to work on /home/airflow/.local/lib/python3.8/site-packages/airflow/example_dags/tutorial.py
[2023-12-18T21:12:28.675+0000] {processor.py:829} INFO - Processing file /home/airflow/.local/lib/python3.8/site-packages/airflow/example_dags/tutorial.py for tasks to queue
[2023-12-18T21:12:28.677+0000] {logging_mixin.py:154} INFO - [2023-12-18T21:12:28.676+0000] {dagbag.py:536} INFO - Filling up the DagBag from /home/airflow/.local/lib/python3.8/site-packages/airflow/example_dags/tutorial.py
[2023-12-18T21:12:28.681+0000] {processor.py:839} INFO - DAG(s) dict_keys(['tutorial']) retrieved from /home/airflow/.local/lib/python3.8/site-packages/airflow/example_dags/tutorial.py
[2023-12-18T21:12:28.697+0000] {logging_mixin.py:154} INFO - [2023-12-18T21:12:28.697+0000] {dag.py:2941} INFO - Sync 1 DAGs
[2023-12-18T21:12:28.717+0000] {logging_mixin.py:154} INFO - [2023-12-18T21:12:28.717+0000] {dag.py:3722} INFO - Setting next_dagrun for tutorial to 2023-12-17T21:12:28.717504+00:00, run_after=2023-12-18T21:12:28.717504+00:00
[2023-12-18T21:12:28.733+0000] {processor.py:179} INFO - Processing /home/airflow/.local/lib/python3.8/site-packages/airflow/example_dags/tutorial.py took 0.061 seconds
[2023-12-18T21:12:59.008+0000] {processor.py:157} INFO - Started process (PID=1463) to work on /home/airflow/.local/lib/python3.8/site-packages/airflow/example_dags/tutorial.py
[2023-12-18T21:12:59.009+0000] {processor.py:829} INFO - Processing file /home/airflow/.local/lib/python3.8/site-packages/airflow/example_dags/tutorial.py for tasks to queue
[2023-12-18T21:12:59.010+0000] {logging_mixin.py:154} INFO - [2023-12-18T21:12:59.010+0000] {dagbag.py:536} INFO - Filling up the DagBag from /home/airflow/.local/lib/python3.8/site-packages/airflow/example_dags/tutorial.py
[2023-12-18T21:12:59.015+0000] {processor.py:839} INFO - DAG(s) dict_keys(['tutorial']) retrieved from /home/airflow/.local/lib/python3.8/site-packages/airflow/example_dags/tutorial.py
[2023-12-18T21:12:59.031+0000] {logging_mixin.py:154} INFO - [2023-12-18T21:12:59.030+0000] {dag.py:2941} INFO - Sync 1 DAGs
[2023-12-18T21:12:59.048+0000] {logging_mixin.py:154} INFO - [2023-12-18T21:12:59.048+0000] {dag.py:3722} INFO - Setting next_dagrun for tutorial to 2023-12-17T21:12:59.048007+00:00, run_after=2023-12-18T21:12:59.048007+00:00
[2023-12-18T21:12:59.063+0000] {processor.py:179} INFO - Processing /home/airflow/.local/lib/python3.8/site-packages/airflow/example_dags/tutorial.py took 0.057 seconds
[2023-12-18T21:13:29.303+0000] {processor.py:157} INFO - Started process (PID=1517) to work on /home/airflow/.local/lib/python3.8/site-packages/airflow/example_dags/tutorial.py
[2023-12-18T21:13:29.304+0000] {processor.py:829} INFO - Processing file /home/airflow/.local/lib/python3.8/site-packages/airflow/example_dags/tutorial.py for tasks to queue
[2023-12-18T21:13:29.306+0000] {logging_mixin.py:154} INFO - [2023-12-18T21:13:29.306+0000] {dagbag.py:536} INFO - Filling up the DagBag from /home/airflow/.local/lib/python3.8/site-packages/airflow/example_dags/tutorial.py
[2023-12-18T21:13:29.310+0000] {processor.py:839} INFO - DAG(s) dict_keys(['tutorial']) retrieved from /home/airflow/.local/lib/python3.8/site-packages/airflow/example_dags/tutorial.py
[2023-12-18T21:13:29.327+0000] {logging_mixin.py:154} INFO - [2023-12-18T21:13:29.327+0000] {dag.py:2941} INFO - Sync 1 DAGs
[2023-12-18T21:13:29.347+0000] {logging_mixin.py:154} INFO - [2023-12-18T21:13:29.347+0000] {dag.py:3722} INFO - Setting next_dagrun for tutorial to 2023-12-17T21:13:29.346863+00:00, run_after=2023-12-18T21:13:29.346863+00:00
[2023-12-18T21:13:29.363+0000] {processor.py:179} INFO - Processing /home/airflow/.local/lib/python3.8/site-packages/airflow/example_dags/tutorial.py took 0.062 seconds
[2023-12-18T21:13:59.813+0000] {processor.py:157} INFO - Started process (PID=1571) to work on /home/airflow/.local/lib/python3.8/site-packages/airflow/example_dags/tutorial.py
[2023-12-18T21:13:59.814+0000] {processor.py:829} INFO - Processing file /home/airflow/.local/lib/python3.8/site-packages/airflow/example_dags/tutorial.py for tasks to queue
[2023-12-18T21:13:59.816+0000] {logging_mixin.py:154} INFO - [2023-12-18T21:13:59.816+0000] {dagbag.py:536} INFO - Filling up the DagBag from /home/airflow/.local/lib/python3.8/site-packages/airflow/example_dags/tutorial.py
[2023-12-18T21:13:59.820+0000] {processor.py:839} INFO - DAG(s) dict_keys(['tutorial']) retrieved from /home/airflow/.local/lib/python3.8/site-packages/airflow/example_dags/tutorial.py
[2023-12-18T21:13:59.836+0000] {logging_mixin.py:154} INFO - [2023-12-18T21:13:59.835+0000] {dag.py:2941} INFO - Sync 1 DAGs
[2023-12-18T21:13:59.854+0000] {logging_mixin.py:154} INFO - [2023-12-18T21:13:59.854+0000] {dag.py:3722} INFO - Setting next_dagrun for tutorial to 2023-12-17T21:13:59.853942+00:00, run_after=2023-12-18T21:13:59.853942+00:00
[2023-12-18T21:13:59.868+0000] {processor.py:179} INFO - Processing /home/airflow/.local/lib/python3.8/site-packages/airflow/example_dags/tutorial.py took 0.057 seconds
[2023-12-18T21:14:30.199+0000] {processor.py:157} INFO - Started process (PID=1625) to work on /home/airflow/.local/lib/python3.8/site-packages/airflow/example_dags/tutorial.py
[2023-12-18T21:14:30.199+0000] {processor.py:829} INFO - Processing file /home/airflow/.local/lib/python3.8/site-packages/airflow/example_dags/tutorial.py for tasks to queue
[2023-12-18T21:14:30.201+0000] {logging_mixin.py:154} INFO - [2023-12-18T21:14:30.201+0000] {dagbag.py:536} INFO - Filling up the DagBag from /home/airflow/.local/lib/python3.8/site-packages/airflow/example_dags/tutorial.py
[2023-12-18T21:14:30.205+0000] {processor.py:839} INFO - DAG(s) dict_keys(['tutorial']) retrieved from /home/airflow/.local/lib/python3.8/site-packages/airflow/example_dags/tutorial.py
[2023-12-18T21:14:30.220+0000] {logging_mixin.py:154} INFO - [2023-12-18T21:14:30.220+0000] {dag.py:2941} INFO - Sync 1 DAGs
[2023-12-18T21:14:30.238+0000] {logging_mixin.py:154} INFO - [2023-12-18T21:14:30.237+0000] {dag.py:3722} INFO - Setting next_dagrun for tutorial to 2023-12-17T21:14:30.237688+00:00, run_after=2023-12-18T21:14:30.237688+00:00
[2023-12-18T21:14:30.253+0000] {processor.py:179} INFO - Processing /home/airflow/.local/lib/python3.8/site-packages/airflow/example_dags/tutorial.py took 0.057 seconds
[2023-12-18T21:15:00.653+0000] {processor.py:157} INFO - Started process (PID=1679) to work on /home/airflow/.local/lib/python3.8/site-packages/airflow/example_dags/tutorial.py
[2023-12-18T21:15:00.654+0000] {processor.py:829} INFO - Processing file /home/airflow/.local/lib/python3.8/site-packages/airflow/example_dags/tutorial.py for tasks to queue
[2023-12-18T21:15:00.655+0000] {logging_mixin.py:154} INFO - [2023-12-18T21:15:00.655+0000] {dagbag.py:536} INFO - Filling up the DagBag from /home/airflow/.local/lib/python3.8/site-packages/airflow/example_dags/tutorial.py
[2023-12-18T21:15:00.660+0000] {processor.py:839} INFO - DAG(s) dict_keys(['tutorial']) retrieved from /home/airflow/.local/lib/python3.8/site-packages/airflow/example_dags/tutorial.py
[2023-12-18T21:15:00.676+0000] {logging_mixin.py:154} INFO - [2023-12-18T21:15:00.676+0000] {dag.py:2941} INFO - Sync 1 DAGs
[2023-12-18T21:15:00.695+0000] {logging_mixin.py:154} INFO - [2023-12-18T21:15:00.694+0000] {dag.py:3722} INFO - Setting next_dagrun for tutorial to 2023-12-17T21:15:00.694750+00:00, run_after=2023-12-18T21:15:00.694750+00:00
[2023-12-18T21:15:00.712+0000] {processor.py:179} INFO - Processing /home/airflow/.local/lib/python3.8/site-packages/airflow/example_dags/tutorial.py took 0.061 seconds
[2023-12-18T21:15:31.001+0000] {processor.py:157} INFO - Started process (PID=1733) to work on /home/airflow/.local/lib/python3.8/site-packages/airflow/example_dags/tutorial.py
[2023-12-18T21:15:31.002+0000] {processor.py:829} INFO - Processing file /home/airflow/.local/lib/python3.8/site-packages/airflow/example_dags/tutorial.py for tasks to queue
[2023-12-18T21:15:31.004+0000] {logging_mixin.py:154} INFO - [2023-12-18T21:15:31.003+0000] {dagbag.py:536} INFO - Filling up the DagBag from /home/airflow/.local/lib/python3.8/site-packages/airflow/example_dags/tutorial.py
[2023-12-18T21:15:31.008+0000] {processor.py:839} INFO - DAG(s) dict_keys(['tutorial']) retrieved from /home/airflow/.local/lib/python3.8/site-packages/airflow/example_dags/tutorial.py
[2023-12-18T21:15:31.023+0000] {logging_mixin.py:154} INFO - [2023-12-18T21:15:31.023+0000] {dag.py:2941} INFO - Sync 1 DAGs
[2023-12-18T21:15:31.040+0000] {logging_mixin.py:154} INFO - [2023-12-18T21:15:31.040+0000] {dag.py:3722} INFO - Setting next_dagrun for tutorial to 2023-12-17T21:15:31.040038+00:00, run_after=2023-12-18T21:15:31.040038+00:00
[2023-12-18T21:15:31.053+0000] {processor.py:179} INFO - Processing /home/airflow/.local/lib/python3.8/site-packages/airflow/example_dags/tutorial.py took 0.054 seconds
[2023-12-18T21:16:01.434+0000] {processor.py:157} INFO - Started process (PID=1787) to work on /home/airflow/.local/lib/python3.8/site-packages/airflow/example_dags/tutorial.py
[2023-12-18T21:16:01.434+0000] {processor.py:829} INFO - Processing file /home/airflow/.local/lib/python3.8/site-packages/airflow/example_dags/tutorial.py for tasks to queue
[2023-12-18T21:16:01.436+0000] {logging_mixin.py:154} INFO - [2023-12-18T21:16:01.436+0000] {dagbag.py:536} INFO - Filling up the DagBag from /home/airflow/.local/lib/python3.8/site-packages/airflow/example_dags/tutorial.py
[2023-12-18T21:16:01.440+0000] {processor.py:839} INFO - DAG(s) dict_keys(['tutorial']) retrieved from /home/airflow/.local/lib/python3.8/site-packages/airflow/example_dags/tutorial.py
[2023-12-18T21:16:01.457+0000] {logging_mixin.py:154} INFO - [2023-12-18T21:16:01.457+0000] {dag.py:2941} INFO - Sync 1 DAGs
[2023-12-18T21:16:01.476+0000] {logging_mixin.py:154} INFO - [2023-12-18T21:16:01.476+0000] {dag.py:3722} INFO - Setting next_dagrun for tutorial to 2023-12-17T21:16:01.476213+00:00, run_after=2023-12-18T21:16:01.476213+00:00
[2023-12-18T21:16:01.491+0000] {processor.py:179} INFO - Processing /home/airflow/.local/lib/python3.8/site-packages/airflow/example_dags/tutorial.py took 0.060 seconds
[2023-12-18T21:16:31.759+0000] {processor.py:157} INFO - Started process (PID=1841) to work on /home/airflow/.local/lib/python3.8/site-packages/airflow/example_dags/tutorial.py
[2023-12-18T21:16:31.760+0000] {processor.py:829} INFO - Processing file /home/airflow/.local/lib/python3.8/site-packages/airflow/example_dags/tutorial.py for tasks to queue
[2023-12-18T21:16:31.762+0000] {logging_mixin.py:154} INFO - [2023-12-18T21:16:31.762+0000] {dagbag.py:536} INFO - Filling up the DagBag from /home/airflow/.local/lib/python3.8/site-packages/airflow/example_dags/tutorial.py
[2023-12-18T21:16:31.766+0000] {processor.py:839} INFO - DAG(s) dict_keys(['tutorial']) retrieved from /home/airflow/.local/lib/python3.8/site-packages/airflow/example_dags/tutorial.py
[2023-12-18T21:16:31.783+0000] {logging_mixin.py:154} INFO - [2023-12-18T21:16:31.783+0000] {dag.py:2941} INFO - Sync 1 DAGs
[2023-12-18T21:16:31.800+0000] {logging_mixin.py:154} INFO - [2023-12-18T21:16:31.800+0000] {dag.py:3722} INFO - Setting next_dagrun for tutorial to 2023-12-17T21:16:31.800312+00:00, run_after=2023-12-18T21:16:31.800312+00:00
[2023-12-18T21:16:31.815+0000] {processor.py:179} INFO - Processing /home/airflow/.local/lib/python3.8/site-packages/airflow/example_dags/tutorial.py took 0.058 seconds
[2023-12-18T21:17:02.464+0000] {processor.py:157} INFO - Started process (PID=1895) to work on /home/airflow/.local/lib/python3.8/site-packages/airflow/example_dags/tutorial.py
[2023-12-18T21:17:02.465+0000] {processor.py:829} INFO - Processing file /home/airflow/.local/lib/python3.8/site-packages/airflow/example_dags/tutorial.py for tasks to queue
[2023-12-18T21:17:02.467+0000] {logging_mixin.py:154} INFO - [2023-12-18T21:17:02.466+0000] {dagbag.py:536} INFO - Filling up the DagBag from /home/airflow/.local/lib/python3.8/site-packages/airflow/example_dags/tutorial.py
[2023-12-18T21:17:02.471+0000] {processor.py:839} INFO - DAG(s) dict_keys(['tutorial']) retrieved from /home/airflow/.local/lib/python3.8/site-packages/airflow/example_dags/tutorial.py
[2023-12-18T21:17:02.487+0000] {logging_mixin.py:154} INFO - [2023-12-18T21:17:02.487+0000] {dag.py:2941} INFO - Sync 1 DAGs
[2023-12-18T21:17:02.506+0000] {logging_mixin.py:154} INFO - [2023-12-18T21:17:02.506+0000] {dag.py:3722} INFO - Setting next_dagrun for tutorial to 2023-12-17T21:17:02.506125+00:00, run_after=2023-12-18T21:17:02.506125+00:00
[2023-12-18T21:17:02.521+0000] {processor.py:179} INFO - Processing /home/airflow/.local/lib/python3.8/site-packages/airflow/example_dags/tutorial.py took 0.059 seconds
[2023-12-18T21:17:33.161+0000] {processor.py:157} INFO - Started process (PID=1949) to work on /home/airflow/.local/lib/python3.8/site-packages/airflow/example_dags/tutorial.py
[2023-12-18T21:17:33.162+0000] {processor.py:829} INFO - Processing file /home/airflow/.local/lib/python3.8/site-packages/airflow/example_dags/tutorial.py for tasks to queue
[2023-12-18T21:17:33.163+0000] {logging_mixin.py:154} INFO - [2023-12-18T21:17:33.163+0000] {dagbag.py:536} INFO - Filling up the DagBag from /home/airflow/.local/lib/python3.8/site-packages/airflow/example_dags/tutorial.py
[2023-12-18T21:17:33.168+0000] {processor.py:839} INFO - DAG(s) dict_keys(['tutorial']) retrieved from /home/airflow/.local/lib/python3.8/site-packages/airflow/example_dags/tutorial.py
[2023-12-18T21:17:33.186+0000] {logging_mixin.py:154} INFO - [2023-12-18T21:17:33.185+0000] {dag.py:2941} INFO - Sync 1 DAGs
[2023-12-18T21:17:33.207+0000] {logging_mixin.py:154} INFO - [2023-12-18T21:17:33.207+0000] {dag.py:3722} INFO - Setting next_dagrun for tutorial to 2023-12-17T21:17:33.206903+00:00, run_after=2023-12-18T21:17:33.206903+00:00
[2023-12-18T21:17:33.225+0000] {processor.py:179} INFO - Processing /home/airflow/.local/lib/python3.8/site-packages/airflow/example_dags/tutorial.py took 0.066 seconds
[2023-12-18T21:18:03.430+0000] {processor.py:157} INFO - Started process (PID=2003) to work on /home/airflow/.local/lib/python3.8/site-packages/airflow/example_dags/tutorial.py
[2023-12-18T21:18:03.431+0000] {processor.py:829} INFO - Processing file /home/airflow/.local/lib/python3.8/site-packages/airflow/example_dags/tutorial.py for tasks to queue
[2023-12-18T21:18:03.433+0000] {logging_mixin.py:154} INFO - [2023-12-18T21:18:03.432+0000] {dagbag.py:536} INFO - Filling up the DagBag from /home/airflow/.local/lib/python3.8/site-packages/airflow/example_dags/tutorial.py
[2023-12-18T21:18:03.437+0000] {processor.py:839} INFO - DAG(s) dict_keys(['tutorial']) retrieved from /home/airflow/.local/lib/python3.8/site-packages/airflow/example_dags/tutorial.py
[2023-12-18T21:18:03.453+0000] {logging_mixin.py:154} INFO - [2023-12-18T21:18:03.453+0000] {dag.py:2941} INFO - Sync 1 DAGs
[2023-12-18T21:18:03.472+0000] {logging_mixin.py:154} INFO - [2023-12-18T21:18:03.472+0000] {dag.py:3722} INFO - Setting next_dagrun for tutorial to 2023-12-17T21:18:03.472108+00:00, run_after=2023-12-18T21:18:03.472108+00:00
[2023-12-18T21:18:03.486+0000] {processor.py:179} INFO - Processing /home/airflow/.local/lib/python3.8/site-packages/airflow/example_dags/tutorial.py took 0.059 seconds
[2023-12-18T21:18:33.690+0000] {processor.py:157} INFO - Started process (PID=2057) to work on /home/airflow/.local/lib/python3.8/site-packages/airflow/example_dags/tutorial.py
[2023-12-18T21:18:33.691+0000] {processor.py:829} INFO - Processing file /home/airflow/.local/lib/python3.8/site-packages/airflow/example_dags/tutorial.py for tasks to queue
[2023-12-18T21:18:33.693+0000] {logging_mixin.py:154} INFO - [2023-12-18T21:18:33.692+0000] {dagbag.py:536} INFO - Filling up the DagBag from /home/airflow/.local/lib/python3.8/site-packages/airflow/example_dags/tutorial.py
[2023-12-18T21:18:33.697+0000] {processor.py:839} INFO - DAG(s) dict_keys(['tutorial']) retrieved from /home/airflow/.local/lib/python3.8/site-packages/airflow/example_dags/tutorial.py
[2023-12-18T21:18:33.714+0000] {logging_mixin.py:154} INFO - [2023-12-18T21:18:33.714+0000] {dag.py:2941} INFO - Sync 1 DAGs
[2023-12-18T21:18:33.732+0000] {logging_mixin.py:154} INFO - [2023-12-18T21:18:33.732+0000] {dag.py:3722} INFO - Setting next_dagrun for tutorial to 2023-12-17T21:18:33.732108+00:00, run_after=2023-12-18T21:18:33.732108+00:00
[2023-12-18T21:18:33.748+0000] {processor.py:179} INFO - Processing /home/airflow/.local/lib/python3.8/site-packages/airflow/example_dags/tutorial.py took 0.061 seconds
[2023-12-18T21:19:04.560+0000] {processor.py:157} INFO - Started process (PID=2111) to work on /home/airflow/.local/lib/python3.8/site-packages/airflow/example_dags/tutorial.py
[2023-12-18T21:19:04.561+0000] {processor.py:829} INFO - Processing file /home/airflow/.local/lib/python3.8/site-packages/airflow/example_dags/tutorial.py for tasks to queue
[2023-12-18T21:19:04.563+0000] {logging_mixin.py:154} INFO - [2023-12-18T21:19:04.562+0000] {dagbag.py:536} INFO - Filling up the DagBag from /home/airflow/.local/lib/python3.8/site-packages/airflow/example_dags/tutorial.py
[2023-12-18T21:19:04.567+0000] {processor.py:839} INFO - DAG(s) dict_keys(['tutorial']) retrieved from /home/airflow/.local/lib/python3.8/site-packages/airflow/example_dags/tutorial.py
[2023-12-18T21:19:04.583+0000] {logging_mixin.py:154} INFO - [2023-12-18T21:19:04.583+0000] {dag.py:2941} INFO - Sync 1 DAGs
[2023-12-18T21:19:04.739+0000] {logging_mixin.py:154} INFO - [2023-12-18T21:19:04.739+0000] {dag.py:3722} INFO - Setting next_dagrun for tutorial to 2023-12-17T21:19:04.739243+00:00, run_after=2023-12-18T21:19:04.739243+00:00
[2023-12-18T21:19:04.753+0000] {processor.py:179} INFO - Processing /home/airflow/.local/lib/python3.8/site-packages/airflow/example_dags/tutorial.py took 0.196 seconds
[2023-12-18T21:19:35.569+0000] {processor.py:157} INFO - Started process (PID=2165) to work on /home/airflow/.local/lib/python3.8/site-packages/airflow/example_dags/tutorial.py
[2023-12-18T21:19:35.570+0000] {processor.py:829} INFO - Processing file /home/airflow/.local/lib/python3.8/site-packages/airflow/example_dags/tutorial.py for tasks to queue
[2023-12-18T21:19:35.571+0000] {logging_mixin.py:154} INFO - [2023-12-18T21:19:35.571+0000] {dagbag.py:536} INFO - Filling up the DagBag from /home/airflow/.local/lib/python3.8/site-packages/airflow/example_dags/tutorial.py
[2023-12-18T21:19:35.575+0000] {processor.py:839} INFO - DAG(s) dict_keys(['tutorial']) retrieved from /home/airflow/.local/lib/python3.8/site-packages/airflow/example_dags/tutorial.py
[2023-12-18T21:19:35.591+0000] {logging_mixin.py:154} INFO - [2023-12-18T21:19:35.591+0000] {dag.py:2941} INFO - Sync 1 DAGs
[2023-12-18T21:19:35.609+0000] {logging_mixin.py:154} INFO - [2023-12-18T21:19:35.609+0000] {dag.py:3722} INFO - Setting next_dagrun for tutorial to 2023-12-17T21:19:35.608792+00:00, run_after=2023-12-18T21:19:35.608792+00:00
[2023-12-18T21:19:35.623+0000] {processor.py:179} INFO - Processing /home/airflow/.local/lib/python3.8/site-packages/airflow/example_dags/tutorial.py took 0.057 seconds
[2023-12-18T21:20:05.923+0000] {processor.py:157} INFO - Started process (PID=2219) to work on /home/airflow/.local/lib/python3.8/site-packages/airflow/example_dags/tutorial.py
[2023-12-18T21:20:05.923+0000] {processor.py:829} INFO - Processing file /home/airflow/.local/lib/python3.8/site-packages/airflow/example_dags/tutorial.py for tasks to queue
[2023-12-18T21:20:05.925+0000] {logging_mixin.py:154} INFO - [2023-12-18T21:20:05.925+0000] {dagbag.py:536} INFO - Filling up the DagBag from /home/airflow/.local/lib/python3.8/site-packages/airflow/example_dags/tutorial.py
[2023-12-18T21:20:05.929+0000] {processor.py:839} INFO - DAG(s) dict_keys(['tutorial']) retrieved from /home/airflow/.local/lib/python3.8/site-packages/airflow/example_dags/tutorial.py
[2023-12-18T21:20:05.944+0000] {logging_mixin.py:154} INFO - [2023-12-18T21:20:05.944+0000] {dag.py:2941} INFO - Sync 1 DAGs
[2023-12-18T21:20:05.961+0000] {logging_mixin.py:154} INFO - [2023-12-18T21:20:05.960+0000] {dag.py:3722} INFO - Setting next_dagrun for tutorial to 2023-12-17T21:20:05.960737+00:00, run_after=2023-12-18T21:20:05.960737+00:00
[2023-12-18T21:20:05.975+0000] {processor.py:179} INFO - Processing /home/airflow/.local/lib/python3.8/site-packages/airflow/example_dags/tutorial.py took 0.055 seconds
[2023-12-18T21:20:36.958+0000] {processor.py:157} INFO - Started process (PID=2273) to work on /home/airflow/.local/lib/python3.8/site-packages/airflow/example_dags/tutorial.py
[2023-12-18T21:20:36.959+0000] {processor.py:829} INFO - Processing file /home/airflow/.local/lib/python3.8/site-packages/airflow/example_dags/tutorial.py for tasks to queue
[2023-12-18T21:20:36.961+0000] {logging_mixin.py:154} INFO - [2023-12-18T21:20:36.961+0000] {dagbag.py:536} INFO - Filling up the DagBag from /home/airflow/.local/lib/python3.8/site-packages/airflow/example_dags/tutorial.py
[2023-12-18T21:20:36.966+0000] {processor.py:839} INFO - DAG(s) dict_keys(['tutorial']) retrieved from /home/airflow/.local/lib/python3.8/site-packages/airflow/example_dags/tutorial.py
[2023-12-18T21:20:37.130+0000] {logging_mixin.py:154} INFO - [2023-12-18T21:20:37.129+0000] {dag.py:2941} INFO - Sync 1 DAGs
[2023-12-18T21:20:37.150+0000] {logging_mixin.py:154} INFO - [2023-12-18T21:20:37.149+0000] {dag.py:3722} INFO - Setting next_dagrun for tutorial to 2023-12-17T21:20:37.149689+00:00, run_after=2023-12-18T21:20:37.149689+00:00
[2023-12-18T21:20:37.168+0000] {processor.py:179} INFO - Processing /home/airflow/.local/lib/python3.8/site-packages/airflow/example_dags/tutorial.py took 0.212 seconds
[2023-12-18T21:21:07.412+0000] {processor.py:157} INFO - Started process (PID=2327) to work on /home/airflow/.local/lib/python3.8/site-packages/airflow/example_dags/tutorial.py
[2023-12-18T21:21:07.413+0000] {processor.py:829} INFO - Processing file /home/airflow/.local/lib/python3.8/site-packages/airflow/example_dags/tutorial.py for tasks to queue
[2023-12-18T21:21:07.420+0000] {logging_mixin.py:154} INFO - [2023-12-18T21:21:07.419+0000] {dagbag.py:536} INFO - Filling up the DagBag from /home/airflow/.local/lib/python3.8/site-packages/airflow/example_dags/tutorial.py
[2023-12-18T21:21:07.426+0000] {processor.py:839} INFO - DAG(s) dict_keys(['tutorial']) retrieved from /home/airflow/.local/lib/python3.8/site-packages/airflow/example_dags/tutorial.py
[2023-12-18T21:21:07.449+0000] {logging_mixin.py:154} INFO - [2023-12-18T21:21:07.448+0000] {dag.py:2941} INFO - Sync 1 DAGs
[2023-12-18T21:21:07.615+0000] {logging_mixin.py:154} INFO - [2023-12-18T21:21:07.615+0000] {dag.py:3722} INFO - Setting next_dagrun for tutorial to 2023-12-17T21:21:07.615266+00:00, run_after=2023-12-18T21:21:07.615266+00:00
[2023-12-18T21:21:07.630+0000] {processor.py:179} INFO - Processing /home/airflow/.local/lib/python3.8/site-packages/airflow/example_dags/tutorial.py took 0.221 seconds
[2023-12-18T21:21:38.419+0000] {processor.py:157} INFO - Started process (PID=2381) to work on /home/airflow/.local/lib/python3.8/site-packages/airflow/example_dags/tutorial.py
[2023-12-18T21:21:38.420+0000] {processor.py:829} INFO - Processing file /home/airflow/.local/lib/python3.8/site-packages/airflow/example_dags/tutorial.py for tasks to queue
[2023-12-18T21:21:38.421+0000] {logging_mixin.py:154} INFO - [2023-12-18T21:21:38.421+0000] {dagbag.py:536} INFO - Filling up the DagBag from /home/airflow/.local/lib/python3.8/site-packages/airflow/example_dags/tutorial.py
[2023-12-18T21:21:38.426+0000] {processor.py:839} INFO - DAG(s) dict_keys(['tutorial']) retrieved from /home/airflow/.local/lib/python3.8/site-packages/airflow/example_dags/tutorial.py
[2023-12-18T21:21:38.445+0000] {logging_mixin.py:154} INFO - [2023-12-18T21:21:38.445+0000] {dag.py:2941} INFO - Sync 1 DAGs
[2023-12-18T21:21:38.467+0000] {logging_mixin.py:154} INFO - [2023-12-18T21:21:38.467+0000] {dag.py:3722} INFO - Setting next_dagrun for tutorial to 2023-12-17T21:21:38.466990+00:00, run_after=2023-12-18T21:21:38.466990+00:00
[2023-12-18T21:21:38.645+0000] {processor.py:179} INFO - Processing /home/airflow/.local/lib/python3.8/site-packages/airflow/example_dags/tutorial.py took 0.229 seconds
[2023-12-18T21:22:09.303+0000] {processor.py:157} INFO - Started process (PID=2435) to work on /home/airflow/.local/lib/python3.8/site-packages/airflow/example_dags/tutorial.py
[2023-12-18T21:22:09.303+0000] {processor.py:829} INFO - Processing file /home/airflow/.local/lib/python3.8/site-packages/airflow/example_dags/tutorial.py for tasks to queue
[2023-12-18T21:22:09.305+0000] {logging_mixin.py:154} INFO - [2023-12-18T21:22:09.304+0000] {dagbag.py:536} INFO - Filling up the DagBag from /home/airflow/.local/lib/python3.8/site-packages/airflow/example_dags/tutorial.py
[2023-12-18T21:22:09.309+0000] {processor.py:839} INFO - DAG(s) dict_keys(['tutorial']) retrieved from /home/airflow/.local/lib/python3.8/site-packages/airflow/example_dags/tutorial.py
[2023-12-18T21:22:09.324+0000] {logging_mixin.py:154} INFO - [2023-12-18T21:22:09.324+0000] {dag.py:2941} INFO - Sync 1 DAGs
[2023-12-18T21:22:09.342+0000] {logging_mixin.py:154} INFO - [2023-12-18T21:22:09.342+0000] {dag.py:3722} INFO - Setting next_dagrun for tutorial to 2023-12-17T21:22:09.342365+00:00, run_after=2023-12-18T21:22:09.342365+00:00
[2023-12-18T21:22:09.360+0000] {processor.py:179} INFO - Processing /home/airflow/.local/lib/python3.8/site-packages/airflow/example_dags/tutorial.py took 0.060 seconds
[2023-12-18T21:22:39.963+0000] {processor.py:157} INFO - Started process (PID=2489) to work on /home/airflow/.local/lib/python3.8/site-packages/airflow/example_dags/tutorial.py
[2023-12-18T21:22:39.964+0000] {processor.py:829} INFO - Processing file /home/airflow/.local/lib/python3.8/site-packages/airflow/example_dags/tutorial.py for tasks to queue
[2023-12-18T21:22:39.965+0000] {logging_mixin.py:154} INFO - [2023-12-18T21:22:39.965+0000] {dagbag.py:536} INFO - Filling up the DagBag from /home/airflow/.local/lib/python3.8/site-packages/airflow/example_dags/tutorial.py
[2023-12-18T21:22:39.970+0000] {processor.py:839} INFO - DAG(s) dict_keys(['tutorial']) retrieved from /home/airflow/.local/lib/python3.8/site-packages/airflow/example_dags/tutorial.py
[2023-12-18T21:22:39.988+0000] {logging_mixin.py:154} INFO - [2023-12-18T21:22:39.987+0000] {dag.py:2941} INFO - Sync 1 DAGs
[2023-12-18T21:22:40.010+0000] {logging_mixin.py:154} INFO - [2023-12-18T21:22:40.010+0000] {dag.py:3722} INFO - Setting next_dagrun for tutorial to 2023-12-17T21:22:40.010362+00:00, run_after=2023-12-18T21:22:40.010362+00:00
[2023-12-18T21:22:40.028+0000] {processor.py:179} INFO - Processing /home/airflow/.local/lib/python3.8/site-packages/airflow/example_dags/tutorial.py took 0.068 seconds
[2023-12-18T21:23:10.294+0000] {processor.py:157} INFO - Started process (PID=2543) to work on /home/airflow/.local/lib/python3.8/site-packages/airflow/example_dags/tutorial.py
[2023-12-18T21:23:10.294+0000] {processor.py:829} INFO - Processing file /home/airflow/.local/lib/python3.8/site-packages/airflow/example_dags/tutorial.py for tasks to queue
[2023-12-18T21:23:10.296+0000] {logging_mixin.py:154} INFO - [2023-12-18T21:23:10.296+0000] {dagbag.py:536} INFO - Filling up the DagBag from /home/airflow/.local/lib/python3.8/site-packages/airflow/example_dags/tutorial.py
[2023-12-18T21:23:10.299+0000] {processor.py:839} INFO - DAG(s) dict_keys(['tutorial']) retrieved from /home/airflow/.local/lib/python3.8/site-packages/airflow/example_dags/tutorial.py
[2023-12-18T21:23:10.314+0000] {logging_mixin.py:154} INFO - [2023-12-18T21:23:10.314+0000] {dag.py:2941} INFO - Sync 1 DAGs
[2023-12-18T21:23:10.331+0000] {logging_mixin.py:154} INFO - [2023-12-18T21:23:10.331+0000] {dag.py:3722} INFO - Setting next_dagrun for tutorial to 2023-12-17T21:23:10.331371+00:00, run_after=2023-12-18T21:23:10.331371+00:00
[2023-12-18T21:23:10.346+0000] {processor.py:179} INFO - Processing /home/airflow/.local/lib/python3.8/site-packages/airflow/example_dags/tutorial.py took 0.055 seconds
[2023-12-18T21:23:40.699+0000] {processor.py:157} INFO - Started process (PID=2597) to work on /home/airflow/.local/lib/python3.8/site-packages/airflow/example_dags/tutorial.py
[2023-12-18T21:23:40.700+0000] {processor.py:829} INFO - Processing file /home/airflow/.local/lib/python3.8/site-packages/airflow/example_dags/tutorial.py for tasks to queue
[2023-12-18T21:23:40.702+0000] {logging_mixin.py:154} INFO - [2023-12-18T21:23:40.701+0000] {dagbag.py:536} INFO - Filling up the DagBag from /home/airflow/.local/lib/python3.8/site-packages/airflow/example_dags/tutorial.py
[2023-12-18T21:23:40.708+0000] {processor.py:839} INFO - DAG(s) dict_keys(['tutorial']) retrieved from /home/airflow/.local/lib/python3.8/site-packages/airflow/example_dags/tutorial.py
[2023-12-18T21:23:40.727+0000] {logging_mixin.py:154} INFO - [2023-12-18T21:23:40.727+0000] {dag.py:2941} INFO - Sync 1 DAGs
[2023-12-18T21:23:40.753+0000] {logging_mixin.py:154} INFO - [2023-12-18T21:23:40.753+0000] {dag.py:3722} INFO - Setting next_dagrun for tutorial to 2023-12-17T21:23:40.752808+00:00, run_after=2023-12-18T21:23:40.752808+00:00
[2023-12-18T21:23:40.774+0000] {processor.py:179} INFO - Processing /home/airflow/.local/lib/python3.8/site-packages/airflow/example_dags/tutorial.py took 0.079 seconds
[2023-12-18T21:24:11.077+0000] {processor.py:157} INFO - Started process (PID=2651) to work on /home/airflow/.local/lib/python3.8/site-packages/airflow/example_dags/tutorial.py
[2023-12-18T21:24:11.078+0000] {processor.py:829} INFO - Processing file /home/airflow/.local/lib/python3.8/site-packages/airflow/example_dags/tutorial.py for tasks to queue
[2023-12-18T21:24:11.080+0000] {logging_mixin.py:154} INFO - [2023-12-18T21:24:11.080+0000] {dagbag.py:536} INFO - Filling up the DagBag from /home/airflow/.local/lib/python3.8/site-packages/airflow/example_dags/tutorial.py
[2023-12-18T21:24:11.085+0000] {processor.py:839} INFO - DAG(s) dict_keys(['tutorial']) retrieved from /home/airflow/.local/lib/python3.8/site-packages/airflow/example_dags/tutorial.py
[2023-12-18T21:24:11.102+0000] {logging_mixin.py:154} INFO - [2023-12-18T21:24:11.102+0000] {dag.py:2941} INFO - Sync 1 DAGs
[2023-12-18T21:24:11.125+0000] {logging_mixin.py:154} INFO - [2023-12-18T21:24:11.124+0000] {dag.py:3722} INFO - Setting next_dagrun for tutorial to 2023-12-17T21:24:11.124456+00:00, run_after=2023-12-18T21:24:11.124456+00:00
[2023-12-18T21:24:11.144+0000] {processor.py:179} INFO - Processing /home/airflow/.local/lib/python3.8/site-packages/airflow/example_dags/tutorial.py took 0.070 seconds
[2023-12-18T21:24:41.242+0000] {processor.py:157} INFO - Started process (PID=2705) to work on /home/airflow/.local/lib/python3.8/site-packages/airflow/example_dags/tutorial.py
[2023-12-18T21:24:41.243+0000] {processor.py:829} INFO - Processing file /home/airflow/.local/lib/python3.8/site-packages/airflow/example_dags/tutorial.py for tasks to queue
[2023-12-18T21:24:41.244+0000] {logging_mixin.py:154} INFO - [2023-12-18T21:24:41.244+0000] {dagbag.py:536} INFO - Filling up the DagBag from /home/airflow/.local/lib/python3.8/site-packages/airflow/example_dags/tutorial.py
[2023-12-18T21:24:41.248+0000] {processor.py:839} INFO - DAG(s) dict_keys(['tutorial']) retrieved from /home/airflow/.local/lib/python3.8/site-packages/airflow/example_dags/tutorial.py
[2023-12-18T21:24:41.264+0000] {logging_mixin.py:154} INFO - [2023-12-18T21:24:41.264+0000] {dag.py:2941} INFO - Sync 1 DAGs
[2023-12-18T21:24:41.282+0000] {logging_mixin.py:154} INFO - [2023-12-18T21:24:41.282+0000] {dag.py:3722} INFO - Setting next_dagrun for tutorial to 2023-12-17T21:24:41.281947+00:00, run_after=2023-12-18T21:24:41.281947+00:00
[2023-12-18T21:24:41.298+0000] {processor.py:179} INFO - Processing /home/airflow/.local/lib/python3.8/site-packages/airflow/example_dags/tutorial.py took 0.058 seconds
[2023-12-18T21:25:11.584+0000] {processor.py:157} INFO - Started process (PID=2759) to work on /home/airflow/.local/lib/python3.8/site-packages/airflow/example_dags/tutorial.py
[2023-12-18T21:25:11.585+0000] {processor.py:829} INFO - Processing file /home/airflow/.local/lib/python3.8/site-packages/airflow/example_dags/tutorial.py for tasks to queue
[2023-12-18T21:25:11.588+0000] {logging_mixin.py:154} INFO - [2023-12-18T21:25:11.587+0000] {dagbag.py:536} INFO - Filling up the DagBag from /home/airflow/.local/lib/python3.8/site-packages/airflow/example_dags/tutorial.py
[2023-12-18T21:25:11.593+0000] {processor.py:839} INFO - DAG(s) dict_keys(['tutorial']) retrieved from /home/airflow/.local/lib/python3.8/site-packages/airflow/example_dags/tutorial.py
[2023-12-18T21:25:11.610+0000] {logging_mixin.py:154} INFO - [2023-12-18T21:25:11.610+0000] {dag.py:2941} INFO - Sync 1 DAGs
[2023-12-18T21:25:11.628+0000] {logging_mixin.py:154} INFO - [2023-12-18T21:25:11.628+0000] {dag.py:3722} INFO - Setting next_dagrun for tutorial to 2023-12-17T21:25:11.628147+00:00, run_after=2023-12-18T21:25:11.628147+00:00
[2023-12-18T21:25:11.647+0000] {processor.py:179} INFO - Processing /home/airflow/.local/lib/python3.8/site-packages/airflow/example_dags/tutorial.py took 0.065 seconds
[2023-12-18T21:25:41.755+0000] {processor.py:157} INFO - Started process (PID=2813) to work on /home/airflow/.local/lib/python3.8/site-packages/airflow/example_dags/tutorial.py
[2023-12-18T21:25:41.756+0000] {processor.py:829} INFO - Processing file /home/airflow/.local/lib/python3.8/site-packages/airflow/example_dags/tutorial.py for tasks to queue
[2023-12-18T21:25:41.758+0000] {logging_mixin.py:154} INFO - [2023-12-18T21:25:41.757+0000] {dagbag.py:536} INFO - Filling up the DagBag from /home/airflow/.local/lib/python3.8/site-packages/airflow/example_dags/tutorial.py
[2023-12-18T21:25:41.762+0000] {processor.py:839} INFO - DAG(s) dict_keys(['tutorial']) retrieved from /home/airflow/.local/lib/python3.8/site-packages/airflow/example_dags/tutorial.py
[2023-12-18T21:25:41.777+0000] {logging_mixin.py:154} INFO - [2023-12-18T21:25:41.777+0000] {dag.py:2941} INFO - Sync 1 DAGs
[2023-12-18T21:25:41.794+0000] {logging_mixin.py:154} INFO - [2023-12-18T21:25:41.794+0000] {dag.py:3722} INFO - Setting next_dagrun for tutorial to 2023-12-17T21:25:41.794494+00:00, run_after=2023-12-18T21:25:41.794494+00:00
[2023-12-18T21:25:41.808+0000] {processor.py:179} INFO - Processing /home/airflow/.local/lib/python3.8/site-packages/airflow/example_dags/tutorial.py took 0.056 seconds
[2023-12-18T21:26:12.122+0000] {processor.py:157} INFO - Started process (PID=2874) to work on /home/airflow/.local/lib/python3.8/site-packages/airflow/example_dags/tutorial.py
[2023-12-18T21:26:12.122+0000] {processor.py:829} INFO - Processing file /home/airflow/.local/lib/python3.8/site-packages/airflow/example_dags/tutorial.py for tasks to queue
[2023-12-18T21:26:12.124+0000] {logging_mixin.py:154} INFO - [2023-12-18T21:26:12.124+0000] {dagbag.py:536} INFO - Filling up the DagBag from /home/airflow/.local/lib/python3.8/site-packages/airflow/example_dags/tutorial.py
[2023-12-18T21:26:12.128+0000] {processor.py:839} INFO - DAG(s) dict_keys(['tutorial']) retrieved from /home/airflow/.local/lib/python3.8/site-packages/airflow/example_dags/tutorial.py
[2023-12-18T21:26:12.143+0000] {logging_mixin.py:154} INFO - [2023-12-18T21:26:12.143+0000] {dag.py:2941} INFO - Sync 1 DAGs
[2023-12-18T21:26:12.159+0000] {logging_mixin.py:154} INFO - [2023-12-18T21:26:12.159+0000] {dag.py:3722} INFO - Setting next_dagrun for tutorial to 2023-12-17T21:26:12.159340+00:00, run_after=2023-12-18T21:26:12.159340+00:00
[2023-12-18T21:26:12.172+0000] {processor.py:179} INFO - Processing /home/airflow/.local/lib/python3.8/site-packages/airflow/example_dags/tutorial.py took 0.053 seconds
[2023-12-18T21:26:42.304+0000] {processor.py:157} INFO - Started process (PID=2928) to work on /home/airflow/.local/lib/python3.8/site-packages/airflow/example_dags/tutorial.py
[2023-12-18T21:26:42.305+0000] {processor.py:829} INFO - Processing file /home/airflow/.local/lib/python3.8/site-packages/airflow/example_dags/tutorial.py for tasks to queue
[2023-12-18T21:26:42.307+0000] {logging_mixin.py:154} INFO - [2023-12-18T21:26:42.306+0000] {dagbag.py:536} INFO - Filling up the DagBag from /home/airflow/.local/lib/python3.8/site-packages/airflow/example_dags/tutorial.py
[2023-12-18T21:26:42.311+0000] {processor.py:839} INFO - DAG(s) dict_keys(['tutorial']) retrieved from /home/airflow/.local/lib/python3.8/site-packages/airflow/example_dags/tutorial.py
[2023-12-18T21:26:42.328+0000] {logging_mixin.py:154} INFO - [2023-12-18T21:26:42.328+0000] {dag.py:2941} INFO - Sync 1 DAGs
[2023-12-18T21:26:42.346+0000] {logging_mixin.py:154} INFO - [2023-12-18T21:26:42.346+0000] {dag.py:3722} INFO - Setting next_dagrun for tutorial to 2023-12-17T21:26:42.345828+00:00, run_after=2023-12-18T21:26:42.345828+00:00
[2023-12-18T21:26:42.362+0000] {processor.py:179} INFO - Processing /home/airflow/.local/lib/python3.8/site-packages/airflow/example_dags/tutorial.py took 0.060 seconds
[2023-12-18T21:27:12.522+0000] {processor.py:157} INFO - Started process (PID=2982) to work on /home/airflow/.local/lib/python3.8/site-packages/airflow/example_dags/tutorial.py
[2023-12-18T21:27:12.523+0000] {processor.py:829} INFO - Processing file /home/airflow/.local/lib/python3.8/site-packages/airflow/example_dags/tutorial.py for tasks to queue
[2023-12-18T21:27:12.525+0000] {logging_mixin.py:154} INFO - [2023-12-18T21:27:12.524+0000] {dagbag.py:536} INFO - Filling up the DagBag from /home/airflow/.local/lib/python3.8/site-packages/airflow/example_dags/tutorial.py
[2023-12-18T21:27:12.529+0000] {processor.py:839} INFO - DAG(s) dict_keys(['tutorial']) retrieved from /home/airflow/.local/lib/python3.8/site-packages/airflow/example_dags/tutorial.py
[2023-12-18T21:27:12.545+0000] {logging_mixin.py:154} INFO - [2023-12-18T21:27:12.544+0000] {dag.py:2941} INFO - Sync 1 DAGs
[2023-12-18T21:27:12.563+0000] {logging_mixin.py:154} INFO - [2023-12-18T21:27:12.563+0000] {dag.py:3722} INFO - Setting next_dagrun for tutorial to 2023-12-17T21:27:12.563216+00:00, run_after=2023-12-18T21:27:12.563216+00:00
[2023-12-18T21:27:12.580+0000] {processor.py:179} INFO - Processing /home/airflow/.local/lib/python3.8/site-packages/airflow/example_dags/tutorial.py took 0.060 seconds
[2023-12-18T21:27:42.715+0000] {processor.py:157} INFO - Started process (PID=3036) to work on /home/airflow/.local/lib/python3.8/site-packages/airflow/example_dags/tutorial.py
[2023-12-18T21:27:42.716+0000] {processor.py:829} INFO - Processing file /home/airflow/.local/lib/python3.8/site-packages/airflow/example_dags/tutorial.py for tasks to queue
[2023-12-18T21:27:42.718+0000] {logging_mixin.py:154} INFO - [2023-12-18T21:27:42.718+0000] {dagbag.py:536} INFO - Filling up the DagBag from /home/airflow/.local/lib/python3.8/site-packages/airflow/example_dags/tutorial.py
[2023-12-18T21:27:42.722+0000] {processor.py:839} INFO - DAG(s) dict_keys(['tutorial']) retrieved from /home/airflow/.local/lib/python3.8/site-packages/airflow/example_dags/tutorial.py
[2023-12-18T21:27:42.740+0000] {logging_mixin.py:154} INFO - [2023-12-18T21:27:42.740+0000] {dag.py:2941} INFO - Sync 1 DAGs
[2023-12-18T21:27:42.760+0000] {logging_mixin.py:154} INFO - [2023-12-18T21:27:42.760+0000] {dag.py:3722} INFO - Setting next_dagrun for tutorial to 2023-12-17T21:27:42.760083+00:00, run_after=2023-12-18T21:27:42.760083+00:00
[2023-12-18T21:27:42.779+0000] {processor.py:179} INFO - Processing /home/airflow/.local/lib/python3.8/site-packages/airflow/example_dags/tutorial.py took 0.066 seconds
[2023-12-18T21:28:12.904+0000] {processor.py:157} INFO - Started process (PID=3090) to work on /home/airflow/.local/lib/python3.8/site-packages/airflow/example_dags/tutorial.py
[2023-12-18T21:28:12.905+0000] {processor.py:829} INFO - Processing file /home/airflow/.local/lib/python3.8/site-packages/airflow/example_dags/tutorial.py for tasks to queue
[2023-12-18T21:28:12.906+0000] {logging_mixin.py:154} INFO - [2023-12-18T21:28:12.906+0000] {dagbag.py:536} INFO - Filling up the DagBag from /home/airflow/.local/lib/python3.8/site-packages/airflow/example_dags/tutorial.py
[2023-12-18T21:28:12.911+0000] {processor.py:839} INFO - DAG(s) dict_keys(['tutorial']) retrieved from /home/airflow/.local/lib/python3.8/site-packages/airflow/example_dags/tutorial.py
[2023-12-18T21:28:12.928+0000] {logging_mixin.py:154} INFO - [2023-12-18T21:28:12.928+0000] {dag.py:2941} INFO - Sync 1 DAGs
[2023-12-18T21:28:12.949+0000] {logging_mixin.py:154} INFO - [2023-12-18T21:28:12.948+0000] {dag.py:3722} INFO - Setting next_dagrun for tutorial to 2023-12-17T21:28:12.948513+00:00, run_after=2023-12-18T21:28:12.948513+00:00
[2023-12-18T21:28:12.965+0000] {processor.py:179} INFO - Processing /home/airflow/.local/lib/python3.8/site-packages/airflow/example_dags/tutorial.py took 0.063 seconds
[2023-12-18T21:28:43.223+0000] {processor.py:157} INFO - Started process (PID=3144) to work on /home/airflow/.local/lib/python3.8/site-packages/airflow/example_dags/tutorial.py
[2023-12-18T21:28:43.223+0000] {processor.py:829} INFO - Processing file /home/airflow/.local/lib/python3.8/site-packages/airflow/example_dags/tutorial.py for tasks to queue
[2023-12-18T21:28:43.225+0000] {logging_mixin.py:154} INFO - [2023-12-18T21:28:43.224+0000] {dagbag.py:536} INFO - Filling up the DagBag from /home/airflow/.local/lib/python3.8/site-packages/airflow/example_dags/tutorial.py
[2023-12-18T21:28:43.229+0000] {processor.py:839} INFO - DAG(s) dict_keys(['tutorial']) retrieved from /home/airflow/.local/lib/python3.8/site-packages/airflow/example_dags/tutorial.py
[2023-12-18T21:28:43.243+0000] {logging_mixin.py:154} INFO - [2023-12-18T21:28:43.243+0000] {dag.py:2941} INFO - Sync 1 DAGs
[2023-12-18T21:28:43.260+0000] {logging_mixin.py:154} INFO - [2023-12-18T21:28:43.260+0000] {dag.py:3722} INFO - Setting next_dagrun for tutorial to 2023-12-17T21:28:43.260337+00:00, run_after=2023-12-18T21:28:43.260337+00:00
[2023-12-18T21:28:43.275+0000] {processor.py:179} INFO - Processing /home/airflow/.local/lib/python3.8/site-packages/airflow/example_dags/tutorial.py took 0.055 seconds
[2023-12-18T21:29:13.386+0000] {processor.py:157} INFO - Started process (PID=3198) to work on /home/airflow/.local/lib/python3.8/site-packages/airflow/example_dags/tutorial.py
[2023-12-18T21:29:13.387+0000] {processor.py:829} INFO - Processing file /home/airflow/.local/lib/python3.8/site-packages/airflow/example_dags/tutorial.py for tasks to queue
[2023-12-18T21:29:13.388+0000] {logging_mixin.py:154} INFO - [2023-12-18T21:29:13.388+0000] {dagbag.py:536} INFO - Filling up the DagBag from /home/airflow/.local/lib/python3.8/site-packages/airflow/example_dags/tutorial.py
[2023-12-18T21:29:13.393+0000] {processor.py:839} INFO - DAG(s) dict_keys(['tutorial']) retrieved from /home/airflow/.local/lib/python3.8/site-packages/airflow/example_dags/tutorial.py
[2023-12-18T21:29:13.409+0000] {logging_mixin.py:154} INFO - [2023-12-18T21:29:13.408+0000] {dag.py:2941} INFO - Sync 1 DAGs
[2023-12-18T21:29:13.427+0000] {logging_mixin.py:154} INFO - [2023-12-18T21:29:13.427+0000] {dag.py:3722} INFO - Setting next_dagrun for tutorial to 2023-12-17T21:29:13.427457+00:00, run_after=2023-12-18T21:29:13.427457+00:00
[2023-12-18T21:29:13.443+0000] {processor.py:179} INFO - Processing /home/airflow/.local/lib/python3.8/site-packages/airflow/example_dags/tutorial.py took 0.059 seconds
[2023-12-18T21:29:44.488+0000] {processor.py:157} INFO - Started process (PID=3252) to work on /home/airflow/.local/lib/python3.8/site-packages/airflow/example_dags/tutorial.py
[2023-12-18T21:29:44.489+0000] {processor.py:829} INFO - Processing file /home/airflow/.local/lib/python3.8/site-packages/airflow/example_dags/tutorial.py for tasks to queue
[2023-12-18T21:29:44.490+0000] {logging_mixin.py:154} INFO - [2023-12-18T21:29:44.490+0000] {dagbag.py:536} INFO - Filling up the DagBag from /home/airflow/.local/lib/python3.8/site-packages/airflow/example_dags/tutorial.py
[2023-12-18T21:29:44.495+0000] {processor.py:839} INFO - DAG(s) dict_keys(['tutorial']) retrieved from /home/airflow/.local/lib/python3.8/site-packages/airflow/example_dags/tutorial.py
[2023-12-18T21:29:44.511+0000] {logging_mixin.py:154} INFO - [2023-12-18T21:29:44.510+0000] {dag.py:2941} INFO - Sync 1 DAGs
[2023-12-18T21:29:44.529+0000] {logging_mixin.py:154} INFO - [2023-12-18T21:29:44.529+0000] {dag.py:3722} INFO - Setting next_dagrun for tutorial to 2023-12-17T21:29:44.528805+00:00, run_after=2023-12-18T21:29:44.528805+00:00
[2023-12-18T21:29:44.543+0000] {processor.py:179} INFO - Processing /home/airflow/.local/lib/python3.8/site-packages/airflow/example_dags/tutorial.py took 0.057 seconds
[2023-12-18T21:30:14.637+0000] {processor.py:157} INFO - Started process (PID=3307) to work on /home/airflow/.local/lib/python3.8/site-packages/airflow/example_dags/tutorial.py
[2023-12-18T21:30:14.638+0000] {processor.py:829} INFO - Processing file /home/airflow/.local/lib/python3.8/site-packages/airflow/example_dags/tutorial.py for tasks to queue
[2023-12-18T21:30:14.639+0000] {logging_mixin.py:154} INFO - [2023-12-18T21:30:14.639+0000] {dagbag.py:536} INFO - Filling up the DagBag from /home/airflow/.local/lib/python3.8/site-packages/airflow/example_dags/tutorial.py
[2023-12-18T21:30:14.644+0000] {processor.py:839} INFO - DAG(s) dict_keys(['tutorial']) retrieved from /home/airflow/.local/lib/python3.8/site-packages/airflow/example_dags/tutorial.py
[2023-12-18T21:30:14.661+0000] {logging_mixin.py:154} INFO - [2023-12-18T21:30:14.661+0000] {dag.py:2941} INFO - Sync 1 DAGs
[2023-12-18T21:30:14.680+0000] {logging_mixin.py:154} INFO - [2023-12-18T21:30:14.680+0000] {dag.py:3722} INFO - Setting next_dagrun for tutorial to 2023-12-17T21:30:14.679852+00:00, run_after=2023-12-18T21:30:14.679852+00:00
[2023-12-18T21:30:14.696+0000] {processor.py:179} INFO - Processing /home/airflow/.local/lib/python3.8/site-packages/airflow/example_dags/tutorial.py took 0.061 seconds
[2023-12-18T21:30:44.893+0000] {processor.py:157} INFO - Started process (PID=3361) to work on /home/airflow/.local/lib/python3.8/site-packages/airflow/example_dags/tutorial.py
[2023-12-18T21:30:44.893+0000] {processor.py:829} INFO - Processing file /home/airflow/.local/lib/python3.8/site-packages/airflow/example_dags/tutorial.py for tasks to queue
[2023-12-18T21:30:44.895+0000] {logging_mixin.py:154} INFO - [2023-12-18T21:30:44.895+0000] {dagbag.py:536} INFO - Filling up the DagBag from /home/airflow/.local/lib/python3.8/site-packages/airflow/example_dags/tutorial.py
[2023-12-18T21:30:44.899+0000] {processor.py:839} INFO - DAG(s) dict_keys(['tutorial']) retrieved from /home/airflow/.local/lib/python3.8/site-packages/airflow/example_dags/tutorial.py
[2023-12-18T21:30:44.917+0000] {logging_mixin.py:154} INFO - [2023-12-18T21:30:44.917+0000] {dag.py:2941} INFO - Sync 1 DAGs
[2023-12-18T21:30:44.935+0000] {logging_mixin.py:154} INFO - [2023-12-18T21:30:44.935+0000] {dag.py:3722} INFO - Setting next_dagrun for tutorial to 2023-12-17T21:30:44.935148+00:00, run_after=2023-12-18T21:30:44.935148+00:00
[2023-12-18T21:30:44.950+0000] {processor.py:179} INFO - Processing /home/airflow/.local/lib/python3.8/site-packages/airflow/example_dags/tutorial.py took 0.060 seconds
[2023-12-18T21:31:15.186+0000] {processor.py:157} INFO - Started process (PID=3415) to work on /home/airflow/.local/lib/python3.8/site-packages/airflow/example_dags/tutorial.py
[2023-12-18T21:31:15.187+0000] {processor.py:829} INFO - Processing file /home/airflow/.local/lib/python3.8/site-packages/airflow/example_dags/tutorial.py for tasks to queue
[2023-12-18T21:31:15.189+0000] {logging_mixin.py:154} INFO - [2023-12-18T21:31:15.188+0000] {dagbag.py:536} INFO - Filling up the DagBag from /home/airflow/.local/lib/python3.8/site-packages/airflow/example_dags/tutorial.py
[2023-12-18T21:31:15.194+0000] {processor.py:839} INFO - DAG(s) dict_keys(['tutorial']) retrieved from /home/airflow/.local/lib/python3.8/site-packages/airflow/example_dags/tutorial.py
[2023-12-18T21:31:15.211+0000] {logging_mixin.py:154} INFO - [2023-12-18T21:31:15.211+0000] {dag.py:2941} INFO - Sync 1 DAGs
[2023-12-18T21:31:15.229+0000] {logging_mixin.py:154} INFO - [2023-12-18T21:31:15.229+0000] {dag.py:3722} INFO - Setting next_dagrun for tutorial to 2023-12-17T21:31:15.228983+00:00, run_after=2023-12-18T21:31:15.228983+00:00
[2023-12-18T21:31:15.244+0000] {processor.py:179} INFO - Processing /home/airflow/.local/lib/python3.8/site-packages/airflow/example_dags/tutorial.py took 0.061 seconds
[2023-12-18T21:31:45.504+0000] {processor.py:157} INFO - Started process (PID=3469) to work on /home/airflow/.local/lib/python3.8/site-packages/airflow/example_dags/tutorial.py
[2023-12-18T21:31:45.504+0000] {processor.py:829} INFO - Processing file /home/airflow/.local/lib/python3.8/site-packages/airflow/example_dags/tutorial.py for tasks to queue
[2023-12-18T21:31:45.506+0000] {logging_mixin.py:154} INFO - [2023-12-18T21:31:45.506+0000] {dagbag.py:536} INFO - Filling up the DagBag from /home/airflow/.local/lib/python3.8/site-packages/airflow/example_dags/tutorial.py
[2023-12-18T21:31:45.511+0000] {processor.py:839} INFO - DAG(s) dict_keys(['tutorial']) retrieved from /home/airflow/.local/lib/python3.8/site-packages/airflow/example_dags/tutorial.py
[2023-12-18T21:31:45.528+0000] {logging_mixin.py:154} INFO - [2023-12-18T21:31:45.528+0000] {dag.py:2941} INFO - Sync 1 DAGs
[2023-12-18T21:31:45.547+0000] {logging_mixin.py:154} INFO - [2023-12-18T21:31:45.547+0000] {dag.py:3722} INFO - Setting next_dagrun for tutorial to 2023-12-17T21:31:45.547335+00:00, run_after=2023-12-18T21:31:45.547335+00:00
[2023-12-18T21:31:45.562+0000] {processor.py:179} INFO - Processing /home/airflow/.local/lib/python3.8/site-packages/airflow/example_dags/tutorial.py took 0.061 seconds
[2023-12-18T21:32:15.733+0000] {processor.py:157} INFO - Started process (PID=3523) to work on /home/airflow/.local/lib/python3.8/site-packages/airflow/example_dags/tutorial.py
[2023-12-18T21:32:15.734+0000] {processor.py:829} INFO - Processing file /home/airflow/.local/lib/python3.8/site-packages/airflow/example_dags/tutorial.py for tasks to queue
[2023-12-18T21:32:15.736+0000] {logging_mixin.py:154} INFO - [2023-12-18T21:32:15.735+0000] {dagbag.py:536} INFO - Filling up the DagBag from /home/airflow/.local/lib/python3.8/site-packages/airflow/example_dags/tutorial.py
[2023-12-18T21:32:15.740+0000] {processor.py:839} INFO - DAG(s) dict_keys(['tutorial']) retrieved from /home/airflow/.local/lib/python3.8/site-packages/airflow/example_dags/tutorial.py
[2023-12-18T21:32:15.757+0000] {logging_mixin.py:154} INFO - [2023-12-18T21:32:15.757+0000] {dag.py:2941} INFO - Sync 1 DAGs
[2023-12-18T21:32:15.775+0000] {logging_mixin.py:154} INFO - [2023-12-18T21:32:15.775+0000] {dag.py:3722} INFO - Setting next_dagrun for tutorial to 2023-12-17T21:32:15.774811+00:00, run_after=2023-12-18T21:32:15.774811+00:00
[2023-12-18T21:32:15.789+0000] {processor.py:179} INFO - Processing /home/airflow/.local/lib/python3.8/site-packages/airflow/example_dags/tutorial.py took 0.058 seconds
[2023-12-18T21:32:45.930+0000] {processor.py:157} INFO - Started process (PID=3577) to work on /home/airflow/.local/lib/python3.8/site-packages/airflow/example_dags/tutorial.py
[2023-12-18T21:32:45.931+0000] {processor.py:829} INFO - Processing file /home/airflow/.local/lib/python3.8/site-packages/airflow/example_dags/tutorial.py for tasks to queue
[2023-12-18T21:32:45.933+0000] {logging_mixin.py:154} INFO - [2023-12-18T21:32:45.933+0000] {dagbag.py:536} INFO - Filling up the DagBag from /home/airflow/.local/lib/python3.8/site-packages/airflow/example_dags/tutorial.py
[2023-12-18T21:32:45.938+0000] {processor.py:839} INFO - DAG(s) dict_keys(['tutorial']) retrieved from /home/airflow/.local/lib/python3.8/site-packages/airflow/example_dags/tutorial.py
[2023-12-18T21:32:45.956+0000] {logging_mixin.py:154} INFO - [2023-12-18T21:32:45.955+0000] {dag.py:2941} INFO - Sync 1 DAGs
[2023-12-18T21:32:45.975+0000] {logging_mixin.py:154} INFO - [2023-12-18T21:32:45.975+0000] {dag.py:3722} INFO - Setting next_dagrun for tutorial to 2023-12-17T21:32:45.974970+00:00, run_after=2023-12-18T21:32:45.974970+00:00
[2023-12-18T21:32:45.990+0000] {processor.py:179} INFO - Processing /home/airflow/.local/lib/python3.8/site-packages/airflow/example_dags/tutorial.py took 0.062 seconds
[2023-12-18T21:33:16.122+0000] {processor.py:157} INFO - Started process (PID=3631) to work on /home/airflow/.local/lib/python3.8/site-packages/airflow/example_dags/tutorial.py
[2023-12-18T21:33:16.123+0000] {processor.py:829} INFO - Processing file /home/airflow/.local/lib/python3.8/site-packages/airflow/example_dags/tutorial.py for tasks to queue
[2023-12-18T21:33:16.125+0000] {logging_mixin.py:154} INFO - [2023-12-18T21:33:16.125+0000] {dagbag.py:536} INFO - Filling up the DagBag from /home/airflow/.local/lib/python3.8/site-packages/airflow/example_dags/tutorial.py
[2023-12-18T21:33:16.129+0000] {processor.py:839} INFO - DAG(s) dict_keys(['tutorial']) retrieved from /home/airflow/.local/lib/python3.8/site-packages/airflow/example_dags/tutorial.py
[2023-12-18T21:33:16.147+0000] {logging_mixin.py:154} INFO - [2023-12-18T21:33:16.147+0000] {dag.py:2941} INFO - Sync 1 DAGs
[2023-12-18T21:33:16.166+0000] {logging_mixin.py:154} INFO - [2023-12-18T21:33:16.165+0000] {dag.py:3722} INFO - Setting next_dagrun for tutorial to 2023-12-17T21:33:16.165610+00:00, run_after=2023-12-18T21:33:16.165610+00:00
[2023-12-18T21:33:16.182+0000] {processor.py:179} INFO - Processing /home/airflow/.local/lib/python3.8/site-packages/airflow/example_dags/tutorial.py took 0.063 seconds
[2023-12-18T21:33:46.250+0000] {processor.py:157} INFO - Started process (PID=3685) to work on /home/airflow/.local/lib/python3.8/site-packages/airflow/example_dags/tutorial.py
[2023-12-18T21:33:46.251+0000] {processor.py:829} INFO - Processing file /home/airflow/.local/lib/python3.8/site-packages/airflow/example_dags/tutorial.py for tasks to queue
[2023-12-18T21:33:46.253+0000] {logging_mixin.py:154} INFO - [2023-12-18T21:33:46.252+0000] {dagbag.py:536} INFO - Filling up the DagBag from /home/airflow/.local/lib/python3.8/site-packages/airflow/example_dags/tutorial.py
[2023-12-18T21:33:46.258+0000] {processor.py:839} INFO - DAG(s) dict_keys(['tutorial']) retrieved from /home/airflow/.local/lib/python3.8/site-packages/airflow/example_dags/tutorial.py
[2023-12-18T21:33:46.275+0000] {logging_mixin.py:154} INFO - [2023-12-18T21:33:46.275+0000] {dag.py:2941} INFO - Sync 1 DAGs
[2023-12-18T21:33:46.295+0000] {logging_mixin.py:154} INFO - [2023-12-18T21:33:46.294+0000] {dag.py:3722} INFO - Setting next_dagrun for tutorial to 2023-12-17T21:33:46.294629+00:00, run_after=2023-12-18T21:33:46.294629+00:00
[2023-12-18T21:33:46.313+0000] {processor.py:179} INFO - Processing /home/airflow/.local/lib/python3.8/site-packages/airflow/example_dags/tutorial.py took 0.066 seconds
[2023-12-18T21:34:16.476+0000] {processor.py:157} INFO - Started process (PID=3739) to work on /home/airflow/.local/lib/python3.8/site-packages/airflow/example_dags/tutorial.py
[2023-12-18T21:34:16.476+0000] {processor.py:829} INFO - Processing file /home/airflow/.local/lib/python3.8/site-packages/airflow/example_dags/tutorial.py for tasks to queue
[2023-12-18T21:34:16.478+0000] {logging_mixin.py:154} INFO - [2023-12-18T21:34:16.478+0000] {dagbag.py:536} INFO - Filling up the DagBag from /home/airflow/.local/lib/python3.8/site-packages/airflow/example_dags/tutorial.py
[2023-12-18T21:34:16.482+0000] {processor.py:839} INFO - DAG(s) dict_keys(['tutorial']) retrieved from /home/airflow/.local/lib/python3.8/site-packages/airflow/example_dags/tutorial.py
[2023-12-18T21:34:16.501+0000] {logging_mixin.py:154} INFO - [2023-12-18T21:34:16.501+0000] {dag.py:2941} INFO - Sync 1 DAGs
[2023-12-18T21:34:16.522+0000] {logging_mixin.py:154} INFO - [2023-12-18T21:34:16.522+0000] {dag.py:3722} INFO - Setting next_dagrun for tutorial to 2023-12-17T21:34:16.521942+00:00, run_after=2023-12-18T21:34:16.521942+00:00
[2023-12-18T21:34:16.537+0000] {processor.py:179} INFO - Processing /home/airflow/.local/lib/python3.8/site-packages/airflow/example_dags/tutorial.py took 0.066 seconds
[2023-12-18T21:34:46.606+0000] {processor.py:157} INFO - Started process (PID=3793) to work on /home/airflow/.local/lib/python3.8/site-packages/airflow/example_dags/tutorial.py
[2023-12-18T21:34:46.607+0000] {processor.py:829} INFO - Processing file /home/airflow/.local/lib/python3.8/site-packages/airflow/example_dags/tutorial.py for tasks to queue
[2023-12-18T21:34:46.609+0000] {logging_mixin.py:154} INFO - [2023-12-18T21:34:46.608+0000] {dagbag.py:536} INFO - Filling up the DagBag from /home/airflow/.local/lib/python3.8/site-packages/airflow/example_dags/tutorial.py
[2023-12-18T21:34:46.613+0000] {processor.py:839} INFO - DAG(s) dict_keys(['tutorial']) retrieved from /home/airflow/.local/lib/python3.8/site-packages/airflow/example_dags/tutorial.py
[2023-12-18T21:34:46.628+0000] {logging_mixin.py:154} INFO - [2023-12-18T21:34:46.628+0000] {dag.py:2941} INFO - Sync 1 DAGs
[2023-12-18T21:34:46.647+0000] {logging_mixin.py:154} INFO - [2023-12-18T21:34:46.647+0000] {dag.py:3722} INFO - Setting next_dagrun for tutorial to 2023-12-17T21:34:46.647340+00:00, run_after=2023-12-18T21:34:46.647340+00:00
[2023-12-18T21:34:46.662+0000] {processor.py:179} INFO - Processing /home/airflow/.local/lib/python3.8/site-packages/airflow/example_dags/tutorial.py took 0.058 seconds
[2023-12-18T21:35:16.982+0000] {processor.py:157} INFO - Started process (PID=3847) to work on /home/airflow/.local/lib/python3.8/site-packages/airflow/example_dags/tutorial.py
[2023-12-18T21:35:16.983+0000] {processor.py:829} INFO - Processing file /home/airflow/.local/lib/python3.8/site-packages/airflow/example_dags/tutorial.py for tasks to queue
[2023-12-18T21:35:16.985+0000] {logging_mixin.py:154} INFO - [2023-12-18T21:35:16.985+0000] {dagbag.py:536} INFO - Filling up the DagBag from /home/airflow/.local/lib/python3.8/site-packages/airflow/example_dags/tutorial.py
[2023-12-18T21:35:16.990+0000] {processor.py:839} INFO - DAG(s) dict_keys(['tutorial']) retrieved from /home/airflow/.local/lib/python3.8/site-packages/airflow/example_dags/tutorial.py
[2023-12-18T21:35:17.008+0000] {logging_mixin.py:154} INFO - [2023-12-18T21:35:17.008+0000] {dag.py:2941} INFO - Sync 1 DAGs
[2023-12-18T21:35:17.027+0000] {logging_mixin.py:154} INFO - [2023-12-18T21:35:17.027+0000] {dag.py:3722} INFO - Setting next_dagrun for tutorial to 2023-12-17T21:35:17.027228+00:00, run_after=2023-12-18T21:35:17.027228+00:00
[2023-12-18T21:35:17.043+0000] {processor.py:179} INFO - Processing /home/airflow/.local/lib/python3.8/site-packages/airflow/example_dags/tutorial.py took 0.064 seconds
[2023-12-18T21:35:47.399+0000] {processor.py:157} INFO - Started process (PID=3901) to work on /home/airflow/.local/lib/python3.8/site-packages/airflow/example_dags/tutorial.py
[2023-12-18T21:35:47.400+0000] {processor.py:829} INFO - Processing file /home/airflow/.local/lib/python3.8/site-packages/airflow/example_dags/tutorial.py for tasks to queue
[2023-12-18T21:35:47.402+0000] {logging_mixin.py:154} INFO - [2023-12-18T21:35:47.401+0000] {dagbag.py:536} INFO - Filling up the DagBag from /home/airflow/.local/lib/python3.8/site-packages/airflow/example_dags/tutorial.py
[2023-12-18T21:35:47.407+0000] {processor.py:839} INFO - DAG(s) dict_keys(['tutorial']) retrieved from /home/airflow/.local/lib/python3.8/site-packages/airflow/example_dags/tutorial.py
[2023-12-18T21:35:47.427+0000] {logging_mixin.py:154} INFO - [2023-12-18T21:35:47.426+0000] {dag.py:2941} INFO - Sync 1 DAGs
[2023-12-18T21:35:47.448+0000] {logging_mixin.py:154} INFO - [2023-12-18T21:35:47.448+0000] {dag.py:3722} INFO - Setting next_dagrun for tutorial to 2023-12-17T21:35:47.448011+00:00, run_after=2023-12-18T21:35:47.448011+00:00
[2023-12-18T21:35:47.464+0000] {processor.py:179} INFO - Processing /home/airflow/.local/lib/python3.8/site-packages/airflow/example_dags/tutorial.py took 0.068 seconds
