[2023-12-18T20:56:39.464+0000] {processor.py:157} INFO - Started process (PID=66) to work on /home/airflow/.local/lib/python3.8/site-packages/airflow/example_dags/example_trigger_target_dag.py
[2023-12-18T20:56:39.466+0000] {processor.py:829} INFO - Processing file /home/airflow/.local/lib/python3.8/site-packages/airflow/example_dags/example_trigger_target_dag.py for tasks to queue
[2023-12-18T20:56:39.470+0000] {logging_mixin.py:154} INFO - [2023-12-18T20:56:39.469+0000] {dagbag.py:536} INFO - Filling up the DagBag from /home/airflow/.local/lib/python3.8/site-packages/airflow/example_dags/example_trigger_target_dag.py
[2023-12-18T20:56:39.484+0000] {processor.py:839} INFO - DAG(s) dict_keys(['example_trigger_target_dag']) retrieved from /home/airflow/.local/lib/python3.8/site-packages/airflow/example_dags/example_trigger_target_dag.py
[2023-12-18T20:56:39.524+0000] {logging_mixin.py:154} INFO - [2023-12-18T20:56:39.524+0000] {dag.py:2941} INFO - Sync 1 DAGs
[2023-12-18T20:56:39.554+0000] {logging_mixin.py:154} INFO - [2023-12-18T20:56:39.553+0000] {dag.py:3722} INFO - Setting next_dagrun for example_trigger_target_dag to None, run_after=None
[2023-12-18T20:56:39.597+0000] {processor.py:179} INFO - Processing /home/airflow/.local/lib/python3.8/site-packages/airflow/example_dags/example_trigger_target_dag.py took 0.137 seconds
[2023-12-18T20:57:10.611+0000] {processor.py:157} INFO - Started process (PID=120) to work on /home/airflow/.local/lib/python3.8/site-packages/airflow/example_dags/example_trigger_target_dag.py
[2023-12-18T20:57:10.612+0000] {processor.py:829} INFO - Processing file /home/airflow/.local/lib/python3.8/site-packages/airflow/example_dags/example_trigger_target_dag.py for tasks to queue
[2023-12-18T20:57:10.616+0000] {logging_mixin.py:154} INFO - [2023-12-18T20:57:10.615+0000] {dagbag.py:536} INFO - Filling up the DagBag from /home/airflow/.local/lib/python3.8/site-packages/airflow/example_dags/example_trigger_target_dag.py
[2023-12-18T20:57:10.625+0000] {processor.py:839} INFO - DAG(s) dict_keys(['example_trigger_target_dag']) retrieved from /home/airflow/.local/lib/python3.8/site-packages/airflow/example_dags/example_trigger_target_dag.py
[2023-12-18T20:57:10.660+0000] {logging_mixin.py:154} INFO - [2023-12-18T20:57:10.659+0000] {dag.py:2941} INFO - Sync 1 DAGs
[2023-12-18T20:57:10.685+0000] {logging_mixin.py:154} INFO - [2023-12-18T20:57:10.684+0000] {dag.py:3722} INFO - Setting next_dagrun for example_trigger_target_dag to None, run_after=None
[2023-12-18T20:57:10.759+0000] {processor.py:179} INFO - Processing /home/airflow/.local/lib/python3.8/site-packages/airflow/example_dags/example_trigger_target_dag.py took 0.153 seconds
[2023-12-18T20:57:41.101+0000] {processor.py:157} INFO - Started process (PID=174) to work on /home/airflow/.local/lib/python3.8/site-packages/airflow/example_dags/example_trigger_target_dag.py
[2023-12-18T20:57:41.103+0000] {processor.py:829} INFO - Processing file /home/airflow/.local/lib/python3.8/site-packages/airflow/example_dags/example_trigger_target_dag.py for tasks to queue
[2023-12-18T20:57:41.106+0000] {logging_mixin.py:154} INFO - [2023-12-18T20:57:41.106+0000] {dagbag.py:536} INFO - Filling up the DagBag from /home/airflow/.local/lib/python3.8/site-packages/airflow/example_dags/example_trigger_target_dag.py
[2023-12-18T20:57:41.114+0000] {processor.py:839} INFO - DAG(s) dict_keys(['example_trigger_target_dag']) retrieved from /home/airflow/.local/lib/python3.8/site-packages/airflow/example_dags/example_trigger_target_dag.py
[2023-12-18T20:57:41.149+0000] {logging_mixin.py:154} INFO - [2023-12-18T20:57:41.148+0000] {dag.py:2941} INFO - Sync 1 DAGs
[2023-12-18T20:57:41.178+0000] {logging_mixin.py:154} INFO - [2023-12-18T20:57:41.177+0000] {dag.py:3722} INFO - Setting next_dagrun for example_trigger_target_dag to None, run_after=None
[2023-12-18T20:57:41.216+0000] {processor.py:179} INFO - Processing /home/airflow/.local/lib/python3.8/site-packages/airflow/example_dags/example_trigger_target_dag.py took 0.123 seconds
[2023-12-18T20:58:12.139+0000] {processor.py:157} INFO - Started process (PID=228) to work on /home/airflow/.local/lib/python3.8/site-packages/airflow/example_dags/example_trigger_target_dag.py
[2023-12-18T20:58:12.140+0000] {processor.py:829} INFO - Processing file /home/airflow/.local/lib/python3.8/site-packages/airflow/example_dags/example_trigger_target_dag.py for tasks to queue
[2023-12-18T20:58:12.144+0000] {logging_mixin.py:154} INFO - [2023-12-18T20:58:12.143+0000] {dagbag.py:536} INFO - Filling up the DagBag from /home/airflow/.local/lib/python3.8/site-packages/airflow/example_dags/example_trigger_target_dag.py
[2023-12-18T20:58:12.152+0000] {processor.py:839} INFO - DAG(s) dict_keys(['example_trigger_target_dag']) retrieved from /home/airflow/.local/lib/python3.8/site-packages/airflow/example_dags/example_trigger_target_dag.py
[2023-12-18T20:58:12.189+0000] {logging_mixin.py:154} INFO - [2023-12-18T20:58:12.189+0000] {dag.py:2941} INFO - Sync 1 DAGs
[2023-12-18T20:58:12.214+0000] {logging_mixin.py:154} INFO - [2023-12-18T20:58:12.213+0000] {dag.py:3722} INFO - Setting next_dagrun for example_trigger_target_dag to None, run_after=None
[2023-12-18T20:58:12.250+0000] {processor.py:179} INFO - Processing /home/airflow/.local/lib/python3.8/site-packages/airflow/example_dags/example_trigger_target_dag.py took 0.116 seconds
[2023-12-18T20:58:42.433+0000] {processor.py:157} INFO - Started process (PID=282) to work on /home/airflow/.local/lib/python3.8/site-packages/airflow/example_dags/example_trigger_target_dag.py
[2023-12-18T20:58:42.435+0000] {processor.py:829} INFO - Processing file /home/airflow/.local/lib/python3.8/site-packages/airflow/example_dags/example_trigger_target_dag.py for tasks to queue
[2023-12-18T20:58:42.439+0000] {logging_mixin.py:154} INFO - [2023-12-18T20:58:42.438+0000] {dagbag.py:536} INFO - Filling up the DagBag from /home/airflow/.local/lib/python3.8/site-packages/airflow/example_dags/example_trigger_target_dag.py
[2023-12-18T20:58:42.447+0000] {processor.py:839} INFO - DAG(s) dict_keys(['example_trigger_target_dag']) retrieved from /home/airflow/.local/lib/python3.8/site-packages/airflow/example_dags/example_trigger_target_dag.py
[2023-12-18T20:58:42.481+0000] {logging_mixin.py:154} INFO - [2023-12-18T20:58:42.480+0000] {dag.py:2941} INFO - Sync 1 DAGs
[2023-12-18T20:58:42.509+0000] {logging_mixin.py:154} INFO - [2023-12-18T20:58:42.508+0000] {dag.py:3722} INFO - Setting next_dagrun for example_trigger_target_dag to None, run_after=None
[2023-12-18T20:58:42.549+0000] {processor.py:179} INFO - Processing /home/airflow/.local/lib/python3.8/site-packages/airflow/example_dags/example_trigger_target_dag.py took 0.121 seconds
[2023-12-18T20:59:13.680+0000] {processor.py:157} INFO - Started process (PID=343) to work on /home/airflow/.local/lib/python3.8/site-packages/airflow/example_dags/example_trigger_target_dag.py
[2023-12-18T20:59:13.682+0000] {processor.py:829} INFO - Processing file /home/airflow/.local/lib/python3.8/site-packages/airflow/example_dags/example_trigger_target_dag.py for tasks to queue
[2023-12-18T20:59:13.686+0000] {logging_mixin.py:154} INFO - [2023-12-18T20:59:13.685+0000] {dagbag.py:536} INFO - Filling up the DagBag from /home/airflow/.local/lib/python3.8/site-packages/airflow/example_dags/example_trigger_target_dag.py
[2023-12-18T20:59:13.695+0000] {processor.py:839} INFO - DAG(s) dict_keys(['example_trigger_target_dag']) retrieved from /home/airflow/.local/lib/python3.8/site-packages/airflow/example_dags/example_trigger_target_dag.py
[2023-12-18T20:59:13.734+0000] {logging_mixin.py:154} INFO - [2023-12-18T20:59:13.733+0000] {dag.py:2941} INFO - Sync 1 DAGs
[2023-12-18T20:59:13.758+0000] {logging_mixin.py:154} INFO - [2023-12-18T20:59:13.758+0000] {dag.py:3722} INFO - Setting next_dagrun for example_trigger_target_dag to None, run_after=None
[2023-12-18T20:59:13.790+0000] {processor.py:179} INFO - Processing /home/airflow/.local/lib/python3.8/site-packages/airflow/example_dags/example_trigger_target_dag.py took 0.116 seconds
[2023-12-18T20:59:44.294+0000] {processor.py:157} INFO - Started process (PID=397) to work on /home/airflow/.local/lib/python3.8/site-packages/airflow/example_dags/example_trigger_target_dag.py
[2023-12-18T20:59:44.296+0000] {processor.py:829} INFO - Processing file /home/airflow/.local/lib/python3.8/site-packages/airflow/example_dags/example_trigger_target_dag.py for tasks to queue
[2023-12-18T20:59:44.299+0000] {logging_mixin.py:154} INFO - [2023-12-18T20:59:44.299+0000] {dagbag.py:536} INFO - Filling up the DagBag from /home/airflow/.local/lib/python3.8/site-packages/airflow/example_dags/example_trigger_target_dag.py
[2023-12-18T20:59:44.308+0000] {processor.py:839} INFO - DAG(s) dict_keys(['example_trigger_target_dag']) retrieved from /home/airflow/.local/lib/python3.8/site-packages/airflow/example_dags/example_trigger_target_dag.py
[2023-12-18T20:59:44.367+0000] {logging_mixin.py:154} INFO - [2023-12-18T20:59:44.367+0000] {dag.py:2941} INFO - Sync 1 DAGs
[2023-12-18T20:59:44.427+0000] {logging_mixin.py:154} INFO - [2023-12-18T20:59:44.427+0000] {dag.py:3722} INFO - Setting next_dagrun for example_trigger_target_dag to None, run_after=None
[2023-12-18T20:59:44.476+0000] {processor.py:179} INFO - Processing /home/airflow/.local/lib/python3.8/site-packages/airflow/example_dags/example_trigger_target_dag.py took 0.187 seconds
[2023-12-18T21:00:15.091+0000] {processor.py:157} INFO - Started process (PID=451) to work on /home/airflow/.local/lib/python3.8/site-packages/airflow/example_dags/example_trigger_target_dag.py
[2023-12-18T21:00:15.092+0000] {processor.py:829} INFO - Processing file /home/airflow/.local/lib/python3.8/site-packages/airflow/example_dags/example_trigger_target_dag.py for tasks to queue
[2023-12-18T21:00:15.095+0000] {logging_mixin.py:154} INFO - [2023-12-18T21:00:15.095+0000] {dagbag.py:536} INFO - Filling up the DagBag from /home/airflow/.local/lib/python3.8/site-packages/airflow/example_dags/example_trigger_target_dag.py
[2023-12-18T21:00:15.105+0000] {processor.py:839} INFO - DAG(s) dict_keys(['example_trigger_target_dag']) retrieved from /home/airflow/.local/lib/python3.8/site-packages/airflow/example_dags/example_trigger_target_dag.py
[2023-12-18T21:00:15.136+0000] {logging_mixin.py:154} INFO - [2023-12-18T21:00:15.136+0000] {dag.py:2941} INFO - Sync 1 DAGs
[2023-12-18T21:00:15.160+0000] {logging_mixin.py:154} INFO - [2023-12-18T21:00:15.160+0000] {dag.py:3722} INFO - Setting next_dagrun for example_trigger_target_dag to None, run_after=None
[2023-12-18T21:00:15.193+0000] {processor.py:179} INFO - Processing /home/airflow/.local/lib/python3.8/site-packages/airflow/example_dags/example_trigger_target_dag.py took 0.106 seconds
[2023-12-18T21:00:45.270+0000] {processor.py:157} INFO - Started process (PID=505) to work on /home/airflow/.local/lib/python3.8/site-packages/airflow/example_dags/example_trigger_target_dag.py
[2023-12-18T21:00:45.272+0000] {processor.py:829} INFO - Processing file /home/airflow/.local/lib/python3.8/site-packages/airflow/example_dags/example_trigger_target_dag.py for tasks to queue
[2023-12-18T21:00:45.275+0000] {logging_mixin.py:154} INFO - [2023-12-18T21:00:45.275+0000] {dagbag.py:536} INFO - Filling up the DagBag from /home/airflow/.local/lib/python3.8/site-packages/airflow/example_dags/example_trigger_target_dag.py
[2023-12-18T21:00:45.285+0000] {processor.py:839} INFO - DAG(s) dict_keys(['example_trigger_target_dag']) retrieved from /home/airflow/.local/lib/python3.8/site-packages/airflow/example_dags/example_trigger_target_dag.py
[2023-12-18T21:00:45.318+0000] {logging_mixin.py:154} INFO - [2023-12-18T21:00:45.318+0000] {dag.py:2941} INFO - Sync 1 DAGs
[2023-12-18T21:00:45.339+0000] {logging_mixin.py:154} INFO - [2023-12-18T21:00:45.339+0000] {dag.py:3722} INFO - Setting next_dagrun for example_trigger_target_dag to None, run_after=None
[2023-12-18T21:00:45.410+0000] {processor.py:179} INFO - Processing /home/airflow/.local/lib/python3.8/site-packages/airflow/example_dags/example_trigger_target_dag.py took 0.144 seconds
[2023-12-18T21:01:15.489+0000] {processor.py:157} INFO - Started process (PID=558) to work on /home/airflow/.local/lib/python3.8/site-packages/airflow/example_dags/example_trigger_target_dag.py
[2023-12-18T21:01:15.491+0000] {processor.py:829} INFO - Processing file /home/airflow/.local/lib/python3.8/site-packages/airflow/example_dags/example_trigger_target_dag.py for tasks to queue
[2023-12-18T21:01:15.496+0000] {logging_mixin.py:154} INFO - [2023-12-18T21:01:15.496+0000] {dagbag.py:536} INFO - Filling up the DagBag from /home/airflow/.local/lib/python3.8/site-packages/airflow/example_dags/example_trigger_target_dag.py
[2023-12-18T21:01:15.507+0000] {processor.py:839} INFO - DAG(s) dict_keys(['example_trigger_target_dag']) retrieved from /home/airflow/.local/lib/python3.8/site-packages/airflow/example_dags/example_trigger_target_dag.py
[2023-12-18T21:01:15.543+0000] {logging_mixin.py:154} INFO - [2023-12-18T21:01:15.542+0000] {dag.py:2941} INFO - Sync 1 DAGs
[2023-12-18T21:01:15.565+0000] {logging_mixin.py:154} INFO - [2023-12-18T21:01:15.565+0000] {dag.py:3722} INFO - Setting next_dagrun for example_trigger_target_dag to None, run_after=None
[2023-12-18T21:01:15.638+0000] {processor.py:179} INFO - Processing /home/airflow/.local/lib/python3.8/site-packages/airflow/example_dags/example_trigger_target_dag.py took 0.158 seconds
[2023-12-18T21:01:46.124+0000] {processor.py:157} INFO - Started process (PID=612) to work on /home/airflow/.local/lib/python3.8/site-packages/airflow/example_dags/example_trigger_target_dag.py
[2023-12-18T21:01:46.125+0000] {processor.py:829} INFO - Processing file /home/airflow/.local/lib/python3.8/site-packages/airflow/example_dags/example_trigger_target_dag.py for tasks to queue
[2023-12-18T21:01:46.129+0000] {logging_mixin.py:154} INFO - [2023-12-18T21:01:46.128+0000] {dagbag.py:536} INFO - Filling up the DagBag from /home/airflow/.local/lib/python3.8/site-packages/airflow/example_dags/example_trigger_target_dag.py
[2023-12-18T21:01:46.137+0000] {processor.py:839} INFO - DAG(s) dict_keys(['example_trigger_target_dag']) retrieved from /home/airflow/.local/lib/python3.8/site-packages/airflow/example_dags/example_trigger_target_dag.py
[2023-12-18T21:01:46.168+0000] {logging_mixin.py:154} INFO - [2023-12-18T21:01:46.167+0000] {dag.py:2941} INFO - Sync 1 DAGs
[2023-12-18T21:01:46.191+0000] {logging_mixin.py:154} INFO - [2023-12-18T21:01:46.191+0000] {dag.py:3722} INFO - Setting next_dagrun for example_trigger_target_dag to None, run_after=None
[2023-12-18T21:01:46.227+0000] {processor.py:179} INFO - Processing /home/airflow/.local/lib/python3.8/site-packages/airflow/example_dags/example_trigger_target_dag.py took 0.107 seconds
[2023-12-18T21:02:17.271+0000] {processor.py:157} INFO - Started process (PID=667) to work on /home/airflow/.local/lib/python3.8/site-packages/airflow/example_dags/example_trigger_target_dag.py
[2023-12-18T21:02:17.272+0000] {processor.py:829} INFO - Processing file /home/airflow/.local/lib/python3.8/site-packages/airflow/example_dags/example_trigger_target_dag.py for tasks to queue
[2023-12-18T21:02:17.277+0000] {logging_mixin.py:154} INFO - [2023-12-18T21:02:17.276+0000] {dagbag.py:536} INFO - Filling up the DagBag from /home/airflow/.local/lib/python3.8/site-packages/airflow/example_dags/example_trigger_target_dag.py
[2023-12-18T21:02:17.286+0000] {processor.py:839} INFO - DAG(s) dict_keys(['example_trigger_target_dag']) retrieved from /home/airflow/.local/lib/python3.8/site-packages/airflow/example_dags/example_trigger_target_dag.py
[2023-12-18T21:02:17.318+0000] {logging_mixin.py:154} INFO - [2023-12-18T21:02:17.318+0000] {dag.py:2941} INFO - Sync 1 DAGs
[2023-12-18T21:02:17.341+0000] {logging_mixin.py:154} INFO - [2023-12-18T21:02:17.340+0000] {dag.py:3722} INFO - Setting next_dagrun for example_trigger_target_dag to None, run_after=None
[2023-12-18T21:02:17.375+0000] {processor.py:179} INFO - Processing /home/airflow/.local/lib/python3.8/site-packages/airflow/example_dags/example_trigger_target_dag.py took 0.109 seconds
[2023-12-18T21:02:48.251+0000] {processor.py:157} INFO - Started process (PID=721) to work on /home/airflow/.local/lib/python3.8/site-packages/airflow/example_dags/example_trigger_target_dag.py
[2023-12-18T21:02:48.253+0000] {processor.py:829} INFO - Processing file /home/airflow/.local/lib/python3.8/site-packages/airflow/example_dags/example_trigger_target_dag.py for tasks to queue
[2023-12-18T21:02:48.256+0000] {logging_mixin.py:154} INFO - [2023-12-18T21:02:48.256+0000] {dagbag.py:536} INFO - Filling up the DagBag from /home/airflow/.local/lib/python3.8/site-packages/airflow/example_dags/example_trigger_target_dag.py
[2023-12-18T21:02:48.265+0000] {processor.py:839} INFO - DAG(s) dict_keys(['example_trigger_target_dag']) retrieved from /home/airflow/.local/lib/python3.8/site-packages/airflow/example_dags/example_trigger_target_dag.py
[2023-12-18T21:02:48.300+0000] {logging_mixin.py:154} INFO - [2023-12-18T21:02:48.300+0000] {dag.py:2941} INFO - Sync 1 DAGs
[2023-12-18T21:02:48.323+0000] {logging_mixin.py:154} INFO - [2023-12-18T21:02:48.322+0000] {dag.py:3722} INFO - Setting next_dagrun for example_trigger_target_dag to None, run_after=None
[2023-12-18T21:02:48.397+0000] {processor.py:179} INFO - Processing /home/airflow/.local/lib/python3.8/site-packages/airflow/example_dags/example_trigger_target_dag.py took 0.150 seconds
[2023-12-18T21:03:18.525+0000] {processor.py:157} INFO - Started process (PID=775) to work on /home/airflow/.local/lib/python3.8/site-packages/airflow/example_dags/example_trigger_target_dag.py
[2023-12-18T21:03:18.527+0000] {processor.py:829} INFO - Processing file /home/airflow/.local/lib/python3.8/site-packages/airflow/example_dags/example_trigger_target_dag.py for tasks to queue
[2023-12-18T21:03:18.531+0000] {logging_mixin.py:154} INFO - [2023-12-18T21:03:18.531+0000] {dagbag.py:536} INFO - Filling up the DagBag from /home/airflow/.local/lib/python3.8/site-packages/airflow/example_dags/example_trigger_target_dag.py
[2023-12-18T21:03:18.542+0000] {processor.py:839} INFO - DAG(s) dict_keys(['example_trigger_target_dag']) retrieved from /home/airflow/.local/lib/python3.8/site-packages/airflow/example_dags/example_trigger_target_dag.py
[2023-12-18T21:03:18.579+0000] {logging_mixin.py:154} INFO - [2023-12-18T21:03:18.579+0000] {dag.py:2941} INFO - Sync 1 DAGs
[2023-12-18T21:03:18.606+0000] {logging_mixin.py:154} INFO - [2023-12-18T21:03:18.605+0000] {dag.py:3722} INFO - Setting next_dagrun for example_trigger_target_dag to None, run_after=None
[2023-12-18T21:03:18.638+0000] {processor.py:179} INFO - Processing /home/airflow/.local/lib/python3.8/site-packages/airflow/example_dags/example_trigger_target_dag.py took 0.119 seconds
[2023-12-18T21:03:49.643+0000] {processor.py:157} INFO - Started process (PID=829) to work on /home/airflow/.local/lib/python3.8/site-packages/airflow/example_dags/example_trigger_target_dag.py
[2023-12-18T21:03:49.644+0000] {processor.py:829} INFO - Processing file /home/airflow/.local/lib/python3.8/site-packages/airflow/example_dags/example_trigger_target_dag.py for tasks to queue
[2023-12-18T21:03:49.648+0000] {logging_mixin.py:154} INFO - [2023-12-18T21:03:49.647+0000] {dagbag.py:536} INFO - Filling up the DagBag from /home/airflow/.local/lib/python3.8/site-packages/airflow/example_dags/example_trigger_target_dag.py
[2023-12-18T21:03:49.657+0000] {processor.py:839} INFO - DAG(s) dict_keys(['example_trigger_target_dag']) retrieved from /home/airflow/.local/lib/python3.8/site-packages/airflow/example_dags/example_trigger_target_dag.py
[2023-12-18T21:03:49.744+0000] {logging_mixin.py:154} INFO - [2023-12-18T21:03:49.743+0000] {dag.py:2941} INFO - Sync 1 DAGs
[2023-12-18T21:03:49.793+0000] {logging_mixin.py:154} INFO - [2023-12-18T21:03:49.792+0000] {dag.py:3722} INFO - Setting next_dagrun for example_trigger_target_dag to None, run_after=None
[2023-12-18T21:03:49.856+0000] {processor.py:179} INFO - Processing /home/airflow/.local/lib/python3.8/site-packages/airflow/example_dags/example_trigger_target_dag.py took 0.220 seconds
[2023-12-18T21:04:20.222+0000] {processor.py:157} INFO - Started process (PID=883) to work on /home/airflow/.local/lib/python3.8/site-packages/airflow/example_dags/example_trigger_target_dag.py
[2023-12-18T21:04:20.223+0000] {processor.py:829} INFO - Processing file /home/airflow/.local/lib/python3.8/site-packages/airflow/example_dags/example_trigger_target_dag.py for tasks to queue
[2023-12-18T21:04:20.224+0000] {logging_mixin.py:154} INFO - [2023-12-18T21:04:20.224+0000] {dagbag.py:536} INFO - Filling up the DagBag from /home/airflow/.local/lib/python3.8/site-packages/airflow/example_dags/example_trigger_target_dag.py
[2023-12-18T21:04:20.228+0000] {processor.py:839} INFO - DAG(s) dict_keys(['example_trigger_target_dag']) retrieved from /home/airflow/.local/lib/python3.8/site-packages/airflow/example_dags/example_trigger_target_dag.py
[2023-12-18T21:04:20.244+0000] {logging_mixin.py:154} INFO - [2023-12-18T21:04:20.244+0000] {dag.py:2941} INFO - Sync 1 DAGs
[2023-12-18T21:04:20.255+0000] {logging_mixin.py:154} INFO - [2023-12-18T21:04:20.255+0000] {dag.py:3722} INFO - Setting next_dagrun for example_trigger_target_dag to None, run_after=None
[2023-12-18T21:04:20.269+0000] {processor.py:179} INFO - Processing /home/airflow/.local/lib/python3.8/site-packages/airflow/example_dags/example_trigger_target_dag.py took 0.049 seconds
[2023-12-18T21:04:50.500+0000] {processor.py:157} INFO - Started process (PID=937) to work on /home/airflow/.local/lib/python3.8/site-packages/airflow/example_dags/example_trigger_target_dag.py
[2023-12-18T21:04:50.501+0000] {processor.py:829} INFO - Processing file /home/airflow/.local/lib/python3.8/site-packages/airflow/example_dags/example_trigger_target_dag.py for tasks to queue
[2023-12-18T21:04:50.502+0000] {logging_mixin.py:154} INFO - [2023-12-18T21:04:50.502+0000] {dagbag.py:536} INFO - Filling up the DagBag from /home/airflow/.local/lib/python3.8/site-packages/airflow/example_dags/example_trigger_target_dag.py
[2023-12-18T21:04:50.507+0000] {processor.py:839} INFO - DAG(s) dict_keys(['example_trigger_target_dag']) retrieved from /home/airflow/.local/lib/python3.8/site-packages/airflow/example_dags/example_trigger_target_dag.py
[2023-12-18T21:04:50.526+0000] {logging_mixin.py:154} INFO - [2023-12-18T21:04:50.525+0000] {dag.py:2941} INFO - Sync 1 DAGs
[2023-12-18T21:04:50.537+0000] {logging_mixin.py:154} INFO - [2023-12-18T21:04:50.537+0000] {dag.py:3722} INFO - Setting next_dagrun for example_trigger_target_dag to None, run_after=None
[2023-12-18T21:04:50.554+0000] {processor.py:179} INFO - Processing /home/airflow/.local/lib/python3.8/site-packages/airflow/example_dags/example_trigger_target_dag.py took 0.056 seconds
[2023-12-18T21:05:20.897+0000] {processor.py:157} INFO - Started process (PID=991) to work on /home/airflow/.local/lib/python3.8/site-packages/airflow/example_dags/example_trigger_target_dag.py
[2023-12-18T21:05:20.898+0000] {processor.py:829} INFO - Processing file /home/airflow/.local/lib/python3.8/site-packages/airflow/example_dags/example_trigger_target_dag.py for tasks to queue
[2023-12-18T21:05:20.899+0000] {logging_mixin.py:154} INFO - [2023-12-18T21:05:20.899+0000] {dagbag.py:536} INFO - Filling up the DagBag from /home/airflow/.local/lib/python3.8/site-packages/airflow/example_dags/example_trigger_target_dag.py
[2023-12-18T21:05:20.903+0000] {processor.py:839} INFO - DAG(s) dict_keys(['example_trigger_target_dag']) retrieved from /home/airflow/.local/lib/python3.8/site-packages/airflow/example_dags/example_trigger_target_dag.py
[2023-12-18T21:05:20.919+0000] {logging_mixin.py:154} INFO - [2023-12-18T21:05:20.918+0000] {dag.py:2941} INFO - Sync 1 DAGs
[2023-12-18T21:05:20.930+0000] {logging_mixin.py:154} INFO - [2023-12-18T21:05:20.929+0000] {dag.py:3722} INFO - Setting next_dagrun for example_trigger_target_dag to None, run_after=None
[2023-12-18T21:05:20.944+0000] {processor.py:179} INFO - Processing /home/airflow/.local/lib/python3.8/site-packages/airflow/example_dags/example_trigger_target_dag.py took 0.049 seconds
[2023-12-18T21:05:51.197+0000] {processor.py:157} INFO - Started process (PID=1045) to work on /home/airflow/.local/lib/python3.8/site-packages/airflow/example_dags/example_trigger_target_dag.py
[2023-12-18T21:05:51.197+0000] {processor.py:829} INFO - Processing file /home/airflow/.local/lib/python3.8/site-packages/airflow/example_dags/example_trigger_target_dag.py for tasks to queue
[2023-12-18T21:05:51.199+0000] {logging_mixin.py:154} INFO - [2023-12-18T21:05:51.199+0000] {dagbag.py:536} INFO - Filling up the DagBag from /home/airflow/.local/lib/python3.8/site-packages/airflow/example_dags/example_trigger_target_dag.py
[2023-12-18T21:05:51.203+0000] {processor.py:839} INFO - DAG(s) dict_keys(['example_trigger_target_dag']) retrieved from /home/airflow/.local/lib/python3.8/site-packages/airflow/example_dags/example_trigger_target_dag.py
[2023-12-18T21:05:51.219+0000] {logging_mixin.py:154} INFO - [2023-12-18T21:05:51.218+0000] {dag.py:2941} INFO - Sync 1 DAGs
[2023-12-18T21:05:51.229+0000] {logging_mixin.py:154} INFO - [2023-12-18T21:05:51.229+0000] {dag.py:3722} INFO - Setting next_dagrun for example_trigger_target_dag to None, run_after=None
[2023-12-18T21:05:51.243+0000] {processor.py:179} INFO - Processing /home/airflow/.local/lib/python3.8/site-packages/airflow/example_dags/example_trigger_target_dag.py took 0.049 seconds
[2023-12-18T21:06:21.582+0000] {processor.py:157} INFO - Started process (PID=1099) to work on /home/airflow/.local/lib/python3.8/site-packages/airflow/example_dags/example_trigger_target_dag.py
[2023-12-18T21:06:21.582+0000] {processor.py:829} INFO - Processing file /home/airflow/.local/lib/python3.8/site-packages/airflow/example_dags/example_trigger_target_dag.py for tasks to queue
[2023-12-18T21:06:21.584+0000] {logging_mixin.py:154} INFO - [2023-12-18T21:06:21.584+0000] {dagbag.py:536} INFO - Filling up the DagBag from /home/airflow/.local/lib/python3.8/site-packages/airflow/example_dags/example_trigger_target_dag.py
[2023-12-18T21:06:21.588+0000] {processor.py:839} INFO - DAG(s) dict_keys(['example_trigger_target_dag']) retrieved from /home/airflow/.local/lib/python3.8/site-packages/airflow/example_dags/example_trigger_target_dag.py
[2023-12-18T21:06:21.602+0000] {logging_mixin.py:154} INFO - [2023-12-18T21:06:21.602+0000] {dag.py:2941} INFO - Sync 1 DAGs
[2023-12-18T21:06:21.612+0000] {logging_mixin.py:154} INFO - [2023-12-18T21:06:21.612+0000] {dag.py:3722} INFO - Setting next_dagrun for example_trigger_target_dag to None, run_after=None
[2023-12-18T21:06:21.626+0000] {processor.py:179} INFO - Processing /home/airflow/.local/lib/python3.8/site-packages/airflow/example_dags/example_trigger_target_dag.py took 0.048 seconds
[2023-12-18T21:06:51.701+0000] {processor.py:157} INFO - Started process (PID=1153) to work on /home/airflow/.local/lib/python3.8/site-packages/airflow/example_dags/example_trigger_target_dag.py
[2023-12-18T21:06:51.702+0000] {processor.py:829} INFO - Processing file /home/airflow/.local/lib/python3.8/site-packages/airflow/example_dags/example_trigger_target_dag.py for tasks to queue
[2023-12-18T21:06:51.703+0000] {logging_mixin.py:154} INFO - [2023-12-18T21:06:51.703+0000] {dagbag.py:536} INFO - Filling up the DagBag from /home/airflow/.local/lib/python3.8/site-packages/airflow/example_dags/example_trigger_target_dag.py
[2023-12-18T21:06:51.707+0000] {processor.py:839} INFO - DAG(s) dict_keys(['example_trigger_target_dag']) retrieved from /home/airflow/.local/lib/python3.8/site-packages/airflow/example_dags/example_trigger_target_dag.py
[2023-12-18T21:06:51.722+0000] {logging_mixin.py:154} INFO - [2023-12-18T21:06:51.722+0000] {dag.py:2941} INFO - Sync 1 DAGs
[2023-12-18T21:06:51.732+0000] {logging_mixin.py:154} INFO - [2023-12-18T21:06:51.732+0000] {dag.py:3722} INFO - Setting next_dagrun for example_trigger_target_dag to None, run_after=None
[2023-12-18T21:06:51.745+0000] {processor.py:179} INFO - Processing /home/airflow/.local/lib/python3.8/site-packages/airflow/example_dags/example_trigger_target_dag.py took 0.046 seconds
[2023-12-18T21:07:21.959+0000] {processor.py:157} INFO - Started process (PID=1206) to work on /home/airflow/.local/lib/python3.8/site-packages/airflow/example_dags/example_trigger_target_dag.py
[2023-12-18T21:07:21.959+0000] {processor.py:829} INFO - Processing file /home/airflow/.local/lib/python3.8/site-packages/airflow/example_dags/example_trigger_target_dag.py for tasks to queue
[2023-12-18T21:07:21.961+0000] {logging_mixin.py:154} INFO - [2023-12-18T21:07:21.961+0000] {dagbag.py:536} INFO - Filling up the DagBag from /home/airflow/.local/lib/python3.8/site-packages/airflow/example_dags/example_trigger_target_dag.py
[2023-12-18T21:07:21.965+0000] {processor.py:839} INFO - DAG(s) dict_keys(['example_trigger_target_dag']) retrieved from /home/airflow/.local/lib/python3.8/site-packages/airflow/example_dags/example_trigger_target_dag.py
[2023-12-18T21:07:21.981+0000] {logging_mixin.py:154} INFO - [2023-12-18T21:07:21.981+0000] {dag.py:2941} INFO - Sync 1 DAGs
[2023-12-18T21:07:21.991+0000] {logging_mixin.py:154} INFO - [2023-12-18T21:07:21.991+0000] {dag.py:3722} INFO - Setting next_dagrun for example_trigger_target_dag to None, run_after=None
[2023-12-18T21:07:22.006+0000] {processor.py:179} INFO - Processing /home/airflow/.local/lib/python3.8/site-packages/airflow/example_dags/example_trigger_target_dag.py took 0.049 seconds
[2023-12-18T21:07:53.066+0000] {processor.py:157} INFO - Started process (PID=1261) to work on /home/airflow/.local/lib/python3.8/site-packages/airflow/example_dags/example_trigger_target_dag.py
[2023-12-18T21:07:53.067+0000] {processor.py:829} INFO - Processing file /home/airflow/.local/lib/python3.8/site-packages/airflow/example_dags/example_trigger_target_dag.py for tasks to queue
[2023-12-18T21:07:53.069+0000] {logging_mixin.py:154} INFO - [2023-12-18T21:07:53.068+0000] {dagbag.py:536} INFO - Filling up the DagBag from /home/airflow/.local/lib/python3.8/site-packages/airflow/example_dags/example_trigger_target_dag.py
[2023-12-18T21:07:53.073+0000] {processor.py:839} INFO - DAG(s) dict_keys(['example_trigger_target_dag']) retrieved from /home/airflow/.local/lib/python3.8/site-packages/airflow/example_dags/example_trigger_target_dag.py
[2023-12-18T21:07:53.088+0000] {logging_mixin.py:154} INFO - [2023-12-18T21:07:53.088+0000] {dag.py:2941} INFO - Sync 1 DAGs
[2023-12-18T21:07:53.099+0000] {logging_mixin.py:154} INFO - [2023-12-18T21:07:53.099+0000] {dag.py:3722} INFO - Setting next_dagrun for example_trigger_target_dag to None, run_after=None
[2023-12-18T21:07:53.115+0000] {processor.py:179} INFO - Processing /home/airflow/.local/lib/python3.8/site-packages/airflow/example_dags/example_trigger_target_dag.py took 0.051 seconds
[2023-12-18T21:11:28.264+0000] {processor.py:157} INFO - Started process (PID=1306) to work on /home/airflow/.local/lib/python3.8/site-packages/airflow/example_dags/example_trigger_target_dag.py
[2023-12-18T21:11:28.265+0000] {processor.py:829} INFO - Processing file /home/airflow/.local/lib/python3.8/site-packages/airflow/example_dags/example_trigger_target_dag.py for tasks to queue
[2023-12-18T21:11:28.267+0000] {logging_mixin.py:154} INFO - [2023-12-18T21:11:28.267+0000] {dagbag.py:536} INFO - Filling up the DagBag from /home/airflow/.local/lib/python3.8/site-packages/airflow/example_dags/example_trigger_target_dag.py
[2023-12-18T21:11:28.271+0000] {processor.py:839} INFO - DAG(s) dict_keys(['example_trigger_target_dag']) retrieved from /home/airflow/.local/lib/python3.8/site-packages/airflow/example_dags/example_trigger_target_dag.py
[2023-12-18T21:11:28.288+0000] {logging_mixin.py:154} INFO - [2023-12-18T21:11:28.288+0000] {dag.py:2941} INFO - Sync 1 DAGs
[2023-12-18T21:11:28.299+0000] {logging_mixin.py:154} INFO - [2023-12-18T21:11:28.299+0000] {dag.py:3722} INFO - Setting next_dagrun for example_trigger_target_dag to None, run_after=None
[2023-12-18T21:11:28.313+0000] {processor.py:179} INFO - Processing /home/airflow/.local/lib/python3.8/site-packages/airflow/example_dags/example_trigger_target_dag.py took 0.051 seconds
[2023-12-18T21:11:58.548+0000] {processor.py:157} INFO - Started process (PID=1360) to work on /home/airflow/.local/lib/python3.8/site-packages/airflow/example_dags/example_trigger_target_dag.py
[2023-12-18T21:11:58.549+0000] {processor.py:829} INFO - Processing file /home/airflow/.local/lib/python3.8/site-packages/airflow/example_dags/example_trigger_target_dag.py for tasks to queue
[2023-12-18T21:11:58.551+0000] {logging_mixin.py:154} INFO - [2023-12-18T21:11:58.550+0000] {dagbag.py:536} INFO - Filling up the DagBag from /home/airflow/.local/lib/python3.8/site-packages/airflow/example_dags/example_trigger_target_dag.py
[2023-12-18T21:11:58.555+0000] {processor.py:839} INFO - DAG(s) dict_keys(['example_trigger_target_dag']) retrieved from /home/airflow/.local/lib/python3.8/site-packages/airflow/example_dags/example_trigger_target_dag.py
[2023-12-18T21:11:58.570+0000] {logging_mixin.py:154} INFO - [2023-12-18T21:11:58.570+0000] {dag.py:2941} INFO - Sync 1 DAGs
[2023-12-18T21:11:58.580+0000] {logging_mixin.py:154} INFO - [2023-12-18T21:11:58.580+0000] {dag.py:3722} INFO - Setting next_dagrun for example_trigger_target_dag to None, run_after=None
[2023-12-18T21:11:58.596+0000] {processor.py:179} INFO - Processing /home/airflow/.local/lib/python3.8/site-packages/airflow/example_dags/example_trigger_target_dag.py took 0.050 seconds
[2023-12-18T21:12:28.884+0000] {processor.py:157} INFO - Started process (PID=1414) to work on /home/airflow/.local/lib/python3.8/site-packages/airflow/example_dags/example_trigger_target_dag.py
[2023-12-18T21:12:28.885+0000] {processor.py:829} INFO - Processing file /home/airflow/.local/lib/python3.8/site-packages/airflow/example_dags/example_trigger_target_dag.py for tasks to queue
[2023-12-18T21:12:28.886+0000] {logging_mixin.py:154} INFO - [2023-12-18T21:12:28.886+0000] {dagbag.py:536} INFO - Filling up the DagBag from /home/airflow/.local/lib/python3.8/site-packages/airflow/example_dags/example_trigger_target_dag.py
[2023-12-18T21:12:28.890+0000] {processor.py:839} INFO - DAG(s) dict_keys(['example_trigger_target_dag']) retrieved from /home/airflow/.local/lib/python3.8/site-packages/airflow/example_dags/example_trigger_target_dag.py
[2023-12-18T21:12:28.906+0000] {logging_mixin.py:154} INFO - [2023-12-18T21:12:28.905+0000] {dag.py:2941} INFO - Sync 1 DAGs
[2023-12-18T21:12:28.915+0000] {logging_mixin.py:154} INFO - [2023-12-18T21:12:28.915+0000] {dag.py:3722} INFO - Setting next_dagrun for example_trigger_target_dag to None, run_after=None
[2023-12-18T21:12:28.930+0000] {processor.py:179} INFO - Processing /home/airflow/.local/lib/python3.8/site-packages/airflow/example_dags/example_trigger_target_dag.py took 0.049 seconds
[2023-12-18T21:12:59.256+0000] {processor.py:157} INFO - Started process (PID=1468) to work on /home/airflow/.local/lib/python3.8/site-packages/airflow/example_dags/example_trigger_target_dag.py
[2023-12-18T21:12:59.257+0000] {processor.py:829} INFO - Processing file /home/airflow/.local/lib/python3.8/site-packages/airflow/example_dags/example_trigger_target_dag.py for tasks to queue
[2023-12-18T21:12:59.258+0000] {logging_mixin.py:154} INFO - [2023-12-18T21:12:59.258+0000] {dagbag.py:536} INFO - Filling up the DagBag from /home/airflow/.local/lib/python3.8/site-packages/airflow/example_dags/example_trigger_target_dag.py
[2023-12-18T21:12:59.263+0000] {processor.py:839} INFO - DAG(s) dict_keys(['example_trigger_target_dag']) retrieved from /home/airflow/.local/lib/python3.8/site-packages/airflow/example_dags/example_trigger_target_dag.py
[2023-12-18T21:12:59.278+0000] {logging_mixin.py:154} INFO - [2023-12-18T21:12:59.278+0000] {dag.py:2941} INFO - Sync 1 DAGs
[2023-12-18T21:12:59.288+0000] {logging_mixin.py:154} INFO - [2023-12-18T21:12:59.288+0000] {dag.py:3722} INFO - Setting next_dagrun for example_trigger_target_dag to None, run_after=None
[2023-12-18T21:12:59.302+0000] {processor.py:179} INFO - Processing /home/airflow/.local/lib/python3.8/site-packages/airflow/example_dags/example_trigger_target_dag.py took 0.048 seconds
[2023-12-18T21:13:29.469+0000] {processor.py:157} INFO - Started process (PID=1521) to work on /home/airflow/.local/lib/python3.8/site-packages/airflow/example_dags/example_trigger_target_dag.py
[2023-12-18T21:13:29.470+0000] {processor.py:829} INFO - Processing file /home/airflow/.local/lib/python3.8/site-packages/airflow/example_dags/example_trigger_target_dag.py for tasks to queue
[2023-12-18T21:13:29.471+0000] {logging_mixin.py:154} INFO - [2023-12-18T21:13:29.471+0000] {dagbag.py:536} INFO - Filling up the DagBag from /home/airflow/.local/lib/python3.8/site-packages/airflow/example_dags/example_trigger_target_dag.py
[2023-12-18T21:13:29.476+0000] {processor.py:839} INFO - DAG(s) dict_keys(['example_trigger_target_dag']) retrieved from /home/airflow/.local/lib/python3.8/site-packages/airflow/example_dags/example_trigger_target_dag.py
[2023-12-18T21:13:29.493+0000] {logging_mixin.py:154} INFO - [2023-12-18T21:13:29.492+0000] {dag.py:2941} INFO - Sync 1 DAGs
[2023-12-18T21:13:29.504+0000] {logging_mixin.py:154} INFO - [2023-12-18T21:13:29.504+0000] {dag.py:3722} INFO - Setting next_dagrun for example_trigger_target_dag to None, run_after=None
[2023-12-18T21:13:29.522+0000] {processor.py:179} INFO - Processing /home/airflow/.local/lib/python3.8/site-packages/airflow/example_dags/example_trigger_target_dag.py took 0.055 seconds
[2023-12-18T21:14:00.012+0000] {processor.py:157} INFO - Started process (PID=1576) to work on /home/airflow/.local/lib/python3.8/site-packages/airflow/example_dags/example_trigger_target_dag.py
[2023-12-18T21:14:00.013+0000] {processor.py:829} INFO - Processing file /home/airflow/.local/lib/python3.8/site-packages/airflow/example_dags/example_trigger_target_dag.py for tasks to queue
[2023-12-18T21:14:00.015+0000] {logging_mixin.py:154} INFO - [2023-12-18T21:14:00.014+0000] {dagbag.py:536} INFO - Filling up the DagBag from /home/airflow/.local/lib/python3.8/site-packages/airflow/example_dags/example_trigger_target_dag.py
[2023-12-18T21:14:00.019+0000] {processor.py:839} INFO - DAG(s) dict_keys(['example_trigger_target_dag']) retrieved from /home/airflow/.local/lib/python3.8/site-packages/airflow/example_dags/example_trigger_target_dag.py
[2023-12-18T21:14:00.035+0000] {logging_mixin.py:154} INFO - [2023-12-18T21:14:00.035+0000] {dag.py:2941} INFO - Sync 1 DAGs
[2023-12-18T21:14:00.045+0000] {logging_mixin.py:154} INFO - [2023-12-18T21:14:00.045+0000] {dag.py:3722} INFO - Setting next_dagrun for example_trigger_target_dag to None, run_after=None
[2023-12-18T21:14:00.060+0000] {processor.py:179} INFO - Processing /home/airflow/.local/lib/python3.8/site-packages/airflow/example_dags/example_trigger_target_dag.py took 0.051 seconds
[2023-12-18T21:14:30.424+0000] {processor.py:157} INFO - Started process (PID=1630) to work on /home/airflow/.local/lib/python3.8/site-packages/airflow/example_dags/example_trigger_target_dag.py
[2023-12-18T21:14:30.425+0000] {processor.py:829} INFO - Processing file /home/airflow/.local/lib/python3.8/site-packages/airflow/example_dags/example_trigger_target_dag.py for tasks to queue
[2023-12-18T21:14:30.427+0000] {logging_mixin.py:154} INFO - [2023-12-18T21:14:30.426+0000] {dagbag.py:536} INFO - Filling up the DagBag from /home/airflow/.local/lib/python3.8/site-packages/airflow/example_dags/example_trigger_target_dag.py
[2023-12-18T21:14:30.431+0000] {processor.py:839} INFO - DAG(s) dict_keys(['example_trigger_target_dag']) retrieved from /home/airflow/.local/lib/python3.8/site-packages/airflow/example_dags/example_trigger_target_dag.py
[2023-12-18T21:14:30.446+0000] {logging_mixin.py:154} INFO - [2023-12-18T21:14:30.446+0000] {dag.py:2941} INFO - Sync 1 DAGs
[2023-12-18T21:14:30.457+0000] {logging_mixin.py:154} INFO - [2023-12-18T21:14:30.457+0000] {dag.py:3722} INFO - Setting next_dagrun for example_trigger_target_dag to None, run_after=None
[2023-12-18T21:14:30.472+0000] {processor.py:179} INFO - Processing /home/airflow/.local/lib/python3.8/site-packages/airflow/example_dags/example_trigger_target_dag.py took 0.051 seconds
[2023-12-18T21:15:00.903+0000] {processor.py:157} INFO - Started process (PID=1684) to work on /home/airflow/.local/lib/python3.8/site-packages/airflow/example_dags/example_trigger_target_dag.py
[2023-12-18T21:15:00.904+0000] {processor.py:829} INFO - Processing file /home/airflow/.local/lib/python3.8/site-packages/airflow/example_dags/example_trigger_target_dag.py for tasks to queue
[2023-12-18T21:15:00.906+0000] {logging_mixin.py:154} INFO - [2023-12-18T21:15:00.906+0000] {dagbag.py:536} INFO - Filling up the DagBag from /home/airflow/.local/lib/python3.8/site-packages/airflow/example_dags/example_trigger_target_dag.py
[2023-12-18T21:15:00.911+0000] {processor.py:839} INFO - DAG(s) dict_keys(['example_trigger_target_dag']) retrieved from /home/airflow/.local/lib/python3.8/site-packages/airflow/example_dags/example_trigger_target_dag.py
[2023-12-18T21:15:00.927+0000] {logging_mixin.py:154} INFO - [2023-12-18T21:15:00.927+0000] {dag.py:2941} INFO - Sync 1 DAGs
[2023-12-18T21:15:00.939+0000] {logging_mixin.py:154} INFO - [2023-12-18T21:15:00.938+0000] {dag.py:3722} INFO - Setting next_dagrun for example_trigger_target_dag to None, run_after=None
[2023-12-18T21:15:00.954+0000] {processor.py:179} INFO - Processing /home/airflow/.local/lib/python3.8/site-packages/airflow/example_dags/example_trigger_target_dag.py took 0.054 seconds
[2023-12-18T21:15:31.342+0000] {processor.py:157} INFO - Started process (PID=1738) to work on /home/airflow/.local/lib/python3.8/site-packages/airflow/example_dags/example_trigger_target_dag.py
[2023-12-18T21:15:31.343+0000] {processor.py:829} INFO - Processing file /home/airflow/.local/lib/python3.8/site-packages/airflow/example_dags/example_trigger_target_dag.py for tasks to queue
[2023-12-18T21:15:31.344+0000] {logging_mixin.py:154} INFO - [2023-12-18T21:15:31.344+0000] {dagbag.py:536} INFO - Filling up the DagBag from /home/airflow/.local/lib/python3.8/site-packages/airflow/example_dags/example_trigger_target_dag.py
[2023-12-18T21:15:31.348+0000] {processor.py:839} INFO - DAG(s) dict_keys(['example_trigger_target_dag']) retrieved from /home/airflow/.local/lib/python3.8/site-packages/airflow/example_dags/example_trigger_target_dag.py
[2023-12-18T21:15:31.364+0000] {logging_mixin.py:154} INFO - [2023-12-18T21:15:31.363+0000] {dag.py:2941} INFO - Sync 1 DAGs
[2023-12-18T21:15:31.374+0000] {logging_mixin.py:154} INFO - [2023-12-18T21:15:31.373+0000] {dag.py:3722} INFO - Setting next_dagrun for example_trigger_target_dag to None, run_after=None
[2023-12-18T21:15:31.388+0000] {processor.py:179} INFO - Processing /home/airflow/.local/lib/python3.8/site-packages/airflow/example_dags/example_trigger_target_dag.py took 0.048 seconds
[2023-12-18T21:16:01.635+0000] {processor.py:157} INFO - Started process (PID=1792) to work on /home/airflow/.local/lib/python3.8/site-packages/airflow/example_dags/example_trigger_target_dag.py
[2023-12-18T21:16:01.636+0000] {processor.py:829} INFO - Processing file /home/airflow/.local/lib/python3.8/site-packages/airflow/example_dags/example_trigger_target_dag.py for tasks to queue
[2023-12-18T21:16:01.638+0000] {logging_mixin.py:154} INFO - [2023-12-18T21:16:01.637+0000] {dagbag.py:536} INFO - Filling up the DagBag from /home/airflow/.local/lib/python3.8/site-packages/airflow/example_dags/example_trigger_target_dag.py
[2023-12-18T21:16:01.642+0000] {processor.py:839} INFO - DAG(s) dict_keys(['example_trigger_target_dag']) retrieved from /home/airflow/.local/lib/python3.8/site-packages/airflow/example_dags/example_trigger_target_dag.py
[2023-12-18T21:16:01.658+0000] {logging_mixin.py:154} INFO - [2023-12-18T21:16:01.658+0000] {dag.py:2941} INFO - Sync 1 DAGs
[2023-12-18T21:16:01.668+0000] {logging_mixin.py:154} INFO - [2023-12-18T21:16:01.668+0000] {dag.py:3722} INFO - Setting next_dagrun for example_trigger_target_dag to None, run_after=None
[2023-12-18T21:16:01.684+0000] {processor.py:179} INFO - Processing /home/airflow/.local/lib/python3.8/site-packages/airflow/example_dags/example_trigger_target_dag.py took 0.052 seconds
[2023-12-18T21:16:31.947+0000] {processor.py:157} INFO - Started process (PID=1846) to work on /home/airflow/.local/lib/python3.8/site-packages/airflow/example_dags/example_trigger_target_dag.py
[2023-12-18T21:16:31.948+0000] {processor.py:829} INFO - Processing file /home/airflow/.local/lib/python3.8/site-packages/airflow/example_dags/example_trigger_target_dag.py for tasks to queue
[2023-12-18T21:16:31.950+0000] {logging_mixin.py:154} INFO - [2023-12-18T21:16:31.949+0000] {dagbag.py:536} INFO - Filling up the DagBag from /home/airflow/.local/lib/python3.8/site-packages/airflow/example_dags/example_trigger_target_dag.py
[2023-12-18T21:16:31.954+0000] {processor.py:839} INFO - DAG(s) dict_keys(['example_trigger_target_dag']) retrieved from /home/airflow/.local/lib/python3.8/site-packages/airflow/example_dags/example_trigger_target_dag.py
[2023-12-18T21:16:31.970+0000] {logging_mixin.py:154} INFO - [2023-12-18T21:16:31.970+0000] {dag.py:2941} INFO - Sync 1 DAGs
[2023-12-18T21:16:31.982+0000] {logging_mixin.py:154} INFO - [2023-12-18T21:16:31.982+0000] {dag.py:3722} INFO - Setting next_dagrun for example_trigger_target_dag to None, run_after=None
[2023-12-18T21:16:31.997+0000] {processor.py:179} INFO - Processing /home/airflow/.local/lib/python3.8/site-packages/airflow/example_dags/example_trigger_target_dag.py took 0.052 seconds
[2023-12-18T21:17:02.662+0000] {processor.py:157} INFO - Started process (PID=1900) to work on /home/airflow/.local/lib/python3.8/site-packages/airflow/example_dags/example_trigger_target_dag.py
[2023-12-18T21:17:02.662+0000] {processor.py:829} INFO - Processing file /home/airflow/.local/lib/python3.8/site-packages/airflow/example_dags/example_trigger_target_dag.py for tasks to queue
[2023-12-18T21:17:02.664+0000] {logging_mixin.py:154} INFO - [2023-12-18T21:17:02.664+0000] {dagbag.py:536} INFO - Filling up the DagBag from /home/airflow/.local/lib/python3.8/site-packages/airflow/example_dags/example_trigger_target_dag.py
[2023-12-18T21:17:02.668+0000] {processor.py:839} INFO - DAG(s) dict_keys(['example_trigger_target_dag']) retrieved from /home/airflow/.local/lib/python3.8/site-packages/airflow/example_dags/example_trigger_target_dag.py
[2023-12-18T21:17:02.682+0000] {logging_mixin.py:154} INFO - [2023-12-18T21:17:02.682+0000] {dag.py:2941} INFO - Sync 1 DAGs
[2023-12-18T21:17:02.692+0000] {logging_mixin.py:154} INFO - [2023-12-18T21:17:02.692+0000] {dag.py:3722} INFO - Setting next_dagrun for example_trigger_target_dag to None, run_after=None
[2023-12-18T21:17:02.705+0000] {processor.py:179} INFO - Processing /home/airflow/.local/lib/python3.8/site-packages/airflow/example_dags/example_trigger_target_dag.py took 0.046 seconds
[2023-12-18T21:17:33.523+0000] {processor.py:157} INFO - Started process (PID=1954) to work on /home/airflow/.local/lib/python3.8/site-packages/airflow/example_dags/example_trigger_target_dag.py
[2023-12-18T21:17:33.524+0000] {processor.py:829} INFO - Processing file /home/airflow/.local/lib/python3.8/site-packages/airflow/example_dags/example_trigger_target_dag.py for tasks to queue
[2023-12-18T21:17:33.525+0000] {logging_mixin.py:154} INFO - [2023-12-18T21:17:33.525+0000] {dagbag.py:536} INFO - Filling up the DagBag from /home/airflow/.local/lib/python3.8/site-packages/airflow/example_dags/example_trigger_target_dag.py
[2023-12-18T21:17:33.529+0000] {processor.py:839} INFO - DAG(s) dict_keys(['example_trigger_target_dag']) retrieved from /home/airflow/.local/lib/python3.8/site-packages/airflow/example_dags/example_trigger_target_dag.py
[2023-12-18T21:17:33.546+0000] {logging_mixin.py:154} INFO - [2023-12-18T21:17:33.546+0000] {dag.py:2941} INFO - Sync 1 DAGs
[2023-12-18T21:17:33.557+0000] {logging_mixin.py:154} INFO - [2023-12-18T21:17:33.556+0000] {dag.py:3722} INFO - Setting next_dagrun for example_trigger_target_dag to None, run_after=None
[2023-12-18T21:17:33.572+0000] {processor.py:179} INFO - Processing /home/airflow/.local/lib/python3.8/site-packages/airflow/example_dags/example_trigger_target_dag.py took 0.052 seconds
[2023-12-18T21:18:03.638+0000] {processor.py:157} INFO - Started process (PID=2008) to work on /home/airflow/.local/lib/python3.8/site-packages/airflow/example_dags/example_trigger_target_dag.py
[2023-12-18T21:18:03.639+0000] {processor.py:829} INFO - Processing file /home/airflow/.local/lib/python3.8/site-packages/airflow/example_dags/example_trigger_target_dag.py for tasks to queue
[2023-12-18T21:18:03.640+0000] {logging_mixin.py:154} INFO - [2023-12-18T21:18:03.640+0000] {dagbag.py:536} INFO - Filling up the DagBag from /home/airflow/.local/lib/python3.8/site-packages/airflow/example_dags/example_trigger_target_dag.py
[2023-12-18T21:18:03.645+0000] {processor.py:839} INFO - DAG(s) dict_keys(['example_trigger_target_dag']) retrieved from /home/airflow/.local/lib/python3.8/site-packages/airflow/example_dags/example_trigger_target_dag.py
[2023-12-18T21:18:03.661+0000] {logging_mixin.py:154} INFO - [2023-12-18T21:18:03.660+0000] {dag.py:2941} INFO - Sync 1 DAGs
[2023-12-18T21:18:03.671+0000] {logging_mixin.py:154} INFO - [2023-12-18T21:18:03.671+0000] {dag.py:3722} INFO - Setting next_dagrun for example_trigger_target_dag to None, run_after=None
[2023-12-18T21:18:03.685+0000] {processor.py:179} INFO - Processing /home/airflow/.local/lib/python3.8/site-packages/airflow/example_dags/example_trigger_target_dag.py took 0.050 seconds
[2023-12-18T21:18:33.970+0000] {processor.py:157} INFO - Started process (PID=2062) to work on /home/airflow/.local/lib/python3.8/site-packages/airflow/example_dags/example_trigger_target_dag.py
[2023-12-18T21:18:33.970+0000] {processor.py:829} INFO - Processing file /home/airflow/.local/lib/python3.8/site-packages/airflow/example_dags/example_trigger_target_dag.py for tasks to queue
[2023-12-18T21:18:33.972+0000] {logging_mixin.py:154} INFO - [2023-12-18T21:18:33.972+0000] {dagbag.py:536} INFO - Filling up the DagBag from /home/airflow/.local/lib/python3.8/site-packages/airflow/example_dags/example_trigger_target_dag.py
[2023-12-18T21:18:33.976+0000] {processor.py:839} INFO - DAG(s) dict_keys(['example_trigger_target_dag']) retrieved from /home/airflow/.local/lib/python3.8/site-packages/airflow/example_dags/example_trigger_target_dag.py
[2023-12-18T21:18:33.992+0000] {logging_mixin.py:154} INFO - [2023-12-18T21:18:33.992+0000] {dag.py:2941} INFO - Sync 1 DAGs
[2023-12-18T21:18:34.002+0000] {logging_mixin.py:154} INFO - [2023-12-18T21:18:34.002+0000] {dag.py:3722} INFO - Setting next_dagrun for example_trigger_target_dag to None, run_after=None
[2023-12-18T21:18:34.017+0000] {processor.py:179} INFO - Processing /home/airflow/.local/lib/python3.8/site-packages/airflow/example_dags/example_trigger_target_dag.py took 0.049 seconds
[2023-12-18T21:19:05.102+0000] {processor.py:157} INFO - Started process (PID=2116) to work on /home/airflow/.local/lib/python3.8/site-packages/airflow/example_dags/example_trigger_target_dag.py
[2023-12-18T21:19:05.103+0000] {processor.py:829} INFO - Processing file /home/airflow/.local/lib/python3.8/site-packages/airflow/example_dags/example_trigger_target_dag.py for tasks to queue
[2023-12-18T21:19:05.104+0000] {logging_mixin.py:154} INFO - [2023-12-18T21:19:05.104+0000] {dagbag.py:536} INFO - Filling up the DagBag from /home/airflow/.local/lib/python3.8/site-packages/airflow/example_dags/example_trigger_target_dag.py
[2023-12-18T21:19:05.109+0000] {processor.py:839} INFO - DAG(s) dict_keys(['example_trigger_target_dag']) retrieved from /home/airflow/.local/lib/python3.8/site-packages/airflow/example_dags/example_trigger_target_dag.py
[2023-12-18T21:19:05.125+0000] {logging_mixin.py:154} INFO - [2023-12-18T21:19:05.125+0000] {dag.py:2941} INFO - Sync 1 DAGs
[2023-12-18T21:19:05.276+0000] {logging_mixin.py:154} INFO - [2023-12-18T21:19:05.275+0000] {dag.py:3722} INFO - Setting next_dagrun for example_trigger_target_dag to None, run_after=None
[2023-12-18T21:19:05.293+0000] {processor.py:179} INFO - Processing /home/airflow/.local/lib/python3.8/site-packages/airflow/example_dags/example_trigger_target_dag.py took 0.193 seconds
[2023-12-18T21:19:35.964+0000] {processor.py:157} INFO - Started process (PID=2170) to work on /home/airflow/.local/lib/python3.8/site-packages/airflow/example_dags/example_trigger_target_dag.py
[2023-12-18T21:19:35.965+0000] {processor.py:829} INFO - Processing file /home/airflow/.local/lib/python3.8/site-packages/airflow/example_dags/example_trigger_target_dag.py for tasks to queue
[2023-12-18T21:19:35.967+0000] {logging_mixin.py:154} INFO - [2023-12-18T21:19:35.967+0000] {dagbag.py:536} INFO - Filling up the DagBag from /home/airflow/.local/lib/python3.8/site-packages/airflow/example_dags/example_trigger_target_dag.py
[2023-12-18T21:19:35.972+0000] {processor.py:839} INFO - DAG(s) dict_keys(['example_trigger_target_dag']) retrieved from /home/airflow/.local/lib/python3.8/site-packages/airflow/example_dags/example_trigger_target_dag.py
[2023-12-18T21:19:35.989+0000] {logging_mixin.py:154} INFO - [2023-12-18T21:19:35.989+0000] {dag.py:2941} INFO - Sync 1 DAGs
[2023-12-18T21:19:36.000+0000] {logging_mixin.py:154} INFO - [2023-12-18T21:19:35.999+0000] {dag.py:3722} INFO - Setting next_dagrun for example_trigger_target_dag to None, run_after=None
[2023-12-18T21:19:36.016+0000] {processor.py:179} INFO - Processing /home/airflow/.local/lib/python3.8/site-packages/airflow/example_dags/example_trigger_target_dag.py took 0.055 seconds
[2023-12-18T21:20:06.169+0000] {processor.py:157} INFO - Started process (PID=2224) to work on /home/airflow/.local/lib/python3.8/site-packages/airflow/example_dags/example_trigger_target_dag.py
[2023-12-18T21:20:06.169+0000] {processor.py:829} INFO - Processing file /home/airflow/.local/lib/python3.8/site-packages/airflow/example_dags/example_trigger_target_dag.py for tasks to queue
[2023-12-18T21:20:06.171+0000] {logging_mixin.py:154} INFO - [2023-12-18T21:20:06.171+0000] {dagbag.py:536} INFO - Filling up the DagBag from /home/airflow/.local/lib/python3.8/site-packages/airflow/example_dags/example_trigger_target_dag.py
[2023-12-18T21:20:06.174+0000] {processor.py:839} INFO - DAG(s) dict_keys(['example_trigger_target_dag']) retrieved from /home/airflow/.local/lib/python3.8/site-packages/airflow/example_dags/example_trigger_target_dag.py
[2023-12-18T21:20:06.190+0000] {logging_mixin.py:154} INFO - [2023-12-18T21:20:06.190+0000] {dag.py:2941} INFO - Sync 1 DAGs
[2023-12-18T21:20:06.200+0000] {logging_mixin.py:154} INFO - [2023-12-18T21:20:06.200+0000] {dag.py:3722} INFO - Setting next_dagrun for example_trigger_target_dag to None, run_after=None
[2023-12-18T21:20:06.213+0000] {processor.py:179} INFO - Processing /home/airflow/.local/lib/python3.8/site-packages/airflow/example_dags/example_trigger_target_dag.py took 0.047 seconds
[2023-12-18T21:20:37.558+0000] {processor.py:157} INFO - Started process (PID=2278) to work on /home/airflow/.local/lib/python3.8/site-packages/airflow/example_dags/example_trigger_target_dag.py
[2023-12-18T21:20:37.559+0000] {processor.py:829} INFO - Processing file /home/airflow/.local/lib/python3.8/site-packages/airflow/example_dags/example_trigger_target_dag.py for tasks to queue
[2023-12-18T21:20:37.560+0000] {logging_mixin.py:154} INFO - [2023-12-18T21:20:37.560+0000] {dagbag.py:536} INFO - Filling up the DagBag from /home/airflow/.local/lib/python3.8/site-packages/airflow/example_dags/example_trigger_target_dag.py
[2023-12-18T21:20:37.565+0000] {processor.py:839} INFO - DAG(s) dict_keys(['example_trigger_target_dag']) retrieved from /home/airflow/.local/lib/python3.8/site-packages/airflow/example_dags/example_trigger_target_dag.py
[2023-12-18T21:20:37.583+0000] {logging_mixin.py:154} INFO - [2023-12-18T21:20:37.583+0000] {dag.py:2941} INFO - Sync 1 DAGs
[2023-12-18T21:20:37.594+0000] {logging_mixin.py:154} INFO - [2023-12-18T21:20:37.594+0000] {dag.py:3722} INFO - Setting next_dagrun for example_trigger_target_dag to None, run_after=None
[2023-12-18T21:20:37.611+0000] {processor.py:179} INFO - Processing /home/airflow/.local/lib/python3.8/site-packages/airflow/example_dags/example_trigger_target_dag.py took 0.055 seconds
[2023-12-18T21:21:07.958+0000] {processor.py:157} INFO - Started process (PID=2332) to work on /home/airflow/.local/lib/python3.8/site-packages/airflow/example_dags/example_trigger_target_dag.py
[2023-12-18T21:21:07.959+0000] {processor.py:829} INFO - Processing file /home/airflow/.local/lib/python3.8/site-packages/airflow/example_dags/example_trigger_target_dag.py for tasks to queue
[2023-12-18T21:21:07.961+0000] {logging_mixin.py:154} INFO - [2023-12-18T21:21:07.960+0000] {dagbag.py:536} INFO - Filling up the DagBag from /home/airflow/.local/lib/python3.8/site-packages/airflow/example_dags/example_trigger_target_dag.py
[2023-12-18T21:21:07.965+0000] {processor.py:839} INFO - DAG(s) dict_keys(['example_trigger_target_dag']) retrieved from /home/airflow/.local/lib/python3.8/site-packages/airflow/example_dags/example_trigger_target_dag.py
[2023-12-18T21:21:07.983+0000] {logging_mixin.py:154} INFO - [2023-12-18T21:21:07.983+0000] {dag.py:2941} INFO - Sync 1 DAGs
[2023-12-18T21:21:08.133+0000] {logging_mixin.py:154} INFO - [2023-12-18T21:21:08.133+0000] {dag.py:3722} INFO - Setting next_dagrun for example_trigger_target_dag to None, run_after=None
[2023-12-18T21:21:08.148+0000] {processor.py:179} INFO - Processing /home/airflow/.local/lib/python3.8/site-packages/airflow/example_dags/example_trigger_target_dag.py took 0.192 seconds
[2023-12-18T21:21:39.246+0000] {processor.py:157} INFO - Started process (PID=2386) to work on /home/airflow/.local/lib/python3.8/site-packages/airflow/example_dags/example_trigger_target_dag.py
[2023-12-18T21:21:39.246+0000] {processor.py:829} INFO - Processing file /home/airflow/.local/lib/python3.8/site-packages/airflow/example_dags/example_trigger_target_dag.py for tasks to queue
[2023-12-18T21:21:39.248+0000] {logging_mixin.py:154} INFO - [2023-12-18T21:21:39.248+0000] {dagbag.py:536} INFO - Filling up the DagBag from /home/airflow/.local/lib/python3.8/site-packages/airflow/example_dags/example_trigger_target_dag.py
[2023-12-18T21:21:39.253+0000] {processor.py:839} INFO - DAG(s) dict_keys(['example_trigger_target_dag']) retrieved from /home/airflow/.local/lib/python3.8/site-packages/airflow/example_dags/example_trigger_target_dag.py
[2023-12-18T21:21:39.269+0000] {logging_mixin.py:154} INFO - [2023-12-18T21:21:39.269+0000] {dag.py:2941} INFO - Sync 1 DAGs
[2023-12-18T21:21:39.280+0000] {logging_mixin.py:154} INFO - [2023-12-18T21:21:39.280+0000] {dag.py:3722} INFO - Setting next_dagrun for example_trigger_target_dag to None, run_after=None
[2023-12-18T21:21:39.298+0000] {processor.py:179} INFO - Processing /home/airflow/.local/lib/python3.8/site-packages/airflow/example_dags/example_trigger_target_dag.py took 0.055 seconds
[2023-12-18T21:22:09.566+0000] {processor.py:157} INFO - Started process (PID=2440) to work on /home/airflow/.local/lib/python3.8/site-packages/airflow/example_dags/example_trigger_target_dag.py
[2023-12-18T21:22:09.566+0000] {processor.py:829} INFO - Processing file /home/airflow/.local/lib/python3.8/site-packages/airflow/example_dags/example_trigger_target_dag.py for tasks to queue
[2023-12-18T21:22:09.568+0000] {logging_mixin.py:154} INFO - [2023-12-18T21:22:09.568+0000] {dagbag.py:536} INFO - Filling up the DagBag from /home/airflow/.local/lib/python3.8/site-packages/airflow/example_dags/example_trigger_target_dag.py
[2023-12-18T21:22:09.573+0000] {processor.py:839} INFO - DAG(s) dict_keys(['example_trigger_target_dag']) retrieved from /home/airflow/.local/lib/python3.8/site-packages/airflow/example_dags/example_trigger_target_dag.py
[2023-12-18T21:22:09.595+0000] {logging_mixin.py:154} INFO - [2023-12-18T21:22:09.594+0000] {dag.py:2941} INFO - Sync 1 DAGs
[2023-12-18T21:22:09.606+0000] {logging_mixin.py:154} INFO - [2023-12-18T21:22:09.605+0000] {dag.py:3722} INFO - Setting next_dagrun for example_trigger_target_dag to None, run_after=None
[2023-12-18T21:22:09.626+0000] {processor.py:179} INFO - Processing /home/airflow/.local/lib/python3.8/site-packages/airflow/example_dags/example_trigger_target_dag.py took 0.063 seconds
[2023-12-18T21:22:40.149+0000] {processor.py:157} INFO - Started process (PID=2493) to work on /home/airflow/.local/lib/python3.8/site-packages/airflow/example_dags/example_trigger_target_dag.py
[2023-12-18T21:22:40.149+0000] {processor.py:829} INFO - Processing file /home/airflow/.local/lib/python3.8/site-packages/airflow/example_dags/example_trigger_target_dag.py for tasks to queue
[2023-12-18T21:22:40.151+0000] {logging_mixin.py:154} INFO - [2023-12-18T21:22:40.151+0000] {dagbag.py:536} INFO - Filling up the DagBag from /home/airflow/.local/lib/python3.8/site-packages/airflow/example_dags/example_trigger_target_dag.py
[2023-12-18T21:22:40.156+0000] {processor.py:839} INFO - DAG(s) dict_keys(['example_trigger_target_dag']) retrieved from /home/airflow/.local/lib/python3.8/site-packages/airflow/example_dags/example_trigger_target_dag.py
[2023-12-18T21:22:40.175+0000] {logging_mixin.py:154} INFO - [2023-12-18T21:22:40.174+0000] {dag.py:2941} INFO - Sync 1 DAGs
[2023-12-18T21:22:40.187+0000] {logging_mixin.py:154} INFO - [2023-12-18T21:22:40.186+0000] {dag.py:3722} INFO - Setting next_dagrun for example_trigger_target_dag to None, run_after=None
[2023-12-18T21:22:40.204+0000] {processor.py:179} INFO - Processing /home/airflow/.local/lib/python3.8/site-packages/airflow/example_dags/example_trigger_target_dag.py took 0.058 seconds
[2023-12-18T21:23:10.537+0000] {processor.py:157} INFO - Started process (PID=2547) to work on /home/airflow/.local/lib/python3.8/site-packages/airflow/example_dags/example_trigger_target_dag.py
[2023-12-18T21:23:10.538+0000] {processor.py:829} INFO - Processing file /home/airflow/.local/lib/python3.8/site-packages/airflow/example_dags/example_trigger_target_dag.py for tasks to queue
[2023-12-18T21:23:10.539+0000] {logging_mixin.py:154} INFO - [2023-12-18T21:23:10.539+0000] {dagbag.py:536} INFO - Filling up the DagBag from /home/airflow/.local/lib/python3.8/site-packages/airflow/example_dags/example_trigger_target_dag.py
[2023-12-18T21:23:10.544+0000] {processor.py:839} INFO - DAG(s) dict_keys(['example_trigger_target_dag']) retrieved from /home/airflow/.local/lib/python3.8/site-packages/airflow/example_dags/example_trigger_target_dag.py
[2023-12-18T21:23:10.560+0000] {logging_mixin.py:154} INFO - [2023-12-18T21:23:10.559+0000] {dag.py:2941} INFO - Sync 1 DAGs
[2023-12-18T21:23:10.570+0000] {logging_mixin.py:154} INFO - [2023-12-18T21:23:10.570+0000] {dag.py:3722} INFO - Setting next_dagrun for example_trigger_target_dag to None, run_after=None
[2023-12-18T21:23:10.584+0000] {processor.py:179} INFO - Processing /home/airflow/.local/lib/python3.8/site-packages/airflow/example_dags/example_trigger_target_dag.py took 0.050 seconds
[2023-12-18T21:23:40.979+0000] {processor.py:157} INFO - Started process (PID=2602) to work on /home/airflow/.local/lib/python3.8/site-packages/airflow/example_dags/example_trigger_target_dag.py
[2023-12-18T21:23:40.980+0000] {processor.py:829} INFO - Processing file /home/airflow/.local/lib/python3.8/site-packages/airflow/example_dags/example_trigger_target_dag.py for tasks to queue
[2023-12-18T21:23:40.982+0000] {logging_mixin.py:154} INFO - [2023-12-18T21:23:40.982+0000] {dagbag.py:536} INFO - Filling up the DagBag from /home/airflow/.local/lib/python3.8/site-packages/airflow/example_dags/example_trigger_target_dag.py
[2023-12-18T21:23:40.986+0000] {processor.py:839} INFO - DAG(s) dict_keys(['example_trigger_target_dag']) retrieved from /home/airflow/.local/lib/python3.8/site-packages/airflow/example_dags/example_trigger_target_dag.py
[2023-12-18T21:23:41.004+0000] {logging_mixin.py:154} INFO - [2023-12-18T21:23:41.004+0000] {dag.py:2941} INFO - Sync 1 DAGs
[2023-12-18T21:23:41.017+0000] {logging_mixin.py:154} INFO - [2023-12-18T21:23:41.016+0000] {dag.py:3722} INFO - Setting next_dagrun for example_trigger_target_dag to None, run_after=None
[2023-12-18T21:23:41.038+0000] {processor.py:179} INFO - Processing /home/airflow/.local/lib/python3.8/site-packages/airflow/example_dags/example_trigger_target_dag.py took 0.062 seconds
[2023-12-18T21:24:11.320+0000] {processor.py:157} INFO - Started process (PID=2656) to work on /home/airflow/.local/lib/python3.8/site-packages/airflow/example_dags/example_trigger_target_dag.py
[2023-12-18T21:24:11.321+0000] {processor.py:829} INFO - Processing file /home/airflow/.local/lib/python3.8/site-packages/airflow/example_dags/example_trigger_target_dag.py for tasks to queue
[2023-12-18T21:24:11.324+0000] {logging_mixin.py:154} INFO - [2023-12-18T21:24:11.323+0000] {dagbag.py:536} INFO - Filling up the DagBag from /home/airflow/.local/lib/python3.8/site-packages/airflow/example_dags/example_trigger_target_dag.py
[2023-12-18T21:24:11.329+0000] {processor.py:839} INFO - DAG(s) dict_keys(['example_trigger_target_dag']) retrieved from /home/airflow/.local/lib/python3.8/site-packages/airflow/example_dags/example_trigger_target_dag.py
[2023-12-18T21:24:11.346+0000] {logging_mixin.py:154} INFO - [2023-12-18T21:24:11.346+0000] {dag.py:2941} INFO - Sync 1 DAGs
[2023-12-18T21:24:11.359+0000] {logging_mixin.py:154} INFO - [2023-12-18T21:24:11.359+0000] {dag.py:3722} INFO - Setting next_dagrun for example_trigger_target_dag to None, run_after=None
[2023-12-18T21:24:11.378+0000] {processor.py:179} INFO - Processing /home/airflow/.local/lib/python3.8/site-packages/airflow/example_dags/example_trigger_target_dag.py took 0.060 seconds
[2023-12-18T21:24:41.463+0000] {processor.py:157} INFO - Started process (PID=2710) to work on /home/airflow/.local/lib/python3.8/site-packages/airflow/example_dags/example_trigger_target_dag.py
[2023-12-18T21:24:41.464+0000] {processor.py:829} INFO - Processing file /home/airflow/.local/lib/python3.8/site-packages/airflow/example_dags/example_trigger_target_dag.py for tasks to queue
[2023-12-18T21:24:41.465+0000] {logging_mixin.py:154} INFO - [2023-12-18T21:24:41.465+0000] {dagbag.py:536} INFO - Filling up the DagBag from /home/airflow/.local/lib/python3.8/site-packages/airflow/example_dags/example_trigger_target_dag.py
[2023-12-18T21:24:41.469+0000] {processor.py:839} INFO - DAG(s) dict_keys(['example_trigger_target_dag']) retrieved from /home/airflow/.local/lib/python3.8/site-packages/airflow/example_dags/example_trigger_target_dag.py
[2023-12-18T21:24:41.486+0000] {logging_mixin.py:154} INFO - [2023-12-18T21:24:41.486+0000] {dag.py:2941} INFO - Sync 1 DAGs
[2023-12-18T21:24:41.498+0000] {logging_mixin.py:154} INFO - [2023-12-18T21:24:41.498+0000] {dag.py:3722} INFO - Setting next_dagrun for example_trigger_target_dag to None, run_after=None
[2023-12-18T21:24:41.515+0000] {processor.py:179} INFO - Processing /home/airflow/.local/lib/python3.8/site-packages/airflow/example_dags/example_trigger_target_dag.py took 0.054 seconds
[2023-12-18T21:25:11.820+0000] {processor.py:157} INFO - Started process (PID=2764) to work on /home/airflow/.local/lib/python3.8/site-packages/airflow/example_dags/example_trigger_target_dag.py
[2023-12-18T21:25:11.821+0000] {processor.py:829} INFO - Processing file /home/airflow/.local/lib/python3.8/site-packages/airflow/example_dags/example_trigger_target_dag.py for tasks to queue
[2023-12-18T21:25:11.823+0000] {logging_mixin.py:154} INFO - [2023-12-18T21:25:11.822+0000] {dagbag.py:536} INFO - Filling up the DagBag from /home/airflow/.local/lib/python3.8/site-packages/airflow/example_dags/example_trigger_target_dag.py
[2023-12-18T21:25:11.827+0000] {processor.py:839} INFO - DAG(s) dict_keys(['example_trigger_target_dag']) retrieved from /home/airflow/.local/lib/python3.8/site-packages/airflow/example_dags/example_trigger_target_dag.py
[2023-12-18T21:25:11.843+0000] {logging_mixin.py:154} INFO - [2023-12-18T21:25:11.843+0000] {dag.py:2941} INFO - Sync 1 DAGs
[2023-12-18T21:25:11.854+0000] {logging_mixin.py:154} INFO - [2023-12-18T21:25:11.854+0000] {dag.py:3722} INFO - Setting next_dagrun for example_trigger_target_dag to None, run_after=None
[2023-12-18T21:25:11.871+0000] {processor.py:179} INFO - Processing /home/airflow/.local/lib/python3.8/site-packages/airflow/example_dags/example_trigger_target_dag.py took 0.054 seconds
[2023-12-18T21:25:42.011+0000] {processor.py:157} INFO - Started process (PID=2825) to work on /home/airflow/.local/lib/python3.8/site-packages/airflow/example_dags/example_trigger_target_dag.py
[2023-12-18T21:25:42.012+0000] {processor.py:829} INFO - Processing file /home/airflow/.local/lib/python3.8/site-packages/airflow/example_dags/example_trigger_target_dag.py for tasks to queue
[2023-12-18T21:25:42.014+0000] {logging_mixin.py:154} INFO - [2023-12-18T21:25:42.013+0000] {dagbag.py:536} INFO - Filling up the DagBag from /home/airflow/.local/lib/python3.8/site-packages/airflow/example_dags/example_trigger_target_dag.py
[2023-12-18T21:25:42.018+0000] {processor.py:839} INFO - DAG(s) dict_keys(['example_trigger_target_dag']) retrieved from /home/airflow/.local/lib/python3.8/site-packages/airflow/example_dags/example_trigger_target_dag.py
[2023-12-18T21:25:42.036+0000] {logging_mixin.py:154} INFO - [2023-12-18T21:25:42.036+0000] {dag.py:2941} INFO - Sync 1 DAGs
[2023-12-18T21:25:42.047+0000] {logging_mixin.py:154} INFO - [2023-12-18T21:25:42.047+0000] {dag.py:3722} INFO - Setting next_dagrun for example_trigger_target_dag to None, run_after=None
[2023-12-18T21:25:42.061+0000] {processor.py:179} INFO - Processing /home/airflow/.local/lib/python3.8/site-packages/airflow/example_dags/example_trigger_target_dag.py took 0.052 seconds
[2023-12-18T21:26:12.360+0000] {processor.py:157} INFO - Started process (PID=2879) to work on /home/airflow/.local/lib/python3.8/site-packages/airflow/example_dags/example_trigger_target_dag.py
[2023-12-18T21:26:12.360+0000] {processor.py:829} INFO - Processing file /home/airflow/.local/lib/python3.8/site-packages/airflow/example_dags/example_trigger_target_dag.py for tasks to queue
[2023-12-18T21:26:12.362+0000] {logging_mixin.py:154} INFO - [2023-12-18T21:26:12.362+0000] {dagbag.py:536} INFO - Filling up the DagBag from /home/airflow/.local/lib/python3.8/site-packages/airflow/example_dags/example_trigger_target_dag.py
[2023-12-18T21:26:12.366+0000] {processor.py:839} INFO - DAG(s) dict_keys(['example_trigger_target_dag']) retrieved from /home/airflow/.local/lib/python3.8/site-packages/airflow/example_dags/example_trigger_target_dag.py
[2023-12-18T21:26:12.381+0000] {logging_mixin.py:154} INFO - [2023-12-18T21:26:12.381+0000] {dag.py:2941} INFO - Sync 1 DAGs
[2023-12-18T21:26:12.391+0000] {logging_mixin.py:154} INFO - [2023-12-18T21:26:12.391+0000] {dag.py:3722} INFO - Setting next_dagrun for example_trigger_target_dag to None, run_after=None
[2023-12-18T21:26:12.404+0000] {processor.py:179} INFO - Processing /home/airflow/.local/lib/python3.8/site-packages/airflow/example_dags/example_trigger_target_dag.py took 0.047 seconds
[2023-12-18T21:26:42.487+0000] {processor.py:157} INFO - Started process (PID=2933) to work on /home/airflow/.local/lib/python3.8/site-packages/airflow/example_dags/example_trigger_target_dag.py
[2023-12-18T21:26:42.488+0000] {processor.py:829} INFO - Processing file /home/airflow/.local/lib/python3.8/site-packages/airflow/example_dags/example_trigger_target_dag.py for tasks to queue
[2023-12-18T21:26:42.489+0000] {logging_mixin.py:154} INFO - [2023-12-18T21:26:42.489+0000] {dagbag.py:536} INFO - Filling up the DagBag from /home/airflow/.local/lib/python3.8/site-packages/airflow/example_dags/example_trigger_target_dag.py
[2023-12-18T21:26:42.494+0000] {processor.py:839} INFO - DAG(s) dict_keys(['example_trigger_target_dag']) retrieved from /home/airflow/.local/lib/python3.8/site-packages/airflow/example_dags/example_trigger_target_dag.py
[2023-12-18T21:26:42.509+0000] {logging_mixin.py:154} INFO - [2023-12-18T21:26:42.509+0000] {dag.py:2941} INFO - Sync 1 DAGs
[2023-12-18T21:26:42.521+0000] {logging_mixin.py:154} INFO - [2023-12-18T21:26:42.520+0000] {dag.py:3722} INFO - Setting next_dagrun for example_trigger_target_dag to None, run_after=None
[2023-12-18T21:26:42.537+0000] {processor.py:179} INFO - Processing /home/airflow/.local/lib/python3.8/site-packages/airflow/example_dags/example_trigger_target_dag.py took 0.052 seconds
[2023-12-18T21:27:12.753+0000] {processor.py:157} INFO - Started process (PID=2987) to work on /home/airflow/.local/lib/python3.8/site-packages/airflow/example_dags/example_trigger_target_dag.py
[2023-12-18T21:27:12.754+0000] {processor.py:829} INFO - Processing file /home/airflow/.local/lib/python3.8/site-packages/airflow/example_dags/example_trigger_target_dag.py for tasks to queue
[2023-12-18T21:27:12.756+0000] {logging_mixin.py:154} INFO - [2023-12-18T21:27:12.756+0000] {dagbag.py:536} INFO - Filling up the DagBag from /home/airflow/.local/lib/python3.8/site-packages/airflow/example_dags/example_trigger_target_dag.py
[2023-12-18T21:27:12.760+0000] {processor.py:839} INFO - DAG(s) dict_keys(['example_trigger_target_dag']) retrieved from /home/airflow/.local/lib/python3.8/site-packages/airflow/example_dags/example_trigger_target_dag.py
[2023-12-18T21:27:12.777+0000] {logging_mixin.py:154} INFO - [2023-12-18T21:27:12.777+0000] {dag.py:2941} INFO - Sync 1 DAGs
[2023-12-18T21:27:12.789+0000] {logging_mixin.py:154} INFO - [2023-12-18T21:27:12.789+0000] {dag.py:3722} INFO - Setting next_dagrun for example_trigger_target_dag to None, run_after=None
[2023-12-18T21:27:12.810+0000] {processor.py:179} INFO - Processing /home/airflow/.local/lib/python3.8/site-packages/airflow/example_dags/example_trigger_target_dag.py took 0.059 seconds
[2023-12-18T21:27:42.957+0000] {processor.py:157} INFO - Started process (PID=3041) to work on /home/airflow/.local/lib/python3.8/site-packages/airflow/example_dags/example_trigger_target_dag.py
[2023-12-18T21:27:42.958+0000] {processor.py:829} INFO - Processing file /home/airflow/.local/lib/python3.8/site-packages/airflow/example_dags/example_trigger_target_dag.py for tasks to queue
[2023-12-18T21:27:42.960+0000] {logging_mixin.py:154} INFO - [2023-12-18T21:27:42.959+0000] {dagbag.py:536} INFO - Filling up the DagBag from /home/airflow/.local/lib/python3.8/site-packages/airflow/example_dags/example_trigger_target_dag.py
[2023-12-18T21:27:42.964+0000] {processor.py:839} INFO - DAG(s) dict_keys(['example_trigger_target_dag']) retrieved from /home/airflow/.local/lib/python3.8/site-packages/airflow/example_dags/example_trigger_target_dag.py
[2023-12-18T21:27:42.979+0000] {logging_mixin.py:154} INFO - [2023-12-18T21:27:42.979+0000] {dag.py:2941} INFO - Sync 1 DAGs
[2023-12-18T21:27:42.990+0000] {logging_mixin.py:154} INFO - [2023-12-18T21:27:42.989+0000] {dag.py:3722} INFO - Setting next_dagrun for example_trigger_target_dag to None, run_after=None
[2023-12-18T21:27:43.006+0000] {processor.py:179} INFO - Processing /home/airflow/.local/lib/python3.8/site-packages/airflow/example_dags/example_trigger_target_dag.py took 0.051 seconds
[2023-12-18T21:28:13.132+0000] {processor.py:157} INFO - Started process (PID=3095) to work on /home/airflow/.local/lib/python3.8/site-packages/airflow/example_dags/example_trigger_target_dag.py
[2023-12-18T21:28:13.133+0000] {processor.py:829} INFO - Processing file /home/airflow/.local/lib/python3.8/site-packages/airflow/example_dags/example_trigger_target_dag.py for tasks to queue
[2023-12-18T21:28:13.135+0000] {logging_mixin.py:154} INFO - [2023-12-18T21:28:13.135+0000] {dagbag.py:536} INFO - Filling up the DagBag from /home/airflow/.local/lib/python3.8/site-packages/airflow/example_dags/example_trigger_target_dag.py
[2023-12-18T21:28:13.139+0000] {processor.py:839} INFO - DAG(s) dict_keys(['example_trigger_target_dag']) retrieved from /home/airflow/.local/lib/python3.8/site-packages/airflow/example_dags/example_trigger_target_dag.py
[2023-12-18T21:28:13.155+0000] {logging_mixin.py:154} INFO - [2023-12-18T21:28:13.155+0000] {dag.py:2941} INFO - Sync 1 DAGs
[2023-12-18T21:28:13.167+0000] {logging_mixin.py:154} INFO - [2023-12-18T21:28:13.167+0000] {dag.py:3722} INFO - Setting next_dagrun for example_trigger_target_dag to None, run_after=None
[2023-12-18T21:28:13.186+0000] {processor.py:179} INFO - Processing /home/airflow/.local/lib/python3.8/site-packages/airflow/example_dags/example_trigger_target_dag.py took 0.057 seconds
[2023-12-18T21:28:43.459+0000] {processor.py:157} INFO - Started process (PID=3149) to work on /home/airflow/.local/lib/python3.8/site-packages/airflow/example_dags/example_trigger_target_dag.py
[2023-12-18T21:28:43.460+0000] {processor.py:829} INFO - Processing file /home/airflow/.local/lib/python3.8/site-packages/airflow/example_dags/example_trigger_target_dag.py for tasks to queue
[2023-12-18T21:28:43.462+0000] {logging_mixin.py:154} INFO - [2023-12-18T21:28:43.462+0000] {dagbag.py:536} INFO - Filling up the DagBag from /home/airflow/.local/lib/python3.8/site-packages/airflow/example_dags/example_trigger_target_dag.py
[2023-12-18T21:28:43.466+0000] {processor.py:839} INFO - DAG(s) dict_keys(['example_trigger_target_dag']) retrieved from /home/airflow/.local/lib/python3.8/site-packages/airflow/example_dags/example_trigger_target_dag.py
[2023-12-18T21:28:43.483+0000] {logging_mixin.py:154} INFO - [2023-12-18T21:28:43.482+0000] {dag.py:2941} INFO - Sync 1 DAGs
[2023-12-18T21:28:43.493+0000] {logging_mixin.py:154} INFO - [2023-12-18T21:28:43.493+0000] {dag.py:3722} INFO - Setting next_dagrun for example_trigger_target_dag to None, run_after=None
[2023-12-18T21:28:43.509+0000] {processor.py:179} INFO - Processing /home/airflow/.local/lib/python3.8/site-packages/airflow/example_dags/example_trigger_target_dag.py took 0.052 seconds
[2023-12-18T21:29:13.610+0000] {processor.py:157} INFO - Started process (PID=3203) to work on /home/airflow/.local/lib/python3.8/site-packages/airflow/example_dags/example_trigger_target_dag.py
[2023-12-18T21:29:13.611+0000] {processor.py:829} INFO - Processing file /home/airflow/.local/lib/python3.8/site-packages/airflow/example_dags/example_trigger_target_dag.py for tasks to queue
[2023-12-18T21:29:13.613+0000] {logging_mixin.py:154} INFO - [2023-12-18T21:29:13.613+0000] {dagbag.py:536} INFO - Filling up the DagBag from /home/airflow/.local/lib/python3.8/site-packages/airflow/example_dags/example_trigger_target_dag.py
[2023-12-18T21:29:13.617+0000] {processor.py:839} INFO - DAG(s) dict_keys(['example_trigger_target_dag']) retrieved from /home/airflow/.local/lib/python3.8/site-packages/airflow/example_dags/example_trigger_target_dag.py
[2023-12-18T21:29:13.633+0000] {logging_mixin.py:154} INFO - [2023-12-18T21:29:13.632+0000] {dag.py:2941} INFO - Sync 1 DAGs
[2023-12-18T21:29:13.643+0000] {logging_mixin.py:154} INFO - [2023-12-18T21:29:13.643+0000] {dag.py:3722} INFO - Setting next_dagrun for example_trigger_target_dag to None, run_after=None
[2023-12-18T21:29:13.659+0000] {processor.py:179} INFO - Processing /home/airflow/.local/lib/python3.8/site-packages/airflow/example_dags/example_trigger_target_dag.py took 0.051 seconds
[2023-12-18T21:29:44.744+0000] {processor.py:157} INFO - Started process (PID=3257) to work on /home/airflow/.local/lib/python3.8/site-packages/airflow/example_dags/example_trigger_target_dag.py
[2023-12-18T21:29:44.745+0000] {processor.py:829} INFO - Processing file /home/airflow/.local/lib/python3.8/site-packages/airflow/example_dags/example_trigger_target_dag.py for tasks to queue
[2023-12-18T21:29:44.747+0000] {logging_mixin.py:154} INFO - [2023-12-18T21:29:44.746+0000] {dagbag.py:536} INFO - Filling up the DagBag from /home/airflow/.local/lib/python3.8/site-packages/airflow/example_dags/example_trigger_target_dag.py
[2023-12-18T21:29:44.751+0000] {processor.py:839} INFO - DAG(s) dict_keys(['example_trigger_target_dag']) retrieved from /home/airflow/.local/lib/python3.8/site-packages/airflow/example_dags/example_trigger_target_dag.py
[2023-12-18T21:29:44.767+0000] {logging_mixin.py:154} INFO - [2023-12-18T21:29:44.767+0000] {dag.py:2941} INFO - Sync 1 DAGs
[2023-12-18T21:29:44.777+0000] {logging_mixin.py:154} INFO - [2023-12-18T21:29:44.777+0000] {dag.py:3722} INFO - Setting next_dagrun for example_trigger_target_dag to None, run_after=None
[2023-12-18T21:29:44.792+0000] {processor.py:179} INFO - Processing /home/airflow/.local/lib/python3.8/site-packages/airflow/example_dags/example_trigger_target_dag.py took 0.051 seconds
[2023-12-18T21:30:14.867+0000] {processor.py:157} INFO - Started process (PID=3312) to work on /home/airflow/.local/lib/python3.8/site-packages/airflow/example_dags/example_trigger_target_dag.py
[2023-12-18T21:30:14.868+0000] {processor.py:829} INFO - Processing file /home/airflow/.local/lib/python3.8/site-packages/airflow/example_dags/example_trigger_target_dag.py for tasks to queue
[2023-12-18T21:30:14.869+0000] {logging_mixin.py:154} INFO - [2023-12-18T21:30:14.869+0000] {dagbag.py:536} INFO - Filling up the DagBag from /home/airflow/.local/lib/python3.8/site-packages/airflow/example_dags/example_trigger_target_dag.py
[2023-12-18T21:30:14.873+0000] {processor.py:839} INFO - DAG(s) dict_keys(['example_trigger_target_dag']) retrieved from /home/airflow/.local/lib/python3.8/site-packages/airflow/example_dags/example_trigger_target_dag.py
[2023-12-18T21:30:14.890+0000] {logging_mixin.py:154} INFO - [2023-12-18T21:30:14.890+0000] {dag.py:2941} INFO - Sync 1 DAGs
[2023-12-18T21:30:14.901+0000] {logging_mixin.py:154} INFO - [2023-12-18T21:30:14.901+0000] {dag.py:3722} INFO - Setting next_dagrun for example_trigger_target_dag to None, run_after=None
[2023-12-18T21:30:14.917+0000] {processor.py:179} INFO - Processing /home/airflow/.local/lib/python3.8/site-packages/airflow/example_dags/example_trigger_target_dag.py took 0.052 seconds
[2023-12-18T21:30:45.159+0000] {processor.py:157} INFO - Started process (PID=3366) to work on /home/airflow/.local/lib/python3.8/site-packages/airflow/example_dags/example_trigger_target_dag.py
[2023-12-18T21:30:45.160+0000] {processor.py:829} INFO - Processing file /home/airflow/.local/lib/python3.8/site-packages/airflow/example_dags/example_trigger_target_dag.py for tasks to queue
[2023-12-18T21:30:45.162+0000] {logging_mixin.py:154} INFO - [2023-12-18T21:30:45.161+0000] {dagbag.py:536} INFO - Filling up the DagBag from /home/airflow/.local/lib/python3.8/site-packages/airflow/example_dags/example_trigger_target_dag.py
[2023-12-18T21:30:45.166+0000] {processor.py:839} INFO - DAG(s) dict_keys(['example_trigger_target_dag']) retrieved from /home/airflow/.local/lib/python3.8/site-packages/airflow/example_dags/example_trigger_target_dag.py
[2023-12-18T21:30:45.183+0000] {logging_mixin.py:154} INFO - [2023-12-18T21:30:45.183+0000] {dag.py:2941} INFO - Sync 1 DAGs
[2023-12-18T21:30:45.194+0000] {logging_mixin.py:154} INFO - [2023-12-18T21:30:45.194+0000] {dag.py:3722} INFO - Setting next_dagrun for example_trigger_target_dag to None, run_after=None
[2023-12-18T21:30:45.210+0000] {processor.py:179} INFO - Processing /home/airflow/.local/lib/python3.8/site-packages/airflow/example_dags/example_trigger_target_dag.py took 0.054 seconds
[2023-12-18T21:31:15.362+0000] {processor.py:157} INFO - Started process (PID=3420) to work on /home/airflow/.local/lib/python3.8/site-packages/airflow/example_dags/example_trigger_target_dag.py
[2023-12-18T21:31:15.363+0000] {processor.py:829} INFO - Processing file /home/airflow/.local/lib/python3.8/site-packages/airflow/example_dags/example_trigger_target_dag.py for tasks to queue
[2023-12-18T21:31:15.365+0000] {logging_mixin.py:154} INFO - [2023-12-18T21:31:15.364+0000] {dagbag.py:536} INFO - Filling up the DagBag from /home/airflow/.local/lib/python3.8/site-packages/airflow/example_dags/example_trigger_target_dag.py
[2023-12-18T21:31:15.369+0000] {processor.py:839} INFO - DAG(s) dict_keys(['example_trigger_target_dag']) retrieved from /home/airflow/.local/lib/python3.8/site-packages/airflow/example_dags/example_trigger_target_dag.py
[2023-12-18T21:31:15.385+0000] {logging_mixin.py:154} INFO - [2023-12-18T21:31:15.384+0000] {dag.py:2941} INFO - Sync 1 DAGs
[2023-12-18T21:31:15.395+0000] {logging_mixin.py:154} INFO - [2023-12-18T21:31:15.395+0000] {dag.py:3722} INFO - Setting next_dagrun for example_trigger_target_dag to None, run_after=None
[2023-12-18T21:31:15.411+0000] {processor.py:179} INFO - Processing /home/airflow/.local/lib/python3.8/site-packages/airflow/example_dags/example_trigger_target_dag.py took 0.051 seconds
[2023-12-18T21:31:45.778+0000] {processor.py:157} INFO - Started process (PID=3474) to work on /home/airflow/.local/lib/python3.8/site-packages/airflow/example_dags/example_trigger_target_dag.py
[2023-12-18T21:31:45.778+0000] {processor.py:829} INFO - Processing file /home/airflow/.local/lib/python3.8/site-packages/airflow/example_dags/example_trigger_target_dag.py for tasks to queue
[2023-12-18T21:31:45.780+0000] {logging_mixin.py:154} INFO - [2023-12-18T21:31:45.779+0000] {dagbag.py:536} INFO - Filling up the DagBag from /home/airflow/.local/lib/python3.8/site-packages/airflow/example_dags/example_trigger_target_dag.py
[2023-12-18T21:31:45.784+0000] {processor.py:839} INFO - DAG(s) dict_keys(['example_trigger_target_dag']) retrieved from /home/airflow/.local/lib/python3.8/site-packages/airflow/example_dags/example_trigger_target_dag.py
[2023-12-18T21:31:45.800+0000] {logging_mixin.py:154} INFO - [2023-12-18T21:31:45.799+0000] {dag.py:2941} INFO - Sync 1 DAGs
[2023-12-18T21:31:45.811+0000] {logging_mixin.py:154} INFO - [2023-12-18T21:31:45.811+0000] {dag.py:3722} INFO - Setting next_dagrun for example_trigger_target_dag to None, run_after=None
[2023-12-18T21:31:45.826+0000] {processor.py:179} INFO - Processing /home/airflow/.local/lib/python3.8/site-packages/airflow/example_dags/example_trigger_target_dag.py took 0.051 seconds
[2023-12-18T21:32:15.987+0000] {processor.py:157} INFO - Started process (PID=3528) to work on /home/airflow/.local/lib/python3.8/site-packages/airflow/example_dags/example_trigger_target_dag.py
[2023-12-18T21:32:15.987+0000] {processor.py:829} INFO - Processing file /home/airflow/.local/lib/python3.8/site-packages/airflow/example_dags/example_trigger_target_dag.py for tasks to queue
[2023-12-18T21:32:15.990+0000] {logging_mixin.py:154} INFO - [2023-12-18T21:32:15.989+0000] {dagbag.py:536} INFO - Filling up the DagBag from /home/airflow/.local/lib/python3.8/site-packages/airflow/example_dags/example_trigger_target_dag.py
[2023-12-18T21:32:15.994+0000] {processor.py:839} INFO - DAG(s) dict_keys(['example_trigger_target_dag']) retrieved from /home/airflow/.local/lib/python3.8/site-packages/airflow/example_dags/example_trigger_target_dag.py
[2023-12-18T21:32:16.010+0000] {logging_mixin.py:154} INFO - [2023-12-18T21:32:16.010+0000] {dag.py:2941} INFO - Sync 1 DAGs
[2023-12-18T21:32:16.021+0000] {logging_mixin.py:154} INFO - [2023-12-18T21:32:16.021+0000] {dag.py:3722} INFO - Setting next_dagrun for example_trigger_target_dag to None, run_after=None
[2023-12-18T21:32:16.036+0000] {processor.py:179} INFO - Processing /home/airflow/.local/lib/python3.8/site-packages/airflow/example_dags/example_trigger_target_dag.py took 0.052 seconds
[2023-12-18T21:32:46.182+0000] {processor.py:157} INFO - Started process (PID=3582) to work on /home/airflow/.local/lib/python3.8/site-packages/airflow/example_dags/example_trigger_target_dag.py
[2023-12-18T21:32:46.182+0000] {processor.py:829} INFO - Processing file /home/airflow/.local/lib/python3.8/site-packages/airflow/example_dags/example_trigger_target_dag.py for tasks to queue
[2023-12-18T21:32:46.184+0000] {logging_mixin.py:154} INFO - [2023-12-18T21:32:46.184+0000] {dagbag.py:536} INFO - Filling up the DagBag from /home/airflow/.local/lib/python3.8/site-packages/airflow/example_dags/example_trigger_target_dag.py
[2023-12-18T21:32:46.188+0000] {processor.py:839} INFO - DAG(s) dict_keys(['example_trigger_target_dag']) retrieved from /home/airflow/.local/lib/python3.8/site-packages/airflow/example_dags/example_trigger_target_dag.py
[2023-12-18T21:32:46.204+0000] {logging_mixin.py:154} INFO - [2023-12-18T21:32:46.204+0000] {dag.py:2941} INFO - Sync 1 DAGs
[2023-12-18T21:32:46.216+0000] {logging_mixin.py:154} INFO - [2023-12-18T21:32:46.216+0000] {dag.py:3722} INFO - Setting next_dagrun for example_trigger_target_dag to None, run_after=None
[2023-12-18T21:32:46.231+0000] {processor.py:179} INFO - Processing /home/airflow/.local/lib/python3.8/site-packages/airflow/example_dags/example_trigger_target_dag.py took 0.052 seconds
[2023-12-18T21:33:16.335+0000] {processor.py:157} INFO - Started process (PID=3636) to work on /home/airflow/.local/lib/python3.8/site-packages/airflow/example_dags/example_trigger_target_dag.py
[2023-12-18T21:33:16.335+0000] {processor.py:829} INFO - Processing file /home/airflow/.local/lib/python3.8/site-packages/airflow/example_dags/example_trigger_target_dag.py for tasks to queue
[2023-12-18T21:33:16.337+0000] {logging_mixin.py:154} INFO - [2023-12-18T21:33:16.337+0000] {dagbag.py:536} INFO - Filling up the DagBag from /home/airflow/.local/lib/python3.8/site-packages/airflow/example_dags/example_trigger_target_dag.py
[2023-12-18T21:33:16.342+0000] {processor.py:839} INFO - DAG(s) dict_keys(['example_trigger_target_dag']) retrieved from /home/airflow/.local/lib/python3.8/site-packages/airflow/example_dags/example_trigger_target_dag.py
[2023-12-18T21:33:16.359+0000] {logging_mixin.py:154} INFO - [2023-12-18T21:33:16.359+0000] {dag.py:2941} INFO - Sync 1 DAGs
[2023-12-18T21:33:16.370+0000] {logging_mixin.py:154} INFO - [2023-12-18T21:33:16.369+0000] {dag.py:3722} INFO - Setting next_dagrun for example_trigger_target_dag to None, run_after=None
[2023-12-18T21:33:16.385+0000] {processor.py:179} INFO - Processing /home/airflow/.local/lib/python3.8/site-packages/airflow/example_dags/example_trigger_target_dag.py took 0.053 seconds
[2023-12-18T21:33:46.486+0000] {processor.py:157} INFO - Started process (PID=3690) to work on /home/airflow/.local/lib/python3.8/site-packages/airflow/example_dags/example_trigger_target_dag.py
[2023-12-18T21:33:46.487+0000] {processor.py:829} INFO - Processing file /home/airflow/.local/lib/python3.8/site-packages/airflow/example_dags/example_trigger_target_dag.py for tasks to queue
[2023-12-18T21:33:46.490+0000] {logging_mixin.py:154} INFO - [2023-12-18T21:33:46.489+0000] {dagbag.py:536} INFO - Filling up the DagBag from /home/airflow/.local/lib/python3.8/site-packages/airflow/example_dags/example_trigger_target_dag.py
[2023-12-18T21:33:46.494+0000] {processor.py:839} INFO - DAG(s) dict_keys(['example_trigger_target_dag']) retrieved from /home/airflow/.local/lib/python3.8/site-packages/airflow/example_dags/example_trigger_target_dag.py
[2023-12-18T21:33:46.512+0000] {logging_mixin.py:154} INFO - [2023-12-18T21:33:46.511+0000] {dag.py:2941} INFO - Sync 1 DAGs
[2023-12-18T21:33:46.524+0000] {logging_mixin.py:154} INFO - [2023-12-18T21:33:46.524+0000] {dag.py:3722} INFO - Setting next_dagrun for example_trigger_target_dag to None, run_after=None
[2023-12-18T21:33:46.546+0000] {processor.py:179} INFO - Processing /home/airflow/.local/lib/python3.8/site-packages/airflow/example_dags/example_trigger_target_dag.py took 0.063 seconds
[2023-12-18T21:34:16.697+0000] {processor.py:157} INFO - Started process (PID=3744) to work on /home/airflow/.local/lib/python3.8/site-packages/airflow/example_dags/example_trigger_target_dag.py
[2023-12-18T21:34:16.697+0000] {processor.py:829} INFO - Processing file /home/airflow/.local/lib/python3.8/site-packages/airflow/example_dags/example_trigger_target_dag.py for tasks to queue
[2023-12-18T21:34:16.699+0000] {logging_mixin.py:154} INFO - [2023-12-18T21:34:16.699+0000] {dagbag.py:536} INFO - Filling up the DagBag from /home/airflow/.local/lib/python3.8/site-packages/airflow/example_dags/example_trigger_target_dag.py
[2023-12-18T21:34:16.704+0000] {processor.py:839} INFO - DAG(s) dict_keys(['example_trigger_target_dag']) retrieved from /home/airflow/.local/lib/python3.8/site-packages/airflow/example_dags/example_trigger_target_dag.py
[2023-12-18T21:34:16.721+0000] {logging_mixin.py:154} INFO - [2023-12-18T21:34:16.720+0000] {dag.py:2941} INFO - Sync 1 DAGs
[2023-12-18T21:34:16.731+0000] {logging_mixin.py:154} INFO - [2023-12-18T21:34:16.730+0000] {dag.py:3722} INFO - Setting next_dagrun for example_trigger_target_dag to None, run_after=None
[2023-12-18T21:34:16.746+0000] {processor.py:179} INFO - Processing /home/airflow/.local/lib/python3.8/site-packages/airflow/example_dags/example_trigger_target_dag.py took 0.052 seconds
[2023-12-18T21:34:46.821+0000] {processor.py:157} INFO - Started process (PID=3798) to work on /home/airflow/.local/lib/python3.8/site-packages/airflow/example_dags/example_trigger_target_dag.py
[2023-12-18T21:34:46.822+0000] {processor.py:829} INFO - Processing file /home/airflow/.local/lib/python3.8/site-packages/airflow/example_dags/example_trigger_target_dag.py for tasks to queue
[2023-12-18T21:34:46.824+0000] {logging_mixin.py:154} INFO - [2023-12-18T21:34:46.823+0000] {dagbag.py:536} INFO - Filling up the DagBag from /home/airflow/.local/lib/python3.8/site-packages/airflow/example_dags/example_trigger_target_dag.py
[2023-12-18T21:34:46.828+0000] {processor.py:839} INFO - DAG(s) dict_keys(['example_trigger_target_dag']) retrieved from /home/airflow/.local/lib/python3.8/site-packages/airflow/example_dags/example_trigger_target_dag.py
[2023-12-18T21:34:46.844+0000] {logging_mixin.py:154} INFO - [2023-12-18T21:34:46.844+0000] {dag.py:2941} INFO - Sync 1 DAGs
[2023-12-18T21:34:46.858+0000] {logging_mixin.py:154} INFO - [2023-12-18T21:34:46.857+0000] {dag.py:3722} INFO - Setting next_dagrun for example_trigger_target_dag to None, run_after=None
[2023-12-18T21:34:46.876+0000] {processor.py:179} INFO - Processing /home/airflow/.local/lib/python3.8/site-packages/airflow/example_dags/example_trigger_target_dag.py took 0.058 seconds
[2023-12-18T21:35:17.202+0000] {processor.py:157} INFO - Started process (PID=3852) to work on /home/airflow/.local/lib/python3.8/site-packages/airflow/example_dags/example_trigger_target_dag.py
[2023-12-18T21:35:17.203+0000] {processor.py:829} INFO - Processing file /home/airflow/.local/lib/python3.8/site-packages/airflow/example_dags/example_trigger_target_dag.py for tasks to queue
[2023-12-18T21:35:17.205+0000] {logging_mixin.py:154} INFO - [2023-12-18T21:35:17.205+0000] {dagbag.py:536} INFO - Filling up the DagBag from /home/airflow/.local/lib/python3.8/site-packages/airflow/example_dags/example_trigger_target_dag.py
[2023-12-18T21:35:17.210+0000] {processor.py:839} INFO - DAG(s) dict_keys(['example_trigger_target_dag']) retrieved from /home/airflow/.local/lib/python3.8/site-packages/airflow/example_dags/example_trigger_target_dag.py
[2023-12-18T21:35:17.226+0000] {logging_mixin.py:154} INFO - [2023-12-18T21:35:17.226+0000] {dag.py:2941} INFO - Sync 1 DAGs
[2023-12-18T21:35:17.237+0000] {logging_mixin.py:154} INFO - [2023-12-18T21:35:17.236+0000] {dag.py:3722} INFO - Setting next_dagrun for example_trigger_target_dag to None, run_after=None
[2023-12-18T21:35:17.253+0000] {processor.py:179} INFO - Processing /home/airflow/.local/lib/python3.8/site-packages/airflow/example_dags/example_trigger_target_dag.py took 0.053 seconds
[2023-12-18T21:35:47.613+0000] {processor.py:157} INFO - Started process (PID=3906) to work on /home/airflow/.local/lib/python3.8/site-packages/airflow/example_dags/example_trigger_target_dag.py
[2023-12-18T21:35:47.614+0000] {processor.py:829} INFO - Processing file /home/airflow/.local/lib/python3.8/site-packages/airflow/example_dags/example_trigger_target_dag.py for tasks to queue
[2023-12-18T21:35:47.616+0000] {logging_mixin.py:154} INFO - [2023-12-18T21:35:47.616+0000] {dagbag.py:536} INFO - Filling up the DagBag from /home/airflow/.local/lib/python3.8/site-packages/airflow/example_dags/example_trigger_target_dag.py
[2023-12-18T21:35:47.620+0000] {processor.py:839} INFO - DAG(s) dict_keys(['example_trigger_target_dag']) retrieved from /home/airflow/.local/lib/python3.8/site-packages/airflow/example_dags/example_trigger_target_dag.py
[2023-12-18T21:35:47.638+0000] {logging_mixin.py:154} INFO - [2023-12-18T21:35:47.637+0000] {dag.py:2941} INFO - Sync 1 DAGs
[2023-12-18T21:35:47.648+0000] {logging_mixin.py:154} INFO - [2023-12-18T21:35:47.647+0000] {dag.py:3722} INFO - Setting next_dagrun for example_trigger_target_dag to None, run_after=None
[2023-12-18T21:35:47.662+0000] {processor.py:179} INFO - Processing /home/airflow/.local/lib/python3.8/site-packages/airflow/example_dags/example_trigger_target_dag.py took 0.051 seconds
