[2023-12-18T20:56:37.227+0000] {processor.py:157} INFO - Started process (PID=50) to work on /home/airflow/.local/lib/python3.8/site-packages/airflow/example_dags/example_sensors.py
[2023-12-18T20:56:37.228+0000] {processor.py:829} INFO - Processing file /home/airflow/.local/lib/python3.8/site-packages/airflow/example_dags/example_sensors.py for tasks to queue
[2023-12-18T20:56:37.231+0000] {logging_mixin.py:154} INFO - [2023-12-18T20:56:37.231+0000] {dagbag.py:536} INFO - Filling up the DagBag from /home/airflow/.local/lib/python3.8/site-packages/airflow/example_dags/example_sensors.py
[2023-12-18T20:56:37.263+0000] {processor.py:839} INFO - DAG(s) dict_keys(['example_sensors']) retrieved from /home/airflow/.local/lib/python3.8/site-packages/airflow/example_dags/example_sensors.py
[2023-12-18T20:56:37.316+0000] {logging_mixin.py:154} INFO - [2023-12-18T20:56:37.315+0000] {dag.py:2941} INFO - Sync 1 DAGs
[2023-12-18T20:56:37.339+0000] {logging_mixin.py:154} INFO - [2023-12-18T20:56:37.339+0000] {dag.py:3722} INFO - Setting next_dagrun for example_sensors to None, run_after=None
[2023-12-18T20:56:37.374+0000] {processor.py:179} INFO - Processing /home/airflow/.local/lib/python3.8/site-packages/airflow/example_dags/example_sensors.py took 0.153 seconds
[2023-12-18T20:57:07.616+0000] {processor.py:157} INFO - Started process (PID=104) to work on /home/airflow/.local/lib/python3.8/site-packages/airflow/example_dags/example_sensors.py
[2023-12-18T20:57:07.618+0000] {processor.py:829} INFO - Processing file /home/airflow/.local/lib/python3.8/site-packages/airflow/example_dags/example_sensors.py for tasks to queue
[2023-12-18T20:57:07.621+0000] {logging_mixin.py:154} INFO - [2023-12-18T20:57:07.621+0000] {dagbag.py:536} INFO - Filling up the DagBag from /home/airflow/.local/lib/python3.8/site-packages/airflow/example_dags/example_sensors.py
[2023-12-18T20:57:07.636+0000] {processor.py:839} INFO - DAG(s) dict_keys(['example_sensors']) retrieved from /home/airflow/.local/lib/python3.8/site-packages/airflow/example_dags/example_sensors.py
[2023-12-18T20:57:07.687+0000] {logging_mixin.py:154} INFO - [2023-12-18T20:57:07.687+0000] {dag.py:2941} INFO - Sync 1 DAGs
[2023-12-18T20:57:07.711+0000] {logging_mixin.py:154} INFO - [2023-12-18T20:57:07.711+0000] {dag.py:3722} INFO - Setting next_dagrun for example_sensors to None, run_after=None
[2023-12-18T20:57:07.747+0000] {processor.py:179} INFO - Processing /home/airflow/.local/lib/python3.8/site-packages/airflow/example_dags/example_sensors.py took 0.134 seconds
[2023-12-18T20:57:38.454+0000] {processor.py:157} INFO - Started process (PID=158) to work on /home/airflow/.local/lib/python3.8/site-packages/airflow/example_dags/example_sensors.py
[2023-12-18T20:57:38.456+0000] {processor.py:829} INFO - Processing file /home/airflow/.local/lib/python3.8/site-packages/airflow/example_dags/example_sensors.py for tasks to queue
[2023-12-18T20:57:38.459+0000] {logging_mixin.py:154} INFO - [2023-12-18T20:57:38.459+0000] {dagbag.py:536} INFO - Filling up the DagBag from /home/airflow/.local/lib/python3.8/site-packages/airflow/example_dags/example_sensors.py
[2023-12-18T20:57:38.479+0000] {processor.py:839} INFO - DAG(s) dict_keys(['example_sensors']) retrieved from /home/airflow/.local/lib/python3.8/site-packages/airflow/example_dags/example_sensors.py
[2023-12-18T20:57:38.538+0000] {logging_mixin.py:154} INFO - [2023-12-18T20:57:38.538+0000] {dag.py:2941} INFO - Sync 1 DAGs
[2023-12-18T20:57:38.563+0000] {logging_mixin.py:154} INFO - [2023-12-18T20:57:38.563+0000] {dag.py:3722} INFO - Setting next_dagrun for example_sensors to None, run_after=None
[2023-12-18T20:57:38.605+0000] {processor.py:179} INFO - Processing /home/airflow/.local/lib/python3.8/site-packages/airflow/example_dags/example_sensors.py took 0.155 seconds
[2023-12-18T20:58:09.371+0000] {processor.py:157} INFO - Started process (PID=212) to work on /home/airflow/.local/lib/python3.8/site-packages/airflow/example_dags/example_sensors.py
[2023-12-18T20:58:09.373+0000] {processor.py:829} INFO - Processing file /home/airflow/.local/lib/python3.8/site-packages/airflow/example_dags/example_sensors.py for tasks to queue
[2023-12-18T20:58:09.377+0000] {logging_mixin.py:154} INFO - [2023-12-18T20:58:09.377+0000] {dagbag.py:536} INFO - Filling up the DagBag from /home/airflow/.local/lib/python3.8/site-packages/airflow/example_dags/example_sensors.py
[2023-12-18T20:58:09.399+0000] {processor.py:839} INFO - DAG(s) dict_keys(['example_sensors']) retrieved from /home/airflow/.local/lib/python3.8/site-packages/airflow/example_dags/example_sensors.py
[2023-12-18T20:58:09.475+0000] {logging_mixin.py:154} INFO - [2023-12-18T20:58:09.474+0000] {dag.py:2941} INFO - Sync 1 DAGs
[2023-12-18T20:58:09.506+0000] {logging_mixin.py:154} INFO - [2023-12-18T20:58:09.505+0000] {dag.py:3722} INFO - Setting next_dagrun for example_sensors to None, run_after=None
[2023-12-18T20:58:09.577+0000] {processor.py:179} INFO - Processing /home/airflow/.local/lib/python3.8/site-packages/airflow/example_dags/example_sensors.py took 0.212 seconds
[2023-12-18T20:58:40.310+0000] {processor.py:157} INFO - Started process (PID=266) to work on /home/airflow/.local/lib/python3.8/site-packages/airflow/example_dags/example_sensors.py
[2023-12-18T20:58:40.312+0000] {processor.py:829} INFO - Processing file /home/airflow/.local/lib/python3.8/site-packages/airflow/example_dags/example_sensors.py for tasks to queue
[2023-12-18T20:58:40.315+0000] {logging_mixin.py:154} INFO - [2023-12-18T20:58:40.315+0000] {dagbag.py:536} INFO - Filling up the DagBag from /home/airflow/.local/lib/python3.8/site-packages/airflow/example_dags/example_sensors.py
[2023-12-18T20:58:40.330+0000] {processor.py:839} INFO - DAG(s) dict_keys(['example_sensors']) retrieved from /home/airflow/.local/lib/python3.8/site-packages/airflow/example_dags/example_sensors.py
[2023-12-18T20:58:40.374+0000] {logging_mixin.py:154} INFO - [2023-12-18T20:58:40.374+0000] {dag.py:2941} INFO - Sync 1 DAGs
[2023-12-18T20:58:40.399+0000] {logging_mixin.py:154} INFO - [2023-12-18T20:58:40.398+0000] {dag.py:3722} INFO - Setting next_dagrun for example_sensors to None, run_after=None
[2023-12-18T20:58:40.434+0000] {processor.py:179} INFO - Processing /home/airflow/.local/lib/python3.8/site-packages/airflow/example_dags/example_sensors.py took 0.128 seconds
[2023-12-18T20:59:11.296+0000] {processor.py:157} INFO - Started process (PID=320) to work on /home/airflow/.local/lib/python3.8/site-packages/airflow/example_dags/example_sensors.py
[2023-12-18T20:59:11.298+0000] {processor.py:829} INFO - Processing file /home/airflow/.local/lib/python3.8/site-packages/airflow/example_dags/example_sensors.py for tasks to queue
[2023-12-18T20:59:11.307+0000] {logging_mixin.py:154} INFO - [2023-12-18T20:59:11.302+0000] {dagbag.py:536} INFO - Filling up the DagBag from /home/airflow/.local/lib/python3.8/site-packages/airflow/example_dags/example_sensors.py
[2023-12-18T20:59:11.338+0000] {processor.py:839} INFO - DAG(s) dict_keys(['example_sensors']) retrieved from /home/airflow/.local/lib/python3.8/site-packages/airflow/example_dags/example_sensors.py
[2023-12-18T20:59:11.400+0000] {logging_mixin.py:154} INFO - [2023-12-18T20:59:11.400+0000] {dag.py:2941} INFO - Sync 1 DAGs
[2023-12-18T20:59:11.454+0000] {logging_mixin.py:154} INFO - [2023-12-18T20:59:11.453+0000] {dag.py:3722} INFO - Setting next_dagrun for example_sensors to None, run_after=None
[2023-12-18T20:59:11.494+0000] {processor.py:179} INFO - Processing /home/airflow/.local/lib/python3.8/site-packages/airflow/example_dags/example_sensors.py took 0.210 seconds
[2023-12-18T20:59:41.800+0000] {processor.py:157} INFO - Started process (PID=374) to work on /home/airflow/.local/lib/python3.8/site-packages/airflow/example_dags/example_sensors.py
[2023-12-18T20:59:41.801+0000] {processor.py:829} INFO - Processing file /home/airflow/.local/lib/python3.8/site-packages/airflow/example_dags/example_sensors.py for tasks to queue
[2023-12-18T20:59:41.804+0000] {logging_mixin.py:154} INFO - [2023-12-18T20:59:41.804+0000] {dagbag.py:536} INFO - Filling up the DagBag from /home/airflow/.local/lib/python3.8/site-packages/airflow/example_dags/example_sensors.py
[2023-12-18T20:59:41.823+0000] {processor.py:839} INFO - DAG(s) dict_keys(['example_sensors']) retrieved from /home/airflow/.local/lib/python3.8/site-packages/airflow/example_dags/example_sensors.py
[2023-12-18T20:59:41.870+0000] {logging_mixin.py:154} INFO - [2023-12-18T20:59:41.870+0000] {dag.py:2941} INFO - Sync 1 DAGs
[2023-12-18T20:59:41.895+0000] {logging_mixin.py:154} INFO - [2023-12-18T20:59:41.895+0000] {dag.py:3722} INFO - Setting next_dagrun for example_sensors to None, run_after=None
[2023-12-18T20:59:41.928+0000] {processor.py:179} INFO - Processing /home/airflow/.local/lib/python3.8/site-packages/airflow/example_dags/example_sensors.py took 0.134 seconds
[2023-12-18T21:00:12.642+0000] {processor.py:157} INFO - Started process (PID=428) to work on /home/airflow/.local/lib/python3.8/site-packages/airflow/example_dags/example_sensors.py
[2023-12-18T21:00:12.643+0000] {processor.py:829} INFO - Processing file /home/airflow/.local/lib/python3.8/site-packages/airflow/example_dags/example_sensors.py for tasks to queue
[2023-12-18T21:00:12.647+0000] {logging_mixin.py:154} INFO - [2023-12-18T21:00:12.646+0000] {dagbag.py:536} INFO - Filling up the DagBag from /home/airflow/.local/lib/python3.8/site-packages/airflow/example_dags/example_sensors.py
[2023-12-18T21:00:12.661+0000] {processor.py:839} INFO - DAG(s) dict_keys(['example_sensors']) retrieved from /home/airflow/.local/lib/python3.8/site-packages/airflow/example_dags/example_sensors.py
[2023-12-18T21:00:12.709+0000] {logging_mixin.py:154} INFO - [2023-12-18T21:00:12.709+0000] {dag.py:2941} INFO - Sync 1 DAGs
[2023-12-18T21:00:12.732+0000] {logging_mixin.py:154} INFO - [2023-12-18T21:00:12.732+0000] {dag.py:3722} INFO - Setting next_dagrun for example_sensors to None, run_after=None
[2023-12-18T21:00:12.805+0000] {processor.py:179} INFO - Processing /home/airflow/.local/lib/python3.8/site-packages/airflow/example_dags/example_sensors.py took 0.168 seconds
[2023-12-18T21:00:43.070+0000] {processor.py:157} INFO - Started process (PID=482) to work on /home/airflow/.local/lib/python3.8/site-packages/airflow/example_dags/example_sensors.py
[2023-12-18T21:00:43.071+0000] {processor.py:829} INFO - Processing file /home/airflow/.local/lib/python3.8/site-packages/airflow/example_dags/example_sensors.py for tasks to queue
[2023-12-18T21:00:43.075+0000] {logging_mixin.py:154} INFO - [2023-12-18T21:00:43.075+0000] {dagbag.py:536} INFO - Filling up the DagBag from /home/airflow/.local/lib/python3.8/site-packages/airflow/example_dags/example_sensors.py
[2023-12-18T21:00:43.094+0000] {processor.py:839} INFO - DAG(s) dict_keys(['example_sensors']) retrieved from /home/airflow/.local/lib/python3.8/site-packages/airflow/example_dags/example_sensors.py
[2023-12-18T21:00:43.150+0000] {logging_mixin.py:154} INFO - [2023-12-18T21:00:43.150+0000] {dag.py:2941} INFO - Sync 1 DAGs
[2023-12-18T21:00:43.176+0000] {logging_mixin.py:154} INFO - [2023-12-18T21:00:43.176+0000] {dag.py:3722} INFO - Setting next_dagrun for example_sensors to None, run_after=None
[2023-12-18T21:00:43.252+0000] {processor.py:179} INFO - Processing /home/airflow/.local/lib/python3.8/site-packages/airflow/example_dags/example_sensors.py took 0.188 seconds
[2023-12-18T21:01:13.453+0000] {processor.py:157} INFO - Started process (PID=536) to work on /home/airflow/.local/lib/python3.8/site-packages/airflow/example_dags/example_sensors.py
[2023-12-18T21:01:13.459+0000] {processor.py:829} INFO - Processing file /home/airflow/.local/lib/python3.8/site-packages/airflow/example_dags/example_sensors.py for tasks to queue
[2023-12-18T21:01:13.467+0000] {logging_mixin.py:154} INFO - [2023-12-18T21:01:13.467+0000] {dagbag.py:536} INFO - Filling up the DagBag from /home/airflow/.local/lib/python3.8/site-packages/airflow/example_dags/example_sensors.py
[2023-12-18T21:01:13.484+0000] {processor.py:839} INFO - DAG(s) dict_keys(['example_sensors']) retrieved from /home/airflow/.local/lib/python3.8/site-packages/airflow/example_dags/example_sensors.py
[2023-12-18T21:01:13.555+0000] {logging_mixin.py:154} INFO - [2023-12-18T21:01:13.555+0000] {dag.py:2941} INFO - Sync 1 DAGs
[2023-12-18T21:01:13.583+0000] {logging_mixin.py:154} INFO - [2023-12-18T21:01:13.583+0000] {dag.py:3722} INFO - Setting next_dagrun for example_sensors to None, run_after=None
[2023-12-18T21:01:13.618+0000] {processor.py:179} INFO - Processing /home/airflow/.local/lib/python3.8/site-packages/airflow/example_dags/example_sensors.py took 0.172 seconds
[2023-12-18T21:01:44.367+0000] {processor.py:157} INFO - Started process (PID=597) to work on /home/airflow/.local/lib/python3.8/site-packages/airflow/example_dags/example_sensors.py
[2023-12-18T21:01:44.369+0000] {processor.py:829} INFO - Processing file /home/airflow/.local/lib/python3.8/site-packages/airflow/example_dags/example_sensors.py for tasks to queue
[2023-12-18T21:01:44.373+0000] {logging_mixin.py:154} INFO - [2023-12-18T21:01:44.372+0000] {dagbag.py:536} INFO - Filling up the DagBag from /home/airflow/.local/lib/python3.8/site-packages/airflow/example_dags/example_sensors.py
[2023-12-18T21:01:44.396+0000] {processor.py:839} INFO - DAG(s) dict_keys(['example_sensors']) retrieved from /home/airflow/.local/lib/python3.8/site-packages/airflow/example_dags/example_sensors.py
[2023-12-18T21:01:44.446+0000] {logging_mixin.py:154} INFO - [2023-12-18T21:01:44.446+0000] {dag.py:2941} INFO - Sync 1 DAGs
[2023-12-18T21:01:44.471+0000] {logging_mixin.py:154} INFO - [2023-12-18T21:01:44.470+0000] {dag.py:3722} INFO - Setting next_dagrun for example_sensors to None, run_after=None
[2023-12-18T21:01:44.548+0000] {processor.py:179} INFO - Processing /home/airflow/.local/lib/python3.8/site-packages/airflow/example_dags/example_sensors.py took 0.187 seconds
[2023-12-18T21:02:14.714+0000] {processor.py:157} INFO - Started process (PID=651) to work on /home/airflow/.local/lib/python3.8/site-packages/airflow/example_dags/example_sensors.py
[2023-12-18T21:02:14.716+0000] {processor.py:829} INFO - Processing file /home/airflow/.local/lib/python3.8/site-packages/airflow/example_dags/example_sensors.py for tasks to queue
[2023-12-18T21:02:14.719+0000] {logging_mixin.py:154} INFO - [2023-12-18T21:02:14.719+0000] {dagbag.py:536} INFO - Filling up the DagBag from /home/airflow/.local/lib/python3.8/site-packages/airflow/example_dags/example_sensors.py
[2023-12-18T21:02:14.740+0000] {processor.py:839} INFO - DAG(s) dict_keys(['example_sensors']) retrieved from /home/airflow/.local/lib/python3.8/site-packages/airflow/example_dags/example_sensors.py
[2023-12-18T21:02:14.785+0000] {logging_mixin.py:154} INFO - [2023-12-18T21:02:14.784+0000] {dag.py:2941} INFO - Sync 1 DAGs
[2023-12-18T21:02:14.812+0000] {logging_mixin.py:154} INFO - [2023-12-18T21:02:14.812+0000] {dag.py:3722} INFO - Setting next_dagrun for example_sensors to None, run_after=None
[2023-12-18T21:02:14.848+0000] {processor.py:179} INFO - Processing /home/airflow/.local/lib/python3.8/site-packages/airflow/example_dags/example_sensors.py took 0.141 seconds
[2023-12-18T21:02:45.200+0000] {processor.py:157} INFO - Started process (PID=705) to work on /home/airflow/.local/lib/python3.8/site-packages/airflow/example_dags/example_sensors.py
[2023-12-18T21:02:45.202+0000] {processor.py:829} INFO - Processing file /home/airflow/.local/lib/python3.8/site-packages/airflow/example_dags/example_sensors.py for tasks to queue
[2023-12-18T21:02:45.206+0000] {logging_mixin.py:154} INFO - [2023-12-18T21:02:45.206+0000] {dagbag.py:536} INFO - Filling up the DagBag from /home/airflow/.local/lib/python3.8/site-packages/airflow/example_dags/example_sensors.py
[2023-12-18T21:02:45.221+0000] {processor.py:839} INFO - DAG(s) dict_keys(['example_sensors']) retrieved from /home/airflow/.local/lib/python3.8/site-packages/airflow/example_dags/example_sensors.py
[2023-12-18T21:02:45.266+0000] {logging_mixin.py:154} INFO - [2023-12-18T21:02:45.266+0000] {dag.py:2941} INFO - Sync 1 DAGs
[2023-12-18T21:02:45.294+0000] {logging_mixin.py:154} INFO - [2023-12-18T21:02:45.293+0000] {dag.py:3722} INFO - Setting next_dagrun for example_sensors to None, run_after=None
[2023-12-18T21:02:45.370+0000] {processor.py:179} INFO - Processing /home/airflow/.local/lib/python3.8/site-packages/airflow/example_dags/example_sensors.py took 0.175 seconds
[2023-12-18T21:03:15.483+0000] {processor.py:157} INFO - Started process (PID=758) to work on /home/airflow/.local/lib/python3.8/site-packages/airflow/example_dags/example_sensors.py
[2023-12-18T21:03:15.485+0000] {processor.py:829} INFO - Processing file /home/airflow/.local/lib/python3.8/site-packages/airflow/example_dags/example_sensors.py for tasks to queue
[2023-12-18T21:03:15.488+0000] {logging_mixin.py:154} INFO - [2023-12-18T21:03:15.487+0000] {dagbag.py:536} INFO - Filling up the DagBag from /home/airflow/.local/lib/python3.8/site-packages/airflow/example_dags/example_sensors.py
[2023-12-18T21:03:15.503+0000] {processor.py:839} INFO - DAG(s) dict_keys(['example_sensors']) retrieved from /home/airflow/.local/lib/python3.8/site-packages/airflow/example_dags/example_sensors.py
[2023-12-18T21:03:15.547+0000] {logging_mixin.py:154} INFO - [2023-12-18T21:03:15.546+0000] {dag.py:2941} INFO - Sync 1 DAGs
[2023-12-18T21:03:15.569+0000] {logging_mixin.py:154} INFO - [2023-12-18T21:03:15.569+0000] {dag.py:3722} INFO - Setting next_dagrun for example_sensors to None, run_after=None
[2023-12-18T21:03:15.607+0000] {processor.py:179} INFO - Processing /home/airflow/.local/lib/python3.8/site-packages/airflow/example_dags/example_sensors.py took 0.128 seconds
[2023-12-18T21:03:45.762+0000] {processor.py:157} INFO - Started process (PID=812) to work on /home/airflow/.local/lib/python3.8/site-packages/airflow/example_dags/example_sensors.py
[2023-12-18T21:03:45.763+0000] {processor.py:829} INFO - Processing file /home/airflow/.local/lib/python3.8/site-packages/airflow/example_dags/example_sensors.py for tasks to queue
[2023-12-18T21:03:45.767+0000] {logging_mixin.py:154} INFO - [2023-12-18T21:03:45.766+0000] {dagbag.py:536} INFO - Filling up the DagBag from /home/airflow/.local/lib/python3.8/site-packages/airflow/example_dags/example_sensors.py
[2023-12-18T21:03:45.785+0000] {processor.py:839} INFO - DAG(s) dict_keys(['example_sensors']) retrieved from /home/airflow/.local/lib/python3.8/site-packages/airflow/example_dags/example_sensors.py
[2023-12-18T21:03:45.837+0000] {logging_mixin.py:154} INFO - [2023-12-18T21:03:45.836+0000] {dag.py:2941} INFO - Sync 1 DAGs
[2023-12-18T21:03:45.868+0000] {logging_mixin.py:154} INFO - [2023-12-18T21:03:45.867+0000] {dag.py:3722} INFO - Setting next_dagrun for example_sensors to None, run_after=None
[2023-12-18T21:03:45.908+0000] {processor.py:179} INFO - Processing /home/airflow/.local/lib/python3.8/site-packages/airflow/example_dags/example_sensors.py took 0.151 seconds
[2023-12-18T21:04:16.371+0000] {processor.py:157} INFO - Started process (PID=866) to work on /home/airflow/.local/lib/python3.8/site-packages/airflow/example_dags/example_sensors.py
[2023-12-18T21:04:16.372+0000] {processor.py:829} INFO - Processing file /home/airflow/.local/lib/python3.8/site-packages/airflow/example_dags/example_sensors.py for tasks to queue
[2023-12-18T21:04:16.373+0000] {logging_mixin.py:154} INFO - [2023-12-18T21:04:16.373+0000] {dagbag.py:536} INFO - Filling up the DagBag from /home/airflow/.local/lib/python3.8/site-packages/airflow/example_dags/example_sensors.py
[2023-12-18T21:04:16.380+0000] {processor.py:839} INFO - DAG(s) dict_keys(['example_sensors']) retrieved from /home/airflow/.local/lib/python3.8/site-packages/airflow/example_dags/example_sensors.py
[2023-12-18T21:04:16.399+0000] {logging_mixin.py:154} INFO - [2023-12-18T21:04:16.399+0000] {dag.py:2941} INFO - Sync 1 DAGs
[2023-12-18T21:04:16.409+0000] {logging_mixin.py:154} INFO - [2023-12-18T21:04:16.409+0000] {dag.py:3722} INFO - Setting next_dagrun for example_sensors to None, run_after=None
[2023-12-18T21:04:16.423+0000] {processor.py:179} INFO - Processing /home/airflow/.local/lib/python3.8/site-packages/airflow/example_dags/example_sensors.py took 0.054 seconds
[2023-12-18T21:04:46.716+0000] {processor.py:157} INFO - Started process (PID=920) to work on /home/airflow/.local/lib/python3.8/site-packages/airflow/example_dags/example_sensors.py
[2023-12-18T21:04:46.716+0000] {processor.py:829} INFO - Processing file /home/airflow/.local/lib/python3.8/site-packages/airflow/example_dags/example_sensors.py for tasks to queue
[2023-12-18T21:04:46.718+0000] {logging_mixin.py:154} INFO - [2023-12-18T21:04:46.717+0000] {dagbag.py:536} INFO - Filling up the DagBag from /home/airflow/.local/lib/python3.8/site-packages/airflow/example_dags/example_sensors.py
[2023-12-18T21:04:46.724+0000] {processor.py:839} INFO - DAG(s) dict_keys(['example_sensors']) retrieved from /home/airflow/.local/lib/python3.8/site-packages/airflow/example_dags/example_sensors.py
[2023-12-18T21:04:46.743+0000] {logging_mixin.py:154} INFO - [2023-12-18T21:04:46.742+0000] {dag.py:2941} INFO - Sync 1 DAGs
[2023-12-18T21:04:46.752+0000] {logging_mixin.py:154} INFO - [2023-12-18T21:04:46.752+0000] {dag.py:3722} INFO - Setting next_dagrun for example_sensors to None, run_after=None
[2023-12-18T21:04:46.778+0000] {processor.py:179} INFO - Processing /home/airflow/.local/lib/python3.8/site-packages/airflow/example_dags/example_sensors.py took 0.064 seconds
[2023-12-18T21:05:17.124+0000] {processor.py:157} INFO - Started process (PID=974) to work on /home/airflow/.local/lib/python3.8/site-packages/airflow/example_dags/example_sensors.py
[2023-12-18T21:05:17.124+0000] {processor.py:829} INFO - Processing file /home/airflow/.local/lib/python3.8/site-packages/airflow/example_dags/example_sensors.py for tasks to queue
[2023-12-18T21:05:17.125+0000] {logging_mixin.py:154} INFO - [2023-12-18T21:05:17.125+0000] {dagbag.py:536} INFO - Filling up the DagBag from /home/airflow/.local/lib/python3.8/site-packages/airflow/example_dags/example_sensors.py
[2023-12-18T21:05:17.132+0000] {processor.py:839} INFO - DAG(s) dict_keys(['example_sensors']) retrieved from /home/airflow/.local/lib/python3.8/site-packages/airflow/example_dags/example_sensors.py
[2023-12-18T21:05:17.151+0000] {logging_mixin.py:154} INFO - [2023-12-18T21:05:17.151+0000] {dag.py:2941} INFO - Sync 1 DAGs
[2023-12-18T21:05:17.161+0000] {logging_mixin.py:154} INFO - [2023-12-18T21:05:17.160+0000] {dag.py:3722} INFO - Setting next_dagrun for example_sensors to None, run_after=None
[2023-12-18T21:05:17.185+0000] {processor.py:179} INFO - Processing /home/airflow/.local/lib/python3.8/site-packages/airflow/example_dags/example_sensors.py took 0.063 seconds
[2023-12-18T21:05:47.421+0000] {processor.py:157} INFO - Started process (PID=1028) to work on /home/airflow/.local/lib/python3.8/site-packages/airflow/example_dags/example_sensors.py
[2023-12-18T21:05:47.421+0000] {processor.py:829} INFO - Processing file /home/airflow/.local/lib/python3.8/site-packages/airflow/example_dags/example_sensors.py for tasks to queue
[2023-12-18T21:05:47.422+0000] {logging_mixin.py:154} INFO - [2023-12-18T21:05:47.422+0000] {dagbag.py:536} INFO - Filling up the DagBag from /home/airflow/.local/lib/python3.8/site-packages/airflow/example_dags/example_sensors.py
[2023-12-18T21:05:47.428+0000] {processor.py:839} INFO - DAG(s) dict_keys(['example_sensors']) retrieved from /home/airflow/.local/lib/python3.8/site-packages/airflow/example_dags/example_sensors.py
[2023-12-18T21:05:47.447+0000] {logging_mixin.py:154} INFO - [2023-12-18T21:05:47.446+0000] {dag.py:2941} INFO - Sync 1 DAGs
[2023-12-18T21:05:47.456+0000] {logging_mixin.py:154} INFO - [2023-12-18T21:05:47.456+0000] {dag.py:3722} INFO - Setting next_dagrun for example_sensors to None, run_after=None
[2023-12-18T21:05:47.481+0000] {processor.py:179} INFO - Processing /home/airflow/.local/lib/python3.8/site-packages/airflow/example_dags/example_sensors.py took 0.062 seconds
[2023-12-18T21:06:17.665+0000] {processor.py:157} INFO - Started process (PID=1082) to work on /home/airflow/.local/lib/python3.8/site-packages/airflow/example_dags/example_sensors.py
[2023-12-18T21:06:17.666+0000] {processor.py:829} INFO - Processing file /home/airflow/.local/lib/python3.8/site-packages/airflow/example_dags/example_sensors.py for tasks to queue
[2023-12-18T21:06:17.668+0000] {logging_mixin.py:154} INFO - [2023-12-18T21:06:17.667+0000] {dagbag.py:536} INFO - Filling up the DagBag from /home/airflow/.local/lib/python3.8/site-packages/airflow/example_dags/example_sensors.py
[2023-12-18T21:06:17.674+0000] {processor.py:839} INFO - DAG(s) dict_keys(['example_sensors']) retrieved from /home/airflow/.local/lib/python3.8/site-packages/airflow/example_dags/example_sensors.py
[2023-12-18T21:06:17.695+0000] {logging_mixin.py:154} INFO - [2023-12-18T21:06:17.695+0000] {dag.py:2941} INFO - Sync 1 DAGs
[2023-12-18T21:06:17.704+0000] {logging_mixin.py:154} INFO - [2023-12-18T21:06:17.704+0000] {dag.py:3722} INFO - Setting next_dagrun for example_sensors to None, run_after=None
[2023-12-18T21:06:17.718+0000] {processor.py:179} INFO - Processing /home/airflow/.local/lib/python3.8/site-packages/airflow/example_dags/example_sensors.py took 0.055 seconds
[2023-12-18T21:06:47.848+0000] {processor.py:157} INFO - Started process (PID=1136) to work on /home/airflow/.local/lib/python3.8/site-packages/airflow/example_dags/example_sensors.py
[2023-12-18T21:06:47.849+0000] {processor.py:829} INFO - Processing file /home/airflow/.local/lib/python3.8/site-packages/airflow/example_dags/example_sensors.py for tasks to queue
[2023-12-18T21:06:47.851+0000] {logging_mixin.py:154} INFO - [2023-12-18T21:06:47.851+0000] {dagbag.py:536} INFO - Filling up the DagBag from /home/airflow/.local/lib/python3.8/site-packages/airflow/example_dags/example_sensors.py
[2023-12-18T21:06:47.858+0000] {processor.py:839} INFO - DAG(s) dict_keys(['example_sensors']) retrieved from /home/airflow/.local/lib/python3.8/site-packages/airflow/example_dags/example_sensors.py
[2023-12-18T21:06:47.876+0000] {logging_mixin.py:154} INFO - [2023-12-18T21:06:47.876+0000] {dag.py:2941} INFO - Sync 1 DAGs
[2023-12-18T21:06:47.886+0000] {logging_mixin.py:154} INFO - [2023-12-18T21:06:47.886+0000] {dag.py:3722} INFO - Setting next_dagrun for example_sensors to None, run_after=None
[2023-12-18T21:06:47.899+0000] {processor.py:179} INFO - Processing /home/airflow/.local/lib/python3.8/site-packages/airflow/example_dags/example_sensors.py took 0.054 seconds
[2023-12-18T21:07:17.960+0000] {processor.py:157} INFO - Started process (PID=1190) to work on /home/airflow/.local/lib/python3.8/site-packages/airflow/example_dags/example_sensors.py
[2023-12-18T21:07:17.961+0000] {processor.py:829} INFO - Processing file /home/airflow/.local/lib/python3.8/site-packages/airflow/example_dags/example_sensors.py for tasks to queue
[2023-12-18T21:07:17.962+0000] {logging_mixin.py:154} INFO - [2023-12-18T21:07:17.962+0000] {dagbag.py:536} INFO - Filling up the DagBag from /home/airflow/.local/lib/python3.8/site-packages/airflow/example_dags/example_sensors.py
[2023-12-18T21:07:17.969+0000] {processor.py:839} INFO - DAG(s) dict_keys(['example_sensors']) retrieved from /home/airflow/.local/lib/python3.8/site-packages/airflow/example_dags/example_sensors.py
[2023-12-18T21:07:17.991+0000] {logging_mixin.py:154} INFO - [2023-12-18T21:07:17.991+0000] {dag.py:2941} INFO - Sync 1 DAGs
[2023-12-18T21:07:18.000+0000] {logging_mixin.py:154} INFO - [2023-12-18T21:07:18.000+0000] {dag.py:3722} INFO - Setting next_dagrun for example_sensors to None, run_after=None
[2023-12-18T21:07:18.026+0000] {processor.py:179} INFO - Processing /home/airflow/.local/lib/python3.8/site-packages/airflow/example_dags/example_sensors.py took 0.068 seconds
[2023-12-18T21:07:48.202+0000] {processor.py:157} INFO - Started process (PID=1244) to work on /home/airflow/.local/lib/python3.8/site-packages/airflow/example_dags/example_sensors.py
[2023-12-18T21:07:48.202+0000] {processor.py:829} INFO - Processing file /home/airflow/.local/lib/python3.8/site-packages/airflow/example_dags/example_sensors.py for tasks to queue
[2023-12-18T21:07:48.204+0000] {logging_mixin.py:154} INFO - [2023-12-18T21:07:48.204+0000] {dagbag.py:536} INFO - Filling up the DagBag from /home/airflow/.local/lib/python3.8/site-packages/airflow/example_dags/example_sensors.py
[2023-12-18T21:07:48.213+0000] {processor.py:839} INFO - DAG(s) dict_keys(['example_sensors']) retrieved from /home/airflow/.local/lib/python3.8/site-packages/airflow/example_dags/example_sensors.py
[2023-12-18T21:07:48.237+0000] {logging_mixin.py:154} INFO - [2023-12-18T21:07:48.237+0000] {dag.py:2941} INFO - Sync 1 DAGs
[2023-12-18T21:07:48.249+0000] {logging_mixin.py:154} INFO - [2023-12-18T21:07:48.249+0000] {dag.py:3722} INFO - Setting next_dagrun for example_sensors to None, run_after=None
[2023-12-18T21:07:48.265+0000] {processor.py:179} INFO - Processing /home/airflow/.local/lib/python3.8/site-packages/airflow/example_dags/example_sensors.py took 0.066 seconds
[2023-12-18T21:11:27.566+0000] {processor.py:157} INFO - Started process (PID=1290) to work on /home/airflow/.local/lib/python3.8/site-packages/airflow/example_dags/example_sensors.py
[2023-12-18T21:11:27.567+0000] {processor.py:829} INFO - Processing file /home/airflow/.local/lib/python3.8/site-packages/airflow/example_dags/example_sensors.py for tasks to queue
[2023-12-18T21:11:27.568+0000] {logging_mixin.py:154} INFO - [2023-12-18T21:11:27.568+0000] {dagbag.py:536} INFO - Filling up the DagBag from /home/airflow/.local/lib/python3.8/site-packages/airflow/example_dags/example_sensors.py
[2023-12-18T21:11:27.575+0000] {processor.py:839} INFO - DAG(s) dict_keys(['example_sensors']) retrieved from /home/airflow/.local/lib/python3.8/site-packages/airflow/example_dags/example_sensors.py
[2023-12-18T21:11:27.597+0000] {logging_mixin.py:154} INFO - [2023-12-18T21:11:27.597+0000] {dag.py:2941} INFO - Sync 1 DAGs
[2023-12-18T21:11:27.609+0000] {logging_mixin.py:154} INFO - [2023-12-18T21:11:27.608+0000] {dag.py:3722} INFO - Setting next_dagrun for example_sensors to None, run_after=None
[2023-12-18T21:11:27.624+0000] {processor.py:179} INFO - Processing /home/airflow/.local/lib/python3.8/site-packages/airflow/example_dags/example_sensors.py took 0.061 seconds
[2023-12-18T21:11:57.843+0000] {processor.py:157} INFO - Started process (PID=1344) to work on /home/airflow/.local/lib/python3.8/site-packages/airflow/example_dags/example_sensors.py
[2023-12-18T21:11:57.843+0000] {processor.py:829} INFO - Processing file /home/airflow/.local/lib/python3.8/site-packages/airflow/example_dags/example_sensors.py for tasks to queue
[2023-12-18T21:11:57.845+0000] {logging_mixin.py:154} INFO - [2023-12-18T21:11:57.845+0000] {dagbag.py:536} INFO - Filling up the DagBag from /home/airflow/.local/lib/python3.8/site-packages/airflow/example_dags/example_sensors.py
[2023-12-18T21:11:57.853+0000] {processor.py:839} INFO - DAG(s) dict_keys(['example_sensors']) retrieved from /home/airflow/.local/lib/python3.8/site-packages/airflow/example_dags/example_sensors.py
[2023-12-18T21:11:57.875+0000] {logging_mixin.py:154} INFO - [2023-12-18T21:11:57.875+0000] {dag.py:2941} INFO - Sync 1 DAGs
[2023-12-18T21:11:57.886+0000] {logging_mixin.py:154} INFO - [2023-12-18T21:11:57.886+0000] {dag.py:3722} INFO - Setting next_dagrun for example_sensors to None, run_after=None
[2023-12-18T21:11:57.905+0000] {processor.py:179} INFO - Processing /home/airflow/.local/lib/python3.8/site-packages/airflow/example_dags/example_sensors.py took 0.065 seconds
[2023-12-18T21:12:28.154+0000] {processor.py:157} INFO - Started process (PID=1398) to work on /home/airflow/.local/lib/python3.8/site-packages/airflow/example_dags/example_sensors.py
[2023-12-18T21:12:28.155+0000] {processor.py:829} INFO - Processing file /home/airflow/.local/lib/python3.8/site-packages/airflow/example_dags/example_sensors.py for tasks to queue
[2023-12-18T21:12:28.157+0000] {logging_mixin.py:154} INFO - [2023-12-18T21:12:28.157+0000] {dagbag.py:536} INFO - Filling up the DagBag from /home/airflow/.local/lib/python3.8/site-packages/airflow/example_dags/example_sensors.py
[2023-12-18T21:12:28.164+0000] {processor.py:839} INFO - DAG(s) dict_keys(['example_sensors']) retrieved from /home/airflow/.local/lib/python3.8/site-packages/airflow/example_dags/example_sensors.py
[2023-12-18T21:12:28.183+0000] {logging_mixin.py:154} INFO - [2023-12-18T21:12:28.183+0000] {dag.py:2941} INFO - Sync 1 DAGs
[2023-12-18T21:12:28.193+0000] {logging_mixin.py:154} INFO - [2023-12-18T21:12:28.193+0000] {dag.py:3722} INFO - Setting next_dagrun for example_sensors to None, run_after=None
[2023-12-18T21:12:28.207+0000] {processor.py:179} INFO - Processing /home/airflow/.local/lib/python3.8/site-packages/airflow/example_dags/example_sensors.py took 0.055 seconds
[2023-12-18T21:12:58.418+0000] {processor.py:157} INFO - Started process (PID=1452) to work on /home/airflow/.local/lib/python3.8/site-packages/airflow/example_dags/example_sensors.py
[2023-12-18T21:12:58.418+0000] {processor.py:829} INFO - Processing file /home/airflow/.local/lib/python3.8/site-packages/airflow/example_dags/example_sensors.py for tasks to queue
[2023-12-18T21:12:58.420+0000] {logging_mixin.py:154} INFO - [2023-12-18T21:12:58.420+0000] {dagbag.py:536} INFO - Filling up the DagBag from /home/airflow/.local/lib/python3.8/site-packages/airflow/example_dags/example_sensors.py
[2023-12-18T21:12:58.427+0000] {processor.py:839} INFO - DAG(s) dict_keys(['example_sensors']) retrieved from /home/airflow/.local/lib/python3.8/site-packages/airflow/example_dags/example_sensors.py
[2023-12-18T21:12:58.448+0000] {logging_mixin.py:154} INFO - [2023-12-18T21:12:58.448+0000] {dag.py:2941} INFO - Sync 1 DAGs
[2023-12-18T21:12:58.459+0000] {logging_mixin.py:154} INFO - [2023-12-18T21:12:58.459+0000] {dag.py:3722} INFO - Setting next_dagrun for example_sensors to None, run_after=None
[2023-12-18T21:12:58.475+0000] {processor.py:179} INFO - Processing /home/airflow/.local/lib/python3.8/site-packages/airflow/example_dags/example_sensors.py took 0.059 seconds
[2023-12-18T21:13:28.655+0000] {processor.py:157} INFO - Started process (PID=1505) to work on /home/airflow/.local/lib/python3.8/site-packages/airflow/example_dags/example_sensors.py
[2023-12-18T21:13:28.656+0000] {processor.py:829} INFO - Processing file /home/airflow/.local/lib/python3.8/site-packages/airflow/example_dags/example_sensors.py for tasks to queue
[2023-12-18T21:13:28.657+0000] {logging_mixin.py:154} INFO - [2023-12-18T21:13:28.657+0000] {dagbag.py:536} INFO - Filling up the DagBag from /home/airflow/.local/lib/python3.8/site-packages/airflow/example_dags/example_sensors.py
[2023-12-18T21:13:28.664+0000] {processor.py:839} INFO - DAG(s) dict_keys(['example_sensors']) retrieved from /home/airflow/.local/lib/python3.8/site-packages/airflow/example_dags/example_sensors.py
[2023-12-18T21:13:28.684+0000] {logging_mixin.py:154} INFO - [2023-12-18T21:13:28.684+0000] {dag.py:2941} INFO - Sync 1 DAGs
[2023-12-18T21:13:28.694+0000] {logging_mixin.py:154} INFO - [2023-12-18T21:13:28.694+0000] {dag.py:3722} INFO - Setting next_dagrun for example_sensors to None, run_after=None
[2023-12-18T21:13:28.709+0000] {processor.py:179} INFO - Processing /home/airflow/.local/lib/python3.8/site-packages/airflow/example_dags/example_sensors.py took 0.056 seconds
[2023-12-18T21:13:59.078+0000] {processor.py:157} INFO - Started process (PID=1559) to work on /home/airflow/.local/lib/python3.8/site-packages/airflow/example_dags/example_sensors.py
[2023-12-18T21:13:59.079+0000] {processor.py:829} INFO - Processing file /home/airflow/.local/lib/python3.8/site-packages/airflow/example_dags/example_sensors.py for tasks to queue
[2023-12-18T21:13:59.081+0000] {logging_mixin.py:154} INFO - [2023-12-18T21:13:59.081+0000] {dagbag.py:536} INFO - Filling up the DagBag from /home/airflow/.local/lib/python3.8/site-packages/airflow/example_dags/example_sensors.py
[2023-12-18T21:13:59.087+0000] {processor.py:839} INFO - DAG(s) dict_keys(['example_sensors']) retrieved from /home/airflow/.local/lib/python3.8/site-packages/airflow/example_dags/example_sensors.py
[2023-12-18T21:13:59.105+0000] {logging_mixin.py:154} INFO - [2023-12-18T21:13:59.105+0000] {dag.py:2941} INFO - Sync 1 DAGs
[2023-12-18T21:13:59.115+0000] {logging_mixin.py:154} INFO - [2023-12-18T21:13:59.115+0000] {dag.py:3722} INFO - Setting next_dagrun for example_sensors to None, run_after=None
[2023-12-18T21:13:59.129+0000] {processor.py:179} INFO - Processing /home/airflow/.local/lib/python3.8/site-packages/airflow/example_dags/example_sensors.py took 0.053 seconds
[2023-12-18T21:14:29.602+0000] {processor.py:157} INFO - Started process (PID=1614) to work on /home/airflow/.local/lib/python3.8/site-packages/airflow/example_dags/example_sensors.py
[2023-12-18T21:14:29.602+0000] {processor.py:829} INFO - Processing file /home/airflow/.local/lib/python3.8/site-packages/airflow/example_dags/example_sensors.py for tasks to queue
[2023-12-18T21:14:29.604+0000] {logging_mixin.py:154} INFO - [2023-12-18T21:14:29.604+0000] {dagbag.py:536} INFO - Filling up the DagBag from /home/airflow/.local/lib/python3.8/site-packages/airflow/example_dags/example_sensors.py
[2023-12-18T21:14:29.610+0000] {processor.py:839} INFO - DAG(s) dict_keys(['example_sensors']) retrieved from /home/airflow/.local/lib/python3.8/site-packages/airflow/example_dags/example_sensors.py
[2023-12-18T21:14:29.631+0000] {logging_mixin.py:154} INFO - [2023-12-18T21:14:29.630+0000] {dag.py:2941} INFO - Sync 1 DAGs
[2023-12-18T21:14:29.641+0000] {logging_mixin.py:154} INFO - [2023-12-18T21:14:29.641+0000] {dag.py:3722} INFO - Setting next_dagrun for example_sensors to None, run_after=None
[2023-12-18T21:14:29.655+0000] {processor.py:179} INFO - Processing /home/airflow/.local/lib/python3.8/site-packages/airflow/example_dags/example_sensors.py took 0.056 seconds
[2023-12-18T21:14:59.866+0000] {processor.py:157} INFO - Started process (PID=1667) to work on /home/airflow/.local/lib/python3.8/site-packages/airflow/example_dags/example_sensors.py
[2023-12-18T21:14:59.866+0000] {processor.py:829} INFO - Processing file /home/airflow/.local/lib/python3.8/site-packages/airflow/example_dags/example_sensors.py for tasks to queue
[2023-12-18T21:14:59.868+0000] {logging_mixin.py:154} INFO - [2023-12-18T21:14:59.868+0000] {dagbag.py:536} INFO - Filling up the DagBag from /home/airflow/.local/lib/python3.8/site-packages/airflow/example_dags/example_sensors.py
[2023-12-18T21:14:59.875+0000] {processor.py:839} INFO - DAG(s) dict_keys(['example_sensors']) retrieved from /home/airflow/.local/lib/python3.8/site-packages/airflow/example_dags/example_sensors.py
[2023-12-18T21:14:59.893+0000] {logging_mixin.py:154} INFO - [2023-12-18T21:14:59.893+0000] {dag.py:2941} INFO - Sync 1 DAGs
[2023-12-18T21:14:59.903+0000] {logging_mixin.py:154} INFO - [2023-12-18T21:14:59.903+0000] {dag.py:3722} INFO - Setting next_dagrun for example_sensors to None, run_after=None
[2023-12-18T21:14:59.917+0000] {processor.py:179} INFO - Processing /home/airflow/.local/lib/python3.8/site-packages/airflow/example_dags/example_sensors.py took 0.054 seconds
[2023-12-18T21:15:30.387+0000] {processor.py:157} INFO - Started process (PID=1722) to work on /home/airflow/.local/lib/python3.8/site-packages/airflow/example_dags/example_sensors.py
[2023-12-18T21:15:30.387+0000] {processor.py:829} INFO - Processing file /home/airflow/.local/lib/python3.8/site-packages/airflow/example_dags/example_sensors.py for tasks to queue
[2023-12-18T21:15:30.389+0000] {logging_mixin.py:154} INFO - [2023-12-18T21:15:30.389+0000] {dagbag.py:536} INFO - Filling up the DagBag from /home/airflow/.local/lib/python3.8/site-packages/airflow/example_dags/example_sensors.py
[2023-12-18T21:15:30.396+0000] {processor.py:839} INFO - DAG(s) dict_keys(['example_sensors']) retrieved from /home/airflow/.local/lib/python3.8/site-packages/airflow/example_dags/example_sensors.py
[2023-12-18T21:15:30.417+0000] {logging_mixin.py:154} INFO - [2023-12-18T21:15:30.417+0000] {dag.py:2941} INFO - Sync 1 DAGs
[2023-12-18T21:15:30.427+0000] {logging_mixin.py:154} INFO - [2023-12-18T21:15:30.427+0000] {dag.py:3722} INFO - Setting next_dagrun for example_sensors to None, run_after=None
[2023-12-18T21:15:30.443+0000] {processor.py:179} INFO - Processing /home/airflow/.local/lib/python3.8/site-packages/airflow/example_dags/example_sensors.py took 0.059 seconds
[2023-12-18T21:16:00.935+0000] {processor.py:157} INFO - Started process (PID=1776) to work on /home/airflow/.local/lib/python3.8/site-packages/airflow/example_dags/example_sensors.py
[2023-12-18T21:16:00.936+0000] {processor.py:829} INFO - Processing file /home/airflow/.local/lib/python3.8/site-packages/airflow/example_dags/example_sensors.py for tasks to queue
[2023-12-18T21:16:00.937+0000] {logging_mixin.py:154} INFO - [2023-12-18T21:16:00.937+0000] {dagbag.py:536} INFO - Filling up the DagBag from /home/airflow/.local/lib/python3.8/site-packages/airflow/example_dags/example_sensors.py
[2023-12-18T21:16:00.944+0000] {processor.py:839} INFO - DAG(s) dict_keys(['example_sensors']) retrieved from /home/airflow/.local/lib/python3.8/site-packages/airflow/example_dags/example_sensors.py
[2023-12-18T21:16:00.964+0000] {logging_mixin.py:154} INFO - [2023-12-18T21:16:00.963+0000] {dag.py:2941} INFO - Sync 1 DAGs
[2023-12-18T21:16:00.974+0000] {logging_mixin.py:154} INFO - [2023-12-18T21:16:00.973+0000] {dag.py:3722} INFO - Setting next_dagrun for example_sensors to None, run_after=None
[2023-12-18T21:16:00.987+0000] {processor.py:179} INFO - Processing /home/airflow/.local/lib/python3.8/site-packages/airflow/example_dags/example_sensors.py took 0.054 seconds
[2023-12-18T21:16:31.173+0000] {processor.py:157} INFO - Started process (PID=1830) to work on /home/airflow/.local/lib/python3.8/site-packages/airflow/example_dags/example_sensors.py
[2023-12-18T21:16:31.174+0000] {processor.py:829} INFO - Processing file /home/airflow/.local/lib/python3.8/site-packages/airflow/example_dags/example_sensors.py for tasks to queue
[2023-12-18T21:16:31.175+0000] {logging_mixin.py:154} INFO - [2023-12-18T21:16:31.175+0000] {dagbag.py:536} INFO - Filling up the DagBag from /home/airflow/.local/lib/python3.8/site-packages/airflow/example_dags/example_sensors.py
[2023-12-18T21:16:31.182+0000] {processor.py:839} INFO - DAG(s) dict_keys(['example_sensors']) retrieved from /home/airflow/.local/lib/python3.8/site-packages/airflow/example_dags/example_sensors.py
[2023-12-18T21:16:31.202+0000] {logging_mixin.py:154} INFO - [2023-12-18T21:16:31.201+0000] {dag.py:2941} INFO - Sync 1 DAGs
[2023-12-18T21:16:31.212+0000] {logging_mixin.py:154} INFO - [2023-12-18T21:16:31.212+0000] {dag.py:3722} INFO - Setting next_dagrun for example_sensors to None, run_after=None
[2023-12-18T21:16:31.227+0000] {processor.py:179} INFO - Processing /home/airflow/.local/lib/python3.8/site-packages/airflow/example_dags/example_sensors.py took 0.056 seconds
[2023-12-18T21:17:01.304+0000] {processor.py:157} INFO - Started process (PID=1883) to work on /home/airflow/.local/lib/python3.8/site-packages/airflow/example_dags/example_sensors.py
[2023-12-18T21:17:01.305+0000] {processor.py:829} INFO - Processing file /home/airflow/.local/lib/python3.8/site-packages/airflow/example_dags/example_sensors.py for tasks to queue
[2023-12-18T21:17:01.307+0000] {logging_mixin.py:154} INFO - [2023-12-18T21:17:01.307+0000] {dagbag.py:536} INFO - Filling up the DagBag from /home/airflow/.local/lib/python3.8/site-packages/airflow/example_dags/example_sensors.py
[2023-12-18T21:17:01.313+0000] {processor.py:839} INFO - DAG(s) dict_keys(['example_sensors']) retrieved from /home/airflow/.local/lib/python3.8/site-packages/airflow/example_dags/example_sensors.py
[2023-12-18T21:17:01.333+0000] {logging_mixin.py:154} INFO - [2023-12-18T21:17:01.333+0000] {dag.py:2941} INFO - Sync 1 DAGs
[2023-12-18T21:17:01.344+0000] {logging_mixin.py:154} INFO - [2023-12-18T21:17:01.343+0000] {dag.py:3722} INFO - Setting next_dagrun for example_sensors to None, run_after=None
[2023-12-18T21:17:01.357+0000] {processor.py:179} INFO - Processing /home/airflow/.local/lib/python3.8/site-packages/airflow/example_dags/example_sensors.py took 0.056 seconds
[2023-12-18T21:17:31.454+0000] {processor.py:157} INFO - Started process (PID=1937) to work on /home/airflow/.local/lib/python3.8/site-packages/airflow/example_dags/example_sensors.py
[2023-12-18T21:17:31.454+0000] {processor.py:829} INFO - Processing file /home/airflow/.local/lib/python3.8/site-packages/airflow/example_dags/example_sensors.py for tasks to queue
[2023-12-18T21:17:31.456+0000] {logging_mixin.py:154} INFO - [2023-12-18T21:17:31.456+0000] {dagbag.py:536} INFO - Filling up the DagBag from /home/airflow/.local/lib/python3.8/site-packages/airflow/example_dags/example_sensors.py
[2023-12-18T21:17:31.463+0000] {processor.py:839} INFO - DAG(s) dict_keys(['example_sensors']) retrieved from /home/airflow/.local/lib/python3.8/site-packages/airflow/example_dags/example_sensors.py
[2023-12-18T21:17:31.484+0000] {logging_mixin.py:154} INFO - [2023-12-18T21:17:31.484+0000] {dag.py:2941} INFO - Sync 1 DAGs
[2023-12-18T21:17:31.494+0000] {logging_mixin.py:154} INFO - [2023-12-18T21:17:31.494+0000] {dag.py:3722} INFO - Setting next_dagrun for example_sensors to None, run_after=None
[2023-12-18T21:17:31.508+0000] {processor.py:179} INFO - Processing /home/airflow/.local/lib/python3.8/site-packages/airflow/example_dags/example_sensors.py took 0.057 seconds
[2023-12-18T21:18:01.743+0000] {processor.py:157} INFO - Started process (PID=1991) to work on /home/airflow/.local/lib/python3.8/site-packages/airflow/example_dags/example_sensors.py
[2023-12-18T21:18:01.744+0000] {processor.py:829} INFO - Processing file /home/airflow/.local/lib/python3.8/site-packages/airflow/example_dags/example_sensors.py for tasks to queue
[2023-12-18T21:18:01.745+0000] {logging_mixin.py:154} INFO - [2023-12-18T21:18:01.745+0000] {dagbag.py:536} INFO - Filling up the DagBag from /home/airflow/.local/lib/python3.8/site-packages/airflow/example_dags/example_sensors.py
[2023-12-18T21:18:01.752+0000] {processor.py:839} INFO - DAG(s) dict_keys(['example_sensors']) retrieved from /home/airflow/.local/lib/python3.8/site-packages/airflow/example_dags/example_sensors.py
[2023-12-18T21:18:01.773+0000] {logging_mixin.py:154} INFO - [2023-12-18T21:18:01.773+0000] {dag.py:2941} INFO - Sync 1 DAGs
[2023-12-18T21:18:01.783+0000] {logging_mixin.py:154} INFO - [2023-12-18T21:18:01.783+0000] {dag.py:3722} INFO - Setting next_dagrun for example_sensors to None, run_after=None
[2023-12-18T21:18:01.798+0000] {processor.py:179} INFO - Processing /home/airflow/.local/lib/python3.8/site-packages/airflow/example_dags/example_sensors.py took 0.057 seconds
[2023-12-18T21:18:32.889+0000] {processor.py:157} INFO - Started process (PID=2045) to work on /home/airflow/.local/lib/python3.8/site-packages/airflow/example_dags/example_sensors.py
[2023-12-18T21:18:32.890+0000] {processor.py:829} INFO - Processing file /home/airflow/.local/lib/python3.8/site-packages/airflow/example_dags/example_sensors.py for tasks to queue
[2023-12-18T21:18:32.891+0000] {logging_mixin.py:154} INFO - [2023-12-18T21:18:32.891+0000] {dagbag.py:536} INFO - Filling up the DagBag from /home/airflow/.local/lib/python3.8/site-packages/airflow/example_dags/example_sensors.py
[2023-12-18T21:18:32.898+0000] {processor.py:839} INFO - DAG(s) dict_keys(['example_sensors']) retrieved from /home/airflow/.local/lib/python3.8/site-packages/airflow/example_dags/example_sensors.py
[2023-12-18T21:18:32.920+0000] {logging_mixin.py:154} INFO - [2023-12-18T21:18:32.920+0000] {dag.py:2941} INFO - Sync 1 DAGs
[2023-12-18T21:18:33.073+0000] {logging_mixin.py:154} INFO - [2023-12-18T21:18:33.072+0000] {dag.py:3722} INFO - Setting next_dagrun for example_sensors to None, run_after=None
[2023-12-18T21:18:33.087+0000] {processor.py:179} INFO - Processing /home/airflow/.local/lib/python3.8/site-packages/airflow/example_dags/example_sensors.py took 0.201 seconds
[2023-12-18T21:19:03.206+0000] {processor.py:157} INFO - Started process (PID=2099) to work on /home/airflow/.local/lib/python3.8/site-packages/airflow/example_dags/example_sensors.py
[2023-12-18T21:19:03.207+0000] {processor.py:829} INFO - Processing file /home/airflow/.local/lib/python3.8/site-packages/airflow/example_dags/example_sensors.py for tasks to queue
[2023-12-18T21:19:03.208+0000] {logging_mixin.py:154} INFO - [2023-12-18T21:19:03.208+0000] {dagbag.py:536} INFO - Filling up the DagBag from /home/airflow/.local/lib/python3.8/site-packages/airflow/example_dags/example_sensors.py
[2023-12-18T21:19:03.214+0000] {processor.py:839} INFO - DAG(s) dict_keys(['example_sensors']) retrieved from /home/airflow/.local/lib/python3.8/site-packages/airflow/example_dags/example_sensors.py
[2023-12-18T21:19:03.233+0000] {logging_mixin.py:154} INFO - [2023-12-18T21:19:03.233+0000] {dag.py:2941} INFO - Sync 1 DAGs
[2023-12-18T21:19:03.243+0000] {logging_mixin.py:154} INFO - [2023-12-18T21:19:03.243+0000] {dag.py:3722} INFO - Setting next_dagrun for example_sensors to None, run_after=None
[2023-12-18T21:19:03.259+0000] {processor.py:179} INFO - Processing /home/airflow/.local/lib/python3.8/site-packages/airflow/example_dags/example_sensors.py took 0.055 seconds
[2023-12-18T21:19:33.678+0000] {processor.py:157} INFO - Started process (PID=2153) to work on /home/airflow/.local/lib/python3.8/site-packages/airflow/example_dags/example_sensors.py
[2023-12-18T21:19:33.679+0000] {processor.py:829} INFO - Processing file /home/airflow/.local/lib/python3.8/site-packages/airflow/example_dags/example_sensors.py for tasks to queue
[2023-12-18T21:19:33.680+0000] {logging_mixin.py:154} INFO - [2023-12-18T21:19:33.680+0000] {dagbag.py:536} INFO - Filling up the DagBag from /home/airflow/.local/lib/python3.8/site-packages/airflow/example_dags/example_sensors.py
[2023-12-18T21:19:33.687+0000] {processor.py:839} INFO - DAG(s) dict_keys(['example_sensors']) retrieved from /home/airflow/.local/lib/python3.8/site-packages/airflow/example_dags/example_sensors.py
[2023-12-18T21:19:33.706+0000] {logging_mixin.py:154} INFO - [2023-12-18T21:19:33.706+0000] {dag.py:2941} INFO - Sync 1 DAGs
[2023-12-18T21:19:33.716+0000] {logging_mixin.py:154} INFO - [2023-12-18T21:19:33.716+0000] {dag.py:3722} INFO - Setting next_dagrun for example_sensors to None, run_after=None
[2023-12-18T21:19:33.733+0000] {processor.py:179} INFO - Processing /home/airflow/.local/lib/python3.8/site-packages/airflow/example_dags/example_sensors.py took 0.057 seconds
[2023-12-18T21:20:04.252+0000] {processor.py:157} INFO - Started process (PID=2207) to work on /home/airflow/.local/lib/python3.8/site-packages/airflow/example_dags/example_sensors.py
[2023-12-18T21:20:04.253+0000] {processor.py:829} INFO - Processing file /home/airflow/.local/lib/python3.8/site-packages/airflow/example_dags/example_sensors.py for tasks to queue
[2023-12-18T21:20:04.255+0000] {logging_mixin.py:154} INFO - [2023-12-18T21:20:04.255+0000] {dagbag.py:536} INFO - Filling up the DagBag from /home/airflow/.local/lib/python3.8/site-packages/airflow/example_dags/example_sensors.py
[2023-12-18T21:20:04.261+0000] {processor.py:839} INFO - DAG(s) dict_keys(['example_sensors']) retrieved from /home/airflow/.local/lib/python3.8/site-packages/airflow/example_dags/example_sensors.py
[2023-12-18T21:20:04.282+0000] {logging_mixin.py:154} INFO - [2023-12-18T21:20:04.281+0000] {dag.py:2941} INFO - Sync 1 DAGs
[2023-12-18T21:20:04.292+0000] {logging_mixin.py:154} INFO - [2023-12-18T21:20:04.292+0000] {dag.py:3722} INFO - Setting next_dagrun for example_sensors to None, run_after=None
[2023-12-18T21:20:04.307+0000] {processor.py:179} INFO - Processing /home/airflow/.local/lib/python3.8/site-packages/airflow/example_dags/example_sensors.py took 0.057 seconds
[2023-12-18T21:20:35.479+0000] {processor.py:157} INFO - Started process (PID=2261) to work on /home/airflow/.local/lib/python3.8/site-packages/airflow/example_dags/example_sensors.py
[2023-12-18T21:20:35.479+0000] {processor.py:829} INFO - Processing file /home/airflow/.local/lib/python3.8/site-packages/airflow/example_dags/example_sensors.py for tasks to queue
[2023-12-18T21:20:35.481+0000] {logging_mixin.py:154} INFO - [2023-12-18T21:20:35.481+0000] {dagbag.py:536} INFO - Filling up the DagBag from /home/airflow/.local/lib/python3.8/site-packages/airflow/example_dags/example_sensors.py
[2023-12-18T21:20:35.488+0000] {processor.py:839} INFO - DAG(s) dict_keys(['example_sensors']) retrieved from /home/airflow/.local/lib/python3.8/site-packages/airflow/example_dags/example_sensors.py
[2023-12-18T21:20:35.507+0000] {logging_mixin.py:154} INFO - [2023-12-18T21:20:35.507+0000] {dag.py:2941} INFO - Sync 1 DAGs
[2023-12-18T21:20:35.647+0000] {logging_mixin.py:154} INFO - [2023-12-18T21:20:35.647+0000] {dag.py:3722} INFO - Setting next_dagrun for example_sensors to None, run_after=None
[2023-12-18T21:20:35.661+0000] {processor.py:179} INFO - Processing /home/airflow/.local/lib/python3.8/site-packages/airflow/example_dags/example_sensors.py took 0.185 seconds
[2023-12-18T21:21:05.882+0000] {processor.py:157} INFO - Started process (PID=2315) to work on /home/airflow/.local/lib/python3.8/site-packages/airflow/example_dags/example_sensors.py
[2023-12-18T21:21:05.883+0000] {processor.py:829} INFO - Processing file /home/airflow/.local/lib/python3.8/site-packages/airflow/example_dags/example_sensors.py for tasks to queue
[2023-12-18T21:21:05.884+0000] {logging_mixin.py:154} INFO - [2023-12-18T21:21:05.884+0000] {dagbag.py:536} INFO - Filling up the DagBag from /home/airflow/.local/lib/python3.8/site-packages/airflow/example_dags/example_sensors.py
[2023-12-18T21:21:05.891+0000] {processor.py:839} INFO - DAG(s) dict_keys(['example_sensors']) retrieved from /home/airflow/.local/lib/python3.8/site-packages/airflow/example_dags/example_sensors.py
[2023-12-18T21:21:05.911+0000] {logging_mixin.py:154} INFO - [2023-12-18T21:21:05.911+0000] {dag.py:2941} INFO - Sync 1 DAGs
[2023-12-18T21:21:05.924+0000] {logging_mixin.py:154} INFO - [2023-12-18T21:21:05.923+0000] {dag.py:3722} INFO - Setting next_dagrun for example_sensors to None, run_after=None
[2023-12-18T21:21:05.941+0000] {processor.py:179} INFO - Processing /home/airflow/.local/lib/python3.8/site-packages/airflow/example_dags/example_sensors.py took 0.061 seconds
[2023-12-18T21:21:36.558+0000] {processor.py:157} INFO - Started process (PID=2369) to work on /home/airflow/.local/lib/python3.8/site-packages/airflow/example_dags/example_sensors.py
[2023-12-18T21:21:36.559+0000] {processor.py:829} INFO - Processing file /home/airflow/.local/lib/python3.8/site-packages/airflow/example_dags/example_sensors.py for tasks to queue
[2023-12-18T21:21:36.560+0000] {logging_mixin.py:154} INFO - [2023-12-18T21:21:36.560+0000] {dagbag.py:536} INFO - Filling up the DagBag from /home/airflow/.local/lib/python3.8/site-packages/airflow/example_dags/example_sensors.py
[2023-12-18T21:21:36.567+0000] {processor.py:839} INFO - DAG(s) dict_keys(['example_sensors']) retrieved from /home/airflow/.local/lib/python3.8/site-packages/airflow/example_dags/example_sensors.py
[2023-12-18T21:21:36.588+0000] {logging_mixin.py:154} INFO - [2023-12-18T21:21:36.588+0000] {dag.py:2941} INFO - Sync 1 DAGs
[2023-12-18T21:21:36.598+0000] {logging_mixin.py:154} INFO - [2023-12-18T21:21:36.598+0000] {dag.py:3722} INFO - Setting next_dagrun for example_sensors to None, run_after=None
[2023-12-18T21:21:36.613+0000] {processor.py:179} INFO - Processing /home/airflow/.local/lib/python3.8/site-packages/airflow/example_dags/example_sensors.py took 0.057 seconds
[2023-12-18T21:22:07.987+0000] {processor.py:157} INFO - Started process (PID=2424) to work on /home/airflow/.local/lib/python3.8/site-packages/airflow/example_dags/example_sensors.py
[2023-12-18T21:22:07.988+0000] {processor.py:829} INFO - Processing file /home/airflow/.local/lib/python3.8/site-packages/airflow/example_dags/example_sensors.py for tasks to queue
[2023-12-18T21:22:07.990+0000] {logging_mixin.py:154} INFO - [2023-12-18T21:22:07.990+0000] {dagbag.py:536} INFO - Filling up the DagBag from /home/airflow/.local/lib/python3.8/site-packages/airflow/example_dags/example_sensors.py
[2023-12-18T21:22:08.148+0000] {processor.py:839} INFO - DAG(s) dict_keys(['example_sensors']) retrieved from /home/airflow/.local/lib/python3.8/site-packages/airflow/example_dags/example_sensors.py
[2023-12-18T21:22:08.169+0000] {logging_mixin.py:154} INFO - [2023-12-18T21:22:08.169+0000] {dag.py:2941} INFO - Sync 1 DAGs
[2023-12-18T21:22:08.180+0000] {logging_mixin.py:154} INFO - [2023-12-18T21:22:08.179+0000] {dag.py:3722} INFO - Setting next_dagrun for example_sensors to None, run_after=None
[2023-12-18T21:22:08.197+0000] {processor.py:179} INFO - Processing /home/airflow/.local/lib/python3.8/site-packages/airflow/example_dags/example_sensors.py took 0.212 seconds
[2023-12-18T21:22:38.423+0000] {processor.py:157} INFO - Started process (PID=2478) to work on /home/airflow/.local/lib/python3.8/site-packages/airflow/example_dags/example_sensors.py
[2023-12-18T21:22:38.424+0000] {processor.py:829} INFO - Processing file /home/airflow/.local/lib/python3.8/site-packages/airflow/example_dags/example_sensors.py for tasks to queue
[2023-12-18T21:22:38.426+0000] {logging_mixin.py:154} INFO - [2023-12-18T21:22:38.426+0000] {dagbag.py:536} INFO - Filling up the DagBag from /home/airflow/.local/lib/python3.8/site-packages/airflow/example_dags/example_sensors.py
[2023-12-18T21:22:38.433+0000] {processor.py:839} INFO - DAG(s) dict_keys(['example_sensors']) retrieved from /home/airflow/.local/lib/python3.8/site-packages/airflow/example_dags/example_sensors.py
[2023-12-18T21:22:38.457+0000] {logging_mixin.py:154} INFO - [2023-12-18T21:22:38.457+0000] {dag.py:2941} INFO - Sync 1 DAGs
[2023-12-18T21:22:38.469+0000] {logging_mixin.py:154} INFO - [2023-12-18T21:22:38.469+0000] {dag.py:3722} INFO - Setting next_dagrun for example_sensors to None, run_after=None
[2023-12-18T21:22:38.486+0000] {processor.py:179} INFO - Processing /home/airflow/.local/lib/python3.8/site-packages/airflow/example_dags/example_sensors.py took 0.066 seconds
[2023-12-18T21:23:08.740+0000] {processor.py:157} INFO - Started process (PID=2532) to work on /home/airflow/.local/lib/python3.8/site-packages/airflow/example_dags/example_sensors.py
[2023-12-18T21:23:08.741+0000] {processor.py:829} INFO - Processing file /home/airflow/.local/lib/python3.8/site-packages/airflow/example_dags/example_sensors.py for tasks to queue
[2023-12-18T21:23:08.742+0000] {logging_mixin.py:154} INFO - [2023-12-18T21:23:08.742+0000] {dagbag.py:536} INFO - Filling up the DagBag from /home/airflow/.local/lib/python3.8/site-packages/airflow/example_dags/example_sensors.py
[2023-12-18T21:23:08.749+0000] {processor.py:839} INFO - DAG(s) dict_keys(['example_sensors']) retrieved from /home/airflow/.local/lib/python3.8/site-packages/airflow/example_dags/example_sensors.py
[2023-12-18T21:23:08.770+0000] {logging_mixin.py:154} INFO - [2023-12-18T21:23:08.769+0000] {dag.py:2941} INFO - Sync 1 DAGs
[2023-12-18T21:23:08.781+0000] {logging_mixin.py:154} INFO - [2023-12-18T21:23:08.781+0000] {dag.py:3722} INFO - Setting next_dagrun for example_sensors to None, run_after=None
[2023-12-18T21:23:08.797+0000] {processor.py:179} INFO - Processing /home/airflow/.local/lib/python3.8/site-packages/airflow/example_dags/example_sensors.py took 0.059 seconds
[2023-12-18T21:23:39.110+0000] {processor.py:157} INFO - Started process (PID=2586) to work on /home/airflow/.local/lib/python3.8/site-packages/airflow/example_dags/example_sensors.py
[2023-12-18T21:23:39.110+0000] {processor.py:829} INFO - Processing file /home/airflow/.local/lib/python3.8/site-packages/airflow/example_dags/example_sensors.py for tasks to queue
[2023-12-18T21:23:39.112+0000] {logging_mixin.py:154} INFO - [2023-12-18T21:23:39.112+0000] {dagbag.py:536} INFO - Filling up the DagBag from /home/airflow/.local/lib/python3.8/site-packages/airflow/example_dags/example_sensors.py
[2023-12-18T21:23:39.119+0000] {processor.py:839} INFO - DAG(s) dict_keys(['example_sensors']) retrieved from /home/airflow/.local/lib/python3.8/site-packages/airflow/example_dags/example_sensors.py
[2023-12-18T21:23:39.143+0000] {logging_mixin.py:154} INFO - [2023-12-18T21:23:39.143+0000] {dag.py:2941} INFO - Sync 1 DAGs
[2023-12-18T21:23:39.157+0000] {logging_mixin.py:154} INFO - [2023-12-18T21:23:39.157+0000] {dag.py:3722} INFO - Setting next_dagrun for example_sensors to None, run_after=None
[2023-12-18T21:23:39.181+0000] {processor.py:179} INFO - Processing /home/airflow/.local/lib/python3.8/site-packages/airflow/example_dags/example_sensors.py took 0.074 seconds
[2023-12-18T21:24:09.586+0000] {processor.py:157} INFO - Started process (PID=2640) to work on /home/airflow/.local/lib/python3.8/site-packages/airflow/example_dags/example_sensors.py
[2023-12-18T21:24:09.587+0000] {processor.py:829} INFO - Processing file /home/airflow/.local/lib/python3.8/site-packages/airflow/example_dags/example_sensors.py for tasks to queue
[2023-12-18T21:24:09.588+0000] {logging_mixin.py:154} INFO - [2023-12-18T21:24:09.588+0000] {dagbag.py:536} INFO - Filling up the DagBag from /home/airflow/.local/lib/python3.8/site-packages/airflow/example_dags/example_sensors.py
[2023-12-18T21:24:09.597+0000] {processor.py:839} INFO - DAG(s) dict_keys(['example_sensors']) retrieved from /home/airflow/.local/lib/python3.8/site-packages/airflow/example_dags/example_sensors.py
[2023-12-18T21:24:09.618+0000] {logging_mixin.py:154} INFO - [2023-12-18T21:24:09.618+0000] {dag.py:2941} INFO - Sync 1 DAGs
[2023-12-18T21:24:09.631+0000] {logging_mixin.py:154} INFO - [2023-12-18T21:24:09.631+0000] {dag.py:3722} INFO - Setting next_dagrun for example_sensors to None, run_after=None
[2023-12-18T21:24:09.646+0000] {processor.py:179} INFO - Processing /home/airflow/.local/lib/python3.8/site-packages/airflow/example_dags/example_sensors.py took 0.063 seconds
[2023-12-18T21:24:39.779+0000] {processor.py:157} INFO - Started process (PID=2694) to work on /home/airflow/.local/lib/python3.8/site-packages/airflow/example_dags/example_sensors.py
[2023-12-18T21:24:39.780+0000] {processor.py:829} INFO - Processing file /home/airflow/.local/lib/python3.8/site-packages/airflow/example_dags/example_sensors.py for tasks to queue
[2023-12-18T21:24:39.782+0000] {logging_mixin.py:154} INFO - [2023-12-18T21:24:39.782+0000] {dagbag.py:536} INFO - Filling up the DagBag from /home/airflow/.local/lib/python3.8/site-packages/airflow/example_dags/example_sensors.py
[2023-12-18T21:24:39.788+0000] {processor.py:839} INFO - DAG(s) dict_keys(['example_sensors']) retrieved from /home/airflow/.local/lib/python3.8/site-packages/airflow/example_dags/example_sensors.py
[2023-12-18T21:24:39.809+0000] {logging_mixin.py:154} INFO - [2023-12-18T21:24:39.809+0000] {dag.py:2941} INFO - Sync 1 DAGs
[2023-12-18T21:24:39.819+0000] {logging_mixin.py:154} INFO - [2023-12-18T21:24:39.819+0000] {dag.py:3722} INFO - Setting next_dagrun for example_sensors to None, run_after=None
[2023-12-18T21:24:39.834+0000] {processor.py:179} INFO - Processing /home/airflow/.local/lib/python3.8/site-packages/airflow/example_dags/example_sensors.py took 0.057 seconds
[2023-12-18T21:25:10.073+0000] {processor.py:157} INFO - Started process (PID=2748) to work on /home/airflow/.local/lib/python3.8/site-packages/airflow/example_dags/example_sensors.py
[2023-12-18T21:25:10.074+0000] {processor.py:829} INFO - Processing file /home/airflow/.local/lib/python3.8/site-packages/airflow/example_dags/example_sensors.py for tasks to queue
[2023-12-18T21:25:10.076+0000] {logging_mixin.py:154} INFO - [2023-12-18T21:25:10.076+0000] {dagbag.py:536} INFO - Filling up the DagBag from /home/airflow/.local/lib/python3.8/site-packages/airflow/example_dags/example_sensors.py
[2023-12-18T21:25:10.083+0000] {processor.py:839} INFO - DAG(s) dict_keys(['example_sensors']) retrieved from /home/airflow/.local/lib/python3.8/site-packages/airflow/example_dags/example_sensors.py
[2023-12-18T21:25:10.104+0000] {logging_mixin.py:154} INFO - [2023-12-18T21:25:10.103+0000] {dag.py:2941} INFO - Sync 1 DAGs
[2023-12-18T21:25:10.115+0000] {logging_mixin.py:154} INFO - [2023-12-18T21:25:10.115+0000] {dag.py:3722} INFO - Setting next_dagrun for example_sensors to None, run_after=None
[2023-12-18T21:25:10.132+0000] {processor.py:179} INFO - Processing /home/airflow/.local/lib/python3.8/site-packages/airflow/example_dags/example_sensors.py took 0.061 seconds
[2023-12-18T21:25:40.246+0000] {processor.py:157} INFO - Started process (PID=2802) to work on /home/airflow/.local/lib/python3.8/site-packages/airflow/example_dags/example_sensors.py
[2023-12-18T21:25:40.246+0000] {processor.py:829} INFO - Processing file /home/airflow/.local/lib/python3.8/site-packages/airflow/example_dags/example_sensors.py for tasks to queue
[2023-12-18T21:25:40.248+0000] {logging_mixin.py:154} INFO - [2023-12-18T21:25:40.248+0000] {dagbag.py:536} INFO - Filling up the DagBag from /home/airflow/.local/lib/python3.8/site-packages/airflow/example_dags/example_sensors.py
[2023-12-18T21:25:40.254+0000] {processor.py:839} INFO - DAG(s) dict_keys(['example_sensors']) retrieved from /home/airflow/.local/lib/python3.8/site-packages/airflow/example_dags/example_sensors.py
[2023-12-18T21:25:40.275+0000] {logging_mixin.py:154} INFO - [2023-12-18T21:25:40.275+0000] {dag.py:2941} INFO - Sync 1 DAGs
[2023-12-18T21:25:40.285+0000] {logging_mixin.py:154} INFO - [2023-12-18T21:25:40.285+0000] {dag.py:3722} INFO - Setting next_dagrun for example_sensors to None, run_after=None
[2023-12-18T21:25:40.299+0000] {processor.py:179} INFO - Processing /home/airflow/.local/lib/python3.8/site-packages/airflow/example_dags/example_sensors.py took 0.056 seconds
[2023-12-18T21:26:10.589+0000] {processor.py:157} INFO - Started process (PID=2856) to work on /home/airflow/.local/lib/python3.8/site-packages/airflow/example_dags/example_sensors.py
[2023-12-18T21:26:10.590+0000] {processor.py:829} INFO - Processing file /home/airflow/.local/lib/python3.8/site-packages/airflow/example_dags/example_sensors.py for tasks to queue
[2023-12-18T21:26:10.592+0000] {logging_mixin.py:154} INFO - [2023-12-18T21:26:10.591+0000] {dagbag.py:536} INFO - Filling up the DagBag from /home/airflow/.local/lib/python3.8/site-packages/airflow/example_dags/example_sensors.py
[2023-12-18T21:26:10.598+0000] {processor.py:839} INFO - DAG(s) dict_keys(['example_sensors']) retrieved from /home/airflow/.local/lib/python3.8/site-packages/airflow/example_dags/example_sensors.py
[2023-12-18T21:26:10.619+0000] {logging_mixin.py:154} INFO - [2023-12-18T21:26:10.619+0000] {dag.py:2941} INFO - Sync 1 DAGs
[2023-12-18T21:26:10.630+0000] {logging_mixin.py:154} INFO - [2023-12-18T21:26:10.630+0000] {dag.py:3722} INFO - Setting next_dagrun for example_sensors to None, run_after=None
[2023-12-18T21:26:10.644+0000] {processor.py:179} INFO - Processing /home/airflow/.local/lib/python3.8/site-packages/airflow/example_dags/example_sensors.py took 0.057 seconds
[2023-12-18T21:26:40.758+0000] {processor.py:157} INFO - Started process (PID=2910) to work on /home/airflow/.local/lib/python3.8/site-packages/airflow/example_dags/example_sensors.py
[2023-12-18T21:26:40.759+0000] {processor.py:829} INFO - Processing file /home/airflow/.local/lib/python3.8/site-packages/airflow/example_dags/example_sensors.py for tasks to queue
[2023-12-18T21:26:40.761+0000] {logging_mixin.py:154} INFO - [2023-12-18T21:26:40.760+0000] {dagbag.py:536} INFO - Filling up the DagBag from /home/airflow/.local/lib/python3.8/site-packages/airflow/example_dags/example_sensors.py
[2023-12-18T21:26:40.767+0000] {processor.py:839} INFO - DAG(s) dict_keys(['example_sensors']) retrieved from /home/airflow/.local/lib/python3.8/site-packages/airflow/example_dags/example_sensors.py
[2023-12-18T21:26:40.787+0000] {logging_mixin.py:154} INFO - [2023-12-18T21:26:40.787+0000] {dag.py:2941} INFO - Sync 1 DAGs
[2023-12-18T21:26:40.798+0000] {logging_mixin.py:154} INFO - [2023-12-18T21:26:40.797+0000] {dag.py:3722} INFO - Setting next_dagrun for example_sensors to None, run_after=None
[2023-12-18T21:26:40.813+0000] {processor.py:179} INFO - Processing /home/airflow/.local/lib/python3.8/site-packages/airflow/example_dags/example_sensors.py took 0.056 seconds
[2023-12-18T21:27:10.922+0000] {processor.py:157} INFO - Started process (PID=2964) to work on /home/airflow/.local/lib/python3.8/site-packages/airflow/example_dags/example_sensors.py
[2023-12-18T21:27:10.922+0000] {processor.py:829} INFO - Processing file /home/airflow/.local/lib/python3.8/site-packages/airflow/example_dags/example_sensors.py for tasks to queue
[2023-12-18T21:27:10.924+0000] {logging_mixin.py:154} INFO - [2023-12-18T21:27:10.924+0000] {dagbag.py:536} INFO - Filling up the DagBag from /home/airflow/.local/lib/python3.8/site-packages/airflow/example_dags/example_sensors.py
[2023-12-18T21:27:10.931+0000] {processor.py:839} INFO - DAG(s) dict_keys(['example_sensors']) retrieved from /home/airflow/.local/lib/python3.8/site-packages/airflow/example_dags/example_sensors.py
[2023-12-18T21:27:10.953+0000] {logging_mixin.py:154} INFO - [2023-12-18T21:27:10.953+0000] {dag.py:2941} INFO - Sync 1 DAGs
[2023-12-18T21:27:10.968+0000] {logging_mixin.py:154} INFO - [2023-12-18T21:27:10.968+0000] {dag.py:3722} INFO - Setting next_dagrun for example_sensors to None, run_after=None
[2023-12-18T21:27:10.986+0000] {processor.py:179} INFO - Processing /home/airflow/.local/lib/python3.8/site-packages/airflow/example_dags/example_sensors.py took 0.067 seconds
[2023-12-18T21:27:41.257+0000] {processor.py:157} INFO - Started process (PID=3018) to work on /home/airflow/.local/lib/python3.8/site-packages/airflow/example_dags/example_sensors.py
[2023-12-18T21:27:41.257+0000] {processor.py:829} INFO - Processing file /home/airflow/.local/lib/python3.8/site-packages/airflow/example_dags/example_sensors.py for tasks to queue
[2023-12-18T21:27:41.259+0000] {logging_mixin.py:154} INFO - [2023-12-18T21:27:41.259+0000] {dagbag.py:536} INFO - Filling up the DagBag from /home/airflow/.local/lib/python3.8/site-packages/airflow/example_dags/example_sensors.py
[2023-12-18T21:27:41.265+0000] {processor.py:839} INFO - DAG(s) dict_keys(['example_sensors']) retrieved from /home/airflow/.local/lib/python3.8/site-packages/airflow/example_dags/example_sensors.py
[2023-12-18T21:27:41.286+0000] {logging_mixin.py:154} INFO - [2023-12-18T21:27:41.285+0000] {dag.py:2941} INFO - Sync 1 DAGs
[2023-12-18T21:27:41.296+0000] {logging_mixin.py:154} INFO - [2023-12-18T21:27:41.296+0000] {dag.py:3722} INFO - Setting next_dagrun for example_sensors to None, run_after=None
[2023-12-18T21:27:41.312+0000] {processor.py:179} INFO - Processing /home/airflow/.local/lib/python3.8/site-packages/airflow/example_dags/example_sensors.py took 0.058 seconds
[2023-12-18T21:28:11.411+0000] {processor.py:157} INFO - Started process (PID=3072) to work on /home/airflow/.local/lib/python3.8/site-packages/airflow/example_dags/example_sensors.py
[2023-12-18T21:28:11.411+0000] {processor.py:829} INFO - Processing file /home/airflow/.local/lib/python3.8/site-packages/airflow/example_dags/example_sensors.py for tasks to queue
[2023-12-18T21:28:11.413+0000] {logging_mixin.py:154} INFO - [2023-12-18T21:28:11.413+0000] {dagbag.py:536} INFO - Filling up the DagBag from /home/airflow/.local/lib/python3.8/site-packages/airflow/example_dags/example_sensors.py
[2023-12-18T21:28:11.421+0000] {processor.py:839} INFO - DAG(s) dict_keys(['example_sensors']) retrieved from /home/airflow/.local/lib/python3.8/site-packages/airflow/example_dags/example_sensors.py
[2023-12-18T21:28:11.442+0000] {logging_mixin.py:154} INFO - [2023-12-18T21:28:11.441+0000] {dag.py:2941} INFO - Sync 1 DAGs
[2023-12-18T21:28:11.452+0000] {logging_mixin.py:154} INFO - [2023-12-18T21:28:11.452+0000] {dag.py:3722} INFO - Setting next_dagrun for example_sensors to None, run_after=None
[2023-12-18T21:28:11.468+0000] {processor.py:179} INFO - Processing /home/airflow/.local/lib/python3.8/site-packages/airflow/example_dags/example_sensors.py took 0.060 seconds
[2023-12-18T21:28:41.689+0000] {processor.py:157} INFO - Started process (PID=3126) to work on /home/airflow/.local/lib/python3.8/site-packages/airflow/example_dags/example_sensors.py
[2023-12-18T21:28:41.689+0000] {processor.py:829} INFO - Processing file /home/airflow/.local/lib/python3.8/site-packages/airflow/example_dags/example_sensors.py for tasks to queue
[2023-12-18T21:28:41.691+0000] {logging_mixin.py:154} INFO - [2023-12-18T21:28:41.691+0000] {dagbag.py:536} INFO - Filling up the DagBag from /home/airflow/.local/lib/python3.8/site-packages/airflow/example_dags/example_sensors.py
[2023-12-18T21:28:41.698+0000] {processor.py:839} INFO - DAG(s) dict_keys(['example_sensors']) retrieved from /home/airflow/.local/lib/python3.8/site-packages/airflow/example_dags/example_sensors.py
[2023-12-18T21:28:41.718+0000] {logging_mixin.py:154} INFO - [2023-12-18T21:28:41.718+0000] {dag.py:2941} INFO - Sync 1 DAGs
[2023-12-18T21:28:41.728+0000] {logging_mixin.py:154} INFO - [2023-12-18T21:28:41.728+0000] {dag.py:3722} INFO - Setting next_dagrun for example_sensors to None, run_after=None
[2023-12-18T21:28:41.742+0000] {processor.py:179} INFO - Processing /home/airflow/.local/lib/python3.8/site-packages/airflow/example_dags/example_sensors.py took 0.056 seconds
[2023-12-18T21:29:11.927+0000] {processor.py:157} INFO - Started process (PID=3180) to work on /home/airflow/.local/lib/python3.8/site-packages/airflow/example_dags/example_sensors.py
[2023-12-18T21:29:11.928+0000] {processor.py:829} INFO - Processing file /home/airflow/.local/lib/python3.8/site-packages/airflow/example_dags/example_sensors.py for tasks to queue
[2023-12-18T21:29:11.930+0000] {logging_mixin.py:154} INFO - [2023-12-18T21:29:11.930+0000] {dagbag.py:536} INFO - Filling up the DagBag from /home/airflow/.local/lib/python3.8/site-packages/airflow/example_dags/example_sensors.py
[2023-12-18T21:29:11.936+0000] {processor.py:839} INFO - DAG(s) dict_keys(['example_sensors']) retrieved from /home/airflow/.local/lib/python3.8/site-packages/airflow/example_dags/example_sensors.py
[2023-12-18T21:29:11.956+0000] {logging_mixin.py:154} INFO - [2023-12-18T21:29:11.956+0000] {dag.py:2941} INFO - Sync 1 DAGs
[2023-12-18T21:29:11.966+0000] {logging_mixin.py:154} INFO - [2023-12-18T21:29:11.966+0000] {dag.py:3722} INFO - Setting next_dagrun for example_sensors to None, run_after=None
[2023-12-18T21:29:11.982+0000] {processor.py:179} INFO - Processing /home/airflow/.local/lib/python3.8/site-packages/airflow/example_dags/example_sensors.py took 0.058 seconds
[2023-12-18T21:29:42.950+0000] {processor.py:157} INFO - Started process (PID=3241) to work on /home/airflow/.local/lib/python3.8/site-packages/airflow/example_dags/example_sensors.py
[2023-12-18T21:29:42.951+0000] {processor.py:829} INFO - Processing file /home/airflow/.local/lib/python3.8/site-packages/airflow/example_dags/example_sensors.py for tasks to queue
[2023-12-18T21:29:42.953+0000] {logging_mixin.py:154} INFO - [2023-12-18T21:29:42.953+0000] {dagbag.py:536} INFO - Filling up the DagBag from /home/airflow/.local/lib/python3.8/site-packages/airflow/example_dags/example_sensors.py
[2023-12-18T21:29:42.961+0000] {processor.py:839} INFO - DAG(s) dict_keys(['example_sensors']) retrieved from /home/airflow/.local/lib/python3.8/site-packages/airflow/example_dags/example_sensors.py
[2023-12-18T21:29:42.983+0000] {logging_mixin.py:154} INFO - [2023-12-18T21:29:42.982+0000] {dag.py:2941} INFO - Sync 1 DAGs
[2023-12-18T21:29:42.994+0000] {logging_mixin.py:154} INFO - [2023-12-18T21:29:42.993+0000] {dag.py:3722} INFO - Setting next_dagrun for example_sensors to None, run_after=None
[2023-12-18T21:29:43.009+0000] {processor.py:179} INFO - Processing /home/airflow/.local/lib/python3.8/site-packages/airflow/example_dags/example_sensors.py took 0.061 seconds
[2023-12-18T21:30:13.170+0000] {processor.py:157} INFO - Started process (PID=3296) to work on /home/airflow/.local/lib/python3.8/site-packages/airflow/example_dags/example_sensors.py
[2023-12-18T21:30:13.171+0000] {processor.py:829} INFO - Processing file /home/airflow/.local/lib/python3.8/site-packages/airflow/example_dags/example_sensors.py for tasks to queue
[2023-12-18T21:30:13.173+0000] {logging_mixin.py:154} INFO - [2023-12-18T21:30:13.173+0000] {dagbag.py:536} INFO - Filling up the DagBag from /home/airflow/.local/lib/python3.8/site-packages/airflow/example_dags/example_sensors.py
[2023-12-18T21:30:13.180+0000] {processor.py:839} INFO - DAG(s) dict_keys(['example_sensors']) retrieved from /home/airflow/.local/lib/python3.8/site-packages/airflow/example_dags/example_sensors.py
[2023-12-18T21:30:13.202+0000] {logging_mixin.py:154} INFO - [2023-12-18T21:30:13.202+0000] {dag.py:2941} INFO - Sync 1 DAGs
[2023-12-18T21:30:13.213+0000] {logging_mixin.py:154} INFO - [2023-12-18T21:30:13.213+0000] {dag.py:3722} INFO - Setting next_dagrun for example_sensors to None, run_after=None
[2023-12-18T21:30:13.228+0000] {processor.py:179} INFO - Processing /home/airflow/.local/lib/python3.8/site-packages/airflow/example_dags/example_sensors.py took 0.061 seconds
[2023-12-18T21:30:43.367+0000] {processor.py:157} INFO - Started process (PID=3350) to work on /home/airflow/.local/lib/python3.8/site-packages/airflow/example_dags/example_sensors.py
[2023-12-18T21:30:43.367+0000] {processor.py:829} INFO - Processing file /home/airflow/.local/lib/python3.8/site-packages/airflow/example_dags/example_sensors.py for tasks to queue
[2023-12-18T21:30:43.369+0000] {logging_mixin.py:154} INFO - [2023-12-18T21:30:43.369+0000] {dagbag.py:536} INFO - Filling up the DagBag from /home/airflow/.local/lib/python3.8/site-packages/airflow/example_dags/example_sensors.py
[2023-12-18T21:30:43.377+0000] {processor.py:839} INFO - DAG(s) dict_keys(['example_sensors']) retrieved from /home/airflow/.local/lib/python3.8/site-packages/airflow/example_dags/example_sensors.py
[2023-12-18T21:30:43.398+0000] {logging_mixin.py:154} INFO - [2023-12-18T21:30:43.397+0000] {dag.py:2941} INFO - Sync 1 DAGs
[2023-12-18T21:30:43.409+0000] {logging_mixin.py:154} INFO - [2023-12-18T21:30:43.408+0000] {dag.py:3722} INFO - Setting next_dagrun for example_sensors to None, run_after=None
[2023-12-18T21:30:43.424+0000] {processor.py:179} INFO - Processing /home/airflow/.local/lib/python3.8/site-packages/airflow/example_dags/example_sensors.py took 0.059 seconds
[2023-12-18T21:31:13.592+0000] {processor.py:157} INFO - Started process (PID=3404) to work on /home/airflow/.local/lib/python3.8/site-packages/airflow/example_dags/example_sensors.py
[2023-12-18T21:31:13.592+0000] {processor.py:829} INFO - Processing file /home/airflow/.local/lib/python3.8/site-packages/airflow/example_dags/example_sensors.py for tasks to queue
[2023-12-18T21:31:13.594+0000] {logging_mixin.py:154} INFO - [2023-12-18T21:31:13.594+0000] {dagbag.py:536} INFO - Filling up the DagBag from /home/airflow/.local/lib/python3.8/site-packages/airflow/example_dags/example_sensors.py
[2023-12-18T21:31:13.600+0000] {processor.py:839} INFO - DAG(s) dict_keys(['example_sensors']) retrieved from /home/airflow/.local/lib/python3.8/site-packages/airflow/example_dags/example_sensors.py
[2023-12-18T21:31:13.621+0000] {logging_mixin.py:154} INFO - [2023-12-18T21:31:13.621+0000] {dag.py:2941} INFO - Sync 1 DAGs
[2023-12-18T21:31:13.632+0000] {logging_mixin.py:154} INFO - [2023-12-18T21:31:13.632+0000] {dag.py:3722} INFO - Setting next_dagrun for example_sensors to None, run_after=None
[2023-12-18T21:31:13.648+0000] {processor.py:179} INFO - Processing /home/airflow/.local/lib/python3.8/site-packages/airflow/example_dags/example_sensors.py took 0.059 seconds
[2023-12-18T21:31:43.962+0000] {processor.py:157} INFO - Started process (PID=3458) to work on /home/airflow/.local/lib/python3.8/site-packages/airflow/example_dags/example_sensors.py
[2023-12-18T21:31:43.963+0000] {processor.py:829} INFO - Processing file /home/airflow/.local/lib/python3.8/site-packages/airflow/example_dags/example_sensors.py for tasks to queue
[2023-12-18T21:31:43.965+0000] {logging_mixin.py:154} INFO - [2023-12-18T21:31:43.964+0000] {dagbag.py:536} INFO - Filling up the DagBag from /home/airflow/.local/lib/python3.8/site-packages/airflow/example_dags/example_sensors.py
[2023-12-18T21:31:43.971+0000] {processor.py:839} INFO - DAG(s) dict_keys(['example_sensors']) retrieved from /home/airflow/.local/lib/python3.8/site-packages/airflow/example_dags/example_sensors.py
[2023-12-18T21:31:43.991+0000] {logging_mixin.py:154} INFO - [2023-12-18T21:31:43.991+0000] {dag.py:2941} INFO - Sync 1 DAGs
[2023-12-18T21:31:44.001+0000] {logging_mixin.py:154} INFO - [2023-12-18T21:31:44.001+0000] {dag.py:3722} INFO - Setting next_dagrun for example_sensors to None, run_after=None
[2023-12-18T21:31:44.016+0000] {processor.py:179} INFO - Processing /home/airflow/.local/lib/python3.8/site-packages/airflow/example_dags/example_sensors.py took 0.057 seconds
[2023-12-18T21:32:14.295+0000] {processor.py:157} INFO - Started process (PID=3512) to work on /home/airflow/.local/lib/python3.8/site-packages/airflow/example_dags/example_sensors.py
[2023-12-18T21:32:14.296+0000] {processor.py:829} INFO - Processing file /home/airflow/.local/lib/python3.8/site-packages/airflow/example_dags/example_sensors.py for tasks to queue
[2023-12-18T21:32:14.297+0000] {logging_mixin.py:154} INFO - [2023-12-18T21:32:14.297+0000] {dagbag.py:536} INFO - Filling up the DagBag from /home/airflow/.local/lib/python3.8/site-packages/airflow/example_dags/example_sensors.py
[2023-12-18T21:32:14.304+0000] {processor.py:839} INFO - DAG(s) dict_keys(['example_sensors']) retrieved from /home/airflow/.local/lib/python3.8/site-packages/airflow/example_dags/example_sensors.py
[2023-12-18T21:32:14.324+0000] {logging_mixin.py:154} INFO - [2023-12-18T21:32:14.324+0000] {dag.py:2941} INFO - Sync 1 DAGs
[2023-12-18T21:32:14.334+0000] {logging_mixin.py:154} INFO - [2023-12-18T21:32:14.333+0000] {dag.py:3722} INFO - Setting next_dagrun for example_sensors to None, run_after=None
[2023-12-18T21:32:14.350+0000] {processor.py:179} INFO - Processing /home/airflow/.local/lib/python3.8/site-packages/airflow/example_dags/example_sensors.py took 0.057 seconds
[2023-12-18T21:32:45.225+0000] {processor.py:157} INFO - Started process (PID=3566) to work on /home/airflow/.local/lib/python3.8/site-packages/airflow/example_dags/example_sensors.py
[2023-12-18T21:32:45.226+0000] {processor.py:829} INFO - Processing file /home/airflow/.local/lib/python3.8/site-packages/airflow/example_dags/example_sensors.py for tasks to queue
[2023-12-18T21:32:45.227+0000] {logging_mixin.py:154} INFO - [2023-12-18T21:32:45.227+0000] {dagbag.py:536} INFO - Filling up the DagBag from /home/airflow/.local/lib/python3.8/site-packages/airflow/example_dags/example_sensors.py
[2023-12-18T21:32:45.234+0000] {processor.py:839} INFO - DAG(s) dict_keys(['example_sensors']) retrieved from /home/airflow/.local/lib/python3.8/site-packages/airflow/example_dags/example_sensors.py
[2023-12-18T21:32:45.255+0000] {logging_mixin.py:154} INFO - [2023-12-18T21:32:45.255+0000] {dag.py:2941} INFO - Sync 1 DAGs
[2023-12-18T21:32:45.265+0000] {logging_mixin.py:154} INFO - [2023-12-18T21:32:45.265+0000] {dag.py:3722} INFO - Setting next_dagrun for example_sensors to None, run_after=None
[2023-12-18T21:32:45.293+0000] {processor.py:179} INFO - Processing /home/airflow/.local/lib/python3.8/site-packages/airflow/example_dags/example_sensors.py took 0.070 seconds
[2023-12-18T21:33:15.480+0000] {processor.py:157} INFO - Started process (PID=3620) to work on /home/airflow/.local/lib/python3.8/site-packages/airflow/example_dags/example_sensors.py
[2023-12-18T21:33:15.480+0000] {processor.py:829} INFO - Processing file /home/airflow/.local/lib/python3.8/site-packages/airflow/example_dags/example_sensors.py for tasks to queue
[2023-12-18T21:33:15.482+0000] {logging_mixin.py:154} INFO - [2023-12-18T21:33:15.482+0000] {dagbag.py:536} INFO - Filling up the DagBag from /home/airflow/.local/lib/python3.8/site-packages/airflow/example_dags/example_sensors.py
[2023-12-18T21:33:15.491+0000] {processor.py:839} INFO - DAG(s) dict_keys(['example_sensors']) retrieved from /home/airflow/.local/lib/python3.8/site-packages/airflow/example_dags/example_sensors.py
[2023-12-18T21:33:15.527+0000] {logging_mixin.py:154} INFO - [2023-12-18T21:33:15.526+0000] {dag.py:2941} INFO - Sync 1 DAGs
[2023-12-18T21:33:15.545+0000] {logging_mixin.py:154} INFO - [2023-12-18T21:33:15.545+0000] {dag.py:3722} INFO - Setting next_dagrun for example_sensors to None, run_after=None
[2023-12-18T21:33:15.564+0000] {processor.py:179} INFO - Processing /home/airflow/.local/lib/python3.8/site-packages/airflow/example_dags/example_sensors.py took 0.087 seconds
[2023-12-18T21:33:45.661+0000] {processor.py:157} INFO - Started process (PID=3674) to work on /home/airflow/.local/lib/python3.8/site-packages/airflow/example_dags/example_sensors.py
[2023-12-18T21:33:45.661+0000] {processor.py:829} INFO - Processing file /home/airflow/.local/lib/python3.8/site-packages/airflow/example_dags/example_sensors.py for tasks to queue
[2023-12-18T21:33:45.663+0000] {logging_mixin.py:154} INFO - [2023-12-18T21:33:45.663+0000] {dagbag.py:536} INFO - Filling up the DagBag from /home/airflow/.local/lib/python3.8/site-packages/airflow/example_dags/example_sensors.py
[2023-12-18T21:33:45.669+0000] {processor.py:839} INFO - DAG(s) dict_keys(['example_sensors']) retrieved from /home/airflow/.local/lib/python3.8/site-packages/airflow/example_dags/example_sensors.py
[2023-12-18T21:33:45.689+0000] {logging_mixin.py:154} INFO - [2023-12-18T21:33:45.689+0000] {dag.py:2941} INFO - Sync 1 DAGs
[2023-12-18T21:33:45.700+0000] {logging_mixin.py:154} INFO - [2023-12-18T21:33:45.700+0000] {dag.py:3722} INFO - Setting next_dagrun for example_sensors to None, run_after=None
[2023-12-18T21:33:45.728+0000] {processor.py:179} INFO - Processing /home/airflow/.local/lib/python3.8/site-packages/airflow/example_dags/example_sensors.py took 0.069 seconds
[2023-12-18T21:34:15.877+0000] {processor.py:157} INFO - Started process (PID=3728) to work on /home/airflow/.local/lib/python3.8/site-packages/airflow/example_dags/example_sensors.py
[2023-12-18T21:34:15.878+0000] {processor.py:829} INFO - Processing file /home/airflow/.local/lib/python3.8/site-packages/airflow/example_dags/example_sensors.py for tasks to queue
[2023-12-18T21:34:15.879+0000] {logging_mixin.py:154} INFO - [2023-12-18T21:34:15.879+0000] {dagbag.py:536} INFO - Filling up the DagBag from /home/airflow/.local/lib/python3.8/site-packages/airflow/example_dags/example_sensors.py
[2023-12-18T21:34:15.887+0000] {processor.py:839} INFO - DAG(s) dict_keys(['example_sensors']) retrieved from /home/airflow/.local/lib/python3.8/site-packages/airflow/example_dags/example_sensors.py
[2023-12-18T21:34:15.911+0000] {logging_mixin.py:154} INFO - [2023-12-18T21:34:15.911+0000] {dag.py:2941} INFO - Sync 1 DAGs
[2023-12-18T21:34:15.922+0000] {logging_mixin.py:154} INFO - [2023-12-18T21:34:15.922+0000] {dag.py:3722} INFO - Setting next_dagrun for example_sensors to None, run_after=None
[2023-12-18T21:34:15.939+0000] {processor.py:179} INFO - Processing /home/airflow/.local/lib/python3.8/site-packages/airflow/example_dags/example_sensors.py took 0.065 seconds
[2023-12-18T21:34:46.062+0000] {processor.py:157} INFO - Started process (PID=3782) to work on /home/airflow/.local/lib/python3.8/site-packages/airflow/example_dags/example_sensors.py
[2023-12-18T21:34:46.062+0000] {processor.py:829} INFO - Processing file /home/airflow/.local/lib/python3.8/site-packages/airflow/example_dags/example_sensors.py for tasks to queue
[2023-12-18T21:34:46.064+0000] {logging_mixin.py:154} INFO - [2023-12-18T21:34:46.064+0000] {dagbag.py:536} INFO - Filling up the DagBag from /home/airflow/.local/lib/python3.8/site-packages/airflow/example_dags/example_sensors.py
[2023-12-18T21:34:46.071+0000] {processor.py:839} INFO - DAG(s) dict_keys(['example_sensors']) retrieved from /home/airflow/.local/lib/python3.8/site-packages/airflow/example_dags/example_sensors.py
[2023-12-18T21:34:46.090+0000] {logging_mixin.py:154} INFO - [2023-12-18T21:34:46.090+0000] {dag.py:2941} INFO - Sync 1 DAGs
[2023-12-18T21:34:46.101+0000] {logging_mixin.py:154} INFO - [2023-12-18T21:34:46.100+0000] {dag.py:3722} INFO - Setting next_dagrun for example_sensors to None, run_after=None
[2023-12-18T21:34:46.126+0000] {processor.py:179} INFO - Processing /home/airflow/.local/lib/python3.8/site-packages/airflow/example_dags/example_sensors.py took 0.067 seconds
[2023-12-18T21:35:16.406+0000] {processor.py:157} INFO - Started process (PID=3836) to work on /home/airflow/.local/lib/python3.8/site-packages/airflow/example_dags/example_sensors.py
[2023-12-18T21:35:16.407+0000] {processor.py:829} INFO - Processing file /home/airflow/.local/lib/python3.8/site-packages/airflow/example_dags/example_sensors.py for tasks to queue
[2023-12-18T21:35:16.408+0000] {logging_mixin.py:154} INFO - [2023-12-18T21:35:16.408+0000] {dagbag.py:536} INFO - Filling up the DagBag from /home/airflow/.local/lib/python3.8/site-packages/airflow/example_dags/example_sensors.py
[2023-12-18T21:35:16.415+0000] {processor.py:839} INFO - DAG(s) dict_keys(['example_sensors']) retrieved from /home/airflow/.local/lib/python3.8/site-packages/airflow/example_dags/example_sensors.py
[2023-12-18T21:35:16.436+0000] {logging_mixin.py:154} INFO - [2023-12-18T21:35:16.436+0000] {dag.py:2941} INFO - Sync 1 DAGs
[2023-12-18T21:35:16.447+0000] {logging_mixin.py:154} INFO - [2023-12-18T21:35:16.447+0000] {dag.py:3722} INFO - Setting next_dagrun for example_sensors to None, run_after=None
[2023-12-18T21:35:16.463+0000] {processor.py:179} INFO - Processing /home/airflow/.local/lib/python3.8/site-packages/airflow/example_dags/example_sensors.py took 0.060 seconds
[2023-12-18T21:35:46.657+0000] {processor.py:157} INFO - Started process (PID=3890) to work on /home/airflow/.local/lib/python3.8/site-packages/airflow/example_dags/example_sensors.py
[2023-12-18T21:35:46.658+0000] {processor.py:829} INFO - Processing file /home/airflow/.local/lib/python3.8/site-packages/airflow/example_dags/example_sensors.py for tasks to queue
[2023-12-18T21:35:46.659+0000] {logging_mixin.py:154} INFO - [2023-12-18T21:35:46.659+0000] {dagbag.py:536} INFO - Filling up the DagBag from /home/airflow/.local/lib/python3.8/site-packages/airflow/example_dags/example_sensors.py
[2023-12-18T21:35:46.666+0000] {processor.py:839} INFO - DAG(s) dict_keys(['example_sensors']) retrieved from /home/airflow/.local/lib/python3.8/site-packages/airflow/example_dags/example_sensors.py
[2023-12-18T21:35:46.689+0000] {logging_mixin.py:154} INFO - [2023-12-18T21:35:46.689+0000] {dag.py:2941} INFO - Sync 1 DAGs
[2023-12-18T21:35:46.701+0000] {logging_mixin.py:154} INFO - [2023-12-18T21:35:46.701+0000] {dag.py:3722} INFO - Setting next_dagrun for example_sensors to None, run_after=None
[2023-12-18T21:35:46.730+0000] {processor.py:179} INFO - Processing /home/airflow/.local/lib/python3.8/site-packages/airflow/example_dags/example_sensors.py took 0.075 seconds
