[2023-12-18T20:56:08.750+0000] {processor.py:157} INFO - Started process (PID=47) to work on /home/airflow/.local/lib/python3.8/site-packages/airflow/example_dags/example_dag_decorator.py
[2023-12-18T20:56:08.752+0000] {processor.py:829} INFO - Processing file /home/airflow/.local/lib/python3.8/site-packages/airflow/example_dags/example_dag_decorator.py for tasks to queue
[2023-12-18T20:56:08.760+0000] {logging_mixin.py:154} INFO - [2023-12-18T20:56:08.760+0000] {dagbag.py:536} INFO - Filling up the DagBag from /home/airflow/.local/lib/python3.8/site-packages/airflow/example_dags/example_dag_decorator.py
[2023-12-18T20:56:09.115+0000] {processor.py:839} INFO - DAG(s) dict_keys(['example_dag_decorator']) retrieved from /home/airflow/.local/lib/python3.8/site-packages/airflow/example_dags/example_dag_decorator.py
[2023-12-18T20:56:10.141+0000] {logging_mixin.py:154} INFO - [2023-12-18T20:56:10.140+0000] {process_utils.py:259} INFO - Waiting up to 5 seconds for processes to exit...
[2023-12-18T20:56:35.183+0000] {processor.py:157} INFO - Started process (PID=40) to work on /home/airflow/.local/lib/python3.8/site-packages/airflow/example_dags/example_dag_decorator.py
[2023-12-18T20:56:35.185+0000] {processor.py:829} INFO - Processing file /home/airflow/.local/lib/python3.8/site-packages/airflow/example_dags/example_dag_decorator.py for tasks to queue
[2023-12-18T20:56:35.188+0000] {logging_mixin.py:154} INFO - [2023-12-18T20:56:35.188+0000] {dagbag.py:536} INFO - Filling up the DagBag from /home/airflow/.local/lib/python3.8/site-packages/airflow/example_dags/example_dag_decorator.py
[2023-12-18T20:56:35.361+0000] {processor.py:839} INFO - DAG(s) dict_keys(['example_dag_decorator']) retrieved from /home/airflow/.local/lib/python3.8/site-packages/airflow/example_dags/example_dag_decorator.py
[2023-12-18T20:56:35.811+0000] {logging_mixin.py:154} INFO - [2023-12-18T20:56:35.810+0000] {dag.py:2941} INFO - Sync 1 DAGs
[2023-12-18T20:56:35.839+0000] {logging_mixin.py:154} INFO - [2023-12-18T20:56:35.838+0000] {dag.py:3722} INFO - Setting next_dagrun for example_dag_decorator to None, run_after=None
[2023-12-18T20:56:35.891+0000] {processor.py:179} INFO - Processing /home/airflow/.local/lib/python3.8/site-packages/airflow/example_dags/example_dag_decorator.py took 0.712 seconds
[2023-12-18T20:57:06.477+0000] {processor.py:157} INFO - Started process (PID=94) to work on /home/airflow/.local/lib/python3.8/site-packages/airflow/example_dags/example_dag_decorator.py
[2023-12-18T20:57:06.478+0000] {processor.py:829} INFO - Processing file /home/airflow/.local/lib/python3.8/site-packages/airflow/example_dags/example_dag_decorator.py for tasks to queue
[2023-12-18T20:57:06.482+0000] {logging_mixin.py:154} INFO - [2023-12-18T20:57:06.482+0000] {dagbag.py:536} INFO - Filling up the DagBag from /home/airflow/.local/lib/python3.8/site-packages/airflow/example_dags/example_dag_decorator.py
[2023-12-18T20:57:06.667+0000] {processor.py:839} INFO - DAG(s) dict_keys(['example_dag_decorator']) retrieved from /home/airflow/.local/lib/python3.8/site-packages/airflow/example_dags/example_dag_decorator.py
[2023-12-18T20:57:06.947+0000] {logging_mixin.py:154} INFO - [2023-12-18T20:57:06.947+0000] {dag.py:2941} INFO - Sync 1 DAGs
[2023-12-18T20:57:06.979+0000] {logging_mixin.py:154} INFO - [2023-12-18T20:57:06.979+0000] {dag.py:3722} INFO - Setting next_dagrun for example_dag_decorator to None, run_after=None
[2023-12-18T20:57:07.028+0000] {processor.py:179} INFO - Processing /home/airflow/.local/lib/python3.8/site-packages/airflow/example_dags/example_dag_decorator.py took 0.556 seconds
[2023-12-18T20:57:37.094+0000] {processor.py:157} INFO - Started process (PID=149) to work on /home/airflow/.local/lib/python3.8/site-packages/airflow/example_dags/example_dag_decorator.py
[2023-12-18T20:57:37.095+0000] {processor.py:829} INFO - Processing file /home/airflow/.local/lib/python3.8/site-packages/airflow/example_dags/example_dag_decorator.py for tasks to queue
[2023-12-18T20:57:37.098+0000] {logging_mixin.py:154} INFO - [2023-12-18T20:57:37.098+0000] {dagbag.py:536} INFO - Filling up the DagBag from /home/airflow/.local/lib/python3.8/site-packages/airflow/example_dags/example_dag_decorator.py
[2023-12-18T20:57:37.243+0000] {processor.py:839} INFO - DAG(s) dict_keys(['example_dag_decorator']) retrieved from /home/airflow/.local/lib/python3.8/site-packages/airflow/example_dags/example_dag_decorator.py
[2023-12-18T20:57:37.475+0000] {logging_mixin.py:154} INFO - [2023-12-18T20:57:37.475+0000] {dag.py:2941} INFO - Sync 1 DAGs
[2023-12-18T20:57:37.497+0000] {logging_mixin.py:154} INFO - [2023-12-18T20:57:37.497+0000] {dag.py:3722} INFO - Setting next_dagrun for example_dag_decorator to None, run_after=None
[2023-12-18T20:57:37.539+0000] {processor.py:179} INFO - Processing /home/airflow/.local/lib/python3.8/site-packages/airflow/example_dags/example_dag_decorator.py took 0.450 seconds
[2023-12-18T20:58:07.623+0000] {processor.py:157} INFO - Started process (PID=204) to work on /home/airflow/.local/lib/python3.8/site-packages/airflow/example_dags/example_dag_decorator.py
[2023-12-18T20:58:07.625+0000] {processor.py:829} INFO - Processing file /home/airflow/.local/lib/python3.8/site-packages/airflow/example_dags/example_dag_decorator.py for tasks to queue
[2023-12-18T20:58:07.628+0000] {logging_mixin.py:154} INFO - [2023-12-18T20:58:07.627+0000] {dagbag.py:536} INFO - Filling up the DagBag from /home/airflow/.local/lib/python3.8/site-packages/airflow/example_dags/example_dag_decorator.py
[2023-12-18T20:58:07.763+0000] {processor.py:839} INFO - DAG(s) dict_keys(['example_dag_decorator']) retrieved from /home/airflow/.local/lib/python3.8/site-packages/airflow/example_dags/example_dag_decorator.py
[2023-12-18T20:58:07.985+0000] {logging_mixin.py:154} INFO - [2023-12-18T20:58:07.985+0000] {dag.py:2941} INFO - Sync 1 DAGs
[2023-12-18T20:58:08.009+0000] {logging_mixin.py:154} INFO - [2023-12-18T20:58:08.008+0000] {dag.py:3722} INFO - Setting next_dagrun for example_dag_decorator to None, run_after=None
[2023-12-18T20:58:08.046+0000] {processor.py:179} INFO - Processing /home/airflow/.local/lib/python3.8/site-packages/airflow/example_dags/example_dag_decorator.py took 0.428 seconds
[2023-12-18T20:58:38.141+0000] {processor.py:157} INFO - Started process (PID=256) to work on /home/airflow/.local/lib/python3.8/site-packages/airflow/example_dags/example_dag_decorator.py
[2023-12-18T20:58:38.143+0000] {processor.py:829} INFO - Processing file /home/airflow/.local/lib/python3.8/site-packages/airflow/example_dags/example_dag_decorator.py for tasks to queue
[2023-12-18T20:58:38.147+0000] {logging_mixin.py:154} INFO - [2023-12-18T20:58:38.146+0000] {dagbag.py:536} INFO - Filling up the DagBag from /home/airflow/.local/lib/python3.8/site-packages/airflow/example_dags/example_dag_decorator.py
[2023-12-18T20:58:38.302+0000] {processor.py:839} INFO - DAG(s) dict_keys(['example_dag_decorator']) retrieved from /home/airflow/.local/lib/python3.8/site-packages/airflow/example_dags/example_dag_decorator.py
[2023-12-18T20:58:38.541+0000] {logging_mixin.py:154} INFO - [2023-12-18T20:58:38.540+0000] {dag.py:2941} INFO - Sync 1 DAGs
[2023-12-18T20:58:38.568+0000] {logging_mixin.py:154} INFO - [2023-12-18T20:58:38.567+0000] {dag.py:3722} INFO - Setting next_dagrun for example_dag_decorator to None, run_after=None
[2023-12-18T20:58:38.608+0000] {processor.py:179} INFO - Processing /home/airflow/.local/lib/python3.8/site-packages/airflow/example_dags/example_dag_decorator.py took 0.472 seconds
[2023-12-18T20:59:08.821+0000] {processor.py:157} INFO - Started process (PID=311) to work on /home/airflow/.local/lib/python3.8/site-packages/airflow/example_dags/example_dag_decorator.py
[2023-12-18T20:59:08.825+0000] {processor.py:829} INFO - Processing file /home/airflow/.local/lib/python3.8/site-packages/airflow/example_dags/example_dag_decorator.py for tasks to queue
[2023-12-18T20:59:08.840+0000] {logging_mixin.py:154} INFO - [2023-12-18T20:59:08.840+0000] {dagbag.py:536} INFO - Filling up the DagBag from /home/airflow/.local/lib/python3.8/site-packages/airflow/example_dags/example_dag_decorator.py
[2023-12-18T20:59:09.150+0000] {processor.py:839} INFO - DAG(s) dict_keys(['example_dag_decorator']) retrieved from /home/airflow/.local/lib/python3.8/site-packages/airflow/example_dags/example_dag_decorator.py
[2023-12-18T20:59:09.307+0000] {logging_mixin.py:154} INFO - [2023-12-18T20:59:09.306+0000] {dag.py:2941} INFO - Sync 1 DAGs
[2023-12-18T20:59:09.378+0000] {logging_mixin.py:154} INFO - [2023-12-18T20:59:09.378+0000] {dag.py:3722} INFO - Setting next_dagrun for example_dag_decorator to None, run_after=None
[2023-12-18T20:59:09.475+0000] {processor.py:179} INFO - Processing /home/airflow/.local/lib/python3.8/site-packages/airflow/example_dags/example_dag_decorator.py took 0.660 seconds
[2023-12-18T20:59:39.714+0000] {processor.py:157} INFO - Started process (PID=366) to work on /home/airflow/.local/lib/python3.8/site-packages/airflow/example_dags/example_dag_decorator.py
[2023-12-18T20:59:39.715+0000] {processor.py:829} INFO - Processing file /home/airflow/.local/lib/python3.8/site-packages/airflow/example_dags/example_dag_decorator.py for tasks to queue
[2023-12-18T20:59:39.719+0000] {logging_mixin.py:154} INFO - [2023-12-18T20:59:39.718+0000] {dagbag.py:536} INFO - Filling up the DagBag from /home/airflow/.local/lib/python3.8/site-packages/airflow/example_dags/example_dag_decorator.py
[2023-12-18T20:59:39.856+0000] {processor.py:839} INFO - DAG(s) dict_keys(['example_dag_decorator']) retrieved from /home/airflow/.local/lib/python3.8/site-packages/airflow/example_dags/example_dag_decorator.py
[2023-12-18T20:59:40.056+0000] {logging_mixin.py:154} INFO - [2023-12-18T20:59:40.056+0000] {dag.py:2941} INFO - Sync 1 DAGs
[2023-12-18T20:59:40.077+0000] {logging_mixin.py:154} INFO - [2023-12-18T20:59:40.077+0000] {dag.py:3722} INFO - Setting next_dagrun for example_dag_decorator to None, run_after=None
[2023-12-18T20:59:40.157+0000] {processor.py:179} INFO - Processing /home/airflow/.local/lib/python3.8/site-packages/airflow/example_dags/example_dag_decorator.py took 0.449 seconds
[2023-12-18T21:00:10.968+0000] {processor.py:157} INFO - Started process (PID=420) to work on /home/airflow/.local/lib/python3.8/site-packages/airflow/example_dags/example_dag_decorator.py
[2023-12-18T21:00:10.970+0000] {processor.py:829} INFO - Processing file /home/airflow/.local/lib/python3.8/site-packages/airflow/example_dags/example_dag_decorator.py for tasks to queue
[2023-12-18T21:00:10.973+0000] {logging_mixin.py:154} INFO - [2023-12-18T21:00:10.973+0000] {dagbag.py:536} INFO - Filling up the DagBag from /home/airflow/.local/lib/python3.8/site-packages/airflow/example_dags/example_dag_decorator.py
[2023-12-18T21:00:11.130+0000] {processor.py:839} INFO - DAG(s) dict_keys(['example_dag_decorator']) retrieved from /home/airflow/.local/lib/python3.8/site-packages/airflow/example_dags/example_dag_decorator.py
[2023-12-18T21:00:11.180+0000] {logging_mixin.py:154} INFO - [2023-12-18T21:00:11.180+0000] {dag.py:2941} INFO - Sync 1 DAGs
[2023-12-18T21:00:11.205+0000] {logging_mixin.py:154} INFO - [2023-12-18T21:00:11.204+0000] {dag.py:3722} INFO - Setting next_dagrun for example_dag_decorator to None, run_after=None
[2023-12-18T21:00:11.241+0000] {processor.py:179} INFO - Processing /home/airflow/.local/lib/python3.8/site-packages/airflow/example_dags/example_dag_decorator.py took 0.279 seconds
[2023-12-18T21:00:41.415+0000] {processor.py:157} INFO - Started process (PID=475) to work on /home/airflow/.local/lib/python3.8/site-packages/airflow/example_dags/example_dag_decorator.py
[2023-12-18T21:00:41.417+0000] {processor.py:829} INFO - Processing file /home/airflow/.local/lib/python3.8/site-packages/airflow/example_dags/example_dag_decorator.py for tasks to queue
[2023-12-18T21:00:41.421+0000] {logging_mixin.py:154} INFO - [2023-12-18T21:00:41.421+0000] {dagbag.py:536} INFO - Filling up the DagBag from /home/airflow/.local/lib/python3.8/site-packages/airflow/example_dags/example_dag_decorator.py
[2023-12-18T21:00:41.553+0000] {processor.py:839} INFO - DAG(s) dict_keys(['example_dag_decorator']) retrieved from /home/airflow/.local/lib/python3.8/site-packages/airflow/example_dags/example_dag_decorator.py
[2023-12-18T21:00:41.761+0000] {logging_mixin.py:154} INFO - [2023-12-18T21:00:41.761+0000] {dag.py:2941} INFO - Sync 1 DAGs
[2023-12-18T21:00:41.785+0000] {logging_mixin.py:154} INFO - [2023-12-18T21:00:41.785+0000] {dag.py:3722} INFO - Setting next_dagrun for example_dag_decorator to None, run_after=None
[2023-12-18T21:00:41.824+0000] {processor.py:179} INFO - Processing /home/airflow/.local/lib/python3.8/site-packages/airflow/example_dags/example_dag_decorator.py took 0.414 seconds
[2023-12-18T21:01:11.879+0000] {processor.py:157} INFO - Started process (PID=530) to work on /home/airflow/.local/lib/python3.8/site-packages/airflow/example_dags/example_dag_decorator.py
[2023-12-18T21:01:11.881+0000] {processor.py:829} INFO - Processing file /home/airflow/.local/lib/python3.8/site-packages/airflow/example_dags/example_dag_decorator.py for tasks to queue
[2023-12-18T21:01:11.884+0000] {logging_mixin.py:154} INFO - [2023-12-18T21:01:11.884+0000] {dagbag.py:536} INFO - Filling up the DagBag from /home/airflow/.local/lib/python3.8/site-packages/airflow/example_dags/example_dag_decorator.py
[2023-12-18T21:01:12.026+0000] {processor.py:839} INFO - DAG(s) dict_keys(['example_dag_decorator']) retrieved from /home/airflow/.local/lib/python3.8/site-packages/airflow/example_dags/example_dag_decorator.py
[2023-12-18T21:01:12.237+0000] {logging_mixin.py:154} INFO - [2023-12-18T21:01:12.237+0000] {dag.py:2941} INFO - Sync 1 DAGs
[2023-12-18T21:01:12.258+0000] {logging_mixin.py:154} INFO - [2023-12-18T21:01:12.257+0000] {dag.py:3722} INFO - Setting next_dagrun for example_dag_decorator to None, run_after=None
[2023-12-18T21:01:12.293+0000] {processor.py:179} INFO - Processing /home/airflow/.local/lib/python3.8/site-packages/airflow/example_dags/example_dag_decorator.py took 0.418 seconds
[2023-12-18T21:01:42.968+0000] {processor.py:157} INFO - Started process (PID=586) to work on /home/airflow/.local/lib/python3.8/site-packages/airflow/example_dags/example_dag_decorator.py
[2023-12-18T21:01:42.969+0000] {processor.py:829} INFO - Processing file /home/airflow/.local/lib/python3.8/site-packages/airflow/example_dags/example_dag_decorator.py for tasks to queue
[2023-12-18T21:01:42.972+0000] {logging_mixin.py:154} INFO - [2023-12-18T21:01:42.972+0000] {dagbag.py:536} INFO - Filling up the DagBag from /home/airflow/.local/lib/python3.8/site-packages/airflow/example_dags/example_dag_decorator.py
[2023-12-18T21:01:43.121+0000] {processor.py:839} INFO - DAG(s) dict_keys(['example_dag_decorator']) retrieved from /home/airflow/.local/lib/python3.8/site-packages/airflow/example_dags/example_dag_decorator.py
[2023-12-18T21:01:43.315+0000] {logging_mixin.py:154} INFO - [2023-12-18T21:01:43.315+0000] {dag.py:2941} INFO - Sync 1 DAGs
[2023-12-18T21:01:43.336+0000] {logging_mixin.py:154} INFO - [2023-12-18T21:01:43.336+0000] {dag.py:3722} INFO - Setting next_dagrun for example_dag_decorator to None, run_after=None
[2023-12-18T21:01:43.371+0000] {processor.py:179} INFO - Processing /home/airflow/.local/lib/python3.8/site-packages/airflow/example_dags/example_dag_decorator.py took 0.408 seconds
[2023-12-18T21:02:13.434+0000] {processor.py:157} INFO - Started process (PID=641) to work on /home/airflow/.local/lib/python3.8/site-packages/airflow/example_dags/example_dag_decorator.py
[2023-12-18T21:02:13.436+0000] {processor.py:829} INFO - Processing file /home/airflow/.local/lib/python3.8/site-packages/airflow/example_dags/example_dag_decorator.py for tasks to queue
[2023-12-18T21:02:13.440+0000] {logging_mixin.py:154} INFO - [2023-12-18T21:02:13.440+0000] {dagbag.py:536} INFO - Filling up the DagBag from /home/airflow/.local/lib/python3.8/site-packages/airflow/example_dags/example_dag_decorator.py
[2023-12-18T21:02:13.613+0000] {processor.py:839} INFO - DAG(s) dict_keys(['example_dag_decorator']) retrieved from /home/airflow/.local/lib/python3.8/site-packages/airflow/example_dags/example_dag_decorator.py
[2023-12-18T21:02:13.928+0000] {logging_mixin.py:154} INFO - [2023-12-18T21:02:13.928+0000] {dag.py:2941} INFO - Sync 1 DAGs
[2023-12-18T21:02:14.003+0000] {logging_mixin.py:154} INFO - [2023-12-18T21:02:14.002+0000] {dag.py:3722} INFO - Setting next_dagrun for example_dag_decorator to None, run_after=None
[2023-12-18T21:02:14.044+0000] {processor.py:179} INFO - Processing /home/airflow/.local/lib/python3.8/site-packages/airflow/example_dags/example_dag_decorator.py took 0.614 seconds
[2023-12-18T21:02:44.813+0000] {processor.py:157} INFO - Started process (PID=703) to work on /home/airflow/.local/lib/python3.8/site-packages/airflow/example_dags/example_dag_decorator.py
[2023-12-18T21:02:44.815+0000] {processor.py:829} INFO - Processing file /home/airflow/.local/lib/python3.8/site-packages/airflow/example_dags/example_dag_decorator.py for tasks to queue
[2023-12-18T21:02:44.818+0000] {logging_mixin.py:154} INFO - [2023-12-18T21:02:44.818+0000] {dagbag.py:536} INFO - Filling up the DagBag from /home/airflow/.local/lib/python3.8/site-packages/airflow/example_dags/example_dag_decorator.py
[2023-12-18T21:02:44.961+0000] {processor.py:839} INFO - DAG(s) dict_keys(['example_dag_decorator']) retrieved from /home/airflow/.local/lib/python3.8/site-packages/airflow/example_dags/example_dag_decorator.py
[2023-12-18T21:02:45.165+0000] {logging_mixin.py:154} INFO - [2023-12-18T21:02:45.165+0000] {dag.py:2941} INFO - Sync 1 DAGs
[2023-12-18T21:02:45.407+0000] {logging_mixin.py:154} INFO - [2023-12-18T21:02:45.406+0000] {dag.py:3722} INFO - Setting next_dagrun for example_dag_decorator to None, run_after=None
[2023-12-18T21:02:45.450+0000] {processor.py:179} INFO - Processing /home/airflow/.local/lib/python3.8/site-packages/airflow/example_dags/example_dag_decorator.py took 0.641 seconds
[2023-12-18T21:03:15.665+0000] {processor.py:157} INFO - Started process (PID=759) to work on /home/airflow/.local/lib/python3.8/site-packages/airflow/example_dags/example_dag_decorator.py
[2023-12-18T21:03:15.666+0000] {processor.py:829} INFO - Processing file /home/airflow/.local/lib/python3.8/site-packages/airflow/example_dags/example_dag_decorator.py for tasks to queue
[2023-12-18T21:03:15.671+0000] {logging_mixin.py:154} INFO - [2023-12-18T21:03:15.671+0000] {dagbag.py:536} INFO - Filling up the DagBag from /home/airflow/.local/lib/python3.8/site-packages/airflow/example_dags/example_dag_decorator.py
[2023-12-18T21:03:15.845+0000] {processor.py:839} INFO - DAG(s) dict_keys(['example_dag_decorator']) retrieved from /home/airflow/.local/lib/python3.8/site-packages/airflow/example_dags/example_dag_decorator.py
[2023-12-18T21:03:16.137+0000] {logging_mixin.py:154} INFO - [2023-12-18T21:03:16.137+0000] {dag.py:2941} INFO - Sync 1 DAGs
[2023-12-18T21:03:16.166+0000] {logging_mixin.py:154} INFO - [2023-12-18T21:03:16.166+0000] {dag.py:3722} INFO - Setting next_dagrun for example_dag_decorator to None, run_after=None
[2023-12-18T21:03:16.212+0000] {processor.py:179} INFO - Processing /home/airflow/.local/lib/python3.8/site-packages/airflow/example_dags/example_dag_decorator.py took 0.553 seconds
[2023-12-18T21:03:46.998+0000] {processor.py:157} INFO - Started process (PID=814) to work on /home/airflow/.local/lib/python3.8/site-packages/airflow/example_dags/example_dag_decorator.py
[2023-12-18T21:03:47.000+0000] {processor.py:829} INFO - Processing file /home/airflow/.local/lib/python3.8/site-packages/airflow/example_dags/example_dag_decorator.py for tasks to queue
[2023-12-18T21:03:47.005+0000] {logging_mixin.py:154} INFO - [2023-12-18T21:03:47.005+0000] {dagbag.py:536} INFO - Filling up the DagBag from /home/airflow/.local/lib/python3.8/site-packages/airflow/example_dags/example_dag_decorator.py
[2023-12-18T21:03:47.147+0000] {processor.py:839} INFO - DAG(s) dict_keys(['example_dag_decorator']) retrieved from /home/airflow/.local/lib/python3.8/site-packages/airflow/example_dags/example_dag_decorator.py
[2023-12-18T21:03:47.359+0000] {logging_mixin.py:154} INFO - [2023-12-18T21:03:47.359+0000] {dag.py:2941} INFO - Sync 1 DAGs
[2023-12-18T21:03:47.378+0000] {logging_mixin.py:154} INFO - [2023-12-18T21:03:47.378+0000] {dag.py:3722} INFO - Setting next_dagrun for example_dag_decorator to None, run_after=None
[2023-12-18T21:03:47.458+0000] {processor.py:179} INFO - Processing /home/airflow/.local/lib/python3.8/site-packages/airflow/example_dags/example_dag_decorator.py took 0.468 seconds
[2023-12-18T21:04:17.530+0000] {processor.py:157} INFO - Started process (PID=868) to work on /home/airflow/.local/lib/python3.8/site-packages/airflow/example_dags/example_dag_decorator.py
[2023-12-18T21:04:17.531+0000] {processor.py:829} INFO - Processing file /home/airflow/.local/lib/python3.8/site-packages/airflow/example_dags/example_dag_decorator.py for tasks to queue
[2023-12-18T21:04:17.533+0000] {logging_mixin.py:154} INFO - [2023-12-18T21:04:17.532+0000] {dagbag.py:536} INFO - Filling up the DagBag from /home/airflow/.local/lib/python3.8/site-packages/airflow/example_dags/example_dag_decorator.py
[2023-12-18T21:04:17.586+0000] {processor.py:839} INFO - DAG(s) dict_keys(['example_dag_decorator']) retrieved from /home/airflow/.local/lib/python3.8/site-packages/airflow/example_dags/example_dag_decorator.py
[2023-12-18T21:04:17.666+0000] {logging_mixin.py:154} INFO - [2023-12-18T21:04:17.665+0000] {dag.py:2941} INFO - Sync 1 DAGs
[2023-12-18T21:04:17.674+0000] {logging_mixin.py:154} INFO - [2023-12-18T21:04:17.674+0000] {dag.py:3722} INFO - Setting next_dagrun for example_dag_decorator to None, run_after=None
[2023-12-18T21:04:17.701+0000] {processor.py:179} INFO - Processing /home/airflow/.local/lib/python3.8/site-packages/airflow/example_dags/example_dag_decorator.py took 0.174 seconds
[2023-12-18T21:04:47.813+0000] {processor.py:157} INFO - Started process (PID=922) to work on /home/airflow/.local/lib/python3.8/site-packages/airflow/example_dags/example_dag_decorator.py
[2023-12-18T21:04:47.814+0000] {processor.py:829} INFO - Processing file /home/airflow/.local/lib/python3.8/site-packages/airflow/example_dags/example_dag_decorator.py for tasks to queue
[2023-12-18T21:04:47.815+0000] {logging_mixin.py:154} INFO - [2023-12-18T21:04:47.815+0000] {dagbag.py:536} INFO - Filling up the DagBag from /home/airflow/.local/lib/python3.8/site-packages/airflow/example_dags/example_dag_decorator.py
[2023-12-18T21:04:47.869+0000] {processor.py:839} INFO - DAG(s) dict_keys(['example_dag_decorator']) retrieved from /home/airflow/.local/lib/python3.8/site-packages/airflow/example_dags/example_dag_decorator.py
[2023-12-18T21:04:47.947+0000] {logging_mixin.py:154} INFO - [2023-12-18T21:04:47.947+0000] {dag.py:2941} INFO - Sync 1 DAGs
[2023-12-18T21:04:47.957+0000] {logging_mixin.py:154} INFO - [2023-12-18T21:04:47.957+0000] {dag.py:3722} INFO - Setting next_dagrun for example_dag_decorator to None, run_after=None
[2023-12-18T21:04:48.114+0000] {processor.py:179} INFO - Processing /home/airflow/.local/lib/python3.8/site-packages/airflow/example_dags/example_dag_decorator.py took 0.304 seconds
[2023-12-18T21:05:18.220+0000] {processor.py:157} INFO - Started process (PID=976) to work on /home/airflow/.local/lib/python3.8/site-packages/airflow/example_dags/example_dag_decorator.py
[2023-12-18T21:05:18.221+0000] {processor.py:829} INFO - Processing file /home/airflow/.local/lib/python3.8/site-packages/airflow/example_dags/example_dag_decorator.py for tasks to queue
[2023-12-18T21:05:18.223+0000] {logging_mixin.py:154} INFO - [2023-12-18T21:05:18.222+0000] {dagbag.py:536} INFO - Filling up the DagBag from /home/airflow/.local/lib/python3.8/site-packages/airflow/example_dags/example_dag_decorator.py
[2023-12-18T21:05:18.276+0000] {processor.py:839} INFO - DAG(s) dict_keys(['example_dag_decorator']) retrieved from /home/airflow/.local/lib/python3.8/site-packages/airflow/example_dags/example_dag_decorator.py
[2023-12-18T21:05:18.355+0000] {logging_mixin.py:154} INFO - [2023-12-18T21:05:18.355+0000] {dag.py:2941} INFO - Sync 1 DAGs
[2023-12-18T21:05:18.363+0000] {logging_mixin.py:154} INFO - [2023-12-18T21:05:18.363+0000] {dag.py:3722} INFO - Setting next_dagrun for example_dag_decorator to None, run_after=None
[2023-12-18T21:05:18.377+0000] {processor.py:179} INFO - Processing /home/airflow/.local/lib/python3.8/site-packages/airflow/example_dags/example_dag_decorator.py took 0.160 seconds
[2023-12-18T21:05:48.517+0000] {processor.py:157} INFO - Started process (PID=1030) to work on /home/airflow/.local/lib/python3.8/site-packages/airflow/example_dags/example_dag_decorator.py
[2023-12-18T21:05:48.517+0000] {processor.py:829} INFO - Processing file /home/airflow/.local/lib/python3.8/site-packages/airflow/example_dags/example_dag_decorator.py for tasks to queue
[2023-12-18T21:05:48.519+0000] {logging_mixin.py:154} INFO - [2023-12-18T21:05:48.519+0000] {dagbag.py:536} INFO - Filling up the DagBag from /home/airflow/.local/lib/python3.8/site-packages/airflow/example_dags/example_dag_decorator.py
[2023-12-18T21:05:48.574+0000] {processor.py:839} INFO - DAG(s) dict_keys(['example_dag_decorator']) retrieved from /home/airflow/.local/lib/python3.8/site-packages/airflow/example_dags/example_dag_decorator.py
[2023-12-18T21:05:48.795+0000] {logging_mixin.py:154} INFO - [2023-12-18T21:05:48.795+0000] {dag.py:2941} INFO - Sync 1 DAGs
[2023-12-18T21:05:48.804+0000] {logging_mixin.py:154} INFO - [2023-12-18T21:05:48.803+0000] {dag.py:3722} INFO - Setting next_dagrun for example_dag_decorator to None, run_after=None
[2023-12-18T21:05:48.817+0000] {processor.py:179} INFO - Processing /home/airflow/.local/lib/python3.8/site-packages/airflow/example_dags/example_dag_decorator.py took 0.303 seconds
[2023-12-18T21:06:19.758+0000] {processor.py:157} INFO - Started process (PID=1084) to work on /home/airflow/.local/lib/python3.8/site-packages/airflow/example_dags/example_dag_decorator.py
[2023-12-18T21:06:19.758+0000] {processor.py:829} INFO - Processing file /home/airflow/.local/lib/python3.8/site-packages/airflow/example_dags/example_dag_decorator.py for tasks to queue
[2023-12-18T21:06:19.760+0000] {logging_mixin.py:154} INFO - [2023-12-18T21:06:19.759+0000] {dagbag.py:536} INFO - Filling up the DagBag from /home/airflow/.local/lib/python3.8/site-packages/airflow/example_dags/example_dag_decorator.py
[2023-12-18T21:06:19.815+0000] {processor.py:839} INFO - DAG(s) dict_keys(['example_dag_decorator']) retrieved from /home/airflow/.local/lib/python3.8/site-packages/airflow/example_dags/example_dag_decorator.py
[2023-12-18T21:06:19.899+0000] {logging_mixin.py:154} INFO - [2023-12-18T21:06:19.899+0000] {dag.py:2941} INFO - Sync 1 DAGs
[2023-12-18T21:06:19.909+0000] {logging_mixin.py:154} INFO - [2023-12-18T21:06:19.909+0000] {dag.py:3722} INFO - Setting next_dagrun for example_dag_decorator to None, run_after=None
[2023-12-18T21:06:20.073+0000] {processor.py:179} INFO - Processing /home/airflow/.local/lib/python3.8/site-packages/airflow/example_dags/example_dag_decorator.py took 0.318 seconds
[2023-12-18T21:06:50.112+0000] {processor.py:157} INFO - Started process (PID=1141) to work on /home/airflow/.local/lib/python3.8/site-packages/airflow/example_dags/example_dag_decorator.py
[2023-12-18T21:06:50.112+0000] {processor.py:829} INFO - Processing file /home/airflow/.local/lib/python3.8/site-packages/airflow/example_dags/example_dag_decorator.py for tasks to queue
[2023-12-18T21:06:50.114+0000] {logging_mixin.py:154} INFO - [2023-12-18T21:06:50.114+0000] {dagbag.py:536} INFO - Filling up the DagBag from /home/airflow/.local/lib/python3.8/site-packages/airflow/example_dags/example_dag_decorator.py
[2023-12-18T21:06:50.168+0000] {processor.py:839} INFO - DAG(s) dict_keys(['example_dag_decorator']) retrieved from /home/airflow/.local/lib/python3.8/site-packages/airflow/example_dags/example_dag_decorator.py
[2023-12-18T21:06:50.246+0000] {logging_mixin.py:154} INFO - [2023-12-18T21:06:50.246+0000] {dag.py:2941} INFO - Sync 1 DAGs
[2023-12-18T21:06:50.255+0000] {logging_mixin.py:154} INFO - [2023-12-18T21:06:50.255+0000] {dag.py:3722} INFO - Setting next_dagrun for example_dag_decorator to None, run_after=None
[2023-12-18T21:06:50.269+0000] {processor.py:179} INFO - Processing /home/airflow/.local/lib/python3.8/site-packages/airflow/example_dags/example_dag_decorator.py took 0.160 seconds
[2023-12-18T21:07:20.329+0000] {processor.py:157} INFO - Started process (PID=1195) to work on /home/airflow/.local/lib/python3.8/site-packages/airflow/example_dags/example_dag_decorator.py
[2023-12-18T21:07:20.330+0000] {processor.py:829} INFO - Processing file /home/airflow/.local/lib/python3.8/site-packages/airflow/example_dags/example_dag_decorator.py for tasks to queue
[2023-12-18T21:07:20.332+0000] {logging_mixin.py:154} INFO - [2023-12-18T21:07:20.331+0000] {dagbag.py:536} INFO - Filling up the DagBag from /home/airflow/.local/lib/python3.8/site-packages/airflow/example_dags/example_dag_decorator.py
[2023-12-18T21:07:20.386+0000] {processor.py:839} INFO - DAG(s) dict_keys(['example_dag_decorator']) retrieved from /home/airflow/.local/lib/python3.8/site-packages/airflow/example_dags/example_dag_decorator.py
[2023-12-18T21:07:20.588+0000] {logging_mixin.py:154} INFO - [2023-12-18T21:07:20.588+0000] {dag.py:2941} INFO - Sync 1 DAGs
[2023-12-18T21:07:20.597+0000] {logging_mixin.py:154} INFO - [2023-12-18T21:07:20.597+0000] {dag.py:3722} INFO - Setting next_dagrun for example_dag_decorator to None, run_after=None
[2023-12-18T21:07:20.611+0000] {processor.py:179} INFO - Processing /home/airflow/.local/lib/python3.8/site-packages/airflow/example_dags/example_dag_decorator.py took 0.284 seconds
[2023-12-18T21:07:51.441+0000] {processor.py:157} INFO - Started process (PID=1249) to work on /home/airflow/.local/lib/python3.8/site-packages/airflow/example_dags/example_dag_decorator.py
[2023-12-18T21:07:51.442+0000] {processor.py:829} INFO - Processing file /home/airflow/.local/lib/python3.8/site-packages/airflow/example_dags/example_dag_decorator.py for tasks to queue
[2023-12-18T21:07:51.443+0000] {logging_mixin.py:154} INFO - [2023-12-18T21:07:51.443+0000] {dagbag.py:536} INFO - Filling up the DagBag from /home/airflow/.local/lib/python3.8/site-packages/airflow/example_dags/example_dag_decorator.py
[2023-12-18T21:07:51.499+0000] {processor.py:839} INFO - DAG(s) dict_keys(['example_dag_decorator']) retrieved from /home/airflow/.local/lib/python3.8/site-packages/airflow/example_dags/example_dag_decorator.py
[2023-12-18T21:07:51.585+0000] {logging_mixin.py:154} INFO - [2023-12-18T21:07:51.585+0000] {dag.py:2941} INFO - Sync 1 DAGs
[2023-12-18T21:07:51.747+0000] {logging_mixin.py:154} INFO - [2023-12-18T21:07:51.746+0000] {dag.py:3722} INFO - Setting next_dagrun for example_dag_decorator to None, run_after=None
[2023-12-18T21:07:51.762+0000] {processor.py:179} INFO - Processing /home/airflow/.local/lib/python3.8/site-packages/airflow/example_dags/example_dag_decorator.py took 0.324 seconds
[2023-12-18T21:11:26.760+0000] {processor.py:157} INFO - Started process (PID=1280) to work on /home/airflow/.local/lib/python3.8/site-packages/airflow/example_dags/example_dag_decorator.py
[2023-12-18T21:11:26.761+0000] {processor.py:829} INFO - Processing file /home/airflow/.local/lib/python3.8/site-packages/airflow/example_dags/example_dag_decorator.py for tasks to queue
[2023-12-18T21:11:26.764+0000] {logging_mixin.py:154} INFO - [2023-12-18T21:11:26.764+0000] {dagbag.py:536} INFO - Filling up the DagBag from /home/airflow/.local/lib/python3.8/site-packages/airflow/example_dags/example_dag_decorator.py
[2023-12-18T21:11:26.863+0000] {processor.py:839} INFO - DAG(s) dict_keys(['example_dag_decorator']) retrieved from /home/airflow/.local/lib/python3.8/site-packages/airflow/example_dags/example_dag_decorator.py
[2023-12-18T21:11:27.350+0000] {logging_mixin.py:154} INFO - [2023-12-18T21:11:27.350+0000] {dag.py:2941} INFO - Sync 1 DAGs
[2023-12-18T21:11:27.360+0000] {logging_mixin.py:154} INFO - [2023-12-18T21:11:27.360+0000] {dag.py:3722} INFO - Setting next_dagrun for example_dag_decorator to None, run_after=None
[2023-12-18T21:11:27.376+0000] {processor.py:179} INFO - Processing /home/airflow/.local/lib/python3.8/site-packages/airflow/example_dags/example_dag_decorator.py took 0.619 seconds
[2023-12-18T21:11:57.428+0000] {processor.py:157} INFO - Started process (PID=1337) to work on /home/airflow/.local/lib/python3.8/site-packages/airflow/example_dags/example_dag_decorator.py
[2023-12-18T21:11:57.429+0000] {processor.py:829} INFO - Processing file /home/airflow/.local/lib/python3.8/site-packages/airflow/example_dags/example_dag_decorator.py for tasks to queue
[2023-12-18T21:11:57.430+0000] {logging_mixin.py:154} INFO - [2023-12-18T21:11:57.430+0000] {dagbag.py:536} INFO - Filling up the DagBag from /home/airflow/.local/lib/python3.8/site-packages/airflow/example_dags/example_dag_decorator.py
[2023-12-18T21:11:57.486+0000] {processor.py:839} INFO - DAG(s) dict_keys(['example_dag_decorator']) retrieved from /home/airflow/.local/lib/python3.8/site-packages/airflow/example_dags/example_dag_decorator.py
[2023-12-18T21:11:57.728+0000] {logging_mixin.py:154} INFO - [2023-12-18T21:11:57.728+0000] {dag.py:2941} INFO - Sync 1 DAGs
[2023-12-18T21:11:57.739+0000] {logging_mixin.py:154} INFO - [2023-12-18T21:11:57.738+0000] {dag.py:3722} INFO - Setting next_dagrun for example_dag_decorator to None, run_after=None
[2023-12-18T21:11:57.757+0000] {processor.py:179} INFO - Processing /home/airflow/.local/lib/python3.8/site-packages/airflow/example_dags/example_dag_decorator.py took 0.332 seconds
[2023-12-18T21:12:27.813+0000] {processor.py:157} INFO - Started process (PID=1393) to work on /home/airflow/.local/lib/python3.8/site-packages/airflow/example_dags/example_dag_decorator.py
[2023-12-18T21:12:27.814+0000] {processor.py:829} INFO - Processing file /home/airflow/.local/lib/python3.8/site-packages/airflow/example_dags/example_dag_decorator.py for tasks to queue
[2023-12-18T21:12:27.816+0000] {logging_mixin.py:154} INFO - [2023-12-18T21:12:27.816+0000] {dagbag.py:536} INFO - Filling up the DagBag from /home/airflow/.local/lib/python3.8/site-packages/airflow/example_dags/example_dag_decorator.py
[2023-12-18T21:12:27.875+0000] {processor.py:839} INFO - DAG(s) dict_keys(['example_dag_decorator']) retrieved from /home/airflow/.local/lib/python3.8/site-packages/airflow/example_dags/example_dag_decorator.py
[2023-12-18T21:12:27.960+0000] {logging_mixin.py:154} INFO - [2023-12-18T21:12:27.959+0000] {dag.py:2941} INFO - Sync 1 DAGs
[2023-12-18T21:12:28.113+0000] {logging_mixin.py:154} INFO - [2023-12-18T21:12:28.113+0000] {dag.py:3722} INFO - Setting next_dagrun for example_dag_decorator to None, run_after=None
[2023-12-18T21:12:28.129+0000] {processor.py:179} INFO - Processing /home/airflow/.local/lib/python3.8/site-packages/airflow/example_dags/example_dag_decorator.py took 0.319 seconds
[2023-12-18T21:12:58.342+0000] {processor.py:157} INFO - Started process (PID=1450) to work on /home/airflow/.local/lib/python3.8/site-packages/airflow/example_dags/example_dag_decorator.py
[2023-12-18T21:12:58.343+0000] {processor.py:829} INFO - Processing file /home/airflow/.local/lib/python3.8/site-packages/airflow/example_dags/example_dag_decorator.py for tasks to queue
[2023-12-18T21:12:58.344+0000] {logging_mixin.py:154} INFO - [2023-12-18T21:12:58.344+0000] {dagbag.py:536} INFO - Filling up the DagBag from /home/airflow/.local/lib/python3.8/site-packages/airflow/example_dags/example_dag_decorator.py
[2023-12-18T21:12:58.402+0000] {processor.py:839} INFO - DAG(s) dict_keys(['example_dag_decorator']) retrieved from /home/airflow/.local/lib/python3.8/site-packages/airflow/example_dags/example_dag_decorator.py
[2023-12-18T21:12:58.621+0000] {logging_mixin.py:154} INFO - [2023-12-18T21:12:58.620+0000] {dag.py:2941} INFO - Sync 1 DAGs
[2023-12-18T21:12:58.630+0000] {logging_mixin.py:154} INFO - [2023-12-18T21:12:58.630+0000] {dag.py:3722} INFO - Setting next_dagrun for example_dag_decorator to None, run_after=None
[2023-12-18T21:12:58.646+0000] {processor.py:179} INFO - Processing /home/airflow/.local/lib/python3.8/site-packages/airflow/example_dags/example_dag_decorator.py took 0.306 seconds
[2023-12-18T21:13:28.731+0000] {processor.py:157} INFO - Started process (PID=1507) to work on /home/airflow/.local/lib/python3.8/site-packages/airflow/example_dags/example_dag_decorator.py
[2023-12-18T21:13:28.731+0000] {processor.py:829} INFO - Processing file /home/airflow/.local/lib/python3.8/site-packages/airflow/example_dags/example_dag_decorator.py for tasks to queue
[2023-12-18T21:13:28.733+0000] {logging_mixin.py:154} INFO - [2023-12-18T21:13:28.733+0000] {dagbag.py:536} INFO - Filling up the DagBag from /home/airflow/.local/lib/python3.8/site-packages/airflow/example_dags/example_dag_decorator.py
[2023-12-18T21:13:28.790+0000] {processor.py:839} INFO - DAG(s) dict_keys(['example_dag_decorator']) retrieved from /home/airflow/.local/lib/python3.8/site-packages/airflow/example_dags/example_dag_decorator.py
[2023-12-18T21:13:29.008+0000] {logging_mixin.py:154} INFO - [2023-12-18T21:13:29.007+0000] {dag.py:2941} INFO - Sync 1 DAGs
[2023-12-18T21:13:29.016+0000] {logging_mixin.py:154} INFO - [2023-12-18T21:13:29.016+0000] {dag.py:3722} INFO - Setting next_dagrun for example_dag_decorator to None, run_after=None
[2023-12-18T21:13:29.035+0000] {processor.py:179} INFO - Processing /home/airflow/.local/lib/python3.8/site-packages/airflow/example_dags/example_dag_decorator.py took 0.307 seconds
[2023-12-18T21:13:59.152+0000] {processor.py:157} INFO - Started process (PID=1561) to work on /home/airflow/.local/lib/python3.8/site-packages/airflow/example_dags/example_dag_decorator.py
[2023-12-18T21:13:59.152+0000] {processor.py:829} INFO - Processing file /home/airflow/.local/lib/python3.8/site-packages/airflow/example_dags/example_dag_decorator.py for tasks to queue
[2023-12-18T21:13:59.154+0000] {logging_mixin.py:154} INFO - [2023-12-18T21:13:59.154+0000] {dagbag.py:536} INFO - Filling up the DagBag from /home/airflow/.local/lib/python3.8/site-packages/airflow/example_dags/example_dag_decorator.py
[2023-12-18T21:13:59.209+0000] {processor.py:839} INFO - DAG(s) dict_keys(['example_dag_decorator']) retrieved from /home/airflow/.local/lib/python3.8/site-packages/airflow/example_dags/example_dag_decorator.py
[2023-12-18T21:13:59.413+0000] {logging_mixin.py:154} INFO - [2023-12-18T21:13:59.413+0000] {dag.py:2941} INFO - Sync 1 DAGs
[2023-12-18T21:13:59.422+0000] {logging_mixin.py:154} INFO - [2023-12-18T21:13:59.421+0000] {dag.py:3722} INFO - Setting next_dagrun for example_dag_decorator to None, run_after=None
[2023-12-18T21:13:59.436+0000] {processor.py:179} INFO - Processing /home/airflow/.local/lib/python3.8/site-packages/airflow/example_dags/example_dag_decorator.py took 0.287 seconds
[2023-12-18T21:14:29.521+0000] {processor.py:157} INFO - Started process (PID=1612) to work on /home/airflow/.local/lib/python3.8/site-packages/airflow/example_dags/example_dag_decorator.py
[2023-12-18T21:14:29.522+0000] {processor.py:829} INFO - Processing file /home/airflow/.local/lib/python3.8/site-packages/airflow/example_dags/example_dag_decorator.py for tasks to queue
[2023-12-18T21:14:29.524+0000] {logging_mixin.py:154} INFO - [2023-12-18T21:14:29.524+0000] {dagbag.py:536} INFO - Filling up the DagBag from /home/airflow/.local/lib/python3.8/site-packages/airflow/example_dags/example_dag_decorator.py
[2023-12-18T21:14:29.588+0000] {processor.py:839} INFO - DAG(s) dict_keys(['example_dag_decorator']) retrieved from /home/airflow/.local/lib/python3.8/site-packages/airflow/example_dags/example_dag_decorator.py
[2023-12-18T21:14:29.808+0000] {logging_mixin.py:154} INFO - [2023-12-18T21:14:29.807+0000] {dag.py:2941} INFO - Sync 1 DAGs
[2023-12-18T21:14:29.817+0000] {logging_mixin.py:154} INFO - [2023-12-18T21:14:29.817+0000] {dag.py:3722} INFO - Setting next_dagrun for example_dag_decorator to None, run_after=None
[2023-12-18T21:14:29.832+0000] {processor.py:179} INFO - Processing /home/airflow/.local/lib/python3.8/site-packages/airflow/example_dags/example_dag_decorator.py took 0.313 seconds
[2023-12-18T21:14:59.940+0000] {processor.py:157} INFO - Started process (PID=1669) to work on /home/airflow/.local/lib/python3.8/site-packages/airflow/example_dags/example_dag_decorator.py
[2023-12-18T21:14:59.941+0000] {processor.py:829} INFO - Processing file /home/airflow/.local/lib/python3.8/site-packages/airflow/example_dags/example_dag_decorator.py for tasks to queue
[2023-12-18T21:14:59.943+0000] {logging_mixin.py:154} INFO - [2023-12-18T21:14:59.942+0000] {dagbag.py:536} INFO - Filling up the DagBag from /home/airflow/.local/lib/python3.8/site-packages/airflow/example_dags/example_dag_decorator.py
[2023-12-18T21:15:00.011+0000] {processor.py:839} INFO - DAG(s) dict_keys(['example_dag_decorator']) retrieved from /home/airflow/.local/lib/python3.8/site-packages/airflow/example_dags/example_dag_decorator.py
[2023-12-18T21:15:00.259+0000] {logging_mixin.py:154} INFO - [2023-12-18T21:15:00.258+0000] {dag.py:2941} INFO - Sync 1 DAGs
[2023-12-18T21:15:00.268+0000] {logging_mixin.py:154} INFO - [2023-12-18T21:15:00.268+0000] {dag.py:3722} INFO - Setting next_dagrun for example_dag_decorator to None, run_after=None
[2023-12-18T21:15:00.286+0000] {processor.py:179} INFO - Processing /home/airflow/.local/lib/python3.8/site-packages/airflow/example_dags/example_dag_decorator.py took 0.349 seconds
[2023-12-18T21:15:30.376+0000] {processor.py:157} INFO - Started process (PID=1721) to work on /home/airflow/.local/lib/python3.8/site-packages/airflow/example_dags/example_dag_decorator.py
[2023-12-18T21:15:30.377+0000] {processor.py:829} INFO - Processing file /home/airflow/.local/lib/python3.8/site-packages/airflow/example_dags/example_dag_decorator.py for tasks to queue
[2023-12-18T21:15:30.379+0000] {logging_mixin.py:154} INFO - [2023-12-18T21:15:30.379+0000] {dagbag.py:536} INFO - Filling up the DagBag from /home/airflow/.local/lib/python3.8/site-packages/airflow/example_dags/example_dag_decorator.py
[2023-12-18T21:15:30.437+0000] {processor.py:839} INFO - DAG(s) dict_keys(['example_dag_decorator']) retrieved from /home/airflow/.local/lib/python3.8/site-packages/airflow/example_dags/example_dag_decorator.py
[2023-12-18T21:15:30.665+0000] {logging_mixin.py:154} INFO - [2023-12-18T21:15:30.665+0000] {dag.py:2941} INFO - Sync 1 DAGs
[2023-12-18T21:15:30.674+0000] {logging_mixin.py:154} INFO - [2023-12-18T21:15:30.674+0000] {dag.py:3722} INFO - Setting next_dagrun for example_dag_decorator to None, run_after=None
[2023-12-18T21:15:30.689+0000] {processor.py:179} INFO - Processing /home/airflow/.local/lib/python3.8/site-packages/airflow/example_dags/example_dag_decorator.py took 0.315 seconds
[2023-12-18T21:16:00.719+0000] {processor.py:157} INFO - Started process (PID=1773) to work on /home/airflow/.local/lib/python3.8/site-packages/airflow/example_dags/example_dag_decorator.py
[2023-12-18T21:16:00.719+0000] {processor.py:829} INFO - Processing file /home/airflow/.local/lib/python3.8/site-packages/airflow/example_dags/example_dag_decorator.py for tasks to queue
[2023-12-18T21:16:00.721+0000] {logging_mixin.py:154} INFO - [2023-12-18T21:16:00.720+0000] {dagbag.py:536} INFO - Filling up the DagBag from /home/airflow/.local/lib/python3.8/site-packages/airflow/example_dags/example_dag_decorator.py
[2023-12-18T21:16:00.776+0000] {processor.py:839} INFO - DAG(s) dict_keys(['example_dag_decorator']) retrieved from /home/airflow/.local/lib/python3.8/site-packages/airflow/example_dags/example_dag_decorator.py
[2023-12-18T21:16:01.008+0000] {logging_mixin.py:154} INFO - [2023-12-18T21:16:01.008+0000] {dag.py:2941} INFO - Sync 1 DAGs
[2023-12-18T21:16:01.018+0000] {logging_mixin.py:154} INFO - [2023-12-18T21:16:01.018+0000] {dag.py:3722} INFO - Setting next_dagrun for example_dag_decorator to None, run_after=None
[2023-12-18T21:16:01.032+0000] {processor.py:179} INFO - Processing /home/airflow/.local/lib/python3.8/site-packages/airflow/example_dags/example_dag_decorator.py took 0.315 seconds
[2023-12-18T21:16:31.127+0000] {processor.py:157} INFO - Started process (PID=1829) to work on /home/airflow/.local/lib/python3.8/site-packages/airflow/example_dags/example_dag_decorator.py
[2023-12-18T21:16:31.128+0000] {processor.py:829} INFO - Processing file /home/airflow/.local/lib/python3.8/site-packages/airflow/example_dags/example_dag_decorator.py for tasks to queue
[2023-12-18T21:16:31.129+0000] {logging_mixin.py:154} INFO - [2023-12-18T21:16:31.129+0000] {dagbag.py:536} INFO - Filling up the DagBag from /home/airflow/.local/lib/python3.8/site-packages/airflow/example_dags/example_dag_decorator.py
[2023-12-18T21:16:31.185+0000] {processor.py:839} INFO - DAG(s) dict_keys(['example_dag_decorator']) retrieved from /home/airflow/.local/lib/python3.8/site-packages/airflow/example_dags/example_dag_decorator.py
[2023-12-18T21:16:31.416+0000] {logging_mixin.py:154} INFO - [2023-12-18T21:16:31.416+0000] {dag.py:2941} INFO - Sync 1 DAGs
[2023-12-18T21:16:31.425+0000] {logging_mixin.py:154} INFO - [2023-12-18T21:16:31.424+0000] {dag.py:3722} INFO - Setting next_dagrun for example_dag_decorator to None, run_after=None
[2023-12-18T21:16:31.439+0000] {processor.py:179} INFO - Processing /home/airflow/.local/lib/python3.8/site-packages/airflow/example_dags/example_dag_decorator.py took 0.314 seconds
[2023-12-18T21:17:01.590+0000] {processor.py:157} INFO - Started process (PID=1885) to work on /home/airflow/.local/lib/python3.8/site-packages/airflow/example_dags/example_dag_decorator.py
[2023-12-18T21:17:01.591+0000] {processor.py:829} INFO - Processing file /home/airflow/.local/lib/python3.8/site-packages/airflow/example_dags/example_dag_decorator.py for tasks to queue
[2023-12-18T21:17:01.592+0000] {logging_mixin.py:154} INFO - [2023-12-18T21:17:01.592+0000] {dagbag.py:536} INFO - Filling up the DagBag from /home/airflow/.local/lib/python3.8/site-packages/airflow/example_dags/example_dag_decorator.py
[2023-12-18T21:17:01.650+0000] {processor.py:839} INFO - DAG(s) dict_keys(['example_dag_decorator']) retrieved from /home/airflow/.local/lib/python3.8/site-packages/airflow/example_dags/example_dag_decorator.py
[2023-12-18T21:17:01.871+0000] {logging_mixin.py:154} INFO - [2023-12-18T21:17:01.871+0000] {dag.py:2941} INFO - Sync 1 DAGs
[2023-12-18T21:17:01.880+0000] {logging_mixin.py:154} INFO - [2023-12-18T21:17:01.880+0000] {dag.py:3722} INFO - Setting next_dagrun for example_dag_decorator to None, run_after=None
[2023-12-18T21:17:01.896+0000] {processor.py:179} INFO - Processing /home/airflow/.local/lib/python3.8/site-packages/airflow/example_dags/example_dag_decorator.py took 0.308 seconds
[2023-12-18T21:17:32.467+0000] {processor.py:157} INFO - Started process (PID=1938) to work on /home/airflow/.local/lib/python3.8/site-packages/airflow/example_dags/example_dag_decorator.py
[2023-12-18T21:17:32.468+0000] {processor.py:829} INFO - Processing file /home/airflow/.local/lib/python3.8/site-packages/airflow/example_dags/example_dag_decorator.py for tasks to queue
[2023-12-18T21:17:32.470+0000] {logging_mixin.py:154} INFO - [2023-12-18T21:17:32.470+0000] {dagbag.py:536} INFO - Filling up the DagBag from /home/airflow/.local/lib/python3.8/site-packages/airflow/example_dags/example_dag_decorator.py
[2023-12-18T21:17:32.533+0000] {processor.py:839} INFO - DAG(s) dict_keys(['example_dag_decorator']) retrieved from /home/airflow/.local/lib/python3.8/site-packages/airflow/example_dags/example_dag_decorator.py
[2023-12-18T21:17:32.780+0000] {logging_mixin.py:154} INFO - [2023-12-18T21:17:32.780+0000] {dag.py:2941} INFO - Sync 1 DAGs
[2023-12-18T21:17:32.791+0000] {logging_mixin.py:154} INFO - [2023-12-18T21:17:32.790+0000] {dag.py:3722} INFO - Setting next_dagrun for example_dag_decorator to None, run_after=None
[2023-12-18T21:17:32.811+0000] {processor.py:179} INFO - Processing /home/airflow/.local/lib/python3.8/site-packages/airflow/example_dags/example_dag_decorator.py took 0.346 seconds
[2023-12-18T21:18:02.908+0000] {processor.py:157} INFO - Started process (PID=1994) to work on /home/airflow/.local/lib/python3.8/site-packages/airflow/example_dags/example_dag_decorator.py
[2023-12-18T21:18:02.909+0000] {processor.py:829} INFO - Processing file /home/airflow/.local/lib/python3.8/site-packages/airflow/example_dags/example_dag_decorator.py for tasks to queue
[2023-12-18T21:18:02.911+0000] {logging_mixin.py:154} INFO - [2023-12-18T21:18:02.911+0000] {dagbag.py:536} INFO - Filling up the DagBag from /home/airflow/.local/lib/python3.8/site-packages/airflow/example_dags/example_dag_decorator.py
[2023-12-18T21:18:02.970+0000] {processor.py:839} INFO - DAG(s) dict_keys(['example_dag_decorator']) retrieved from /home/airflow/.local/lib/python3.8/site-packages/airflow/example_dags/example_dag_decorator.py
[2023-12-18T21:18:03.198+0000] {logging_mixin.py:154} INFO - [2023-12-18T21:18:03.198+0000] {dag.py:2941} INFO - Sync 1 DAGs
[2023-12-18T21:18:03.208+0000] {logging_mixin.py:154} INFO - [2023-12-18T21:18:03.208+0000] {dag.py:3722} INFO - Setting next_dagrun for example_dag_decorator to None, run_after=None
[2023-12-18T21:18:03.225+0000] {processor.py:179} INFO - Processing /home/airflow/.local/lib/python3.8/site-packages/airflow/example_dags/example_dag_decorator.py took 0.319 seconds
[2023-12-18T21:18:33.327+0000] {processor.py:157} INFO - Started process (PID=2049) to work on /home/airflow/.local/lib/python3.8/site-packages/airflow/example_dags/example_dag_decorator.py
[2023-12-18T21:18:33.328+0000] {processor.py:829} INFO - Processing file /home/airflow/.local/lib/python3.8/site-packages/airflow/example_dags/example_dag_decorator.py for tasks to queue
[2023-12-18T21:18:33.330+0000] {logging_mixin.py:154} INFO - [2023-12-18T21:18:33.329+0000] {dagbag.py:536} INFO - Filling up the DagBag from /home/airflow/.local/lib/python3.8/site-packages/airflow/example_dags/example_dag_decorator.py
[2023-12-18T21:18:33.394+0000] {processor.py:839} INFO - DAG(s) dict_keys(['example_dag_decorator']) retrieved from /home/airflow/.local/lib/python3.8/site-packages/airflow/example_dags/example_dag_decorator.py
[2023-12-18T21:18:33.414+0000] {logging_mixin.py:154} INFO - [2023-12-18T21:18:33.413+0000] {dag.py:2941} INFO - Sync 1 DAGs
[2023-12-18T21:18:33.425+0000] {logging_mixin.py:154} INFO - [2023-12-18T21:18:33.424+0000] {dag.py:3722} INFO - Setting next_dagrun for example_dag_decorator to None, run_after=None
[2023-12-18T21:18:33.443+0000] {processor.py:179} INFO - Processing /home/airflow/.local/lib/python3.8/site-packages/airflow/example_dags/example_dag_decorator.py took 0.119 seconds
[2023-12-18T21:19:03.554+0000] {processor.py:157} INFO - Started process (PID=2101) to work on /home/airflow/.local/lib/python3.8/site-packages/airflow/example_dags/example_dag_decorator.py
[2023-12-18T21:19:03.555+0000] {processor.py:829} INFO - Processing file /home/airflow/.local/lib/python3.8/site-packages/airflow/example_dags/example_dag_decorator.py for tasks to queue
[2023-12-18T21:19:03.556+0000] {logging_mixin.py:154} INFO - [2023-12-18T21:19:03.556+0000] {dagbag.py:536} INFO - Filling up the DagBag from /home/airflow/.local/lib/python3.8/site-packages/airflow/example_dags/example_dag_decorator.py
[2023-12-18T21:19:03.758+0000] {processor.py:839} INFO - DAG(s) dict_keys(['example_dag_decorator']) retrieved from /home/airflow/.local/lib/python3.8/site-packages/airflow/example_dags/example_dag_decorator.py
[2023-12-18T21:19:03.842+0000] {logging_mixin.py:154} INFO - [2023-12-18T21:19:03.842+0000] {dag.py:2941} INFO - Sync 1 DAGs
[2023-12-18T21:19:03.852+0000] {logging_mixin.py:154} INFO - [2023-12-18T21:19:03.851+0000] {dag.py:3722} INFO - Setting next_dagrun for example_dag_decorator to None, run_after=None
[2023-12-18T21:19:03.871+0000] {processor.py:179} INFO - Processing /home/airflow/.local/lib/python3.8/site-packages/airflow/example_dags/example_dag_decorator.py took 0.319 seconds
[2023-12-18T21:19:33.983+0000] {processor.py:157} INFO - Started process (PID=2156) to work on /home/airflow/.local/lib/python3.8/site-packages/airflow/example_dags/example_dag_decorator.py
[2023-12-18T21:19:33.984+0000] {processor.py:829} INFO - Processing file /home/airflow/.local/lib/python3.8/site-packages/airflow/example_dags/example_dag_decorator.py for tasks to queue
[2023-12-18T21:19:33.986+0000] {logging_mixin.py:154} INFO - [2023-12-18T21:19:33.986+0000] {dagbag.py:536} INFO - Filling up the DagBag from /home/airflow/.local/lib/python3.8/site-packages/airflow/example_dags/example_dag_decorator.py
[2023-12-18T21:19:34.045+0000] {processor.py:839} INFO - DAG(s) dict_keys(['example_dag_decorator']) retrieved from /home/airflow/.local/lib/python3.8/site-packages/airflow/example_dags/example_dag_decorator.py
[2023-12-18T21:19:34.274+0000] {logging_mixin.py:154} INFO - [2023-12-18T21:19:34.274+0000] {dag.py:2941} INFO - Sync 1 DAGs
[2023-12-18T21:19:34.283+0000] {logging_mixin.py:154} INFO - [2023-12-18T21:19:34.283+0000] {dag.py:3722} INFO - Setting next_dagrun for example_dag_decorator to None, run_after=None
[2023-12-18T21:19:34.298+0000] {processor.py:179} INFO - Processing /home/airflow/.local/lib/python3.8/site-packages/airflow/example_dags/example_dag_decorator.py took 0.318 seconds
[2023-12-18T21:20:04.330+0000] {processor.py:157} INFO - Started process (PID=2208) to work on /home/airflow/.local/lib/python3.8/site-packages/airflow/example_dags/example_dag_decorator.py
[2023-12-18T21:20:04.331+0000] {processor.py:829} INFO - Processing file /home/airflow/.local/lib/python3.8/site-packages/airflow/example_dags/example_dag_decorator.py for tasks to queue
[2023-12-18T21:20:04.333+0000] {logging_mixin.py:154} INFO - [2023-12-18T21:20:04.332+0000] {dagbag.py:536} INFO - Filling up the DagBag from /home/airflow/.local/lib/python3.8/site-packages/airflow/example_dags/example_dag_decorator.py
[2023-12-18T21:20:04.389+0000] {processor.py:839} INFO - DAG(s) dict_keys(['example_dag_decorator']) retrieved from /home/airflow/.local/lib/python3.8/site-packages/airflow/example_dags/example_dag_decorator.py
[2023-12-18T21:20:04.633+0000] {logging_mixin.py:154} INFO - [2023-12-18T21:20:04.633+0000] {dag.py:2941} INFO - Sync 1 DAGs
[2023-12-18T21:20:04.642+0000] {logging_mixin.py:154} INFO - [2023-12-18T21:20:04.642+0000] {dag.py:3722} INFO - Setting next_dagrun for example_dag_decorator to None, run_after=None
[2023-12-18T21:20:04.659+0000] {processor.py:179} INFO - Processing /home/airflow/.local/lib/python3.8/site-packages/airflow/example_dags/example_dag_decorator.py took 0.331 seconds
[2023-12-18T21:20:35.687+0000] {processor.py:157} INFO - Started process (PID=2262) to work on /home/airflow/.local/lib/python3.8/site-packages/airflow/example_dags/example_dag_decorator.py
[2023-12-18T21:20:35.688+0000] {processor.py:829} INFO - Processing file /home/airflow/.local/lib/python3.8/site-packages/airflow/example_dags/example_dag_decorator.py for tasks to queue
[2023-12-18T21:20:35.689+0000] {logging_mixin.py:154} INFO - [2023-12-18T21:20:35.689+0000] {dagbag.py:536} INFO - Filling up the DagBag from /home/airflow/.local/lib/python3.8/site-packages/airflow/example_dags/example_dag_decorator.py
[2023-12-18T21:20:35.890+0000] {processor.py:839} INFO - DAG(s) dict_keys(['example_dag_decorator']) retrieved from /home/airflow/.local/lib/python3.8/site-packages/airflow/example_dags/example_dag_decorator.py
[2023-12-18T21:20:35.973+0000] {logging_mixin.py:154} INFO - [2023-12-18T21:20:35.973+0000] {dag.py:2941} INFO - Sync 1 DAGs
[2023-12-18T21:20:35.984+0000] {logging_mixin.py:154} INFO - [2023-12-18T21:20:35.984+0000] {dag.py:3722} INFO - Setting next_dagrun for example_dag_decorator to None, run_after=None
[2023-12-18T21:20:36.002+0000] {processor.py:179} INFO - Processing /home/airflow/.local/lib/python3.8/site-packages/airflow/example_dags/example_dag_decorator.py took 0.318 seconds
[2023-12-18T21:21:06.189+0000] {processor.py:157} INFO - Started process (PID=2317) to work on /home/airflow/.local/lib/python3.8/site-packages/airflow/example_dags/example_dag_decorator.py
[2023-12-18T21:21:06.190+0000] {processor.py:829} INFO - Processing file /home/airflow/.local/lib/python3.8/site-packages/airflow/example_dags/example_dag_decorator.py for tasks to queue
[2023-12-18T21:21:06.191+0000] {logging_mixin.py:154} INFO - [2023-12-18T21:21:06.191+0000] {dagbag.py:536} INFO - Filling up the DagBag from /home/airflow/.local/lib/python3.8/site-packages/airflow/example_dags/example_dag_decorator.py
[2023-12-18T21:21:06.383+0000] {processor.py:839} INFO - DAG(s) dict_keys(['example_dag_decorator']) retrieved from /home/airflow/.local/lib/python3.8/site-packages/airflow/example_dags/example_dag_decorator.py
[2023-12-18T21:21:06.470+0000] {logging_mixin.py:154} INFO - [2023-12-18T21:21:06.470+0000] {dag.py:2941} INFO - Sync 1 DAGs
[2023-12-18T21:21:06.479+0000] {logging_mixin.py:154} INFO - [2023-12-18T21:21:06.479+0000] {dag.py:3722} INFO - Setting next_dagrun for example_dag_decorator to None, run_after=None
[2023-12-18T21:21:06.496+0000] {processor.py:179} INFO - Processing /home/airflow/.local/lib/python3.8/site-packages/airflow/example_dags/example_dag_decorator.py took 0.309 seconds
[2023-12-18T21:21:36.637+0000] {processor.py:157} INFO - Started process (PID=2370) to work on /home/airflow/.local/lib/python3.8/site-packages/airflow/example_dags/example_dag_decorator.py
[2023-12-18T21:21:36.638+0000] {processor.py:829} INFO - Processing file /home/airflow/.local/lib/python3.8/site-packages/airflow/example_dags/example_dag_decorator.py for tasks to queue
[2023-12-18T21:21:36.640+0000] {logging_mixin.py:154} INFO - [2023-12-18T21:21:36.639+0000] {dagbag.py:536} INFO - Filling up the DagBag from /home/airflow/.local/lib/python3.8/site-packages/airflow/example_dags/example_dag_decorator.py
[2023-12-18T21:21:36.701+0000] {processor.py:839} INFO - DAG(s) dict_keys(['example_dag_decorator']) retrieved from /home/airflow/.local/lib/python3.8/site-packages/airflow/example_dags/example_dag_decorator.py
[2023-12-18T21:21:36.916+0000] {logging_mixin.py:154} INFO - [2023-12-18T21:21:36.916+0000] {dag.py:2941} INFO - Sync 1 DAGs
[2023-12-18T21:21:36.925+0000] {logging_mixin.py:154} INFO - [2023-12-18T21:21:36.924+0000] {dag.py:3722} INFO - Setting next_dagrun for example_dag_decorator to None, run_after=None
[2023-12-18T21:21:36.940+0000] {processor.py:179} INFO - Processing /home/airflow/.local/lib/python3.8/site-packages/airflow/example_dags/example_dag_decorator.py took 0.306 seconds
[2023-12-18T21:22:07.644+0000] {processor.py:157} INFO - Started process (PID=2421) to work on /home/airflow/.local/lib/python3.8/site-packages/airflow/example_dags/example_dag_decorator.py
[2023-12-18T21:22:07.645+0000] {processor.py:829} INFO - Processing file /home/airflow/.local/lib/python3.8/site-packages/airflow/example_dags/example_dag_decorator.py for tasks to queue
[2023-12-18T21:22:07.647+0000] {logging_mixin.py:154} INFO - [2023-12-18T21:22:07.646+0000] {dagbag.py:536} INFO - Filling up the DagBag from /home/airflow/.local/lib/python3.8/site-packages/airflow/example_dags/example_dag_decorator.py
[2023-12-18T21:22:07.849+0000] {processor.py:839} INFO - DAG(s) dict_keys(['example_dag_decorator']) retrieved from /home/airflow/.local/lib/python3.8/site-packages/airflow/example_dags/example_dag_decorator.py
[2023-12-18T21:22:07.935+0000] {logging_mixin.py:154} INFO - [2023-12-18T21:22:07.935+0000] {dag.py:2941} INFO - Sync 1 DAGs
[2023-12-18T21:22:07.945+0000] {logging_mixin.py:154} INFO - [2023-12-18T21:22:07.945+0000] {dag.py:3722} INFO - Setting next_dagrun for example_dag_decorator to None, run_after=None
[2023-12-18T21:22:07.963+0000] {processor.py:179} INFO - Processing /home/airflow/.local/lib/python3.8/site-packages/airflow/example_dags/example_dag_decorator.py took 0.321 seconds
[2023-12-18T21:22:38.331+0000] {processor.py:157} INFO - Started process (PID=2476) to work on /home/airflow/.local/lib/python3.8/site-packages/airflow/example_dags/example_dag_decorator.py
[2023-12-18T21:22:38.332+0000] {processor.py:829} INFO - Processing file /home/airflow/.local/lib/python3.8/site-packages/airflow/example_dags/example_dag_decorator.py for tasks to queue
[2023-12-18T21:22:38.334+0000] {logging_mixin.py:154} INFO - [2023-12-18T21:22:38.333+0000] {dagbag.py:536} INFO - Filling up the DagBag from /home/airflow/.local/lib/python3.8/site-packages/airflow/example_dags/example_dag_decorator.py
[2023-12-18T21:22:38.395+0000] {processor.py:839} INFO - DAG(s) dict_keys(['example_dag_decorator']) retrieved from /home/airflow/.local/lib/python3.8/site-packages/airflow/example_dags/example_dag_decorator.py
[2023-12-18T21:22:38.488+0000] {logging_mixin.py:154} INFO - [2023-12-18T21:22:38.488+0000] {dag.py:2941} INFO - Sync 1 DAGs
[2023-12-18T21:22:38.501+0000] {logging_mixin.py:154} INFO - [2023-12-18T21:22:38.500+0000] {dag.py:3722} INFO - Setting next_dagrun for example_dag_decorator to None, run_after=None
[2023-12-18T21:22:38.518+0000] {processor.py:179} INFO - Processing /home/airflow/.local/lib/python3.8/site-packages/airflow/example_dags/example_dag_decorator.py took 0.190 seconds
[2023-12-18T21:23:08.648+0000] {processor.py:157} INFO - Started process (PID=2530) to work on /home/airflow/.local/lib/python3.8/site-packages/airflow/example_dags/example_dag_decorator.py
[2023-12-18T21:23:08.649+0000] {processor.py:829} INFO - Processing file /home/airflow/.local/lib/python3.8/site-packages/airflow/example_dags/example_dag_decorator.py for tasks to queue
[2023-12-18T21:23:08.650+0000] {logging_mixin.py:154} INFO - [2023-12-18T21:23:08.650+0000] {dagbag.py:536} INFO - Filling up the DagBag from /home/airflow/.local/lib/python3.8/site-packages/airflow/example_dags/example_dag_decorator.py
[2023-12-18T21:23:08.711+0000] {processor.py:839} INFO - DAG(s) dict_keys(['example_dag_decorator']) retrieved from /home/airflow/.local/lib/python3.8/site-packages/airflow/example_dags/example_dag_decorator.py
[2023-12-18T21:23:08.797+0000] {logging_mixin.py:154} INFO - [2023-12-18T21:23:08.797+0000] {dag.py:2941} INFO - Sync 1 DAGs
[2023-12-18T21:23:08.806+0000] {logging_mixin.py:154} INFO - [2023-12-18T21:23:08.806+0000] {dag.py:3722} INFO - Setting next_dagrun for example_dag_decorator to None, run_after=None
[2023-12-18T21:23:08.824+0000] {processor.py:179} INFO - Processing /home/airflow/.local/lib/python3.8/site-packages/airflow/example_dags/example_dag_decorator.py took 0.178 seconds
[2023-12-18T21:23:38.868+0000] {processor.py:157} INFO - Started process (PID=2582) to work on /home/airflow/.local/lib/python3.8/site-packages/airflow/example_dags/example_dag_decorator.py
[2023-12-18T21:23:38.868+0000] {processor.py:829} INFO - Processing file /home/airflow/.local/lib/python3.8/site-packages/airflow/example_dags/example_dag_decorator.py for tasks to queue
[2023-12-18T21:23:38.870+0000] {logging_mixin.py:154} INFO - [2023-12-18T21:23:38.870+0000] {dagbag.py:536} INFO - Filling up the DagBag from /home/airflow/.local/lib/python3.8/site-packages/airflow/example_dags/example_dag_decorator.py
[2023-12-18T21:23:38.935+0000] {processor.py:839} INFO - DAG(s) dict_keys(['example_dag_decorator']) retrieved from /home/airflow/.local/lib/python3.8/site-packages/airflow/example_dags/example_dag_decorator.py
[2023-12-18T21:23:39.041+0000] {logging_mixin.py:154} INFO - [2023-12-18T21:23:39.041+0000] {dag.py:2941} INFO - Sync 1 DAGs
[2023-12-18T21:23:39.054+0000] {logging_mixin.py:154} INFO - [2023-12-18T21:23:39.054+0000] {dag.py:3722} INFO - Setting next_dagrun for example_dag_decorator to None, run_after=None
[2023-12-18T21:23:39.082+0000] {processor.py:179} INFO - Processing /home/airflow/.local/lib/python3.8/site-packages/airflow/example_dags/example_dag_decorator.py took 0.216 seconds
[2023-12-18T21:24:09.217+0000] {processor.py:157} INFO - Started process (PID=2632) to work on /home/airflow/.local/lib/python3.8/site-packages/airflow/example_dags/example_dag_decorator.py
[2023-12-18T21:24:09.218+0000] {processor.py:829} INFO - Processing file /home/airflow/.local/lib/python3.8/site-packages/airflow/example_dags/example_dag_decorator.py for tasks to queue
[2023-12-18T21:24:09.219+0000] {logging_mixin.py:154} INFO - [2023-12-18T21:24:09.219+0000] {dagbag.py:536} INFO - Filling up the DagBag from /home/airflow/.local/lib/python3.8/site-packages/airflow/example_dags/example_dag_decorator.py
[2023-12-18T21:24:09.298+0000] {processor.py:839} INFO - DAG(s) dict_keys(['example_dag_decorator']) retrieved from /home/airflow/.local/lib/python3.8/site-packages/airflow/example_dags/example_dag_decorator.py
[2023-12-18T21:24:09.324+0000] {logging_mixin.py:154} INFO - [2023-12-18T21:24:09.323+0000] {dag.py:2941} INFO - Sync 1 DAGs
[2023-12-18T21:24:09.337+0000] {logging_mixin.py:154} INFO - [2023-12-18T21:24:09.337+0000] {dag.py:3722} INFO - Setting next_dagrun for example_dag_decorator to None, run_after=None
[2023-12-18T21:24:09.353+0000] {processor.py:179} INFO - Processing /home/airflow/.local/lib/python3.8/site-packages/airflow/example_dags/example_dag_decorator.py took 0.140 seconds
[2023-12-18T21:24:39.459+0000] {processor.py:157} INFO - Started process (PID=2686) to work on /home/airflow/.local/lib/python3.8/site-packages/airflow/example_dags/example_dag_decorator.py
[2023-12-18T21:24:39.459+0000] {processor.py:829} INFO - Processing file /home/airflow/.local/lib/python3.8/site-packages/airflow/example_dags/example_dag_decorator.py for tasks to queue
[2023-12-18T21:24:39.461+0000] {logging_mixin.py:154} INFO - [2023-12-18T21:24:39.461+0000] {dagbag.py:536} INFO - Filling up the DagBag from /home/airflow/.local/lib/python3.8/site-packages/airflow/example_dags/example_dag_decorator.py
[2023-12-18T21:24:39.517+0000] {processor.py:839} INFO - DAG(s) dict_keys(['example_dag_decorator']) retrieved from /home/airflow/.local/lib/python3.8/site-packages/airflow/example_dags/example_dag_decorator.py
[2023-12-18T21:24:39.537+0000] {logging_mixin.py:154} INFO - [2023-12-18T21:24:39.536+0000] {dag.py:2941} INFO - Sync 1 DAGs
[2023-12-18T21:24:39.547+0000] {logging_mixin.py:154} INFO - [2023-12-18T21:24:39.547+0000] {dag.py:3722} INFO - Setting next_dagrun for example_dag_decorator to None, run_after=None
[2023-12-18T21:24:39.562+0000] {processor.py:179} INFO - Processing /home/airflow/.local/lib/python3.8/site-packages/airflow/example_dags/example_dag_decorator.py took 0.106 seconds
[2023-12-18T21:25:09.740+0000] {processor.py:157} INFO - Started process (PID=2740) to work on /home/airflow/.local/lib/python3.8/site-packages/airflow/example_dags/example_dag_decorator.py
[2023-12-18T21:25:09.741+0000] {processor.py:829} INFO - Processing file /home/airflow/.local/lib/python3.8/site-packages/airflow/example_dags/example_dag_decorator.py for tasks to queue
[2023-12-18T21:25:09.742+0000] {logging_mixin.py:154} INFO - [2023-12-18T21:25:09.742+0000] {dagbag.py:536} INFO - Filling up the DagBag from /home/airflow/.local/lib/python3.8/site-packages/airflow/example_dags/example_dag_decorator.py
[2023-12-18T21:25:09.803+0000] {processor.py:839} INFO - DAG(s) dict_keys(['example_dag_decorator']) retrieved from /home/airflow/.local/lib/python3.8/site-packages/airflow/example_dags/example_dag_decorator.py
[2023-12-18T21:25:09.825+0000] {logging_mixin.py:154} INFO - [2023-12-18T21:25:09.824+0000] {dag.py:2941} INFO - Sync 1 DAGs
[2023-12-18T21:25:09.837+0000] {logging_mixin.py:154} INFO - [2023-12-18T21:25:09.837+0000] {dag.py:3722} INFO - Setting next_dagrun for example_dag_decorator to None, run_after=None
[2023-12-18T21:25:09.855+0000] {processor.py:179} INFO - Processing /home/airflow/.local/lib/python3.8/site-packages/airflow/example_dags/example_dag_decorator.py took 0.118 seconds
[2023-12-18T21:25:39.907+0000] {processor.py:157} INFO - Started process (PID=2794) to work on /home/airflow/.local/lib/python3.8/site-packages/airflow/example_dags/example_dag_decorator.py
[2023-12-18T21:25:39.908+0000] {processor.py:829} INFO - Processing file /home/airflow/.local/lib/python3.8/site-packages/airflow/example_dags/example_dag_decorator.py for tasks to queue
[2023-12-18T21:25:39.909+0000] {logging_mixin.py:154} INFO - [2023-12-18T21:25:39.909+0000] {dagbag.py:536} INFO - Filling up the DagBag from /home/airflow/.local/lib/python3.8/site-packages/airflow/example_dags/example_dag_decorator.py
[2023-12-18T21:25:39.963+0000] {processor.py:839} INFO - DAG(s) dict_keys(['example_dag_decorator']) retrieved from /home/airflow/.local/lib/python3.8/site-packages/airflow/example_dags/example_dag_decorator.py
[2023-12-18T21:25:40.046+0000] {logging_mixin.py:154} INFO - [2023-12-18T21:25:40.046+0000] {dag.py:2941} INFO - Sync 1 DAGs
[2023-12-18T21:25:40.056+0000] {logging_mixin.py:154} INFO - [2023-12-18T21:25:40.056+0000] {dag.py:3722} INFO - Setting next_dagrun for example_dag_decorator to None, run_after=None
[2023-12-18T21:25:40.071+0000] {processor.py:179} INFO - Processing /home/airflow/.local/lib/python3.8/site-packages/airflow/example_dags/example_dag_decorator.py took 0.167 seconds
[2023-12-18T21:26:10.154+0000] {processor.py:157} INFO - Started process (PID=2850) to work on /home/airflow/.local/lib/python3.8/site-packages/airflow/example_dags/example_dag_decorator.py
[2023-12-18T21:26:10.155+0000] {processor.py:829} INFO - Processing file /home/airflow/.local/lib/python3.8/site-packages/airflow/example_dags/example_dag_decorator.py for tasks to queue
[2023-12-18T21:26:10.157+0000] {logging_mixin.py:154} INFO - [2023-12-18T21:26:10.157+0000] {dagbag.py:536} INFO - Filling up the DagBag from /home/airflow/.local/lib/python3.8/site-packages/airflow/example_dags/example_dag_decorator.py
[2023-12-18T21:26:10.213+0000] {processor.py:839} INFO - DAG(s) dict_keys(['example_dag_decorator']) retrieved from /home/airflow/.local/lib/python3.8/site-packages/airflow/example_dags/example_dag_decorator.py
[2023-12-18T21:26:10.295+0000] {logging_mixin.py:154} INFO - [2023-12-18T21:26:10.295+0000] {dag.py:2941} INFO - Sync 1 DAGs
[2023-12-18T21:26:10.306+0000] {logging_mixin.py:154} INFO - [2023-12-18T21:26:10.306+0000] {dag.py:3722} INFO - Setting next_dagrun for example_dag_decorator to None, run_after=None
[2023-12-18T21:26:10.323+0000] {processor.py:179} INFO - Processing /home/airflow/.local/lib/python3.8/site-packages/airflow/example_dags/example_dag_decorator.py took 0.171 seconds
[2023-12-18T21:26:40.419+0000] {processor.py:157} INFO - Started process (PID=2902) to work on /home/airflow/.local/lib/python3.8/site-packages/airflow/example_dags/example_dag_decorator.py
[2023-12-18T21:26:40.420+0000] {processor.py:829} INFO - Processing file /home/airflow/.local/lib/python3.8/site-packages/airflow/example_dags/example_dag_decorator.py for tasks to queue
[2023-12-18T21:26:40.421+0000] {logging_mixin.py:154} INFO - [2023-12-18T21:26:40.421+0000] {dagbag.py:536} INFO - Filling up the DagBag from /home/airflow/.local/lib/python3.8/site-packages/airflow/example_dags/example_dag_decorator.py
[2023-12-18T21:26:40.477+0000] {processor.py:839} INFO - DAG(s) dict_keys(['example_dag_decorator']) retrieved from /home/airflow/.local/lib/python3.8/site-packages/airflow/example_dags/example_dag_decorator.py
[2023-12-18T21:26:40.558+0000] {logging_mixin.py:154} INFO - [2023-12-18T21:26:40.557+0000] {dag.py:2941} INFO - Sync 1 DAGs
[2023-12-18T21:26:40.567+0000] {logging_mixin.py:154} INFO - [2023-12-18T21:26:40.567+0000] {dag.py:3722} INFO - Setting next_dagrun for example_dag_decorator to None, run_after=None
[2023-12-18T21:26:40.584+0000] {processor.py:179} INFO - Processing /home/airflow/.local/lib/python3.8/site-packages/airflow/example_dags/example_dag_decorator.py took 0.167 seconds
[2023-12-18T21:27:10.608+0000] {processor.py:157} INFO - Started process (PID=2957) to work on /home/airflow/.local/lib/python3.8/site-packages/airflow/example_dags/example_dag_decorator.py
[2023-12-18T21:27:10.609+0000] {processor.py:829} INFO - Processing file /home/airflow/.local/lib/python3.8/site-packages/airflow/example_dags/example_dag_decorator.py for tasks to queue
[2023-12-18T21:27:10.611+0000] {logging_mixin.py:154} INFO - [2023-12-18T21:27:10.611+0000] {dagbag.py:536} INFO - Filling up the DagBag from /home/airflow/.local/lib/python3.8/site-packages/airflow/example_dags/example_dag_decorator.py
[2023-12-18T21:27:10.669+0000] {processor.py:839} INFO - DAG(s) dict_keys(['example_dag_decorator']) retrieved from /home/airflow/.local/lib/python3.8/site-packages/airflow/example_dags/example_dag_decorator.py
[2023-12-18T21:27:10.755+0000] {logging_mixin.py:154} INFO - [2023-12-18T21:27:10.755+0000] {dag.py:2941} INFO - Sync 1 DAGs
[2023-12-18T21:27:10.765+0000] {logging_mixin.py:154} INFO - [2023-12-18T21:27:10.764+0000] {dag.py:3722} INFO - Setting next_dagrun for example_dag_decorator to None, run_after=None
[2023-12-18T21:27:10.780+0000] {processor.py:179} INFO - Processing /home/airflow/.local/lib/python3.8/site-packages/airflow/example_dags/example_dag_decorator.py took 0.174 seconds
[2023-12-18T21:27:40.883+0000] {processor.py:157} INFO - Started process (PID=3010) to work on /home/airflow/.local/lib/python3.8/site-packages/airflow/example_dags/example_dag_decorator.py
[2023-12-18T21:27:40.884+0000] {processor.py:829} INFO - Processing file /home/airflow/.local/lib/python3.8/site-packages/airflow/example_dags/example_dag_decorator.py for tasks to queue
[2023-12-18T21:27:40.885+0000] {logging_mixin.py:154} INFO - [2023-12-18T21:27:40.885+0000] {dagbag.py:536} INFO - Filling up the DagBag from /home/airflow/.local/lib/python3.8/site-packages/airflow/example_dags/example_dag_decorator.py
[2023-12-18T21:27:40.941+0000] {processor.py:839} INFO - DAG(s) dict_keys(['example_dag_decorator']) retrieved from /home/airflow/.local/lib/python3.8/site-packages/airflow/example_dags/example_dag_decorator.py
[2023-12-18T21:27:41.025+0000] {logging_mixin.py:154} INFO - [2023-12-18T21:27:41.025+0000] {dag.py:2941} INFO - Sync 1 DAGs
[2023-12-18T21:27:41.034+0000] {logging_mixin.py:154} INFO - [2023-12-18T21:27:41.034+0000] {dag.py:3722} INFO - Setting next_dagrun for example_dag_decorator to None, run_after=None
[2023-12-18T21:27:41.051+0000] {processor.py:179} INFO - Processing /home/airflow/.local/lib/python3.8/site-packages/airflow/example_dags/example_dag_decorator.py took 0.172 seconds
[2023-12-18T21:28:11.103+0000] {processor.py:157} INFO - Started process (PID=3065) to work on /home/airflow/.local/lib/python3.8/site-packages/airflow/example_dags/example_dag_decorator.py
[2023-12-18T21:28:11.104+0000] {processor.py:829} INFO - Processing file /home/airflow/.local/lib/python3.8/site-packages/airflow/example_dags/example_dag_decorator.py for tasks to queue
[2023-12-18T21:28:11.105+0000] {logging_mixin.py:154} INFO - [2023-12-18T21:28:11.105+0000] {dagbag.py:536} INFO - Filling up the DagBag from /home/airflow/.local/lib/python3.8/site-packages/airflow/example_dags/example_dag_decorator.py
[2023-12-18T21:28:11.164+0000] {processor.py:839} INFO - DAG(s) dict_keys(['example_dag_decorator']) retrieved from /home/airflow/.local/lib/python3.8/site-packages/airflow/example_dags/example_dag_decorator.py
[2023-12-18T21:28:11.251+0000] {logging_mixin.py:154} INFO - [2023-12-18T21:28:11.251+0000] {dag.py:2941} INFO - Sync 1 DAGs
[2023-12-18T21:28:11.263+0000] {logging_mixin.py:154} INFO - [2023-12-18T21:28:11.262+0000] {dag.py:3722} INFO - Setting next_dagrun for example_dag_decorator to None, run_after=None
[2023-12-18T21:28:11.279+0000] {processor.py:179} INFO - Processing /home/airflow/.local/lib/python3.8/site-packages/airflow/example_dags/example_dag_decorator.py took 0.178 seconds
[2023-12-18T21:28:41.325+0000] {processor.py:157} INFO - Started process (PID=3121) to work on /home/airflow/.local/lib/python3.8/site-packages/airflow/example_dags/example_dag_decorator.py
[2023-12-18T21:28:41.325+0000] {processor.py:829} INFO - Processing file /home/airflow/.local/lib/python3.8/site-packages/airflow/example_dags/example_dag_decorator.py for tasks to queue
[2023-12-18T21:28:41.327+0000] {logging_mixin.py:154} INFO - [2023-12-18T21:28:41.327+0000] {dagbag.py:536} INFO - Filling up the DagBag from /home/airflow/.local/lib/python3.8/site-packages/airflow/example_dags/example_dag_decorator.py
[2023-12-18T21:28:41.384+0000] {processor.py:839} INFO - DAG(s) dict_keys(['example_dag_decorator']) retrieved from /home/airflow/.local/lib/python3.8/site-packages/airflow/example_dags/example_dag_decorator.py
[2023-12-18T21:28:41.472+0000] {logging_mixin.py:154} INFO - [2023-12-18T21:28:41.472+0000] {dag.py:2941} INFO - Sync 1 DAGs
[2023-12-18T21:28:41.482+0000] {logging_mixin.py:154} INFO - [2023-12-18T21:28:41.481+0000] {dag.py:3722} INFO - Setting next_dagrun for example_dag_decorator to None, run_after=None
[2023-12-18T21:28:41.500+0000] {processor.py:179} INFO - Processing /home/airflow/.local/lib/python3.8/site-packages/airflow/example_dags/example_dag_decorator.py took 0.177 seconds
[2023-12-18T21:29:11.569+0000] {processor.py:157} INFO - Started process (PID=3175) to work on /home/airflow/.local/lib/python3.8/site-packages/airflow/example_dags/example_dag_decorator.py
[2023-12-18T21:29:11.570+0000] {processor.py:829} INFO - Processing file /home/airflow/.local/lib/python3.8/site-packages/airflow/example_dags/example_dag_decorator.py for tasks to queue
[2023-12-18T21:29:11.571+0000] {logging_mixin.py:154} INFO - [2023-12-18T21:29:11.571+0000] {dagbag.py:536} INFO - Filling up the DagBag from /home/airflow/.local/lib/python3.8/site-packages/airflow/example_dags/example_dag_decorator.py
[2023-12-18T21:29:11.628+0000] {processor.py:839} INFO - DAG(s) dict_keys(['example_dag_decorator']) retrieved from /home/airflow/.local/lib/python3.8/site-packages/airflow/example_dags/example_dag_decorator.py
[2023-12-18T21:29:11.710+0000] {logging_mixin.py:154} INFO - [2023-12-18T21:29:11.710+0000] {dag.py:2941} INFO - Sync 1 DAGs
[2023-12-18T21:29:11.721+0000] {logging_mixin.py:154} INFO - [2023-12-18T21:29:11.720+0000] {dag.py:3722} INFO - Setting next_dagrun for example_dag_decorator to None, run_after=None
[2023-12-18T21:29:11.736+0000] {processor.py:179} INFO - Processing /home/airflow/.local/lib/python3.8/site-packages/airflow/example_dags/example_dag_decorator.py took 0.169 seconds
[2023-12-18T21:29:42.688+0000] {processor.py:157} INFO - Started process (PID=3236) to work on /home/airflow/.local/lib/python3.8/site-packages/airflow/example_dags/example_dag_decorator.py
[2023-12-18T21:29:42.689+0000] {processor.py:829} INFO - Processing file /home/airflow/.local/lib/python3.8/site-packages/airflow/example_dags/example_dag_decorator.py for tasks to queue
[2023-12-18T21:29:42.690+0000] {logging_mixin.py:154} INFO - [2023-12-18T21:29:42.690+0000] {dagbag.py:536} INFO - Filling up the DagBag from /home/airflow/.local/lib/python3.8/site-packages/airflow/example_dags/example_dag_decorator.py
[2023-12-18T21:29:42.747+0000] {processor.py:839} INFO - DAG(s) dict_keys(['example_dag_decorator']) retrieved from /home/airflow/.local/lib/python3.8/site-packages/airflow/example_dags/example_dag_decorator.py
[2023-12-18T21:29:42.836+0000] {logging_mixin.py:154} INFO - [2023-12-18T21:29:42.836+0000] {dag.py:2941} INFO - Sync 1 DAGs
[2023-12-18T21:29:42.847+0000] {logging_mixin.py:154} INFO - [2023-12-18T21:29:42.846+0000] {dag.py:3722} INFO - Setting next_dagrun for example_dag_decorator to None, run_after=None
[2023-12-18T21:29:42.867+0000] {processor.py:179} INFO - Processing /home/airflow/.local/lib/python3.8/site-packages/airflow/example_dags/example_dag_decorator.py took 0.182 seconds
[2023-12-18T21:30:12.901+0000] {processor.py:157} INFO - Started process (PID=3291) to work on /home/airflow/.local/lib/python3.8/site-packages/airflow/example_dags/example_dag_decorator.py
[2023-12-18T21:30:12.902+0000] {processor.py:829} INFO - Processing file /home/airflow/.local/lib/python3.8/site-packages/airflow/example_dags/example_dag_decorator.py for tasks to queue
[2023-12-18T21:30:12.903+0000] {logging_mixin.py:154} INFO - [2023-12-18T21:30:12.903+0000] {dagbag.py:536} INFO - Filling up the DagBag from /home/airflow/.local/lib/python3.8/site-packages/airflow/example_dags/example_dag_decorator.py
[2023-12-18T21:30:12.969+0000] {processor.py:839} INFO - DAG(s) dict_keys(['example_dag_decorator']) retrieved from /home/airflow/.local/lib/python3.8/site-packages/airflow/example_dags/example_dag_decorator.py
[2023-12-18T21:30:13.063+0000] {logging_mixin.py:154} INFO - [2023-12-18T21:30:13.063+0000] {dag.py:2941} INFO - Sync 1 DAGs
[2023-12-18T21:30:13.073+0000] {logging_mixin.py:154} INFO - [2023-12-18T21:30:13.073+0000] {dag.py:3722} INFO - Setting next_dagrun for example_dag_decorator to None, run_after=None
[2023-12-18T21:30:13.091+0000] {processor.py:179} INFO - Processing /home/airflow/.local/lib/python3.8/site-packages/airflow/example_dags/example_dag_decorator.py took 0.193 seconds
[2023-12-18T21:30:43.172+0000] {processor.py:157} INFO - Started process (PID=3346) to work on /home/airflow/.local/lib/python3.8/site-packages/airflow/example_dags/example_dag_decorator.py
[2023-12-18T21:30:43.172+0000] {processor.py:829} INFO - Processing file /home/airflow/.local/lib/python3.8/site-packages/airflow/example_dags/example_dag_decorator.py for tasks to queue
[2023-12-18T21:30:43.174+0000] {logging_mixin.py:154} INFO - [2023-12-18T21:30:43.174+0000] {dagbag.py:536} INFO - Filling up the DagBag from /home/airflow/.local/lib/python3.8/site-packages/airflow/example_dags/example_dag_decorator.py
[2023-12-18T21:30:43.232+0000] {processor.py:839} INFO - DAG(s) dict_keys(['example_dag_decorator']) retrieved from /home/airflow/.local/lib/python3.8/site-packages/airflow/example_dags/example_dag_decorator.py
[2023-12-18T21:30:43.317+0000] {logging_mixin.py:154} INFO - [2023-12-18T21:30:43.317+0000] {dag.py:2941} INFO - Sync 1 DAGs
[2023-12-18T21:30:43.327+0000] {logging_mixin.py:154} INFO - [2023-12-18T21:30:43.326+0000] {dag.py:3722} INFO - Setting next_dagrun for example_dag_decorator to None, run_after=None
[2023-12-18T21:30:43.344+0000] {processor.py:179} INFO - Processing /home/airflow/.local/lib/python3.8/site-packages/airflow/example_dags/example_dag_decorator.py took 0.175 seconds
[2023-12-18T21:31:13.513+0000] {processor.py:157} INFO - Started process (PID=3402) to work on /home/airflow/.local/lib/python3.8/site-packages/airflow/example_dags/example_dag_decorator.py
[2023-12-18T21:31:13.514+0000] {processor.py:829} INFO - Processing file /home/airflow/.local/lib/python3.8/site-packages/airflow/example_dags/example_dag_decorator.py for tasks to queue
[2023-12-18T21:31:13.515+0000] {logging_mixin.py:154} INFO - [2023-12-18T21:31:13.515+0000] {dagbag.py:536} INFO - Filling up the DagBag from /home/airflow/.local/lib/python3.8/site-packages/airflow/example_dags/example_dag_decorator.py
[2023-12-18T21:31:13.576+0000] {processor.py:839} INFO - DAG(s) dict_keys(['example_dag_decorator']) retrieved from /home/airflow/.local/lib/python3.8/site-packages/airflow/example_dags/example_dag_decorator.py
[2023-12-18T21:31:13.664+0000] {logging_mixin.py:154} INFO - [2023-12-18T21:31:13.664+0000] {dag.py:2941} INFO - Sync 1 DAGs
[2023-12-18T21:31:13.674+0000] {logging_mixin.py:154} INFO - [2023-12-18T21:31:13.674+0000] {dag.py:3722} INFO - Setting next_dagrun for example_dag_decorator to None, run_after=None
[2023-12-18T21:31:13.690+0000] {processor.py:179} INFO - Processing /home/airflow/.local/lib/python3.8/site-packages/airflow/example_dags/example_dag_decorator.py took 0.180 seconds
[2023-12-18T21:31:43.768+0000] {processor.py:157} INFO - Started process (PID=3457) to work on /home/airflow/.local/lib/python3.8/site-packages/airflow/example_dags/example_dag_decorator.py
[2023-12-18T21:31:43.768+0000] {processor.py:829} INFO - Processing file /home/airflow/.local/lib/python3.8/site-packages/airflow/example_dags/example_dag_decorator.py for tasks to queue
[2023-12-18T21:31:43.771+0000] {logging_mixin.py:154} INFO - [2023-12-18T21:31:43.770+0000] {dagbag.py:536} INFO - Filling up the DagBag from /home/airflow/.local/lib/python3.8/site-packages/airflow/example_dags/example_dag_decorator.py
[2023-12-18T21:31:43.828+0000] {processor.py:839} INFO - DAG(s) dict_keys(['example_dag_decorator']) retrieved from /home/airflow/.local/lib/python3.8/site-packages/airflow/example_dags/example_dag_decorator.py
[2023-12-18T21:31:43.911+0000] {logging_mixin.py:154} INFO - [2023-12-18T21:31:43.911+0000] {dag.py:2941} INFO - Sync 1 DAGs
[2023-12-18T21:31:43.920+0000] {logging_mixin.py:154} INFO - [2023-12-18T21:31:43.920+0000] {dag.py:3722} INFO - Setting next_dagrun for example_dag_decorator to None, run_after=None
[2023-12-18T21:31:43.936+0000] {processor.py:179} INFO - Processing /home/airflow/.local/lib/python3.8/site-packages/airflow/example_dags/example_dag_decorator.py took 0.171 seconds
[2023-12-18T21:32:14.096+0000] {processor.py:157} INFO - Started process (PID=3511) to work on /home/airflow/.local/lib/python3.8/site-packages/airflow/example_dags/example_dag_decorator.py
[2023-12-18T21:32:14.097+0000] {processor.py:829} INFO - Processing file /home/airflow/.local/lib/python3.8/site-packages/airflow/example_dags/example_dag_decorator.py for tasks to queue
[2023-12-18T21:32:14.099+0000] {logging_mixin.py:154} INFO - [2023-12-18T21:32:14.099+0000] {dagbag.py:536} INFO - Filling up the DagBag from /home/airflow/.local/lib/python3.8/site-packages/airflow/example_dags/example_dag_decorator.py
[2023-12-18T21:32:14.158+0000] {processor.py:839} INFO - DAG(s) dict_keys(['example_dag_decorator']) retrieved from /home/airflow/.local/lib/python3.8/site-packages/airflow/example_dags/example_dag_decorator.py
[2023-12-18T21:32:14.243+0000] {logging_mixin.py:154} INFO - [2023-12-18T21:32:14.243+0000] {dag.py:2941} INFO - Sync 1 DAGs
[2023-12-18T21:32:14.252+0000] {logging_mixin.py:154} INFO - [2023-12-18T21:32:14.252+0000] {dag.py:3722} INFO - Setting next_dagrun for example_dag_decorator to None, run_after=None
[2023-12-18T21:32:14.268+0000] {processor.py:179} INFO - Processing /home/airflow/.local/lib/python3.8/site-packages/airflow/example_dags/example_dag_decorator.py took 0.174 seconds
[2023-12-18T21:32:45.222+0000] {processor.py:157} INFO - Started process (PID=3565) to work on /home/airflow/.local/lib/python3.8/site-packages/airflow/example_dags/example_dag_decorator.py
[2023-12-18T21:32:45.223+0000] {processor.py:829} INFO - Processing file /home/airflow/.local/lib/python3.8/site-packages/airflow/example_dags/example_dag_decorator.py for tasks to queue
[2023-12-18T21:32:45.225+0000] {logging_mixin.py:154} INFO - [2023-12-18T21:32:45.225+0000] {dagbag.py:536} INFO - Filling up the DagBag from /home/airflow/.local/lib/python3.8/site-packages/airflow/example_dags/example_dag_decorator.py
[2023-12-18T21:32:45.283+0000] {processor.py:839} INFO - DAG(s) dict_keys(['example_dag_decorator']) retrieved from /home/airflow/.local/lib/python3.8/site-packages/airflow/example_dags/example_dag_decorator.py
[2023-12-18T21:32:45.369+0000] {logging_mixin.py:154} INFO - [2023-12-18T21:32:45.369+0000] {dag.py:2941} INFO - Sync 1 DAGs
[2023-12-18T21:32:45.380+0000] {logging_mixin.py:154} INFO - [2023-12-18T21:32:45.380+0000] {dag.py:3722} INFO - Setting next_dagrun for example_dag_decorator to None, run_after=None
[2023-12-18T21:32:45.398+0000] {processor.py:179} INFO - Processing /home/airflow/.local/lib/python3.8/site-packages/airflow/example_dags/example_dag_decorator.py took 0.179 seconds
[2023-12-18T21:33:15.477+0000] {processor.py:157} INFO - Started process (PID=3619) to work on /home/airflow/.local/lib/python3.8/site-packages/airflow/example_dags/example_dag_decorator.py
[2023-12-18T21:33:15.478+0000] {processor.py:829} INFO - Processing file /home/airflow/.local/lib/python3.8/site-packages/airflow/example_dags/example_dag_decorator.py for tasks to queue
[2023-12-18T21:33:15.480+0000] {logging_mixin.py:154} INFO - [2023-12-18T21:33:15.480+0000] {dagbag.py:536} INFO - Filling up the DagBag from /home/airflow/.local/lib/python3.8/site-packages/airflow/example_dags/example_dag_decorator.py
[2023-12-18T21:33:15.562+0000] {processor.py:839} INFO - DAG(s) dict_keys(['example_dag_decorator']) retrieved from /home/airflow/.local/lib/python3.8/site-packages/airflow/example_dags/example_dag_decorator.py
[2023-12-18T21:33:15.593+0000] {logging_mixin.py:154} INFO - [2023-12-18T21:33:15.592+0000] {dag.py:2941} INFO - Sync 1 DAGs
[2023-12-18T21:33:15.609+0000] {logging_mixin.py:154} INFO - [2023-12-18T21:33:15.608+0000] {dag.py:3722} INFO - Setting next_dagrun for example_dag_decorator to None, run_after=None
[2023-12-18T21:33:15.630+0000] {processor.py:179} INFO - Processing /home/airflow/.local/lib/python3.8/site-packages/airflow/example_dags/example_dag_decorator.py took 0.156 seconds
[2023-12-18T21:33:45.660+0000] {processor.py:157} INFO - Started process (PID=3673) to work on /home/airflow/.local/lib/python3.8/site-packages/airflow/example_dags/example_dag_decorator.py
[2023-12-18T21:33:45.660+0000] {processor.py:829} INFO - Processing file /home/airflow/.local/lib/python3.8/site-packages/airflow/example_dags/example_dag_decorator.py for tasks to queue
[2023-12-18T21:33:45.662+0000] {logging_mixin.py:154} INFO - [2023-12-18T21:33:45.662+0000] {dagbag.py:536} INFO - Filling up the DagBag from /home/airflow/.local/lib/python3.8/site-packages/airflow/example_dags/example_dag_decorator.py
[2023-12-18T21:33:45.720+0000] {processor.py:839} INFO - DAG(s) dict_keys(['example_dag_decorator']) retrieved from /home/airflow/.local/lib/python3.8/site-packages/airflow/example_dags/example_dag_decorator.py
[2023-12-18T21:33:45.807+0000] {logging_mixin.py:154} INFO - [2023-12-18T21:33:45.807+0000] {dag.py:2941} INFO - Sync 1 DAGs
[2023-12-18T21:33:45.817+0000] {logging_mixin.py:154} INFO - [2023-12-18T21:33:45.816+0000] {dag.py:3722} INFO - Setting next_dagrun for example_dag_decorator to None, run_after=None
[2023-12-18T21:33:45.835+0000] {processor.py:179} INFO - Processing /home/airflow/.local/lib/python3.8/site-packages/airflow/example_dags/example_dag_decorator.py took 0.178 seconds
[2023-12-18T21:34:15.873+0000] {processor.py:157} INFO - Started process (PID=3727) to work on /home/airflow/.local/lib/python3.8/site-packages/airflow/example_dags/example_dag_decorator.py
[2023-12-18T21:34:15.873+0000] {processor.py:829} INFO - Processing file /home/airflow/.local/lib/python3.8/site-packages/airflow/example_dags/example_dag_decorator.py for tasks to queue
[2023-12-18T21:34:15.875+0000] {logging_mixin.py:154} INFO - [2023-12-18T21:34:15.875+0000] {dagbag.py:536} INFO - Filling up the DagBag from /home/airflow/.local/lib/python3.8/site-packages/airflow/example_dags/example_dag_decorator.py
[2023-12-18T21:34:15.936+0000] {processor.py:839} INFO - DAG(s) dict_keys(['example_dag_decorator']) retrieved from /home/airflow/.local/lib/python3.8/site-packages/airflow/example_dags/example_dag_decorator.py
[2023-12-18T21:34:15.962+0000] {logging_mixin.py:154} INFO - [2023-12-18T21:34:15.962+0000] {dag.py:2941} INFO - Sync 1 DAGs
[2023-12-18T21:34:15.975+0000] {logging_mixin.py:154} INFO - [2023-12-18T21:34:15.975+0000] {dag.py:3722} INFO - Setting next_dagrun for example_dag_decorator to None, run_after=None
[2023-12-18T21:34:15.992+0000] {processor.py:179} INFO - Processing /home/airflow/.local/lib/python3.8/site-packages/airflow/example_dags/example_dag_decorator.py took 0.122 seconds
[2023-12-18T21:34:46.058+0000] {processor.py:157} INFO - Started process (PID=3781) to work on /home/airflow/.local/lib/python3.8/site-packages/airflow/example_dags/example_dag_decorator.py
[2023-12-18T21:34:46.059+0000] {processor.py:829} INFO - Processing file /home/airflow/.local/lib/python3.8/site-packages/airflow/example_dags/example_dag_decorator.py for tasks to queue
[2023-12-18T21:34:46.061+0000] {logging_mixin.py:154} INFO - [2023-12-18T21:34:46.060+0000] {dagbag.py:536} INFO - Filling up the DagBag from /home/airflow/.local/lib/python3.8/site-packages/airflow/example_dags/example_dag_decorator.py
[2023-12-18T21:34:46.117+0000] {processor.py:839} INFO - DAG(s) dict_keys(['example_dag_decorator']) retrieved from /home/airflow/.local/lib/python3.8/site-packages/airflow/example_dags/example_dag_decorator.py
[2023-12-18T21:34:46.203+0000] {logging_mixin.py:154} INFO - [2023-12-18T21:34:46.202+0000] {dag.py:2941} INFO - Sync 1 DAGs
[2023-12-18T21:34:46.213+0000] {logging_mixin.py:154} INFO - [2023-12-18T21:34:46.212+0000] {dag.py:3722} INFO - Setting next_dagrun for example_dag_decorator to None, run_after=None
[2023-12-18T21:34:46.230+0000] {processor.py:179} INFO - Processing /home/airflow/.local/lib/python3.8/site-packages/airflow/example_dags/example_dag_decorator.py took 0.174 seconds
[2023-12-18T21:35:16.403+0000] {processor.py:157} INFO - Started process (PID=3835) to work on /home/airflow/.local/lib/python3.8/site-packages/airflow/example_dags/example_dag_decorator.py
[2023-12-18T21:35:16.404+0000] {processor.py:829} INFO - Processing file /home/airflow/.local/lib/python3.8/site-packages/airflow/example_dags/example_dag_decorator.py for tasks to queue
[2023-12-18T21:35:16.407+0000] {logging_mixin.py:154} INFO - [2023-12-18T21:35:16.406+0000] {dagbag.py:536} INFO - Filling up the DagBag from /home/airflow/.local/lib/python3.8/site-packages/airflow/example_dags/example_dag_decorator.py
[2023-12-18T21:35:16.469+0000] {processor.py:839} INFO - DAG(s) dict_keys(['example_dag_decorator']) retrieved from /home/airflow/.local/lib/python3.8/site-packages/airflow/example_dags/example_dag_decorator.py
[2023-12-18T21:35:16.554+0000] {logging_mixin.py:154} INFO - [2023-12-18T21:35:16.554+0000] {dag.py:2941} INFO - Sync 1 DAGs
[2023-12-18T21:35:16.564+0000] {logging_mixin.py:154} INFO - [2023-12-18T21:35:16.563+0000] {dag.py:3722} INFO - Setting next_dagrun for example_dag_decorator to None, run_after=None
[2023-12-18T21:35:16.581+0000] {processor.py:179} INFO - Processing /home/airflow/.local/lib/python3.8/site-packages/airflow/example_dags/example_dag_decorator.py took 0.181 seconds
[2023-12-18T21:35:46.655+0000] {processor.py:157} INFO - Started process (PID=3889) to work on /home/airflow/.local/lib/python3.8/site-packages/airflow/example_dags/example_dag_decorator.py
[2023-12-18T21:35:46.655+0000] {processor.py:829} INFO - Processing file /home/airflow/.local/lib/python3.8/site-packages/airflow/example_dags/example_dag_decorator.py for tasks to queue
[2023-12-18T21:35:46.657+0000] {logging_mixin.py:154} INFO - [2023-12-18T21:35:46.657+0000] {dagbag.py:536} INFO - Filling up the DagBag from /home/airflow/.local/lib/python3.8/site-packages/airflow/example_dags/example_dag_decorator.py
[2023-12-18T21:35:46.722+0000] {processor.py:839} INFO - DAG(s) dict_keys(['example_dag_decorator']) retrieved from /home/airflow/.local/lib/python3.8/site-packages/airflow/example_dags/example_dag_decorator.py
[2023-12-18T21:35:46.824+0000] {logging_mixin.py:154} INFO - [2023-12-18T21:35:46.824+0000] {dag.py:2941} INFO - Sync 1 DAGs
[2023-12-18T21:35:46.835+0000] {logging_mixin.py:154} INFO - [2023-12-18T21:35:46.835+0000] {dag.py:3722} INFO - Setting next_dagrun for example_dag_decorator to None, run_after=None
[2023-12-18T21:35:46.856+0000] {processor.py:179} INFO - Processing /home/airflow/.local/lib/python3.8/site-packages/airflow/example_dags/example_dag_decorator.py took 0.204 seconds
