[2023-12-18T20:56:40.354+0000] {processor.py:157} INFO - Started process (PID=73) to work on /home/airflow/.local/lib/python3.8/site-packages/airflow/example_dags/example_skip_dag.py
[2023-12-18T20:56:40.356+0000] {processor.py:829} INFO - Processing file /home/airflow/.local/lib/python3.8/site-packages/airflow/example_dags/example_skip_dag.py for tasks to queue
[2023-12-18T20:56:40.359+0000] {logging_mixin.py:154} INFO - [2023-12-18T20:56:40.359+0000] {dagbag.py:536} INFO - Filling up the DagBag from /home/airflow/.local/lib/python3.8/site-packages/airflow/example_dags/example_skip_dag.py
[2023-12-18T20:56:40.376+0000] {processor.py:839} INFO - DAG(s) dict_keys(['example_skip_dag']) retrieved from /home/airflow/.local/lib/python3.8/site-packages/airflow/example_dags/example_skip_dag.py
[2023-12-18T20:56:40.414+0000] {logging_mixin.py:154} INFO - [2023-12-18T20:56:40.414+0000] {dag.py:2941} INFO - Sync 1 DAGs
[2023-12-18T20:56:40.463+0000] {logging_mixin.py:154} INFO - [2023-12-18T20:56:40.463+0000] {dag.py:3722} INFO - Setting next_dagrun for example_skip_dag to 2023-12-17T20:56:40.462718+00:00, run_after=2023-12-18T20:56:40.462718+00:00
[2023-12-18T20:56:40.502+0000] {processor.py:179} INFO - Processing /home/airflow/.local/lib/python3.8/site-packages/airflow/example_dags/example_skip_dag.py took 0.153 seconds
[2023-12-18T20:57:11.506+0000] {processor.py:157} INFO - Started process (PID=127) to work on /home/airflow/.local/lib/python3.8/site-packages/airflow/example_dags/example_skip_dag.py
[2023-12-18T20:57:11.508+0000] {processor.py:829} INFO - Processing file /home/airflow/.local/lib/python3.8/site-packages/airflow/example_dags/example_skip_dag.py for tasks to queue
[2023-12-18T20:57:11.511+0000] {logging_mixin.py:154} INFO - [2023-12-18T20:57:11.511+0000] {dagbag.py:536} INFO - Filling up the DagBag from /home/airflow/.local/lib/python3.8/site-packages/airflow/example_dags/example_skip_dag.py
[2023-12-18T20:57:11.523+0000] {processor.py:839} INFO - DAG(s) dict_keys(['example_skip_dag']) retrieved from /home/airflow/.local/lib/python3.8/site-packages/airflow/example_dags/example_skip_dag.py
[2023-12-18T20:57:11.563+0000] {logging_mixin.py:154} INFO - [2023-12-18T20:57:11.562+0000] {dag.py:2941} INFO - Sync 1 DAGs
[2023-12-18T20:57:11.606+0000] {logging_mixin.py:154} INFO - [2023-12-18T20:57:11.605+0000] {dag.py:3722} INFO - Setting next_dagrun for example_skip_dag to 2023-12-17T20:57:11.605518+00:00, run_after=2023-12-18T20:57:11.605518+00:00
[2023-12-18T20:57:11.643+0000] {processor.py:179} INFO - Processing /home/airflow/.local/lib/python3.8/site-packages/airflow/example_dags/example_skip_dag.py took 0.143 seconds
[2023-12-18T20:57:42.182+0000] {processor.py:157} INFO - Started process (PID=181) to work on /home/airflow/.local/lib/python3.8/site-packages/airflow/example_dags/example_skip_dag.py
[2023-12-18T20:57:42.184+0000] {processor.py:829} INFO - Processing file /home/airflow/.local/lib/python3.8/site-packages/airflow/example_dags/example_skip_dag.py for tasks to queue
[2023-12-18T20:57:42.188+0000] {logging_mixin.py:154} INFO - [2023-12-18T20:57:42.188+0000] {dagbag.py:536} INFO - Filling up the DagBag from /home/airflow/.local/lib/python3.8/site-packages/airflow/example_dags/example_skip_dag.py
[2023-12-18T20:57:42.208+0000] {processor.py:839} INFO - DAG(s) dict_keys(['example_skip_dag']) retrieved from /home/airflow/.local/lib/python3.8/site-packages/airflow/example_dags/example_skip_dag.py
[2023-12-18T20:57:42.246+0000] {logging_mixin.py:154} INFO - [2023-12-18T20:57:42.246+0000] {dag.py:2941} INFO - Sync 1 DAGs
[2023-12-18T20:57:42.287+0000] {logging_mixin.py:154} INFO - [2023-12-18T20:57:42.286+0000] {dag.py:3722} INFO - Setting next_dagrun for example_skip_dag to 2023-12-17T20:57:42.286528+00:00, run_after=2023-12-18T20:57:42.286528+00:00
[2023-12-18T20:57:42.323+0000] {processor.py:179} INFO - Processing /home/airflow/.local/lib/python3.8/site-packages/airflow/example_dags/example_skip_dag.py took 0.147 seconds
[2023-12-18T20:58:12.974+0000] {processor.py:157} INFO - Started process (PID=235) to work on /home/airflow/.local/lib/python3.8/site-packages/airflow/example_dags/example_skip_dag.py
[2023-12-18T20:58:12.976+0000] {processor.py:829} INFO - Processing file /home/airflow/.local/lib/python3.8/site-packages/airflow/example_dags/example_skip_dag.py for tasks to queue
[2023-12-18T20:58:12.979+0000] {logging_mixin.py:154} INFO - [2023-12-18T20:58:12.978+0000] {dagbag.py:536} INFO - Filling up the DagBag from /home/airflow/.local/lib/python3.8/site-packages/airflow/example_dags/example_skip_dag.py
[2023-12-18T20:58:12.989+0000] {processor.py:839} INFO - DAG(s) dict_keys(['example_skip_dag']) retrieved from /home/airflow/.local/lib/python3.8/site-packages/airflow/example_dags/example_skip_dag.py
[2023-12-18T20:58:13.035+0000] {logging_mixin.py:154} INFO - [2023-12-18T20:58:13.035+0000] {dag.py:2941} INFO - Sync 1 DAGs
[2023-12-18T20:58:13.083+0000] {logging_mixin.py:154} INFO - [2023-12-18T20:58:13.082+0000] {dag.py:3722} INFO - Setting next_dagrun for example_skip_dag to 2023-12-17T20:58:13.082550+00:00, run_after=2023-12-18T20:58:13.082550+00:00
[2023-12-18T20:58:13.129+0000] {processor.py:179} INFO - Processing /home/airflow/.local/lib/python3.8/site-packages/airflow/example_dags/example_skip_dag.py took 0.160 seconds
[2023-12-18T20:58:43.238+0000] {processor.py:157} INFO - Started process (PID=296) to work on /home/airflow/.local/lib/python3.8/site-packages/airflow/example_dags/example_skip_dag.py
[2023-12-18T20:58:43.239+0000] {processor.py:829} INFO - Processing file /home/airflow/.local/lib/python3.8/site-packages/airflow/example_dags/example_skip_dag.py for tasks to queue
[2023-12-18T20:58:43.243+0000] {logging_mixin.py:154} INFO - [2023-12-18T20:58:43.242+0000] {dagbag.py:536} INFO - Filling up the DagBag from /home/airflow/.local/lib/python3.8/site-packages/airflow/example_dags/example_skip_dag.py
[2023-12-18T20:58:43.253+0000] {processor.py:839} INFO - DAG(s) dict_keys(['example_skip_dag']) retrieved from /home/airflow/.local/lib/python3.8/site-packages/airflow/example_dags/example_skip_dag.py
[2023-12-18T20:58:43.288+0000] {logging_mixin.py:154} INFO - [2023-12-18T20:58:43.287+0000] {dag.py:2941} INFO - Sync 1 DAGs
[2023-12-18T20:58:43.330+0000] {logging_mixin.py:154} INFO - [2023-12-18T20:58:43.330+0000] {dag.py:3722} INFO - Setting next_dagrun for example_skip_dag to 2023-12-17T20:58:43.329670+00:00, run_after=2023-12-18T20:58:43.329670+00:00
[2023-12-18T20:58:43.387+0000] {processor.py:179} INFO - Processing /home/airflow/.local/lib/python3.8/site-packages/airflow/example_dags/example_skip_dag.py took 0.154 seconds
[2023-12-18T20:59:14.280+0000] {processor.py:157} INFO - Started process (PID=350) to work on /home/airflow/.local/lib/python3.8/site-packages/airflow/example_dags/example_skip_dag.py
[2023-12-18T20:59:14.282+0000] {processor.py:829} INFO - Processing file /home/airflow/.local/lib/python3.8/site-packages/airflow/example_dags/example_skip_dag.py for tasks to queue
[2023-12-18T20:59:14.285+0000] {logging_mixin.py:154} INFO - [2023-12-18T20:59:14.284+0000] {dagbag.py:536} INFO - Filling up the DagBag from /home/airflow/.local/lib/python3.8/site-packages/airflow/example_dags/example_skip_dag.py
[2023-12-18T20:59:14.295+0000] {processor.py:839} INFO - DAG(s) dict_keys(['example_skip_dag']) retrieved from /home/airflow/.local/lib/python3.8/site-packages/airflow/example_dags/example_skip_dag.py
[2023-12-18T20:59:14.333+0000] {logging_mixin.py:154} INFO - [2023-12-18T20:59:14.332+0000] {dag.py:2941} INFO - Sync 1 DAGs
[2023-12-18T20:59:14.376+0000] {logging_mixin.py:154} INFO - [2023-12-18T20:59:14.376+0000] {dag.py:3722} INFO - Setting next_dagrun for example_skip_dag to 2023-12-17T20:59:14.376000+00:00, run_after=2023-12-18T20:59:14.376000+00:00
[2023-12-18T20:59:14.411+0000] {processor.py:179} INFO - Processing /home/airflow/.local/lib/python3.8/site-packages/airflow/example_dags/example_skip_dag.py took 0.136 seconds
[2023-12-18T20:59:45.432+0000] {processor.py:157} INFO - Started process (PID=404) to work on /home/airflow/.local/lib/python3.8/site-packages/airflow/example_dags/example_skip_dag.py
[2023-12-18T20:59:45.434+0000] {processor.py:829} INFO - Processing file /home/airflow/.local/lib/python3.8/site-packages/airflow/example_dags/example_skip_dag.py for tasks to queue
[2023-12-18T20:59:45.439+0000] {logging_mixin.py:154} INFO - [2023-12-18T20:59:45.438+0000] {dagbag.py:536} INFO - Filling up the DagBag from /home/airflow/.local/lib/python3.8/site-packages/airflow/example_dags/example_skip_dag.py
[2023-12-18T20:59:45.449+0000] {processor.py:839} INFO - DAG(s) dict_keys(['example_skip_dag']) retrieved from /home/airflow/.local/lib/python3.8/site-packages/airflow/example_dags/example_skip_dag.py
[2023-12-18T20:59:45.486+0000] {logging_mixin.py:154} INFO - [2023-12-18T20:59:45.485+0000] {dag.py:2941} INFO - Sync 1 DAGs
[2023-12-18T20:59:45.587+0000] {logging_mixin.py:154} INFO - [2023-12-18T20:59:45.587+0000] {dag.py:3722} INFO - Setting next_dagrun for example_skip_dag to 2023-12-17T20:59:45.577766+00:00, run_after=2023-12-18T20:59:45.577766+00:00
[2023-12-18T20:59:45.715+0000] {processor.py:179} INFO - Processing /home/airflow/.local/lib/python3.8/site-packages/airflow/example_dags/example_skip_dag.py took 0.290 seconds
[2023-12-18T21:00:15.877+0000] {processor.py:157} INFO - Started process (PID=458) to work on /home/airflow/.local/lib/python3.8/site-packages/airflow/example_dags/example_skip_dag.py
[2023-12-18T21:00:15.878+0000] {processor.py:829} INFO - Processing file /home/airflow/.local/lib/python3.8/site-packages/airflow/example_dags/example_skip_dag.py for tasks to queue
[2023-12-18T21:00:15.881+0000] {logging_mixin.py:154} INFO - [2023-12-18T21:00:15.881+0000] {dagbag.py:536} INFO - Filling up the DagBag from /home/airflow/.local/lib/python3.8/site-packages/airflow/example_dags/example_skip_dag.py
[2023-12-18T21:00:15.892+0000] {processor.py:839} INFO - DAG(s) dict_keys(['example_skip_dag']) retrieved from /home/airflow/.local/lib/python3.8/site-packages/airflow/example_dags/example_skip_dag.py
[2023-12-18T21:00:15.943+0000] {logging_mixin.py:154} INFO - [2023-12-18T21:00:15.943+0000] {dag.py:2941} INFO - Sync 1 DAGs
[2023-12-18T21:00:15.993+0000] {logging_mixin.py:154} INFO - [2023-12-18T21:00:15.992+0000] {dag.py:3722} INFO - Setting next_dagrun for example_skip_dag to 2023-12-17T21:00:15.992108+00:00, run_after=2023-12-18T21:00:15.992108+00:00
[2023-12-18T21:00:16.036+0000] {processor.py:179} INFO - Processing /home/airflow/.local/lib/python3.8/site-packages/airflow/example_dags/example_skip_dag.py took 0.164 seconds
[2023-12-18T21:00:46.356+0000] {processor.py:157} INFO - Started process (PID=512) to work on /home/airflow/.local/lib/python3.8/site-packages/airflow/example_dags/example_skip_dag.py
[2023-12-18T21:00:46.358+0000] {processor.py:829} INFO - Processing file /home/airflow/.local/lib/python3.8/site-packages/airflow/example_dags/example_skip_dag.py for tasks to queue
[2023-12-18T21:00:46.361+0000] {logging_mixin.py:154} INFO - [2023-12-18T21:00:46.361+0000] {dagbag.py:536} INFO - Filling up the DagBag from /home/airflow/.local/lib/python3.8/site-packages/airflow/example_dags/example_skip_dag.py
[2023-12-18T21:00:46.372+0000] {processor.py:839} INFO - DAG(s) dict_keys(['example_skip_dag']) retrieved from /home/airflow/.local/lib/python3.8/site-packages/airflow/example_dags/example_skip_dag.py
[2023-12-18T21:00:46.408+0000] {logging_mixin.py:154} INFO - [2023-12-18T21:00:46.408+0000] {dag.py:2941} INFO - Sync 1 DAGs
[2023-12-18T21:00:46.460+0000] {logging_mixin.py:154} INFO - [2023-12-18T21:00:46.459+0000] {dag.py:3722} INFO - Setting next_dagrun for example_skip_dag to 2023-12-17T21:00:46.459102+00:00, run_after=2023-12-18T21:00:46.459102+00:00
[2023-12-18T21:00:46.501+0000] {processor.py:179} INFO - Processing /home/airflow/.local/lib/python3.8/site-packages/airflow/example_dags/example_skip_dag.py took 0.151 seconds
[2023-12-18T21:01:16.596+0000] {processor.py:157} INFO - Started process (PID=566) to work on /home/airflow/.local/lib/python3.8/site-packages/airflow/example_dags/example_skip_dag.py
[2023-12-18T21:01:16.597+0000] {processor.py:829} INFO - Processing file /home/airflow/.local/lib/python3.8/site-packages/airflow/example_dags/example_skip_dag.py for tasks to queue
[2023-12-18T21:01:16.600+0000] {logging_mixin.py:154} INFO - [2023-12-18T21:01:16.600+0000] {dagbag.py:536} INFO - Filling up the DagBag from /home/airflow/.local/lib/python3.8/site-packages/airflow/example_dags/example_skip_dag.py
[2023-12-18T21:01:16.615+0000] {processor.py:839} INFO - DAG(s) dict_keys(['example_skip_dag']) retrieved from /home/airflow/.local/lib/python3.8/site-packages/airflow/example_dags/example_skip_dag.py
[2023-12-18T21:01:16.665+0000] {logging_mixin.py:154} INFO - [2023-12-18T21:01:16.664+0000] {dag.py:2941} INFO - Sync 1 DAGs
[2023-12-18T21:01:16.736+0000] {logging_mixin.py:154} INFO - [2023-12-18T21:01:16.735+0000] {dag.py:3722} INFO - Setting next_dagrun for example_skip_dag to 2023-12-17T21:01:16.735148+00:00, run_after=2023-12-18T21:01:16.735148+00:00
[2023-12-18T21:01:16.788+0000] {processor.py:179} INFO - Processing /home/airflow/.local/lib/python3.8/site-packages/airflow/example_dags/example_skip_dag.py took 0.197 seconds
[2023-12-18T21:01:47.086+0000] {processor.py:157} INFO - Started process (PID=620) to work on /home/airflow/.local/lib/python3.8/site-packages/airflow/example_dags/example_skip_dag.py
[2023-12-18T21:01:47.087+0000] {processor.py:829} INFO - Processing file /home/airflow/.local/lib/python3.8/site-packages/airflow/example_dags/example_skip_dag.py for tasks to queue
[2023-12-18T21:01:47.090+0000] {logging_mixin.py:154} INFO - [2023-12-18T21:01:47.089+0000] {dagbag.py:536} INFO - Filling up the DagBag from /home/airflow/.local/lib/python3.8/site-packages/airflow/example_dags/example_skip_dag.py
[2023-12-18T21:01:47.099+0000] {processor.py:839} INFO - DAG(s) dict_keys(['example_skip_dag']) retrieved from /home/airflow/.local/lib/python3.8/site-packages/airflow/example_dags/example_skip_dag.py
[2023-12-18T21:01:47.134+0000] {logging_mixin.py:154} INFO - [2023-12-18T21:01:47.134+0000] {dag.py:2941} INFO - Sync 1 DAGs
[2023-12-18T21:01:47.177+0000] {logging_mixin.py:154} INFO - [2023-12-18T21:01:47.176+0000] {dag.py:3722} INFO - Setting next_dagrun for example_skip_dag to 2023-12-17T21:01:47.176297+00:00, run_after=2023-12-18T21:01:47.176297+00:00
[2023-12-18T21:01:47.253+0000] {processor.py:179} INFO - Processing /home/airflow/.local/lib/python3.8/site-packages/airflow/example_dags/example_skip_dag.py took 0.171 seconds
[2023-12-18T21:02:18.328+0000] {processor.py:157} INFO - Started process (PID=674) to work on /home/airflow/.local/lib/python3.8/site-packages/airflow/example_dags/example_skip_dag.py
[2023-12-18T21:02:18.330+0000] {processor.py:829} INFO - Processing file /home/airflow/.local/lib/python3.8/site-packages/airflow/example_dags/example_skip_dag.py for tasks to queue
[2023-12-18T21:02:18.333+0000] {logging_mixin.py:154} INFO - [2023-12-18T21:02:18.333+0000] {dagbag.py:536} INFO - Filling up the DagBag from /home/airflow/.local/lib/python3.8/site-packages/airflow/example_dags/example_skip_dag.py
[2023-12-18T21:02:18.343+0000] {processor.py:839} INFO - DAG(s) dict_keys(['example_skip_dag']) retrieved from /home/airflow/.local/lib/python3.8/site-packages/airflow/example_dags/example_skip_dag.py
[2023-12-18T21:02:18.381+0000] {logging_mixin.py:154} INFO - [2023-12-18T21:02:18.381+0000] {dag.py:2941} INFO - Sync 1 DAGs
[2023-12-18T21:02:18.449+0000] {logging_mixin.py:154} INFO - [2023-12-18T21:02:18.449+0000] {dag.py:3722} INFO - Setting next_dagrun for example_skip_dag to 2023-12-17T21:02:18.448653+00:00, run_after=2023-12-18T21:02:18.448653+00:00
[2023-12-18T21:02:18.516+0000] {processor.py:179} INFO - Processing /home/airflow/.local/lib/python3.8/site-packages/airflow/example_dags/example_skip_dag.py took 0.192 seconds
[2023-12-18T21:02:49.325+0000] {processor.py:157} INFO - Started process (PID=728) to work on /home/airflow/.local/lib/python3.8/site-packages/airflow/example_dags/example_skip_dag.py
[2023-12-18T21:02:49.327+0000] {processor.py:829} INFO - Processing file /home/airflow/.local/lib/python3.8/site-packages/airflow/example_dags/example_skip_dag.py for tasks to queue
[2023-12-18T21:02:49.330+0000] {logging_mixin.py:154} INFO - [2023-12-18T21:02:49.330+0000] {dagbag.py:536} INFO - Filling up the DagBag from /home/airflow/.local/lib/python3.8/site-packages/airflow/example_dags/example_skip_dag.py
[2023-12-18T21:02:49.344+0000] {processor.py:839} INFO - DAG(s) dict_keys(['example_skip_dag']) retrieved from /home/airflow/.local/lib/python3.8/site-packages/airflow/example_dags/example_skip_dag.py
[2023-12-18T21:02:49.386+0000] {logging_mixin.py:154} INFO - [2023-12-18T21:02:49.386+0000] {dag.py:2941} INFO - Sync 1 DAGs
[2023-12-18T21:02:49.438+0000] {logging_mixin.py:154} INFO - [2023-12-18T21:02:49.437+0000] {dag.py:3722} INFO - Setting next_dagrun for example_skip_dag to 2023-12-17T21:02:49.437114+00:00, run_after=2023-12-18T21:02:49.437114+00:00
[2023-12-18T21:02:49.477+0000] {processor.py:179} INFO - Processing /home/airflow/.local/lib/python3.8/site-packages/airflow/example_dags/example_skip_dag.py took 0.158 seconds
[2023-12-18T21:03:19.580+0000] {processor.py:157} INFO - Started process (PID=782) to work on /home/airflow/.local/lib/python3.8/site-packages/airflow/example_dags/example_skip_dag.py
[2023-12-18T21:03:19.581+0000] {processor.py:829} INFO - Processing file /home/airflow/.local/lib/python3.8/site-packages/airflow/example_dags/example_skip_dag.py for tasks to queue
[2023-12-18T21:03:19.585+0000] {logging_mixin.py:154} INFO - [2023-12-18T21:03:19.585+0000] {dagbag.py:536} INFO - Filling up the DagBag from /home/airflow/.local/lib/python3.8/site-packages/airflow/example_dags/example_skip_dag.py
[2023-12-18T21:03:19.596+0000] {processor.py:839} INFO - DAG(s) dict_keys(['example_skip_dag']) retrieved from /home/airflow/.local/lib/python3.8/site-packages/airflow/example_dags/example_skip_dag.py
[2023-12-18T21:03:19.635+0000] {logging_mixin.py:154} INFO - [2023-12-18T21:03:19.634+0000] {dag.py:2941} INFO - Sync 1 DAGs
[2023-12-18T21:03:19.679+0000] {logging_mixin.py:154} INFO - [2023-12-18T21:03:19.679+0000] {dag.py:3722} INFO - Setting next_dagrun for example_skip_dag to 2023-12-17T21:03:19.679155+00:00, run_after=2023-12-18T21:03:19.679155+00:00
[2023-12-18T21:03:19.718+0000] {processor.py:179} INFO - Processing /home/airflow/.local/lib/python3.8/site-packages/airflow/example_dags/example_skip_dag.py took 0.143 seconds
[2023-12-18T21:03:50.559+0000] {processor.py:157} INFO - Started process (PID=836) to work on /home/airflow/.local/lib/python3.8/site-packages/airflow/example_dags/example_skip_dag.py
[2023-12-18T21:03:50.560+0000] {processor.py:829} INFO - Processing file /home/airflow/.local/lib/python3.8/site-packages/airflow/example_dags/example_skip_dag.py for tasks to queue
[2023-12-18T21:03:50.562+0000] {logging_mixin.py:154} INFO - [2023-12-18T21:03:50.562+0000] {dagbag.py:536} INFO - Filling up the DagBag from /home/airflow/.local/lib/python3.8/site-packages/airflow/example_dags/example_skip_dag.py
[2023-12-18T21:03:50.568+0000] {processor.py:839} INFO - DAG(s) dict_keys(['example_skip_dag']) retrieved from /home/airflow/.local/lib/python3.8/site-packages/airflow/example_dags/example_skip_dag.py
[2023-12-18T21:03:50.586+0000] {logging_mixin.py:154} INFO - [2023-12-18T21:03:50.586+0000] {dag.py:2941} INFO - Sync 1 DAGs
[2023-12-18T21:03:50.608+0000] {logging_mixin.py:154} INFO - [2023-12-18T21:03:50.607+0000] {dag.py:3722} INFO - Setting next_dagrun for example_skip_dag to 2023-12-17T21:03:50.607693+00:00, run_after=2023-12-18T21:03:50.607693+00:00
[2023-12-18T21:03:50.624+0000] {processor.py:179} INFO - Processing /home/airflow/.local/lib/python3.8/site-packages/airflow/example_dags/example_skip_dag.py took 0.068 seconds
[2023-12-18T21:04:21.476+0000] {processor.py:157} INFO - Started process (PID=890) to work on /home/airflow/.local/lib/python3.8/site-packages/airflow/example_dags/example_skip_dag.py
[2023-12-18T21:04:21.477+0000] {processor.py:829} INFO - Processing file /home/airflow/.local/lib/python3.8/site-packages/airflow/example_dags/example_skip_dag.py for tasks to queue
[2023-12-18T21:04:21.479+0000] {logging_mixin.py:154} INFO - [2023-12-18T21:04:21.478+0000] {dagbag.py:536} INFO - Filling up the DagBag from /home/airflow/.local/lib/python3.8/site-packages/airflow/example_dags/example_skip_dag.py
[2023-12-18T21:04:21.484+0000] {processor.py:839} INFO - DAG(s) dict_keys(['example_skip_dag']) retrieved from /home/airflow/.local/lib/python3.8/site-packages/airflow/example_dags/example_skip_dag.py
[2023-12-18T21:04:21.501+0000] {logging_mixin.py:154} INFO - [2023-12-18T21:04:21.501+0000] {dag.py:2941} INFO - Sync 1 DAGs
[2023-12-18T21:04:21.523+0000] {logging_mixin.py:154} INFO - [2023-12-18T21:04:21.523+0000] {dag.py:3722} INFO - Setting next_dagrun for example_skip_dag to 2023-12-17T21:04:21.523203+00:00, run_after=2023-12-18T21:04:21.523203+00:00
[2023-12-18T21:04:21.541+0000] {processor.py:179} INFO - Processing /home/airflow/.local/lib/python3.8/site-packages/airflow/example_dags/example_skip_dag.py took 0.068 seconds
[2023-12-18T21:04:51.753+0000] {processor.py:157} INFO - Started process (PID=944) to work on /home/airflow/.local/lib/python3.8/site-packages/airflow/example_dags/example_skip_dag.py
[2023-12-18T21:04:51.754+0000] {processor.py:829} INFO - Processing file /home/airflow/.local/lib/python3.8/site-packages/airflow/example_dags/example_skip_dag.py for tasks to queue
[2023-12-18T21:04:51.755+0000] {logging_mixin.py:154} INFO - [2023-12-18T21:04:51.755+0000] {dagbag.py:536} INFO - Filling up the DagBag from /home/airflow/.local/lib/python3.8/site-packages/airflow/example_dags/example_skip_dag.py
[2023-12-18T21:04:51.760+0000] {processor.py:839} INFO - DAG(s) dict_keys(['example_skip_dag']) retrieved from /home/airflow/.local/lib/python3.8/site-packages/airflow/example_dags/example_skip_dag.py
[2023-12-18T21:04:51.776+0000] {logging_mixin.py:154} INFO - [2023-12-18T21:04:51.776+0000] {dag.py:2941} INFO - Sync 1 DAGs
[2023-12-18T21:04:51.793+0000] {logging_mixin.py:154} INFO - [2023-12-18T21:04:51.793+0000] {dag.py:3722} INFO - Setting next_dagrun for example_skip_dag to 2023-12-17T21:04:51.793315+00:00, run_after=2023-12-18T21:04:51.793315+00:00
[2023-12-18T21:04:51.808+0000] {processor.py:179} INFO - Processing /home/airflow/.local/lib/python3.8/site-packages/airflow/example_dags/example_skip_dag.py took 0.057 seconds
[2023-12-18T21:05:22.144+0000] {processor.py:157} INFO - Started process (PID=998) to work on /home/airflow/.local/lib/python3.8/site-packages/airflow/example_dags/example_skip_dag.py
[2023-12-18T21:05:22.145+0000] {processor.py:829} INFO - Processing file /home/airflow/.local/lib/python3.8/site-packages/airflow/example_dags/example_skip_dag.py for tasks to queue
[2023-12-18T21:05:22.146+0000] {logging_mixin.py:154} INFO - [2023-12-18T21:05:22.146+0000] {dagbag.py:536} INFO - Filling up the DagBag from /home/airflow/.local/lib/python3.8/site-packages/airflow/example_dags/example_skip_dag.py
[2023-12-18T21:05:22.151+0000] {processor.py:839} INFO - DAG(s) dict_keys(['example_skip_dag']) retrieved from /home/airflow/.local/lib/python3.8/site-packages/airflow/example_dags/example_skip_dag.py
[2023-12-18T21:05:22.167+0000] {logging_mixin.py:154} INFO - [2023-12-18T21:05:22.167+0000] {dag.py:2941} INFO - Sync 1 DAGs
[2023-12-18T21:05:22.185+0000] {logging_mixin.py:154} INFO - [2023-12-18T21:05:22.184+0000] {dag.py:3722} INFO - Setting next_dagrun for example_skip_dag to 2023-12-17T21:05:22.184634+00:00, run_after=2023-12-18T21:05:22.184634+00:00
[2023-12-18T21:05:22.200+0000] {processor.py:179} INFO - Processing /home/airflow/.local/lib/python3.8/site-packages/airflow/example_dags/example_skip_dag.py took 0.058 seconds
[2023-12-18T21:05:52.441+0000] {processor.py:157} INFO - Started process (PID=1052) to work on /home/airflow/.local/lib/python3.8/site-packages/airflow/example_dags/example_skip_dag.py
[2023-12-18T21:05:52.442+0000] {processor.py:829} INFO - Processing file /home/airflow/.local/lib/python3.8/site-packages/airflow/example_dags/example_skip_dag.py for tasks to queue
[2023-12-18T21:05:52.443+0000] {logging_mixin.py:154} INFO - [2023-12-18T21:05:52.443+0000] {dagbag.py:536} INFO - Filling up the DagBag from /home/airflow/.local/lib/python3.8/site-packages/airflow/example_dags/example_skip_dag.py
[2023-12-18T21:05:52.448+0000] {processor.py:839} INFO - DAG(s) dict_keys(['example_skip_dag']) retrieved from /home/airflow/.local/lib/python3.8/site-packages/airflow/example_dags/example_skip_dag.py
[2023-12-18T21:05:52.463+0000] {logging_mixin.py:154} INFO - [2023-12-18T21:05:52.463+0000] {dag.py:2941} INFO - Sync 1 DAGs
[2023-12-18T21:05:52.480+0000] {logging_mixin.py:154} INFO - [2023-12-18T21:05:52.479+0000] {dag.py:3722} INFO - Setting next_dagrun for example_skip_dag to 2023-12-17T21:05:52.479701+00:00, run_after=2023-12-18T21:05:52.479701+00:00
[2023-12-18T21:05:52.495+0000] {processor.py:179} INFO - Processing /home/airflow/.local/lib/python3.8/site-packages/airflow/example_dags/example_skip_dag.py took 0.056 seconds
[2023-12-18T21:06:22.865+0000] {processor.py:157} INFO - Started process (PID=1106) to work on /home/airflow/.local/lib/python3.8/site-packages/airflow/example_dags/example_skip_dag.py
[2023-12-18T21:06:22.865+0000] {processor.py:829} INFO - Processing file /home/airflow/.local/lib/python3.8/site-packages/airflow/example_dags/example_skip_dag.py for tasks to queue
[2023-12-18T21:06:22.867+0000] {logging_mixin.py:154} INFO - [2023-12-18T21:06:22.867+0000] {dagbag.py:536} INFO - Filling up the DagBag from /home/airflow/.local/lib/python3.8/site-packages/airflow/example_dags/example_skip_dag.py
[2023-12-18T21:06:22.872+0000] {processor.py:839} INFO - DAG(s) dict_keys(['example_skip_dag']) retrieved from /home/airflow/.local/lib/python3.8/site-packages/airflow/example_dags/example_skip_dag.py
[2023-12-18T21:06:22.888+0000] {logging_mixin.py:154} INFO - [2023-12-18T21:06:22.888+0000] {dag.py:2941} INFO - Sync 1 DAGs
[2023-12-18T21:06:22.906+0000] {logging_mixin.py:154} INFO - [2023-12-18T21:06:22.906+0000] {dag.py:3722} INFO - Setting next_dagrun for example_skip_dag to 2023-12-17T21:06:22.905913+00:00, run_after=2023-12-18T21:06:22.905913+00:00
[2023-12-18T21:06:22.921+0000] {processor.py:179} INFO - Processing /home/airflow/.local/lib/python3.8/site-packages/airflow/example_dags/example_skip_dag.py took 0.058 seconds
[2023-12-18T21:06:53.060+0000] {processor.py:157} INFO - Started process (PID=1160) to work on /home/airflow/.local/lib/python3.8/site-packages/airflow/example_dags/example_skip_dag.py
[2023-12-18T21:06:53.061+0000] {processor.py:829} INFO - Processing file /home/airflow/.local/lib/python3.8/site-packages/airflow/example_dags/example_skip_dag.py for tasks to queue
[2023-12-18T21:06:53.062+0000] {logging_mixin.py:154} INFO - [2023-12-18T21:06:53.062+0000] {dagbag.py:536} INFO - Filling up the DagBag from /home/airflow/.local/lib/python3.8/site-packages/airflow/example_dags/example_skip_dag.py
[2023-12-18T21:06:53.067+0000] {processor.py:839} INFO - DAG(s) dict_keys(['example_skip_dag']) retrieved from /home/airflow/.local/lib/python3.8/site-packages/airflow/example_dags/example_skip_dag.py
[2023-12-18T21:06:53.083+0000] {logging_mixin.py:154} INFO - [2023-12-18T21:06:53.083+0000] {dag.py:2941} INFO - Sync 1 DAGs
[2023-12-18T21:06:53.100+0000] {logging_mixin.py:154} INFO - [2023-12-18T21:06:53.100+0000] {dag.py:3722} INFO - Setting next_dagrun for example_skip_dag to 2023-12-17T21:06:53.099902+00:00, run_after=2023-12-18T21:06:53.099902+00:00
[2023-12-18T21:06:53.113+0000] {processor.py:179} INFO - Processing /home/airflow/.local/lib/python3.8/site-packages/airflow/example_dags/example_skip_dag.py took 0.055 seconds
[2023-12-18T21:07:23.306+0000] {processor.py:157} INFO - Started process (PID=1214) to work on /home/airflow/.local/lib/python3.8/site-packages/airflow/example_dags/example_skip_dag.py
[2023-12-18T21:07:23.306+0000] {processor.py:829} INFO - Processing file /home/airflow/.local/lib/python3.8/site-packages/airflow/example_dags/example_skip_dag.py for tasks to queue
[2023-12-18T21:07:23.308+0000] {logging_mixin.py:154} INFO - [2023-12-18T21:07:23.307+0000] {dagbag.py:536} INFO - Filling up the DagBag from /home/airflow/.local/lib/python3.8/site-packages/airflow/example_dags/example_skip_dag.py
[2023-12-18T21:07:23.312+0000] {processor.py:839} INFO - DAG(s) dict_keys(['example_skip_dag']) retrieved from /home/airflow/.local/lib/python3.8/site-packages/airflow/example_dags/example_skip_dag.py
[2023-12-18T21:07:23.328+0000] {logging_mixin.py:154} INFO - [2023-12-18T21:07:23.328+0000] {dag.py:2941} INFO - Sync 1 DAGs
[2023-12-18T21:07:23.347+0000] {logging_mixin.py:154} INFO - [2023-12-18T21:07:23.347+0000] {dag.py:3722} INFO - Setting next_dagrun for example_skip_dag to 2023-12-17T21:07:23.346879+00:00, run_after=2023-12-18T21:07:23.346879+00:00
[2023-12-18T21:07:23.361+0000] {processor.py:179} INFO - Processing /home/airflow/.local/lib/python3.8/site-packages/airflow/example_dags/example_skip_dag.py took 0.058 seconds
[2023-12-18T21:07:54.347+0000] {processor.py:157} INFO - Started process (PID=1268) to work on /home/airflow/.local/lib/python3.8/site-packages/airflow/example_dags/example_skip_dag.py
[2023-12-18T21:07:54.348+0000] {processor.py:829} INFO - Processing file /home/airflow/.local/lib/python3.8/site-packages/airflow/example_dags/example_skip_dag.py for tasks to queue
[2023-12-18T21:07:54.349+0000] {logging_mixin.py:154} INFO - [2023-12-18T21:07:54.349+0000] {dagbag.py:536} INFO - Filling up the DagBag from /home/airflow/.local/lib/python3.8/site-packages/airflow/example_dags/example_skip_dag.py
[2023-12-18T21:07:54.354+0000] {processor.py:839} INFO - DAG(s) dict_keys(['example_skip_dag']) retrieved from /home/airflow/.local/lib/python3.8/site-packages/airflow/example_dags/example_skip_dag.py
[2023-12-18T21:07:54.371+0000] {logging_mixin.py:154} INFO - [2023-12-18T21:07:54.371+0000] {dag.py:2941} INFO - Sync 1 DAGs
[2023-12-18T21:07:54.389+0000] {logging_mixin.py:154} INFO - [2023-12-18T21:07:54.389+0000] {dag.py:3722} INFO - Setting next_dagrun for example_skip_dag to 2023-12-17T21:07:54.388855+00:00, run_after=2023-12-18T21:07:54.388855+00:00
[2023-12-18T21:07:54.403+0000] {processor.py:179} INFO - Processing /home/airflow/.local/lib/python3.8/site-packages/airflow/example_dags/example_skip_dag.py took 0.058 seconds
[2023-12-18T21:11:28.604+0000] {processor.py:157} INFO - Started process (PID=1313) to work on /home/airflow/.local/lib/python3.8/site-packages/airflow/example_dags/example_skip_dag.py
[2023-12-18T21:11:28.604+0000] {processor.py:829} INFO - Processing file /home/airflow/.local/lib/python3.8/site-packages/airflow/example_dags/example_skip_dag.py for tasks to queue
[2023-12-18T21:11:28.606+0000] {logging_mixin.py:154} INFO - [2023-12-18T21:11:28.606+0000] {dagbag.py:536} INFO - Filling up the DagBag from /home/airflow/.local/lib/python3.8/site-packages/airflow/example_dags/example_skip_dag.py
[2023-12-18T21:11:28.611+0000] {processor.py:839} INFO - DAG(s) dict_keys(['example_skip_dag']) retrieved from /home/airflow/.local/lib/python3.8/site-packages/airflow/example_dags/example_skip_dag.py
[2023-12-18T21:11:28.627+0000] {logging_mixin.py:154} INFO - [2023-12-18T21:11:28.627+0000] {dag.py:2941} INFO - Sync 1 DAGs
[2023-12-18T21:11:28.645+0000] {logging_mixin.py:154} INFO - [2023-12-18T21:11:28.645+0000] {dag.py:3722} INFO - Setting next_dagrun for example_skip_dag to 2023-12-17T21:11:28.645293+00:00, run_after=2023-12-18T21:11:28.645293+00:00
[2023-12-18T21:11:28.661+0000] {processor.py:179} INFO - Processing /home/airflow/.local/lib/python3.8/site-packages/airflow/example_dags/example_skip_dag.py took 0.060 seconds
[2023-12-18T21:11:58.895+0000] {processor.py:157} INFO - Started process (PID=1367) to work on /home/airflow/.local/lib/python3.8/site-packages/airflow/example_dags/example_skip_dag.py
[2023-12-18T21:11:58.896+0000] {processor.py:829} INFO - Processing file /home/airflow/.local/lib/python3.8/site-packages/airflow/example_dags/example_skip_dag.py for tasks to queue
[2023-12-18T21:11:58.898+0000] {logging_mixin.py:154} INFO - [2023-12-18T21:11:58.898+0000] {dagbag.py:536} INFO - Filling up the DagBag from /home/airflow/.local/lib/python3.8/site-packages/airflow/example_dags/example_skip_dag.py
[2023-12-18T21:11:58.904+0000] {processor.py:839} INFO - DAG(s) dict_keys(['example_skip_dag']) retrieved from /home/airflow/.local/lib/python3.8/site-packages/airflow/example_dags/example_skip_dag.py
[2023-12-18T21:11:58.922+0000] {logging_mixin.py:154} INFO - [2023-12-18T21:11:58.922+0000] {dag.py:2941} INFO - Sync 1 DAGs
[2023-12-18T21:11:58.941+0000] {logging_mixin.py:154} INFO - [2023-12-18T21:11:58.941+0000] {dag.py:3722} INFO - Setting next_dagrun for example_skip_dag to 2023-12-17T21:11:58.941290+00:00, run_after=2023-12-18T21:11:58.941290+00:00
[2023-12-18T21:11:58.958+0000] {processor.py:179} INFO - Processing /home/airflow/.local/lib/python3.8/site-packages/airflow/example_dags/example_skip_dag.py took 0.066 seconds
[2023-12-18T21:12:29.212+0000] {processor.py:157} INFO - Started process (PID=1421) to work on /home/airflow/.local/lib/python3.8/site-packages/airflow/example_dags/example_skip_dag.py
[2023-12-18T21:12:29.213+0000] {processor.py:829} INFO - Processing file /home/airflow/.local/lib/python3.8/site-packages/airflow/example_dags/example_skip_dag.py for tasks to queue
[2023-12-18T21:12:29.215+0000] {logging_mixin.py:154} INFO - [2023-12-18T21:12:29.215+0000] {dagbag.py:536} INFO - Filling up the DagBag from /home/airflow/.local/lib/python3.8/site-packages/airflow/example_dags/example_skip_dag.py
[2023-12-18T21:12:29.220+0000] {processor.py:839} INFO - DAG(s) dict_keys(['example_skip_dag']) retrieved from /home/airflow/.local/lib/python3.8/site-packages/airflow/example_dags/example_skip_dag.py
[2023-12-18T21:12:29.236+0000] {logging_mixin.py:154} INFO - [2023-12-18T21:12:29.236+0000] {dag.py:2941} INFO - Sync 1 DAGs
[2023-12-18T21:12:29.253+0000] {logging_mixin.py:154} INFO - [2023-12-18T21:12:29.253+0000] {dag.py:3722} INFO - Setting next_dagrun for example_skip_dag to 2023-12-17T21:12:29.253423+00:00, run_after=2023-12-18T21:12:29.253423+00:00
[2023-12-18T21:12:29.269+0000] {processor.py:179} INFO - Processing /home/airflow/.local/lib/python3.8/site-packages/airflow/example_dags/example_skip_dag.py took 0.059 seconds
[2023-12-18T21:12:59.600+0000] {processor.py:157} INFO - Started process (PID=1475) to work on /home/airflow/.local/lib/python3.8/site-packages/airflow/example_dags/example_skip_dag.py
[2023-12-18T21:12:59.601+0000] {processor.py:829} INFO - Processing file /home/airflow/.local/lib/python3.8/site-packages/airflow/example_dags/example_skip_dag.py for tasks to queue
[2023-12-18T21:12:59.604+0000] {logging_mixin.py:154} INFO - [2023-12-18T21:12:59.603+0000] {dagbag.py:536} INFO - Filling up the DagBag from /home/airflow/.local/lib/python3.8/site-packages/airflow/example_dags/example_skip_dag.py
[2023-12-18T21:12:59.609+0000] {processor.py:839} INFO - DAG(s) dict_keys(['example_skip_dag']) retrieved from /home/airflow/.local/lib/python3.8/site-packages/airflow/example_dags/example_skip_dag.py
[2023-12-18T21:12:59.631+0000] {logging_mixin.py:154} INFO - [2023-12-18T21:12:59.631+0000] {dag.py:2941} INFO - Sync 1 DAGs
[2023-12-18T21:12:59.652+0000] {logging_mixin.py:154} INFO - [2023-12-18T21:12:59.651+0000] {dag.py:3722} INFO - Setting next_dagrun for example_skip_dag to 2023-12-17T21:12:59.651665+00:00, run_after=2023-12-18T21:12:59.651665+00:00
[2023-12-18T21:12:59.669+0000] {processor.py:179} INFO - Processing /home/airflow/.local/lib/python3.8/site-packages/airflow/example_dags/example_skip_dag.py took 0.072 seconds
[2023-12-18T21:13:29.907+0000] {processor.py:157} INFO - Started process (PID=1529) to work on /home/airflow/.local/lib/python3.8/site-packages/airflow/example_dags/example_skip_dag.py
[2023-12-18T21:13:29.908+0000] {processor.py:829} INFO - Processing file /home/airflow/.local/lib/python3.8/site-packages/airflow/example_dags/example_skip_dag.py for tasks to queue
[2023-12-18T21:13:29.911+0000] {logging_mixin.py:154} INFO - [2023-12-18T21:13:29.911+0000] {dagbag.py:536} INFO - Filling up the DagBag from /home/airflow/.local/lib/python3.8/site-packages/airflow/example_dags/example_skip_dag.py
[2023-12-18T21:13:29.918+0000] {processor.py:839} INFO - DAG(s) dict_keys(['example_skip_dag']) retrieved from /home/airflow/.local/lib/python3.8/site-packages/airflow/example_dags/example_skip_dag.py
[2023-12-18T21:13:29.941+0000] {logging_mixin.py:154} INFO - [2023-12-18T21:13:29.940+0000] {dag.py:2941} INFO - Sync 1 DAGs
[2023-12-18T21:13:29.966+0000] {logging_mixin.py:154} INFO - [2023-12-18T21:13:29.965+0000] {dag.py:3722} INFO - Setting next_dagrun for example_skip_dag to 2023-12-17T21:13:29.965321+00:00, run_after=2023-12-18T21:13:29.965321+00:00
[2023-12-18T21:13:29.986+0000] {processor.py:179} INFO - Processing /home/airflow/.local/lib/python3.8/site-packages/airflow/example_dags/example_skip_dag.py took 0.082 seconds
[2023-12-18T21:14:00.370+0000] {processor.py:157} INFO - Started process (PID=1583) to work on /home/airflow/.local/lib/python3.8/site-packages/airflow/example_dags/example_skip_dag.py
[2023-12-18T21:14:00.371+0000] {processor.py:829} INFO - Processing file /home/airflow/.local/lib/python3.8/site-packages/airflow/example_dags/example_skip_dag.py for tasks to queue
[2023-12-18T21:14:00.373+0000] {logging_mixin.py:154} INFO - [2023-12-18T21:14:00.373+0000] {dagbag.py:536} INFO - Filling up the DagBag from /home/airflow/.local/lib/python3.8/site-packages/airflow/example_dags/example_skip_dag.py
[2023-12-18T21:14:00.379+0000] {processor.py:839} INFO - DAG(s) dict_keys(['example_skip_dag']) retrieved from /home/airflow/.local/lib/python3.8/site-packages/airflow/example_dags/example_skip_dag.py
[2023-12-18T21:14:00.401+0000] {logging_mixin.py:154} INFO - [2023-12-18T21:14:00.401+0000] {dag.py:2941} INFO - Sync 1 DAGs
[2023-12-18T21:14:00.429+0000] {logging_mixin.py:154} INFO - [2023-12-18T21:14:00.428+0000] {dag.py:3722} INFO - Setting next_dagrun for example_skip_dag to 2023-12-17T21:14:00.428570+00:00, run_after=2023-12-18T21:14:00.428570+00:00
[2023-12-18T21:14:00.448+0000] {processor.py:179} INFO - Processing /home/airflow/.local/lib/python3.8/site-packages/airflow/example_dags/example_skip_dag.py took 0.081 seconds
[2023-12-18T21:14:30.733+0000] {processor.py:157} INFO - Started process (PID=1637) to work on /home/airflow/.local/lib/python3.8/site-packages/airflow/example_dags/example_skip_dag.py
[2023-12-18T21:14:30.734+0000] {processor.py:829} INFO - Processing file /home/airflow/.local/lib/python3.8/site-packages/airflow/example_dags/example_skip_dag.py for tasks to queue
[2023-12-18T21:14:30.736+0000] {logging_mixin.py:154} INFO - [2023-12-18T21:14:30.735+0000] {dagbag.py:536} INFO - Filling up the DagBag from /home/airflow/.local/lib/python3.8/site-packages/airflow/example_dags/example_skip_dag.py
[2023-12-18T21:14:30.741+0000] {processor.py:839} INFO - DAG(s) dict_keys(['example_skip_dag']) retrieved from /home/airflow/.local/lib/python3.8/site-packages/airflow/example_dags/example_skip_dag.py
[2023-12-18T21:14:30.758+0000] {logging_mixin.py:154} INFO - [2023-12-18T21:14:30.757+0000] {dag.py:2941} INFO - Sync 1 DAGs
[2023-12-18T21:14:30.775+0000] {logging_mixin.py:154} INFO - [2023-12-18T21:14:30.775+0000] {dag.py:3722} INFO - Setting next_dagrun for example_skip_dag to 2023-12-17T21:14:30.775492+00:00, run_after=2023-12-18T21:14:30.775492+00:00
[2023-12-18T21:14:30.790+0000] {processor.py:179} INFO - Processing /home/airflow/.local/lib/python3.8/site-packages/airflow/example_dags/example_skip_dag.py took 0.059 seconds
[2023-12-18T21:15:01.230+0000] {processor.py:157} INFO - Started process (PID=1691) to work on /home/airflow/.local/lib/python3.8/site-packages/airflow/example_dags/example_skip_dag.py
[2023-12-18T21:15:01.231+0000] {processor.py:829} INFO - Processing file /home/airflow/.local/lib/python3.8/site-packages/airflow/example_dags/example_skip_dag.py for tasks to queue
[2023-12-18T21:15:01.232+0000] {logging_mixin.py:154} INFO - [2023-12-18T21:15:01.232+0000] {dagbag.py:536} INFO - Filling up the DagBag from /home/airflow/.local/lib/python3.8/site-packages/airflow/example_dags/example_skip_dag.py
[2023-12-18T21:15:01.237+0000] {processor.py:839} INFO - DAG(s) dict_keys(['example_skip_dag']) retrieved from /home/airflow/.local/lib/python3.8/site-packages/airflow/example_dags/example_skip_dag.py
[2023-12-18T21:15:01.255+0000] {logging_mixin.py:154} INFO - [2023-12-18T21:15:01.255+0000] {dag.py:2941} INFO - Sync 1 DAGs
[2023-12-18T21:15:01.279+0000] {logging_mixin.py:154} INFO - [2023-12-18T21:15:01.279+0000] {dag.py:3722} INFO - Setting next_dagrun for example_skip_dag to 2023-12-17T21:15:01.279089+00:00, run_after=2023-12-18T21:15:01.279089+00:00
[2023-12-18T21:15:01.301+0000] {processor.py:179} INFO - Processing /home/airflow/.local/lib/python3.8/site-packages/airflow/example_dags/example_skip_dag.py took 0.074 seconds
[2023-12-18T21:15:31.606+0000] {processor.py:157} INFO - Started process (PID=1745) to work on /home/airflow/.local/lib/python3.8/site-packages/airflow/example_dags/example_skip_dag.py
[2023-12-18T21:15:31.607+0000] {processor.py:829} INFO - Processing file /home/airflow/.local/lib/python3.8/site-packages/airflow/example_dags/example_skip_dag.py for tasks to queue
[2023-12-18T21:15:31.609+0000] {logging_mixin.py:154} INFO - [2023-12-18T21:15:31.608+0000] {dagbag.py:536} INFO - Filling up the DagBag from /home/airflow/.local/lib/python3.8/site-packages/airflow/example_dags/example_skip_dag.py
[2023-12-18T21:15:31.614+0000] {processor.py:839} INFO - DAG(s) dict_keys(['example_skip_dag']) retrieved from /home/airflow/.local/lib/python3.8/site-packages/airflow/example_dags/example_skip_dag.py
[2023-12-18T21:15:31.631+0000] {logging_mixin.py:154} INFO - [2023-12-18T21:15:31.630+0000] {dag.py:2941} INFO - Sync 1 DAGs
[2023-12-18T21:15:31.650+0000] {logging_mixin.py:154} INFO - [2023-12-18T21:15:31.650+0000] {dag.py:3722} INFO - Setting next_dagrun for example_skip_dag to 2023-12-17T21:15:31.649875+00:00, run_after=2023-12-18T21:15:31.649875+00:00
[2023-12-18T21:15:31.666+0000] {processor.py:179} INFO - Processing /home/airflow/.local/lib/python3.8/site-packages/airflow/example_dags/example_skip_dag.py took 0.062 seconds
[2023-12-18T21:16:01.995+0000] {processor.py:157} INFO - Started process (PID=1799) to work on /home/airflow/.local/lib/python3.8/site-packages/airflow/example_dags/example_skip_dag.py
[2023-12-18T21:16:01.996+0000] {processor.py:829} INFO - Processing file /home/airflow/.local/lib/python3.8/site-packages/airflow/example_dags/example_skip_dag.py for tasks to queue
[2023-12-18T21:16:01.997+0000] {logging_mixin.py:154} INFO - [2023-12-18T21:16:01.997+0000] {dagbag.py:536} INFO - Filling up the DagBag from /home/airflow/.local/lib/python3.8/site-packages/airflow/example_dags/example_skip_dag.py
[2023-12-18T21:16:02.004+0000] {processor.py:839} INFO - DAG(s) dict_keys(['example_skip_dag']) retrieved from /home/airflow/.local/lib/python3.8/site-packages/airflow/example_dags/example_skip_dag.py
[2023-12-18T21:16:02.026+0000] {logging_mixin.py:154} INFO - [2023-12-18T21:16:02.026+0000] {dag.py:2941} INFO - Sync 1 DAGs
[2023-12-18T21:16:02.045+0000] {logging_mixin.py:154} INFO - [2023-12-18T21:16:02.045+0000] {dag.py:3722} INFO - Setting next_dagrun for example_skip_dag to 2023-12-17T21:16:02.045283+00:00, run_after=2023-12-18T21:16:02.045283+00:00
[2023-12-18T21:16:02.065+0000] {processor.py:179} INFO - Processing /home/airflow/.local/lib/python3.8/site-packages/airflow/example_dags/example_skip_dag.py took 0.073 seconds
[2023-12-18T21:16:32.306+0000] {processor.py:157} INFO - Started process (PID=1853) to work on /home/airflow/.local/lib/python3.8/site-packages/airflow/example_dags/example_skip_dag.py
[2023-12-18T21:16:32.307+0000] {processor.py:829} INFO - Processing file /home/airflow/.local/lib/python3.8/site-packages/airflow/example_dags/example_skip_dag.py for tasks to queue
[2023-12-18T21:16:32.308+0000] {logging_mixin.py:154} INFO - [2023-12-18T21:16:32.308+0000] {dagbag.py:536} INFO - Filling up the DagBag from /home/airflow/.local/lib/python3.8/site-packages/airflow/example_dags/example_skip_dag.py
[2023-12-18T21:16:32.313+0000] {processor.py:839} INFO - DAG(s) dict_keys(['example_skip_dag']) retrieved from /home/airflow/.local/lib/python3.8/site-packages/airflow/example_dags/example_skip_dag.py
[2023-12-18T21:16:32.330+0000] {logging_mixin.py:154} INFO - [2023-12-18T21:16:32.330+0000] {dag.py:2941} INFO - Sync 1 DAGs
[2023-12-18T21:16:32.347+0000] {logging_mixin.py:154} INFO - [2023-12-18T21:16:32.347+0000] {dag.py:3722} INFO - Setting next_dagrun for example_skip_dag to 2023-12-17T21:16:32.347144+00:00, run_after=2023-12-18T21:16:32.347144+00:00
[2023-12-18T21:16:32.363+0000] {processor.py:179} INFO - Processing /home/airflow/.local/lib/python3.8/site-packages/airflow/example_dags/example_skip_dag.py took 0.059 seconds
[2023-12-18T21:17:02.989+0000] {processor.py:157} INFO - Started process (PID=1907) to work on /home/airflow/.local/lib/python3.8/site-packages/airflow/example_dags/example_skip_dag.py
[2023-12-18T21:17:02.990+0000] {processor.py:829} INFO - Processing file /home/airflow/.local/lib/python3.8/site-packages/airflow/example_dags/example_skip_dag.py for tasks to queue
[2023-12-18T21:17:02.991+0000] {logging_mixin.py:154} INFO - [2023-12-18T21:17:02.991+0000] {dagbag.py:536} INFO - Filling up the DagBag from /home/airflow/.local/lib/python3.8/site-packages/airflow/example_dags/example_skip_dag.py
[2023-12-18T21:17:02.997+0000] {processor.py:839} INFO - DAG(s) dict_keys(['example_skip_dag']) retrieved from /home/airflow/.local/lib/python3.8/site-packages/airflow/example_dags/example_skip_dag.py
[2023-12-18T21:17:03.015+0000] {logging_mixin.py:154} INFO - [2023-12-18T21:17:03.015+0000] {dag.py:2941} INFO - Sync 1 DAGs
[2023-12-18T21:17:03.033+0000] {logging_mixin.py:154} INFO - [2023-12-18T21:17:03.033+0000] {dag.py:3722} INFO - Setting next_dagrun for example_skip_dag to 2023-12-17T21:17:03.032950+00:00, run_after=2023-12-18T21:17:03.032950+00:00
[2023-12-18T21:17:03.048+0000] {processor.py:179} INFO - Processing /home/airflow/.local/lib/python3.8/site-packages/airflow/example_dags/example_skip_dag.py took 0.062 seconds
[2023-12-18T21:17:34.175+0000] {processor.py:157} INFO - Started process (PID=1961) to work on /home/airflow/.local/lib/python3.8/site-packages/airflow/example_dags/example_skip_dag.py
[2023-12-18T21:17:34.176+0000] {processor.py:829} INFO - Processing file /home/airflow/.local/lib/python3.8/site-packages/airflow/example_dags/example_skip_dag.py for tasks to queue
[2023-12-18T21:17:34.177+0000] {logging_mixin.py:154} INFO - [2023-12-18T21:17:34.177+0000] {dagbag.py:536} INFO - Filling up the DagBag from /home/airflow/.local/lib/python3.8/site-packages/airflow/example_dags/example_skip_dag.py
[2023-12-18T21:17:34.182+0000] {processor.py:839} INFO - DAG(s) dict_keys(['example_skip_dag']) retrieved from /home/airflow/.local/lib/python3.8/site-packages/airflow/example_dags/example_skip_dag.py
[2023-12-18T21:17:34.199+0000] {logging_mixin.py:154} INFO - [2023-12-18T21:17:34.199+0000] {dag.py:2941} INFO - Sync 1 DAGs
[2023-12-18T21:17:34.221+0000] {logging_mixin.py:154} INFO - [2023-12-18T21:17:34.221+0000] {dag.py:3722} INFO - Setting next_dagrun for example_skip_dag to 2023-12-17T21:17:34.221015+00:00, run_after=2023-12-18T21:17:34.221015+00:00
[2023-12-18T21:17:34.378+0000] {processor.py:179} INFO - Processing /home/airflow/.local/lib/python3.8/site-packages/airflow/example_dags/example_skip_dag.py took 0.205 seconds
[2023-12-18T21:18:04.939+0000] {processor.py:157} INFO - Started process (PID=2015) to work on /home/airflow/.local/lib/python3.8/site-packages/airflow/example_dags/example_skip_dag.py
[2023-12-18T21:18:04.940+0000] {processor.py:829} INFO - Processing file /home/airflow/.local/lib/python3.8/site-packages/airflow/example_dags/example_skip_dag.py for tasks to queue
[2023-12-18T21:18:04.942+0000] {logging_mixin.py:154} INFO - [2023-12-18T21:18:04.941+0000] {dagbag.py:536} INFO - Filling up the DagBag from /home/airflow/.local/lib/python3.8/site-packages/airflow/example_dags/example_skip_dag.py
[2023-12-18T21:18:04.947+0000] {processor.py:839} INFO - DAG(s) dict_keys(['example_skip_dag']) retrieved from /home/airflow/.local/lib/python3.8/site-packages/airflow/example_dags/example_skip_dag.py
[2023-12-18T21:18:04.963+0000] {logging_mixin.py:154} INFO - [2023-12-18T21:18:04.963+0000] {dag.py:2941} INFO - Sync 1 DAGs
[2023-12-18T21:18:04.981+0000] {logging_mixin.py:154} INFO - [2023-12-18T21:18:04.980+0000] {dag.py:3722} INFO - Setting next_dagrun for example_skip_dag to 2023-12-17T21:18:04.980702+00:00, run_after=2023-12-18T21:18:04.980702+00:00
[2023-12-18T21:18:04.996+0000] {processor.py:179} INFO - Processing /home/airflow/.local/lib/python3.8/site-packages/airflow/example_dags/example_skip_dag.py took 0.059 seconds
[2023-12-18T21:18:35.269+0000] {processor.py:157} INFO - Started process (PID=2069) to work on /home/airflow/.local/lib/python3.8/site-packages/airflow/example_dags/example_skip_dag.py
[2023-12-18T21:18:35.269+0000] {processor.py:829} INFO - Processing file /home/airflow/.local/lib/python3.8/site-packages/airflow/example_dags/example_skip_dag.py for tasks to queue
[2023-12-18T21:18:35.271+0000] {logging_mixin.py:154} INFO - [2023-12-18T21:18:35.271+0000] {dagbag.py:536} INFO - Filling up the DagBag from /home/airflow/.local/lib/python3.8/site-packages/airflow/example_dags/example_skip_dag.py
[2023-12-18T21:18:35.276+0000] {processor.py:839} INFO - DAG(s) dict_keys(['example_skip_dag']) retrieved from /home/airflow/.local/lib/python3.8/site-packages/airflow/example_dags/example_skip_dag.py
[2023-12-18T21:18:35.293+0000] {logging_mixin.py:154} INFO - [2023-12-18T21:18:35.293+0000] {dag.py:2941} INFO - Sync 1 DAGs
[2023-12-18T21:18:35.311+0000] {logging_mixin.py:154} INFO - [2023-12-18T21:18:35.311+0000] {dag.py:3722} INFO - Setting next_dagrun for example_skip_dag to 2023-12-17T21:18:35.310946+00:00, run_after=2023-12-18T21:18:35.310946+00:00
[2023-12-18T21:18:35.326+0000] {processor.py:179} INFO - Processing /home/airflow/.local/lib/python3.8/site-packages/airflow/example_dags/example_skip_dag.py took 0.061 seconds
[2023-12-18T21:19:05.688+0000] {processor.py:157} INFO - Started process (PID=2123) to work on /home/airflow/.local/lib/python3.8/site-packages/airflow/example_dags/example_skip_dag.py
[2023-12-18T21:19:05.689+0000] {processor.py:829} INFO - Processing file /home/airflow/.local/lib/python3.8/site-packages/airflow/example_dags/example_skip_dag.py for tasks to queue
[2023-12-18T21:19:05.690+0000] {logging_mixin.py:154} INFO - [2023-12-18T21:19:05.690+0000] {dagbag.py:536} INFO - Filling up the DagBag from /home/airflow/.local/lib/python3.8/site-packages/airflow/example_dags/example_skip_dag.py
[2023-12-18T21:19:05.696+0000] {processor.py:839} INFO - DAG(s) dict_keys(['example_skip_dag']) retrieved from /home/airflow/.local/lib/python3.8/site-packages/airflow/example_dags/example_skip_dag.py
[2023-12-18T21:19:05.713+0000] {logging_mixin.py:154} INFO - [2023-12-18T21:19:05.713+0000] {dag.py:2941} INFO - Sync 1 DAGs
[2023-12-18T21:19:05.730+0000] {logging_mixin.py:154} INFO - [2023-12-18T21:19:05.730+0000] {dag.py:3722} INFO - Setting next_dagrun for example_skip_dag to 2023-12-17T21:19:05.729915+00:00, run_after=2023-12-18T21:19:05.729915+00:00
[2023-12-18T21:19:05.744+0000] {processor.py:179} INFO - Processing /home/airflow/.local/lib/python3.8/site-packages/airflow/example_dags/example_skip_dag.py took 0.058 seconds
[2023-12-18T21:19:36.796+0000] {processor.py:157} INFO - Started process (PID=2177) to work on /home/airflow/.local/lib/python3.8/site-packages/airflow/example_dags/example_skip_dag.py
[2023-12-18T21:19:36.797+0000] {processor.py:829} INFO - Processing file /home/airflow/.local/lib/python3.8/site-packages/airflow/example_dags/example_skip_dag.py for tasks to queue
[2023-12-18T21:19:36.799+0000] {logging_mixin.py:154} INFO - [2023-12-18T21:19:36.799+0000] {dagbag.py:536} INFO - Filling up the DagBag from /home/airflow/.local/lib/python3.8/site-packages/airflow/example_dags/example_skip_dag.py
[2023-12-18T21:19:36.804+0000] {processor.py:839} INFO - DAG(s) dict_keys(['example_skip_dag']) retrieved from /home/airflow/.local/lib/python3.8/site-packages/airflow/example_dags/example_skip_dag.py
[2023-12-18T21:19:36.822+0000] {logging_mixin.py:154} INFO - [2023-12-18T21:19:36.822+0000] {dag.py:2941} INFO - Sync 1 DAGs
[2023-12-18T21:19:36.842+0000] {logging_mixin.py:154} INFO - [2023-12-18T21:19:36.842+0000] {dag.py:3722} INFO - Setting next_dagrun for example_skip_dag to 2023-12-17T21:19:36.842079+00:00, run_after=2023-12-18T21:19:36.842079+00:00
[2023-12-18T21:19:37.010+0000] {processor.py:179} INFO - Processing /home/airflow/.local/lib/python3.8/site-packages/airflow/example_dags/example_skip_dag.py took 0.216 seconds
[2023-12-18T21:20:07.546+0000] {processor.py:157} INFO - Started process (PID=2231) to work on /home/airflow/.local/lib/python3.8/site-packages/airflow/example_dags/example_skip_dag.py
[2023-12-18T21:20:07.547+0000] {processor.py:829} INFO - Processing file /home/airflow/.local/lib/python3.8/site-packages/airflow/example_dags/example_skip_dag.py for tasks to queue
[2023-12-18T21:20:07.548+0000] {logging_mixin.py:154} INFO - [2023-12-18T21:20:07.548+0000] {dagbag.py:536} INFO - Filling up the DagBag from /home/airflow/.local/lib/python3.8/site-packages/airflow/example_dags/example_skip_dag.py
[2023-12-18T21:20:07.553+0000] {processor.py:839} INFO - DAG(s) dict_keys(['example_skip_dag']) retrieved from /home/airflow/.local/lib/python3.8/site-packages/airflow/example_dags/example_skip_dag.py
[2023-12-18T21:20:07.570+0000] {logging_mixin.py:154} INFO - [2023-12-18T21:20:07.570+0000] {dag.py:2941} INFO - Sync 1 DAGs
[2023-12-18T21:20:07.588+0000] {logging_mixin.py:154} INFO - [2023-12-18T21:20:07.587+0000] {dag.py:3722} INFO - Setting next_dagrun for example_skip_dag to 2023-12-17T21:20:07.587607+00:00, run_after=2023-12-18T21:20:07.587607+00:00
[2023-12-18T21:20:07.603+0000] {processor.py:179} INFO - Processing /home/airflow/.local/lib/python3.8/site-packages/airflow/example_dags/example_skip_dag.py took 0.059 seconds
[2023-12-18T21:20:37.873+0000] {processor.py:157} INFO - Started process (PID=2285) to work on /home/airflow/.local/lib/python3.8/site-packages/airflow/example_dags/example_skip_dag.py
[2023-12-18T21:20:37.874+0000] {processor.py:829} INFO - Processing file /home/airflow/.local/lib/python3.8/site-packages/airflow/example_dags/example_skip_dag.py for tasks to queue
[2023-12-18T21:20:37.875+0000] {logging_mixin.py:154} INFO - [2023-12-18T21:20:37.875+0000] {dagbag.py:536} INFO - Filling up the DagBag from /home/airflow/.local/lib/python3.8/site-packages/airflow/example_dags/example_skip_dag.py
[2023-12-18T21:20:37.882+0000] {processor.py:839} INFO - DAG(s) dict_keys(['example_skip_dag']) retrieved from /home/airflow/.local/lib/python3.8/site-packages/airflow/example_dags/example_skip_dag.py
[2023-12-18T21:20:37.901+0000] {logging_mixin.py:154} INFO - [2023-12-18T21:20:37.901+0000] {dag.py:2941} INFO - Sync 1 DAGs
[2023-12-18T21:20:37.924+0000] {logging_mixin.py:154} INFO - [2023-12-18T21:20:37.923+0000] {dag.py:3722} INFO - Setting next_dagrun for example_skip_dag to 2023-12-17T21:20:37.923488+00:00, run_after=2023-12-18T21:20:37.923488+00:00
[2023-12-18T21:20:37.948+0000] {processor.py:179} INFO - Processing /home/airflow/.local/lib/python3.8/site-packages/airflow/example_dags/example_skip_dag.py took 0.077 seconds
[2023-12-18T21:21:08.864+0000] {processor.py:157} INFO - Started process (PID=2339) to work on /home/airflow/.local/lib/python3.8/site-packages/airflow/example_dags/example_skip_dag.py
[2023-12-18T21:21:08.865+0000] {processor.py:829} INFO - Processing file /home/airflow/.local/lib/python3.8/site-packages/airflow/example_dags/example_skip_dag.py for tasks to queue
[2023-12-18T21:21:08.866+0000] {logging_mixin.py:154} INFO - [2023-12-18T21:21:08.866+0000] {dagbag.py:536} INFO - Filling up the DagBag from /home/airflow/.local/lib/python3.8/site-packages/airflow/example_dags/example_skip_dag.py
[2023-12-18T21:21:08.871+0000] {processor.py:839} INFO - DAG(s) dict_keys(['example_skip_dag']) retrieved from /home/airflow/.local/lib/python3.8/site-packages/airflow/example_dags/example_skip_dag.py
[2023-12-18T21:21:08.889+0000] {logging_mixin.py:154} INFO - [2023-12-18T21:21:08.889+0000] {dag.py:2941} INFO - Sync 1 DAGs
[2023-12-18T21:21:09.041+0000] {logging_mixin.py:154} INFO - [2023-12-18T21:21:09.041+0000] {dag.py:3722} INFO - Setting next_dagrun for example_skip_dag to 2023-12-17T21:21:09.041052+00:00, run_after=2023-12-18T21:21:09.041052+00:00
[2023-12-18T21:21:09.056+0000] {processor.py:179} INFO - Processing /home/airflow/.local/lib/python3.8/site-packages/airflow/example_dags/example_skip_dag.py took 0.194 seconds
[2023-12-18T21:21:40.137+0000] {processor.py:157} INFO - Started process (PID=2393) to work on /home/airflow/.local/lib/python3.8/site-packages/airflow/example_dags/example_skip_dag.py
[2023-12-18T21:21:40.138+0000] {processor.py:829} INFO - Processing file /home/airflow/.local/lib/python3.8/site-packages/airflow/example_dags/example_skip_dag.py for tasks to queue
[2023-12-18T21:21:40.139+0000] {logging_mixin.py:154} INFO - [2023-12-18T21:21:40.139+0000] {dagbag.py:536} INFO - Filling up the DagBag from /home/airflow/.local/lib/python3.8/site-packages/airflow/example_dags/example_skip_dag.py
[2023-12-18T21:21:40.145+0000] {processor.py:839} INFO - DAG(s) dict_keys(['example_skip_dag']) retrieved from /home/airflow/.local/lib/python3.8/site-packages/airflow/example_dags/example_skip_dag.py
[2023-12-18T21:21:40.165+0000] {logging_mixin.py:154} INFO - [2023-12-18T21:21:40.165+0000] {dag.py:2941} INFO - Sync 1 DAGs
[2023-12-18T21:21:40.335+0000] {logging_mixin.py:154} INFO - [2023-12-18T21:21:40.335+0000] {dag.py:3722} INFO - Setting next_dagrun for example_skip_dag to 2023-12-17T21:21:40.335478+00:00, run_after=2023-12-18T21:21:40.335478+00:00
[2023-12-18T21:21:40.354+0000] {processor.py:179} INFO - Processing /home/airflow/.local/lib/python3.8/site-packages/airflow/example_dags/example_skip_dag.py took 0.219 seconds
[2023-12-18T21:22:10.951+0000] {processor.py:157} INFO - Started process (PID=2447) to work on /home/airflow/.local/lib/python3.8/site-packages/airflow/example_dags/example_skip_dag.py
[2023-12-18T21:22:10.951+0000] {processor.py:829} INFO - Processing file /home/airflow/.local/lib/python3.8/site-packages/airflow/example_dags/example_skip_dag.py for tasks to queue
[2023-12-18T21:22:10.953+0000] {logging_mixin.py:154} INFO - [2023-12-18T21:22:10.953+0000] {dagbag.py:536} INFO - Filling up the DagBag from /home/airflow/.local/lib/python3.8/site-packages/airflow/example_dags/example_skip_dag.py
[2023-12-18T21:22:10.959+0000] {processor.py:839} INFO - DAG(s) dict_keys(['example_skip_dag']) retrieved from /home/airflow/.local/lib/python3.8/site-packages/airflow/example_dags/example_skip_dag.py
[2023-12-18T21:22:10.975+0000] {logging_mixin.py:154} INFO - [2023-12-18T21:22:10.975+0000] {dag.py:2941} INFO - Sync 1 DAGs
[2023-12-18T21:22:10.993+0000] {logging_mixin.py:154} INFO - [2023-12-18T21:22:10.993+0000] {dag.py:3722} INFO - Setting next_dagrun for example_skip_dag to 2023-12-17T21:22:10.992846+00:00, run_after=2023-12-18T21:22:10.992846+00:00
[2023-12-18T21:22:11.008+0000] {processor.py:179} INFO - Processing /home/airflow/.local/lib/python3.8/site-packages/airflow/example_dags/example_skip_dag.py took 0.060 seconds
[2023-12-18T21:22:41.554+0000] {processor.py:157} INFO - Started process (PID=2501) to work on /home/airflow/.local/lib/python3.8/site-packages/airflow/example_dags/example_skip_dag.py
[2023-12-18T21:22:41.555+0000] {processor.py:829} INFO - Processing file /home/airflow/.local/lib/python3.8/site-packages/airflow/example_dags/example_skip_dag.py for tasks to queue
[2023-12-18T21:22:41.557+0000] {logging_mixin.py:154} INFO - [2023-12-18T21:22:41.556+0000] {dagbag.py:536} INFO - Filling up the DagBag from /home/airflow/.local/lib/python3.8/site-packages/airflow/example_dags/example_skip_dag.py
[2023-12-18T21:22:41.563+0000] {processor.py:839} INFO - DAG(s) dict_keys(['example_skip_dag']) retrieved from /home/airflow/.local/lib/python3.8/site-packages/airflow/example_dags/example_skip_dag.py
[2023-12-18T21:22:41.584+0000] {logging_mixin.py:154} INFO - [2023-12-18T21:22:41.584+0000] {dag.py:2941} INFO - Sync 1 DAGs
[2023-12-18T21:22:41.605+0000] {logging_mixin.py:154} INFO - [2023-12-18T21:22:41.605+0000] {dag.py:3722} INFO - Setting next_dagrun for example_skip_dag to 2023-12-17T21:22:41.604985+00:00, run_after=2023-12-18T21:22:41.604985+00:00
[2023-12-18T21:22:41.624+0000] {processor.py:179} INFO - Processing /home/airflow/.local/lib/python3.8/site-packages/airflow/example_dags/example_skip_dag.py took 0.073 seconds
[2023-12-18T21:23:11.925+0000] {processor.py:157} INFO - Started process (PID=2562) to work on /home/airflow/.local/lib/python3.8/site-packages/airflow/example_dags/example_skip_dag.py
[2023-12-18T21:23:11.926+0000] {processor.py:829} INFO - Processing file /home/airflow/.local/lib/python3.8/site-packages/airflow/example_dags/example_skip_dag.py for tasks to queue
[2023-12-18T21:23:11.927+0000] {logging_mixin.py:154} INFO - [2023-12-18T21:23:11.927+0000] {dagbag.py:536} INFO - Filling up the DagBag from /home/airflow/.local/lib/python3.8/site-packages/airflow/example_dags/example_skip_dag.py
[2023-12-18T21:23:11.933+0000] {processor.py:839} INFO - DAG(s) dict_keys(['example_skip_dag']) retrieved from /home/airflow/.local/lib/python3.8/site-packages/airflow/example_dags/example_skip_dag.py
[2023-12-18T21:23:11.952+0000] {logging_mixin.py:154} INFO - [2023-12-18T21:23:11.952+0000] {dag.py:2941} INFO - Sync 1 DAGs
[2023-12-18T21:23:11.972+0000] {logging_mixin.py:154} INFO - [2023-12-18T21:23:11.972+0000] {dag.py:3722} INFO - Setting next_dagrun for example_skip_dag to 2023-12-17T21:23:11.972040+00:00, run_after=2023-12-18T21:23:11.972040+00:00
[2023-12-18T21:23:11.988+0000] {processor.py:179} INFO - Processing /home/airflow/.local/lib/python3.8/site-packages/airflow/example_dags/example_skip_dag.py took 0.066 seconds
[2023-12-18T21:23:42.391+0000] {processor.py:157} INFO - Started process (PID=2616) to work on /home/airflow/.local/lib/python3.8/site-packages/airflow/example_dags/example_skip_dag.py
[2023-12-18T21:23:42.391+0000] {processor.py:829} INFO - Processing file /home/airflow/.local/lib/python3.8/site-packages/airflow/example_dags/example_skip_dag.py for tasks to queue
[2023-12-18T21:23:42.393+0000] {logging_mixin.py:154} INFO - [2023-12-18T21:23:42.393+0000] {dagbag.py:536} INFO - Filling up the DagBag from /home/airflow/.local/lib/python3.8/site-packages/airflow/example_dags/example_skip_dag.py
[2023-12-18T21:23:42.399+0000] {processor.py:839} INFO - DAG(s) dict_keys(['example_skip_dag']) retrieved from /home/airflow/.local/lib/python3.8/site-packages/airflow/example_dags/example_skip_dag.py
[2023-12-18T21:23:42.418+0000] {logging_mixin.py:154} INFO - [2023-12-18T21:23:42.418+0000] {dag.py:2941} INFO - Sync 1 DAGs
[2023-12-18T21:23:42.439+0000] {logging_mixin.py:154} INFO - [2023-12-18T21:23:42.439+0000] {dag.py:3722} INFO - Setting next_dagrun for example_skip_dag to 2023-12-17T21:23:42.439010+00:00, run_after=2023-12-18T21:23:42.439010+00:00
[2023-12-18T21:23:42.457+0000] {processor.py:179} INFO - Processing /home/airflow/.local/lib/python3.8/site-packages/airflow/example_dags/example_skip_dag.py took 0.069 seconds
[2023-12-18T21:24:12.732+0000] {processor.py:157} INFO - Started process (PID=2670) to work on /home/airflow/.local/lib/python3.8/site-packages/airflow/example_dags/example_skip_dag.py
[2023-12-18T21:24:12.733+0000] {processor.py:829} INFO - Processing file /home/airflow/.local/lib/python3.8/site-packages/airflow/example_dags/example_skip_dag.py for tasks to queue
[2023-12-18T21:24:12.735+0000] {logging_mixin.py:154} INFO - [2023-12-18T21:24:12.735+0000] {dagbag.py:536} INFO - Filling up the DagBag from /home/airflow/.local/lib/python3.8/site-packages/airflow/example_dags/example_skip_dag.py
[2023-12-18T21:24:12.741+0000] {processor.py:839} INFO - DAG(s) dict_keys(['example_skip_dag']) retrieved from /home/airflow/.local/lib/python3.8/site-packages/airflow/example_dags/example_skip_dag.py
[2023-12-18T21:24:12.761+0000] {logging_mixin.py:154} INFO - [2023-12-18T21:24:12.761+0000] {dag.py:2941} INFO - Sync 1 DAGs
[2023-12-18T21:24:12.781+0000] {logging_mixin.py:154} INFO - [2023-12-18T21:24:12.781+0000] {dag.py:3722} INFO - Setting next_dagrun for example_skip_dag to 2023-12-17T21:24:12.781345+00:00, run_after=2023-12-18T21:24:12.781345+00:00
[2023-12-18T21:24:12.799+0000] {processor.py:179} INFO - Processing /home/airflow/.local/lib/python3.8/site-packages/airflow/example_dags/example_skip_dag.py took 0.070 seconds
[2023-12-18T21:24:42.884+0000] {processor.py:157} INFO - Started process (PID=2724) to work on /home/airflow/.local/lib/python3.8/site-packages/airflow/example_dags/example_skip_dag.py
[2023-12-18T21:24:42.885+0000] {processor.py:829} INFO - Processing file /home/airflow/.local/lib/python3.8/site-packages/airflow/example_dags/example_skip_dag.py for tasks to queue
[2023-12-18T21:24:42.886+0000] {logging_mixin.py:154} INFO - [2023-12-18T21:24:42.886+0000] {dagbag.py:536} INFO - Filling up the DagBag from /home/airflow/.local/lib/python3.8/site-packages/airflow/example_dags/example_skip_dag.py
[2023-12-18T21:24:42.892+0000] {processor.py:839} INFO - DAG(s) dict_keys(['example_skip_dag']) retrieved from /home/airflow/.local/lib/python3.8/site-packages/airflow/example_dags/example_skip_dag.py
[2023-12-18T21:24:42.909+0000] {logging_mixin.py:154} INFO - [2023-12-18T21:24:42.909+0000] {dag.py:2941} INFO - Sync 1 DAGs
[2023-12-18T21:24:42.927+0000] {logging_mixin.py:154} INFO - [2023-12-18T21:24:42.926+0000] {dag.py:3722} INFO - Setting next_dagrun for example_skip_dag to 2023-12-17T21:24:42.926633+00:00, run_after=2023-12-18T21:24:42.926633+00:00
[2023-12-18T21:24:42.941+0000] {processor.py:179} INFO - Processing /home/airflow/.local/lib/python3.8/site-packages/airflow/example_dags/example_skip_dag.py took 0.059 seconds
[2023-12-18T21:25:13.190+0000] {processor.py:157} INFO - Started process (PID=2778) to work on /home/airflow/.local/lib/python3.8/site-packages/airflow/example_dags/example_skip_dag.py
[2023-12-18T21:25:13.191+0000] {processor.py:829} INFO - Processing file /home/airflow/.local/lib/python3.8/site-packages/airflow/example_dags/example_skip_dag.py for tasks to queue
[2023-12-18T21:25:13.192+0000] {logging_mixin.py:154} INFO - [2023-12-18T21:25:13.192+0000] {dagbag.py:536} INFO - Filling up the DagBag from /home/airflow/.local/lib/python3.8/site-packages/airflow/example_dags/example_skip_dag.py
[2023-12-18T21:25:13.197+0000] {processor.py:839} INFO - DAG(s) dict_keys(['example_skip_dag']) retrieved from /home/airflow/.local/lib/python3.8/site-packages/airflow/example_dags/example_skip_dag.py
[2023-12-18T21:25:13.213+0000] {logging_mixin.py:154} INFO - [2023-12-18T21:25:13.213+0000] {dag.py:2941} INFO - Sync 1 DAGs
[2023-12-18T21:25:13.231+0000] {logging_mixin.py:154} INFO - [2023-12-18T21:25:13.231+0000] {dag.py:3722} INFO - Setting next_dagrun for example_skip_dag to 2023-12-17T21:25:13.230939+00:00, run_after=2023-12-18T21:25:13.230939+00:00
[2023-12-18T21:25:13.245+0000] {processor.py:179} INFO - Processing /home/airflow/.local/lib/python3.8/site-packages/airflow/example_dags/example_skip_dag.py took 0.057 seconds
[2023-12-18T21:25:43.366+0000] {processor.py:157} INFO - Started process (PID=2832) to work on /home/airflow/.local/lib/python3.8/site-packages/airflow/example_dags/example_skip_dag.py
[2023-12-18T21:25:43.367+0000] {processor.py:829} INFO - Processing file /home/airflow/.local/lib/python3.8/site-packages/airflow/example_dags/example_skip_dag.py for tasks to queue
[2023-12-18T21:25:43.368+0000] {logging_mixin.py:154} INFO - [2023-12-18T21:25:43.368+0000] {dagbag.py:536} INFO - Filling up the DagBag from /home/airflow/.local/lib/python3.8/site-packages/airflow/example_dags/example_skip_dag.py
[2023-12-18T21:25:43.373+0000] {processor.py:839} INFO - DAG(s) dict_keys(['example_skip_dag']) retrieved from /home/airflow/.local/lib/python3.8/site-packages/airflow/example_dags/example_skip_dag.py
[2023-12-18T21:25:43.389+0000] {logging_mixin.py:154} INFO - [2023-12-18T21:25:43.389+0000] {dag.py:2941} INFO - Sync 1 DAGs
[2023-12-18T21:25:43.408+0000] {logging_mixin.py:154} INFO - [2023-12-18T21:25:43.408+0000] {dag.py:3722} INFO - Setting next_dagrun for example_skip_dag to 2023-12-17T21:25:43.407933+00:00, run_after=2023-12-18T21:25:43.407933+00:00
[2023-12-18T21:25:43.422+0000] {processor.py:179} INFO - Processing /home/airflow/.local/lib/python3.8/site-packages/airflow/example_dags/example_skip_dag.py took 0.058 seconds
[2023-12-18T21:26:13.712+0000] {processor.py:157} INFO - Started process (PID=2886) to work on /home/airflow/.local/lib/python3.8/site-packages/airflow/example_dags/example_skip_dag.py
[2023-12-18T21:26:13.713+0000] {processor.py:829} INFO - Processing file /home/airflow/.local/lib/python3.8/site-packages/airflow/example_dags/example_skip_dag.py for tasks to queue
[2023-12-18T21:26:13.714+0000] {logging_mixin.py:154} INFO - [2023-12-18T21:26:13.714+0000] {dagbag.py:536} INFO - Filling up the DagBag from /home/airflow/.local/lib/python3.8/site-packages/airflow/example_dags/example_skip_dag.py
[2023-12-18T21:26:13.719+0000] {processor.py:839} INFO - DAG(s) dict_keys(['example_skip_dag']) retrieved from /home/airflow/.local/lib/python3.8/site-packages/airflow/example_dags/example_skip_dag.py
[2023-12-18T21:26:13.735+0000] {logging_mixin.py:154} INFO - [2023-12-18T21:26:13.735+0000] {dag.py:2941} INFO - Sync 1 DAGs
[2023-12-18T21:26:13.754+0000] {logging_mixin.py:154} INFO - [2023-12-18T21:26:13.754+0000] {dag.py:3722} INFO - Setting next_dagrun for example_skip_dag to 2023-12-17T21:26:13.754064+00:00, run_after=2023-12-18T21:26:13.754064+00:00
[2023-12-18T21:26:13.768+0000] {processor.py:179} INFO - Processing /home/airflow/.local/lib/python3.8/site-packages/airflow/example_dags/example_skip_dag.py took 0.059 seconds
[2023-12-18T21:26:43.843+0000] {processor.py:157} INFO - Started process (PID=2940) to work on /home/airflow/.local/lib/python3.8/site-packages/airflow/example_dags/example_skip_dag.py
[2023-12-18T21:26:43.844+0000] {processor.py:829} INFO - Processing file /home/airflow/.local/lib/python3.8/site-packages/airflow/example_dags/example_skip_dag.py for tasks to queue
[2023-12-18T21:26:43.845+0000] {logging_mixin.py:154} INFO - [2023-12-18T21:26:43.845+0000] {dagbag.py:536} INFO - Filling up the DagBag from /home/airflow/.local/lib/python3.8/site-packages/airflow/example_dags/example_skip_dag.py
[2023-12-18T21:26:43.850+0000] {processor.py:839} INFO - DAG(s) dict_keys(['example_skip_dag']) retrieved from /home/airflow/.local/lib/python3.8/site-packages/airflow/example_dags/example_skip_dag.py
[2023-12-18T21:26:43.866+0000] {logging_mixin.py:154} INFO - [2023-12-18T21:26:43.866+0000] {dag.py:2941} INFO - Sync 1 DAGs
[2023-12-18T21:26:43.883+0000] {logging_mixin.py:154} INFO - [2023-12-18T21:26:43.883+0000] {dag.py:3722} INFO - Setting next_dagrun for example_skip_dag to 2023-12-17T21:26:43.883245+00:00, run_after=2023-12-18T21:26:43.883245+00:00
[2023-12-18T21:26:43.897+0000] {processor.py:179} INFO - Processing /home/airflow/.local/lib/python3.8/site-packages/airflow/example_dags/example_skip_dag.py took 0.056 seconds
[2023-12-18T21:27:14.119+0000] {processor.py:157} INFO - Started process (PID=2994) to work on /home/airflow/.local/lib/python3.8/site-packages/airflow/example_dags/example_skip_dag.py
[2023-12-18T21:27:14.119+0000] {processor.py:829} INFO - Processing file /home/airflow/.local/lib/python3.8/site-packages/airflow/example_dags/example_skip_dag.py for tasks to queue
[2023-12-18T21:27:14.121+0000] {logging_mixin.py:154} INFO - [2023-12-18T21:27:14.121+0000] {dagbag.py:536} INFO - Filling up the DagBag from /home/airflow/.local/lib/python3.8/site-packages/airflow/example_dags/example_skip_dag.py
[2023-12-18T21:27:14.126+0000] {processor.py:839} INFO - DAG(s) dict_keys(['example_skip_dag']) retrieved from /home/airflow/.local/lib/python3.8/site-packages/airflow/example_dags/example_skip_dag.py
[2023-12-18T21:27:14.144+0000] {logging_mixin.py:154} INFO - [2023-12-18T21:27:14.144+0000] {dag.py:2941} INFO - Sync 1 DAGs
[2023-12-18T21:27:14.163+0000] {logging_mixin.py:154} INFO - [2023-12-18T21:27:14.162+0000] {dag.py:3722} INFO - Setting next_dagrun for example_skip_dag to 2023-12-17T21:27:14.162676+00:00, run_after=2023-12-18T21:27:14.162676+00:00
[2023-12-18T21:27:14.179+0000] {processor.py:179} INFO - Processing /home/airflow/.local/lib/python3.8/site-packages/airflow/example_dags/example_skip_dag.py took 0.063 seconds
[2023-12-18T21:27:44.302+0000] {processor.py:157} INFO - Started process (PID=3048) to work on /home/airflow/.local/lib/python3.8/site-packages/airflow/example_dags/example_skip_dag.py
[2023-12-18T21:27:44.303+0000] {processor.py:829} INFO - Processing file /home/airflow/.local/lib/python3.8/site-packages/airflow/example_dags/example_skip_dag.py for tasks to queue
[2023-12-18T21:27:44.304+0000] {logging_mixin.py:154} INFO - [2023-12-18T21:27:44.304+0000] {dagbag.py:536} INFO - Filling up the DagBag from /home/airflow/.local/lib/python3.8/site-packages/airflow/example_dags/example_skip_dag.py
[2023-12-18T21:27:44.309+0000] {processor.py:839} INFO - DAG(s) dict_keys(['example_skip_dag']) retrieved from /home/airflow/.local/lib/python3.8/site-packages/airflow/example_dags/example_skip_dag.py
[2023-12-18T21:27:44.326+0000] {logging_mixin.py:154} INFO - [2023-12-18T21:27:44.325+0000] {dag.py:2941} INFO - Sync 1 DAGs
[2023-12-18T21:27:44.343+0000] {logging_mixin.py:154} INFO - [2023-12-18T21:27:44.343+0000] {dag.py:3722} INFO - Setting next_dagrun for example_skip_dag to 2023-12-17T21:27:44.343408+00:00, run_after=2023-12-18T21:27:44.343408+00:00
[2023-12-18T21:27:44.358+0000] {processor.py:179} INFO - Processing /home/airflow/.local/lib/python3.8/site-packages/airflow/example_dags/example_skip_dag.py took 0.059 seconds
[2023-12-18T21:28:14.429+0000] {processor.py:157} INFO - Started process (PID=3102) to work on /home/airflow/.local/lib/python3.8/site-packages/airflow/example_dags/example_skip_dag.py
[2023-12-18T21:28:14.430+0000] {processor.py:829} INFO - Processing file /home/airflow/.local/lib/python3.8/site-packages/airflow/example_dags/example_skip_dag.py for tasks to queue
[2023-12-18T21:28:14.432+0000] {logging_mixin.py:154} INFO - [2023-12-18T21:28:14.431+0000] {dagbag.py:536} INFO - Filling up the DagBag from /home/airflow/.local/lib/python3.8/site-packages/airflow/example_dags/example_skip_dag.py
[2023-12-18T21:28:14.437+0000] {processor.py:839} INFO - DAG(s) dict_keys(['example_skip_dag']) retrieved from /home/airflow/.local/lib/python3.8/site-packages/airflow/example_dags/example_skip_dag.py
[2023-12-18T21:28:14.455+0000] {logging_mixin.py:154} INFO - [2023-12-18T21:28:14.454+0000] {dag.py:2941} INFO - Sync 1 DAGs
[2023-12-18T21:28:14.473+0000] {logging_mixin.py:154} INFO - [2023-12-18T21:28:14.473+0000] {dag.py:3722} INFO - Setting next_dagrun for example_skip_dag to 2023-12-17T21:28:14.473030+00:00, run_after=2023-12-18T21:28:14.473030+00:00
[2023-12-18T21:28:14.488+0000] {processor.py:179} INFO - Processing /home/airflow/.local/lib/python3.8/site-packages/airflow/example_dags/example_skip_dag.py took 0.062 seconds
[2023-12-18T21:28:44.778+0000] {processor.py:157} INFO - Started process (PID=3156) to work on /home/airflow/.local/lib/python3.8/site-packages/airflow/example_dags/example_skip_dag.py
[2023-12-18T21:28:44.779+0000] {processor.py:829} INFO - Processing file /home/airflow/.local/lib/python3.8/site-packages/airflow/example_dags/example_skip_dag.py for tasks to queue
[2023-12-18T21:28:44.781+0000] {logging_mixin.py:154} INFO - [2023-12-18T21:28:44.781+0000] {dagbag.py:536} INFO - Filling up the DagBag from /home/airflow/.local/lib/python3.8/site-packages/airflow/example_dags/example_skip_dag.py
[2023-12-18T21:28:44.786+0000] {processor.py:839} INFO - DAG(s) dict_keys(['example_skip_dag']) retrieved from /home/airflow/.local/lib/python3.8/site-packages/airflow/example_dags/example_skip_dag.py
[2023-12-18T21:28:44.803+0000] {logging_mixin.py:154} INFO - [2023-12-18T21:28:44.803+0000] {dag.py:2941} INFO - Sync 1 DAGs
[2023-12-18T21:28:44.821+0000] {logging_mixin.py:154} INFO - [2023-12-18T21:28:44.821+0000] {dag.py:3722} INFO - Setting next_dagrun for example_skip_dag to 2023-12-17T21:28:44.821480+00:00, run_after=2023-12-18T21:28:44.821480+00:00
[2023-12-18T21:28:44.836+0000] {processor.py:179} INFO - Processing /home/airflow/.local/lib/python3.8/site-packages/airflow/example_dags/example_skip_dag.py took 0.060 seconds
[2023-12-18T21:29:14.946+0000] {processor.py:157} INFO - Started process (PID=3210) to work on /home/airflow/.local/lib/python3.8/site-packages/airflow/example_dags/example_skip_dag.py
[2023-12-18T21:29:14.946+0000] {processor.py:829} INFO - Processing file /home/airflow/.local/lib/python3.8/site-packages/airflow/example_dags/example_skip_dag.py for tasks to queue
[2023-12-18T21:29:14.948+0000] {logging_mixin.py:154} INFO - [2023-12-18T21:29:14.948+0000] {dagbag.py:536} INFO - Filling up the DagBag from /home/airflow/.local/lib/python3.8/site-packages/airflow/example_dags/example_skip_dag.py
[2023-12-18T21:29:14.954+0000] {processor.py:839} INFO - DAG(s) dict_keys(['example_skip_dag']) retrieved from /home/airflow/.local/lib/python3.8/site-packages/airflow/example_dags/example_skip_dag.py
[2023-12-18T21:29:14.970+0000] {logging_mixin.py:154} INFO - [2023-12-18T21:29:14.970+0000] {dag.py:2941} INFO - Sync 1 DAGs
[2023-12-18T21:29:14.989+0000] {logging_mixin.py:154} INFO - [2023-12-18T21:29:14.989+0000] {dag.py:3722} INFO - Setting next_dagrun for example_skip_dag to 2023-12-17T21:29:14.989199+00:00, run_after=2023-12-18T21:29:14.989199+00:00
[2023-12-18T21:29:15.004+0000] {processor.py:179} INFO - Processing /home/airflow/.local/lib/python3.8/site-packages/airflow/example_dags/example_skip_dag.py took 0.061 seconds
[2023-12-18T21:29:45.100+0000] {processor.py:157} INFO - Started process (PID=3264) to work on /home/airflow/.local/lib/python3.8/site-packages/airflow/example_dags/example_skip_dag.py
[2023-12-18T21:29:45.101+0000] {processor.py:829} INFO - Processing file /home/airflow/.local/lib/python3.8/site-packages/airflow/example_dags/example_skip_dag.py for tasks to queue
[2023-12-18T21:29:45.103+0000] {logging_mixin.py:154} INFO - [2023-12-18T21:29:45.103+0000] {dagbag.py:536} INFO - Filling up the DagBag from /home/airflow/.local/lib/python3.8/site-packages/airflow/example_dags/example_skip_dag.py
[2023-12-18T21:29:45.108+0000] {processor.py:839} INFO - DAG(s) dict_keys(['example_skip_dag']) retrieved from /home/airflow/.local/lib/python3.8/site-packages/airflow/example_dags/example_skip_dag.py
[2023-12-18T21:29:45.125+0000] {logging_mixin.py:154} INFO - [2023-12-18T21:29:45.125+0000] {dag.py:2941} INFO - Sync 1 DAGs
[2023-12-18T21:29:45.143+0000] {logging_mixin.py:154} INFO - [2023-12-18T21:29:45.143+0000] {dag.py:3722} INFO - Setting next_dagrun for example_skip_dag to 2023-12-17T21:29:45.143043+00:00, run_after=2023-12-18T21:29:45.143043+00:00
[2023-12-18T21:29:45.159+0000] {processor.py:179} INFO - Processing /home/airflow/.local/lib/python3.8/site-packages/airflow/example_dags/example_skip_dag.py took 0.061 seconds
[2023-12-18T21:30:15.221+0000] {processor.py:157} INFO - Started process (PID=3319) to work on /home/airflow/.local/lib/python3.8/site-packages/airflow/example_dags/example_skip_dag.py
[2023-12-18T21:30:15.222+0000] {processor.py:829} INFO - Processing file /home/airflow/.local/lib/python3.8/site-packages/airflow/example_dags/example_skip_dag.py for tasks to queue
[2023-12-18T21:30:15.223+0000] {logging_mixin.py:154} INFO - [2023-12-18T21:30:15.223+0000] {dagbag.py:536} INFO - Filling up the DagBag from /home/airflow/.local/lib/python3.8/site-packages/airflow/example_dags/example_skip_dag.py
[2023-12-18T21:30:15.228+0000] {processor.py:839} INFO - DAG(s) dict_keys(['example_skip_dag']) retrieved from /home/airflow/.local/lib/python3.8/site-packages/airflow/example_dags/example_skip_dag.py
[2023-12-18T21:30:15.245+0000] {logging_mixin.py:154} INFO - [2023-12-18T21:30:15.245+0000] {dag.py:2941} INFO - Sync 1 DAGs
[2023-12-18T21:30:15.262+0000] {logging_mixin.py:154} INFO - [2023-12-18T21:30:15.262+0000] {dag.py:3722} INFO - Setting next_dagrun for example_skip_dag to 2023-12-17T21:30:15.262456+00:00, run_after=2023-12-18T21:30:15.262456+00:00
[2023-12-18T21:30:15.277+0000] {processor.py:179} INFO - Processing /home/airflow/.local/lib/python3.8/site-packages/airflow/example_dags/example_skip_dag.py took 0.059 seconds
[2023-12-18T21:30:45.476+0000] {processor.py:157} INFO - Started process (PID=3373) to work on /home/airflow/.local/lib/python3.8/site-packages/airflow/example_dags/example_skip_dag.py
[2023-12-18T21:30:45.477+0000] {processor.py:829} INFO - Processing file /home/airflow/.local/lib/python3.8/site-packages/airflow/example_dags/example_skip_dag.py for tasks to queue
[2023-12-18T21:30:45.479+0000] {logging_mixin.py:154} INFO - [2023-12-18T21:30:45.479+0000] {dagbag.py:536} INFO - Filling up the DagBag from /home/airflow/.local/lib/python3.8/site-packages/airflow/example_dags/example_skip_dag.py
[2023-12-18T21:30:45.484+0000] {processor.py:839} INFO - DAG(s) dict_keys(['example_skip_dag']) retrieved from /home/airflow/.local/lib/python3.8/site-packages/airflow/example_dags/example_skip_dag.py
[2023-12-18T21:30:45.502+0000] {logging_mixin.py:154} INFO - [2023-12-18T21:30:45.502+0000] {dag.py:2941} INFO - Sync 1 DAGs
[2023-12-18T21:30:45.522+0000] {logging_mixin.py:154} INFO - [2023-12-18T21:30:45.522+0000] {dag.py:3722} INFO - Setting next_dagrun for example_skip_dag to 2023-12-17T21:30:45.522493+00:00, run_after=2023-12-18T21:30:45.522493+00:00
[2023-12-18T21:30:45.541+0000] {processor.py:179} INFO - Processing /home/airflow/.local/lib/python3.8/site-packages/airflow/example_dags/example_skip_dag.py took 0.067 seconds
[2023-12-18T21:31:15.802+0000] {processor.py:157} INFO - Started process (PID=3427) to work on /home/airflow/.local/lib/python3.8/site-packages/airflow/example_dags/example_skip_dag.py
[2023-12-18T21:31:15.803+0000] {processor.py:829} INFO - Processing file /home/airflow/.local/lib/python3.8/site-packages/airflow/example_dags/example_skip_dag.py for tasks to queue
[2023-12-18T21:31:15.804+0000] {logging_mixin.py:154} INFO - [2023-12-18T21:31:15.804+0000] {dagbag.py:536} INFO - Filling up the DagBag from /home/airflow/.local/lib/python3.8/site-packages/airflow/example_dags/example_skip_dag.py
[2023-12-18T21:31:15.810+0000] {processor.py:839} INFO - DAG(s) dict_keys(['example_skip_dag']) retrieved from /home/airflow/.local/lib/python3.8/site-packages/airflow/example_dags/example_skip_dag.py
[2023-12-18T21:31:15.827+0000] {logging_mixin.py:154} INFO - [2023-12-18T21:31:15.827+0000] {dag.py:2941} INFO - Sync 1 DAGs
[2023-12-18T21:31:15.845+0000] {logging_mixin.py:154} INFO - [2023-12-18T21:31:15.845+0000] {dag.py:3722} INFO - Setting next_dagrun for example_skip_dag to 2023-12-17T21:31:15.845198+00:00, run_after=2023-12-18T21:31:15.845198+00:00
[2023-12-18T21:31:15.859+0000] {processor.py:179} INFO - Processing /home/airflow/.local/lib/python3.8/site-packages/airflow/example_dags/example_skip_dag.py took 0.060 seconds
[2023-12-18T21:31:46.150+0000] {processor.py:157} INFO - Started process (PID=3481) to work on /home/airflow/.local/lib/python3.8/site-packages/airflow/example_dags/example_skip_dag.py
[2023-12-18T21:31:46.150+0000] {processor.py:829} INFO - Processing file /home/airflow/.local/lib/python3.8/site-packages/airflow/example_dags/example_skip_dag.py for tasks to queue
[2023-12-18T21:31:46.152+0000] {logging_mixin.py:154} INFO - [2023-12-18T21:31:46.152+0000] {dagbag.py:536} INFO - Filling up the DagBag from /home/airflow/.local/lib/python3.8/site-packages/airflow/example_dags/example_skip_dag.py
[2023-12-18T21:31:46.157+0000] {processor.py:839} INFO - DAG(s) dict_keys(['example_skip_dag']) retrieved from /home/airflow/.local/lib/python3.8/site-packages/airflow/example_dags/example_skip_dag.py
[2023-12-18T21:31:46.175+0000] {logging_mixin.py:154} INFO - [2023-12-18T21:31:46.175+0000] {dag.py:2941} INFO - Sync 1 DAGs
[2023-12-18T21:31:46.194+0000] {logging_mixin.py:154} INFO - [2023-12-18T21:31:46.194+0000] {dag.py:3722} INFO - Setting next_dagrun for example_skip_dag to 2023-12-17T21:31:46.194341+00:00, run_after=2023-12-18T21:31:46.194341+00:00
[2023-12-18T21:31:46.210+0000] {processor.py:179} INFO - Processing /home/airflow/.local/lib/python3.8/site-packages/airflow/example_dags/example_skip_dag.py took 0.063 seconds
[2023-12-18T21:32:16.293+0000] {processor.py:157} INFO - Started process (PID=3535) to work on /home/airflow/.local/lib/python3.8/site-packages/airflow/example_dags/example_skip_dag.py
[2023-12-18T21:32:16.294+0000] {processor.py:829} INFO - Processing file /home/airflow/.local/lib/python3.8/site-packages/airflow/example_dags/example_skip_dag.py for tasks to queue
[2023-12-18T21:32:16.295+0000] {logging_mixin.py:154} INFO - [2023-12-18T21:32:16.295+0000] {dagbag.py:536} INFO - Filling up the DagBag from /home/airflow/.local/lib/python3.8/site-packages/airflow/example_dags/example_skip_dag.py
[2023-12-18T21:32:16.300+0000] {processor.py:839} INFO - DAG(s) dict_keys(['example_skip_dag']) retrieved from /home/airflow/.local/lib/python3.8/site-packages/airflow/example_dags/example_skip_dag.py
[2023-12-18T21:32:16.317+0000] {logging_mixin.py:154} INFO - [2023-12-18T21:32:16.317+0000] {dag.py:2941} INFO - Sync 1 DAGs
[2023-12-18T21:32:16.336+0000] {logging_mixin.py:154} INFO - [2023-12-18T21:32:16.335+0000] {dag.py:3722} INFO - Setting next_dagrun for example_skip_dag to 2023-12-17T21:32:16.335565+00:00, run_after=2023-12-18T21:32:16.335565+00:00
[2023-12-18T21:32:16.351+0000] {processor.py:179} INFO - Processing /home/airflow/.local/lib/python3.8/site-packages/airflow/example_dags/example_skip_dag.py took 0.060 seconds
[2023-12-18T21:32:46.506+0000] {processor.py:157} INFO - Started process (PID=3589) to work on /home/airflow/.local/lib/python3.8/site-packages/airflow/example_dags/example_skip_dag.py
[2023-12-18T21:32:46.507+0000] {processor.py:829} INFO - Processing file /home/airflow/.local/lib/python3.8/site-packages/airflow/example_dags/example_skip_dag.py for tasks to queue
[2023-12-18T21:32:46.509+0000] {logging_mixin.py:154} INFO - [2023-12-18T21:32:46.509+0000] {dagbag.py:536} INFO - Filling up the DagBag from /home/airflow/.local/lib/python3.8/site-packages/airflow/example_dags/example_skip_dag.py
[2023-12-18T21:32:46.514+0000] {processor.py:839} INFO - DAG(s) dict_keys(['example_skip_dag']) retrieved from /home/airflow/.local/lib/python3.8/site-packages/airflow/example_dags/example_skip_dag.py
[2023-12-18T21:32:46.533+0000] {logging_mixin.py:154} INFO - [2023-12-18T21:32:46.533+0000] {dag.py:2941} INFO - Sync 1 DAGs
[2023-12-18T21:32:46.551+0000] {logging_mixin.py:154} INFO - [2023-12-18T21:32:46.551+0000] {dag.py:3722} INFO - Setting next_dagrun for example_skip_dag to 2023-12-17T21:32:46.551029+00:00, run_after=2023-12-18T21:32:46.551029+00:00
[2023-12-18T21:32:46.566+0000] {processor.py:179} INFO - Processing /home/airflow/.local/lib/python3.8/site-packages/airflow/example_dags/example_skip_dag.py took 0.062 seconds
[2023-12-18T21:33:16.739+0000] {processor.py:157} INFO - Started process (PID=3643) to work on /home/airflow/.local/lib/python3.8/site-packages/airflow/example_dags/example_skip_dag.py
[2023-12-18T21:33:16.739+0000] {processor.py:829} INFO - Processing file /home/airflow/.local/lib/python3.8/site-packages/airflow/example_dags/example_skip_dag.py for tasks to queue
[2023-12-18T21:33:16.741+0000] {logging_mixin.py:154} INFO - [2023-12-18T21:33:16.741+0000] {dagbag.py:536} INFO - Filling up the DagBag from /home/airflow/.local/lib/python3.8/site-packages/airflow/example_dags/example_skip_dag.py
[2023-12-18T21:33:16.746+0000] {processor.py:839} INFO - DAG(s) dict_keys(['example_skip_dag']) retrieved from /home/airflow/.local/lib/python3.8/site-packages/airflow/example_dags/example_skip_dag.py
[2023-12-18T21:33:16.765+0000] {logging_mixin.py:154} INFO - [2023-12-18T21:33:16.764+0000] {dag.py:2941} INFO - Sync 1 DAGs
[2023-12-18T21:33:16.785+0000] {logging_mixin.py:154} INFO - [2023-12-18T21:33:16.785+0000] {dag.py:3722} INFO - Setting next_dagrun for example_skip_dag to 2023-12-17T21:33:16.784878+00:00, run_after=2023-12-18T21:33:16.784878+00:00
[2023-12-18T21:33:16.803+0000] {processor.py:179} INFO - Processing /home/airflow/.local/lib/python3.8/site-packages/airflow/example_dags/example_skip_dag.py took 0.068 seconds
[2023-12-18T21:33:46.876+0000] {processor.py:157} INFO - Started process (PID=3697) to work on /home/airflow/.local/lib/python3.8/site-packages/airflow/example_dags/example_skip_dag.py
[2023-12-18T21:33:46.877+0000] {processor.py:829} INFO - Processing file /home/airflow/.local/lib/python3.8/site-packages/airflow/example_dags/example_skip_dag.py for tasks to queue
[2023-12-18T21:33:46.879+0000] {logging_mixin.py:154} INFO - [2023-12-18T21:33:46.879+0000] {dagbag.py:536} INFO - Filling up the DagBag from /home/airflow/.local/lib/python3.8/site-packages/airflow/example_dags/example_skip_dag.py
[2023-12-18T21:33:46.884+0000] {processor.py:839} INFO - DAG(s) dict_keys(['example_skip_dag']) retrieved from /home/airflow/.local/lib/python3.8/site-packages/airflow/example_dags/example_skip_dag.py
[2023-12-18T21:33:46.904+0000] {logging_mixin.py:154} INFO - [2023-12-18T21:33:46.903+0000] {dag.py:2941} INFO - Sync 1 DAGs
[2023-12-18T21:33:46.927+0000] {logging_mixin.py:154} INFO - [2023-12-18T21:33:46.927+0000] {dag.py:3722} INFO - Setting next_dagrun for example_skip_dag to 2023-12-17T21:33:46.926983+00:00, run_after=2023-12-18T21:33:46.926983+00:00
[2023-12-18T21:33:46.952+0000] {processor.py:179} INFO - Processing /home/airflow/.local/lib/python3.8/site-packages/airflow/example_dags/example_skip_dag.py took 0.080 seconds
[2023-12-18T21:34:17.099+0000] {processor.py:157} INFO - Started process (PID=3751) to work on /home/airflow/.local/lib/python3.8/site-packages/airflow/example_dags/example_skip_dag.py
[2023-12-18T21:34:17.100+0000] {processor.py:829} INFO - Processing file /home/airflow/.local/lib/python3.8/site-packages/airflow/example_dags/example_skip_dag.py for tasks to queue
[2023-12-18T21:34:17.102+0000] {logging_mixin.py:154} INFO - [2023-12-18T21:34:17.102+0000] {dagbag.py:536} INFO - Filling up the DagBag from /home/airflow/.local/lib/python3.8/site-packages/airflow/example_dags/example_skip_dag.py
[2023-12-18T21:34:17.109+0000] {processor.py:839} INFO - DAG(s) dict_keys(['example_skip_dag']) retrieved from /home/airflow/.local/lib/python3.8/site-packages/airflow/example_dags/example_skip_dag.py
[2023-12-18T21:34:17.127+0000] {logging_mixin.py:154} INFO - [2023-12-18T21:34:17.127+0000] {dag.py:2941} INFO - Sync 1 DAGs
[2023-12-18T21:34:17.147+0000] {logging_mixin.py:154} INFO - [2023-12-18T21:34:17.147+0000] {dag.py:3722} INFO - Setting next_dagrun for example_skip_dag to 2023-12-17T21:34:17.147131+00:00, run_after=2023-12-18T21:34:17.147131+00:00
[2023-12-18T21:34:17.167+0000] {processor.py:179} INFO - Processing /home/airflow/.local/lib/python3.8/site-packages/airflow/example_dags/example_skip_dag.py took 0.070 seconds
[2023-12-18T21:34:47.211+0000] {processor.py:157} INFO - Started process (PID=3805) to work on /home/airflow/.local/lib/python3.8/site-packages/airflow/example_dags/example_skip_dag.py
[2023-12-18T21:34:47.211+0000] {processor.py:829} INFO - Processing file /home/airflow/.local/lib/python3.8/site-packages/airflow/example_dags/example_skip_dag.py for tasks to queue
[2023-12-18T21:34:47.213+0000] {logging_mixin.py:154} INFO - [2023-12-18T21:34:47.213+0000] {dagbag.py:536} INFO - Filling up the DagBag from /home/airflow/.local/lib/python3.8/site-packages/airflow/example_dags/example_skip_dag.py
[2023-12-18T21:34:47.218+0000] {processor.py:839} INFO - DAG(s) dict_keys(['example_skip_dag']) retrieved from /home/airflow/.local/lib/python3.8/site-packages/airflow/example_dags/example_skip_dag.py
[2023-12-18T21:34:47.237+0000] {logging_mixin.py:154} INFO - [2023-12-18T21:34:47.237+0000] {dag.py:2941} INFO - Sync 1 DAGs
[2023-12-18T21:34:47.258+0000] {logging_mixin.py:154} INFO - [2023-12-18T21:34:47.257+0000] {dag.py:3722} INFO - Setting next_dagrun for example_skip_dag to 2023-12-17T21:34:47.257684+00:00, run_after=2023-12-18T21:34:47.257684+00:00
[2023-12-18T21:34:47.276+0000] {processor.py:179} INFO - Processing /home/airflow/.local/lib/python3.8/site-packages/airflow/example_dags/example_skip_dag.py took 0.067 seconds
[2023-12-18T21:35:17.588+0000] {processor.py:157} INFO - Started process (PID=3859) to work on /home/airflow/.local/lib/python3.8/site-packages/airflow/example_dags/example_skip_dag.py
[2023-12-18T21:35:17.589+0000] {processor.py:829} INFO - Processing file /home/airflow/.local/lib/python3.8/site-packages/airflow/example_dags/example_skip_dag.py for tasks to queue
[2023-12-18T21:35:17.590+0000] {logging_mixin.py:154} INFO - [2023-12-18T21:35:17.590+0000] {dagbag.py:536} INFO - Filling up the DagBag from /home/airflow/.local/lib/python3.8/site-packages/airflow/example_dags/example_skip_dag.py
[2023-12-18T21:35:17.596+0000] {processor.py:839} INFO - DAG(s) dict_keys(['example_skip_dag']) retrieved from /home/airflow/.local/lib/python3.8/site-packages/airflow/example_dags/example_skip_dag.py
[2023-12-18T21:35:17.620+0000] {logging_mixin.py:154} INFO - [2023-12-18T21:35:17.619+0000] {dag.py:2941} INFO - Sync 1 DAGs
[2023-12-18T21:35:17.644+0000] {logging_mixin.py:154} INFO - [2023-12-18T21:35:17.644+0000] {dag.py:3722} INFO - Setting next_dagrun for example_skip_dag to 2023-12-17T21:35:17.643812+00:00, run_after=2023-12-18T21:35:17.643812+00:00
[2023-12-18T21:35:17.664+0000] {processor.py:179} INFO - Processing /home/airflow/.local/lib/python3.8/site-packages/airflow/example_dags/example_skip_dag.py took 0.079 seconds
[2023-12-18T21:35:47.957+0000] {processor.py:157} INFO - Started process (PID=3913) to work on /home/airflow/.local/lib/python3.8/site-packages/airflow/example_dags/example_skip_dag.py
[2023-12-18T21:35:47.957+0000] {processor.py:829} INFO - Processing file /home/airflow/.local/lib/python3.8/site-packages/airflow/example_dags/example_skip_dag.py for tasks to queue
[2023-12-18T21:35:47.959+0000] {logging_mixin.py:154} INFO - [2023-12-18T21:35:47.959+0000] {dagbag.py:536} INFO - Filling up the DagBag from /home/airflow/.local/lib/python3.8/site-packages/airflow/example_dags/example_skip_dag.py
[2023-12-18T21:35:47.963+0000] {processor.py:839} INFO - DAG(s) dict_keys(['example_skip_dag']) retrieved from /home/airflow/.local/lib/python3.8/site-packages/airflow/example_dags/example_skip_dag.py
[2023-12-18T21:35:47.981+0000] {logging_mixin.py:154} INFO - [2023-12-18T21:35:47.980+0000] {dag.py:2941} INFO - Sync 1 DAGs
[2023-12-18T21:35:47.998+0000] {logging_mixin.py:154} INFO - [2023-12-18T21:35:47.998+0000] {dag.py:3722} INFO - Setting next_dagrun for example_skip_dag to 2023-12-17T21:35:47.998489+00:00, run_after=2023-12-18T21:35:47.998489+00:00
[2023-12-18T21:35:48.014+0000] {processor.py:179} INFO - Processing /home/airflow/.local/lib/python3.8/site-packages/airflow/example_dags/example_skip_dag.py took 0.059 seconds
