[2023-12-18T20:56:40.927+0000] {processor.py:157} INFO - Started process (PID=79) to work on /home/airflow/.local/lib/python3.8/site-packages/airflow/example_dags/example_branch_labels.py
[2023-12-18T20:56:40.928+0000] {processor.py:829} INFO - Processing file /home/airflow/.local/lib/python3.8/site-packages/airflow/example_dags/example_branch_labels.py for tasks to queue
[2023-12-18T20:56:40.932+0000] {logging_mixin.py:154} INFO - [2023-12-18T20:56:40.931+0000] {dagbag.py:536} INFO - Filling up the DagBag from /home/airflow/.local/lib/python3.8/site-packages/airflow/example_dags/example_branch_labels.py
[2023-12-18T20:56:40.945+0000] {processor.py:839} INFO - DAG(s) dict_keys(['example_branch_labels']) retrieved from /home/airflow/.local/lib/python3.8/site-packages/airflow/example_dags/example_branch_labels.py
[2023-12-18T20:56:40.983+0000] {logging_mixin.py:154} INFO - [2023-12-18T20:56:40.982+0000] {dag.py:2941} INFO - Sync 1 DAGs
[2023-12-18T20:56:41.030+0000] {logging_mixin.py:154} INFO - [2023-12-18T20:56:41.029+0000] {dag.py:3722} INFO - Setting next_dagrun for example_branch_labels to 2023-12-17T00:00:00+00:00, run_after=2023-12-18T00:00:00+00:00
[2023-12-18T20:56:41.066+0000] {processor.py:179} INFO - Processing /home/airflow/.local/lib/python3.8/site-packages/airflow/example_dags/example_branch_labels.py took 0.144 seconds
[2023-12-18T20:57:12.108+0000] {processor.py:157} INFO - Started process (PID=133) to work on /home/airflow/.local/lib/python3.8/site-packages/airflow/example_dags/example_branch_labels.py
[2023-12-18T20:57:12.110+0000] {processor.py:829} INFO - Processing file /home/airflow/.local/lib/python3.8/site-packages/airflow/example_dags/example_branch_labels.py for tasks to queue
[2023-12-18T20:57:12.114+0000] {logging_mixin.py:154} INFO - [2023-12-18T20:57:12.114+0000] {dagbag.py:536} INFO - Filling up the DagBag from /home/airflow/.local/lib/python3.8/site-packages/airflow/example_dags/example_branch_labels.py
[2023-12-18T20:57:12.129+0000] {processor.py:839} INFO - DAG(s) dict_keys(['example_branch_labels']) retrieved from /home/airflow/.local/lib/python3.8/site-packages/airflow/example_dags/example_branch_labels.py
[2023-12-18T20:57:12.173+0000] {logging_mixin.py:154} INFO - [2023-12-18T20:57:12.173+0000] {dag.py:2941} INFO - Sync 1 DAGs
[2023-12-18T20:57:12.216+0000] {logging_mixin.py:154} INFO - [2023-12-18T20:57:12.215+0000] {dag.py:3722} INFO - Setting next_dagrun for example_branch_labels to 2023-12-17T00:00:00+00:00, run_after=2023-12-18T00:00:00+00:00
[2023-12-18T20:57:12.247+0000] {processor.py:179} INFO - Processing /home/airflow/.local/lib/python3.8/site-packages/airflow/example_dags/example_branch_labels.py took 0.143 seconds
[2023-12-18T20:57:42.790+0000] {processor.py:157} INFO - Started process (PID=187) to work on /home/airflow/.local/lib/python3.8/site-packages/airflow/example_dags/example_branch_labels.py
[2023-12-18T20:57:42.792+0000] {processor.py:829} INFO - Processing file /home/airflow/.local/lib/python3.8/site-packages/airflow/example_dags/example_branch_labels.py for tasks to queue
[2023-12-18T20:57:42.796+0000] {logging_mixin.py:154} INFO - [2023-12-18T20:57:42.795+0000] {dagbag.py:536} INFO - Filling up the DagBag from /home/airflow/.local/lib/python3.8/site-packages/airflow/example_dags/example_branch_labels.py
[2023-12-18T20:57:42.808+0000] {processor.py:839} INFO - DAG(s) dict_keys(['example_branch_labels']) retrieved from /home/airflow/.local/lib/python3.8/site-packages/airflow/example_dags/example_branch_labels.py
[2023-12-18T20:57:42.844+0000] {logging_mixin.py:154} INFO - [2023-12-18T20:57:42.843+0000] {dag.py:2941} INFO - Sync 1 DAGs
[2023-12-18T20:57:42.890+0000] {logging_mixin.py:154} INFO - [2023-12-18T20:57:42.890+0000] {dag.py:3722} INFO - Setting next_dagrun for example_branch_labels to 2023-12-17T00:00:00+00:00, run_after=2023-12-18T00:00:00+00:00
[2023-12-18T20:57:42.964+0000] {processor.py:179} INFO - Processing /home/airflow/.local/lib/python3.8/site-packages/airflow/example_dags/example_branch_labels.py took 0.178 seconds
[2023-12-18T20:58:13.636+0000] {processor.py:157} INFO - Started process (PID=248) to work on /home/airflow/.local/lib/python3.8/site-packages/airflow/example_dags/example_branch_labels.py
[2023-12-18T20:58:13.637+0000] {processor.py:829} INFO - Processing file /home/airflow/.local/lib/python3.8/site-packages/airflow/example_dags/example_branch_labels.py for tasks to queue
[2023-12-18T20:58:13.641+0000] {logging_mixin.py:154} INFO - [2023-12-18T20:58:13.641+0000] {dagbag.py:536} INFO - Filling up the DagBag from /home/airflow/.local/lib/python3.8/site-packages/airflow/example_dags/example_branch_labels.py
[2023-12-18T20:58:13.658+0000] {processor.py:839} INFO - DAG(s) dict_keys(['example_branch_labels']) retrieved from /home/airflow/.local/lib/python3.8/site-packages/airflow/example_dags/example_branch_labels.py
[2023-12-18T20:58:13.695+0000] {logging_mixin.py:154} INFO - [2023-12-18T20:58:13.695+0000] {dag.py:2941} INFO - Sync 1 DAGs
[2023-12-18T20:58:13.740+0000] {logging_mixin.py:154} INFO - [2023-12-18T20:58:13.740+0000] {dag.py:3722} INFO - Setting next_dagrun for example_branch_labels to 2023-12-17T00:00:00+00:00, run_after=2023-12-18T00:00:00+00:00
[2023-12-18T20:58:13.775+0000] {processor.py:179} INFO - Processing /home/airflow/.local/lib/python3.8/site-packages/airflow/example_dags/example_branch_labels.py took 0.145 seconds
[2023-12-18T20:58:44.027+0000] {processor.py:157} INFO - Started process (PID=302) to work on /home/airflow/.local/lib/python3.8/site-packages/airflow/example_dags/example_branch_labels.py
[2023-12-18T20:58:44.028+0000] {processor.py:829} INFO - Processing file /home/airflow/.local/lib/python3.8/site-packages/airflow/example_dags/example_branch_labels.py for tasks to queue
[2023-12-18T20:58:44.033+0000] {logging_mixin.py:154} INFO - [2023-12-18T20:58:44.032+0000] {dagbag.py:536} INFO - Filling up the DagBag from /home/airflow/.local/lib/python3.8/site-packages/airflow/example_dags/example_branch_labels.py
[2023-12-18T20:58:44.048+0000] {processor.py:839} INFO - DAG(s) dict_keys(['example_branch_labels']) retrieved from /home/airflow/.local/lib/python3.8/site-packages/airflow/example_dags/example_branch_labels.py
[2023-12-18T20:58:44.087+0000] {logging_mixin.py:154} INFO - [2023-12-18T20:58:44.086+0000] {dag.py:2941} INFO - Sync 1 DAGs
[2023-12-18T20:58:44.128+0000] {logging_mixin.py:154} INFO - [2023-12-18T20:58:44.128+0000] {dag.py:3722} INFO - Setting next_dagrun for example_branch_labels to 2023-12-17T00:00:00+00:00, run_after=2023-12-18T00:00:00+00:00
[2023-12-18T20:58:44.194+0000] {processor.py:179} INFO - Processing /home/airflow/.local/lib/python3.8/site-packages/airflow/example_dags/example_branch_labels.py took 0.172 seconds
[2023-12-18T20:59:15.046+0000] {processor.py:157} INFO - Started process (PID=356) to work on /home/airflow/.local/lib/python3.8/site-packages/airflow/example_dags/example_branch_labels.py
[2023-12-18T20:59:15.047+0000] {processor.py:829} INFO - Processing file /home/airflow/.local/lib/python3.8/site-packages/airflow/example_dags/example_branch_labels.py for tasks to queue
[2023-12-18T20:59:15.051+0000] {logging_mixin.py:154} INFO - [2023-12-18T20:59:15.051+0000] {dagbag.py:536} INFO - Filling up the DagBag from /home/airflow/.local/lib/python3.8/site-packages/airflow/example_dags/example_branch_labels.py
[2023-12-18T20:59:15.067+0000] {processor.py:839} INFO - DAG(s) dict_keys(['example_branch_labels']) retrieved from /home/airflow/.local/lib/python3.8/site-packages/airflow/example_dags/example_branch_labels.py
[2023-12-18T20:59:15.112+0000] {logging_mixin.py:154} INFO - [2023-12-18T20:59:15.112+0000] {dag.py:2941} INFO - Sync 1 DAGs
[2023-12-18T20:59:15.159+0000] {logging_mixin.py:154} INFO - [2023-12-18T20:59:15.159+0000] {dag.py:3722} INFO - Setting next_dagrun for example_branch_labels to 2023-12-17T00:00:00+00:00, run_after=2023-12-18T00:00:00+00:00
[2023-12-18T20:59:15.233+0000] {processor.py:179} INFO - Processing /home/airflow/.local/lib/python3.8/site-packages/airflow/example_dags/example_branch_labels.py took 0.193 seconds
[2023-12-18T20:59:46.198+0000] {processor.py:157} INFO - Started process (PID=410) to work on /home/airflow/.local/lib/python3.8/site-packages/airflow/example_dags/example_branch_labels.py
[2023-12-18T20:59:46.200+0000] {processor.py:829} INFO - Processing file /home/airflow/.local/lib/python3.8/site-packages/airflow/example_dags/example_branch_labels.py for tasks to queue
[2023-12-18T20:59:46.204+0000] {logging_mixin.py:154} INFO - [2023-12-18T20:59:46.203+0000] {dagbag.py:536} INFO - Filling up the DagBag from /home/airflow/.local/lib/python3.8/site-packages/airflow/example_dags/example_branch_labels.py
[2023-12-18T20:59:46.222+0000] {processor.py:839} INFO - DAG(s) dict_keys(['example_branch_labels']) retrieved from /home/airflow/.local/lib/python3.8/site-packages/airflow/example_dags/example_branch_labels.py
[2023-12-18T20:59:46.264+0000] {logging_mixin.py:154} INFO - [2023-12-18T20:59:46.264+0000] {dag.py:2941} INFO - Sync 1 DAGs
[2023-12-18T20:59:46.318+0000] {logging_mixin.py:154} INFO - [2023-12-18T20:59:46.317+0000] {dag.py:3722} INFO - Setting next_dagrun for example_branch_labels to 2023-12-17T00:00:00+00:00, run_after=2023-12-18T00:00:00+00:00
[2023-12-18T20:59:46.400+0000] {processor.py:179} INFO - Processing /home/airflow/.local/lib/python3.8/site-packages/airflow/example_dags/example_branch_labels.py took 0.209 seconds
[2023-12-18T21:00:16.472+0000] {processor.py:157} INFO - Started process (PID=464) to work on /home/airflow/.local/lib/python3.8/site-packages/airflow/example_dags/example_branch_labels.py
[2023-12-18T21:00:16.473+0000] {processor.py:829} INFO - Processing file /home/airflow/.local/lib/python3.8/site-packages/airflow/example_dags/example_branch_labels.py for tasks to queue
[2023-12-18T21:00:16.477+0000] {logging_mixin.py:154} INFO - [2023-12-18T21:00:16.477+0000] {dagbag.py:536} INFO - Filling up the DagBag from /home/airflow/.local/lib/python3.8/site-packages/airflow/example_dags/example_branch_labels.py
[2023-12-18T21:00:16.488+0000] {processor.py:839} INFO - DAG(s) dict_keys(['example_branch_labels']) retrieved from /home/airflow/.local/lib/python3.8/site-packages/airflow/example_dags/example_branch_labels.py
[2023-12-18T21:00:16.523+0000] {logging_mixin.py:154} INFO - [2023-12-18T21:00:16.523+0000] {dag.py:2941} INFO - Sync 1 DAGs
[2023-12-18T21:00:16.569+0000] {logging_mixin.py:154} INFO - [2023-12-18T21:00:16.568+0000] {dag.py:3722} INFO - Setting next_dagrun for example_branch_labels to 2023-12-17T00:00:00+00:00, run_after=2023-12-18T00:00:00+00:00
[2023-12-18T21:00:16.607+0000] {processor.py:179} INFO - Processing /home/airflow/.local/lib/python3.8/site-packages/airflow/example_dags/example_branch_labels.py took 0.140 seconds
[2023-12-18T21:00:46.981+0000] {processor.py:157} INFO - Started process (PID=518) to work on /home/airflow/.local/lib/python3.8/site-packages/airflow/example_dags/example_branch_labels.py
[2023-12-18T21:00:46.982+0000] {processor.py:829} INFO - Processing file /home/airflow/.local/lib/python3.8/site-packages/airflow/example_dags/example_branch_labels.py for tasks to queue
[2023-12-18T21:00:46.986+0000] {logging_mixin.py:154} INFO - [2023-12-18T21:00:46.986+0000] {dagbag.py:536} INFO - Filling up the DagBag from /home/airflow/.local/lib/python3.8/site-packages/airflow/example_dags/example_branch_labels.py
[2023-12-18T21:00:47.006+0000] {processor.py:839} INFO - DAG(s) dict_keys(['example_branch_labels']) retrieved from /home/airflow/.local/lib/python3.8/site-packages/airflow/example_dags/example_branch_labels.py
[2023-12-18T21:00:47.050+0000] {logging_mixin.py:154} INFO - [2023-12-18T21:00:47.050+0000] {dag.py:2941} INFO - Sync 1 DAGs
[2023-12-18T21:00:47.090+0000] {logging_mixin.py:154} INFO - [2023-12-18T21:00:47.090+0000] {dag.py:3722} INFO - Setting next_dagrun for example_branch_labels to 2023-12-17T00:00:00+00:00, run_after=2023-12-18T00:00:00+00:00
[2023-12-18T21:00:47.120+0000] {processor.py:179} INFO - Processing /home/airflow/.local/lib/python3.8/site-packages/airflow/example_dags/example_branch_labels.py took 0.145 seconds
[2023-12-18T21:01:17.425+0000] {processor.py:157} INFO - Started process (PID=571) to work on /home/airflow/.local/lib/python3.8/site-packages/airflow/example_dags/example_branch_labels.py
[2023-12-18T21:01:17.427+0000] {processor.py:829} INFO - Processing file /home/airflow/.local/lib/python3.8/site-packages/airflow/example_dags/example_branch_labels.py for tasks to queue
[2023-12-18T21:01:17.431+0000] {logging_mixin.py:154} INFO - [2023-12-18T21:01:17.430+0000] {dagbag.py:536} INFO - Filling up the DagBag from /home/airflow/.local/lib/python3.8/site-packages/airflow/example_dags/example_branch_labels.py
[2023-12-18T21:01:17.444+0000] {processor.py:839} INFO - DAG(s) dict_keys(['example_branch_labels']) retrieved from /home/airflow/.local/lib/python3.8/site-packages/airflow/example_dags/example_branch_labels.py
[2023-12-18T21:01:17.481+0000] {logging_mixin.py:154} INFO - [2023-12-18T21:01:17.481+0000] {dag.py:2941} INFO - Sync 1 DAGs
[2023-12-18T21:01:17.523+0000] {logging_mixin.py:154} INFO - [2023-12-18T21:01:17.523+0000] {dag.py:3722} INFO - Setting next_dagrun for example_branch_labels to 2023-12-17T00:00:00+00:00, run_after=2023-12-18T00:00:00+00:00
[2023-12-18T21:01:17.559+0000] {processor.py:179} INFO - Processing /home/airflow/.local/lib/python3.8/site-packages/airflow/example_dags/example_branch_labels.py took 0.140 seconds
[2023-12-18T21:01:47.750+0000] {processor.py:157} INFO - Started process (PID=625) to work on /home/airflow/.local/lib/python3.8/site-packages/airflow/example_dags/example_branch_labels.py
[2023-12-18T21:01:47.751+0000] {processor.py:829} INFO - Processing file /home/airflow/.local/lib/python3.8/site-packages/airflow/example_dags/example_branch_labels.py for tasks to queue
[2023-12-18T21:01:47.754+0000] {logging_mixin.py:154} INFO - [2023-12-18T21:01:47.754+0000] {dagbag.py:536} INFO - Filling up the DagBag from /home/airflow/.local/lib/python3.8/site-packages/airflow/example_dags/example_branch_labels.py
[2023-12-18T21:01:47.769+0000] {processor.py:839} INFO - DAG(s) dict_keys(['example_branch_labels']) retrieved from /home/airflow/.local/lib/python3.8/site-packages/airflow/example_dags/example_branch_labels.py
[2023-12-18T21:01:47.809+0000] {logging_mixin.py:154} INFO - [2023-12-18T21:01:47.809+0000] {dag.py:2941} INFO - Sync 1 DAGs
[2023-12-18T21:01:47.854+0000] {logging_mixin.py:154} INFO - [2023-12-18T21:01:47.854+0000] {dag.py:3722} INFO - Setting next_dagrun for example_branch_labels to 2023-12-17T00:00:00+00:00, run_after=2023-12-18T00:00:00+00:00
[2023-12-18T21:01:47.902+0000] {processor.py:179} INFO - Processing /home/airflow/.local/lib/python3.8/site-packages/airflow/example_dags/example_branch_labels.py took 0.157 seconds
[2023-12-18T21:02:19.312+0000] {processor.py:157} INFO - Started process (PID=680) to work on /home/airflow/.local/lib/python3.8/site-packages/airflow/example_dags/example_branch_labels.py
[2023-12-18T21:02:19.314+0000] {processor.py:829} INFO - Processing file /home/airflow/.local/lib/python3.8/site-packages/airflow/example_dags/example_branch_labels.py for tasks to queue
[2023-12-18T21:02:19.317+0000] {logging_mixin.py:154} INFO - [2023-12-18T21:02:19.317+0000] {dagbag.py:536} INFO - Filling up the DagBag from /home/airflow/.local/lib/python3.8/site-packages/airflow/example_dags/example_branch_labels.py
[2023-12-18T21:02:19.332+0000] {processor.py:839} INFO - DAG(s) dict_keys(['example_branch_labels']) retrieved from /home/airflow/.local/lib/python3.8/site-packages/airflow/example_dags/example_branch_labels.py
[2023-12-18T21:02:19.375+0000] {logging_mixin.py:154} INFO - [2023-12-18T21:02:19.375+0000] {dag.py:2941} INFO - Sync 1 DAGs
[2023-12-18T21:02:19.424+0000] {logging_mixin.py:154} INFO - [2023-12-18T21:02:19.423+0000] {dag.py:3722} INFO - Setting next_dagrun for example_branch_labels to 2023-12-17T00:00:00+00:00, run_after=2023-12-18T00:00:00+00:00
[2023-12-18T21:02:19.463+0000] {processor.py:179} INFO - Processing /home/airflow/.local/lib/python3.8/site-packages/airflow/example_dags/example_branch_labels.py took 0.156 seconds
[2023-12-18T21:02:50.156+0000] {processor.py:157} INFO - Started process (PID=734) to work on /home/airflow/.local/lib/python3.8/site-packages/airflow/example_dags/example_branch_labels.py
[2023-12-18T21:02:50.158+0000] {processor.py:829} INFO - Processing file /home/airflow/.local/lib/python3.8/site-packages/airflow/example_dags/example_branch_labels.py for tasks to queue
[2023-12-18T21:02:50.161+0000] {logging_mixin.py:154} INFO - [2023-12-18T21:02:50.161+0000] {dagbag.py:536} INFO - Filling up the DagBag from /home/airflow/.local/lib/python3.8/site-packages/airflow/example_dags/example_branch_labels.py
[2023-12-18T21:02:50.174+0000] {processor.py:839} INFO - DAG(s) dict_keys(['example_branch_labels']) retrieved from /home/airflow/.local/lib/python3.8/site-packages/airflow/example_dags/example_branch_labels.py
[2023-12-18T21:02:50.212+0000] {logging_mixin.py:154} INFO - [2023-12-18T21:02:50.211+0000] {dag.py:2941} INFO - Sync 1 DAGs
[2023-12-18T21:02:50.258+0000] {logging_mixin.py:154} INFO - [2023-12-18T21:02:50.258+0000] {dag.py:3722} INFO - Setting next_dagrun for example_branch_labels to 2023-12-17T00:00:00+00:00, run_after=2023-12-18T00:00:00+00:00
[2023-12-18T21:02:50.329+0000] {processor.py:179} INFO - Processing /home/airflow/.local/lib/python3.8/site-packages/airflow/example_dags/example_branch_labels.py took 0.178 seconds
[2023-12-18T21:03:20.432+0000] {processor.py:157} INFO - Started process (PID=788) to work on /home/airflow/.local/lib/python3.8/site-packages/airflow/example_dags/example_branch_labels.py
[2023-12-18T21:03:20.433+0000] {processor.py:829} INFO - Processing file /home/airflow/.local/lib/python3.8/site-packages/airflow/example_dags/example_branch_labels.py for tasks to queue
[2023-12-18T21:03:20.438+0000] {logging_mixin.py:154} INFO - [2023-12-18T21:03:20.437+0000] {dagbag.py:536} INFO - Filling up the DagBag from /home/airflow/.local/lib/python3.8/site-packages/airflow/example_dags/example_branch_labels.py
[2023-12-18T21:03:20.450+0000] {processor.py:839} INFO - DAG(s) dict_keys(['example_branch_labels']) retrieved from /home/airflow/.local/lib/python3.8/site-packages/airflow/example_dags/example_branch_labels.py
[2023-12-18T21:03:20.487+0000] {logging_mixin.py:154} INFO - [2023-12-18T21:03:20.486+0000] {dag.py:2941} INFO - Sync 1 DAGs
[2023-12-18T21:03:20.535+0000] {logging_mixin.py:154} INFO - [2023-12-18T21:03:20.534+0000] {dag.py:3722} INFO - Setting next_dagrun for example_branch_labels to 2023-12-17T00:00:00+00:00, run_after=2023-12-18T00:00:00+00:00
[2023-12-18T21:03:20.580+0000] {processor.py:179} INFO - Processing /home/airflow/.local/lib/python3.8/site-packages/airflow/example_dags/example_branch_labels.py took 0.154 seconds
[2023-12-18T21:03:50.819+0000] {processor.py:157} INFO - Started process (PID=842) to work on /home/airflow/.local/lib/python3.8/site-packages/airflow/example_dags/example_branch_labels.py
[2023-12-18T21:03:50.819+0000] {processor.py:829} INFO - Processing file /home/airflow/.local/lib/python3.8/site-packages/airflow/example_dags/example_branch_labels.py for tasks to queue
[2023-12-18T21:03:50.821+0000] {logging_mixin.py:154} INFO - [2023-12-18T21:03:50.821+0000] {dagbag.py:536} INFO - Filling up the DagBag from /home/airflow/.local/lib/python3.8/site-packages/airflow/example_dags/example_branch_labels.py
[2023-12-18T21:03:50.827+0000] {processor.py:839} INFO - DAG(s) dict_keys(['example_branch_labels']) retrieved from /home/airflow/.local/lib/python3.8/site-packages/airflow/example_dags/example_branch_labels.py
[2023-12-18T21:03:50.846+0000] {logging_mixin.py:154} INFO - [2023-12-18T21:03:50.845+0000] {dag.py:2941} INFO - Sync 1 DAGs
[2023-12-18T21:03:50.866+0000] {logging_mixin.py:154} INFO - [2023-12-18T21:03:50.866+0000] {dag.py:3722} INFO - Setting next_dagrun for example_branch_labels to 2023-12-17T00:00:00+00:00, run_after=2023-12-18T00:00:00+00:00
[2023-12-18T21:03:50.881+0000] {processor.py:179} INFO - Processing /home/airflow/.local/lib/python3.8/site-packages/airflow/example_dags/example_branch_labels.py took 0.065 seconds
[2023-12-18T21:04:21.741+0000] {processor.py:157} INFO - Started process (PID=896) to work on /home/airflow/.local/lib/python3.8/site-packages/airflow/example_dags/example_branch_labels.py
[2023-12-18T21:04:21.742+0000] {processor.py:829} INFO - Processing file /home/airflow/.local/lib/python3.8/site-packages/airflow/example_dags/example_branch_labels.py for tasks to queue
[2023-12-18T21:04:21.744+0000] {logging_mixin.py:154} INFO - [2023-12-18T21:04:21.744+0000] {dagbag.py:536} INFO - Filling up the DagBag from /home/airflow/.local/lib/python3.8/site-packages/airflow/example_dags/example_branch_labels.py
[2023-12-18T21:04:21.750+0000] {processor.py:839} INFO - DAG(s) dict_keys(['example_branch_labels']) retrieved from /home/airflow/.local/lib/python3.8/site-packages/airflow/example_dags/example_branch_labels.py
[2023-12-18T21:04:21.767+0000] {logging_mixin.py:154} INFO - [2023-12-18T21:04:21.767+0000] {dag.py:2941} INFO - Sync 1 DAGs
[2023-12-18T21:04:21.786+0000] {logging_mixin.py:154} INFO - [2023-12-18T21:04:21.786+0000] {dag.py:3722} INFO - Setting next_dagrun for example_branch_labels to 2023-12-17T00:00:00+00:00, run_after=2023-12-18T00:00:00+00:00
[2023-12-18T21:04:21.802+0000] {processor.py:179} INFO - Processing /home/airflow/.local/lib/python3.8/site-packages/airflow/example_dags/example_branch_labels.py took 0.064 seconds
[2023-12-18T21:04:52.081+0000] {processor.py:157} INFO - Started process (PID=950) to work on /home/airflow/.local/lib/python3.8/site-packages/airflow/example_dags/example_branch_labels.py
[2023-12-18T21:04:52.082+0000] {processor.py:829} INFO - Processing file /home/airflow/.local/lib/python3.8/site-packages/airflow/example_dags/example_branch_labels.py for tasks to queue
[2023-12-18T21:04:52.083+0000] {logging_mixin.py:154} INFO - [2023-12-18T21:04:52.083+0000] {dagbag.py:536} INFO - Filling up the DagBag from /home/airflow/.local/lib/python3.8/site-packages/airflow/example_dags/example_branch_labels.py
[2023-12-18T21:04:52.089+0000] {processor.py:839} INFO - DAG(s) dict_keys(['example_branch_labels']) retrieved from /home/airflow/.local/lib/python3.8/site-packages/airflow/example_dags/example_branch_labels.py
[2023-12-18T21:04:52.106+0000] {logging_mixin.py:154} INFO - [2023-12-18T21:04:52.106+0000] {dag.py:2941} INFO - Sync 1 DAGs
[2023-12-18T21:04:52.125+0000] {logging_mixin.py:154} INFO - [2023-12-18T21:04:52.124+0000] {dag.py:3722} INFO - Setting next_dagrun for example_branch_labels to 2023-12-17T00:00:00+00:00, run_after=2023-12-18T00:00:00+00:00
[2023-12-18T21:04:52.138+0000] {processor.py:179} INFO - Processing /home/airflow/.local/lib/python3.8/site-packages/airflow/example_dags/example_branch_labels.py took 0.060 seconds
[2023-12-18T21:05:22.491+0000] {processor.py:157} INFO - Started process (PID=1004) to work on /home/airflow/.local/lib/python3.8/site-packages/airflow/example_dags/example_branch_labels.py
[2023-12-18T21:05:22.492+0000] {processor.py:829} INFO - Processing file /home/airflow/.local/lib/python3.8/site-packages/airflow/example_dags/example_branch_labels.py for tasks to queue
[2023-12-18T21:05:22.494+0000] {logging_mixin.py:154} INFO - [2023-12-18T21:05:22.494+0000] {dagbag.py:536} INFO - Filling up the DagBag from /home/airflow/.local/lib/python3.8/site-packages/airflow/example_dags/example_branch_labels.py
[2023-12-18T21:05:22.501+0000] {processor.py:839} INFO - DAG(s) dict_keys(['example_branch_labels']) retrieved from /home/airflow/.local/lib/python3.8/site-packages/airflow/example_dags/example_branch_labels.py
[2023-12-18T21:05:22.519+0000] {logging_mixin.py:154} INFO - [2023-12-18T21:05:22.518+0000] {dag.py:2941} INFO - Sync 1 DAGs
[2023-12-18T21:05:22.540+0000] {logging_mixin.py:154} INFO - [2023-12-18T21:05:22.540+0000] {dag.py:3722} INFO - Setting next_dagrun for example_branch_labels to 2023-12-17T00:00:00+00:00, run_after=2023-12-18T00:00:00+00:00
[2023-12-18T21:05:22.556+0000] {processor.py:179} INFO - Processing /home/airflow/.local/lib/python3.8/site-packages/airflow/example_dags/example_branch_labels.py took 0.067 seconds
[2023-12-18T21:05:52.770+0000] {processor.py:157} INFO - Started process (PID=1058) to work on /home/airflow/.local/lib/python3.8/site-packages/airflow/example_dags/example_branch_labels.py
[2023-12-18T21:05:52.771+0000] {processor.py:829} INFO - Processing file /home/airflow/.local/lib/python3.8/site-packages/airflow/example_dags/example_branch_labels.py for tasks to queue
[2023-12-18T21:05:52.772+0000] {logging_mixin.py:154} INFO - [2023-12-18T21:05:52.772+0000] {dagbag.py:536} INFO - Filling up the DagBag from /home/airflow/.local/lib/python3.8/site-packages/airflow/example_dags/example_branch_labels.py
[2023-12-18T21:05:52.778+0000] {processor.py:839} INFO - DAG(s) dict_keys(['example_branch_labels']) retrieved from /home/airflow/.local/lib/python3.8/site-packages/airflow/example_dags/example_branch_labels.py
[2023-12-18T21:05:52.794+0000] {logging_mixin.py:154} INFO - [2023-12-18T21:05:52.794+0000] {dag.py:2941} INFO - Sync 1 DAGs
[2023-12-18T21:05:52.815+0000] {logging_mixin.py:154} INFO - [2023-12-18T21:05:52.814+0000] {dag.py:3722} INFO - Setting next_dagrun for example_branch_labels to 2023-12-17T00:00:00+00:00, run_after=2023-12-18T00:00:00+00:00
[2023-12-18T21:05:52.831+0000] {processor.py:179} INFO - Processing /home/airflow/.local/lib/python3.8/site-packages/airflow/example_dags/example_branch_labels.py took 0.064 seconds
[2023-12-18T21:06:23.189+0000] {processor.py:157} INFO - Started process (PID=1112) to work on /home/airflow/.local/lib/python3.8/site-packages/airflow/example_dags/example_branch_labels.py
[2023-12-18T21:06:23.189+0000] {processor.py:829} INFO - Processing file /home/airflow/.local/lib/python3.8/site-packages/airflow/example_dags/example_branch_labels.py for tasks to queue
[2023-12-18T21:06:23.191+0000] {logging_mixin.py:154} INFO - [2023-12-18T21:06:23.191+0000] {dagbag.py:536} INFO - Filling up the DagBag from /home/airflow/.local/lib/python3.8/site-packages/airflow/example_dags/example_branch_labels.py
[2023-12-18T21:06:23.197+0000] {processor.py:839} INFO - DAG(s) dict_keys(['example_branch_labels']) retrieved from /home/airflow/.local/lib/python3.8/site-packages/airflow/example_dags/example_branch_labels.py
[2023-12-18T21:06:23.213+0000] {logging_mixin.py:154} INFO - [2023-12-18T21:06:23.213+0000] {dag.py:2941} INFO - Sync 1 DAGs
[2023-12-18T21:06:23.233+0000] {logging_mixin.py:154} INFO - [2023-12-18T21:06:23.233+0000] {dag.py:3722} INFO - Setting next_dagrun for example_branch_labels to 2023-12-17T00:00:00+00:00, run_after=2023-12-18T00:00:00+00:00
[2023-12-18T21:06:23.247+0000] {processor.py:179} INFO - Processing /home/airflow/.local/lib/python3.8/site-packages/airflow/example_dags/example_branch_labels.py took 0.061 seconds
[2023-12-18T21:06:53.295+0000] {processor.py:157} INFO - Started process (PID=1166) to work on /home/airflow/.local/lib/python3.8/site-packages/airflow/example_dags/example_branch_labels.py
[2023-12-18T21:06:53.295+0000] {processor.py:829} INFO - Processing file /home/airflow/.local/lib/python3.8/site-packages/airflow/example_dags/example_branch_labels.py for tasks to queue
[2023-12-18T21:06:53.297+0000] {logging_mixin.py:154} INFO - [2023-12-18T21:06:53.297+0000] {dagbag.py:536} INFO - Filling up the DagBag from /home/airflow/.local/lib/python3.8/site-packages/airflow/example_dags/example_branch_labels.py
[2023-12-18T21:06:53.303+0000] {processor.py:839} INFO - DAG(s) dict_keys(['example_branch_labels']) retrieved from /home/airflow/.local/lib/python3.8/site-packages/airflow/example_dags/example_branch_labels.py
[2023-12-18T21:06:53.319+0000] {logging_mixin.py:154} INFO - [2023-12-18T21:06:53.318+0000] {dag.py:2941} INFO - Sync 1 DAGs
[2023-12-18T21:06:53.336+0000] {logging_mixin.py:154} INFO - [2023-12-18T21:06:53.336+0000] {dag.py:3722} INFO - Setting next_dagrun for example_branch_labels to 2023-12-17T00:00:00+00:00, run_after=2023-12-18T00:00:00+00:00
[2023-12-18T21:06:53.349+0000] {processor.py:179} INFO - Processing /home/airflow/.local/lib/python3.8/site-packages/airflow/example_dags/example_branch_labels.py took 0.057 seconds
[2023-12-18T21:07:23.607+0000] {processor.py:157} INFO - Started process (PID=1220) to work on /home/airflow/.local/lib/python3.8/site-packages/airflow/example_dags/example_branch_labels.py
[2023-12-18T21:07:23.608+0000] {processor.py:829} INFO - Processing file /home/airflow/.local/lib/python3.8/site-packages/airflow/example_dags/example_branch_labels.py for tasks to queue
[2023-12-18T21:07:23.610+0000] {logging_mixin.py:154} INFO - [2023-12-18T21:07:23.610+0000] {dagbag.py:536} INFO - Filling up the DagBag from /home/airflow/.local/lib/python3.8/site-packages/airflow/example_dags/example_branch_labels.py
[2023-12-18T21:07:23.615+0000] {processor.py:839} INFO - DAG(s) dict_keys(['example_branch_labels']) retrieved from /home/airflow/.local/lib/python3.8/site-packages/airflow/example_dags/example_branch_labels.py
[2023-12-18T21:07:23.632+0000] {logging_mixin.py:154} INFO - [2023-12-18T21:07:23.631+0000] {dag.py:2941} INFO - Sync 1 DAGs
[2023-12-18T21:07:23.651+0000] {logging_mixin.py:154} INFO - [2023-12-18T21:07:23.651+0000] {dag.py:3722} INFO - Setting next_dagrun for example_branch_labels to 2023-12-17T00:00:00+00:00, run_after=2023-12-18T00:00:00+00:00
[2023-12-18T21:07:23.665+0000] {processor.py:179} INFO - Processing /home/airflow/.local/lib/python3.8/site-packages/airflow/example_dags/example_branch_labels.py took 0.060 seconds
[2023-12-18T21:07:54.652+0000] {processor.py:157} INFO - Started process (PID=1274) to work on /home/airflow/.local/lib/python3.8/site-packages/airflow/example_dags/example_branch_labels.py
[2023-12-18T21:07:54.652+0000] {processor.py:829} INFO - Processing file /home/airflow/.local/lib/python3.8/site-packages/airflow/example_dags/example_branch_labels.py for tasks to queue
[2023-12-18T21:07:54.654+0000] {logging_mixin.py:154} INFO - [2023-12-18T21:07:54.654+0000] {dagbag.py:536} INFO - Filling up the DagBag from /home/airflow/.local/lib/python3.8/site-packages/airflow/example_dags/example_branch_labels.py
[2023-12-18T21:07:54.660+0000] {processor.py:839} INFO - DAG(s) dict_keys(['example_branch_labels']) retrieved from /home/airflow/.local/lib/python3.8/site-packages/airflow/example_dags/example_branch_labels.py
[2023-12-18T21:07:54.677+0000] {logging_mixin.py:154} INFO - [2023-12-18T21:07:54.677+0000] {dag.py:2941} INFO - Sync 1 DAGs
[2023-12-18T21:07:54.696+0000] {logging_mixin.py:154} INFO - [2023-12-18T21:07:54.696+0000] {dag.py:3722} INFO - Setting next_dagrun for example_branch_labels to 2023-12-17T00:00:00+00:00, run_after=2023-12-18T00:00:00+00:00
[2023-12-18T21:07:54.711+0000] {processor.py:179} INFO - Processing /home/airflow/.local/lib/python3.8/site-packages/airflow/example_dags/example_branch_labels.py took 0.062 seconds
[2023-12-18T21:11:28.845+0000] {processor.py:157} INFO - Started process (PID=1319) to work on /home/airflow/.local/lib/python3.8/site-packages/airflow/example_dags/example_branch_labels.py
[2023-12-18T21:11:28.846+0000] {processor.py:829} INFO - Processing file /home/airflow/.local/lib/python3.8/site-packages/airflow/example_dags/example_branch_labels.py for tasks to queue
[2023-12-18T21:11:28.848+0000] {logging_mixin.py:154} INFO - [2023-12-18T21:11:28.847+0000] {dagbag.py:536} INFO - Filling up the DagBag from /home/airflow/.local/lib/python3.8/site-packages/airflow/example_dags/example_branch_labels.py
[2023-12-18T21:11:28.853+0000] {processor.py:839} INFO - DAG(s) dict_keys(['example_branch_labels']) retrieved from /home/airflow/.local/lib/python3.8/site-packages/airflow/example_dags/example_branch_labels.py
[2023-12-18T21:11:28.870+0000] {logging_mixin.py:154} INFO - [2023-12-18T21:11:28.870+0000] {dag.py:2941} INFO - Sync 1 DAGs
[2023-12-18T21:11:28.889+0000] {logging_mixin.py:154} INFO - [2023-12-18T21:11:28.888+0000] {dag.py:3722} INFO - Setting next_dagrun for example_branch_labels to 2023-12-17T00:00:00+00:00, run_after=2023-12-18T00:00:00+00:00
[2023-12-18T21:11:28.902+0000] {processor.py:179} INFO - Processing /home/airflow/.local/lib/python3.8/site-packages/airflow/example_dags/example_branch_labels.py took 0.060 seconds
[2023-12-18T21:11:59.156+0000] {processor.py:157} INFO - Started process (PID=1373) to work on /home/airflow/.local/lib/python3.8/site-packages/airflow/example_dags/example_branch_labels.py
[2023-12-18T21:11:59.157+0000] {processor.py:829} INFO - Processing file /home/airflow/.local/lib/python3.8/site-packages/airflow/example_dags/example_branch_labels.py for tasks to queue
[2023-12-18T21:11:59.159+0000] {logging_mixin.py:154} INFO - [2023-12-18T21:11:59.159+0000] {dagbag.py:536} INFO - Filling up the DagBag from /home/airflow/.local/lib/python3.8/site-packages/airflow/example_dags/example_branch_labels.py
[2023-12-18T21:11:59.165+0000] {processor.py:839} INFO - DAG(s) dict_keys(['example_branch_labels']) retrieved from /home/airflow/.local/lib/python3.8/site-packages/airflow/example_dags/example_branch_labels.py
[2023-12-18T21:11:59.183+0000] {logging_mixin.py:154} INFO - [2023-12-18T21:11:59.183+0000] {dag.py:2941} INFO - Sync 1 DAGs
[2023-12-18T21:11:59.202+0000] {logging_mixin.py:154} INFO - [2023-12-18T21:11:59.202+0000] {dag.py:3722} INFO - Setting next_dagrun for example_branch_labels to 2023-12-17T00:00:00+00:00, run_after=2023-12-18T00:00:00+00:00
[2023-12-18T21:11:59.216+0000] {processor.py:179} INFO - Processing /home/airflow/.local/lib/python3.8/site-packages/airflow/example_dags/example_branch_labels.py took 0.062 seconds
[2023-12-18T21:12:29.552+0000] {processor.py:157} INFO - Started process (PID=1427) to work on /home/airflow/.local/lib/python3.8/site-packages/airflow/example_dags/example_branch_labels.py
[2023-12-18T21:12:29.553+0000] {processor.py:829} INFO - Processing file /home/airflow/.local/lib/python3.8/site-packages/airflow/example_dags/example_branch_labels.py for tasks to queue
[2023-12-18T21:12:29.555+0000] {logging_mixin.py:154} INFO - [2023-12-18T21:12:29.555+0000] {dagbag.py:536} INFO - Filling up the DagBag from /home/airflow/.local/lib/python3.8/site-packages/airflow/example_dags/example_branch_labels.py
[2023-12-18T21:12:29.561+0000] {processor.py:839} INFO - DAG(s) dict_keys(['example_branch_labels']) retrieved from /home/airflow/.local/lib/python3.8/site-packages/airflow/example_dags/example_branch_labels.py
[2023-12-18T21:12:29.577+0000] {logging_mixin.py:154} INFO - [2023-12-18T21:12:29.577+0000] {dag.py:2941} INFO - Sync 1 DAGs
[2023-12-18T21:12:29.597+0000] {logging_mixin.py:154} INFO - [2023-12-18T21:12:29.597+0000] {dag.py:3722} INFO - Setting next_dagrun for example_branch_labels to 2023-12-17T00:00:00+00:00, run_after=2023-12-18T00:00:00+00:00
[2023-12-18T21:12:29.614+0000] {processor.py:179} INFO - Processing /home/airflow/.local/lib/python3.8/site-packages/airflow/example_dags/example_branch_labels.py took 0.064 seconds
[2023-12-18T21:12:59.869+0000] {processor.py:157} INFO - Started process (PID=1481) to work on /home/airflow/.local/lib/python3.8/site-packages/airflow/example_dags/example_branch_labels.py
[2023-12-18T21:12:59.870+0000] {processor.py:829} INFO - Processing file /home/airflow/.local/lib/python3.8/site-packages/airflow/example_dags/example_branch_labels.py for tasks to queue
[2023-12-18T21:12:59.871+0000] {logging_mixin.py:154} INFO - [2023-12-18T21:12:59.871+0000] {dagbag.py:536} INFO - Filling up the DagBag from /home/airflow/.local/lib/python3.8/site-packages/airflow/example_dags/example_branch_labels.py
[2023-12-18T21:12:59.877+0000] {processor.py:839} INFO - DAG(s) dict_keys(['example_branch_labels']) retrieved from /home/airflow/.local/lib/python3.8/site-packages/airflow/example_dags/example_branch_labels.py
[2023-12-18T21:12:59.893+0000] {logging_mixin.py:154} INFO - [2023-12-18T21:12:59.893+0000] {dag.py:2941} INFO - Sync 1 DAGs
[2023-12-18T21:12:59.913+0000] {logging_mixin.py:154} INFO - [2023-12-18T21:12:59.913+0000] {dag.py:3722} INFO - Setting next_dagrun for example_branch_labels to 2023-12-17T00:00:00+00:00, run_after=2023-12-18T00:00:00+00:00
[2023-12-18T21:12:59.933+0000] {processor.py:179} INFO - Processing /home/airflow/.local/lib/python3.8/site-packages/airflow/example_dags/example_branch_labels.py took 0.066 seconds
[2023-12-18T21:13:30.247+0000] {processor.py:157} INFO - Started process (PID=1535) to work on /home/airflow/.local/lib/python3.8/site-packages/airflow/example_dags/example_branch_labels.py
[2023-12-18T21:13:30.248+0000] {processor.py:829} INFO - Processing file /home/airflow/.local/lib/python3.8/site-packages/airflow/example_dags/example_branch_labels.py for tasks to queue
[2023-12-18T21:13:30.250+0000] {logging_mixin.py:154} INFO - [2023-12-18T21:13:30.250+0000] {dagbag.py:536} INFO - Filling up the DagBag from /home/airflow/.local/lib/python3.8/site-packages/airflow/example_dags/example_branch_labels.py
[2023-12-18T21:13:30.256+0000] {processor.py:839} INFO - DAG(s) dict_keys(['example_branch_labels']) retrieved from /home/airflow/.local/lib/python3.8/site-packages/airflow/example_dags/example_branch_labels.py
[2023-12-18T21:13:30.272+0000] {logging_mixin.py:154} INFO - [2023-12-18T21:13:30.272+0000] {dag.py:2941} INFO - Sync 1 DAGs
[2023-12-18T21:13:30.293+0000] {logging_mixin.py:154} INFO - [2023-12-18T21:13:30.293+0000] {dag.py:3722} INFO - Setting next_dagrun for example_branch_labels to 2023-12-17T00:00:00+00:00, run_after=2023-12-18T00:00:00+00:00
[2023-12-18T21:13:30.307+0000] {processor.py:179} INFO - Processing /home/airflow/.local/lib/python3.8/site-packages/airflow/example_dags/example_branch_labels.py took 0.064 seconds
[2023-12-18T21:14:00.767+0000] {processor.py:157} INFO - Started process (PID=1589) to work on /home/airflow/.local/lib/python3.8/site-packages/airflow/example_dags/example_branch_labels.py
[2023-12-18T21:14:00.768+0000] {processor.py:829} INFO - Processing file /home/airflow/.local/lib/python3.8/site-packages/airflow/example_dags/example_branch_labels.py for tasks to queue
[2023-12-18T21:14:00.770+0000] {logging_mixin.py:154} INFO - [2023-12-18T21:14:00.770+0000] {dagbag.py:536} INFO - Filling up the DagBag from /home/airflow/.local/lib/python3.8/site-packages/airflow/example_dags/example_branch_labels.py
[2023-12-18T21:14:00.776+0000] {processor.py:839} INFO - DAG(s) dict_keys(['example_branch_labels']) retrieved from /home/airflow/.local/lib/python3.8/site-packages/airflow/example_dags/example_branch_labels.py
[2023-12-18T21:14:00.794+0000] {logging_mixin.py:154} INFO - [2023-12-18T21:14:00.794+0000] {dag.py:2941} INFO - Sync 1 DAGs
[2023-12-18T21:14:00.815+0000] {logging_mixin.py:154} INFO - [2023-12-18T21:14:00.815+0000] {dag.py:3722} INFO - Setting next_dagrun for example_branch_labels to 2023-12-17T00:00:00+00:00, run_after=2023-12-18T00:00:00+00:00
[2023-12-18T21:14:00.831+0000] {processor.py:179} INFO - Processing /home/airflow/.local/lib/python3.8/site-packages/airflow/example_dags/example_branch_labels.py took 0.067 seconds
[2023-12-18T21:14:30.998+0000] {processor.py:157} INFO - Started process (PID=1643) to work on /home/airflow/.local/lib/python3.8/site-packages/airflow/example_dags/example_branch_labels.py
[2023-12-18T21:14:30.999+0000] {processor.py:829} INFO - Processing file /home/airflow/.local/lib/python3.8/site-packages/airflow/example_dags/example_branch_labels.py for tasks to queue
[2023-12-18T21:14:31.001+0000] {logging_mixin.py:154} INFO - [2023-12-18T21:14:31.000+0000] {dagbag.py:536} INFO - Filling up the DagBag from /home/airflow/.local/lib/python3.8/site-packages/airflow/example_dags/example_branch_labels.py
[2023-12-18T21:14:31.007+0000] {processor.py:839} INFO - DAG(s) dict_keys(['example_branch_labels']) retrieved from /home/airflow/.local/lib/python3.8/site-packages/airflow/example_dags/example_branch_labels.py
[2023-12-18T21:14:31.024+0000] {logging_mixin.py:154} INFO - [2023-12-18T21:14:31.023+0000] {dag.py:2941} INFO - Sync 1 DAGs
[2023-12-18T21:14:31.043+0000] {logging_mixin.py:154} INFO - [2023-12-18T21:14:31.043+0000] {dag.py:3722} INFO - Setting next_dagrun for example_branch_labels to 2023-12-17T00:00:00+00:00, run_after=2023-12-18T00:00:00+00:00
[2023-12-18T21:14:31.058+0000] {processor.py:179} INFO - Processing /home/airflow/.local/lib/python3.8/site-packages/airflow/example_dags/example_branch_labels.py took 0.062 seconds
[2023-12-18T21:15:01.598+0000] {processor.py:157} INFO - Started process (PID=1697) to work on /home/airflow/.local/lib/python3.8/site-packages/airflow/example_dags/example_branch_labels.py
[2023-12-18T21:15:01.599+0000] {processor.py:829} INFO - Processing file /home/airflow/.local/lib/python3.8/site-packages/airflow/example_dags/example_branch_labels.py for tasks to queue
[2023-12-18T21:15:01.602+0000] {logging_mixin.py:154} INFO - [2023-12-18T21:15:01.601+0000] {dagbag.py:536} INFO - Filling up the DagBag from /home/airflow/.local/lib/python3.8/site-packages/airflow/example_dags/example_branch_labels.py
[2023-12-18T21:15:01.609+0000] {processor.py:839} INFO - DAG(s) dict_keys(['example_branch_labels']) retrieved from /home/airflow/.local/lib/python3.8/site-packages/airflow/example_dags/example_branch_labels.py
[2023-12-18T21:15:01.627+0000] {logging_mixin.py:154} INFO - [2023-12-18T21:15:01.627+0000] {dag.py:2941} INFO - Sync 1 DAGs
[2023-12-18T21:15:01.650+0000] {logging_mixin.py:154} INFO - [2023-12-18T21:15:01.650+0000] {dag.py:3722} INFO - Setting next_dagrun for example_branch_labels to 2023-12-17T00:00:00+00:00, run_after=2023-12-18T00:00:00+00:00
[2023-12-18T21:15:01.667+0000] {processor.py:179} INFO - Processing /home/airflow/.local/lib/python3.8/site-packages/airflow/example_dags/example_branch_labels.py took 0.071 seconds
[2023-12-18T21:15:31.988+0000] {processor.py:157} INFO - Started process (PID=1751) to work on /home/airflow/.local/lib/python3.8/site-packages/airflow/example_dags/example_branch_labels.py
[2023-12-18T21:15:31.989+0000] {processor.py:829} INFO - Processing file /home/airflow/.local/lib/python3.8/site-packages/airflow/example_dags/example_branch_labels.py for tasks to queue
[2023-12-18T21:15:31.990+0000] {logging_mixin.py:154} INFO - [2023-12-18T21:15:31.990+0000] {dagbag.py:536} INFO - Filling up the DagBag from /home/airflow/.local/lib/python3.8/site-packages/airflow/example_dags/example_branch_labels.py
[2023-12-18T21:15:31.997+0000] {processor.py:839} INFO - DAG(s) dict_keys(['example_branch_labels']) retrieved from /home/airflow/.local/lib/python3.8/site-packages/airflow/example_dags/example_branch_labels.py
[2023-12-18T21:15:32.015+0000] {logging_mixin.py:154} INFO - [2023-12-18T21:15:32.015+0000] {dag.py:2941} INFO - Sync 1 DAGs
[2023-12-18T21:15:32.034+0000] {logging_mixin.py:154} INFO - [2023-12-18T21:15:32.034+0000] {dag.py:3722} INFO - Setting next_dagrun for example_branch_labels to 2023-12-17T00:00:00+00:00, run_after=2023-12-18T00:00:00+00:00
[2023-12-18T21:15:32.054+0000] {processor.py:179} INFO - Processing /home/airflow/.local/lib/python3.8/site-packages/airflow/example_dags/example_branch_labels.py took 0.068 seconds
[2023-12-18T21:16:02.304+0000] {processor.py:157} INFO - Started process (PID=1804) to work on /home/airflow/.local/lib/python3.8/site-packages/airflow/example_dags/example_branch_labels.py
[2023-12-18T21:16:02.305+0000] {processor.py:829} INFO - Processing file /home/airflow/.local/lib/python3.8/site-packages/airflow/example_dags/example_branch_labels.py for tasks to queue
[2023-12-18T21:16:02.307+0000] {logging_mixin.py:154} INFO - [2023-12-18T21:16:02.307+0000] {dagbag.py:536} INFO - Filling up the DagBag from /home/airflow/.local/lib/python3.8/site-packages/airflow/example_dags/example_branch_labels.py
[2023-12-18T21:16:02.314+0000] {processor.py:839} INFO - DAG(s) dict_keys(['example_branch_labels']) retrieved from /home/airflow/.local/lib/python3.8/site-packages/airflow/example_dags/example_branch_labels.py
[2023-12-18T21:16:02.333+0000] {logging_mixin.py:154} INFO - [2023-12-18T21:16:02.333+0000] {dag.py:2941} INFO - Sync 1 DAGs
[2023-12-18T21:16:02.352+0000] {logging_mixin.py:154} INFO - [2023-12-18T21:16:02.352+0000] {dag.py:3722} INFO - Setting next_dagrun for example_branch_labels to 2023-12-17T00:00:00+00:00, run_after=2023-12-18T00:00:00+00:00
[2023-12-18T21:16:02.368+0000] {processor.py:179} INFO - Processing /home/airflow/.local/lib/python3.8/site-packages/airflow/example_dags/example_branch_labels.py took 0.068 seconds
[2023-12-18T21:16:32.544+0000] {processor.py:157} INFO - Started process (PID=1859) to work on /home/airflow/.local/lib/python3.8/site-packages/airflow/example_dags/example_branch_labels.py
[2023-12-18T21:16:32.544+0000] {processor.py:829} INFO - Processing file /home/airflow/.local/lib/python3.8/site-packages/airflow/example_dags/example_branch_labels.py for tasks to queue
[2023-12-18T21:16:32.546+0000] {logging_mixin.py:154} INFO - [2023-12-18T21:16:32.546+0000] {dagbag.py:536} INFO - Filling up the DagBag from /home/airflow/.local/lib/python3.8/site-packages/airflow/example_dags/example_branch_labels.py
[2023-12-18T21:16:32.552+0000] {processor.py:839} INFO - DAG(s) dict_keys(['example_branch_labels']) retrieved from /home/airflow/.local/lib/python3.8/site-packages/airflow/example_dags/example_branch_labels.py
[2023-12-18T21:16:32.568+0000] {logging_mixin.py:154} INFO - [2023-12-18T21:16:32.568+0000] {dag.py:2941} INFO - Sync 1 DAGs
[2023-12-18T21:16:32.586+0000] {logging_mixin.py:154} INFO - [2023-12-18T21:16:32.586+0000] {dag.py:3722} INFO - Setting next_dagrun for example_branch_labels to 2023-12-17T00:00:00+00:00, run_after=2023-12-18T00:00:00+00:00
[2023-12-18T21:16:32.601+0000] {processor.py:179} INFO - Processing /home/airflow/.local/lib/python3.8/site-packages/airflow/example_dags/example_branch_labels.py took 0.060 seconds
[2023-12-18T21:17:03.235+0000] {processor.py:157} INFO - Started process (PID=1912) to work on /home/airflow/.local/lib/python3.8/site-packages/airflow/example_dags/example_branch_labels.py
[2023-12-18T21:17:03.236+0000] {processor.py:829} INFO - Processing file /home/airflow/.local/lib/python3.8/site-packages/airflow/example_dags/example_branch_labels.py for tasks to queue
[2023-12-18T21:17:03.238+0000] {logging_mixin.py:154} INFO - [2023-12-18T21:17:03.238+0000] {dagbag.py:536} INFO - Filling up the DagBag from /home/airflow/.local/lib/python3.8/site-packages/airflow/example_dags/example_branch_labels.py
[2023-12-18T21:17:03.245+0000] {processor.py:839} INFO - DAG(s) dict_keys(['example_branch_labels']) retrieved from /home/airflow/.local/lib/python3.8/site-packages/airflow/example_dags/example_branch_labels.py
[2023-12-18T21:17:03.264+0000] {logging_mixin.py:154} INFO - [2023-12-18T21:17:03.264+0000] {dag.py:2941} INFO - Sync 1 DAGs
[2023-12-18T21:17:03.283+0000] {logging_mixin.py:154} INFO - [2023-12-18T21:17:03.283+0000] {dag.py:3722} INFO - Setting next_dagrun for example_branch_labels to 2023-12-17T00:00:00+00:00, run_after=2023-12-18T00:00:00+00:00
[2023-12-18T21:17:03.298+0000] {processor.py:179} INFO - Processing /home/airflow/.local/lib/python3.8/site-packages/airflow/example_dags/example_branch_labels.py took 0.065 seconds
[2023-12-18T21:17:34.878+0000] {processor.py:157} INFO - Started process (PID=1967) to work on /home/airflow/.local/lib/python3.8/site-packages/airflow/example_dags/example_branch_labels.py
[2023-12-18T21:17:34.879+0000] {processor.py:829} INFO - Processing file /home/airflow/.local/lib/python3.8/site-packages/airflow/example_dags/example_branch_labels.py for tasks to queue
[2023-12-18T21:17:34.881+0000] {logging_mixin.py:154} INFO - [2023-12-18T21:17:34.880+0000] {dagbag.py:536} INFO - Filling up the DagBag from /home/airflow/.local/lib/python3.8/site-packages/airflow/example_dags/example_branch_labels.py
[2023-12-18T21:17:34.887+0000] {processor.py:839} INFO - DAG(s) dict_keys(['example_branch_labels']) retrieved from /home/airflow/.local/lib/python3.8/site-packages/airflow/example_dags/example_branch_labels.py
[2023-12-18T21:17:34.907+0000] {logging_mixin.py:154} INFO - [2023-12-18T21:17:34.907+0000] {dag.py:2941} INFO - Sync 1 DAGs
[2023-12-18T21:17:34.929+0000] {logging_mixin.py:154} INFO - [2023-12-18T21:17:34.929+0000] {dag.py:3722} INFO - Setting next_dagrun for example_branch_labels to 2023-12-17T00:00:00+00:00, run_after=2023-12-18T00:00:00+00:00
[2023-12-18T21:17:35.090+0000] {processor.py:179} INFO - Processing /home/airflow/.local/lib/python3.8/site-packages/airflow/example_dags/example_branch_labels.py took 0.215 seconds
[2023-12-18T21:18:05.194+0000] {processor.py:157} INFO - Started process (PID=2021) to work on /home/airflow/.local/lib/python3.8/site-packages/airflow/example_dags/example_branch_labels.py
[2023-12-18T21:18:05.194+0000] {processor.py:829} INFO - Processing file /home/airflow/.local/lib/python3.8/site-packages/airflow/example_dags/example_branch_labels.py for tasks to queue
[2023-12-18T21:18:05.196+0000] {logging_mixin.py:154} INFO - [2023-12-18T21:18:05.196+0000] {dagbag.py:536} INFO - Filling up the DagBag from /home/airflow/.local/lib/python3.8/site-packages/airflow/example_dags/example_branch_labels.py
[2023-12-18T21:18:05.202+0000] {processor.py:839} INFO - DAG(s) dict_keys(['example_branch_labels']) retrieved from /home/airflow/.local/lib/python3.8/site-packages/airflow/example_dags/example_branch_labels.py
[2023-12-18T21:18:05.218+0000] {logging_mixin.py:154} INFO - [2023-12-18T21:18:05.218+0000] {dag.py:2941} INFO - Sync 1 DAGs
[2023-12-18T21:18:05.237+0000] {logging_mixin.py:154} INFO - [2023-12-18T21:18:05.237+0000] {dag.py:3722} INFO - Setting next_dagrun for example_branch_labels to 2023-12-17T00:00:00+00:00, run_after=2023-12-18T00:00:00+00:00
[2023-12-18T21:18:05.251+0000] {processor.py:179} INFO - Processing /home/airflow/.local/lib/python3.8/site-packages/airflow/example_dags/example_branch_labels.py took 0.060 seconds
[2023-12-18T21:18:35.508+0000] {processor.py:157} INFO - Started process (PID=2075) to work on /home/airflow/.local/lib/python3.8/site-packages/airflow/example_dags/example_branch_labels.py
[2023-12-18T21:18:35.509+0000] {processor.py:829} INFO - Processing file /home/airflow/.local/lib/python3.8/site-packages/airflow/example_dags/example_branch_labels.py for tasks to queue
[2023-12-18T21:18:35.511+0000] {logging_mixin.py:154} INFO - [2023-12-18T21:18:35.511+0000] {dagbag.py:536} INFO - Filling up the DagBag from /home/airflow/.local/lib/python3.8/site-packages/airflow/example_dags/example_branch_labels.py
[2023-12-18T21:18:35.517+0000] {processor.py:839} INFO - DAG(s) dict_keys(['example_branch_labels']) retrieved from /home/airflow/.local/lib/python3.8/site-packages/airflow/example_dags/example_branch_labels.py
[2023-12-18T21:18:35.533+0000] {logging_mixin.py:154} INFO - [2023-12-18T21:18:35.533+0000] {dag.py:2941} INFO - Sync 1 DAGs
[2023-12-18T21:18:35.551+0000] {logging_mixin.py:154} INFO - [2023-12-18T21:18:35.551+0000] {dag.py:3722} INFO - Setting next_dagrun for example_branch_labels to 2023-12-17T00:00:00+00:00, run_after=2023-12-18T00:00:00+00:00
[2023-12-18T21:18:35.566+0000] {processor.py:179} INFO - Processing /home/airflow/.local/lib/python3.8/site-packages/airflow/example_dags/example_branch_labels.py took 0.060 seconds
[2023-12-18T21:19:06.018+0000] {processor.py:157} INFO - Started process (PID=2129) to work on /home/airflow/.local/lib/python3.8/site-packages/airflow/example_dags/example_branch_labels.py
[2023-12-18T21:19:06.019+0000] {processor.py:829} INFO - Processing file /home/airflow/.local/lib/python3.8/site-packages/airflow/example_dags/example_branch_labels.py for tasks to queue
[2023-12-18T21:19:06.021+0000] {logging_mixin.py:154} INFO - [2023-12-18T21:19:06.020+0000] {dagbag.py:536} INFO - Filling up the DagBag from /home/airflow/.local/lib/python3.8/site-packages/airflow/example_dags/example_branch_labels.py
[2023-12-18T21:19:06.026+0000] {processor.py:839} INFO - DAG(s) dict_keys(['example_branch_labels']) retrieved from /home/airflow/.local/lib/python3.8/site-packages/airflow/example_dags/example_branch_labels.py
[2023-12-18T21:19:06.042+0000] {logging_mixin.py:154} INFO - [2023-12-18T21:19:06.041+0000] {dag.py:2941} INFO - Sync 1 DAGs
[2023-12-18T21:19:06.061+0000] {logging_mixin.py:154} INFO - [2023-12-18T21:19:06.061+0000] {dag.py:3722} INFO - Setting next_dagrun for example_branch_labels to 2023-12-17T00:00:00+00:00, run_after=2023-12-18T00:00:00+00:00
[2023-12-18T21:19:06.075+0000] {processor.py:179} INFO - Processing /home/airflow/.local/lib/python3.8/site-packages/airflow/example_dags/example_branch_labels.py took 0.060 seconds
[2023-12-18T21:19:37.363+0000] {processor.py:157} INFO - Started process (PID=2183) to work on /home/airflow/.local/lib/python3.8/site-packages/airflow/example_dags/example_branch_labels.py
[2023-12-18T21:19:37.364+0000] {processor.py:829} INFO - Processing file /home/airflow/.local/lib/python3.8/site-packages/airflow/example_dags/example_branch_labels.py for tasks to queue
[2023-12-18T21:19:37.367+0000] {logging_mixin.py:154} INFO - [2023-12-18T21:19:37.367+0000] {dagbag.py:536} INFO - Filling up the DagBag from /home/airflow/.local/lib/python3.8/site-packages/airflow/example_dags/example_branch_labels.py
[2023-12-18T21:19:37.374+0000] {processor.py:839} INFO - DAG(s) dict_keys(['example_branch_labels']) retrieved from /home/airflow/.local/lib/python3.8/site-packages/airflow/example_dags/example_branch_labels.py
[2023-12-18T21:19:37.394+0000] {logging_mixin.py:154} INFO - [2023-12-18T21:19:37.394+0000] {dag.py:2941} INFO - Sync 1 DAGs
[2023-12-18T21:19:37.418+0000] {logging_mixin.py:154} INFO - [2023-12-18T21:19:37.418+0000] {dag.py:3722} INFO - Setting next_dagrun for example_branch_labels to 2023-12-17T00:00:00+00:00, run_after=2023-12-18T00:00:00+00:00
[2023-12-18T21:19:37.575+0000] {processor.py:179} INFO - Processing /home/airflow/.local/lib/python3.8/site-packages/airflow/example_dags/example_branch_labels.py took 0.215 seconds
[2023-12-18T21:20:07.872+0000] {processor.py:157} INFO - Started process (PID=2237) to work on /home/airflow/.local/lib/python3.8/site-packages/airflow/example_dags/example_branch_labels.py
[2023-12-18T21:20:07.872+0000] {processor.py:829} INFO - Processing file /home/airflow/.local/lib/python3.8/site-packages/airflow/example_dags/example_branch_labels.py for tasks to queue
[2023-12-18T21:20:07.874+0000] {logging_mixin.py:154} INFO - [2023-12-18T21:20:07.874+0000] {dagbag.py:536} INFO - Filling up the DagBag from /home/airflow/.local/lib/python3.8/site-packages/airflow/example_dags/example_branch_labels.py
[2023-12-18T21:20:07.880+0000] {processor.py:839} INFO - DAG(s) dict_keys(['example_branch_labels']) retrieved from /home/airflow/.local/lib/python3.8/site-packages/airflow/example_dags/example_branch_labels.py
[2023-12-18T21:20:07.895+0000] {logging_mixin.py:154} INFO - [2023-12-18T21:20:07.895+0000] {dag.py:2941} INFO - Sync 1 DAGs
[2023-12-18T21:20:07.913+0000] {logging_mixin.py:154} INFO - [2023-12-18T21:20:07.913+0000] {dag.py:3722} INFO - Setting next_dagrun for example_branch_labels to 2023-12-17T00:00:00+00:00, run_after=2023-12-18T00:00:00+00:00
[2023-12-18T21:20:07.928+0000] {processor.py:179} INFO - Processing /home/airflow/.local/lib/python3.8/site-packages/airflow/example_dags/example_branch_labels.py took 0.059 seconds
[2023-12-18T21:20:38.150+0000] {processor.py:157} INFO - Started process (PID=2291) to work on /home/airflow/.local/lib/python3.8/site-packages/airflow/example_dags/example_branch_labels.py
[2023-12-18T21:20:38.151+0000] {processor.py:829} INFO - Processing file /home/airflow/.local/lib/python3.8/site-packages/airflow/example_dags/example_branch_labels.py for tasks to queue
[2023-12-18T21:20:38.153+0000] {logging_mixin.py:154} INFO - [2023-12-18T21:20:38.153+0000] {dagbag.py:536} INFO - Filling up the DagBag from /home/airflow/.local/lib/python3.8/site-packages/airflow/example_dags/example_branch_labels.py
[2023-12-18T21:20:38.160+0000] {processor.py:839} INFO - DAG(s) dict_keys(['example_branch_labels']) retrieved from /home/airflow/.local/lib/python3.8/site-packages/airflow/example_dags/example_branch_labels.py
[2023-12-18T21:20:38.180+0000] {logging_mixin.py:154} INFO - [2023-12-18T21:20:38.180+0000] {dag.py:2941} INFO - Sync 1 DAGs
[2023-12-18T21:20:38.201+0000] {logging_mixin.py:154} INFO - [2023-12-18T21:20:38.201+0000] {dag.py:3722} INFO - Setting next_dagrun for example_branch_labels to 2023-12-17T00:00:00+00:00, run_after=2023-12-18T00:00:00+00:00
[2023-12-18T21:20:38.217+0000] {processor.py:179} INFO - Processing /home/airflow/.local/lib/python3.8/site-packages/airflow/example_dags/example_branch_labels.py took 0.070 seconds
[2023-12-18T21:21:09.772+0000] {processor.py:157} INFO - Started process (PID=2345) to work on /home/airflow/.local/lib/python3.8/site-packages/airflow/example_dags/example_branch_labels.py
[2023-12-18T21:21:09.773+0000] {processor.py:829} INFO - Processing file /home/airflow/.local/lib/python3.8/site-packages/airflow/example_dags/example_branch_labels.py for tasks to queue
[2023-12-18T21:21:09.775+0000] {logging_mixin.py:154} INFO - [2023-12-18T21:21:09.775+0000] {dagbag.py:536} INFO - Filling up the DagBag from /home/airflow/.local/lib/python3.8/site-packages/airflow/example_dags/example_branch_labels.py
[2023-12-18T21:21:09.781+0000] {processor.py:839} INFO - DAG(s) dict_keys(['example_branch_labels']) retrieved from /home/airflow/.local/lib/python3.8/site-packages/airflow/example_dags/example_branch_labels.py
[2023-12-18T21:21:09.797+0000] {logging_mixin.py:154} INFO - [2023-12-18T21:21:09.797+0000] {dag.py:2941} INFO - Sync 1 DAGs
[2023-12-18T21:21:09.949+0000] {logging_mixin.py:154} INFO - [2023-12-18T21:21:09.949+0000] {dag.py:3722} INFO - Setting next_dagrun for example_branch_labels to 2023-12-17T00:00:00+00:00, run_after=2023-12-18T00:00:00+00:00
[2023-12-18T21:21:09.963+0000] {processor.py:179} INFO - Processing /home/airflow/.local/lib/python3.8/site-packages/airflow/example_dags/example_branch_labels.py took 0.193 seconds
[2023-12-18T21:21:41.171+0000] {processor.py:157} INFO - Started process (PID=2399) to work on /home/airflow/.local/lib/python3.8/site-packages/airflow/example_dags/example_branch_labels.py
[2023-12-18T21:21:41.172+0000] {processor.py:829} INFO - Processing file /home/airflow/.local/lib/python3.8/site-packages/airflow/example_dags/example_branch_labels.py for tasks to queue
[2023-12-18T21:21:41.174+0000] {logging_mixin.py:154} INFO - [2023-12-18T21:21:41.174+0000] {dagbag.py:536} INFO - Filling up the DagBag from /home/airflow/.local/lib/python3.8/site-packages/airflow/example_dags/example_branch_labels.py
[2023-12-18T21:21:41.180+0000] {processor.py:839} INFO - DAG(s) dict_keys(['example_branch_labels']) retrieved from /home/airflow/.local/lib/python3.8/site-packages/airflow/example_dags/example_branch_labels.py
[2023-12-18T21:21:41.200+0000] {logging_mixin.py:154} INFO - [2023-12-18T21:21:41.200+0000] {dag.py:2941} INFO - Sync 1 DAGs
[2023-12-18T21:21:41.371+0000] {logging_mixin.py:154} INFO - [2023-12-18T21:21:41.371+0000] {dag.py:3722} INFO - Setting next_dagrun for example_branch_labels to 2023-12-17T00:00:00+00:00, run_after=2023-12-18T00:00:00+00:00
[2023-12-18T21:21:41.399+0000] {processor.py:179} INFO - Processing /home/airflow/.local/lib/python3.8/site-packages/airflow/example_dags/example_branch_labels.py took 0.230 seconds
[2023-12-18T21:22:12.393+0000] {processor.py:157} INFO - Started process (PID=2463) to work on /home/airflow/.local/lib/python3.8/site-packages/airflow/example_dags/example_branch_labels.py
[2023-12-18T21:22:12.394+0000] {processor.py:829} INFO - Processing file /home/airflow/.local/lib/python3.8/site-packages/airflow/example_dags/example_branch_labels.py for tasks to queue
[2023-12-18T21:22:12.396+0000] {logging_mixin.py:154} INFO - [2023-12-18T21:22:12.395+0000] {dagbag.py:536} INFO - Filling up the DagBag from /home/airflow/.local/lib/python3.8/site-packages/airflow/example_dags/example_branch_labels.py
[2023-12-18T21:22:12.401+0000] {processor.py:839} INFO - DAG(s) dict_keys(['example_branch_labels']) retrieved from /home/airflow/.local/lib/python3.8/site-packages/airflow/example_dags/example_branch_labels.py
[2023-12-18T21:22:12.418+0000] {logging_mixin.py:154} INFO - [2023-12-18T21:22:12.418+0000] {dag.py:2941} INFO - Sync 1 DAGs
[2023-12-18T21:22:12.440+0000] {logging_mixin.py:154} INFO - [2023-12-18T21:22:12.440+0000] {dag.py:3722} INFO - Setting next_dagrun for example_branch_labels to 2023-12-17T00:00:00+00:00, run_after=2023-12-18T00:00:00+00:00
[2023-12-18T21:22:12.469+0000] {processor.py:179} INFO - Processing /home/airflow/.local/lib/python3.8/site-packages/airflow/example_dags/example_branch_labels.py took 0.078 seconds
[2023-12-18T21:22:43.110+0000] {processor.py:157} INFO - Started process (PID=2517) to work on /home/airflow/.local/lib/python3.8/site-packages/airflow/example_dags/example_branch_labels.py
[2023-12-18T21:22:43.111+0000] {processor.py:829} INFO - Processing file /home/airflow/.local/lib/python3.8/site-packages/airflow/example_dags/example_branch_labels.py for tasks to queue
[2023-12-18T21:22:43.112+0000] {logging_mixin.py:154} INFO - [2023-12-18T21:22:43.112+0000] {dagbag.py:536} INFO - Filling up the DagBag from /home/airflow/.local/lib/python3.8/site-packages/airflow/example_dags/example_branch_labels.py
[2023-12-18T21:22:43.119+0000] {processor.py:839} INFO - DAG(s) dict_keys(['example_branch_labels']) retrieved from /home/airflow/.local/lib/python3.8/site-packages/airflow/example_dags/example_branch_labels.py
[2023-12-18T21:22:43.136+0000] {logging_mixin.py:154} INFO - [2023-12-18T21:22:43.136+0000] {dag.py:2941} INFO - Sync 1 DAGs
[2023-12-18T21:22:43.156+0000] {logging_mixin.py:154} INFO - [2023-12-18T21:22:43.156+0000] {dag.py:3722} INFO - Setting next_dagrun for example_branch_labels to 2023-12-17T00:00:00+00:00, run_after=2023-12-18T00:00:00+00:00
[2023-12-18T21:22:43.184+0000] {processor.py:179} INFO - Processing /home/airflow/.local/lib/python3.8/site-packages/airflow/example_dags/example_branch_labels.py took 0.077 seconds
[2023-12-18T21:23:13.324+0000] {processor.py:157} INFO - Started process (PID=2571) to work on /home/airflow/.local/lib/python3.8/site-packages/airflow/example_dags/example_branch_labels.py
[2023-12-18T21:23:13.324+0000] {processor.py:829} INFO - Processing file /home/airflow/.local/lib/python3.8/site-packages/airflow/example_dags/example_branch_labels.py for tasks to queue
[2023-12-18T21:23:13.326+0000] {logging_mixin.py:154} INFO - [2023-12-18T21:23:13.326+0000] {dagbag.py:536} INFO - Filling up the DagBag from /home/airflow/.local/lib/python3.8/site-packages/airflow/example_dags/example_branch_labels.py
[2023-12-18T21:23:13.332+0000] {processor.py:839} INFO - DAG(s) dict_keys(['example_branch_labels']) retrieved from /home/airflow/.local/lib/python3.8/site-packages/airflow/example_dags/example_branch_labels.py
[2023-12-18T21:23:13.350+0000] {logging_mixin.py:154} INFO - [2023-12-18T21:23:13.350+0000] {dag.py:2941} INFO - Sync 1 DAGs
[2023-12-18T21:23:13.370+0000] {logging_mixin.py:154} INFO - [2023-12-18T21:23:13.370+0000] {dag.py:3722} INFO - Setting next_dagrun for example_branch_labels to 2023-12-17T00:00:00+00:00, run_after=2023-12-18T00:00:00+00:00
[2023-12-18T21:23:13.395+0000] {processor.py:179} INFO - Processing /home/airflow/.local/lib/python3.8/site-packages/airflow/example_dags/example_branch_labels.py took 0.075 seconds
[2023-12-18T21:23:43.810+0000] {processor.py:157} INFO - Started process (PID=2625) to work on /home/airflow/.local/lib/python3.8/site-packages/airflow/example_dags/example_branch_labels.py
[2023-12-18T21:23:43.810+0000] {processor.py:829} INFO - Processing file /home/airflow/.local/lib/python3.8/site-packages/airflow/example_dags/example_branch_labels.py for tasks to queue
[2023-12-18T21:23:43.812+0000] {logging_mixin.py:154} INFO - [2023-12-18T21:23:43.812+0000] {dagbag.py:536} INFO - Filling up the DagBag from /home/airflow/.local/lib/python3.8/site-packages/airflow/example_dags/example_branch_labels.py
[2023-12-18T21:23:43.818+0000] {processor.py:839} INFO - DAG(s) dict_keys(['example_branch_labels']) retrieved from /home/airflow/.local/lib/python3.8/site-packages/airflow/example_dags/example_branch_labels.py
[2023-12-18T21:23:43.836+0000] {logging_mixin.py:154} INFO - [2023-12-18T21:23:43.836+0000] {dag.py:2941} INFO - Sync 1 DAGs
[2023-12-18T21:23:43.857+0000] {logging_mixin.py:154} INFO - [2023-12-18T21:23:43.857+0000] {dag.py:3722} INFO - Setting next_dagrun for example_branch_labels to 2023-12-17T00:00:00+00:00, run_after=2023-12-18T00:00:00+00:00
[2023-12-18T21:23:43.873+0000] {processor.py:179} INFO - Processing /home/airflow/.local/lib/python3.8/site-packages/airflow/example_dags/example_branch_labels.py took 0.066 seconds
[2023-12-18T21:24:14.153+0000] {processor.py:157} INFO - Started process (PID=2679) to work on /home/airflow/.local/lib/python3.8/site-packages/airflow/example_dags/example_branch_labels.py
[2023-12-18T21:24:14.154+0000] {processor.py:829} INFO - Processing file /home/airflow/.local/lib/python3.8/site-packages/airflow/example_dags/example_branch_labels.py for tasks to queue
[2023-12-18T21:24:14.156+0000] {logging_mixin.py:154} INFO - [2023-12-18T21:24:14.156+0000] {dagbag.py:536} INFO - Filling up the DagBag from /home/airflow/.local/lib/python3.8/site-packages/airflow/example_dags/example_branch_labels.py
[2023-12-18T21:24:14.163+0000] {processor.py:839} INFO - DAG(s) dict_keys(['example_branch_labels']) retrieved from /home/airflow/.local/lib/python3.8/site-packages/airflow/example_dags/example_branch_labels.py
[2023-12-18T21:24:14.180+0000] {logging_mixin.py:154} INFO - [2023-12-18T21:24:14.180+0000] {dag.py:2941} INFO - Sync 1 DAGs
[2023-12-18T21:24:14.200+0000] {logging_mixin.py:154} INFO - [2023-12-18T21:24:14.200+0000] {dag.py:3722} INFO - Setting next_dagrun for example_branch_labels to 2023-12-17T00:00:00+00:00, run_after=2023-12-18T00:00:00+00:00
[2023-12-18T21:24:14.229+0000] {processor.py:179} INFO - Processing /home/airflow/.local/lib/python3.8/site-packages/airflow/example_dags/example_branch_labels.py took 0.078 seconds
[2023-12-18T21:24:44.328+0000] {processor.py:157} INFO - Started process (PID=2733) to work on /home/airflow/.local/lib/python3.8/site-packages/airflow/example_dags/example_branch_labels.py
[2023-12-18T21:24:44.328+0000] {processor.py:829} INFO - Processing file /home/airflow/.local/lib/python3.8/site-packages/airflow/example_dags/example_branch_labels.py for tasks to queue
[2023-12-18T21:24:44.330+0000] {logging_mixin.py:154} INFO - [2023-12-18T21:24:44.330+0000] {dagbag.py:536} INFO - Filling up the DagBag from /home/airflow/.local/lib/python3.8/site-packages/airflow/example_dags/example_branch_labels.py
[2023-12-18T21:24:44.336+0000] {processor.py:839} INFO - DAG(s) dict_keys(['example_branch_labels']) retrieved from /home/airflow/.local/lib/python3.8/site-packages/airflow/example_dags/example_branch_labels.py
[2023-12-18T21:24:44.352+0000] {logging_mixin.py:154} INFO - [2023-12-18T21:24:44.352+0000] {dag.py:2941} INFO - Sync 1 DAGs
[2023-12-18T21:24:44.372+0000] {logging_mixin.py:154} INFO - [2023-12-18T21:24:44.371+0000] {dag.py:3722} INFO - Setting next_dagrun for example_branch_labels to 2023-12-17T00:00:00+00:00, run_after=2023-12-18T00:00:00+00:00
[2023-12-18T21:24:44.386+0000] {processor.py:179} INFO - Processing /home/airflow/.local/lib/python3.8/site-packages/airflow/example_dags/example_branch_labels.py took 0.061 seconds
[2023-12-18T21:25:14.610+0000] {processor.py:157} INFO - Started process (PID=2787) to work on /home/airflow/.local/lib/python3.8/site-packages/airflow/example_dags/example_branch_labels.py
[2023-12-18T21:25:14.611+0000] {processor.py:829} INFO - Processing file /home/airflow/.local/lib/python3.8/site-packages/airflow/example_dags/example_branch_labels.py for tasks to queue
[2023-12-18T21:25:14.614+0000] {logging_mixin.py:154} INFO - [2023-12-18T21:25:14.614+0000] {dagbag.py:536} INFO - Filling up the DagBag from /home/airflow/.local/lib/python3.8/site-packages/airflow/example_dags/example_branch_labels.py
[2023-12-18T21:25:14.622+0000] {processor.py:839} INFO - DAG(s) dict_keys(['example_branch_labels']) retrieved from /home/airflow/.local/lib/python3.8/site-packages/airflow/example_dags/example_branch_labels.py
[2023-12-18T21:25:14.642+0000] {logging_mixin.py:154} INFO - [2023-12-18T21:25:14.642+0000] {dag.py:2941} INFO - Sync 1 DAGs
[2023-12-18T21:25:14.666+0000] {logging_mixin.py:154} INFO - [2023-12-18T21:25:14.665+0000] {dag.py:3722} INFO - Setting next_dagrun for example_branch_labels to 2023-12-17T00:00:00+00:00, run_after=2023-12-18T00:00:00+00:00
[2023-12-18T21:25:14.686+0000] {processor.py:179} INFO - Processing /home/airflow/.local/lib/python3.8/site-packages/airflow/example_dags/example_branch_labels.py took 0.079 seconds
[2023-12-18T21:25:44.795+0000] {processor.py:157} INFO - Started process (PID=2841) to work on /home/airflow/.local/lib/python3.8/site-packages/airflow/example_dags/example_branch_labels.py
[2023-12-18T21:25:44.795+0000] {processor.py:829} INFO - Processing file /home/airflow/.local/lib/python3.8/site-packages/airflow/example_dags/example_branch_labels.py for tasks to queue
[2023-12-18T21:25:44.797+0000] {logging_mixin.py:154} INFO - [2023-12-18T21:25:44.797+0000] {dagbag.py:536} INFO - Filling up the DagBag from /home/airflow/.local/lib/python3.8/site-packages/airflow/example_dags/example_branch_labels.py
[2023-12-18T21:25:44.803+0000] {processor.py:839} INFO - DAG(s) dict_keys(['example_branch_labels']) retrieved from /home/airflow/.local/lib/python3.8/site-packages/airflow/example_dags/example_branch_labels.py
[2023-12-18T21:25:44.820+0000] {logging_mixin.py:154} INFO - [2023-12-18T21:25:44.819+0000] {dag.py:2941} INFO - Sync 1 DAGs
[2023-12-18T21:25:44.837+0000] {logging_mixin.py:154} INFO - [2023-12-18T21:25:44.837+0000] {dag.py:3722} INFO - Setting next_dagrun for example_branch_labels to 2023-12-17T00:00:00+00:00, run_after=2023-12-18T00:00:00+00:00
[2023-12-18T21:25:44.862+0000] {processor.py:179} INFO - Processing /home/airflow/.local/lib/python3.8/site-packages/airflow/example_dags/example_branch_labels.py took 0.070 seconds
[2023-12-18T21:26:15.100+0000] {processor.py:157} INFO - Started process (PID=2895) to work on /home/airflow/.local/lib/python3.8/site-packages/airflow/example_dags/example_branch_labels.py
[2023-12-18T21:26:15.101+0000] {processor.py:829} INFO - Processing file /home/airflow/.local/lib/python3.8/site-packages/airflow/example_dags/example_branch_labels.py for tasks to queue
[2023-12-18T21:26:15.103+0000] {logging_mixin.py:154} INFO - [2023-12-18T21:26:15.102+0000] {dagbag.py:536} INFO - Filling up the DagBag from /home/airflow/.local/lib/python3.8/site-packages/airflow/example_dags/example_branch_labels.py
[2023-12-18T21:26:15.108+0000] {processor.py:839} INFO - DAG(s) dict_keys(['example_branch_labels']) retrieved from /home/airflow/.local/lib/python3.8/site-packages/airflow/example_dags/example_branch_labels.py
[2023-12-18T21:26:15.124+0000] {logging_mixin.py:154} INFO - [2023-12-18T21:26:15.124+0000] {dag.py:2941} INFO - Sync 1 DAGs
[2023-12-18T21:26:15.142+0000] {logging_mixin.py:154} INFO - [2023-12-18T21:26:15.142+0000] {dag.py:3722} INFO - Setting next_dagrun for example_branch_labels to 2023-12-17T00:00:00+00:00, run_after=2023-12-18T00:00:00+00:00
[2023-12-18T21:26:15.156+0000] {processor.py:179} INFO - Processing /home/airflow/.local/lib/python3.8/site-packages/airflow/example_dags/example_branch_labels.py took 0.058 seconds
[2023-12-18T21:26:45.230+0000] {processor.py:157} INFO - Started process (PID=2949) to work on /home/airflow/.local/lib/python3.8/site-packages/airflow/example_dags/example_branch_labels.py
[2023-12-18T21:26:45.231+0000] {processor.py:829} INFO - Processing file /home/airflow/.local/lib/python3.8/site-packages/airflow/example_dags/example_branch_labels.py for tasks to queue
[2023-12-18T21:26:45.232+0000] {logging_mixin.py:154} INFO - [2023-12-18T21:26:45.232+0000] {dagbag.py:536} INFO - Filling up the DagBag from /home/airflow/.local/lib/python3.8/site-packages/airflow/example_dags/example_branch_labels.py
[2023-12-18T21:26:45.238+0000] {processor.py:839} INFO - DAG(s) dict_keys(['example_branch_labels']) retrieved from /home/airflow/.local/lib/python3.8/site-packages/airflow/example_dags/example_branch_labels.py
[2023-12-18T21:26:45.254+0000] {logging_mixin.py:154} INFO - [2023-12-18T21:26:45.254+0000] {dag.py:2941} INFO - Sync 1 DAGs
[2023-12-18T21:26:45.271+0000] {logging_mixin.py:154} INFO - [2023-12-18T21:26:45.271+0000] {dag.py:3722} INFO - Setting next_dagrun for example_branch_labels to 2023-12-17T00:00:00+00:00, run_after=2023-12-18T00:00:00+00:00
[2023-12-18T21:26:45.285+0000] {processor.py:179} INFO - Processing /home/airflow/.local/lib/python3.8/site-packages/airflow/example_dags/example_branch_labels.py took 0.057 seconds
[2023-12-18T21:27:15.585+0000] {processor.py:157} INFO - Started process (PID=3003) to work on /home/airflow/.local/lib/python3.8/site-packages/airflow/example_dags/example_branch_labels.py
[2023-12-18T21:27:15.586+0000] {processor.py:829} INFO - Processing file /home/airflow/.local/lib/python3.8/site-packages/airflow/example_dags/example_branch_labels.py for tasks to queue
[2023-12-18T21:27:15.587+0000] {logging_mixin.py:154} INFO - [2023-12-18T21:27:15.587+0000] {dagbag.py:536} INFO - Filling up the DagBag from /home/airflow/.local/lib/python3.8/site-packages/airflow/example_dags/example_branch_labels.py
[2023-12-18T21:27:15.593+0000] {processor.py:839} INFO - DAG(s) dict_keys(['example_branch_labels']) retrieved from /home/airflow/.local/lib/python3.8/site-packages/airflow/example_dags/example_branch_labels.py
[2023-12-18T21:27:15.610+0000] {logging_mixin.py:154} INFO - [2023-12-18T21:27:15.609+0000] {dag.py:2941} INFO - Sync 1 DAGs
[2023-12-18T21:27:15.630+0000] {logging_mixin.py:154} INFO - [2023-12-18T21:27:15.630+0000] {dag.py:3722} INFO - Setting next_dagrun for example_branch_labels to 2023-12-17T00:00:00+00:00, run_after=2023-12-18T00:00:00+00:00
[2023-12-18T21:27:15.655+0000] {processor.py:179} INFO - Processing /home/airflow/.local/lib/python3.8/site-packages/airflow/example_dags/example_branch_labels.py took 0.073 seconds
[2023-12-18T21:27:45.720+0000] {processor.py:157} INFO - Started process (PID=3057) to work on /home/airflow/.local/lib/python3.8/site-packages/airflow/example_dags/example_branch_labels.py
[2023-12-18T21:27:45.721+0000] {processor.py:829} INFO - Processing file /home/airflow/.local/lib/python3.8/site-packages/airflow/example_dags/example_branch_labels.py for tasks to queue
[2023-12-18T21:27:45.722+0000] {logging_mixin.py:154} INFO - [2023-12-18T21:27:45.722+0000] {dagbag.py:536} INFO - Filling up the DagBag from /home/airflow/.local/lib/python3.8/site-packages/airflow/example_dags/example_branch_labels.py
[2023-12-18T21:27:45.729+0000] {processor.py:839} INFO - DAG(s) dict_keys(['example_branch_labels']) retrieved from /home/airflow/.local/lib/python3.8/site-packages/airflow/example_dags/example_branch_labels.py
[2023-12-18T21:27:45.746+0000] {logging_mixin.py:154} INFO - [2023-12-18T21:27:45.746+0000] {dag.py:2941} INFO - Sync 1 DAGs
[2023-12-18T21:27:45.767+0000] {logging_mixin.py:154} INFO - [2023-12-18T21:27:45.767+0000] {dag.py:3722} INFO - Setting next_dagrun for example_branch_labels to 2023-12-17T00:00:00+00:00, run_after=2023-12-18T00:00:00+00:00
[2023-12-18T21:27:45.793+0000] {processor.py:179} INFO - Processing /home/airflow/.local/lib/python3.8/site-packages/airflow/example_dags/example_branch_labels.py took 0.076 seconds
[2023-12-18T21:28:15.878+0000] {processor.py:157} INFO - Started process (PID=3111) to work on /home/airflow/.local/lib/python3.8/site-packages/airflow/example_dags/example_branch_labels.py
[2023-12-18T21:28:15.878+0000] {processor.py:829} INFO - Processing file /home/airflow/.local/lib/python3.8/site-packages/airflow/example_dags/example_branch_labels.py for tasks to queue
[2023-12-18T21:28:15.881+0000] {logging_mixin.py:154} INFO - [2023-12-18T21:28:15.880+0000] {dagbag.py:536} INFO - Filling up the DagBag from /home/airflow/.local/lib/python3.8/site-packages/airflow/example_dags/example_branch_labels.py
[2023-12-18T21:28:15.887+0000] {processor.py:839} INFO - DAG(s) dict_keys(['example_branch_labels']) retrieved from /home/airflow/.local/lib/python3.8/site-packages/airflow/example_dags/example_branch_labels.py
[2023-12-18T21:28:15.904+0000] {logging_mixin.py:154} INFO - [2023-12-18T21:28:15.904+0000] {dag.py:2941} INFO - Sync 1 DAGs
[2023-12-18T21:28:15.924+0000] {logging_mixin.py:154} INFO - [2023-12-18T21:28:15.924+0000] {dag.py:3722} INFO - Setting next_dagrun for example_branch_labels to 2023-12-17T00:00:00+00:00, run_after=2023-12-18T00:00:00+00:00
[2023-12-18T21:28:15.940+0000] {processor.py:179} INFO - Processing /home/airflow/.local/lib/python3.8/site-packages/airflow/example_dags/example_branch_labels.py took 0.065 seconds
[2023-12-18T21:28:46.122+0000] {processor.py:157} INFO - Started process (PID=3165) to work on /home/airflow/.local/lib/python3.8/site-packages/airflow/example_dags/example_branch_labels.py
[2023-12-18T21:28:46.123+0000] {processor.py:829} INFO - Processing file /home/airflow/.local/lib/python3.8/site-packages/airflow/example_dags/example_branch_labels.py for tasks to queue
[2023-12-18T21:28:46.124+0000] {logging_mixin.py:154} INFO - [2023-12-18T21:28:46.124+0000] {dagbag.py:536} INFO - Filling up the DagBag from /home/airflow/.local/lib/python3.8/site-packages/airflow/example_dags/example_branch_labels.py
[2023-12-18T21:28:46.130+0000] {processor.py:839} INFO - DAG(s) dict_keys(['example_branch_labels']) retrieved from /home/airflow/.local/lib/python3.8/site-packages/airflow/example_dags/example_branch_labels.py
[2023-12-18T21:28:46.146+0000] {logging_mixin.py:154} INFO - [2023-12-18T21:28:46.146+0000] {dag.py:2941} INFO - Sync 1 DAGs
[2023-12-18T21:28:46.165+0000] {logging_mixin.py:154} INFO - [2023-12-18T21:28:46.165+0000] {dag.py:3722} INFO - Setting next_dagrun for example_branch_labels to 2023-12-17T00:00:00+00:00, run_after=2023-12-18T00:00:00+00:00
[2023-12-18T21:28:46.179+0000] {processor.py:179} INFO - Processing /home/airflow/.local/lib/python3.8/site-packages/airflow/example_dags/example_branch_labels.py took 0.059 seconds
[2023-12-18T21:29:16.267+0000] {processor.py:157} INFO - Started process (PID=3219) to work on /home/airflow/.local/lib/python3.8/site-packages/airflow/example_dags/example_branch_labels.py
[2023-12-18T21:29:16.268+0000] {processor.py:829} INFO - Processing file /home/airflow/.local/lib/python3.8/site-packages/airflow/example_dags/example_branch_labels.py for tasks to queue
[2023-12-18T21:29:16.270+0000] {logging_mixin.py:154} INFO - [2023-12-18T21:29:16.270+0000] {dagbag.py:536} INFO - Filling up the DagBag from /home/airflow/.local/lib/python3.8/site-packages/airflow/example_dags/example_branch_labels.py
[2023-12-18T21:29:16.277+0000] {processor.py:839} INFO - DAG(s) dict_keys(['example_branch_labels']) retrieved from /home/airflow/.local/lib/python3.8/site-packages/airflow/example_dags/example_branch_labels.py
[2023-12-18T21:29:16.295+0000] {logging_mixin.py:154} INFO - [2023-12-18T21:29:16.295+0000] {dag.py:2941} INFO - Sync 1 DAGs
[2023-12-18T21:29:16.316+0000] {logging_mixin.py:154} INFO - [2023-12-18T21:29:16.315+0000] {dag.py:3722} INFO - Setting next_dagrun for example_branch_labels to 2023-12-17T00:00:00+00:00, run_after=2023-12-18T00:00:00+00:00
[2023-12-18T21:29:16.331+0000] {processor.py:179} INFO - Processing /home/airflow/.local/lib/python3.8/site-packages/airflow/example_dags/example_branch_labels.py took 0.066 seconds
[2023-12-18T21:29:46.440+0000] {processor.py:157} INFO - Started process (PID=3273) to work on /home/airflow/.local/lib/python3.8/site-packages/airflow/example_dags/example_branch_labels.py
[2023-12-18T21:29:46.441+0000] {processor.py:829} INFO - Processing file /home/airflow/.local/lib/python3.8/site-packages/airflow/example_dags/example_branch_labels.py for tasks to queue
[2023-12-18T21:29:46.442+0000] {logging_mixin.py:154} INFO - [2023-12-18T21:29:46.442+0000] {dagbag.py:536} INFO - Filling up the DagBag from /home/airflow/.local/lib/python3.8/site-packages/airflow/example_dags/example_branch_labels.py
[2023-12-18T21:29:46.449+0000] {processor.py:839} INFO - DAG(s) dict_keys(['example_branch_labels']) retrieved from /home/airflow/.local/lib/python3.8/site-packages/airflow/example_dags/example_branch_labels.py
[2023-12-18T21:29:46.465+0000] {logging_mixin.py:154} INFO - [2023-12-18T21:29:46.465+0000] {dag.py:2941} INFO - Sync 1 DAGs
[2023-12-18T21:29:46.485+0000] {logging_mixin.py:154} INFO - [2023-12-18T21:29:46.484+0000] {dag.py:3722} INFO - Setting next_dagrun for example_branch_labels to 2023-12-17T00:00:00+00:00, run_after=2023-12-18T00:00:00+00:00
[2023-12-18T21:29:46.498+0000] {processor.py:179} INFO - Processing /home/airflow/.local/lib/python3.8/site-packages/airflow/example_dags/example_branch_labels.py took 0.061 seconds
[2023-12-18T21:30:16.610+0000] {processor.py:157} INFO - Started process (PID=3328) to work on /home/airflow/.local/lib/python3.8/site-packages/airflow/example_dags/example_branch_labels.py
[2023-12-18T21:30:16.611+0000] {processor.py:829} INFO - Processing file /home/airflow/.local/lib/python3.8/site-packages/airflow/example_dags/example_branch_labels.py for tasks to queue
[2023-12-18T21:30:16.613+0000] {logging_mixin.py:154} INFO - [2023-12-18T21:30:16.613+0000] {dagbag.py:536} INFO - Filling up the DagBag from /home/airflow/.local/lib/python3.8/site-packages/airflow/example_dags/example_branch_labels.py
[2023-12-18T21:30:16.619+0000] {processor.py:839} INFO - DAG(s) dict_keys(['example_branch_labels']) retrieved from /home/airflow/.local/lib/python3.8/site-packages/airflow/example_dags/example_branch_labels.py
[2023-12-18T21:30:16.635+0000] {logging_mixin.py:154} INFO - [2023-12-18T21:30:16.635+0000] {dag.py:2941} INFO - Sync 1 DAGs
[2023-12-18T21:30:16.655+0000] {logging_mixin.py:154} INFO - [2023-12-18T21:30:16.654+0000] {dag.py:3722} INFO - Setting next_dagrun for example_branch_labels to 2023-12-17T00:00:00+00:00, run_after=2023-12-18T00:00:00+00:00
[2023-12-18T21:30:16.670+0000] {processor.py:179} INFO - Processing /home/airflow/.local/lib/python3.8/site-packages/airflow/example_dags/example_branch_labels.py took 0.063 seconds
[2023-12-18T21:30:46.846+0000] {processor.py:157} INFO - Started process (PID=3382) to work on /home/airflow/.local/lib/python3.8/site-packages/airflow/example_dags/example_branch_labels.py
[2023-12-18T21:30:46.847+0000] {processor.py:829} INFO - Processing file /home/airflow/.local/lib/python3.8/site-packages/airflow/example_dags/example_branch_labels.py for tasks to queue
[2023-12-18T21:30:46.848+0000] {logging_mixin.py:154} INFO - [2023-12-18T21:30:46.848+0000] {dagbag.py:536} INFO - Filling up the DagBag from /home/airflow/.local/lib/python3.8/site-packages/airflow/example_dags/example_branch_labels.py
[2023-12-18T21:30:46.854+0000] {processor.py:839} INFO - DAG(s) dict_keys(['example_branch_labels']) retrieved from /home/airflow/.local/lib/python3.8/site-packages/airflow/example_dags/example_branch_labels.py
[2023-12-18T21:30:46.871+0000] {logging_mixin.py:154} INFO - [2023-12-18T21:30:46.870+0000] {dag.py:2941} INFO - Sync 1 DAGs
[2023-12-18T21:30:46.890+0000] {logging_mixin.py:154} INFO - [2023-12-18T21:30:46.889+0000] {dag.py:3722} INFO - Setting next_dagrun for example_branch_labels to 2023-12-17T00:00:00+00:00, run_after=2023-12-18T00:00:00+00:00
[2023-12-18T21:30:46.915+0000] {processor.py:179} INFO - Processing /home/airflow/.local/lib/python3.8/site-packages/airflow/example_dags/example_branch_labels.py took 0.071 seconds
[2023-12-18T21:31:17.198+0000] {processor.py:157} INFO - Started process (PID=3436) to work on /home/airflow/.local/lib/python3.8/site-packages/airflow/example_dags/example_branch_labels.py
[2023-12-18T21:31:17.199+0000] {processor.py:829} INFO - Processing file /home/airflow/.local/lib/python3.8/site-packages/airflow/example_dags/example_branch_labels.py for tasks to queue
[2023-12-18T21:31:17.201+0000] {logging_mixin.py:154} INFO - [2023-12-18T21:31:17.200+0000] {dagbag.py:536} INFO - Filling up the DagBag from /home/airflow/.local/lib/python3.8/site-packages/airflow/example_dags/example_branch_labels.py
[2023-12-18T21:31:17.206+0000] {processor.py:839} INFO - DAG(s) dict_keys(['example_branch_labels']) retrieved from /home/airflow/.local/lib/python3.8/site-packages/airflow/example_dags/example_branch_labels.py
[2023-12-18T21:31:17.223+0000] {logging_mixin.py:154} INFO - [2023-12-18T21:31:17.223+0000] {dag.py:2941} INFO - Sync 1 DAGs
[2023-12-18T21:31:17.242+0000] {logging_mixin.py:154} INFO - [2023-12-18T21:31:17.242+0000] {dag.py:3722} INFO - Setting next_dagrun for example_branch_labels to 2023-12-17T00:00:00+00:00, run_after=2023-12-18T00:00:00+00:00
[2023-12-18T21:31:17.256+0000] {processor.py:179} INFO - Processing /home/airflow/.local/lib/python3.8/site-packages/airflow/example_dags/example_branch_labels.py took 0.060 seconds
[2023-12-18T21:31:47.521+0000] {processor.py:157} INFO - Started process (PID=3490) to work on /home/airflow/.local/lib/python3.8/site-packages/airflow/example_dags/example_branch_labels.py
[2023-12-18T21:31:47.522+0000] {processor.py:829} INFO - Processing file /home/airflow/.local/lib/python3.8/site-packages/airflow/example_dags/example_branch_labels.py for tasks to queue
[2023-12-18T21:31:47.524+0000] {logging_mixin.py:154} INFO - [2023-12-18T21:31:47.524+0000] {dagbag.py:536} INFO - Filling up the DagBag from /home/airflow/.local/lib/python3.8/site-packages/airflow/example_dags/example_branch_labels.py
[2023-12-18T21:31:47.531+0000] {processor.py:839} INFO - DAG(s) dict_keys(['example_branch_labels']) retrieved from /home/airflow/.local/lib/python3.8/site-packages/airflow/example_dags/example_branch_labels.py
[2023-12-18T21:31:47.549+0000] {logging_mixin.py:154} INFO - [2023-12-18T21:31:47.548+0000] {dag.py:2941} INFO - Sync 1 DAGs
[2023-12-18T21:31:47.568+0000] {logging_mixin.py:154} INFO - [2023-12-18T21:31:47.568+0000] {dag.py:3722} INFO - Setting next_dagrun for example_branch_labels to 2023-12-17T00:00:00+00:00, run_after=2023-12-18T00:00:00+00:00
[2023-12-18T21:31:47.582+0000] {processor.py:179} INFO - Processing /home/airflow/.local/lib/python3.8/site-packages/airflow/example_dags/example_branch_labels.py took 0.064 seconds
[2023-12-18T21:32:17.706+0000] {processor.py:157} INFO - Started process (PID=3544) to work on /home/airflow/.local/lib/python3.8/site-packages/airflow/example_dags/example_branch_labels.py
[2023-12-18T21:32:17.707+0000] {processor.py:829} INFO - Processing file /home/airflow/.local/lib/python3.8/site-packages/airflow/example_dags/example_branch_labels.py for tasks to queue
[2023-12-18T21:32:17.709+0000] {logging_mixin.py:154} INFO - [2023-12-18T21:32:17.709+0000] {dagbag.py:536} INFO - Filling up the DagBag from /home/airflow/.local/lib/python3.8/site-packages/airflow/example_dags/example_branch_labels.py
[2023-12-18T21:32:17.717+0000] {processor.py:839} INFO - DAG(s) dict_keys(['example_branch_labels']) retrieved from /home/airflow/.local/lib/python3.8/site-packages/airflow/example_dags/example_branch_labels.py
[2023-12-18T21:32:17.735+0000] {logging_mixin.py:154} INFO - [2023-12-18T21:32:17.735+0000] {dag.py:2941} INFO - Sync 1 DAGs
[2023-12-18T21:32:17.755+0000] {logging_mixin.py:154} INFO - [2023-12-18T21:32:17.754+0000] {dag.py:3722} INFO - Setting next_dagrun for example_branch_labels to 2023-12-17T00:00:00+00:00, run_after=2023-12-18T00:00:00+00:00
[2023-12-18T21:32:17.769+0000] {processor.py:179} INFO - Processing /home/airflow/.local/lib/python3.8/site-packages/airflow/example_dags/example_branch_labels.py took 0.066 seconds
[2023-12-18T21:32:47.845+0000] {processor.py:157} INFO - Started process (PID=3598) to work on /home/airflow/.local/lib/python3.8/site-packages/airflow/example_dags/example_branch_labels.py
[2023-12-18T21:32:47.846+0000] {processor.py:829} INFO - Processing file /home/airflow/.local/lib/python3.8/site-packages/airflow/example_dags/example_branch_labels.py for tasks to queue
[2023-12-18T21:32:47.847+0000] {logging_mixin.py:154} INFO - [2023-12-18T21:32:47.847+0000] {dagbag.py:536} INFO - Filling up the DagBag from /home/airflow/.local/lib/python3.8/site-packages/airflow/example_dags/example_branch_labels.py
[2023-12-18T21:32:47.853+0000] {processor.py:839} INFO - DAG(s) dict_keys(['example_branch_labels']) retrieved from /home/airflow/.local/lib/python3.8/site-packages/airflow/example_dags/example_branch_labels.py
[2023-12-18T21:32:47.870+0000] {logging_mixin.py:154} INFO - [2023-12-18T21:32:47.869+0000] {dag.py:2941} INFO - Sync 1 DAGs
[2023-12-18T21:32:47.889+0000] {logging_mixin.py:154} INFO - [2023-12-18T21:32:47.889+0000] {dag.py:3722} INFO - Setting next_dagrun for example_branch_labels to 2023-12-17T00:00:00+00:00, run_after=2023-12-18T00:00:00+00:00
[2023-12-18T21:32:47.902+0000] {processor.py:179} INFO - Processing /home/airflow/.local/lib/python3.8/site-packages/airflow/example_dags/example_branch_labels.py took 0.060 seconds
[2023-12-18T21:33:18.108+0000] {processor.py:157} INFO - Started process (PID=3652) to work on /home/airflow/.local/lib/python3.8/site-packages/airflow/example_dags/example_branch_labels.py
[2023-12-18T21:33:18.108+0000] {processor.py:829} INFO - Processing file /home/airflow/.local/lib/python3.8/site-packages/airflow/example_dags/example_branch_labels.py for tasks to queue
[2023-12-18T21:33:18.110+0000] {logging_mixin.py:154} INFO - [2023-12-18T21:33:18.110+0000] {dagbag.py:536} INFO - Filling up the DagBag from /home/airflow/.local/lib/python3.8/site-packages/airflow/example_dags/example_branch_labels.py
[2023-12-18T21:33:18.116+0000] {processor.py:839} INFO - DAG(s) dict_keys(['example_branch_labels']) retrieved from /home/airflow/.local/lib/python3.8/site-packages/airflow/example_dags/example_branch_labels.py
[2023-12-18T21:33:18.133+0000] {logging_mixin.py:154} INFO - [2023-12-18T21:33:18.133+0000] {dag.py:2941} INFO - Sync 1 DAGs
[2023-12-18T21:33:18.152+0000] {logging_mixin.py:154} INFO - [2023-12-18T21:33:18.152+0000] {dag.py:3722} INFO - Setting next_dagrun for example_branch_labels to 2023-12-17T00:00:00+00:00, run_after=2023-12-18T00:00:00+00:00
[2023-12-18T21:33:18.168+0000] {processor.py:179} INFO - Processing /home/airflow/.local/lib/python3.8/site-packages/airflow/example_dags/example_branch_labels.py took 0.063 seconds
[2023-12-18T21:33:48.282+0000] {processor.py:157} INFO - Started process (PID=3706) to work on /home/airflow/.local/lib/python3.8/site-packages/airflow/example_dags/example_branch_labels.py
[2023-12-18T21:33:48.282+0000] {processor.py:829} INFO - Processing file /home/airflow/.local/lib/python3.8/site-packages/airflow/example_dags/example_branch_labels.py for tasks to queue
[2023-12-18T21:33:48.284+0000] {logging_mixin.py:154} INFO - [2023-12-18T21:33:48.284+0000] {dagbag.py:536} INFO - Filling up the DagBag from /home/airflow/.local/lib/python3.8/site-packages/airflow/example_dags/example_branch_labels.py
[2023-12-18T21:33:48.290+0000] {processor.py:839} INFO - DAG(s) dict_keys(['example_branch_labels']) retrieved from /home/airflow/.local/lib/python3.8/site-packages/airflow/example_dags/example_branch_labels.py
[2023-12-18T21:33:48.307+0000] {logging_mixin.py:154} INFO - [2023-12-18T21:33:48.307+0000] {dag.py:2941} INFO - Sync 1 DAGs
[2023-12-18T21:33:48.326+0000] {logging_mixin.py:154} INFO - [2023-12-18T21:33:48.326+0000] {dag.py:3722} INFO - Setting next_dagrun for example_branch_labels to 2023-12-17T00:00:00+00:00, run_after=2023-12-18T00:00:00+00:00
[2023-12-18T21:33:48.342+0000] {processor.py:179} INFO - Processing /home/airflow/.local/lib/python3.8/site-packages/airflow/example_dags/example_branch_labels.py took 0.063 seconds
[2023-12-18T21:34:18.499+0000] {processor.py:157} INFO - Started process (PID=3760) to work on /home/airflow/.local/lib/python3.8/site-packages/airflow/example_dags/example_branch_labels.py
[2023-12-18T21:34:18.500+0000] {processor.py:829} INFO - Processing file /home/airflow/.local/lib/python3.8/site-packages/airflow/example_dags/example_branch_labels.py for tasks to queue
[2023-12-18T21:34:18.502+0000] {logging_mixin.py:154} INFO - [2023-12-18T21:34:18.501+0000] {dagbag.py:536} INFO - Filling up the DagBag from /home/airflow/.local/lib/python3.8/site-packages/airflow/example_dags/example_branch_labels.py
[2023-12-18T21:34:18.508+0000] {processor.py:839} INFO - DAG(s) dict_keys(['example_branch_labels']) retrieved from /home/airflow/.local/lib/python3.8/site-packages/airflow/example_dags/example_branch_labels.py
[2023-12-18T21:34:18.527+0000] {logging_mixin.py:154} INFO - [2023-12-18T21:34:18.526+0000] {dag.py:2941} INFO - Sync 1 DAGs
[2023-12-18T21:34:18.548+0000] {logging_mixin.py:154} INFO - [2023-12-18T21:34:18.548+0000] {dag.py:3722} INFO - Setting next_dagrun for example_branch_labels to 2023-12-17T00:00:00+00:00, run_after=2023-12-18T00:00:00+00:00
[2023-12-18T21:34:18.565+0000] {processor.py:179} INFO - Processing /home/airflow/.local/lib/python3.8/site-packages/airflow/example_dags/example_branch_labels.py took 0.068 seconds
[2023-12-18T21:34:48.715+0000] {processor.py:157} INFO - Started process (PID=3814) to work on /home/airflow/.local/lib/python3.8/site-packages/airflow/example_dags/example_branch_labels.py
[2023-12-18T21:34:48.716+0000] {processor.py:829} INFO - Processing file /home/airflow/.local/lib/python3.8/site-packages/airflow/example_dags/example_branch_labels.py for tasks to queue
[2023-12-18T21:34:48.718+0000] {logging_mixin.py:154} INFO - [2023-12-18T21:34:48.718+0000] {dagbag.py:536} INFO - Filling up the DagBag from /home/airflow/.local/lib/python3.8/site-packages/airflow/example_dags/example_branch_labels.py
[2023-12-18T21:34:48.725+0000] {processor.py:839} INFO - DAG(s) dict_keys(['example_branch_labels']) retrieved from /home/airflow/.local/lib/python3.8/site-packages/airflow/example_dags/example_branch_labels.py
[2023-12-18T21:34:48.744+0000] {logging_mixin.py:154} INFO - [2023-12-18T21:34:48.744+0000] {dag.py:2941} INFO - Sync 1 DAGs
[2023-12-18T21:34:48.765+0000] {logging_mixin.py:154} INFO - [2023-12-18T21:34:48.765+0000] {dag.py:3722} INFO - Setting next_dagrun for example_branch_labels to 2023-12-17T00:00:00+00:00, run_after=2023-12-18T00:00:00+00:00
[2023-12-18T21:34:48.780+0000] {processor.py:179} INFO - Processing /home/airflow/.local/lib/python3.8/site-packages/airflow/example_dags/example_branch_labels.py took 0.068 seconds
[2023-12-18T21:35:19.121+0000] {processor.py:157} INFO - Started process (PID=3868) to work on /home/airflow/.local/lib/python3.8/site-packages/airflow/example_dags/example_branch_labels.py
[2023-12-18T21:35:19.122+0000] {processor.py:829} INFO - Processing file /home/airflow/.local/lib/python3.8/site-packages/airflow/example_dags/example_branch_labels.py for tasks to queue
[2023-12-18T21:35:19.124+0000] {logging_mixin.py:154} INFO - [2023-12-18T21:35:19.124+0000] {dagbag.py:536} INFO - Filling up the DagBag from /home/airflow/.local/lib/python3.8/site-packages/airflow/example_dags/example_branch_labels.py
[2023-12-18T21:35:19.130+0000] {processor.py:839} INFO - DAG(s) dict_keys(['example_branch_labels']) retrieved from /home/airflow/.local/lib/python3.8/site-packages/airflow/example_dags/example_branch_labels.py
[2023-12-18T21:35:19.150+0000] {logging_mixin.py:154} INFO - [2023-12-18T21:35:19.149+0000] {dag.py:2941} INFO - Sync 1 DAGs
[2023-12-18T21:35:19.172+0000] {logging_mixin.py:154} INFO - [2023-12-18T21:35:19.171+0000] {dag.py:3722} INFO - Setting next_dagrun for example_branch_labels to 2023-12-17T00:00:00+00:00, run_after=2023-12-18T00:00:00+00:00
[2023-12-18T21:35:19.189+0000] {processor.py:179} INFO - Processing /home/airflow/.local/lib/python3.8/site-packages/airflow/example_dags/example_branch_labels.py took 0.070 seconds
[2023-12-18T21:35:49.656+0000] {processor.py:157} INFO - Started process (PID=3922) to work on /home/airflow/.local/lib/python3.8/site-packages/airflow/example_dags/example_branch_labels.py
[2023-12-18T21:35:49.669+0000] {processor.py:829} INFO - Processing file /home/airflow/.local/lib/python3.8/site-packages/airflow/example_dags/example_branch_labels.py for tasks to queue
[2023-12-18T21:35:49.694+0000] {logging_mixin.py:154} INFO - [2023-12-18T21:35:49.690+0000] {dagbag.py:536} INFO - Filling up the DagBag from /home/airflow/.local/lib/python3.8/site-packages/airflow/example_dags/example_branch_labels.py
[2023-12-18T21:35:49.779+0000] {processor.py:839} INFO - DAG(s) dict_keys(['example_branch_labels']) retrieved from /home/airflow/.local/lib/python3.8/site-packages/airflow/example_dags/example_branch_labels.py
[2023-12-18T21:35:49.871+0000] {logging_mixin.py:154} INFO - [2023-12-18T21:35:49.870+0000] {dag.py:2941} INFO - Sync 1 DAGs
[2023-12-18T21:35:49.925+0000] {logging_mixin.py:154} INFO - [2023-12-18T21:35:49.925+0000] {dag.py:3722} INFO - Setting next_dagrun for example_branch_labels to 2023-12-17T00:00:00+00:00, run_after=2023-12-18T00:00:00+00:00
[2023-12-18T21:35:49.963+0000] {processor.py:179} INFO - Processing /home/airflow/.local/lib/python3.8/site-packages/airflow/example_dags/example_branch_labels.py took 0.352 seconds
