[2023-12-18T20:56:40.500+0000] {processor.py:157} INFO - Started process (PID=74) to work on /home/airflow/.local/lib/python3.8/site-packages/airflow/example_dags/example_nested_branch_dag.py
[2023-12-18T20:56:40.502+0000] {processor.py:829} INFO - Processing file /home/airflow/.local/lib/python3.8/site-packages/airflow/example_dags/example_nested_branch_dag.py for tasks to queue
[2023-12-18T20:56:40.505+0000] {logging_mixin.py:154} INFO - [2023-12-18T20:56:40.505+0000] {dagbag.py:536} INFO - Filling up the DagBag from /home/airflow/.local/lib/python3.8/site-packages/airflow/example_dags/example_nested_branch_dag.py
[2023-12-18T20:56:40.529+0000] {processor.py:839} INFO - DAG(s) dict_keys(['example_nested_branch_dag']) retrieved from /home/airflow/.local/lib/python3.8/site-packages/airflow/example_dags/example_nested_branch_dag.py
[2023-12-18T20:56:40.568+0000] {logging_mixin.py:154} INFO - [2023-12-18T20:56:40.567+0000] {dag.py:2941} INFO - Sync 1 DAGs
[2023-12-18T20:56:40.612+0000] {logging_mixin.py:154} INFO - [2023-12-18T20:56:40.611+0000] {dag.py:3722} INFO - Setting next_dagrun for example_nested_branch_dag to 2023-12-17T00:00:00+00:00, run_after=2023-12-18T00:00:00+00:00
[2023-12-18T20:56:40.645+0000] {processor.py:179} INFO - Processing /home/airflow/.local/lib/python3.8/site-packages/airflow/example_dags/example_nested_branch_dag.py took 0.151 seconds
[2023-12-18T20:57:11.698+0000] {processor.py:157} INFO - Started process (PID=128) to work on /home/airflow/.local/lib/python3.8/site-packages/airflow/example_dags/example_nested_branch_dag.py
[2023-12-18T20:57:11.699+0000] {processor.py:829} INFO - Processing file /home/airflow/.local/lib/python3.8/site-packages/airflow/example_dags/example_nested_branch_dag.py for tasks to queue
[2023-12-18T20:57:11.703+0000] {logging_mixin.py:154} INFO - [2023-12-18T20:57:11.702+0000] {dagbag.py:536} INFO - Filling up the DagBag from /home/airflow/.local/lib/python3.8/site-packages/airflow/example_dags/example_nested_branch_dag.py
[2023-12-18T20:57:11.720+0000] {processor.py:839} INFO - DAG(s) dict_keys(['example_nested_branch_dag']) retrieved from /home/airflow/.local/lib/python3.8/site-packages/airflow/example_dags/example_nested_branch_dag.py
[2023-12-18T20:57:11.764+0000] {logging_mixin.py:154} INFO - [2023-12-18T20:57:11.764+0000] {dag.py:2941} INFO - Sync 1 DAGs
[2023-12-18T20:57:11.813+0000] {logging_mixin.py:154} INFO - [2023-12-18T20:57:11.812+0000] {dag.py:3722} INFO - Setting next_dagrun for example_nested_branch_dag to 2023-12-17T00:00:00+00:00, run_after=2023-12-18T00:00:00+00:00
[2023-12-18T20:57:11.846+0000] {processor.py:179} INFO - Processing /home/airflow/.local/lib/python3.8/site-packages/airflow/example_dags/example_nested_branch_dag.py took 0.153 seconds
[2023-12-18T20:57:42.186+0000] {processor.py:157} INFO - Started process (PID=182) to work on /home/airflow/.local/lib/python3.8/site-packages/airflow/example_dags/example_nested_branch_dag.py
[2023-12-18T20:57:42.188+0000] {processor.py:829} INFO - Processing file /home/airflow/.local/lib/python3.8/site-packages/airflow/example_dags/example_nested_branch_dag.py for tasks to queue
[2023-12-18T20:57:42.191+0000] {logging_mixin.py:154} INFO - [2023-12-18T20:57:42.190+0000] {dagbag.py:536} INFO - Filling up the DagBag from /home/airflow/.local/lib/python3.8/site-packages/airflow/example_dags/example_nested_branch_dag.py
[2023-12-18T20:57:42.215+0000] {processor.py:839} INFO - DAG(s) dict_keys(['example_nested_branch_dag']) retrieved from /home/airflow/.local/lib/python3.8/site-packages/airflow/example_dags/example_nested_branch_dag.py
[2023-12-18T20:57:42.251+0000] {logging_mixin.py:154} INFO - [2023-12-18T20:57:42.251+0000] {dag.py:2941} INFO - Sync 1 DAGs
[2023-12-18T20:57:42.291+0000] {logging_mixin.py:154} INFO - [2023-12-18T20:57:42.291+0000] {dag.py:3722} INFO - Setting next_dagrun for example_nested_branch_dag to 2023-12-17T00:00:00+00:00, run_after=2023-12-18T00:00:00+00:00
[2023-12-18T20:57:42.327+0000] {processor.py:179} INFO - Processing /home/airflow/.local/lib/python3.8/site-packages/airflow/example_dags/example_nested_branch_dag.py took 0.148 seconds
[2023-12-18T20:58:13.186+0000] {processor.py:157} INFO - Started process (PID=243) to work on /home/airflow/.local/lib/python3.8/site-packages/airflow/example_dags/example_nested_branch_dag.py
[2023-12-18T20:58:13.187+0000] {processor.py:829} INFO - Processing file /home/airflow/.local/lib/python3.8/site-packages/airflow/example_dags/example_nested_branch_dag.py for tasks to queue
[2023-12-18T20:58:13.190+0000] {logging_mixin.py:154} INFO - [2023-12-18T20:58:13.190+0000] {dagbag.py:536} INFO - Filling up the DagBag from /home/airflow/.local/lib/python3.8/site-packages/airflow/example_dags/example_nested_branch_dag.py
[2023-12-18T20:58:13.205+0000] {processor.py:839} INFO - DAG(s) dict_keys(['example_nested_branch_dag']) retrieved from /home/airflow/.local/lib/python3.8/site-packages/airflow/example_dags/example_nested_branch_dag.py
[2023-12-18T20:58:13.248+0000] {logging_mixin.py:154} INFO - [2023-12-18T20:58:13.248+0000] {dag.py:2941} INFO - Sync 1 DAGs
[2023-12-18T20:58:13.308+0000] {logging_mixin.py:154} INFO - [2023-12-18T20:58:13.307+0000] {dag.py:3722} INFO - Setting next_dagrun for example_nested_branch_dag to 2023-12-17T00:00:00+00:00, run_after=2023-12-18T00:00:00+00:00
[2023-12-18T20:58:13.344+0000] {processor.py:179} INFO - Processing /home/airflow/.local/lib/python3.8/site-packages/airflow/example_dags/example_nested_branch_dag.py took 0.164 seconds
[2023-12-18T20:58:43.445+0000] {processor.py:157} INFO - Started process (PID=297) to work on /home/airflow/.local/lib/python3.8/site-packages/airflow/example_dags/example_nested_branch_dag.py
[2023-12-18T20:58:43.447+0000] {processor.py:829} INFO - Processing file /home/airflow/.local/lib/python3.8/site-packages/airflow/example_dags/example_nested_branch_dag.py for tasks to queue
[2023-12-18T20:58:43.452+0000] {logging_mixin.py:154} INFO - [2023-12-18T20:58:43.452+0000] {dagbag.py:536} INFO - Filling up the DagBag from /home/airflow/.local/lib/python3.8/site-packages/airflow/example_dags/example_nested_branch_dag.py
[2023-12-18T20:58:43.476+0000] {processor.py:839} INFO - DAG(s) dict_keys(['example_nested_branch_dag']) retrieved from /home/airflow/.local/lib/python3.8/site-packages/airflow/example_dags/example_nested_branch_dag.py
[2023-12-18T20:58:43.523+0000] {logging_mixin.py:154} INFO - [2023-12-18T20:58:43.522+0000] {dag.py:2941} INFO - Sync 1 DAGs
[2023-12-18T20:58:43.580+0000] {logging_mixin.py:154} INFO - [2023-12-18T20:58:43.579+0000] {dag.py:3722} INFO - Setting next_dagrun for example_nested_branch_dag to 2023-12-17T00:00:00+00:00, run_after=2023-12-18T00:00:00+00:00
[2023-12-18T20:58:43.616+0000] {processor.py:179} INFO - Processing /home/airflow/.local/lib/python3.8/site-packages/airflow/example_dags/example_nested_branch_dag.py took 0.177 seconds
[2023-12-18T20:59:14.459+0000] {processor.py:157} INFO - Started process (PID=352) to work on /home/airflow/.local/lib/python3.8/site-packages/airflow/example_dags/example_nested_branch_dag.py
[2023-12-18T20:59:14.460+0000] {processor.py:829} INFO - Processing file /home/airflow/.local/lib/python3.8/site-packages/airflow/example_dags/example_nested_branch_dag.py for tasks to queue
[2023-12-18T20:59:14.464+0000] {logging_mixin.py:154} INFO - [2023-12-18T20:59:14.463+0000] {dagbag.py:536} INFO - Filling up the DagBag from /home/airflow/.local/lib/python3.8/site-packages/airflow/example_dags/example_nested_branch_dag.py
[2023-12-18T20:59:14.480+0000] {processor.py:839} INFO - DAG(s) dict_keys(['example_nested_branch_dag']) retrieved from /home/airflow/.local/lib/python3.8/site-packages/airflow/example_dags/example_nested_branch_dag.py
[2023-12-18T20:59:14.519+0000] {logging_mixin.py:154} INFO - [2023-12-18T20:59:14.519+0000] {dag.py:2941} INFO - Sync 1 DAGs
[2023-12-18T20:59:14.564+0000] {logging_mixin.py:154} INFO - [2023-12-18T20:59:14.563+0000] {dag.py:3722} INFO - Setting next_dagrun for example_nested_branch_dag to 2023-12-17T00:00:00+00:00, run_after=2023-12-18T00:00:00+00:00
[2023-12-18T20:59:14.603+0000] {processor.py:179} INFO - Processing /home/airflow/.local/lib/python3.8/site-packages/airflow/example_dags/example_nested_branch_dag.py took 0.149 seconds
[2023-12-18T20:59:45.699+0000] {processor.py:157} INFO - Started process (PID=405) to work on /home/airflow/.local/lib/python3.8/site-packages/airflow/example_dags/example_nested_branch_dag.py
[2023-12-18T20:59:45.702+0000] {processor.py:829} INFO - Processing file /home/airflow/.local/lib/python3.8/site-packages/airflow/example_dags/example_nested_branch_dag.py for tasks to queue
[2023-12-18T20:59:45.707+0000] {logging_mixin.py:154} INFO - [2023-12-18T20:59:45.706+0000] {dagbag.py:536} INFO - Filling up the DagBag from /home/airflow/.local/lib/python3.8/site-packages/airflow/example_dags/example_nested_branch_dag.py
[2023-12-18T20:59:45.744+0000] {processor.py:839} INFO - DAG(s) dict_keys(['example_nested_branch_dag']) retrieved from /home/airflow/.local/lib/python3.8/site-packages/airflow/example_dags/example_nested_branch_dag.py
[2023-12-18T20:59:45.795+0000] {logging_mixin.py:154} INFO - [2023-12-18T20:59:45.795+0000] {dag.py:2941} INFO - Sync 1 DAGs
[2023-12-18T20:59:45.851+0000] {logging_mixin.py:154} INFO - [2023-12-18T20:59:45.851+0000] {dag.py:3722} INFO - Setting next_dagrun for example_nested_branch_dag to 2023-12-17T00:00:00+00:00, run_after=2023-12-18T00:00:00+00:00
[2023-12-18T20:59:45.891+0000] {processor.py:179} INFO - Processing /home/airflow/.local/lib/python3.8/site-packages/airflow/example_dags/example_nested_branch_dag.py took 0.213 seconds
[2023-12-18T21:00:16.087+0000] {processor.py:157} INFO - Started process (PID=459) to work on /home/airflow/.local/lib/python3.8/site-packages/airflow/example_dags/example_nested_branch_dag.py
[2023-12-18T21:00:16.089+0000] {processor.py:829} INFO - Processing file /home/airflow/.local/lib/python3.8/site-packages/airflow/example_dags/example_nested_branch_dag.py for tasks to queue
[2023-12-18T21:00:16.092+0000] {logging_mixin.py:154} INFO - [2023-12-18T21:00:16.092+0000] {dagbag.py:536} INFO - Filling up the DagBag from /home/airflow/.local/lib/python3.8/site-packages/airflow/example_dags/example_nested_branch_dag.py
[2023-12-18T21:00:16.109+0000] {processor.py:839} INFO - DAG(s) dict_keys(['example_nested_branch_dag']) retrieved from /home/airflow/.local/lib/python3.8/site-packages/airflow/example_dags/example_nested_branch_dag.py
[2023-12-18T21:00:16.147+0000] {logging_mixin.py:154} INFO - [2023-12-18T21:00:16.147+0000] {dag.py:2941} INFO - Sync 1 DAGs
[2023-12-18T21:00:16.192+0000] {logging_mixin.py:154} INFO - [2023-12-18T21:00:16.192+0000] {dag.py:3722} INFO - Setting next_dagrun for example_nested_branch_dag to 2023-12-17T00:00:00+00:00, run_after=2023-12-18T00:00:00+00:00
[2023-12-18T21:00:16.236+0000] {processor.py:179} INFO - Processing /home/airflow/.local/lib/python3.8/site-packages/airflow/example_dags/example_nested_branch_dag.py took 0.153 seconds
[2023-12-18T21:00:46.379+0000] {processor.py:157} INFO - Started process (PID=513) to work on /home/airflow/.local/lib/python3.8/site-packages/airflow/example_dags/example_nested_branch_dag.py
[2023-12-18T21:00:46.381+0000] {processor.py:829} INFO - Processing file /home/airflow/.local/lib/python3.8/site-packages/airflow/example_dags/example_nested_branch_dag.py for tasks to queue
[2023-12-18T21:00:46.384+0000] {logging_mixin.py:154} INFO - [2023-12-18T21:00:46.384+0000] {dagbag.py:536} INFO - Filling up the DagBag from /home/airflow/.local/lib/python3.8/site-packages/airflow/example_dags/example_nested_branch_dag.py
[2023-12-18T21:00:46.405+0000] {processor.py:839} INFO - DAG(s) dict_keys(['example_nested_branch_dag']) retrieved from /home/airflow/.local/lib/python3.8/site-packages/airflow/example_dags/example_nested_branch_dag.py
[2023-12-18T21:00:46.457+0000] {logging_mixin.py:154} INFO - [2023-12-18T21:00:46.457+0000] {dag.py:2941} INFO - Sync 1 DAGs
[2023-12-18T21:00:46.511+0000] {logging_mixin.py:154} INFO - [2023-12-18T21:00:46.511+0000] {dag.py:3722} INFO - Setting next_dagrun for example_nested_branch_dag to 2023-12-17T00:00:00+00:00, run_after=2023-12-18T00:00:00+00:00
[2023-12-18T21:00:46.546+0000] {processor.py:179} INFO - Processing /home/airflow/.local/lib/python3.8/site-packages/airflow/example_dags/example_nested_branch_dag.py took 0.173 seconds
[2023-12-18T21:01:16.853+0000] {processor.py:157} INFO - Started process (PID=567) to work on /home/airflow/.local/lib/python3.8/site-packages/airflow/example_dags/example_nested_branch_dag.py
[2023-12-18T21:01:16.855+0000] {processor.py:829} INFO - Processing file /home/airflow/.local/lib/python3.8/site-packages/airflow/example_dags/example_nested_branch_dag.py for tasks to queue
[2023-12-18T21:01:16.860+0000] {logging_mixin.py:154} INFO - [2023-12-18T21:01:16.859+0000] {dagbag.py:536} INFO - Filling up the DagBag from /home/airflow/.local/lib/python3.8/site-packages/airflow/example_dags/example_nested_branch_dag.py
[2023-12-18T21:01:16.883+0000] {processor.py:839} INFO - DAG(s) dict_keys(['example_nested_branch_dag']) retrieved from /home/airflow/.local/lib/python3.8/site-packages/airflow/example_dags/example_nested_branch_dag.py
[2023-12-18T21:01:16.936+0000] {logging_mixin.py:154} INFO - [2023-12-18T21:01:16.936+0000] {dag.py:2941} INFO - Sync 1 DAGs
[2023-12-18T21:01:17.025+0000] {logging_mixin.py:154} INFO - [2023-12-18T21:01:17.024+0000] {dag.py:3722} INFO - Setting next_dagrun for example_nested_branch_dag to 2023-12-17T00:00:00+00:00, run_after=2023-12-18T00:00:00+00:00
[2023-12-18T21:01:17.109+0000] {processor.py:179} INFO - Processing /home/airflow/.local/lib/python3.8/site-packages/airflow/example_dags/example_nested_branch_dag.py took 0.263 seconds
[2023-12-18T21:01:47.314+0000] {processor.py:157} INFO - Started process (PID=621) to work on /home/airflow/.local/lib/python3.8/site-packages/airflow/example_dags/example_nested_branch_dag.py
[2023-12-18T21:01:47.316+0000] {processor.py:829} INFO - Processing file /home/airflow/.local/lib/python3.8/site-packages/airflow/example_dags/example_nested_branch_dag.py for tasks to queue
[2023-12-18T21:01:47.319+0000] {logging_mixin.py:154} INFO - [2023-12-18T21:01:47.319+0000] {dagbag.py:536} INFO - Filling up the DagBag from /home/airflow/.local/lib/python3.8/site-packages/airflow/example_dags/example_nested_branch_dag.py
[2023-12-18T21:01:47.335+0000] {processor.py:839} INFO - DAG(s) dict_keys(['example_nested_branch_dag']) retrieved from /home/airflow/.local/lib/python3.8/site-packages/airflow/example_dags/example_nested_branch_dag.py
[2023-12-18T21:01:47.377+0000] {logging_mixin.py:154} INFO - [2023-12-18T21:01:47.377+0000] {dag.py:2941} INFO - Sync 1 DAGs
[2023-12-18T21:01:47.420+0000] {logging_mixin.py:154} INFO - [2023-12-18T21:01:47.420+0000] {dag.py:3722} INFO - Setting next_dagrun for example_nested_branch_dag to 2023-12-17T00:00:00+00:00, run_after=2023-12-18T00:00:00+00:00
[2023-12-18T21:01:47.476+0000] {processor.py:179} INFO - Processing /home/airflow/.local/lib/python3.8/site-packages/airflow/example_dags/example_nested_branch_dag.py took 0.167 seconds
[2023-12-18T21:02:18.568+0000] {processor.py:157} INFO - Started process (PID=675) to work on /home/airflow/.local/lib/python3.8/site-packages/airflow/example_dags/example_nested_branch_dag.py
[2023-12-18T21:02:18.569+0000] {processor.py:829} INFO - Processing file /home/airflow/.local/lib/python3.8/site-packages/airflow/example_dags/example_nested_branch_dag.py for tasks to queue
[2023-12-18T21:02:18.572+0000] {logging_mixin.py:154} INFO - [2023-12-18T21:02:18.572+0000] {dagbag.py:536} INFO - Filling up the DagBag from /home/airflow/.local/lib/python3.8/site-packages/airflow/example_dags/example_nested_branch_dag.py
[2023-12-18T21:02:18.595+0000] {processor.py:839} INFO - DAG(s) dict_keys(['example_nested_branch_dag']) retrieved from /home/airflow/.local/lib/python3.8/site-packages/airflow/example_dags/example_nested_branch_dag.py
[2023-12-18T21:02:18.643+0000] {logging_mixin.py:154} INFO - [2023-12-18T21:02:18.642+0000] {dag.py:2941} INFO - Sync 1 DAGs
[2023-12-18T21:02:18.696+0000] {logging_mixin.py:154} INFO - [2023-12-18T21:02:18.695+0000] {dag.py:3722} INFO - Setting next_dagrun for example_nested_branch_dag to 2023-12-17T00:00:00+00:00, run_after=2023-12-18T00:00:00+00:00
[2023-12-18T21:02:18.773+0000] {processor.py:179} INFO - Processing /home/airflow/.local/lib/python3.8/site-packages/airflow/example_dags/example_nested_branch_dag.py took 0.212 seconds
[2023-12-18T21:02:49.326+0000] {processor.py:157} INFO - Started process (PID=729) to work on /home/airflow/.local/lib/python3.8/site-packages/airflow/example_dags/example_nested_branch_dag.py
[2023-12-18T21:02:49.328+0000] {processor.py:829} INFO - Processing file /home/airflow/.local/lib/python3.8/site-packages/airflow/example_dags/example_nested_branch_dag.py for tasks to queue
[2023-12-18T21:02:49.333+0000] {logging_mixin.py:154} INFO - [2023-12-18T21:02:49.332+0000] {dagbag.py:536} INFO - Filling up the DagBag from /home/airflow/.local/lib/python3.8/site-packages/airflow/example_dags/example_nested_branch_dag.py
[2023-12-18T21:02:49.348+0000] {processor.py:839} INFO - DAG(s) dict_keys(['example_nested_branch_dag']) retrieved from /home/airflow/.local/lib/python3.8/site-packages/airflow/example_dags/example_nested_branch_dag.py
[2023-12-18T21:02:49.390+0000] {logging_mixin.py:154} INFO - [2023-12-18T21:02:49.390+0000] {dag.py:2941} INFO - Sync 1 DAGs
[2023-12-18T21:02:49.440+0000] {logging_mixin.py:154} INFO - [2023-12-18T21:02:49.439+0000] {dag.py:3722} INFO - Setting next_dagrun for example_nested_branch_dag to 2023-12-17T00:00:00+00:00, run_after=2023-12-18T00:00:00+00:00
[2023-12-18T21:02:49.477+0000] {processor.py:179} INFO - Processing /home/airflow/.local/lib/python3.8/site-packages/airflow/example_dags/example_nested_branch_dag.py took 0.157 seconds
[2023-12-18T21:03:19.580+0000] {processor.py:157} INFO - Started process (PID=783) to work on /home/airflow/.local/lib/python3.8/site-packages/airflow/example_dags/example_nested_branch_dag.py
[2023-12-18T21:03:19.581+0000] {processor.py:829} INFO - Processing file /home/airflow/.local/lib/python3.8/site-packages/airflow/example_dags/example_nested_branch_dag.py for tasks to queue
[2023-12-18T21:03:19.585+0000] {logging_mixin.py:154} INFO - [2023-12-18T21:03:19.585+0000] {dagbag.py:536} INFO - Filling up the DagBag from /home/airflow/.local/lib/python3.8/site-packages/airflow/example_dags/example_nested_branch_dag.py
[2023-12-18T21:03:19.603+0000] {processor.py:839} INFO - DAG(s) dict_keys(['example_nested_branch_dag']) retrieved from /home/airflow/.local/lib/python3.8/site-packages/airflow/example_dags/example_nested_branch_dag.py
[2023-12-18T21:03:19.640+0000] {logging_mixin.py:154} INFO - [2023-12-18T21:03:19.639+0000] {dag.py:2941} INFO - Sync 1 DAGs
[2023-12-18T21:03:19.688+0000] {logging_mixin.py:154} INFO - [2023-12-18T21:03:19.687+0000] {dag.py:3722} INFO - Setting next_dagrun for example_nested_branch_dag to 2023-12-17T00:00:00+00:00, run_after=2023-12-18T00:00:00+00:00
[2023-12-18T21:03:19.720+0000] {processor.py:179} INFO - Processing /home/airflow/.local/lib/python3.8/site-packages/airflow/example_dags/example_nested_branch_dag.py took 0.144 seconds
[2023-12-18T21:03:50.608+0000] {processor.py:157} INFO - Started process (PID=837) to work on /home/airflow/.local/lib/python3.8/site-packages/airflow/example_dags/example_nested_branch_dag.py
[2023-12-18T21:03:50.609+0000] {processor.py:829} INFO - Processing file /home/airflow/.local/lib/python3.8/site-packages/airflow/example_dags/example_nested_branch_dag.py for tasks to queue
[2023-12-18T21:03:50.611+0000] {logging_mixin.py:154} INFO - [2023-12-18T21:03:50.611+0000] {dagbag.py:536} INFO - Filling up the DagBag from /home/airflow/.local/lib/python3.8/site-packages/airflow/example_dags/example_nested_branch_dag.py
[2023-12-18T21:03:50.619+0000] {processor.py:839} INFO - DAG(s) dict_keys(['example_nested_branch_dag']) retrieved from /home/airflow/.local/lib/python3.8/site-packages/airflow/example_dags/example_nested_branch_dag.py
[2023-12-18T21:03:50.642+0000] {logging_mixin.py:154} INFO - [2023-12-18T21:03:50.641+0000] {dag.py:2941} INFO - Sync 1 DAGs
[2023-12-18T21:03:50.663+0000] {logging_mixin.py:154} INFO - [2023-12-18T21:03:50.662+0000] {dag.py:3722} INFO - Setting next_dagrun for example_nested_branch_dag to 2023-12-17T00:00:00+00:00, run_after=2023-12-18T00:00:00+00:00
[2023-12-18T21:03:50.679+0000] {processor.py:179} INFO - Processing /home/airflow/.local/lib/python3.8/site-packages/airflow/example_dags/example_nested_branch_dag.py took 0.073 seconds
[2023-12-18T21:04:21.551+0000] {processor.py:157} INFO - Started process (PID=891) to work on /home/airflow/.local/lib/python3.8/site-packages/airflow/example_dags/example_nested_branch_dag.py
[2023-12-18T21:04:21.552+0000] {processor.py:829} INFO - Processing file /home/airflow/.local/lib/python3.8/site-packages/airflow/example_dags/example_nested_branch_dag.py for tasks to queue
[2023-12-18T21:04:21.554+0000] {logging_mixin.py:154} INFO - [2023-12-18T21:04:21.554+0000] {dagbag.py:536} INFO - Filling up the DagBag from /home/airflow/.local/lib/python3.8/site-packages/airflow/example_dags/example_nested_branch_dag.py
[2023-12-18T21:04:21.563+0000] {processor.py:839} INFO - DAG(s) dict_keys(['example_nested_branch_dag']) retrieved from /home/airflow/.local/lib/python3.8/site-packages/airflow/example_dags/example_nested_branch_dag.py
[2023-12-18T21:04:21.581+0000] {logging_mixin.py:154} INFO - [2023-12-18T21:04:21.581+0000] {dag.py:2941} INFO - Sync 1 DAGs
[2023-12-18T21:04:21.602+0000] {logging_mixin.py:154} INFO - [2023-12-18T21:04:21.602+0000] {dag.py:3722} INFO - Setting next_dagrun for example_nested_branch_dag to 2023-12-17T00:00:00+00:00, run_after=2023-12-18T00:00:00+00:00
[2023-12-18T21:04:21.618+0000] {processor.py:179} INFO - Processing /home/airflow/.local/lib/python3.8/site-packages/airflow/example_dags/example_nested_branch_dag.py took 0.069 seconds
[2023-12-18T21:04:51.817+0000] {processor.py:157} INFO - Started process (PID=945) to work on /home/airflow/.local/lib/python3.8/site-packages/airflow/example_dags/example_nested_branch_dag.py
[2023-12-18T21:04:51.818+0000] {processor.py:829} INFO - Processing file /home/airflow/.local/lib/python3.8/site-packages/airflow/example_dags/example_nested_branch_dag.py for tasks to queue
[2023-12-18T21:04:51.819+0000] {logging_mixin.py:154} INFO - [2023-12-18T21:04:51.819+0000] {dagbag.py:536} INFO - Filling up the DagBag from /home/airflow/.local/lib/python3.8/site-packages/airflow/example_dags/example_nested_branch_dag.py
[2023-12-18T21:04:51.827+0000] {processor.py:839} INFO - DAG(s) dict_keys(['example_nested_branch_dag']) retrieved from /home/airflow/.local/lib/python3.8/site-packages/airflow/example_dags/example_nested_branch_dag.py
[2023-12-18T21:04:51.844+0000] {logging_mixin.py:154} INFO - [2023-12-18T21:04:51.844+0000] {dag.py:2941} INFO - Sync 1 DAGs
[2023-12-18T21:04:51.863+0000] {logging_mixin.py:154} INFO - [2023-12-18T21:04:51.863+0000] {dag.py:3722} INFO - Setting next_dagrun for example_nested_branch_dag to 2023-12-17T00:00:00+00:00, run_after=2023-12-18T00:00:00+00:00
[2023-12-18T21:04:51.878+0000] {processor.py:179} INFO - Processing /home/airflow/.local/lib/python3.8/site-packages/airflow/example_dags/example_nested_branch_dag.py took 0.063 seconds
[2023-12-18T21:05:22.206+0000] {processor.py:157} INFO - Started process (PID=999) to work on /home/airflow/.local/lib/python3.8/site-packages/airflow/example_dags/example_nested_branch_dag.py
[2023-12-18T21:05:22.207+0000] {processor.py:829} INFO - Processing file /home/airflow/.local/lib/python3.8/site-packages/airflow/example_dags/example_nested_branch_dag.py for tasks to queue
[2023-12-18T21:05:22.209+0000] {logging_mixin.py:154} INFO - [2023-12-18T21:05:22.208+0000] {dagbag.py:536} INFO - Filling up the DagBag from /home/airflow/.local/lib/python3.8/site-packages/airflow/example_dags/example_nested_branch_dag.py
[2023-12-18T21:05:22.216+0000] {processor.py:839} INFO - DAG(s) dict_keys(['example_nested_branch_dag']) retrieved from /home/airflow/.local/lib/python3.8/site-packages/airflow/example_dags/example_nested_branch_dag.py
[2023-12-18T21:05:22.234+0000] {logging_mixin.py:154} INFO - [2023-12-18T21:05:22.233+0000] {dag.py:2941} INFO - Sync 1 DAGs
[2023-12-18T21:05:22.267+0000] {logging_mixin.py:154} INFO - [2023-12-18T21:05:22.267+0000] {dag.py:3722} INFO - Setting next_dagrun for example_nested_branch_dag to 2023-12-17T00:00:00+00:00, run_after=2023-12-18T00:00:00+00:00
[2023-12-18T21:05:22.284+0000] {processor.py:179} INFO - Processing /home/airflow/.local/lib/python3.8/site-packages/airflow/example_dags/example_nested_branch_dag.py took 0.080 seconds
[2023-12-18T21:05:52.510+0000] {processor.py:157} INFO - Started process (PID=1053) to work on /home/airflow/.local/lib/python3.8/site-packages/airflow/example_dags/example_nested_branch_dag.py
[2023-12-18T21:05:52.511+0000] {processor.py:829} INFO - Processing file /home/airflow/.local/lib/python3.8/site-packages/airflow/example_dags/example_nested_branch_dag.py for tasks to queue
[2023-12-18T21:05:52.512+0000] {logging_mixin.py:154} INFO - [2023-12-18T21:05:52.512+0000] {dagbag.py:536} INFO - Filling up the DagBag from /home/airflow/.local/lib/python3.8/site-packages/airflow/example_dags/example_nested_branch_dag.py
[2023-12-18T21:05:52.520+0000] {processor.py:839} INFO - DAG(s) dict_keys(['example_nested_branch_dag']) retrieved from /home/airflow/.local/lib/python3.8/site-packages/airflow/example_dags/example_nested_branch_dag.py
[2023-12-18T21:05:52.536+0000] {logging_mixin.py:154} INFO - [2023-12-18T21:05:52.536+0000] {dag.py:2941} INFO - Sync 1 DAGs
[2023-12-18T21:05:52.555+0000] {logging_mixin.py:154} INFO - [2023-12-18T21:05:52.555+0000] {dag.py:3722} INFO - Setting next_dagrun for example_nested_branch_dag to 2023-12-17T00:00:00+00:00, run_after=2023-12-18T00:00:00+00:00
[2023-12-18T21:05:52.570+0000] {processor.py:179} INFO - Processing /home/airflow/.local/lib/python3.8/site-packages/airflow/example_dags/example_nested_branch_dag.py took 0.062 seconds
[2023-12-18T21:06:22.935+0000] {processor.py:157} INFO - Started process (PID=1107) to work on /home/airflow/.local/lib/python3.8/site-packages/airflow/example_dags/example_nested_branch_dag.py
[2023-12-18T21:06:22.936+0000] {processor.py:829} INFO - Processing file /home/airflow/.local/lib/python3.8/site-packages/airflow/example_dags/example_nested_branch_dag.py for tasks to queue
[2023-12-18T21:06:22.937+0000] {logging_mixin.py:154} INFO - [2023-12-18T21:06:22.937+0000] {dagbag.py:536} INFO - Filling up the DagBag from /home/airflow/.local/lib/python3.8/site-packages/airflow/example_dags/example_nested_branch_dag.py
[2023-12-18T21:06:22.945+0000] {processor.py:839} INFO - DAG(s) dict_keys(['example_nested_branch_dag']) retrieved from /home/airflow/.local/lib/python3.8/site-packages/airflow/example_dags/example_nested_branch_dag.py
[2023-12-18T21:06:22.962+0000] {logging_mixin.py:154} INFO - [2023-12-18T21:06:22.962+0000] {dag.py:2941} INFO - Sync 1 DAGs
[2023-12-18T21:06:22.980+0000] {logging_mixin.py:154} INFO - [2023-12-18T21:06:22.980+0000] {dag.py:3722} INFO - Setting next_dagrun for example_nested_branch_dag to 2023-12-17T00:00:00+00:00, run_after=2023-12-18T00:00:00+00:00
[2023-12-18T21:06:22.994+0000] {processor.py:179} INFO - Processing /home/airflow/.local/lib/python3.8/site-packages/airflow/example_dags/example_nested_branch_dag.py took 0.061 seconds
[2023-12-18T21:06:53.136+0000] {processor.py:157} INFO - Started process (PID=1161) to work on /home/airflow/.local/lib/python3.8/site-packages/airflow/example_dags/example_nested_branch_dag.py
[2023-12-18T21:06:53.137+0000] {processor.py:829} INFO - Processing file /home/airflow/.local/lib/python3.8/site-packages/airflow/example_dags/example_nested_branch_dag.py for tasks to queue
[2023-12-18T21:06:53.139+0000] {logging_mixin.py:154} INFO - [2023-12-18T21:06:53.139+0000] {dagbag.py:536} INFO - Filling up the DagBag from /home/airflow/.local/lib/python3.8/site-packages/airflow/example_dags/example_nested_branch_dag.py
[2023-12-18T21:06:53.146+0000] {processor.py:839} INFO - DAG(s) dict_keys(['example_nested_branch_dag']) retrieved from /home/airflow/.local/lib/python3.8/site-packages/airflow/example_dags/example_nested_branch_dag.py
[2023-12-18T21:06:53.163+0000] {logging_mixin.py:154} INFO - [2023-12-18T21:06:53.163+0000] {dag.py:2941} INFO - Sync 1 DAGs
[2023-12-18T21:06:53.181+0000] {logging_mixin.py:154} INFO - [2023-12-18T21:06:53.181+0000] {dag.py:3722} INFO - Setting next_dagrun for example_nested_branch_dag to 2023-12-17T00:00:00+00:00, run_after=2023-12-18T00:00:00+00:00
[2023-12-18T21:06:53.194+0000] {processor.py:179} INFO - Processing /home/airflow/.local/lib/python3.8/site-packages/airflow/example_dags/example_nested_branch_dag.py took 0.060 seconds
[2023-12-18T21:07:23.383+0000] {processor.py:157} INFO - Started process (PID=1215) to work on /home/airflow/.local/lib/python3.8/site-packages/airflow/example_dags/example_nested_branch_dag.py
[2023-12-18T21:07:23.384+0000] {processor.py:829} INFO - Processing file /home/airflow/.local/lib/python3.8/site-packages/airflow/example_dags/example_nested_branch_dag.py for tasks to queue
[2023-12-18T21:07:23.385+0000] {logging_mixin.py:154} INFO - [2023-12-18T21:07:23.385+0000] {dagbag.py:536} INFO - Filling up the DagBag from /home/airflow/.local/lib/python3.8/site-packages/airflow/example_dags/example_nested_branch_dag.py
[2023-12-18T21:07:23.393+0000] {processor.py:839} INFO - DAG(s) dict_keys(['example_nested_branch_dag']) retrieved from /home/airflow/.local/lib/python3.8/site-packages/airflow/example_dags/example_nested_branch_dag.py
[2023-12-18T21:07:23.409+0000] {logging_mixin.py:154} INFO - [2023-12-18T21:07:23.408+0000] {dag.py:2941} INFO - Sync 1 DAGs
[2023-12-18T21:07:23.428+0000] {logging_mixin.py:154} INFO - [2023-12-18T21:07:23.428+0000] {dag.py:3722} INFO - Setting next_dagrun for example_nested_branch_dag to 2023-12-17T00:00:00+00:00, run_after=2023-12-18T00:00:00+00:00
[2023-12-18T21:07:23.441+0000] {processor.py:179} INFO - Processing /home/airflow/.local/lib/python3.8/site-packages/airflow/example_dags/example_nested_branch_dag.py took 0.060 seconds
[2023-12-18T21:07:54.419+0000] {processor.py:157} INFO - Started process (PID=1269) to work on /home/airflow/.local/lib/python3.8/site-packages/airflow/example_dags/example_nested_branch_dag.py
[2023-12-18T21:07:54.420+0000] {processor.py:829} INFO - Processing file /home/airflow/.local/lib/python3.8/site-packages/airflow/example_dags/example_nested_branch_dag.py for tasks to queue
[2023-12-18T21:07:54.421+0000] {logging_mixin.py:154} INFO - [2023-12-18T21:07:54.421+0000] {dagbag.py:536} INFO - Filling up the DagBag from /home/airflow/.local/lib/python3.8/site-packages/airflow/example_dags/example_nested_branch_dag.py
[2023-12-18T21:07:54.429+0000] {processor.py:839} INFO - DAG(s) dict_keys(['example_nested_branch_dag']) retrieved from /home/airflow/.local/lib/python3.8/site-packages/airflow/example_dags/example_nested_branch_dag.py
[2023-12-18T21:07:54.446+0000] {logging_mixin.py:154} INFO - [2023-12-18T21:07:54.446+0000] {dag.py:2941} INFO - Sync 1 DAGs
[2023-12-18T21:07:54.466+0000] {logging_mixin.py:154} INFO - [2023-12-18T21:07:54.466+0000] {dag.py:3722} INFO - Setting next_dagrun for example_nested_branch_dag to 2023-12-17T00:00:00+00:00, run_after=2023-12-18T00:00:00+00:00
[2023-12-18T21:07:54.480+0000] {processor.py:179} INFO - Processing /home/airflow/.local/lib/python3.8/site-packages/airflow/example_dags/example_nested_branch_dag.py took 0.064 seconds
[2023-12-18T21:11:28.659+0000] {processor.py:157} INFO - Started process (PID=1314) to work on /home/airflow/.local/lib/python3.8/site-packages/airflow/example_dags/example_nested_branch_dag.py
[2023-12-18T21:11:28.660+0000] {processor.py:829} INFO - Processing file /home/airflow/.local/lib/python3.8/site-packages/airflow/example_dags/example_nested_branch_dag.py for tasks to queue
[2023-12-18T21:11:28.661+0000] {logging_mixin.py:154} INFO - [2023-12-18T21:11:28.661+0000] {dagbag.py:536} INFO - Filling up the DagBag from /home/airflow/.local/lib/python3.8/site-packages/airflow/example_dags/example_nested_branch_dag.py
[2023-12-18T21:11:28.669+0000] {processor.py:839} INFO - DAG(s) dict_keys(['example_nested_branch_dag']) retrieved from /home/airflow/.local/lib/python3.8/site-packages/airflow/example_dags/example_nested_branch_dag.py
[2023-12-18T21:11:28.687+0000] {logging_mixin.py:154} INFO - [2023-12-18T21:11:28.687+0000] {dag.py:2941} INFO - Sync 1 DAGs
[2023-12-18T21:11:28.707+0000] {logging_mixin.py:154} INFO - [2023-12-18T21:11:28.706+0000] {dag.py:3722} INFO - Setting next_dagrun for example_nested_branch_dag to 2023-12-17T00:00:00+00:00, run_after=2023-12-18T00:00:00+00:00
[2023-12-18T21:11:28.721+0000] {processor.py:179} INFO - Processing /home/airflow/.local/lib/python3.8/site-packages/airflow/example_dags/example_nested_branch_dag.py took 0.064 seconds
[2023-12-18T21:11:58.962+0000] {processor.py:157} INFO - Started process (PID=1368) to work on /home/airflow/.local/lib/python3.8/site-packages/airflow/example_dags/example_nested_branch_dag.py
[2023-12-18T21:11:58.963+0000] {processor.py:829} INFO - Processing file /home/airflow/.local/lib/python3.8/site-packages/airflow/example_dags/example_nested_branch_dag.py for tasks to queue
[2023-12-18T21:11:58.965+0000] {logging_mixin.py:154} INFO - [2023-12-18T21:11:58.965+0000] {dagbag.py:536} INFO - Filling up the DagBag from /home/airflow/.local/lib/python3.8/site-packages/airflow/example_dags/example_nested_branch_dag.py
[2023-12-18T21:11:58.974+0000] {processor.py:839} INFO - DAG(s) dict_keys(['example_nested_branch_dag']) retrieved from /home/airflow/.local/lib/python3.8/site-packages/airflow/example_dags/example_nested_branch_dag.py
[2023-12-18T21:11:58.993+0000] {logging_mixin.py:154} INFO - [2023-12-18T21:11:58.993+0000] {dag.py:2941} INFO - Sync 1 DAGs
[2023-12-18T21:11:59.014+0000] {logging_mixin.py:154} INFO - [2023-12-18T21:11:59.014+0000] {dag.py:3722} INFO - Setting next_dagrun for example_nested_branch_dag to 2023-12-17T00:00:00+00:00, run_after=2023-12-18T00:00:00+00:00
[2023-12-18T21:11:59.032+0000] {processor.py:179} INFO - Processing /home/airflow/.local/lib/python3.8/site-packages/airflow/example_dags/example_nested_branch_dag.py took 0.072 seconds
[2023-12-18T21:12:29.285+0000] {processor.py:157} INFO - Started process (PID=1422) to work on /home/airflow/.local/lib/python3.8/site-packages/airflow/example_dags/example_nested_branch_dag.py
[2023-12-18T21:12:29.285+0000] {processor.py:829} INFO - Processing file /home/airflow/.local/lib/python3.8/site-packages/airflow/example_dags/example_nested_branch_dag.py for tasks to queue
[2023-12-18T21:12:29.287+0000] {logging_mixin.py:154} INFO - [2023-12-18T21:12:29.287+0000] {dagbag.py:536} INFO - Filling up the DagBag from /home/airflow/.local/lib/python3.8/site-packages/airflow/example_dags/example_nested_branch_dag.py
[2023-12-18T21:12:29.294+0000] {processor.py:839} INFO - DAG(s) dict_keys(['example_nested_branch_dag']) retrieved from /home/airflow/.local/lib/python3.8/site-packages/airflow/example_dags/example_nested_branch_dag.py
[2023-12-18T21:12:29.312+0000] {logging_mixin.py:154} INFO - [2023-12-18T21:12:29.312+0000] {dag.py:2941} INFO - Sync 1 DAGs
[2023-12-18T21:12:29.333+0000] {logging_mixin.py:154} INFO - [2023-12-18T21:12:29.333+0000] {dag.py:3722} INFO - Setting next_dagrun for example_nested_branch_dag to 2023-12-17T00:00:00+00:00, run_after=2023-12-18T00:00:00+00:00
[2023-12-18T21:12:29.349+0000] {processor.py:179} INFO - Processing /home/airflow/.local/lib/python3.8/site-packages/airflow/example_dags/example_nested_branch_dag.py took 0.067 seconds
[2023-12-18T21:12:59.618+0000] {processor.py:157} INFO - Started process (PID=1476) to work on /home/airflow/.local/lib/python3.8/site-packages/airflow/example_dags/example_nested_branch_dag.py
[2023-12-18T21:12:59.619+0000] {processor.py:829} INFO - Processing file /home/airflow/.local/lib/python3.8/site-packages/airflow/example_dags/example_nested_branch_dag.py for tasks to queue
[2023-12-18T21:12:59.620+0000] {logging_mixin.py:154} INFO - [2023-12-18T21:12:59.620+0000] {dagbag.py:536} INFO - Filling up the DagBag from /home/airflow/.local/lib/python3.8/site-packages/airflow/example_dags/example_nested_branch_dag.py
[2023-12-18T21:12:59.628+0000] {processor.py:839} INFO - DAG(s) dict_keys(['example_nested_branch_dag']) retrieved from /home/airflow/.local/lib/python3.8/site-packages/airflow/example_dags/example_nested_branch_dag.py
[2023-12-18T21:12:59.649+0000] {logging_mixin.py:154} INFO - [2023-12-18T21:12:59.648+0000] {dag.py:2941} INFO - Sync 1 DAGs
[2023-12-18T21:12:59.670+0000] {logging_mixin.py:154} INFO - [2023-12-18T21:12:59.669+0000] {dag.py:3722} INFO - Setting next_dagrun for example_nested_branch_dag to 2023-12-17T00:00:00+00:00, run_after=2023-12-18T00:00:00+00:00
[2023-12-18T21:12:59.689+0000] {processor.py:179} INFO - Processing /home/airflow/.local/lib/python3.8/site-packages/airflow/example_dags/example_nested_branch_dag.py took 0.075 seconds
[2023-12-18T21:13:30.012+0000] {processor.py:157} INFO - Started process (PID=1530) to work on /home/airflow/.local/lib/python3.8/site-packages/airflow/example_dags/example_nested_branch_dag.py
[2023-12-18T21:13:30.013+0000] {processor.py:829} INFO - Processing file /home/airflow/.local/lib/python3.8/site-packages/airflow/example_dags/example_nested_branch_dag.py for tasks to queue
[2023-12-18T21:13:30.015+0000] {logging_mixin.py:154} INFO - [2023-12-18T21:13:30.015+0000] {dagbag.py:536} INFO - Filling up the DagBag from /home/airflow/.local/lib/python3.8/site-packages/airflow/example_dags/example_nested_branch_dag.py
[2023-12-18T21:13:30.025+0000] {processor.py:839} INFO - DAG(s) dict_keys(['example_nested_branch_dag']) retrieved from /home/airflow/.local/lib/python3.8/site-packages/airflow/example_dags/example_nested_branch_dag.py
[2023-12-18T21:13:30.049+0000] {logging_mixin.py:154} INFO - [2023-12-18T21:13:30.049+0000] {dag.py:2941} INFO - Sync 1 DAGs
[2023-12-18T21:13:30.076+0000] {logging_mixin.py:154} INFO - [2023-12-18T21:13:30.075+0000] {dag.py:3722} INFO - Setting next_dagrun for example_nested_branch_dag to 2023-12-17T00:00:00+00:00, run_after=2023-12-18T00:00:00+00:00
[2023-12-18T21:13:30.095+0000] {processor.py:179} INFO - Processing /home/airflow/.local/lib/python3.8/site-packages/airflow/example_dags/example_nested_branch_dag.py took 0.087 seconds
[2023-12-18T21:14:00.476+0000] {processor.py:157} INFO - Started process (PID=1584) to work on /home/airflow/.local/lib/python3.8/site-packages/airflow/example_dags/example_nested_branch_dag.py
[2023-12-18T21:14:00.476+0000] {processor.py:829} INFO - Processing file /home/airflow/.local/lib/python3.8/site-packages/airflow/example_dags/example_nested_branch_dag.py for tasks to queue
[2023-12-18T21:14:00.478+0000] {logging_mixin.py:154} INFO - [2023-12-18T21:14:00.478+0000] {dagbag.py:536} INFO - Filling up the DagBag from /home/airflow/.local/lib/python3.8/site-packages/airflow/example_dags/example_nested_branch_dag.py
[2023-12-18T21:14:00.486+0000] {processor.py:839} INFO - DAG(s) dict_keys(['example_nested_branch_dag']) retrieved from /home/airflow/.local/lib/python3.8/site-packages/airflow/example_dags/example_nested_branch_dag.py
[2023-12-18T21:14:00.507+0000] {logging_mixin.py:154} INFO - [2023-12-18T21:14:00.506+0000] {dag.py:2941} INFO - Sync 1 DAGs
[2023-12-18T21:14:00.527+0000] {logging_mixin.py:154} INFO - [2023-12-18T21:14:00.527+0000] {dag.py:3722} INFO - Setting next_dagrun for example_nested_branch_dag to 2023-12-17T00:00:00+00:00, run_after=2023-12-18T00:00:00+00:00
[2023-12-18T21:14:00.545+0000] {processor.py:179} INFO - Processing /home/airflow/.local/lib/python3.8/site-packages/airflow/example_dags/example_nested_branch_dag.py took 0.073 seconds
[2023-12-18T21:14:30.735+0000] {processor.py:157} INFO - Started process (PID=1638) to work on /home/airflow/.local/lib/python3.8/site-packages/airflow/example_dags/example_nested_branch_dag.py
[2023-12-18T21:14:30.736+0000] {processor.py:829} INFO - Processing file /home/airflow/.local/lib/python3.8/site-packages/airflow/example_dags/example_nested_branch_dag.py for tasks to queue
[2023-12-18T21:14:30.737+0000] {logging_mixin.py:154} INFO - [2023-12-18T21:14:30.737+0000] {dagbag.py:536} INFO - Filling up the DagBag from /home/airflow/.local/lib/python3.8/site-packages/airflow/example_dags/example_nested_branch_dag.py
[2023-12-18T21:14:30.745+0000] {processor.py:839} INFO - DAG(s) dict_keys(['example_nested_branch_dag']) retrieved from /home/airflow/.local/lib/python3.8/site-packages/airflow/example_dags/example_nested_branch_dag.py
[2023-12-18T21:14:30.762+0000] {logging_mixin.py:154} INFO - [2023-12-18T21:14:30.762+0000] {dag.py:2941} INFO - Sync 1 DAGs
[2023-12-18T21:14:30.781+0000] {logging_mixin.py:154} INFO - [2023-12-18T21:14:30.780+0000] {dag.py:3722} INFO - Setting next_dagrun for example_nested_branch_dag to 2023-12-17T00:00:00+00:00, run_after=2023-12-18T00:00:00+00:00
[2023-12-18T21:14:30.797+0000] {processor.py:179} INFO - Processing /home/airflow/.local/lib/python3.8/site-packages/airflow/example_dags/example_nested_branch_dag.py took 0.064 seconds
[2023-12-18T21:15:01.328+0000] {processor.py:157} INFO - Started process (PID=1692) to work on /home/airflow/.local/lib/python3.8/site-packages/airflow/example_dags/example_nested_branch_dag.py
[2023-12-18T21:15:01.329+0000] {processor.py:829} INFO - Processing file /home/airflow/.local/lib/python3.8/site-packages/airflow/example_dags/example_nested_branch_dag.py for tasks to queue
[2023-12-18T21:15:01.331+0000] {logging_mixin.py:154} INFO - [2023-12-18T21:15:01.330+0000] {dagbag.py:536} INFO - Filling up the DagBag from /home/airflow/.local/lib/python3.8/site-packages/airflow/example_dags/example_nested_branch_dag.py
[2023-12-18T21:15:01.338+0000] {processor.py:839} INFO - DAG(s) dict_keys(['example_nested_branch_dag']) retrieved from /home/airflow/.local/lib/python3.8/site-packages/airflow/example_dags/example_nested_branch_dag.py
[2023-12-18T21:15:01.357+0000] {logging_mixin.py:154} INFO - [2023-12-18T21:15:01.357+0000] {dag.py:2941} INFO - Sync 1 DAGs
[2023-12-18T21:15:01.380+0000] {logging_mixin.py:154} INFO - [2023-12-18T21:15:01.380+0000] {dag.py:3722} INFO - Setting next_dagrun for example_nested_branch_dag to 2023-12-17T00:00:00+00:00, run_after=2023-12-18T00:00:00+00:00
[2023-12-18T21:15:01.400+0000] {processor.py:179} INFO - Processing /home/airflow/.local/lib/python3.8/site-packages/airflow/example_dags/example_nested_branch_dag.py took 0.074 seconds
[2023-12-18T21:15:31.687+0000] {processor.py:157} INFO - Started process (PID=1746) to work on /home/airflow/.local/lib/python3.8/site-packages/airflow/example_dags/example_nested_branch_dag.py
[2023-12-18T21:15:31.688+0000] {processor.py:829} INFO - Processing file /home/airflow/.local/lib/python3.8/site-packages/airflow/example_dags/example_nested_branch_dag.py for tasks to queue
[2023-12-18T21:15:31.689+0000] {logging_mixin.py:154} INFO - [2023-12-18T21:15:31.689+0000] {dagbag.py:536} INFO - Filling up the DagBag from /home/airflow/.local/lib/python3.8/site-packages/airflow/example_dags/example_nested_branch_dag.py
[2023-12-18T21:15:31.697+0000] {processor.py:839} INFO - DAG(s) dict_keys(['example_nested_branch_dag']) retrieved from /home/airflow/.local/lib/python3.8/site-packages/airflow/example_dags/example_nested_branch_dag.py
[2023-12-18T21:15:31.714+0000] {logging_mixin.py:154} INFO - [2023-12-18T21:15:31.714+0000] {dag.py:2941} INFO - Sync 1 DAGs
[2023-12-18T21:15:31.732+0000] {logging_mixin.py:154} INFO - [2023-12-18T21:15:31.732+0000] {dag.py:3722} INFO - Setting next_dagrun for example_nested_branch_dag to 2023-12-17T00:00:00+00:00, run_after=2023-12-18T00:00:00+00:00
[2023-12-18T21:15:31.746+0000] {processor.py:179} INFO - Processing /home/airflow/.local/lib/python3.8/site-packages/airflow/example_dags/example_nested_branch_dag.py took 0.062 seconds
[2023-12-18T21:16:02.077+0000] {processor.py:157} INFO - Started process (PID=1800) to work on /home/airflow/.local/lib/python3.8/site-packages/airflow/example_dags/example_nested_branch_dag.py
[2023-12-18T21:16:02.078+0000] {processor.py:829} INFO - Processing file /home/airflow/.local/lib/python3.8/site-packages/airflow/example_dags/example_nested_branch_dag.py for tasks to queue
[2023-12-18T21:16:02.080+0000] {logging_mixin.py:154} INFO - [2023-12-18T21:16:02.080+0000] {dagbag.py:536} INFO - Filling up the DagBag from /home/airflow/.local/lib/python3.8/site-packages/airflow/example_dags/example_nested_branch_dag.py
[2023-12-18T21:16:02.090+0000] {processor.py:839} INFO - DAG(s) dict_keys(['example_nested_branch_dag']) retrieved from /home/airflow/.local/lib/python3.8/site-packages/airflow/example_dags/example_nested_branch_dag.py
[2023-12-18T21:16:02.117+0000] {logging_mixin.py:154} INFO - [2023-12-18T21:16:02.117+0000] {dag.py:2941} INFO - Sync 1 DAGs
[2023-12-18T21:16:02.142+0000] {logging_mixin.py:154} INFO - [2023-12-18T21:16:02.142+0000] {dag.py:3722} INFO - Setting next_dagrun for example_nested_branch_dag to 2023-12-17T00:00:00+00:00, run_after=2023-12-18T00:00:00+00:00
[2023-12-18T21:16:02.163+0000] {processor.py:179} INFO - Processing /home/airflow/.local/lib/python3.8/site-packages/airflow/example_dags/example_nested_branch_dag.py took 0.089 seconds
[2023-12-18T21:16:32.367+0000] {processor.py:157} INFO - Started process (PID=1854) to work on /home/airflow/.local/lib/python3.8/site-packages/airflow/example_dags/example_nested_branch_dag.py
[2023-12-18T21:16:32.368+0000] {processor.py:829} INFO - Processing file /home/airflow/.local/lib/python3.8/site-packages/airflow/example_dags/example_nested_branch_dag.py for tasks to queue
[2023-12-18T21:16:32.369+0000] {logging_mixin.py:154} INFO - [2023-12-18T21:16:32.369+0000] {dagbag.py:536} INFO - Filling up the DagBag from /home/airflow/.local/lib/python3.8/site-packages/airflow/example_dags/example_nested_branch_dag.py
[2023-12-18T21:16:32.377+0000] {processor.py:839} INFO - DAG(s) dict_keys(['example_nested_branch_dag']) retrieved from /home/airflow/.local/lib/python3.8/site-packages/airflow/example_dags/example_nested_branch_dag.py
[2023-12-18T21:16:32.395+0000] {logging_mixin.py:154} INFO - [2023-12-18T21:16:32.395+0000] {dag.py:2941} INFO - Sync 1 DAGs
[2023-12-18T21:16:32.414+0000] {logging_mixin.py:154} INFO - [2023-12-18T21:16:32.413+0000] {dag.py:3722} INFO - Setting next_dagrun for example_nested_branch_dag to 2023-12-17T00:00:00+00:00, run_after=2023-12-18T00:00:00+00:00
[2023-12-18T21:16:32.428+0000] {processor.py:179} INFO - Processing /home/airflow/.local/lib/python3.8/site-packages/airflow/example_dags/example_nested_branch_dag.py took 0.064 seconds
[2023-12-18T21:17:02.992+0000] {processor.py:157} INFO - Started process (PID=1908) to work on /home/airflow/.local/lib/python3.8/site-packages/airflow/example_dags/example_nested_branch_dag.py
[2023-12-18T21:17:02.992+0000] {processor.py:829} INFO - Processing file /home/airflow/.local/lib/python3.8/site-packages/airflow/example_dags/example_nested_branch_dag.py for tasks to queue
[2023-12-18T21:17:02.994+0000] {logging_mixin.py:154} INFO - [2023-12-18T21:17:02.994+0000] {dagbag.py:536} INFO - Filling up the DagBag from /home/airflow/.local/lib/python3.8/site-packages/airflow/example_dags/example_nested_branch_dag.py
[2023-12-18T21:17:03.003+0000] {processor.py:839} INFO - DAG(s) dict_keys(['example_nested_branch_dag']) retrieved from /home/airflow/.local/lib/python3.8/site-packages/airflow/example_dags/example_nested_branch_dag.py
[2023-12-18T21:17:03.022+0000] {logging_mixin.py:154} INFO - [2023-12-18T21:17:03.022+0000] {dag.py:2941} INFO - Sync 1 DAGs
[2023-12-18T21:17:03.042+0000] {logging_mixin.py:154} INFO - [2023-12-18T21:17:03.042+0000] {dag.py:3722} INFO - Setting next_dagrun for example_nested_branch_dag to 2023-12-17T00:00:00+00:00, run_after=2023-12-18T00:00:00+00:00
[2023-12-18T21:17:03.058+0000] {processor.py:179} INFO - Processing /home/airflow/.local/lib/python3.8/site-packages/airflow/example_dags/example_nested_branch_dag.py took 0.069 seconds
[2023-12-18T21:17:34.386+0000] {processor.py:157} INFO - Started process (PID=1962) to work on /home/airflow/.local/lib/python3.8/site-packages/airflow/example_dags/example_nested_branch_dag.py
[2023-12-18T21:17:34.387+0000] {processor.py:829} INFO - Processing file /home/airflow/.local/lib/python3.8/site-packages/airflow/example_dags/example_nested_branch_dag.py for tasks to queue
[2023-12-18T21:17:34.389+0000] {logging_mixin.py:154} INFO - [2023-12-18T21:17:34.389+0000] {dagbag.py:536} INFO - Filling up the DagBag from /home/airflow/.local/lib/python3.8/site-packages/airflow/example_dags/example_nested_branch_dag.py
[2023-12-18T21:17:34.398+0000] {processor.py:839} INFO - DAG(s) dict_keys(['example_nested_branch_dag']) retrieved from /home/airflow/.local/lib/python3.8/site-packages/airflow/example_dags/example_nested_branch_dag.py
[2023-12-18T21:17:34.416+0000] {logging_mixin.py:154} INFO - [2023-12-18T21:17:34.416+0000] {dag.py:2941} INFO - Sync 1 DAGs
[2023-12-18T21:17:34.437+0000] {logging_mixin.py:154} INFO - [2023-12-18T21:17:34.437+0000] {dag.py:3722} INFO - Setting next_dagrun for example_nested_branch_dag to 2023-12-17T00:00:00+00:00, run_after=2023-12-18T00:00:00+00:00
[2023-12-18T21:17:34.610+0000] {processor.py:179} INFO - Processing /home/airflow/.local/lib/python3.8/site-packages/airflow/example_dags/example_nested_branch_dag.py took 0.227 seconds
[2023-12-18T21:18:05.011+0000] {processor.py:157} INFO - Started process (PID=2016) to work on /home/airflow/.local/lib/python3.8/site-packages/airflow/example_dags/example_nested_branch_dag.py
[2023-12-18T21:18:05.011+0000] {processor.py:829} INFO - Processing file /home/airflow/.local/lib/python3.8/site-packages/airflow/example_dags/example_nested_branch_dag.py for tasks to queue
[2023-12-18T21:18:05.013+0000] {logging_mixin.py:154} INFO - [2023-12-18T21:18:05.013+0000] {dagbag.py:536} INFO - Filling up the DagBag from /home/airflow/.local/lib/python3.8/site-packages/airflow/example_dags/example_nested_branch_dag.py
[2023-12-18T21:18:05.021+0000] {processor.py:839} INFO - DAG(s) dict_keys(['example_nested_branch_dag']) retrieved from /home/airflow/.local/lib/python3.8/site-packages/airflow/example_dags/example_nested_branch_dag.py
[2023-12-18T21:18:05.039+0000] {logging_mixin.py:154} INFO - [2023-12-18T21:18:05.039+0000] {dag.py:2941} INFO - Sync 1 DAGs
[2023-12-18T21:18:05.058+0000] {logging_mixin.py:154} INFO - [2023-12-18T21:18:05.058+0000] {dag.py:3722} INFO - Setting next_dagrun for example_nested_branch_dag to 2023-12-17T00:00:00+00:00, run_after=2023-12-18T00:00:00+00:00
[2023-12-18T21:18:05.072+0000] {processor.py:179} INFO - Processing /home/airflow/.local/lib/python3.8/site-packages/airflow/example_dags/example_nested_branch_dag.py took 0.064 seconds
[2023-12-18T21:18:35.334+0000] {processor.py:157} INFO - Started process (PID=2070) to work on /home/airflow/.local/lib/python3.8/site-packages/airflow/example_dags/example_nested_branch_dag.py
[2023-12-18T21:18:35.334+0000] {processor.py:829} INFO - Processing file /home/airflow/.local/lib/python3.8/site-packages/airflow/example_dags/example_nested_branch_dag.py for tasks to queue
[2023-12-18T21:18:35.336+0000] {logging_mixin.py:154} INFO - [2023-12-18T21:18:35.336+0000] {dagbag.py:536} INFO - Filling up the DagBag from /home/airflow/.local/lib/python3.8/site-packages/airflow/example_dags/example_nested_branch_dag.py
[2023-12-18T21:18:35.344+0000] {processor.py:839} INFO - DAG(s) dict_keys(['example_nested_branch_dag']) retrieved from /home/airflow/.local/lib/python3.8/site-packages/airflow/example_dags/example_nested_branch_dag.py
[2023-12-18T21:18:35.361+0000] {logging_mixin.py:154} INFO - [2023-12-18T21:18:35.361+0000] {dag.py:2941} INFO - Sync 1 DAGs
[2023-12-18T21:18:35.380+0000] {logging_mixin.py:154} INFO - [2023-12-18T21:18:35.380+0000] {dag.py:3722} INFO - Setting next_dagrun for example_nested_branch_dag to 2023-12-17T00:00:00+00:00, run_after=2023-12-18T00:00:00+00:00
[2023-12-18T21:18:35.394+0000] {processor.py:179} INFO - Processing /home/airflow/.local/lib/python3.8/site-packages/airflow/example_dags/example_nested_branch_dag.py took 0.064 seconds
[2023-12-18T21:19:05.767+0000] {processor.py:157} INFO - Started process (PID=2124) to work on /home/airflow/.local/lib/python3.8/site-packages/airflow/example_dags/example_nested_branch_dag.py
[2023-12-18T21:19:05.767+0000] {processor.py:829} INFO - Processing file /home/airflow/.local/lib/python3.8/site-packages/airflow/example_dags/example_nested_branch_dag.py for tasks to queue
[2023-12-18T21:19:05.769+0000] {logging_mixin.py:154} INFO - [2023-12-18T21:19:05.769+0000] {dagbag.py:536} INFO - Filling up the DagBag from /home/airflow/.local/lib/python3.8/site-packages/airflow/example_dags/example_nested_branch_dag.py
[2023-12-18T21:19:05.777+0000] {processor.py:839} INFO - DAG(s) dict_keys(['example_nested_branch_dag']) retrieved from /home/airflow/.local/lib/python3.8/site-packages/airflow/example_dags/example_nested_branch_dag.py
[2023-12-18T21:19:05.794+0000] {logging_mixin.py:154} INFO - [2023-12-18T21:19:05.793+0000] {dag.py:2941} INFO - Sync 1 DAGs
[2023-12-18T21:19:05.811+0000] {logging_mixin.py:154} INFO - [2023-12-18T21:19:05.811+0000] {dag.py:3722} INFO - Setting next_dagrun for example_nested_branch_dag to 2023-12-17T00:00:00+00:00, run_after=2023-12-18T00:00:00+00:00
[2023-12-18T21:19:05.825+0000] {processor.py:179} INFO - Processing /home/airflow/.local/lib/python3.8/site-packages/airflow/example_dags/example_nested_branch_dag.py took 0.060 seconds
[2023-12-18T21:19:36.828+0000] {processor.py:157} INFO - Started process (PID=2178) to work on /home/airflow/.local/lib/python3.8/site-packages/airflow/example_dags/example_nested_branch_dag.py
[2023-12-18T21:19:36.829+0000] {processor.py:829} INFO - Processing file /home/airflow/.local/lib/python3.8/site-packages/airflow/example_dags/example_nested_branch_dag.py for tasks to queue
[2023-12-18T21:19:36.831+0000] {logging_mixin.py:154} INFO - [2023-12-18T21:19:36.831+0000] {dagbag.py:536} INFO - Filling up the DagBag from /home/airflow/.local/lib/python3.8/site-packages/airflow/example_dags/example_nested_branch_dag.py
[2023-12-18T21:19:36.839+0000] {processor.py:839} INFO - DAG(s) dict_keys(['example_nested_branch_dag']) retrieved from /home/airflow/.local/lib/python3.8/site-packages/airflow/example_dags/example_nested_branch_dag.py
[2023-12-18T21:19:36.858+0000] {logging_mixin.py:154} INFO - [2023-12-18T21:19:36.858+0000] {dag.py:2941} INFO - Sync 1 DAGs
[2023-12-18T21:19:36.881+0000] {logging_mixin.py:154} INFO - [2023-12-18T21:19:36.881+0000] {dag.py:3722} INFO - Setting next_dagrun for example_nested_branch_dag to 2023-12-17T00:00:00+00:00, run_after=2023-12-18T00:00:00+00:00
[2023-12-18T21:19:37.040+0000] {processor.py:179} INFO - Processing /home/airflow/.local/lib/python3.8/site-packages/airflow/example_dags/example_nested_branch_dag.py took 0.214 seconds
[2023-12-18T21:20:07.625+0000] {processor.py:157} INFO - Started process (PID=2232) to work on /home/airflow/.local/lib/python3.8/site-packages/airflow/example_dags/example_nested_branch_dag.py
[2023-12-18T21:20:07.625+0000] {processor.py:829} INFO - Processing file /home/airflow/.local/lib/python3.8/site-packages/airflow/example_dags/example_nested_branch_dag.py for tasks to queue
[2023-12-18T21:20:07.627+0000] {logging_mixin.py:154} INFO - [2023-12-18T21:20:07.627+0000] {dagbag.py:536} INFO - Filling up the DagBag from /home/airflow/.local/lib/python3.8/site-packages/airflow/example_dags/example_nested_branch_dag.py
[2023-12-18T21:20:07.635+0000] {processor.py:839} INFO - DAG(s) dict_keys(['example_nested_branch_dag']) retrieved from /home/airflow/.local/lib/python3.8/site-packages/airflow/example_dags/example_nested_branch_dag.py
[2023-12-18T21:20:07.651+0000] {logging_mixin.py:154} INFO - [2023-12-18T21:20:07.651+0000] {dag.py:2941} INFO - Sync 1 DAGs
[2023-12-18T21:20:07.671+0000] {logging_mixin.py:154} INFO - [2023-12-18T21:20:07.671+0000] {dag.py:3722} INFO - Setting next_dagrun for example_nested_branch_dag to 2023-12-17T00:00:00+00:00, run_after=2023-12-18T00:00:00+00:00
[2023-12-18T21:20:07.686+0000] {processor.py:179} INFO - Processing /home/airflow/.local/lib/python3.8/site-packages/airflow/example_dags/example_nested_branch_dag.py took 0.064 seconds
[2023-12-18T21:20:37.895+0000] {processor.py:157} INFO - Started process (PID=2286) to work on /home/airflow/.local/lib/python3.8/site-packages/airflow/example_dags/example_nested_branch_dag.py
[2023-12-18T21:20:37.896+0000] {processor.py:829} INFO - Processing file /home/airflow/.local/lib/python3.8/site-packages/airflow/example_dags/example_nested_branch_dag.py for tasks to queue
[2023-12-18T21:20:37.898+0000] {logging_mixin.py:154} INFO - [2023-12-18T21:20:37.898+0000] {dagbag.py:536} INFO - Filling up the DagBag from /home/airflow/.local/lib/python3.8/site-packages/airflow/example_dags/example_nested_branch_dag.py
[2023-12-18T21:20:37.906+0000] {processor.py:839} INFO - DAG(s) dict_keys(['example_nested_branch_dag']) retrieved from /home/airflow/.local/lib/python3.8/site-packages/airflow/example_dags/example_nested_branch_dag.py
[2023-12-18T21:20:37.930+0000] {logging_mixin.py:154} INFO - [2023-12-18T21:20:37.929+0000] {dag.py:2941} INFO - Sync 1 DAGs
[2023-12-18T21:20:37.956+0000] {logging_mixin.py:154} INFO - [2023-12-18T21:20:37.956+0000] {dag.py:3722} INFO - Setting next_dagrun for example_nested_branch_dag to 2023-12-17T00:00:00+00:00, run_after=2023-12-18T00:00:00+00:00
[2023-12-18T21:20:37.976+0000] {processor.py:179} INFO - Processing /home/airflow/.local/lib/python3.8/site-packages/airflow/example_dags/example_nested_branch_dag.py took 0.084 seconds
[2023-12-18T21:21:09.068+0000] {processor.py:157} INFO - Started process (PID=2340) to work on /home/airflow/.local/lib/python3.8/site-packages/airflow/example_dags/example_nested_branch_dag.py
[2023-12-18T21:21:09.069+0000] {processor.py:829} INFO - Processing file /home/airflow/.local/lib/python3.8/site-packages/airflow/example_dags/example_nested_branch_dag.py for tasks to queue
[2023-12-18T21:21:09.071+0000] {logging_mixin.py:154} INFO - [2023-12-18T21:21:09.071+0000] {dagbag.py:536} INFO - Filling up the DagBag from /home/airflow/.local/lib/python3.8/site-packages/airflow/example_dags/example_nested_branch_dag.py
[2023-12-18T21:21:09.079+0000] {processor.py:839} INFO - DAG(s) dict_keys(['example_nested_branch_dag']) retrieved from /home/airflow/.local/lib/python3.8/site-packages/airflow/example_dags/example_nested_branch_dag.py
[2023-12-18T21:21:09.097+0000] {logging_mixin.py:154} INFO - [2023-12-18T21:21:09.097+0000] {dag.py:2941} INFO - Sync 1 DAGs
[2023-12-18T21:21:09.261+0000] {logging_mixin.py:154} INFO - [2023-12-18T21:21:09.261+0000] {dag.py:3722} INFO - Setting next_dagrun for example_nested_branch_dag to 2023-12-17T00:00:00+00:00, run_after=2023-12-18T00:00:00+00:00
[2023-12-18T21:21:09.275+0000] {processor.py:179} INFO - Processing /home/airflow/.local/lib/python3.8/site-packages/airflow/example_dags/example_nested_branch_dag.py took 0.209 seconds
[2023-12-18T21:21:40.384+0000] {processor.py:157} INFO - Started process (PID=2394) to work on /home/airflow/.local/lib/python3.8/site-packages/airflow/example_dags/example_nested_branch_dag.py
[2023-12-18T21:21:40.385+0000] {processor.py:829} INFO - Processing file /home/airflow/.local/lib/python3.8/site-packages/airflow/example_dags/example_nested_branch_dag.py for tasks to queue
[2023-12-18T21:21:40.387+0000] {logging_mixin.py:154} INFO - [2023-12-18T21:21:40.387+0000] {dagbag.py:536} INFO - Filling up the DagBag from /home/airflow/.local/lib/python3.8/site-packages/airflow/example_dags/example_nested_branch_dag.py
[2023-12-18T21:21:40.395+0000] {processor.py:839} INFO - DAG(s) dict_keys(['example_nested_branch_dag']) retrieved from /home/airflow/.local/lib/python3.8/site-packages/airflow/example_dags/example_nested_branch_dag.py
[2023-12-18T21:21:40.417+0000] {logging_mixin.py:154} INFO - [2023-12-18T21:21:40.416+0000] {dag.py:2941} INFO - Sync 1 DAGs
[2023-12-18T21:21:40.617+0000] {logging_mixin.py:154} INFO - [2023-12-18T21:21:40.616+0000] {dag.py:3722} INFO - Setting next_dagrun for example_nested_branch_dag to 2023-12-17T00:00:00+00:00, run_after=2023-12-18T00:00:00+00:00
[2023-12-18T21:21:40.634+0000] {processor.py:179} INFO - Processing /home/airflow/.local/lib/python3.8/site-packages/airflow/example_dags/example_nested_branch_dag.py took 0.252 seconds
[2023-12-18T21:22:11.033+0000] {processor.py:157} INFO - Started process (PID=2448) to work on /home/airflow/.local/lib/python3.8/site-packages/airflow/example_dags/example_nested_branch_dag.py
[2023-12-18T21:22:11.033+0000] {processor.py:829} INFO - Processing file /home/airflow/.local/lib/python3.8/site-packages/airflow/example_dags/example_nested_branch_dag.py for tasks to queue
[2023-12-18T21:22:11.035+0000] {logging_mixin.py:154} INFO - [2023-12-18T21:22:11.035+0000] {dagbag.py:536} INFO - Filling up the DagBag from /home/airflow/.local/lib/python3.8/site-packages/airflow/example_dags/example_nested_branch_dag.py
[2023-12-18T21:22:11.043+0000] {processor.py:839} INFO - DAG(s) dict_keys(['example_nested_branch_dag']) retrieved from /home/airflow/.local/lib/python3.8/site-packages/airflow/example_dags/example_nested_branch_dag.py
[2023-12-18T21:22:11.060+0000] {logging_mixin.py:154} INFO - [2023-12-18T21:22:11.060+0000] {dag.py:2941} INFO - Sync 1 DAGs
[2023-12-18T21:22:11.079+0000] {logging_mixin.py:154} INFO - [2023-12-18T21:22:11.079+0000] {dag.py:3722} INFO - Setting next_dagrun for example_nested_branch_dag to 2023-12-17T00:00:00+00:00, run_after=2023-12-18T00:00:00+00:00
[2023-12-18T21:22:11.095+0000] {processor.py:179} INFO - Processing /home/airflow/.local/lib/python3.8/site-packages/airflow/example_dags/example_nested_branch_dag.py took 0.065 seconds
[2023-12-18T21:22:41.659+0000] {processor.py:157} INFO - Started process (PID=2502) to work on /home/airflow/.local/lib/python3.8/site-packages/airflow/example_dags/example_nested_branch_dag.py
[2023-12-18T21:22:41.660+0000] {processor.py:829} INFO - Processing file /home/airflow/.local/lib/python3.8/site-packages/airflow/example_dags/example_nested_branch_dag.py for tasks to queue
[2023-12-18T21:22:41.662+0000] {logging_mixin.py:154} INFO - [2023-12-18T21:22:41.662+0000] {dagbag.py:536} INFO - Filling up the DagBag from /home/airflow/.local/lib/python3.8/site-packages/airflow/example_dags/example_nested_branch_dag.py
[2023-12-18T21:22:41.671+0000] {processor.py:839} INFO - DAG(s) dict_keys(['example_nested_branch_dag']) retrieved from /home/airflow/.local/lib/python3.8/site-packages/airflow/example_dags/example_nested_branch_dag.py
[2023-12-18T21:22:41.691+0000] {logging_mixin.py:154} INFO - [2023-12-18T21:22:41.691+0000] {dag.py:2941} INFO - Sync 1 DAGs
[2023-12-18T21:22:41.715+0000] {logging_mixin.py:154} INFO - [2023-12-18T21:22:41.715+0000] {dag.py:3722} INFO - Setting next_dagrun for example_nested_branch_dag to 2023-12-17T00:00:00+00:00, run_after=2023-12-18T00:00:00+00:00
[2023-12-18T21:22:41.734+0000] {processor.py:179} INFO - Processing /home/airflow/.local/lib/python3.8/site-packages/airflow/example_dags/example_nested_branch_dag.py took 0.079 seconds
[2023-12-18T21:23:12.015+0000] {processor.py:157} INFO - Started process (PID=2563) to work on /home/airflow/.local/lib/python3.8/site-packages/airflow/example_dags/example_nested_branch_dag.py
[2023-12-18T21:23:12.015+0000] {processor.py:829} INFO - Processing file /home/airflow/.local/lib/python3.8/site-packages/airflow/example_dags/example_nested_branch_dag.py for tasks to queue
[2023-12-18T21:23:12.017+0000] {logging_mixin.py:154} INFO - [2023-12-18T21:23:12.017+0000] {dagbag.py:536} INFO - Filling up the DagBag from /home/airflow/.local/lib/python3.8/site-packages/airflow/example_dags/example_nested_branch_dag.py
[2023-12-18T21:23:12.025+0000] {processor.py:839} INFO - DAG(s) dict_keys(['example_nested_branch_dag']) retrieved from /home/airflow/.local/lib/python3.8/site-packages/airflow/example_dags/example_nested_branch_dag.py
[2023-12-18T21:23:12.044+0000] {logging_mixin.py:154} INFO - [2023-12-18T21:23:12.044+0000] {dag.py:2941} INFO - Sync 1 DAGs
[2023-12-18T21:23:12.065+0000] {logging_mixin.py:154} INFO - [2023-12-18T21:23:12.064+0000] {dag.py:3722} INFO - Setting next_dagrun for example_nested_branch_dag to 2023-12-17T00:00:00+00:00, run_after=2023-12-18T00:00:00+00:00
[2023-12-18T21:23:12.081+0000] {processor.py:179} INFO - Processing /home/airflow/.local/lib/python3.8/site-packages/airflow/example_dags/example_nested_branch_dag.py took 0.069 seconds
[2023-12-18T21:23:42.394+0000] {processor.py:157} INFO - Started process (PID=2617) to work on /home/airflow/.local/lib/python3.8/site-packages/airflow/example_dags/example_nested_branch_dag.py
[2023-12-18T21:23:42.395+0000] {processor.py:829} INFO - Processing file /home/airflow/.local/lib/python3.8/site-packages/airflow/example_dags/example_nested_branch_dag.py for tasks to queue
[2023-12-18T21:23:42.397+0000] {logging_mixin.py:154} INFO - [2023-12-18T21:23:42.397+0000] {dagbag.py:536} INFO - Filling up the DagBag from /home/airflow/.local/lib/python3.8/site-packages/airflow/example_dags/example_nested_branch_dag.py
[2023-12-18T21:23:42.405+0000] {processor.py:839} INFO - DAG(s) dict_keys(['example_nested_branch_dag']) retrieved from /home/airflow/.local/lib/python3.8/site-packages/airflow/example_dags/example_nested_branch_dag.py
[2023-12-18T21:23:42.427+0000] {logging_mixin.py:154} INFO - [2023-12-18T21:23:42.427+0000] {dag.py:2941} INFO - Sync 1 DAGs
[2023-12-18T21:23:42.449+0000] {logging_mixin.py:154} INFO - [2023-12-18T21:23:42.449+0000] {dag.py:3722} INFO - Setting next_dagrun for example_nested_branch_dag to 2023-12-17T00:00:00+00:00, run_after=2023-12-18T00:00:00+00:00
[2023-12-18T21:23:42.467+0000] {processor.py:179} INFO - Processing /home/airflow/.local/lib/python3.8/site-packages/airflow/example_dags/example_nested_branch_dag.py took 0.076 seconds
[2023-12-18T21:24:12.739+0000] {processor.py:157} INFO - Started process (PID=2671) to work on /home/airflow/.local/lib/python3.8/site-packages/airflow/example_dags/example_nested_branch_dag.py
[2023-12-18T21:24:12.740+0000] {processor.py:829} INFO - Processing file /home/airflow/.local/lib/python3.8/site-packages/airflow/example_dags/example_nested_branch_dag.py for tasks to queue
[2023-12-18T21:24:12.742+0000] {logging_mixin.py:154} INFO - [2023-12-18T21:24:12.742+0000] {dagbag.py:536} INFO - Filling up the DagBag from /home/airflow/.local/lib/python3.8/site-packages/airflow/example_dags/example_nested_branch_dag.py
[2023-12-18T21:24:12.751+0000] {processor.py:839} INFO - DAG(s) dict_keys(['example_nested_branch_dag']) retrieved from /home/airflow/.local/lib/python3.8/site-packages/airflow/example_dags/example_nested_branch_dag.py
[2023-12-18T21:24:12.773+0000] {logging_mixin.py:154} INFO - [2023-12-18T21:24:12.772+0000] {dag.py:2941} INFO - Sync 1 DAGs
[2023-12-18T21:24:12.796+0000] {logging_mixin.py:154} INFO - [2023-12-18T21:24:12.796+0000] {dag.py:3722} INFO - Setting next_dagrun for example_nested_branch_dag to 2023-12-17T00:00:00+00:00, run_after=2023-12-18T00:00:00+00:00
[2023-12-18T21:24:12.815+0000] {processor.py:179} INFO - Processing /home/airflow/.local/lib/python3.8/site-packages/airflow/example_dags/example_nested_branch_dag.py took 0.080 seconds
[2023-12-18T21:24:42.886+0000] {processor.py:157} INFO - Started process (PID=2725) to work on /home/airflow/.local/lib/python3.8/site-packages/airflow/example_dags/example_nested_branch_dag.py
[2023-12-18T21:24:42.887+0000] {processor.py:829} INFO - Processing file /home/airflow/.local/lib/python3.8/site-packages/airflow/example_dags/example_nested_branch_dag.py for tasks to queue
[2023-12-18T21:24:42.888+0000] {logging_mixin.py:154} INFO - [2023-12-18T21:24:42.888+0000] {dagbag.py:536} INFO - Filling up the DagBag from /home/airflow/.local/lib/python3.8/site-packages/airflow/example_dags/example_nested_branch_dag.py
[2023-12-18T21:24:42.895+0000] {processor.py:839} INFO - DAG(s) dict_keys(['example_nested_branch_dag']) retrieved from /home/airflow/.local/lib/python3.8/site-packages/airflow/example_dags/example_nested_branch_dag.py
[2023-12-18T21:24:42.912+0000] {logging_mixin.py:154} INFO - [2023-12-18T21:24:42.912+0000] {dag.py:2941} INFO - Sync 1 DAGs
[2023-12-18T21:24:42.930+0000] {logging_mixin.py:154} INFO - [2023-12-18T21:24:42.929+0000] {dag.py:3722} INFO - Setting next_dagrun for example_nested_branch_dag to 2023-12-17T00:00:00+00:00, run_after=2023-12-18T00:00:00+00:00
[2023-12-18T21:24:42.943+0000] {processor.py:179} INFO - Processing /home/airflow/.local/lib/python3.8/site-packages/airflow/example_dags/example_nested_branch_dag.py took 0.060 seconds
[2023-12-18T21:25:13.268+0000] {processor.py:157} INFO - Started process (PID=2779) to work on /home/airflow/.local/lib/python3.8/site-packages/airflow/example_dags/example_nested_branch_dag.py
[2023-12-18T21:25:13.268+0000] {processor.py:829} INFO - Processing file /home/airflow/.local/lib/python3.8/site-packages/airflow/example_dags/example_nested_branch_dag.py for tasks to queue
[2023-12-18T21:25:13.270+0000] {logging_mixin.py:154} INFO - [2023-12-18T21:25:13.270+0000] {dagbag.py:536} INFO - Filling up the DagBag from /home/airflow/.local/lib/python3.8/site-packages/airflow/example_dags/example_nested_branch_dag.py
[2023-12-18T21:25:13.278+0000] {processor.py:839} INFO - DAG(s) dict_keys(['example_nested_branch_dag']) retrieved from /home/airflow/.local/lib/python3.8/site-packages/airflow/example_dags/example_nested_branch_dag.py
[2023-12-18T21:25:13.296+0000] {logging_mixin.py:154} INFO - [2023-12-18T21:25:13.296+0000] {dag.py:2941} INFO - Sync 1 DAGs
[2023-12-18T21:25:13.315+0000] {logging_mixin.py:154} INFO - [2023-12-18T21:25:13.315+0000] {dag.py:3722} INFO - Setting next_dagrun for example_nested_branch_dag to 2023-12-17T00:00:00+00:00, run_after=2023-12-18T00:00:00+00:00
[2023-12-18T21:25:13.329+0000] {processor.py:179} INFO - Processing /home/airflow/.local/lib/python3.8/site-packages/airflow/example_dags/example_nested_branch_dag.py took 0.064 seconds
[2023-12-18T21:25:43.444+0000] {processor.py:157} INFO - Started process (PID=2833) to work on /home/airflow/.local/lib/python3.8/site-packages/airflow/example_dags/example_nested_branch_dag.py
[2023-12-18T21:25:43.445+0000] {processor.py:829} INFO - Processing file /home/airflow/.local/lib/python3.8/site-packages/airflow/example_dags/example_nested_branch_dag.py for tasks to queue
[2023-12-18T21:25:43.447+0000] {logging_mixin.py:154} INFO - [2023-12-18T21:25:43.446+0000] {dagbag.py:536} INFO - Filling up the DagBag from /home/airflow/.local/lib/python3.8/site-packages/airflow/example_dags/example_nested_branch_dag.py
[2023-12-18T21:25:43.454+0000] {processor.py:839} INFO - DAG(s) dict_keys(['example_nested_branch_dag']) retrieved from /home/airflow/.local/lib/python3.8/site-packages/airflow/example_dags/example_nested_branch_dag.py
[2023-12-18T21:25:43.470+0000] {logging_mixin.py:154} INFO - [2023-12-18T21:25:43.470+0000] {dag.py:2941} INFO - Sync 1 DAGs
[2023-12-18T21:25:43.489+0000] {logging_mixin.py:154} INFO - [2023-12-18T21:25:43.489+0000] {dag.py:3722} INFO - Setting next_dagrun for example_nested_branch_dag to 2023-12-17T00:00:00+00:00, run_after=2023-12-18T00:00:00+00:00
[2023-12-18T21:25:43.503+0000] {processor.py:179} INFO - Processing /home/airflow/.local/lib/python3.8/site-packages/airflow/example_dags/example_nested_branch_dag.py took 0.061 seconds
[2023-12-18T21:26:13.792+0000] {processor.py:157} INFO - Started process (PID=2887) to work on /home/airflow/.local/lib/python3.8/site-packages/airflow/example_dags/example_nested_branch_dag.py
[2023-12-18T21:26:13.793+0000] {processor.py:829} INFO - Processing file /home/airflow/.local/lib/python3.8/site-packages/airflow/example_dags/example_nested_branch_dag.py for tasks to queue
[2023-12-18T21:26:13.794+0000] {logging_mixin.py:154} INFO - [2023-12-18T21:26:13.794+0000] {dagbag.py:536} INFO - Filling up the DagBag from /home/airflow/.local/lib/python3.8/site-packages/airflow/example_dags/example_nested_branch_dag.py
[2023-12-18T21:26:13.802+0000] {processor.py:839} INFO - DAG(s) dict_keys(['example_nested_branch_dag']) retrieved from /home/airflow/.local/lib/python3.8/site-packages/airflow/example_dags/example_nested_branch_dag.py
[2023-12-18T21:26:13.818+0000] {logging_mixin.py:154} INFO - [2023-12-18T21:26:13.818+0000] {dag.py:2941} INFO - Sync 1 DAGs
[2023-12-18T21:26:13.836+0000] {logging_mixin.py:154} INFO - [2023-12-18T21:26:13.836+0000] {dag.py:3722} INFO - Setting next_dagrun for example_nested_branch_dag to 2023-12-17T00:00:00+00:00, run_after=2023-12-18T00:00:00+00:00
[2023-12-18T21:26:13.850+0000] {processor.py:179} INFO - Processing /home/airflow/.local/lib/python3.8/site-packages/airflow/example_dags/example_nested_branch_dag.py took 0.060 seconds
[2023-12-18T21:26:43.920+0000] {processor.py:157} INFO - Started process (PID=2941) to work on /home/airflow/.local/lib/python3.8/site-packages/airflow/example_dags/example_nested_branch_dag.py
[2023-12-18T21:26:43.921+0000] {processor.py:829} INFO - Processing file /home/airflow/.local/lib/python3.8/site-packages/airflow/example_dags/example_nested_branch_dag.py for tasks to queue
[2023-12-18T21:26:43.923+0000] {logging_mixin.py:154} INFO - [2023-12-18T21:26:43.922+0000] {dagbag.py:536} INFO - Filling up the DagBag from /home/airflow/.local/lib/python3.8/site-packages/airflow/example_dags/example_nested_branch_dag.py
[2023-12-18T21:26:43.930+0000] {processor.py:839} INFO - DAG(s) dict_keys(['example_nested_branch_dag']) retrieved from /home/airflow/.local/lib/python3.8/site-packages/airflow/example_dags/example_nested_branch_dag.py
[2023-12-18T21:26:43.947+0000] {logging_mixin.py:154} INFO - [2023-12-18T21:26:43.946+0000] {dag.py:2941} INFO - Sync 1 DAGs
[2023-12-18T21:26:43.965+0000] {logging_mixin.py:154} INFO - [2023-12-18T21:26:43.964+0000] {dag.py:3722} INFO - Setting next_dagrun for example_nested_branch_dag to 2023-12-17T00:00:00+00:00, run_after=2023-12-18T00:00:00+00:00
[2023-12-18T21:26:43.978+0000] {processor.py:179} INFO - Processing /home/airflow/.local/lib/python3.8/site-packages/airflow/example_dags/example_nested_branch_dag.py took 0.060 seconds
[2023-12-18T21:27:14.204+0000] {processor.py:157} INFO - Started process (PID=2995) to work on /home/airflow/.local/lib/python3.8/site-packages/airflow/example_dags/example_nested_branch_dag.py
[2023-12-18T21:27:14.205+0000] {processor.py:829} INFO - Processing file /home/airflow/.local/lib/python3.8/site-packages/airflow/example_dags/example_nested_branch_dag.py for tasks to queue
[2023-12-18T21:27:14.206+0000] {logging_mixin.py:154} INFO - [2023-12-18T21:27:14.206+0000] {dagbag.py:536} INFO - Filling up the DagBag from /home/airflow/.local/lib/python3.8/site-packages/airflow/example_dags/example_nested_branch_dag.py
[2023-12-18T21:27:14.214+0000] {processor.py:839} INFO - DAG(s) dict_keys(['example_nested_branch_dag']) retrieved from /home/airflow/.local/lib/python3.8/site-packages/airflow/example_dags/example_nested_branch_dag.py
[2023-12-18T21:27:14.234+0000] {logging_mixin.py:154} INFO - [2023-12-18T21:27:14.234+0000] {dag.py:2941} INFO - Sync 1 DAGs
[2023-12-18T21:27:14.257+0000] {logging_mixin.py:154} INFO - [2023-12-18T21:27:14.256+0000] {dag.py:3722} INFO - Setting next_dagrun for example_nested_branch_dag to 2023-12-17T00:00:00+00:00, run_after=2023-12-18T00:00:00+00:00
[2023-12-18T21:27:14.274+0000] {processor.py:179} INFO - Processing /home/airflow/.local/lib/python3.8/site-packages/airflow/example_dags/example_nested_branch_dag.py took 0.073 seconds
[2023-12-18T21:27:44.382+0000] {processor.py:157} INFO - Started process (PID=3049) to work on /home/airflow/.local/lib/python3.8/site-packages/airflow/example_dags/example_nested_branch_dag.py
[2023-12-18T21:27:44.382+0000] {processor.py:829} INFO - Processing file /home/airflow/.local/lib/python3.8/site-packages/airflow/example_dags/example_nested_branch_dag.py for tasks to queue
[2023-12-18T21:27:44.384+0000] {logging_mixin.py:154} INFO - [2023-12-18T21:27:44.384+0000] {dagbag.py:536} INFO - Filling up the DagBag from /home/airflow/.local/lib/python3.8/site-packages/airflow/example_dags/example_nested_branch_dag.py
[2023-12-18T21:27:44.391+0000] {processor.py:839} INFO - DAG(s) dict_keys(['example_nested_branch_dag']) retrieved from /home/airflow/.local/lib/python3.8/site-packages/airflow/example_dags/example_nested_branch_dag.py
[2023-12-18T21:27:44.409+0000] {logging_mixin.py:154} INFO - [2023-12-18T21:27:44.408+0000] {dag.py:2941} INFO - Sync 1 DAGs
[2023-12-18T21:27:44.429+0000] {logging_mixin.py:154} INFO - [2023-12-18T21:27:44.428+0000] {dag.py:3722} INFO - Setting next_dagrun for example_nested_branch_dag to 2023-12-17T00:00:00+00:00, run_after=2023-12-18T00:00:00+00:00
[2023-12-18T21:27:44.444+0000] {processor.py:179} INFO - Processing /home/airflow/.local/lib/python3.8/site-packages/airflow/example_dags/example_nested_branch_dag.py took 0.064 seconds
[2023-12-18T21:28:14.513+0000] {processor.py:157} INFO - Started process (PID=3103) to work on /home/airflow/.local/lib/python3.8/site-packages/airflow/example_dags/example_nested_branch_dag.py
[2023-12-18T21:28:14.513+0000] {processor.py:829} INFO - Processing file /home/airflow/.local/lib/python3.8/site-packages/airflow/example_dags/example_nested_branch_dag.py for tasks to queue
[2023-12-18T21:28:14.515+0000] {logging_mixin.py:154} INFO - [2023-12-18T21:28:14.515+0000] {dagbag.py:536} INFO - Filling up the DagBag from /home/airflow/.local/lib/python3.8/site-packages/airflow/example_dags/example_nested_branch_dag.py
[2023-12-18T21:28:14.523+0000] {processor.py:839} INFO - DAG(s) dict_keys(['example_nested_branch_dag']) retrieved from /home/airflow/.local/lib/python3.8/site-packages/airflow/example_dags/example_nested_branch_dag.py
[2023-12-18T21:28:14.542+0000] {logging_mixin.py:154} INFO - [2023-12-18T21:28:14.542+0000] {dag.py:2941} INFO - Sync 1 DAGs
[2023-12-18T21:28:14.563+0000] {logging_mixin.py:154} INFO - [2023-12-18T21:28:14.563+0000] {dag.py:3722} INFO - Setting next_dagrun for example_nested_branch_dag to 2023-12-17T00:00:00+00:00, run_after=2023-12-18T00:00:00+00:00
[2023-12-18T21:28:14.578+0000] {processor.py:179} INFO - Processing /home/airflow/.local/lib/python3.8/site-packages/airflow/example_dags/example_nested_branch_dag.py took 0.068 seconds
[2023-12-18T21:28:44.861+0000] {processor.py:157} INFO - Started process (PID=3157) to work on /home/airflow/.local/lib/python3.8/site-packages/airflow/example_dags/example_nested_branch_dag.py
[2023-12-18T21:28:44.862+0000] {processor.py:829} INFO - Processing file /home/airflow/.local/lib/python3.8/site-packages/airflow/example_dags/example_nested_branch_dag.py for tasks to queue
[2023-12-18T21:28:44.864+0000] {logging_mixin.py:154} INFO - [2023-12-18T21:28:44.864+0000] {dagbag.py:536} INFO - Filling up the DagBag from /home/airflow/.local/lib/python3.8/site-packages/airflow/example_dags/example_nested_branch_dag.py
[2023-12-18T21:28:44.871+0000] {processor.py:839} INFO - DAG(s) dict_keys(['example_nested_branch_dag']) retrieved from /home/airflow/.local/lib/python3.8/site-packages/airflow/example_dags/example_nested_branch_dag.py
[2023-12-18T21:28:44.891+0000] {logging_mixin.py:154} INFO - [2023-12-18T21:28:44.891+0000] {dag.py:2941} INFO - Sync 1 DAGs
[2023-12-18T21:28:44.911+0000] {logging_mixin.py:154} INFO - [2023-12-18T21:28:44.911+0000] {dag.py:3722} INFO - Setting next_dagrun for example_nested_branch_dag to 2023-12-17T00:00:00+00:00, run_after=2023-12-18T00:00:00+00:00
[2023-12-18T21:28:44.926+0000] {processor.py:179} INFO - Processing /home/airflow/.local/lib/python3.8/site-packages/airflow/example_dags/example_nested_branch_dag.py took 0.067 seconds
[2023-12-18T21:29:15.029+0000] {processor.py:157} INFO - Started process (PID=3211) to work on /home/airflow/.local/lib/python3.8/site-packages/airflow/example_dags/example_nested_branch_dag.py
[2023-12-18T21:29:15.030+0000] {processor.py:829} INFO - Processing file /home/airflow/.local/lib/python3.8/site-packages/airflow/example_dags/example_nested_branch_dag.py for tasks to queue
[2023-12-18T21:29:15.031+0000] {logging_mixin.py:154} INFO - [2023-12-18T21:29:15.031+0000] {dagbag.py:536} INFO - Filling up the DagBag from /home/airflow/.local/lib/python3.8/site-packages/airflow/example_dags/example_nested_branch_dag.py
[2023-12-18T21:29:15.039+0000] {processor.py:839} INFO - DAG(s) dict_keys(['example_nested_branch_dag']) retrieved from /home/airflow/.local/lib/python3.8/site-packages/airflow/example_dags/example_nested_branch_dag.py
[2023-12-18T21:29:15.057+0000] {logging_mixin.py:154} INFO - [2023-12-18T21:29:15.057+0000] {dag.py:2941} INFO - Sync 1 DAGs
[2023-12-18T21:29:15.076+0000] {logging_mixin.py:154} INFO - [2023-12-18T21:29:15.076+0000] {dag.py:3722} INFO - Setting next_dagrun for example_nested_branch_dag to 2023-12-17T00:00:00+00:00, run_after=2023-12-18T00:00:00+00:00
[2023-12-18T21:29:15.091+0000] {processor.py:179} INFO - Processing /home/airflow/.local/lib/python3.8/site-packages/airflow/example_dags/example_nested_branch_dag.py took 0.064 seconds
[2023-12-18T21:29:45.184+0000] {processor.py:157} INFO - Started process (PID=3265) to work on /home/airflow/.local/lib/python3.8/site-packages/airflow/example_dags/example_nested_branch_dag.py
[2023-12-18T21:29:45.185+0000] {processor.py:829} INFO - Processing file /home/airflow/.local/lib/python3.8/site-packages/airflow/example_dags/example_nested_branch_dag.py for tasks to queue
[2023-12-18T21:29:45.186+0000] {logging_mixin.py:154} INFO - [2023-12-18T21:29:45.186+0000] {dagbag.py:536} INFO - Filling up the DagBag from /home/airflow/.local/lib/python3.8/site-packages/airflow/example_dags/example_nested_branch_dag.py
[2023-12-18T21:29:45.194+0000] {processor.py:839} INFO - DAG(s) dict_keys(['example_nested_branch_dag']) retrieved from /home/airflow/.local/lib/python3.8/site-packages/airflow/example_dags/example_nested_branch_dag.py
[2023-12-18T21:29:45.212+0000] {logging_mixin.py:154} INFO - [2023-12-18T21:29:45.212+0000] {dag.py:2941} INFO - Sync 1 DAGs
[2023-12-18T21:29:45.232+0000] {logging_mixin.py:154} INFO - [2023-12-18T21:29:45.231+0000] {dag.py:3722} INFO - Setting next_dagrun for example_nested_branch_dag to 2023-12-17T00:00:00+00:00, run_after=2023-12-18T00:00:00+00:00
[2023-12-18T21:29:45.247+0000] {processor.py:179} INFO - Processing /home/airflow/.local/lib/python3.8/site-packages/airflow/example_dags/example_nested_branch_dag.py took 0.065 seconds
[2023-12-18T21:30:15.302+0000] {processor.py:157} INFO - Started process (PID=3320) to work on /home/airflow/.local/lib/python3.8/site-packages/airflow/example_dags/example_nested_branch_dag.py
[2023-12-18T21:30:15.302+0000] {processor.py:829} INFO - Processing file /home/airflow/.local/lib/python3.8/site-packages/airflow/example_dags/example_nested_branch_dag.py for tasks to queue
[2023-12-18T21:30:15.304+0000] {logging_mixin.py:154} INFO - [2023-12-18T21:30:15.304+0000] {dagbag.py:536} INFO - Filling up the DagBag from /home/airflow/.local/lib/python3.8/site-packages/airflow/example_dags/example_nested_branch_dag.py
[2023-12-18T21:30:15.312+0000] {processor.py:839} INFO - DAG(s) dict_keys(['example_nested_branch_dag']) retrieved from /home/airflow/.local/lib/python3.8/site-packages/airflow/example_dags/example_nested_branch_dag.py
[2023-12-18T21:30:15.331+0000] {logging_mixin.py:154} INFO - [2023-12-18T21:30:15.330+0000] {dag.py:2941} INFO - Sync 1 DAGs
[2023-12-18T21:30:15.350+0000] {logging_mixin.py:154} INFO - [2023-12-18T21:30:15.350+0000] {dag.py:3722} INFO - Setting next_dagrun for example_nested_branch_dag to 2023-12-17T00:00:00+00:00, run_after=2023-12-18T00:00:00+00:00
[2023-12-18T21:30:15.366+0000] {processor.py:179} INFO - Processing /home/airflow/.local/lib/python3.8/site-packages/airflow/example_dags/example_nested_branch_dag.py took 0.067 seconds
[2023-12-18T21:30:45.491+0000] {processor.py:157} INFO - Started process (PID=3374) to work on /home/airflow/.local/lib/python3.8/site-packages/airflow/example_dags/example_nested_branch_dag.py
[2023-12-18T21:30:45.492+0000] {processor.py:829} INFO - Processing file /home/airflow/.local/lib/python3.8/site-packages/airflow/example_dags/example_nested_branch_dag.py for tasks to queue
[2023-12-18T21:30:45.494+0000] {logging_mixin.py:154} INFO - [2023-12-18T21:30:45.493+0000] {dagbag.py:536} INFO - Filling up the DagBag from /home/airflow/.local/lib/python3.8/site-packages/airflow/example_dags/example_nested_branch_dag.py
[2023-12-18T21:30:45.501+0000] {processor.py:839} INFO - DAG(s) dict_keys(['example_nested_branch_dag']) retrieved from /home/airflow/.local/lib/python3.8/site-packages/airflow/example_dags/example_nested_branch_dag.py
[2023-12-18T21:30:45.520+0000] {logging_mixin.py:154} INFO - [2023-12-18T21:30:45.520+0000] {dag.py:2941} INFO - Sync 1 DAGs
[2023-12-18T21:30:45.544+0000] {logging_mixin.py:154} INFO - [2023-12-18T21:30:45.543+0000] {dag.py:3722} INFO - Setting next_dagrun for example_nested_branch_dag to 2023-12-17T00:00:00+00:00, run_after=2023-12-18T00:00:00+00:00
[2023-12-18T21:30:45.564+0000] {processor.py:179} INFO - Processing /home/airflow/.local/lib/python3.8/site-packages/airflow/example_dags/example_nested_branch_dag.py took 0.076 seconds
[2023-12-18T21:31:15.883+0000] {processor.py:157} INFO - Started process (PID=3428) to work on /home/airflow/.local/lib/python3.8/site-packages/airflow/example_dags/example_nested_branch_dag.py
[2023-12-18T21:31:15.884+0000] {processor.py:829} INFO - Processing file /home/airflow/.local/lib/python3.8/site-packages/airflow/example_dags/example_nested_branch_dag.py for tasks to queue
[2023-12-18T21:31:15.886+0000] {logging_mixin.py:154} INFO - [2023-12-18T21:31:15.885+0000] {dagbag.py:536} INFO - Filling up the DagBag from /home/airflow/.local/lib/python3.8/site-packages/airflow/example_dags/example_nested_branch_dag.py
[2023-12-18T21:31:15.893+0000] {processor.py:839} INFO - DAG(s) dict_keys(['example_nested_branch_dag']) retrieved from /home/airflow/.local/lib/python3.8/site-packages/airflow/example_dags/example_nested_branch_dag.py
[2023-12-18T21:31:15.911+0000] {logging_mixin.py:154} INFO - [2023-12-18T21:31:15.911+0000] {dag.py:2941} INFO - Sync 1 DAGs
[2023-12-18T21:31:15.930+0000] {logging_mixin.py:154} INFO - [2023-12-18T21:31:15.930+0000] {dag.py:3722} INFO - Setting next_dagrun for example_nested_branch_dag to 2023-12-17T00:00:00+00:00, run_after=2023-12-18T00:00:00+00:00
[2023-12-18T21:31:15.945+0000] {processor.py:179} INFO - Processing /home/airflow/.local/lib/python3.8/site-packages/airflow/example_dags/example_nested_branch_dag.py took 0.064 seconds
[2023-12-18T21:31:46.235+0000] {processor.py:157} INFO - Started process (PID=3482) to work on /home/airflow/.local/lib/python3.8/site-packages/airflow/example_dags/example_nested_branch_dag.py
[2023-12-18T21:31:46.236+0000] {processor.py:829} INFO - Processing file /home/airflow/.local/lib/python3.8/site-packages/airflow/example_dags/example_nested_branch_dag.py for tasks to queue
[2023-12-18T21:31:46.238+0000] {logging_mixin.py:154} INFO - [2023-12-18T21:31:46.238+0000] {dagbag.py:536} INFO - Filling up the DagBag from /home/airflow/.local/lib/python3.8/site-packages/airflow/example_dags/example_nested_branch_dag.py
[2023-12-18T21:31:46.246+0000] {processor.py:839} INFO - DAG(s) dict_keys(['example_nested_branch_dag']) retrieved from /home/airflow/.local/lib/python3.8/site-packages/airflow/example_dags/example_nested_branch_dag.py
[2023-12-18T21:31:46.265+0000] {logging_mixin.py:154} INFO - [2023-12-18T21:31:46.265+0000] {dag.py:2941} INFO - Sync 1 DAGs
[2023-12-18T21:31:46.285+0000] {logging_mixin.py:154} INFO - [2023-12-18T21:31:46.285+0000] {dag.py:3722} INFO - Setting next_dagrun for example_nested_branch_dag to 2023-12-17T00:00:00+00:00, run_after=2023-12-18T00:00:00+00:00
[2023-12-18T21:31:46.301+0000] {processor.py:179} INFO - Processing /home/airflow/.local/lib/python3.8/site-packages/airflow/example_dags/example_nested_branch_dag.py took 0.068 seconds
[2023-12-18T21:32:16.375+0000] {processor.py:157} INFO - Started process (PID=3536) to work on /home/airflow/.local/lib/python3.8/site-packages/airflow/example_dags/example_nested_branch_dag.py
[2023-12-18T21:32:16.376+0000] {processor.py:829} INFO - Processing file /home/airflow/.local/lib/python3.8/site-packages/airflow/example_dags/example_nested_branch_dag.py for tasks to queue
[2023-12-18T21:32:16.378+0000] {logging_mixin.py:154} INFO - [2023-12-18T21:32:16.377+0000] {dagbag.py:536} INFO - Filling up the DagBag from /home/airflow/.local/lib/python3.8/site-packages/airflow/example_dags/example_nested_branch_dag.py
[2023-12-18T21:32:16.385+0000] {processor.py:839} INFO - DAG(s) dict_keys(['example_nested_branch_dag']) retrieved from /home/airflow/.local/lib/python3.8/site-packages/airflow/example_dags/example_nested_branch_dag.py
[2023-12-18T21:32:16.406+0000] {logging_mixin.py:154} INFO - [2023-12-18T21:32:16.405+0000] {dag.py:2941} INFO - Sync 1 DAGs
[2023-12-18T21:32:16.427+0000] {logging_mixin.py:154} INFO - [2023-12-18T21:32:16.426+0000] {dag.py:3722} INFO - Setting next_dagrun for example_nested_branch_dag to 2023-12-17T00:00:00+00:00, run_after=2023-12-18T00:00:00+00:00
[2023-12-18T21:32:16.441+0000] {processor.py:179} INFO - Processing /home/airflow/.local/lib/python3.8/site-packages/airflow/example_dags/example_nested_branch_dag.py took 0.069 seconds
[2023-12-18T21:32:46.522+0000] {processor.py:157} INFO - Started process (PID=3590) to work on /home/airflow/.local/lib/python3.8/site-packages/airflow/example_dags/example_nested_branch_dag.py
[2023-12-18T21:32:46.523+0000] {processor.py:829} INFO - Processing file /home/airflow/.local/lib/python3.8/site-packages/airflow/example_dags/example_nested_branch_dag.py for tasks to queue
[2023-12-18T21:32:46.524+0000] {logging_mixin.py:154} INFO - [2023-12-18T21:32:46.524+0000] {dagbag.py:536} INFO - Filling up the DagBag from /home/airflow/.local/lib/python3.8/site-packages/airflow/example_dags/example_nested_branch_dag.py
[2023-12-18T21:32:46.532+0000] {processor.py:839} INFO - DAG(s) dict_keys(['example_nested_branch_dag']) retrieved from /home/airflow/.local/lib/python3.8/site-packages/airflow/example_dags/example_nested_branch_dag.py
[2023-12-18T21:32:46.550+0000] {logging_mixin.py:154} INFO - [2023-12-18T21:32:46.550+0000] {dag.py:2941} INFO - Sync 1 DAGs
[2023-12-18T21:32:46.569+0000] {logging_mixin.py:154} INFO - [2023-12-18T21:32:46.568+0000] {dag.py:3722} INFO - Setting next_dagrun for example_nested_branch_dag to 2023-12-17T00:00:00+00:00, run_after=2023-12-18T00:00:00+00:00
[2023-12-18T21:32:46.585+0000] {processor.py:179} INFO - Processing /home/airflow/.local/lib/python3.8/site-packages/airflow/example_dags/example_nested_branch_dag.py took 0.067 seconds
[2023-12-18T21:33:16.808+0000] {processor.py:157} INFO - Started process (PID=3644) to work on /home/airflow/.local/lib/python3.8/site-packages/airflow/example_dags/example_nested_branch_dag.py
[2023-12-18T21:33:16.809+0000] {processor.py:829} INFO - Processing file /home/airflow/.local/lib/python3.8/site-packages/airflow/example_dags/example_nested_branch_dag.py for tasks to queue
[2023-12-18T21:33:16.810+0000] {logging_mixin.py:154} INFO - [2023-12-18T21:33:16.810+0000] {dagbag.py:536} INFO - Filling up the DagBag from /home/airflow/.local/lib/python3.8/site-packages/airflow/example_dags/example_nested_branch_dag.py
[2023-12-18T21:33:16.818+0000] {processor.py:839} INFO - DAG(s) dict_keys(['example_nested_branch_dag']) retrieved from /home/airflow/.local/lib/python3.8/site-packages/airflow/example_dags/example_nested_branch_dag.py
[2023-12-18T21:33:16.838+0000] {logging_mixin.py:154} INFO - [2023-12-18T21:33:16.838+0000] {dag.py:2941} INFO - Sync 1 DAGs
[2023-12-18T21:33:16.860+0000] {logging_mixin.py:154} INFO - [2023-12-18T21:33:16.860+0000] {dag.py:3722} INFO - Setting next_dagrun for example_nested_branch_dag to 2023-12-17T00:00:00+00:00, run_after=2023-12-18T00:00:00+00:00
[2023-12-18T21:33:16.878+0000] {processor.py:179} INFO - Processing /home/airflow/.local/lib/python3.8/site-packages/airflow/example_dags/example_nested_branch_dag.py took 0.073 seconds
[2023-12-18T21:33:46.949+0000] {processor.py:157} INFO - Started process (PID=3698) to work on /home/airflow/.local/lib/python3.8/site-packages/airflow/example_dags/example_nested_branch_dag.py
[2023-12-18T21:33:46.950+0000] {processor.py:829} INFO - Processing file /home/airflow/.local/lib/python3.8/site-packages/airflow/example_dags/example_nested_branch_dag.py for tasks to queue
[2023-12-18T21:33:46.952+0000] {logging_mixin.py:154} INFO - [2023-12-18T21:33:46.952+0000] {dagbag.py:536} INFO - Filling up the DagBag from /home/airflow/.local/lib/python3.8/site-packages/airflow/example_dags/example_nested_branch_dag.py
[2023-12-18T21:33:46.964+0000] {processor.py:839} INFO - DAG(s) dict_keys(['example_nested_branch_dag']) retrieved from /home/airflow/.local/lib/python3.8/site-packages/airflow/example_dags/example_nested_branch_dag.py
[2023-12-18T21:33:46.986+0000] {logging_mixin.py:154} INFO - [2023-12-18T21:33:46.986+0000] {dag.py:2941} INFO - Sync 1 DAGs
[2023-12-18T21:33:47.009+0000] {logging_mixin.py:154} INFO - [2023-12-18T21:33:47.009+0000] {dag.py:3722} INFO - Setting next_dagrun for example_nested_branch_dag to 2023-12-17T00:00:00+00:00, run_after=2023-12-18T00:00:00+00:00
[2023-12-18T21:33:47.028+0000] {processor.py:179} INFO - Processing /home/airflow/.local/lib/python3.8/site-packages/airflow/example_dags/example_nested_branch_dag.py took 0.082 seconds
[2023-12-18T21:34:17.165+0000] {processor.py:157} INFO - Started process (PID=3752) to work on /home/airflow/.local/lib/python3.8/site-packages/airflow/example_dags/example_nested_branch_dag.py
[2023-12-18T21:34:17.166+0000] {processor.py:829} INFO - Processing file /home/airflow/.local/lib/python3.8/site-packages/airflow/example_dags/example_nested_branch_dag.py for tasks to queue
[2023-12-18T21:34:17.168+0000] {logging_mixin.py:154} INFO - [2023-12-18T21:34:17.167+0000] {dagbag.py:536} INFO - Filling up the DagBag from /home/airflow/.local/lib/python3.8/site-packages/airflow/example_dags/example_nested_branch_dag.py
[2023-12-18T21:34:17.178+0000] {processor.py:839} INFO - DAG(s) dict_keys(['example_nested_branch_dag']) retrieved from /home/airflow/.local/lib/python3.8/site-packages/airflow/example_dags/example_nested_branch_dag.py
[2023-12-18T21:34:17.199+0000] {logging_mixin.py:154} INFO - [2023-12-18T21:34:17.198+0000] {dag.py:2941} INFO - Sync 1 DAGs
[2023-12-18T21:34:17.221+0000] {logging_mixin.py:154} INFO - [2023-12-18T21:34:17.221+0000] {dag.py:3722} INFO - Setting next_dagrun for example_nested_branch_dag to 2023-12-17T00:00:00+00:00, run_after=2023-12-18T00:00:00+00:00
[2023-12-18T21:34:17.240+0000] {processor.py:179} INFO - Processing /home/airflow/.local/lib/python3.8/site-packages/airflow/example_dags/example_nested_branch_dag.py took 0.077 seconds
[2023-12-18T21:34:47.282+0000] {processor.py:157} INFO - Started process (PID=3806) to work on /home/airflow/.local/lib/python3.8/site-packages/airflow/example_dags/example_nested_branch_dag.py
[2023-12-18T21:34:47.283+0000] {processor.py:829} INFO - Processing file /home/airflow/.local/lib/python3.8/site-packages/airflow/example_dags/example_nested_branch_dag.py for tasks to queue
[2023-12-18T21:34:47.285+0000] {logging_mixin.py:154} INFO - [2023-12-18T21:34:47.285+0000] {dagbag.py:536} INFO - Filling up the DagBag from /home/airflow/.local/lib/python3.8/site-packages/airflow/example_dags/example_nested_branch_dag.py
[2023-12-18T21:34:47.294+0000] {processor.py:839} INFO - DAG(s) dict_keys(['example_nested_branch_dag']) retrieved from /home/airflow/.local/lib/python3.8/site-packages/airflow/example_dags/example_nested_branch_dag.py
[2023-12-18T21:34:47.313+0000] {logging_mixin.py:154} INFO - [2023-12-18T21:34:47.313+0000] {dag.py:2941} INFO - Sync 1 DAGs
[2023-12-18T21:34:47.335+0000] {logging_mixin.py:154} INFO - [2023-12-18T21:34:47.335+0000] {dag.py:3722} INFO - Setting next_dagrun for example_nested_branch_dag to 2023-12-17T00:00:00+00:00, run_after=2023-12-18T00:00:00+00:00
[2023-12-18T21:34:47.351+0000] {processor.py:179} INFO - Processing /home/airflow/.local/lib/python3.8/site-packages/airflow/example_dags/example_nested_branch_dag.py took 0.071 seconds
[2023-12-18T21:35:17.693+0000] {processor.py:157} INFO - Started process (PID=3860) to work on /home/airflow/.local/lib/python3.8/site-packages/airflow/example_dags/example_nested_branch_dag.py
[2023-12-18T21:35:17.694+0000] {processor.py:829} INFO - Processing file /home/airflow/.local/lib/python3.8/site-packages/airflow/example_dags/example_nested_branch_dag.py for tasks to queue
[2023-12-18T21:35:17.697+0000] {logging_mixin.py:154} INFO - [2023-12-18T21:35:17.697+0000] {dagbag.py:536} INFO - Filling up the DagBag from /home/airflow/.local/lib/python3.8/site-packages/airflow/example_dags/example_nested_branch_dag.py
[2023-12-18T21:35:17.709+0000] {processor.py:839} INFO - DAG(s) dict_keys(['example_nested_branch_dag']) retrieved from /home/airflow/.local/lib/python3.8/site-packages/airflow/example_dags/example_nested_branch_dag.py
[2023-12-18T21:35:17.731+0000] {logging_mixin.py:154} INFO - [2023-12-18T21:35:17.731+0000] {dag.py:2941} INFO - Sync 1 DAGs
[2023-12-18T21:35:17.755+0000] {logging_mixin.py:154} INFO - [2023-12-18T21:35:17.755+0000] {dag.py:3722} INFO - Setting next_dagrun for example_nested_branch_dag to 2023-12-17T00:00:00+00:00, run_after=2023-12-18T00:00:00+00:00
[2023-12-18T21:35:17.791+0000] {processor.py:179} INFO - Processing /home/airflow/.local/lib/python3.8/site-packages/airflow/example_dags/example_nested_branch_dag.py took 0.101 seconds
[2023-12-18T21:35:48.037+0000] {processor.py:157} INFO - Started process (PID=3914) to work on /home/airflow/.local/lib/python3.8/site-packages/airflow/example_dags/example_nested_branch_dag.py
[2023-12-18T21:35:48.038+0000] {processor.py:829} INFO - Processing file /home/airflow/.local/lib/python3.8/site-packages/airflow/example_dags/example_nested_branch_dag.py for tasks to queue
[2023-12-18T21:35:48.039+0000] {logging_mixin.py:154} INFO - [2023-12-18T21:35:48.039+0000] {dagbag.py:536} INFO - Filling up the DagBag from /home/airflow/.local/lib/python3.8/site-packages/airflow/example_dags/example_nested_branch_dag.py
[2023-12-18T21:35:48.048+0000] {processor.py:839} INFO - DAG(s) dict_keys(['example_nested_branch_dag']) retrieved from /home/airflow/.local/lib/python3.8/site-packages/airflow/example_dags/example_nested_branch_dag.py
[2023-12-18T21:35:48.066+0000] {logging_mixin.py:154} INFO - [2023-12-18T21:35:48.065+0000] {dag.py:2941} INFO - Sync 1 DAGs
[2023-12-18T21:35:48.085+0000] {logging_mixin.py:154} INFO - [2023-12-18T21:35:48.085+0000] {dag.py:3722} INFO - Setting next_dagrun for example_nested_branch_dag to 2023-12-17T00:00:00+00:00, run_after=2023-12-18T00:00:00+00:00
[2023-12-18T21:35:48.100+0000] {processor.py:179} INFO - Processing /home/airflow/.local/lib/python3.8/site-packages/airflow/example_dags/example_nested_branch_dag.py took 0.065 seconds
