[2023-12-18T20:56:36.815+0000] {processor.py:157} INFO - Started process (PID=47) to work on /home/airflow/.local/lib/python3.8/site-packages/airflow/example_dags/example_task_group.py
[2023-12-18T20:56:36.824+0000] {processor.py:829} INFO - Processing file /home/airflow/.local/lib/python3.8/site-packages/airflow/example_dags/example_task_group.py for tasks to queue
[2023-12-18T20:56:36.837+0000] {logging_mixin.py:154} INFO - [2023-12-18T20:56:36.835+0000] {dagbag.py:536} INFO - Filling up the DagBag from /home/airflow/.local/lib/python3.8/site-packages/airflow/example_dags/example_task_group.py
[2023-12-18T20:56:36.863+0000] {processor.py:839} INFO - DAG(s) dict_keys(['example_task_group']) retrieved from /home/airflow/.local/lib/python3.8/site-packages/airflow/example_dags/example_task_group.py
[2023-12-18T20:56:36.911+0000] {logging_mixin.py:154} INFO - [2023-12-18T20:56:36.911+0000] {dag.py:2941} INFO - Sync 1 DAGs
[2023-12-18T20:56:36.962+0000] {logging_mixin.py:154} INFO - [2023-12-18T20:56:36.962+0000] {dag.py:3722} INFO - Setting next_dagrun for example_task_group to 2023-12-17T20:56:36.961828+00:00, run_after=2023-12-18T20:56:36.961828+00:00
[2023-12-18T20:56:37.005+0000] {processor.py:179} INFO - Processing /home/airflow/.local/lib/python3.8/site-packages/airflow/example_dags/example_task_group.py took 0.229 seconds
[2023-12-18T20:57:07.327+0000] {processor.py:157} INFO - Started process (PID=101) to work on /home/airflow/.local/lib/python3.8/site-packages/airflow/example_dags/example_task_group.py
[2023-12-18T20:57:07.328+0000] {processor.py:829} INFO - Processing file /home/airflow/.local/lib/python3.8/site-packages/airflow/example_dags/example_task_group.py for tasks to queue
[2023-12-18T20:57:07.332+0000] {logging_mixin.py:154} INFO - [2023-12-18T20:57:07.332+0000] {dagbag.py:536} INFO - Filling up the DagBag from /home/airflow/.local/lib/python3.8/site-packages/airflow/example_dags/example_task_group.py
[2023-12-18T20:57:07.344+0000] {processor.py:839} INFO - DAG(s) dict_keys(['example_task_group']) retrieved from /home/airflow/.local/lib/python3.8/site-packages/airflow/example_dags/example_task_group.py
[2023-12-18T20:57:07.381+0000] {logging_mixin.py:154} INFO - [2023-12-18T20:57:07.381+0000] {dag.py:2941} INFO - Sync 1 DAGs
[2023-12-18T20:57:07.429+0000] {logging_mixin.py:154} INFO - [2023-12-18T20:57:07.428+0000] {dag.py:3722} INFO - Setting next_dagrun for example_task_group to 2023-12-17T20:57:07.428404+00:00, run_after=2023-12-18T20:57:07.428404+00:00
[2023-12-18T20:57:07.469+0000] {processor.py:179} INFO - Processing /home/airflow/.local/lib/python3.8/site-packages/airflow/example_dags/example_task_group.py took 0.147 seconds
[2023-12-18T20:57:37.757+0000] {processor.py:157} INFO - Started process (PID=155) to work on /home/airflow/.local/lib/python3.8/site-packages/airflow/example_dags/example_task_group.py
[2023-12-18T20:57:37.759+0000] {processor.py:829} INFO - Processing file /home/airflow/.local/lib/python3.8/site-packages/airflow/example_dags/example_task_group.py for tasks to queue
[2023-12-18T20:57:37.762+0000] {logging_mixin.py:154} INFO - [2023-12-18T20:57:37.762+0000] {dagbag.py:536} INFO - Filling up the DagBag from /home/airflow/.local/lib/python3.8/site-packages/airflow/example_dags/example_task_group.py
[2023-12-18T20:57:37.774+0000] {processor.py:839} INFO - DAG(s) dict_keys(['example_task_group']) retrieved from /home/airflow/.local/lib/python3.8/site-packages/airflow/example_dags/example_task_group.py
[2023-12-18T20:57:37.812+0000] {logging_mixin.py:154} INFO - [2023-12-18T20:57:37.811+0000] {dag.py:2941} INFO - Sync 1 DAGs
[2023-12-18T20:57:37.860+0000] {logging_mixin.py:154} INFO - [2023-12-18T20:57:37.859+0000] {dag.py:3722} INFO - Setting next_dagrun for example_task_group to 2023-12-17T20:57:37.859304+00:00, run_after=2023-12-18T20:57:37.859304+00:00
[2023-12-18T20:57:37.940+0000] {processor.py:179} INFO - Processing /home/airflow/.local/lib/python3.8/site-packages/airflow/example_dags/example_task_group.py took 0.187 seconds
[2023-12-18T20:58:08.160+0000] {processor.py:157} INFO - Started process (PID=209) to work on /home/airflow/.local/lib/python3.8/site-packages/airflow/example_dags/example_task_group.py
[2023-12-18T20:58:08.161+0000] {processor.py:829} INFO - Processing file /home/airflow/.local/lib/python3.8/site-packages/airflow/example_dags/example_task_group.py for tasks to queue
[2023-12-18T20:58:08.164+0000] {logging_mixin.py:154} INFO - [2023-12-18T20:58:08.164+0000] {dagbag.py:536} INFO - Filling up the DagBag from /home/airflow/.local/lib/python3.8/site-packages/airflow/example_dags/example_task_group.py
[2023-12-18T20:58:08.175+0000] {processor.py:839} INFO - DAG(s) dict_keys(['example_task_group']) retrieved from /home/airflow/.local/lib/python3.8/site-packages/airflow/example_dags/example_task_group.py
[2023-12-18T20:58:08.214+0000] {logging_mixin.py:154} INFO - [2023-12-18T20:58:08.214+0000] {dag.py:2941} INFO - Sync 1 DAGs
[2023-12-18T20:58:08.262+0000] {logging_mixin.py:154} INFO - [2023-12-18T20:58:08.261+0000] {dag.py:3722} INFO - Setting next_dagrun for example_task_group to 2023-12-17T20:58:08.261551+00:00, run_after=2023-12-18T20:58:08.261551+00:00
[2023-12-18T20:58:08.300+0000] {processor.py:179} INFO - Processing /home/airflow/.local/lib/python3.8/site-packages/airflow/example_dags/example_task_group.py took 0.144 seconds
[2023-12-18T20:58:39.069+0000] {processor.py:157} INFO - Started process (PID=263) to work on /home/airflow/.local/lib/python3.8/site-packages/airflow/example_dags/example_task_group.py
[2023-12-18T20:58:39.070+0000] {processor.py:829} INFO - Processing file /home/airflow/.local/lib/python3.8/site-packages/airflow/example_dags/example_task_group.py for tasks to queue
[2023-12-18T20:58:39.074+0000] {logging_mixin.py:154} INFO - [2023-12-18T20:58:39.074+0000] {dagbag.py:536} INFO - Filling up the DagBag from /home/airflow/.local/lib/python3.8/site-packages/airflow/example_dags/example_task_group.py
[2023-12-18T20:58:39.086+0000] {processor.py:839} INFO - DAG(s) dict_keys(['example_task_group']) retrieved from /home/airflow/.local/lib/python3.8/site-packages/airflow/example_dags/example_task_group.py
[2023-12-18T20:58:39.127+0000] {logging_mixin.py:154} INFO - [2023-12-18T20:58:39.127+0000] {dag.py:2941} INFO - Sync 1 DAGs
[2023-12-18T20:58:39.164+0000] {logging_mixin.py:154} INFO - [2023-12-18T20:58:39.164+0000] {dag.py:3722} INFO - Setting next_dagrun for example_task_group to 2023-12-17T20:58:39.163772+00:00, run_after=2023-12-18T20:58:39.163772+00:00
[2023-12-18T20:58:39.238+0000] {processor.py:179} INFO - Processing /home/airflow/.local/lib/python3.8/site-packages/airflow/example_dags/example_task_group.py took 0.175 seconds
[2023-12-18T20:59:09.984+0000] {processor.py:157} INFO - Started process (PID=317) to work on /home/airflow/.local/lib/python3.8/site-packages/airflow/example_dags/example_task_group.py
[2023-12-18T20:59:09.988+0000] {processor.py:829} INFO - Processing file /home/airflow/.local/lib/python3.8/site-packages/airflow/example_dags/example_task_group.py for tasks to queue
[2023-12-18T20:59:09.991+0000] {logging_mixin.py:154} INFO - [2023-12-18T20:59:09.990+0000] {dagbag.py:536} INFO - Filling up the DagBag from /home/airflow/.local/lib/python3.8/site-packages/airflow/example_dags/example_task_group.py
[2023-12-18T20:59:10.023+0000] {processor.py:839} INFO - DAG(s) dict_keys(['example_task_group']) retrieved from /home/airflow/.local/lib/python3.8/site-packages/airflow/example_dags/example_task_group.py
[2023-12-18T20:59:10.078+0000] {logging_mixin.py:154} INFO - [2023-12-18T20:59:10.077+0000] {dag.py:2941} INFO - Sync 1 DAGs
[2023-12-18T20:59:10.146+0000] {logging_mixin.py:154} INFO - [2023-12-18T20:59:10.145+0000] {dag.py:3722} INFO - Setting next_dagrun for example_task_group to 2023-12-17T20:59:10.145227+00:00, run_after=2023-12-18T20:59:10.145227+00:00
[2023-12-18T20:59:10.179+0000] {processor.py:179} INFO - Processing /home/airflow/.local/lib/python3.8/site-packages/airflow/example_dags/example_task_group.py took 0.201 seconds
[2023-12-18T20:59:40.596+0000] {processor.py:157} INFO - Started process (PID=371) to work on /home/airflow/.local/lib/python3.8/site-packages/airflow/example_dags/example_task_group.py
[2023-12-18T20:59:40.597+0000] {processor.py:829} INFO - Processing file /home/airflow/.local/lib/python3.8/site-packages/airflow/example_dags/example_task_group.py for tasks to queue
[2023-12-18T20:59:40.600+0000] {logging_mixin.py:154} INFO - [2023-12-18T20:59:40.600+0000] {dagbag.py:536} INFO - Filling up the DagBag from /home/airflow/.local/lib/python3.8/site-packages/airflow/example_dags/example_task_group.py
[2023-12-18T20:59:40.611+0000] {processor.py:839} INFO - DAG(s) dict_keys(['example_task_group']) retrieved from /home/airflow/.local/lib/python3.8/site-packages/airflow/example_dags/example_task_group.py
[2023-12-18T20:59:40.648+0000] {logging_mixin.py:154} INFO - [2023-12-18T20:59:40.647+0000] {dag.py:2941} INFO - Sync 1 DAGs
[2023-12-18T20:59:40.693+0000] {logging_mixin.py:154} INFO - [2023-12-18T20:59:40.693+0000] {dag.py:3722} INFO - Setting next_dagrun for example_task_group to 2023-12-17T20:59:40.692915+00:00, run_after=2023-12-18T20:59:40.692915+00:00
[2023-12-18T20:59:40.728+0000] {processor.py:179} INFO - Processing /home/airflow/.local/lib/python3.8/site-packages/airflow/example_dags/example_task_group.py took 0.136 seconds
[2023-12-18T21:00:11.450+0000] {processor.py:157} INFO - Started process (PID=425) to work on /home/airflow/.local/lib/python3.8/site-packages/airflow/example_dags/example_task_group.py
[2023-12-18T21:00:11.451+0000] {processor.py:829} INFO - Processing file /home/airflow/.local/lib/python3.8/site-packages/airflow/example_dags/example_task_group.py for tasks to queue
[2023-12-18T21:00:11.454+0000] {logging_mixin.py:154} INFO - [2023-12-18T21:00:11.454+0000] {dagbag.py:536} INFO - Filling up the DagBag from /home/airflow/.local/lib/python3.8/site-packages/airflow/example_dags/example_task_group.py
[2023-12-18T21:00:11.467+0000] {processor.py:839} INFO - DAG(s) dict_keys(['example_task_group']) retrieved from /home/airflow/.local/lib/python3.8/site-packages/airflow/example_dags/example_task_group.py
[2023-12-18T21:00:11.504+0000] {logging_mixin.py:154} INFO - [2023-12-18T21:00:11.504+0000] {dag.py:2941} INFO - Sync 1 DAGs
[2023-12-18T21:00:11.546+0000] {logging_mixin.py:154} INFO - [2023-12-18T21:00:11.545+0000] {dag.py:3722} INFO - Setting next_dagrun for example_task_group to 2023-12-17T21:00:11.545469+00:00, run_after=2023-12-18T21:00:11.545469+00:00
[2023-12-18T21:00:11.577+0000] {processor.py:179} INFO - Processing /home/airflow/.local/lib/python3.8/site-packages/airflow/example_dags/example_task_group.py took 0.131 seconds
[2023-12-18T21:00:41.869+0000] {processor.py:157} INFO - Started process (PID=479) to work on /home/airflow/.local/lib/python3.8/site-packages/airflow/example_dags/example_task_group.py
[2023-12-18T21:00:41.871+0000] {processor.py:829} INFO - Processing file /home/airflow/.local/lib/python3.8/site-packages/airflow/example_dags/example_task_group.py for tasks to queue
[2023-12-18T21:00:41.874+0000] {logging_mixin.py:154} INFO - [2023-12-18T21:00:41.874+0000] {dagbag.py:536} INFO - Filling up the DagBag from /home/airflow/.local/lib/python3.8/site-packages/airflow/example_dags/example_task_group.py
[2023-12-18T21:00:41.888+0000] {processor.py:839} INFO - DAG(s) dict_keys(['example_task_group']) retrieved from /home/airflow/.local/lib/python3.8/site-packages/airflow/example_dags/example_task_group.py
[2023-12-18T21:00:41.927+0000] {logging_mixin.py:154} INFO - [2023-12-18T21:00:41.926+0000] {dag.py:2941} INFO - Sync 1 DAGs
[2023-12-18T21:00:41.969+0000] {logging_mixin.py:154} INFO - [2023-12-18T21:00:41.969+0000] {dag.py:3722} INFO - Setting next_dagrun for example_task_group to 2023-12-17T21:00:41.968876+00:00, run_after=2023-12-18T21:00:41.968876+00:00
[2023-12-18T21:00:42.005+0000] {processor.py:179} INFO - Processing /home/airflow/.local/lib/python3.8/site-packages/airflow/example_dags/example_task_group.py took 0.142 seconds
[2023-12-18T21:01:12.237+0000] {processor.py:157} INFO - Started process (PID=533) to work on /home/airflow/.local/lib/python3.8/site-packages/airflow/example_dags/example_task_group.py
[2023-12-18T21:01:12.239+0000] {processor.py:829} INFO - Processing file /home/airflow/.local/lib/python3.8/site-packages/airflow/example_dags/example_task_group.py for tasks to queue
[2023-12-18T21:01:12.243+0000] {logging_mixin.py:154} INFO - [2023-12-18T21:01:12.242+0000] {dagbag.py:536} INFO - Filling up the DagBag from /home/airflow/.local/lib/python3.8/site-packages/airflow/example_dags/example_task_group.py
[2023-12-18T21:01:12.254+0000] {processor.py:839} INFO - DAG(s) dict_keys(['example_task_group']) retrieved from /home/airflow/.local/lib/python3.8/site-packages/airflow/example_dags/example_task_group.py
[2023-12-18T21:01:12.293+0000] {logging_mixin.py:154} INFO - [2023-12-18T21:01:12.293+0000] {dag.py:2941} INFO - Sync 1 DAGs
[2023-12-18T21:01:12.345+0000] {logging_mixin.py:154} INFO - [2023-12-18T21:01:12.345+0000] {dag.py:3722} INFO - Setting next_dagrun for example_task_group to 2023-12-17T21:01:12.344229+00:00, run_after=2023-12-18T21:01:12.344229+00:00
[2023-12-18T21:01:12.382+0000] {processor.py:179} INFO - Processing /home/airflow/.local/lib/python3.8/site-packages/airflow/example_dags/example_task_group.py took 0.150 seconds
[2023-12-18T21:01:42.969+0000] {processor.py:157} INFO - Started process (PID=587) to work on /home/airflow/.local/lib/python3.8/site-packages/airflow/example_dags/example_task_group.py
[2023-12-18T21:01:42.970+0000] {processor.py:829} INFO - Processing file /home/airflow/.local/lib/python3.8/site-packages/airflow/example_dags/example_task_group.py for tasks to queue
[2023-12-18T21:01:42.974+0000] {logging_mixin.py:154} INFO - [2023-12-18T21:01:42.973+0000] {dagbag.py:536} INFO - Filling up the DagBag from /home/airflow/.local/lib/python3.8/site-packages/airflow/example_dags/example_task_group.py
[2023-12-18T21:01:42.989+0000] {processor.py:839} INFO - DAG(s) dict_keys(['example_task_group']) retrieved from /home/airflow/.local/lib/python3.8/site-packages/airflow/example_dags/example_task_group.py
[2023-12-18T21:01:43.034+0000] {logging_mixin.py:154} INFO - [2023-12-18T21:01:43.034+0000] {dag.py:2941} INFO - Sync 1 DAGs
[2023-12-18T21:01:43.075+0000] {logging_mixin.py:154} INFO - [2023-12-18T21:01:43.075+0000] {dag.py:3722} INFO - Setting next_dagrun for example_task_group to 2023-12-17T21:01:43.074634+00:00, run_after=2023-12-18T21:01:43.074634+00:00
[2023-12-18T21:01:43.107+0000] {processor.py:179} INFO - Processing /home/airflow/.local/lib/python3.8/site-packages/airflow/example_dags/example_task_group.py took 0.142 seconds
[2023-12-18T21:02:13.249+0000] {processor.py:157} INFO - Started process (PID=640) to work on /home/airflow/.local/lib/python3.8/site-packages/airflow/example_dags/example_task_group.py
[2023-12-18T21:02:13.251+0000] {processor.py:829} INFO - Processing file /home/airflow/.local/lib/python3.8/site-packages/airflow/example_dags/example_task_group.py for tasks to queue
[2023-12-18T21:02:13.257+0000] {logging_mixin.py:154} INFO - [2023-12-18T21:02:13.256+0000] {dagbag.py:536} INFO - Filling up the DagBag from /home/airflow/.local/lib/python3.8/site-packages/airflow/example_dags/example_task_group.py
[2023-12-18T21:02:13.286+0000] {processor.py:839} INFO - DAG(s) dict_keys(['example_task_group']) retrieved from /home/airflow/.local/lib/python3.8/site-packages/airflow/example_dags/example_task_group.py
[2023-12-18T21:02:13.331+0000] {logging_mixin.py:154} INFO - [2023-12-18T21:02:13.331+0000] {dag.py:2941} INFO - Sync 1 DAGs
[2023-12-18T21:02:13.372+0000] {logging_mixin.py:154} INFO - [2023-12-18T21:02:13.371+0000] {dag.py:3722} INFO - Setting next_dagrun for example_task_group to 2023-12-17T21:02:13.371568+00:00, run_after=2023-12-18T21:02:13.371568+00:00
[2023-12-18T21:02:13.408+0000] {processor.py:179} INFO - Processing /home/airflow/.local/lib/python3.8/site-packages/airflow/example_dags/example_task_group.py took 0.169 seconds
[2023-12-18T21:02:43.592+0000] {processor.py:157} INFO - Started process (PID=694) to work on /home/airflow/.local/lib/python3.8/site-packages/airflow/example_dags/example_task_group.py
[2023-12-18T21:02:43.593+0000] {processor.py:829} INFO - Processing file /home/airflow/.local/lib/python3.8/site-packages/airflow/example_dags/example_task_group.py for tasks to queue
[2023-12-18T21:02:43.597+0000] {logging_mixin.py:154} INFO - [2023-12-18T21:02:43.596+0000] {dagbag.py:536} INFO - Filling up the DagBag from /home/airflow/.local/lib/python3.8/site-packages/airflow/example_dags/example_task_group.py
[2023-12-18T21:02:43.608+0000] {processor.py:839} INFO - DAG(s) dict_keys(['example_task_group']) retrieved from /home/airflow/.local/lib/python3.8/site-packages/airflow/example_dags/example_task_group.py
[2023-12-18T21:02:43.648+0000] {logging_mixin.py:154} INFO - [2023-12-18T21:02:43.647+0000] {dag.py:2941} INFO - Sync 1 DAGs
[2023-12-18T21:02:43.692+0000] {logging_mixin.py:154} INFO - [2023-12-18T21:02:43.692+0000] {dag.py:3722} INFO - Setting next_dagrun for example_task_group to 2023-12-17T21:02:43.691244+00:00, run_after=2023-12-18T21:02:43.691244+00:00
[2023-12-18T21:02:43.735+0000] {processor.py:179} INFO - Processing /home/airflow/.local/lib/python3.8/site-packages/airflow/example_dags/example_task_group.py took 0.148 seconds
[2023-12-18T21:03:14.092+0000] {processor.py:157} INFO - Started process (PID=755) to work on /home/airflow/.local/lib/python3.8/site-packages/airflow/example_dags/example_task_group.py
[2023-12-18T21:03:14.093+0000] {processor.py:829} INFO - Processing file /home/airflow/.local/lib/python3.8/site-packages/airflow/example_dags/example_task_group.py for tasks to queue
[2023-12-18T21:03:14.096+0000] {logging_mixin.py:154} INFO - [2023-12-18T21:03:14.096+0000] {dagbag.py:536} INFO - Filling up the DagBag from /home/airflow/.local/lib/python3.8/site-packages/airflow/example_dags/example_task_group.py
[2023-12-18T21:03:14.110+0000] {processor.py:839} INFO - DAG(s) dict_keys(['example_task_group']) retrieved from /home/airflow/.local/lib/python3.8/site-packages/airflow/example_dags/example_task_group.py
[2023-12-18T21:03:14.152+0000] {logging_mixin.py:154} INFO - [2023-12-18T21:03:14.151+0000] {dag.py:2941} INFO - Sync 1 DAGs
[2023-12-18T21:03:14.196+0000] {logging_mixin.py:154} INFO - [2023-12-18T21:03:14.195+0000] {dag.py:3722} INFO - Setting next_dagrun for example_task_group to 2023-12-17T21:03:14.195489+00:00, run_after=2023-12-18T21:03:14.195489+00:00
[2023-12-18T21:03:14.231+0000] {processor.py:179} INFO - Processing /home/airflow/.local/lib/python3.8/site-packages/airflow/example_dags/example_task_group.py took 0.144 seconds
[2023-12-18T21:03:44.520+0000] {processor.py:157} INFO - Started process (PID=809) to work on /home/airflow/.local/lib/python3.8/site-packages/airflow/example_dags/example_task_group.py
[2023-12-18T21:03:44.522+0000] {processor.py:829} INFO - Processing file /home/airflow/.local/lib/python3.8/site-packages/airflow/example_dags/example_task_group.py for tasks to queue
[2023-12-18T21:03:44.526+0000] {logging_mixin.py:154} INFO - [2023-12-18T21:03:44.525+0000] {dagbag.py:536} INFO - Filling up the DagBag from /home/airflow/.local/lib/python3.8/site-packages/airflow/example_dags/example_task_group.py
[2023-12-18T21:03:44.537+0000] {processor.py:839} INFO - DAG(s) dict_keys(['example_task_group']) retrieved from /home/airflow/.local/lib/python3.8/site-packages/airflow/example_dags/example_task_group.py
[2023-12-18T21:03:44.575+0000] {logging_mixin.py:154} INFO - [2023-12-18T21:03:44.575+0000] {dag.py:2941} INFO - Sync 1 DAGs
[2023-12-18T21:03:44.616+0000] {logging_mixin.py:154} INFO - [2023-12-18T21:03:44.615+0000] {dag.py:3722} INFO - Setting next_dagrun for example_task_group to 2023-12-17T21:03:44.615485+00:00, run_after=2023-12-18T21:03:44.615485+00:00
[2023-12-18T21:03:44.688+0000] {processor.py:179} INFO - Processing /home/airflow/.local/lib/python3.8/site-packages/airflow/example_dags/example_task_group.py took 0.173 seconds
[2023-12-18T21:04:15.348+0000] {processor.py:157} INFO - Started process (PID=863) to work on /home/airflow/.local/lib/python3.8/site-packages/airflow/example_dags/example_task_group.py
[2023-12-18T21:04:15.349+0000] {processor.py:829} INFO - Processing file /home/airflow/.local/lib/python3.8/site-packages/airflow/example_dags/example_task_group.py for tasks to queue
[2023-12-18T21:04:15.351+0000] {logging_mixin.py:154} INFO - [2023-12-18T21:04:15.351+0000] {dagbag.py:536} INFO - Filling up the DagBag from /home/airflow/.local/lib/python3.8/site-packages/airflow/example_dags/example_task_group.py
[2023-12-18T21:04:15.357+0000] {processor.py:839} INFO - DAG(s) dict_keys(['example_task_group']) retrieved from /home/airflow/.local/lib/python3.8/site-packages/airflow/example_dags/example_task_group.py
[2023-12-18T21:04:15.374+0000] {logging_mixin.py:154} INFO - [2023-12-18T21:04:15.374+0000] {dag.py:2941} INFO - Sync 1 DAGs
[2023-12-18T21:04:15.392+0000] {logging_mixin.py:154} INFO - [2023-12-18T21:04:15.392+0000] {dag.py:3722} INFO - Setting next_dagrun for example_task_group to 2023-12-17T21:04:15.392516+00:00, run_after=2023-12-18T21:04:15.392516+00:00
[2023-12-18T21:04:15.407+0000] {processor.py:179} INFO - Processing /home/airflow/.local/lib/python3.8/site-packages/airflow/example_dags/example_task_group.py took 0.061 seconds
[2023-12-18T21:04:45.624+0000] {processor.py:157} INFO - Started process (PID=917) to work on /home/airflow/.local/lib/python3.8/site-packages/airflow/example_dags/example_task_group.py
[2023-12-18T21:04:45.625+0000] {processor.py:829} INFO - Processing file /home/airflow/.local/lib/python3.8/site-packages/airflow/example_dags/example_task_group.py for tasks to queue
[2023-12-18T21:04:45.627+0000] {logging_mixin.py:154} INFO - [2023-12-18T21:04:45.627+0000] {dagbag.py:536} INFO - Filling up the DagBag from /home/airflow/.local/lib/python3.8/site-packages/airflow/example_dags/example_task_group.py
[2023-12-18T21:04:45.632+0000] {processor.py:839} INFO - DAG(s) dict_keys(['example_task_group']) retrieved from /home/airflow/.local/lib/python3.8/site-packages/airflow/example_dags/example_task_group.py
[2023-12-18T21:04:45.649+0000] {logging_mixin.py:154} INFO - [2023-12-18T21:04:45.648+0000] {dag.py:2941} INFO - Sync 1 DAGs
[2023-12-18T21:04:45.666+0000] {logging_mixin.py:154} INFO - [2023-12-18T21:04:45.665+0000] {dag.py:3722} INFO - Setting next_dagrun for example_task_group to 2023-12-17T21:04:45.665576+00:00, run_after=2023-12-18T21:04:45.665576+00:00
[2023-12-18T21:04:45.679+0000] {processor.py:179} INFO - Processing /home/airflow/.local/lib/python3.8/site-packages/airflow/example_dags/example_task_group.py took 0.057 seconds
[2023-12-18T21:05:16.029+0000] {processor.py:157} INFO - Started process (PID=971) to work on /home/airflow/.local/lib/python3.8/site-packages/airflow/example_dags/example_task_group.py
[2023-12-18T21:05:16.030+0000] {processor.py:829} INFO - Processing file /home/airflow/.local/lib/python3.8/site-packages/airflow/example_dags/example_task_group.py for tasks to queue
[2023-12-18T21:05:16.031+0000] {logging_mixin.py:154} INFO - [2023-12-18T21:05:16.031+0000] {dagbag.py:536} INFO - Filling up the DagBag from /home/airflow/.local/lib/python3.8/site-packages/airflow/example_dags/example_task_group.py
[2023-12-18T21:05:16.036+0000] {processor.py:839} INFO - DAG(s) dict_keys(['example_task_group']) retrieved from /home/airflow/.local/lib/python3.8/site-packages/airflow/example_dags/example_task_group.py
[2023-12-18T21:05:16.053+0000] {logging_mixin.py:154} INFO - [2023-12-18T21:05:16.053+0000] {dag.py:2941} INFO - Sync 1 DAGs
[2023-12-18T21:05:16.070+0000] {logging_mixin.py:154} INFO - [2023-12-18T21:05:16.070+0000] {dag.py:3722} INFO - Setting next_dagrun for example_task_group to 2023-12-17T21:05:16.070114+00:00, run_after=2023-12-18T21:05:16.070114+00:00
[2023-12-18T21:05:16.087+0000] {processor.py:179} INFO - Processing /home/airflow/.local/lib/python3.8/site-packages/airflow/example_dags/example_task_group.py took 0.060 seconds
[2023-12-18T21:05:46.333+0000] {processor.py:157} INFO - Started process (PID=1025) to work on /home/airflow/.local/lib/python3.8/site-packages/airflow/example_dags/example_task_group.py
[2023-12-18T21:05:46.334+0000] {processor.py:829} INFO - Processing file /home/airflow/.local/lib/python3.8/site-packages/airflow/example_dags/example_task_group.py for tasks to queue
[2023-12-18T21:05:46.335+0000] {logging_mixin.py:154} INFO - [2023-12-18T21:05:46.335+0000] {dagbag.py:536} INFO - Filling up the DagBag from /home/airflow/.local/lib/python3.8/site-packages/airflow/example_dags/example_task_group.py
[2023-12-18T21:05:46.341+0000] {processor.py:839} INFO - DAG(s) dict_keys(['example_task_group']) retrieved from /home/airflow/.local/lib/python3.8/site-packages/airflow/example_dags/example_task_group.py
[2023-12-18T21:05:46.358+0000] {logging_mixin.py:154} INFO - [2023-12-18T21:05:46.358+0000] {dag.py:2941} INFO - Sync 1 DAGs
[2023-12-18T21:05:46.375+0000] {logging_mixin.py:154} INFO - [2023-12-18T21:05:46.375+0000] {dag.py:3722} INFO - Setting next_dagrun for example_task_group to 2023-12-17T21:05:46.375524+00:00, run_after=2023-12-18T21:05:46.375524+00:00
[2023-12-18T21:05:46.389+0000] {processor.py:179} INFO - Processing /home/airflow/.local/lib/python3.8/site-packages/airflow/example_dags/example_task_group.py took 0.059 seconds
[2023-12-18T21:06:16.573+0000] {processor.py:157} INFO - Started process (PID=1079) to work on /home/airflow/.local/lib/python3.8/site-packages/airflow/example_dags/example_task_group.py
[2023-12-18T21:06:16.574+0000] {processor.py:829} INFO - Processing file /home/airflow/.local/lib/python3.8/site-packages/airflow/example_dags/example_task_group.py for tasks to queue
[2023-12-18T21:06:16.575+0000] {logging_mixin.py:154} INFO - [2023-12-18T21:06:16.575+0000] {dagbag.py:536} INFO - Filling up the DagBag from /home/airflow/.local/lib/python3.8/site-packages/airflow/example_dags/example_task_group.py
[2023-12-18T21:06:16.580+0000] {processor.py:839} INFO - DAG(s) dict_keys(['example_task_group']) retrieved from /home/airflow/.local/lib/python3.8/site-packages/airflow/example_dags/example_task_group.py
[2023-12-18T21:06:16.596+0000] {logging_mixin.py:154} INFO - [2023-12-18T21:06:16.596+0000] {dag.py:2941} INFO - Sync 1 DAGs
[2023-12-18T21:06:16.613+0000] {logging_mixin.py:154} INFO - [2023-12-18T21:06:16.613+0000] {dag.py:3722} INFO - Setting next_dagrun for example_task_group to 2023-12-17T21:06:16.613507+00:00, run_after=2023-12-18T21:06:16.613507+00:00
[2023-12-18T21:06:16.628+0000] {processor.py:179} INFO - Processing /home/airflow/.local/lib/python3.8/site-packages/airflow/example_dags/example_task_group.py took 0.056 seconds
[2023-12-18T21:06:46.760+0000] {processor.py:157} INFO - Started process (PID=1133) to work on /home/airflow/.local/lib/python3.8/site-packages/airflow/example_dags/example_task_group.py
[2023-12-18T21:06:46.760+0000] {processor.py:829} INFO - Processing file /home/airflow/.local/lib/python3.8/site-packages/airflow/example_dags/example_task_group.py for tasks to queue
[2023-12-18T21:06:46.762+0000] {logging_mixin.py:154} INFO - [2023-12-18T21:06:46.762+0000] {dagbag.py:536} INFO - Filling up the DagBag from /home/airflow/.local/lib/python3.8/site-packages/airflow/example_dags/example_task_group.py
[2023-12-18T21:06:46.767+0000] {processor.py:839} INFO - DAG(s) dict_keys(['example_task_group']) retrieved from /home/airflow/.local/lib/python3.8/site-packages/airflow/example_dags/example_task_group.py
[2023-12-18T21:06:46.783+0000] {logging_mixin.py:154} INFO - [2023-12-18T21:06:46.783+0000] {dag.py:2941} INFO - Sync 1 DAGs
[2023-12-18T21:06:46.800+0000] {logging_mixin.py:154} INFO - [2023-12-18T21:06:46.800+0000] {dag.py:3722} INFO - Setting next_dagrun for example_task_group to 2023-12-17T21:06:46.799285+00:00, run_after=2023-12-18T21:06:46.799285+00:00
[2023-12-18T21:06:46.813+0000] {processor.py:179} INFO - Processing /home/airflow/.local/lib/python3.8/site-packages/airflow/example_dags/example_task_group.py took 0.056 seconds
[2023-12-18T21:07:16.870+0000] {processor.py:157} INFO - Started process (PID=1187) to work on /home/airflow/.local/lib/python3.8/site-packages/airflow/example_dags/example_task_group.py
[2023-12-18T21:07:16.871+0000] {processor.py:829} INFO - Processing file /home/airflow/.local/lib/python3.8/site-packages/airflow/example_dags/example_task_group.py for tasks to queue
[2023-12-18T21:07:16.872+0000] {logging_mixin.py:154} INFO - [2023-12-18T21:07:16.872+0000] {dagbag.py:536} INFO - Filling up the DagBag from /home/airflow/.local/lib/python3.8/site-packages/airflow/example_dags/example_task_group.py
[2023-12-18T21:07:16.877+0000] {processor.py:839} INFO - DAG(s) dict_keys(['example_task_group']) retrieved from /home/airflow/.local/lib/python3.8/site-packages/airflow/example_dags/example_task_group.py
[2023-12-18T21:07:16.893+0000] {logging_mixin.py:154} INFO - [2023-12-18T21:07:16.893+0000] {dag.py:2941} INFO - Sync 1 DAGs
[2023-12-18T21:07:16.909+0000] {logging_mixin.py:154} INFO - [2023-12-18T21:07:16.909+0000] {dag.py:3722} INFO - Setting next_dagrun for example_task_group to 2023-12-17T21:07:16.909441+00:00, run_after=2023-12-18T21:07:16.909441+00:00
[2023-12-18T21:07:16.923+0000] {processor.py:179} INFO - Processing /home/airflow/.local/lib/python3.8/site-packages/airflow/example_dags/example_task_group.py took 0.055 seconds
[2023-12-18T21:07:47.095+0000] {processor.py:157} INFO - Started process (PID=1241) to work on /home/airflow/.local/lib/python3.8/site-packages/airflow/example_dags/example_task_group.py
[2023-12-18T21:07:47.096+0000] {processor.py:829} INFO - Processing file /home/airflow/.local/lib/python3.8/site-packages/airflow/example_dags/example_task_group.py for tasks to queue
[2023-12-18T21:07:47.097+0000] {logging_mixin.py:154} INFO - [2023-12-18T21:07:47.097+0000] {dagbag.py:536} INFO - Filling up the DagBag from /home/airflow/.local/lib/python3.8/site-packages/airflow/example_dags/example_task_group.py
[2023-12-18T21:07:47.102+0000] {processor.py:839} INFO - DAG(s) dict_keys(['example_task_group']) retrieved from /home/airflow/.local/lib/python3.8/site-packages/airflow/example_dags/example_task_group.py
[2023-12-18T21:07:47.119+0000] {logging_mixin.py:154} INFO - [2023-12-18T21:07:47.119+0000] {dag.py:2941} INFO - Sync 1 DAGs
[2023-12-18T21:07:47.141+0000] {logging_mixin.py:154} INFO - [2023-12-18T21:07:47.141+0000] {dag.py:3722} INFO - Setting next_dagrun for example_task_group to 2023-12-17T21:07:47.141071+00:00, run_after=2023-12-18T21:07:47.141071+00:00
[2023-12-18T21:07:47.161+0000] {processor.py:179} INFO - Processing /home/airflow/.local/lib/python3.8/site-packages/airflow/example_dags/example_task_group.py took 0.068 seconds
[2023-12-18T21:11:27.440+0000] {processor.py:157} INFO - Started process (PID=1287) to work on /home/airflow/.local/lib/python3.8/site-packages/airflow/example_dags/example_task_group.py
[2023-12-18T21:11:27.441+0000] {processor.py:829} INFO - Processing file /home/airflow/.local/lib/python3.8/site-packages/airflow/example_dags/example_task_group.py for tasks to queue
[2023-12-18T21:11:27.442+0000] {logging_mixin.py:154} INFO - [2023-12-18T21:11:27.442+0000] {dagbag.py:536} INFO - Filling up the DagBag from /home/airflow/.local/lib/python3.8/site-packages/airflow/example_dags/example_task_group.py
[2023-12-18T21:11:27.448+0000] {processor.py:839} INFO - DAG(s) dict_keys(['example_task_group']) retrieved from /home/airflow/.local/lib/python3.8/site-packages/airflow/example_dags/example_task_group.py
[2023-12-18T21:11:27.466+0000] {logging_mixin.py:154} INFO - [2023-12-18T21:11:27.466+0000] {dag.py:2941} INFO - Sync 1 DAGs
[2023-12-18T21:11:27.486+0000] {logging_mixin.py:154} INFO - [2023-12-18T21:11:27.485+0000] {dag.py:3722} INFO - Setting next_dagrun for example_task_group to 2023-12-17T21:11:27.485023+00:00, run_after=2023-12-18T21:11:27.485023+00:00
[2023-12-18T21:11:27.501+0000] {processor.py:179} INFO - Processing /home/airflow/.local/lib/python3.8/site-packages/airflow/example_dags/example_task_group.py took 0.064 seconds
[2023-12-18T21:11:57.676+0000] {processor.py:157} INFO - Started process (PID=1341) to work on /home/airflow/.local/lib/python3.8/site-packages/airflow/example_dags/example_task_group.py
[2023-12-18T21:11:57.677+0000] {processor.py:829} INFO - Processing file /home/airflow/.local/lib/python3.8/site-packages/airflow/example_dags/example_task_group.py for tasks to queue
[2023-12-18T21:11:57.679+0000] {logging_mixin.py:154} INFO - [2023-12-18T21:11:57.679+0000] {dagbag.py:536} INFO - Filling up the DagBag from /home/airflow/.local/lib/python3.8/site-packages/airflow/example_dags/example_task_group.py
[2023-12-18T21:11:57.684+0000] {processor.py:839} INFO - DAG(s) dict_keys(['example_task_group']) retrieved from /home/airflow/.local/lib/python3.8/site-packages/airflow/example_dags/example_task_group.py
[2023-12-18T21:11:57.702+0000] {logging_mixin.py:154} INFO - [2023-12-18T21:11:57.701+0000] {dag.py:2941} INFO - Sync 1 DAGs
[2023-12-18T21:11:57.720+0000] {logging_mixin.py:154} INFO - [2023-12-18T21:11:57.720+0000] {dag.py:3722} INFO - Setting next_dagrun for example_task_group to 2023-12-17T21:11:57.719985+00:00, run_after=2023-12-18T21:11:57.719985+00:00
[2023-12-18T21:11:57.736+0000] {processor.py:179} INFO - Processing /home/airflow/.local/lib/python3.8/site-packages/airflow/example_dags/example_task_group.py took 0.062 seconds
[2023-12-18T21:12:27.905+0000] {processor.py:157} INFO - Started process (PID=1395) to work on /home/airflow/.local/lib/python3.8/site-packages/airflow/example_dags/example_task_group.py
[2023-12-18T21:12:27.906+0000] {processor.py:829} INFO - Processing file /home/airflow/.local/lib/python3.8/site-packages/airflow/example_dags/example_task_group.py for tasks to queue
[2023-12-18T21:12:27.908+0000] {logging_mixin.py:154} INFO - [2023-12-18T21:12:27.907+0000] {dagbag.py:536} INFO - Filling up the DagBag from /home/airflow/.local/lib/python3.8/site-packages/airflow/example_dags/example_task_group.py
[2023-12-18T21:12:27.913+0000] {processor.py:839} INFO - DAG(s) dict_keys(['example_task_group']) retrieved from /home/airflow/.local/lib/python3.8/site-packages/airflow/example_dags/example_task_group.py
[2023-12-18T21:12:27.930+0000] {logging_mixin.py:154} INFO - [2023-12-18T21:12:27.930+0000] {dag.py:2941} INFO - Sync 1 DAGs
[2023-12-18T21:12:27.950+0000] {logging_mixin.py:154} INFO - [2023-12-18T21:12:27.950+0000] {dag.py:3722} INFO - Setting next_dagrun for example_task_group to 2023-12-17T21:12:27.949860+00:00, run_after=2023-12-18T21:12:27.949860+00:00
[2023-12-18T21:12:27.966+0000] {processor.py:179} INFO - Processing /home/airflow/.local/lib/python3.8/site-packages/airflow/example_dags/example_task_group.py took 0.063 seconds
[2023-12-18T21:12:58.185+0000] {processor.py:157} INFO - Started process (PID=1448) to work on /home/airflow/.local/lib/python3.8/site-packages/airflow/example_dags/example_task_group.py
[2023-12-18T21:12:58.185+0000] {processor.py:829} INFO - Processing file /home/airflow/.local/lib/python3.8/site-packages/airflow/example_dags/example_task_group.py for tasks to queue
[2023-12-18T21:12:58.187+0000] {logging_mixin.py:154} INFO - [2023-12-18T21:12:58.187+0000] {dagbag.py:536} INFO - Filling up the DagBag from /home/airflow/.local/lib/python3.8/site-packages/airflow/example_dags/example_task_group.py
[2023-12-18T21:12:58.192+0000] {processor.py:839} INFO - DAG(s) dict_keys(['example_task_group']) retrieved from /home/airflow/.local/lib/python3.8/site-packages/airflow/example_dags/example_task_group.py
[2023-12-18T21:12:58.209+0000] {logging_mixin.py:154} INFO - [2023-12-18T21:12:58.209+0000] {dag.py:2941} INFO - Sync 1 DAGs
[2023-12-18T21:12:58.226+0000] {logging_mixin.py:154} INFO - [2023-12-18T21:12:58.226+0000] {dag.py:3722} INFO - Setting next_dagrun for example_task_group to 2023-12-17T21:12:58.225917+00:00, run_after=2023-12-18T21:12:58.225917+00:00
[2023-12-18T21:12:58.240+0000] {processor.py:179} INFO - Processing /home/airflow/.local/lib/python3.8/site-packages/airflow/example_dags/example_task_group.py took 0.058 seconds
[2023-12-18T21:13:28.556+0000] {processor.py:157} INFO - Started process (PID=1502) to work on /home/airflow/.local/lib/python3.8/site-packages/airflow/example_dags/example_task_group.py
[2023-12-18T21:13:28.557+0000] {processor.py:829} INFO - Processing file /home/airflow/.local/lib/python3.8/site-packages/airflow/example_dags/example_task_group.py for tasks to queue
[2023-12-18T21:13:28.559+0000] {logging_mixin.py:154} INFO - [2023-12-18T21:13:28.559+0000] {dagbag.py:536} INFO - Filling up the DagBag from /home/airflow/.local/lib/python3.8/site-packages/airflow/example_dags/example_task_group.py
[2023-12-18T21:13:28.566+0000] {processor.py:839} INFO - DAG(s) dict_keys(['example_task_group']) retrieved from /home/airflow/.local/lib/python3.8/site-packages/airflow/example_dags/example_task_group.py
[2023-12-18T21:13:28.584+0000] {logging_mixin.py:154} INFO - [2023-12-18T21:13:28.584+0000] {dag.py:2941} INFO - Sync 1 DAGs
[2023-12-18T21:13:28.603+0000] {logging_mixin.py:154} INFO - [2023-12-18T21:13:28.603+0000] {dag.py:3722} INFO - Setting next_dagrun for example_task_group to 2023-12-17T21:13:28.602904+00:00, run_after=2023-12-18T21:13:28.602904+00:00
[2023-12-18T21:13:28.618+0000] {processor.py:179} INFO - Processing /home/airflow/.local/lib/python3.8/site-packages/airflow/example_dags/example_task_group.py took 0.065 seconds
[2023-12-18T21:13:58.922+0000] {processor.py:157} INFO - Started process (PID=1556) to work on /home/airflow/.local/lib/python3.8/site-packages/airflow/example_dags/example_task_group.py
[2023-12-18T21:13:58.923+0000] {processor.py:829} INFO - Processing file /home/airflow/.local/lib/python3.8/site-packages/airflow/example_dags/example_task_group.py for tasks to queue
[2023-12-18T21:13:58.925+0000] {logging_mixin.py:154} INFO - [2023-12-18T21:13:58.924+0000] {dagbag.py:536} INFO - Filling up the DagBag from /home/airflow/.local/lib/python3.8/site-packages/airflow/example_dags/example_task_group.py
[2023-12-18T21:13:58.930+0000] {processor.py:839} INFO - DAG(s) dict_keys(['example_task_group']) retrieved from /home/airflow/.local/lib/python3.8/site-packages/airflow/example_dags/example_task_group.py
[2023-12-18T21:13:58.947+0000] {logging_mixin.py:154} INFO - [2023-12-18T21:13:58.947+0000] {dag.py:2941} INFO - Sync 1 DAGs
[2023-12-18T21:13:58.964+0000] {logging_mixin.py:154} INFO - [2023-12-18T21:13:58.964+0000] {dag.py:3722} INFO - Setting next_dagrun for example_task_group to 2023-12-17T21:13:58.964338+00:00, run_after=2023-12-18T21:13:58.964338+00:00
[2023-12-18T21:13:58.979+0000] {processor.py:179} INFO - Processing /home/airflow/.local/lib/python3.8/site-packages/airflow/example_dags/example_task_group.py took 0.059 seconds
[2023-12-18T21:14:29.364+0000] {processor.py:157} INFO - Started process (PID=1610) to work on /home/airflow/.local/lib/python3.8/site-packages/airflow/example_dags/example_task_group.py
[2023-12-18T21:14:29.365+0000] {processor.py:829} INFO - Processing file /home/airflow/.local/lib/python3.8/site-packages/airflow/example_dags/example_task_group.py for tasks to queue
[2023-12-18T21:14:29.366+0000] {logging_mixin.py:154} INFO - [2023-12-18T21:14:29.366+0000] {dagbag.py:536} INFO - Filling up the DagBag from /home/airflow/.local/lib/python3.8/site-packages/airflow/example_dags/example_task_group.py
[2023-12-18T21:14:29.372+0000] {processor.py:839} INFO - DAG(s) dict_keys(['example_task_group']) retrieved from /home/airflow/.local/lib/python3.8/site-packages/airflow/example_dags/example_task_group.py
[2023-12-18T21:14:29.389+0000] {logging_mixin.py:154} INFO - [2023-12-18T21:14:29.389+0000] {dag.py:2941} INFO - Sync 1 DAGs
[2023-12-18T21:14:29.407+0000] {logging_mixin.py:154} INFO - [2023-12-18T21:14:29.407+0000] {dag.py:3722} INFO - Setting next_dagrun for example_task_group to 2023-12-17T21:14:29.407520+00:00, run_after=2023-12-18T21:14:29.407520+00:00
[2023-12-18T21:14:29.423+0000] {processor.py:179} INFO - Processing /home/airflow/.local/lib/python3.8/site-packages/airflow/example_dags/example_task_group.py took 0.061 seconds
[2023-12-18T21:14:59.701+0000] {processor.py:157} INFO - Started process (PID=1664) to work on /home/airflow/.local/lib/python3.8/site-packages/airflow/example_dags/example_task_group.py
[2023-12-18T21:14:59.702+0000] {processor.py:829} INFO - Processing file /home/airflow/.local/lib/python3.8/site-packages/airflow/example_dags/example_task_group.py for tasks to queue
[2023-12-18T21:14:59.704+0000] {logging_mixin.py:154} INFO - [2023-12-18T21:14:59.703+0000] {dagbag.py:536} INFO - Filling up the DagBag from /home/airflow/.local/lib/python3.8/site-packages/airflow/example_dags/example_task_group.py
[2023-12-18T21:14:59.710+0000] {processor.py:839} INFO - DAG(s) dict_keys(['example_task_group']) retrieved from /home/airflow/.local/lib/python3.8/site-packages/airflow/example_dags/example_task_group.py
[2023-12-18T21:14:59.728+0000] {logging_mixin.py:154} INFO - [2023-12-18T21:14:59.727+0000] {dag.py:2941} INFO - Sync 1 DAGs
[2023-12-18T21:14:59.746+0000] {logging_mixin.py:154} INFO - [2023-12-18T21:14:59.745+0000] {dag.py:3722} INFO - Setting next_dagrun for example_task_group to 2023-12-17T21:14:59.745733+00:00, run_after=2023-12-18T21:14:59.745733+00:00
[2023-12-18T21:14:59.761+0000] {processor.py:179} INFO - Processing /home/airflow/.local/lib/python3.8/site-packages/airflow/example_dags/example_task_group.py took 0.062 seconds
[2023-12-18T21:15:30.224+0000] {processor.py:157} INFO - Started process (PID=1718) to work on /home/airflow/.local/lib/python3.8/site-packages/airflow/example_dags/example_task_group.py
[2023-12-18T21:15:30.224+0000] {processor.py:829} INFO - Processing file /home/airflow/.local/lib/python3.8/site-packages/airflow/example_dags/example_task_group.py for tasks to queue
[2023-12-18T21:15:30.226+0000] {logging_mixin.py:154} INFO - [2023-12-18T21:15:30.226+0000] {dagbag.py:536} INFO - Filling up the DagBag from /home/airflow/.local/lib/python3.8/site-packages/airflow/example_dags/example_task_group.py
[2023-12-18T21:15:30.231+0000] {processor.py:839} INFO - DAG(s) dict_keys(['example_task_group']) retrieved from /home/airflow/.local/lib/python3.8/site-packages/airflow/example_dags/example_task_group.py
[2023-12-18T21:15:30.250+0000] {logging_mixin.py:154} INFO - [2023-12-18T21:15:30.249+0000] {dag.py:2941} INFO - Sync 1 DAGs
[2023-12-18T21:15:30.268+0000] {logging_mixin.py:154} INFO - [2023-12-18T21:15:30.268+0000] {dag.py:3722} INFO - Setting next_dagrun for example_task_group to 2023-12-17T21:15:30.268418+00:00, run_after=2023-12-18T21:15:30.268418+00:00
[2023-12-18T21:15:30.283+0000] {processor.py:179} INFO - Processing /home/airflow/.local/lib/python3.8/site-packages/airflow/example_dags/example_task_group.py took 0.062 seconds
[2023-12-18T21:16:00.711+0000] {processor.py:157} INFO - Started process (PID=1772) to work on /home/airflow/.local/lib/python3.8/site-packages/airflow/example_dags/example_task_group.py
[2023-12-18T21:16:00.712+0000] {processor.py:829} INFO - Processing file /home/airflow/.local/lib/python3.8/site-packages/airflow/example_dags/example_task_group.py for tasks to queue
[2023-12-18T21:16:00.714+0000] {logging_mixin.py:154} INFO - [2023-12-18T21:16:00.714+0000] {dagbag.py:536} INFO - Filling up the DagBag from /home/airflow/.local/lib/python3.8/site-packages/airflow/example_dags/example_task_group.py
[2023-12-18T21:16:00.719+0000] {processor.py:839} INFO - DAG(s) dict_keys(['example_task_group']) retrieved from /home/airflow/.local/lib/python3.8/site-packages/airflow/example_dags/example_task_group.py
[2023-12-18T21:16:00.736+0000] {logging_mixin.py:154} INFO - [2023-12-18T21:16:00.736+0000] {dag.py:2941} INFO - Sync 1 DAGs
[2023-12-18T21:16:00.753+0000] {logging_mixin.py:154} INFO - [2023-12-18T21:16:00.753+0000] {dag.py:3722} INFO - Setting next_dagrun for example_task_group to 2023-12-17T21:16:00.753095+00:00, run_after=2023-12-18T21:16:00.753095+00:00
[2023-12-18T21:16:00.767+0000] {processor.py:179} INFO - Processing /home/airflow/.local/lib/python3.8/site-packages/airflow/example_dags/example_task_group.py took 0.058 seconds
[2023-12-18T21:16:31.018+0000] {processor.py:157} INFO - Started process (PID=1826) to work on /home/airflow/.local/lib/python3.8/site-packages/airflow/example_dags/example_task_group.py
[2023-12-18T21:16:31.018+0000] {processor.py:829} INFO - Processing file /home/airflow/.local/lib/python3.8/site-packages/airflow/example_dags/example_task_group.py for tasks to queue
[2023-12-18T21:16:31.020+0000] {logging_mixin.py:154} INFO - [2023-12-18T21:16:31.020+0000] {dagbag.py:536} INFO - Filling up the DagBag from /home/airflow/.local/lib/python3.8/site-packages/airflow/example_dags/example_task_group.py
[2023-12-18T21:16:31.025+0000] {processor.py:839} INFO - DAG(s) dict_keys(['example_task_group']) retrieved from /home/airflow/.local/lib/python3.8/site-packages/airflow/example_dags/example_task_group.py
[2023-12-18T21:16:31.042+0000] {logging_mixin.py:154} INFO - [2023-12-18T21:16:31.042+0000] {dag.py:2941} INFO - Sync 1 DAGs
[2023-12-18T21:16:31.061+0000] {logging_mixin.py:154} INFO - [2023-12-18T21:16:31.061+0000] {dag.py:3722} INFO - Setting next_dagrun for example_task_group to 2023-12-17T21:16:31.061566+00:00, run_after=2023-12-18T21:16:31.061566+00:00
[2023-12-18T21:16:31.076+0000] {processor.py:179} INFO - Processing /home/airflow/.local/lib/python3.8/site-packages/airflow/example_dags/example_task_group.py took 0.060 seconds
[2023-12-18T21:17:01.146+0000] {processor.py:157} INFO - Started process (PID=1880) to work on /home/airflow/.local/lib/python3.8/site-packages/airflow/example_dags/example_task_group.py
[2023-12-18T21:17:01.147+0000] {processor.py:829} INFO - Processing file /home/airflow/.local/lib/python3.8/site-packages/airflow/example_dags/example_task_group.py for tasks to queue
[2023-12-18T21:17:01.148+0000] {logging_mixin.py:154} INFO - [2023-12-18T21:17:01.148+0000] {dagbag.py:536} INFO - Filling up the DagBag from /home/airflow/.local/lib/python3.8/site-packages/airflow/example_dags/example_task_group.py
[2023-12-18T21:17:01.154+0000] {processor.py:839} INFO - DAG(s) dict_keys(['example_task_group']) retrieved from /home/airflow/.local/lib/python3.8/site-packages/airflow/example_dags/example_task_group.py
[2023-12-18T21:17:01.171+0000] {logging_mixin.py:154} INFO - [2023-12-18T21:17:01.171+0000] {dag.py:2941} INFO - Sync 1 DAGs
[2023-12-18T21:17:01.189+0000] {logging_mixin.py:154} INFO - [2023-12-18T21:17:01.189+0000] {dag.py:3722} INFO - Setting next_dagrun for example_task_group to 2023-12-17T21:17:01.189201+00:00, run_after=2023-12-18T21:17:01.189201+00:00
[2023-12-18T21:17:01.204+0000] {processor.py:179} INFO - Processing /home/airflow/.local/lib/python3.8/site-packages/airflow/example_dags/example_task_group.py took 0.060 seconds
[2023-12-18T21:17:31.272+0000] {processor.py:157} INFO - Started process (PID=1934) to work on /home/airflow/.local/lib/python3.8/site-packages/airflow/example_dags/example_task_group.py
[2023-12-18T21:17:31.273+0000] {processor.py:829} INFO - Processing file /home/airflow/.local/lib/python3.8/site-packages/airflow/example_dags/example_task_group.py for tasks to queue
[2023-12-18T21:17:31.275+0000] {logging_mixin.py:154} INFO - [2023-12-18T21:17:31.275+0000] {dagbag.py:536} INFO - Filling up the DagBag from /home/airflow/.local/lib/python3.8/site-packages/airflow/example_dags/example_task_group.py
[2023-12-18T21:17:31.280+0000] {processor.py:839} INFO - DAG(s) dict_keys(['example_task_group']) retrieved from /home/airflow/.local/lib/python3.8/site-packages/airflow/example_dags/example_task_group.py
[2023-12-18T21:17:31.297+0000] {logging_mixin.py:154} INFO - [2023-12-18T21:17:31.297+0000] {dag.py:2941} INFO - Sync 1 DAGs
[2023-12-18T21:17:31.318+0000] {logging_mixin.py:154} INFO - [2023-12-18T21:17:31.318+0000] {dag.py:3722} INFO - Setting next_dagrun for example_task_group to 2023-12-17T21:17:31.318006+00:00, run_after=2023-12-18T21:17:31.318006+00:00
[2023-12-18T21:17:31.339+0000] {processor.py:179} INFO - Processing /home/airflow/.local/lib/python3.8/site-packages/airflow/example_dags/example_task_group.py took 0.069 seconds
[2023-12-18T21:18:01.649+0000] {processor.py:157} INFO - Started process (PID=1988) to work on /home/airflow/.local/lib/python3.8/site-packages/airflow/example_dags/example_task_group.py
[2023-12-18T21:18:01.650+0000] {processor.py:829} INFO - Processing file /home/airflow/.local/lib/python3.8/site-packages/airflow/example_dags/example_task_group.py for tasks to queue
[2023-12-18T21:18:01.652+0000] {logging_mixin.py:154} INFO - [2023-12-18T21:18:01.652+0000] {dagbag.py:536} INFO - Filling up the DagBag from /home/airflow/.local/lib/python3.8/site-packages/airflow/example_dags/example_task_group.py
[2023-12-18T21:18:01.658+0000] {processor.py:839} INFO - DAG(s) dict_keys(['example_task_group']) retrieved from /home/airflow/.local/lib/python3.8/site-packages/airflow/example_dags/example_task_group.py
[2023-12-18T21:18:01.677+0000] {logging_mixin.py:154} INFO - [2023-12-18T21:18:01.676+0000] {dag.py:2941} INFO - Sync 1 DAGs
[2023-12-18T21:18:01.695+0000] {logging_mixin.py:154} INFO - [2023-12-18T21:18:01.695+0000] {dag.py:3722} INFO - Setting next_dagrun for example_task_group to 2023-12-17T21:18:01.695535+00:00, run_after=2023-12-18T21:18:01.695535+00:00
[2023-12-18T21:18:01.710+0000] {processor.py:179} INFO - Processing /home/airflow/.local/lib/python3.8/site-packages/airflow/example_dags/example_task_group.py took 0.063 seconds
[2023-12-18T21:18:32.634+0000] {processor.py:157} INFO - Started process (PID=2042) to work on /home/airflow/.local/lib/python3.8/site-packages/airflow/example_dags/example_task_group.py
[2023-12-18T21:18:32.635+0000] {processor.py:829} INFO - Processing file /home/airflow/.local/lib/python3.8/site-packages/airflow/example_dags/example_task_group.py for tasks to queue
[2023-12-18T21:18:32.637+0000] {logging_mixin.py:154} INFO - [2023-12-18T21:18:32.636+0000] {dagbag.py:536} INFO - Filling up the DagBag from /home/airflow/.local/lib/python3.8/site-packages/airflow/example_dags/example_task_group.py
[2023-12-18T21:18:32.643+0000] {processor.py:839} INFO - DAG(s) dict_keys(['example_task_group']) retrieved from /home/airflow/.local/lib/python3.8/site-packages/airflow/example_dags/example_task_group.py
[2023-12-18T21:18:32.662+0000] {logging_mixin.py:154} INFO - [2023-12-18T21:18:32.661+0000] {dag.py:2941} INFO - Sync 1 DAGs
[2023-12-18T21:18:32.832+0000] {logging_mixin.py:154} INFO - [2023-12-18T21:18:32.832+0000] {dag.py:3722} INFO - Setting next_dagrun for example_task_group to 2023-12-17T21:18:32.832351+00:00, run_after=2023-12-18T21:18:32.832351+00:00
[2023-12-18T21:18:32.847+0000] {processor.py:179} INFO - Processing /home/airflow/.local/lib/python3.8/site-packages/airflow/example_dags/example_task_group.py took 0.215 seconds
[2023-12-18T21:19:03.044+0000] {processor.py:157} INFO - Started process (PID=2096) to work on /home/airflow/.local/lib/python3.8/site-packages/airflow/example_dags/example_task_group.py
[2023-12-18T21:19:03.045+0000] {processor.py:829} INFO - Processing file /home/airflow/.local/lib/python3.8/site-packages/airflow/example_dags/example_task_group.py for tasks to queue
[2023-12-18T21:19:03.047+0000] {logging_mixin.py:154} INFO - [2023-12-18T21:19:03.046+0000] {dagbag.py:536} INFO - Filling up the DagBag from /home/airflow/.local/lib/python3.8/site-packages/airflow/example_dags/example_task_group.py
[2023-12-18T21:19:03.053+0000] {processor.py:839} INFO - DAG(s) dict_keys(['example_task_group']) retrieved from /home/airflow/.local/lib/python3.8/site-packages/airflow/example_dags/example_task_group.py
[2023-12-18T21:19:03.070+0000] {logging_mixin.py:154} INFO - [2023-12-18T21:19:03.070+0000] {dag.py:2941} INFO - Sync 1 DAGs
[2023-12-18T21:19:03.088+0000] {logging_mixin.py:154} INFO - [2023-12-18T21:19:03.088+0000] {dag.py:3722} INFO - Setting next_dagrun for example_task_group to 2023-12-17T21:19:03.087957+00:00, run_after=2023-12-18T21:19:03.087957+00:00
[2023-12-18T21:19:03.104+0000] {processor.py:179} INFO - Processing /home/airflow/.local/lib/python3.8/site-packages/airflow/example_dags/example_task_group.py took 0.062 seconds
[2023-12-18T21:19:33.518+0000] {processor.py:157} INFO - Started process (PID=2150) to work on /home/airflow/.local/lib/python3.8/site-packages/airflow/example_dags/example_task_group.py
[2023-12-18T21:19:33.519+0000] {processor.py:829} INFO - Processing file /home/airflow/.local/lib/python3.8/site-packages/airflow/example_dags/example_task_group.py for tasks to queue
[2023-12-18T21:19:33.520+0000] {logging_mixin.py:154} INFO - [2023-12-18T21:19:33.520+0000] {dagbag.py:536} INFO - Filling up the DagBag from /home/airflow/.local/lib/python3.8/site-packages/airflow/example_dags/example_task_group.py
[2023-12-18T21:19:33.525+0000] {processor.py:839} INFO - DAG(s) dict_keys(['example_task_group']) retrieved from /home/airflow/.local/lib/python3.8/site-packages/airflow/example_dags/example_task_group.py
[2023-12-18T21:19:33.541+0000] {logging_mixin.py:154} INFO - [2023-12-18T21:19:33.541+0000] {dag.py:2941} INFO - Sync 1 DAGs
[2023-12-18T21:19:33.558+0000] {logging_mixin.py:154} INFO - [2023-12-18T21:19:33.558+0000] {dag.py:3722} INFO - Setting next_dagrun for example_task_group to 2023-12-17T21:19:33.558260+00:00, run_after=2023-12-18T21:19:33.558260+00:00
[2023-12-18T21:19:33.574+0000] {processor.py:179} INFO - Processing /home/airflow/.local/lib/python3.8/site-packages/airflow/example_dags/example_task_group.py took 0.058 seconds
[2023-12-18T21:20:04.096+0000] {processor.py:157} INFO - Started process (PID=2204) to work on /home/airflow/.local/lib/python3.8/site-packages/airflow/example_dags/example_task_group.py
[2023-12-18T21:20:04.096+0000] {processor.py:829} INFO - Processing file /home/airflow/.local/lib/python3.8/site-packages/airflow/example_dags/example_task_group.py for tasks to queue
[2023-12-18T21:20:04.098+0000] {logging_mixin.py:154} INFO - [2023-12-18T21:20:04.098+0000] {dagbag.py:536} INFO - Filling up the DagBag from /home/airflow/.local/lib/python3.8/site-packages/airflow/example_dags/example_task_group.py
[2023-12-18T21:20:04.103+0000] {processor.py:839} INFO - DAG(s) dict_keys(['example_task_group']) retrieved from /home/airflow/.local/lib/python3.8/site-packages/airflow/example_dags/example_task_group.py
[2023-12-18T21:20:04.119+0000] {logging_mixin.py:154} INFO - [2023-12-18T21:20:04.118+0000] {dag.py:2941} INFO - Sync 1 DAGs
[2023-12-18T21:20:04.137+0000] {logging_mixin.py:154} INFO - [2023-12-18T21:20:04.136+0000] {dag.py:3722} INFO - Setting next_dagrun for example_task_group to 2023-12-17T21:20:04.136540+00:00, run_after=2023-12-18T21:20:04.136540+00:00
[2023-12-18T21:20:04.152+0000] {processor.py:179} INFO - Processing /home/airflow/.local/lib/python3.8/site-packages/airflow/example_dags/example_task_group.py took 0.058 seconds
[2023-12-18T21:20:35.057+0000] {processor.py:157} INFO - Started process (PID=2258) to work on /home/airflow/.local/lib/python3.8/site-packages/airflow/example_dags/example_task_group.py
[2023-12-18T21:20:35.058+0000] {processor.py:829} INFO - Processing file /home/airflow/.local/lib/python3.8/site-packages/airflow/example_dags/example_task_group.py for tasks to queue
[2023-12-18T21:20:35.059+0000] {logging_mixin.py:154} INFO - [2023-12-18T21:20:35.059+0000] {dagbag.py:536} INFO - Filling up the DagBag from /home/airflow/.local/lib/python3.8/site-packages/airflow/example_dags/example_task_group.py
[2023-12-18T21:20:35.065+0000] {processor.py:839} INFO - DAG(s) dict_keys(['example_task_group']) retrieved from /home/airflow/.local/lib/python3.8/site-packages/airflow/example_dags/example_task_group.py
[2023-12-18T21:20:35.082+0000] {logging_mixin.py:154} INFO - [2023-12-18T21:20:35.081+0000] {dag.py:2941} INFO - Sync 1 DAGs
[2023-12-18T21:20:35.233+0000] {logging_mixin.py:154} INFO - [2023-12-18T21:20:35.232+0000] {dag.py:3722} INFO - Setting next_dagrun for example_task_group to 2023-12-17T21:20:35.232641+00:00, run_after=2023-12-18T21:20:35.232641+00:00
[2023-12-18T21:20:35.247+0000] {processor.py:179} INFO - Processing /home/airflow/.local/lib/python3.8/site-packages/airflow/example_dags/example_task_group.py took 0.192 seconds
[2023-12-18T21:21:05.718+0000] {processor.py:157} INFO - Started process (PID=2312) to work on /home/airflow/.local/lib/python3.8/site-packages/airflow/example_dags/example_task_group.py
[2023-12-18T21:21:05.718+0000] {processor.py:829} INFO - Processing file /home/airflow/.local/lib/python3.8/site-packages/airflow/example_dags/example_task_group.py for tasks to queue
[2023-12-18T21:21:05.720+0000] {logging_mixin.py:154} INFO - [2023-12-18T21:21:05.720+0000] {dagbag.py:536} INFO - Filling up the DagBag from /home/airflow/.local/lib/python3.8/site-packages/airflow/example_dags/example_task_group.py
[2023-12-18T21:21:05.726+0000] {processor.py:839} INFO - DAG(s) dict_keys(['example_task_group']) retrieved from /home/airflow/.local/lib/python3.8/site-packages/airflow/example_dags/example_task_group.py
[2023-12-18T21:21:05.744+0000] {logging_mixin.py:154} INFO - [2023-12-18T21:21:05.744+0000] {dag.py:2941} INFO - Sync 1 DAGs
[2023-12-18T21:21:05.763+0000] {logging_mixin.py:154} INFO - [2023-12-18T21:21:05.763+0000] {dag.py:3722} INFO - Setting next_dagrun for example_task_group to 2023-12-17T21:21:05.763385+00:00, run_after=2023-12-18T21:21:05.763385+00:00
[2023-12-18T21:21:05.782+0000] {processor.py:179} INFO - Processing /home/airflow/.local/lib/python3.8/site-packages/airflow/example_dags/example_task_group.py took 0.066 seconds
[2023-12-18T21:21:36.393+0000] {processor.py:157} INFO - Started process (PID=2366) to work on /home/airflow/.local/lib/python3.8/site-packages/airflow/example_dags/example_task_group.py
[2023-12-18T21:21:36.394+0000] {processor.py:829} INFO - Processing file /home/airflow/.local/lib/python3.8/site-packages/airflow/example_dags/example_task_group.py for tasks to queue
[2023-12-18T21:21:36.396+0000] {logging_mixin.py:154} INFO - [2023-12-18T21:21:36.396+0000] {dagbag.py:536} INFO - Filling up the DagBag from /home/airflow/.local/lib/python3.8/site-packages/airflow/example_dags/example_task_group.py
[2023-12-18T21:21:36.403+0000] {processor.py:839} INFO - DAG(s) dict_keys(['example_task_group']) retrieved from /home/airflow/.local/lib/python3.8/site-packages/airflow/example_dags/example_task_group.py
[2023-12-18T21:21:36.419+0000] {logging_mixin.py:154} INFO - [2023-12-18T21:21:36.419+0000] {dag.py:2941} INFO - Sync 1 DAGs
[2023-12-18T21:21:36.437+0000] {logging_mixin.py:154} INFO - [2023-12-18T21:21:36.437+0000] {dag.py:3722} INFO - Setting next_dagrun for example_task_group to 2023-12-17T21:21:36.436916+00:00, run_after=2023-12-18T21:21:36.436916+00:00
[2023-12-18T21:21:36.451+0000] {processor.py:179} INFO - Processing /home/airflow/.local/lib/python3.8/site-packages/airflow/example_dags/example_task_group.py took 0.061 seconds
[2023-12-18T21:22:07.426+0000] {processor.py:157} INFO - Started process (PID=2420) to work on /home/airflow/.local/lib/python3.8/site-packages/airflow/example_dags/example_task_group.py
[2023-12-18T21:22:07.426+0000] {processor.py:829} INFO - Processing file /home/airflow/.local/lib/python3.8/site-packages/airflow/example_dags/example_task_group.py for tasks to queue
[2023-12-18T21:22:07.428+0000] {logging_mixin.py:154} INFO - [2023-12-18T21:22:07.428+0000] {dagbag.py:536} INFO - Filling up the DagBag from /home/airflow/.local/lib/python3.8/site-packages/airflow/example_dags/example_task_group.py
[2023-12-18T21:22:07.433+0000] {processor.py:839} INFO - DAG(s) dict_keys(['example_task_group']) retrieved from /home/airflow/.local/lib/python3.8/site-packages/airflow/example_dags/example_task_group.py
[2023-12-18T21:22:07.587+0000] {logging_mixin.py:154} INFO - [2023-12-18T21:22:07.587+0000] {dag.py:2941} INFO - Sync 1 DAGs
[2023-12-18T21:22:07.605+0000] {logging_mixin.py:154} INFO - [2023-12-18T21:22:07.604+0000] {dag.py:3722} INFO - Setting next_dagrun for example_task_group to 2023-12-17T21:22:07.604446+00:00, run_after=2023-12-18T21:22:07.604446+00:00
[2023-12-18T21:22:07.617+0000] {processor.py:179} INFO - Processing /home/airflow/.local/lib/python3.8/site-packages/airflow/example_dags/example_task_group.py took 0.194 seconds
[2023-12-18T21:22:38.139+0000] {processor.py:157} INFO - Started process (PID=2474) to work on /home/airflow/.local/lib/python3.8/site-packages/airflow/example_dags/example_task_group.py
[2023-12-18T21:22:38.140+0000] {processor.py:829} INFO - Processing file /home/airflow/.local/lib/python3.8/site-packages/airflow/example_dags/example_task_group.py for tasks to queue
[2023-12-18T21:22:38.143+0000] {logging_mixin.py:154} INFO - [2023-12-18T21:22:38.142+0000] {dagbag.py:536} INFO - Filling up the DagBag from /home/airflow/.local/lib/python3.8/site-packages/airflow/example_dags/example_task_group.py
[2023-12-18T21:22:38.148+0000] {processor.py:839} INFO - DAG(s) dict_keys(['example_task_group']) retrieved from /home/airflow/.local/lib/python3.8/site-packages/airflow/example_dags/example_task_group.py
[2023-12-18T21:22:38.167+0000] {logging_mixin.py:154} INFO - [2023-12-18T21:22:38.166+0000] {dag.py:2941} INFO - Sync 1 DAGs
[2023-12-18T21:22:38.186+0000] {logging_mixin.py:154} INFO - [2023-12-18T21:22:38.185+0000] {dag.py:3722} INFO - Setting next_dagrun for example_task_group to 2023-12-17T21:22:38.185799+00:00, run_after=2023-12-18T21:22:38.185799+00:00
[2023-12-18T21:22:38.201+0000] {processor.py:179} INFO - Processing /home/airflow/.local/lib/python3.8/site-packages/airflow/example_dags/example_task_group.py took 0.064 seconds
[2023-12-18T21:23:08.565+0000] {processor.py:157} INFO - Started process (PID=2528) to work on /home/airflow/.local/lib/python3.8/site-packages/airflow/example_dags/example_task_group.py
[2023-12-18T21:23:08.566+0000] {processor.py:829} INFO - Processing file /home/airflow/.local/lib/python3.8/site-packages/airflow/example_dags/example_task_group.py for tasks to queue
[2023-12-18T21:23:08.568+0000] {logging_mixin.py:154} INFO - [2023-12-18T21:23:08.567+0000] {dagbag.py:536} INFO - Filling up the DagBag from /home/airflow/.local/lib/python3.8/site-packages/airflow/example_dags/example_task_group.py
[2023-12-18T21:23:08.573+0000] {processor.py:839} INFO - DAG(s) dict_keys(['example_task_group']) retrieved from /home/airflow/.local/lib/python3.8/site-packages/airflow/example_dags/example_task_group.py
[2023-12-18T21:23:08.592+0000] {logging_mixin.py:154} INFO - [2023-12-18T21:23:08.591+0000] {dag.py:2941} INFO - Sync 1 DAGs
[2023-12-18T21:23:08.610+0000] {logging_mixin.py:154} INFO - [2023-12-18T21:23:08.610+0000] {dag.py:3722} INFO - Setting next_dagrun for example_task_group to 2023-12-17T21:23:08.610018+00:00, run_after=2023-12-18T21:23:08.610018+00:00
[2023-12-18T21:23:08.626+0000] {processor.py:179} INFO - Processing /home/airflow/.local/lib/python3.8/site-packages/airflow/example_dags/example_task_group.py took 0.063 seconds
[2023-12-18T21:23:38.870+0000] {processor.py:157} INFO - Started process (PID=2583) to work on /home/airflow/.local/lib/python3.8/site-packages/airflow/example_dags/example_task_group.py
[2023-12-18T21:23:38.871+0000] {processor.py:829} INFO - Processing file /home/airflow/.local/lib/python3.8/site-packages/airflow/example_dags/example_task_group.py for tasks to queue
[2023-12-18T21:23:38.873+0000] {logging_mixin.py:154} INFO - [2023-12-18T21:23:38.872+0000] {dagbag.py:536} INFO - Filling up the DagBag from /home/airflow/.local/lib/python3.8/site-packages/airflow/example_dags/example_task_group.py
[2023-12-18T21:23:38.880+0000] {processor.py:839} INFO - DAG(s) dict_keys(['example_task_group']) retrieved from /home/airflow/.local/lib/python3.8/site-packages/airflow/example_dags/example_task_group.py
[2023-12-18T21:23:38.898+0000] {logging_mixin.py:154} INFO - [2023-12-18T21:23:38.898+0000] {dag.py:2941} INFO - Sync 1 DAGs
[2023-12-18T21:23:38.919+0000] {logging_mixin.py:154} INFO - [2023-12-18T21:23:38.919+0000] {dag.py:3722} INFO - Setting next_dagrun for example_task_group to 2023-12-17T21:23:38.919158+00:00, run_after=2023-12-18T21:23:38.919158+00:00
[2023-12-18T21:23:38.936+0000] {processor.py:179} INFO - Processing /home/airflow/.local/lib/python3.8/site-packages/airflow/example_dags/example_task_group.py took 0.068 seconds
[2023-12-18T21:24:09.455+0000] {processor.py:157} INFO - Started process (PID=2637) to work on /home/airflow/.local/lib/python3.8/site-packages/airflow/example_dags/example_task_group.py
[2023-12-18T21:24:09.456+0000] {processor.py:829} INFO - Processing file /home/airflow/.local/lib/python3.8/site-packages/airflow/example_dags/example_task_group.py for tasks to queue
[2023-12-18T21:24:09.458+0000] {logging_mixin.py:154} INFO - [2023-12-18T21:24:09.458+0000] {dagbag.py:536} INFO - Filling up the DagBag from /home/airflow/.local/lib/python3.8/site-packages/airflow/example_dags/example_task_group.py
[2023-12-18T21:24:09.464+0000] {processor.py:839} INFO - DAG(s) dict_keys(['example_task_group']) retrieved from /home/airflow/.local/lib/python3.8/site-packages/airflow/example_dags/example_task_group.py
[2023-12-18T21:24:09.482+0000] {logging_mixin.py:154} INFO - [2023-12-18T21:24:09.482+0000] {dag.py:2941} INFO - Sync 1 DAGs
[2023-12-18T21:24:09.503+0000] {logging_mixin.py:154} INFO - [2023-12-18T21:24:09.503+0000] {dag.py:3722} INFO - Setting next_dagrun for example_task_group to 2023-12-17T21:24:09.503011+00:00, run_after=2023-12-18T21:24:09.503011+00:00
[2023-12-18T21:24:09.520+0000] {processor.py:179} INFO - Processing /home/airflow/.local/lib/python3.8/site-packages/airflow/example_dags/example_task_group.py took 0.068 seconds
[2023-12-18T21:24:39.654+0000] {processor.py:157} INFO - Started process (PID=2691) to work on /home/airflow/.local/lib/python3.8/site-packages/airflow/example_dags/example_task_group.py
[2023-12-18T21:24:39.654+0000] {processor.py:829} INFO - Processing file /home/airflow/.local/lib/python3.8/site-packages/airflow/example_dags/example_task_group.py for tasks to queue
[2023-12-18T21:24:39.656+0000] {logging_mixin.py:154} INFO - [2023-12-18T21:24:39.656+0000] {dagbag.py:536} INFO - Filling up the DagBag from /home/airflow/.local/lib/python3.8/site-packages/airflow/example_dags/example_task_group.py
[2023-12-18T21:24:39.661+0000] {processor.py:839} INFO - DAG(s) dict_keys(['example_task_group']) retrieved from /home/airflow/.local/lib/python3.8/site-packages/airflow/example_dags/example_task_group.py
[2023-12-18T21:24:39.678+0000] {logging_mixin.py:154} INFO - [2023-12-18T21:24:39.678+0000] {dag.py:2941} INFO - Sync 1 DAGs
[2023-12-18T21:24:39.698+0000] {logging_mixin.py:154} INFO - [2023-12-18T21:24:39.697+0000] {dag.py:3722} INFO - Setting next_dagrun for example_task_group to 2023-12-17T21:24:39.697750+00:00, run_after=2023-12-18T21:24:39.697750+00:00
[2023-12-18T21:24:39.712+0000] {processor.py:179} INFO - Processing /home/airflow/.local/lib/python3.8/site-packages/airflow/example_dags/example_task_group.py took 0.061 seconds
[2023-12-18T21:25:09.955+0000] {processor.py:157} INFO - Started process (PID=2745) to work on /home/airflow/.local/lib/python3.8/site-packages/airflow/example_dags/example_task_group.py
[2023-12-18T21:25:09.956+0000] {processor.py:829} INFO - Processing file /home/airflow/.local/lib/python3.8/site-packages/airflow/example_dags/example_task_group.py for tasks to queue
[2023-12-18T21:25:09.958+0000] {logging_mixin.py:154} INFO - [2023-12-18T21:25:09.958+0000] {dagbag.py:536} INFO - Filling up the DagBag from /home/airflow/.local/lib/python3.8/site-packages/airflow/example_dags/example_task_group.py
[2023-12-18T21:25:09.963+0000] {processor.py:839} INFO - DAG(s) dict_keys(['example_task_group']) retrieved from /home/airflow/.local/lib/python3.8/site-packages/airflow/example_dags/example_task_group.py
[2023-12-18T21:25:09.981+0000] {logging_mixin.py:154} INFO - [2023-12-18T21:25:09.981+0000] {dag.py:2941} INFO - Sync 1 DAGs
[2023-12-18T21:25:10.000+0000] {logging_mixin.py:154} INFO - [2023-12-18T21:25:10.000+0000] {dag.py:3722} INFO - Setting next_dagrun for example_task_group to 2023-12-17T21:25:10.000309+00:00, run_after=2023-12-18T21:25:10.000309+00:00
[2023-12-18T21:25:10.016+0000] {processor.py:179} INFO - Processing /home/airflow/.local/lib/python3.8/site-packages/airflow/example_dags/example_task_group.py took 0.064 seconds
[2023-12-18T21:25:40.126+0000] {processor.py:157} INFO - Started process (PID=2799) to work on /home/airflow/.local/lib/python3.8/site-packages/airflow/example_dags/example_task_group.py
[2023-12-18T21:25:40.126+0000] {processor.py:829} INFO - Processing file /home/airflow/.local/lib/python3.8/site-packages/airflow/example_dags/example_task_group.py for tasks to queue
[2023-12-18T21:25:40.128+0000] {logging_mixin.py:154} INFO - [2023-12-18T21:25:40.127+0000] {dagbag.py:536} INFO - Filling up the DagBag from /home/airflow/.local/lib/python3.8/site-packages/airflow/example_dags/example_task_group.py
[2023-12-18T21:25:40.133+0000] {processor.py:839} INFO - DAG(s) dict_keys(['example_task_group']) retrieved from /home/airflow/.local/lib/python3.8/site-packages/airflow/example_dags/example_task_group.py
[2023-12-18T21:25:40.150+0000] {logging_mixin.py:154} INFO - [2023-12-18T21:25:40.150+0000] {dag.py:2941} INFO - Sync 1 DAGs
[2023-12-18T21:25:40.169+0000] {logging_mixin.py:154} INFO - [2023-12-18T21:25:40.169+0000] {dag.py:3722} INFO - Setting next_dagrun for example_task_group to 2023-12-17T21:25:40.168888+00:00, run_after=2023-12-18T21:25:40.168888+00:00
[2023-12-18T21:25:40.183+0000] {processor.py:179} INFO - Processing /home/airflow/.local/lib/python3.8/site-packages/airflow/example_dags/example_task_group.py took 0.060 seconds
[2023-12-18T21:26:10.423+0000] {processor.py:157} INFO - Started process (PID=2853) to work on /home/airflow/.local/lib/python3.8/site-packages/airflow/example_dags/example_task_group.py
[2023-12-18T21:26:10.424+0000] {processor.py:829} INFO - Processing file /home/airflow/.local/lib/python3.8/site-packages/airflow/example_dags/example_task_group.py for tasks to queue
[2023-12-18T21:26:10.426+0000] {logging_mixin.py:154} INFO - [2023-12-18T21:26:10.425+0000] {dagbag.py:536} INFO - Filling up the DagBag from /home/airflow/.local/lib/python3.8/site-packages/airflow/example_dags/example_task_group.py
[2023-12-18T21:26:10.431+0000] {processor.py:839} INFO - DAG(s) dict_keys(['example_task_group']) retrieved from /home/airflow/.local/lib/python3.8/site-packages/airflow/example_dags/example_task_group.py
[2023-12-18T21:26:10.449+0000] {logging_mixin.py:154} INFO - [2023-12-18T21:26:10.448+0000] {dag.py:2941} INFO - Sync 1 DAGs
[2023-12-18T21:26:10.467+0000] {logging_mixin.py:154} INFO - [2023-12-18T21:26:10.467+0000] {dag.py:3722} INFO - Setting next_dagrun for example_task_group to 2023-12-17T21:26:10.467456+00:00, run_after=2023-12-18T21:26:10.467456+00:00
[2023-12-18T21:26:10.483+0000] {processor.py:179} INFO - Processing /home/airflow/.local/lib/python3.8/site-packages/airflow/example_dags/example_task_group.py took 0.062 seconds
[2023-12-18T21:26:40.649+0000] {processor.py:157} INFO - Started process (PID=2907) to work on /home/airflow/.local/lib/python3.8/site-packages/airflow/example_dags/example_task_group.py
[2023-12-18T21:26:40.650+0000] {processor.py:829} INFO - Processing file /home/airflow/.local/lib/python3.8/site-packages/airflow/example_dags/example_task_group.py for tasks to queue
[2023-12-18T21:26:40.651+0000] {logging_mixin.py:154} INFO - [2023-12-18T21:26:40.651+0000] {dagbag.py:536} INFO - Filling up the DagBag from /home/airflow/.local/lib/python3.8/site-packages/airflow/example_dags/example_task_group.py
[2023-12-18T21:26:40.656+0000] {processor.py:839} INFO - DAG(s) dict_keys(['example_task_group']) retrieved from /home/airflow/.local/lib/python3.8/site-packages/airflow/example_dags/example_task_group.py
[2023-12-18T21:26:40.673+0000] {logging_mixin.py:154} INFO - [2023-12-18T21:26:40.673+0000] {dag.py:2941} INFO - Sync 1 DAGs
[2023-12-18T21:26:40.692+0000] {logging_mixin.py:154} INFO - [2023-12-18T21:26:40.691+0000] {dag.py:3722} INFO - Setting next_dagrun for example_task_group to 2023-12-17T21:26:40.691797+00:00, run_after=2023-12-18T21:26:40.691797+00:00
[2023-12-18T21:26:40.706+0000] {processor.py:179} INFO - Processing /home/airflow/.local/lib/python3.8/site-packages/airflow/example_dags/example_task_group.py took 0.059 seconds
[2023-12-18T21:27:10.804+0000] {processor.py:157} INFO - Started process (PID=2961) to work on /home/airflow/.local/lib/python3.8/site-packages/airflow/example_dags/example_task_group.py
[2023-12-18T21:27:10.805+0000] {processor.py:829} INFO - Processing file /home/airflow/.local/lib/python3.8/site-packages/airflow/example_dags/example_task_group.py for tasks to queue
[2023-12-18T21:27:10.806+0000] {logging_mixin.py:154} INFO - [2023-12-18T21:27:10.806+0000] {dagbag.py:536} INFO - Filling up the DagBag from /home/airflow/.local/lib/python3.8/site-packages/airflow/example_dags/example_task_group.py
[2023-12-18T21:27:10.812+0000] {processor.py:839} INFO - DAG(s) dict_keys(['example_task_group']) retrieved from /home/airflow/.local/lib/python3.8/site-packages/airflow/example_dags/example_task_group.py
[2023-12-18T21:27:10.830+0000] {logging_mixin.py:154} INFO - [2023-12-18T21:27:10.829+0000] {dag.py:2941} INFO - Sync 1 DAGs
[2023-12-18T21:27:10.849+0000] {logging_mixin.py:154} INFO - [2023-12-18T21:27:10.848+0000] {dag.py:3722} INFO - Setting next_dagrun for example_task_group to 2023-12-17T21:27:10.848614+00:00, run_after=2023-12-18T21:27:10.848614+00:00
[2023-12-18T21:27:10.865+0000] {processor.py:179} INFO - Processing /home/airflow/.local/lib/python3.8/site-packages/airflow/example_dags/example_task_group.py took 0.063 seconds
[2023-12-18T21:27:41.146+0000] {processor.py:157} INFO - Started process (PID=3015) to work on /home/airflow/.local/lib/python3.8/site-packages/airflow/example_dags/example_task_group.py
[2023-12-18T21:27:41.146+0000] {processor.py:829} INFO - Processing file /home/airflow/.local/lib/python3.8/site-packages/airflow/example_dags/example_task_group.py for tasks to queue
[2023-12-18T21:27:41.148+0000] {logging_mixin.py:154} INFO - [2023-12-18T21:27:41.148+0000] {dagbag.py:536} INFO - Filling up the DagBag from /home/airflow/.local/lib/python3.8/site-packages/airflow/example_dags/example_task_group.py
[2023-12-18T21:27:41.154+0000] {processor.py:839} INFO - DAG(s) dict_keys(['example_task_group']) retrieved from /home/airflow/.local/lib/python3.8/site-packages/airflow/example_dags/example_task_group.py
[2023-12-18T21:27:41.172+0000] {logging_mixin.py:154} INFO - [2023-12-18T21:27:41.171+0000] {dag.py:2941} INFO - Sync 1 DAGs
[2023-12-18T21:27:41.191+0000] {logging_mixin.py:154} INFO - [2023-12-18T21:27:41.191+0000] {dag.py:3722} INFO - Setting next_dagrun for example_task_group to 2023-12-17T21:27:41.190875+00:00, run_after=2023-12-18T21:27:41.190875+00:00
[2023-12-18T21:27:41.205+0000] {processor.py:179} INFO - Processing /home/airflow/.local/lib/python3.8/site-packages/airflow/example_dags/example_task_group.py took 0.062 seconds
[2023-12-18T21:28:11.302+0000] {processor.py:157} INFO - Started process (PID=3069) to work on /home/airflow/.local/lib/python3.8/site-packages/airflow/example_dags/example_task_group.py
[2023-12-18T21:28:11.303+0000] {processor.py:829} INFO - Processing file /home/airflow/.local/lib/python3.8/site-packages/airflow/example_dags/example_task_group.py for tasks to queue
[2023-12-18T21:28:11.305+0000] {logging_mixin.py:154} INFO - [2023-12-18T21:28:11.304+0000] {dagbag.py:536} INFO - Filling up the DagBag from /home/airflow/.local/lib/python3.8/site-packages/airflow/example_dags/example_task_group.py
[2023-12-18T21:28:11.310+0000] {processor.py:839} INFO - DAG(s) dict_keys(['example_task_group']) retrieved from /home/airflow/.local/lib/python3.8/site-packages/airflow/example_dags/example_task_group.py
[2023-12-18T21:28:11.330+0000] {logging_mixin.py:154} INFO - [2023-12-18T21:28:11.329+0000] {dag.py:2941} INFO - Sync 1 DAGs
[2023-12-18T21:28:11.349+0000] {logging_mixin.py:154} INFO - [2023-12-18T21:28:11.349+0000] {dag.py:3722} INFO - Setting next_dagrun for example_task_group to 2023-12-17T21:28:11.348813+00:00, run_after=2023-12-18T21:28:11.348813+00:00
[2023-12-18T21:28:11.364+0000] {processor.py:179} INFO - Processing /home/airflow/.local/lib/python3.8/site-packages/airflow/example_dags/example_task_group.py took 0.064 seconds
[2023-12-18T21:28:41.527+0000] {processor.py:157} INFO - Started process (PID=3123) to work on /home/airflow/.local/lib/python3.8/site-packages/airflow/example_dags/example_task_group.py
[2023-12-18T21:28:41.528+0000] {processor.py:829} INFO - Processing file /home/airflow/.local/lib/python3.8/site-packages/airflow/example_dags/example_task_group.py for tasks to queue
[2023-12-18T21:28:41.530+0000] {logging_mixin.py:154} INFO - [2023-12-18T21:28:41.529+0000] {dagbag.py:536} INFO - Filling up the DagBag from /home/airflow/.local/lib/python3.8/site-packages/airflow/example_dags/example_task_group.py
[2023-12-18T21:28:41.535+0000] {processor.py:839} INFO - DAG(s) dict_keys(['example_task_group']) retrieved from /home/airflow/.local/lib/python3.8/site-packages/airflow/example_dags/example_task_group.py
[2023-12-18T21:28:41.551+0000] {logging_mixin.py:154} INFO - [2023-12-18T21:28:41.551+0000] {dag.py:2941} INFO - Sync 1 DAGs
[2023-12-18T21:28:41.568+0000] {logging_mixin.py:154} INFO - [2023-12-18T21:28:41.568+0000] {dag.py:3722} INFO - Setting next_dagrun for example_task_group to 2023-12-17T21:28:41.568395+00:00, run_after=2023-12-18T21:28:41.568395+00:00
[2023-12-18T21:28:41.583+0000] {processor.py:179} INFO - Processing /home/airflow/.local/lib/python3.8/site-packages/airflow/example_dags/example_task_group.py took 0.058 seconds
[2023-12-18T21:29:11.765+0000] {processor.py:157} INFO - Started process (PID=3177) to work on /home/airflow/.local/lib/python3.8/site-packages/airflow/example_dags/example_task_group.py
[2023-12-18T21:29:11.765+0000] {processor.py:829} INFO - Processing file /home/airflow/.local/lib/python3.8/site-packages/airflow/example_dags/example_task_group.py for tasks to queue
[2023-12-18T21:29:11.767+0000] {logging_mixin.py:154} INFO - [2023-12-18T21:29:11.767+0000] {dagbag.py:536} INFO - Filling up the DagBag from /home/airflow/.local/lib/python3.8/site-packages/airflow/example_dags/example_task_group.py
[2023-12-18T21:29:11.772+0000] {processor.py:839} INFO - DAG(s) dict_keys(['example_task_group']) retrieved from /home/airflow/.local/lib/python3.8/site-packages/airflow/example_dags/example_task_group.py
[2023-12-18T21:29:11.787+0000] {logging_mixin.py:154} INFO - [2023-12-18T21:29:11.787+0000] {dag.py:2941} INFO - Sync 1 DAGs
[2023-12-18T21:29:11.805+0000] {logging_mixin.py:154} INFO - [2023-12-18T21:29:11.805+0000] {dag.py:3722} INFO - Setting next_dagrun for example_task_group to 2023-12-17T21:29:11.804954+00:00, run_after=2023-12-18T21:29:11.804954+00:00
[2023-12-18T21:29:11.820+0000] {processor.py:179} INFO - Processing /home/airflow/.local/lib/python3.8/site-packages/airflow/example_dags/example_task_group.py took 0.058 seconds
[2023-12-18T21:29:42.781+0000] {processor.py:157} INFO - Started process (PID=3238) to work on /home/airflow/.local/lib/python3.8/site-packages/airflow/example_dags/example_task_group.py
[2023-12-18T21:29:42.781+0000] {processor.py:829} INFO - Processing file /home/airflow/.local/lib/python3.8/site-packages/airflow/example_dags/example_task_group.py for tasks to queue
[2023-12-18T21:29:42.783+0000] {logging_mixin.py:154} INFO - [2023-12-18T21:29:42.783+0000] {dagbag.py:536} INFO - Filling up the DagBag from /home/airflow/.local/lib/python3.8/site-packages/airflow/example_dags/example_task_group.py
[2023-12-18T21:29:42.788+0000] {processor.py:839} INFO - DAG(s) dict_keys(['example_task_group']) retrieved from /home/airflow/.local/lib/python3.8/site-packages/airflow/example_dags/example_task_group.py
[2023-12-18T21:29:42.805+0000] {logging_mixin.py:154} INFO - [2023-12-18T21:29:42.805+0000] {dag.py:2941} INFO - Sync 1 DAGs
[2023-12-18T21:29:42.825+0000] {logging_mixin.py:154} INFO - [2023-12-18T21:29:42.824+0000] {dag.py:3722} INFO - Setting next_dagrun for example_task_group to 2023-12-17T21:29:42.824787+00:00, run_after=2023-12-18T21:29:42.824787+00:00
[2023-12-18T21:29:42.841+0000] {processor.py:179} INFO - Processing /home/airflow/.local/lib/python3.8/site-packages/airflow/example_dags/example_task_group.py took 0.063 seconds
[2023-12-18T21:30:13.003+0000] {processor.py:157} INFO - Started process (PID=3293) to work on /home/airflow/.local/lib/python3.8/site-packages/airflow/example_dags/example_task_group.py
[2023-12-18T21:30:13.004+0000] {processor.py:829} INFO - Processing file /home/airflow/.local/lib/python3.8/site-packages/airflow/example_dags/example_task_group.py for tasks to queue
[2023-12-18T21:30:13.006+0000] {logging_mixin.py:154} INFO - [2023-12-18T21:30:13.006+0000] {dagbag.py:536} INFO - Filling up the DagBag from /home/airflow/.local/lib/python3.8/site-packages/airflow/example_dags/example_task_group.py
[2023-12-18T21:30:13.012+0000] {processor.py:839} INFO - DAG(s) dict_keys(['example_task_group']) retrieved from /home/airflow/.local/lib/python3.8/site-packages/airflow/example_dags/example_task_group.py
[2023-12-18T21:30:13.033+0000] {logging_mixin.py:154} INFO - [2023-12-18T21:30:13.032+0000] {dag.py:2941} INFO - Sync 1 DAGs
[2023-12-18T21:30:13.052+0000] {logging_mixin.py:154} INFO - [2023-12-18T21:30:13.051+0000] {dag.py:3722} INFO - Setting next_dagrun for example_task_group to 2023-12-17T21:30:13.051698+00:00, run_after=2023-12-18T21:30:13.051698+00:00
[2023-12-18T21:30:13.067+0000] {processor.py:179} INFO - Processing /home/airflow/.local/lib/python3.8/site-packages/airflow/example_dags/example_task_group.py took 0.067 seconds
[2023-12-18T21:30:43.175+0000] {processor.py:157} INFO - Started process (PID=3347) to work on /home/airflow/.local/lib/python3.8/site-packages/airflow/example_dags/example_task_group.py
[2023-12-18T21:30:43.176+0000] {processor.py:829} INFO - Processing file /home/airflow/.local/lib/python3.8/site-packages/airflow/example_dags/example_task_group.py for tasks to queue
[2023-12-18T21:30:43.178+0000] {logging_mixin.py:154} INFO - [2023-12-18T21:30:43.177+0000] {dagbag.py:536} INFO - Filling up the DagBag from /home/airflow/.local/lib/python3.8/site-packages/airflow/example_dags/example_task_group.py
[2023-12-18T21:30:43.183+0000] {processor.py:839} INFO - DAG(s) dict_keys(['example_task_group']) retrieved from /home/airflow/.local/lib/python3.8/site-packages/airflow/example_dags/example_task_group.py
[2023-12-18T21:30:43.201+0000] {logging_mixin.py:154} INFO - [2023-12-18T21:30:43.201+0000] {dag.py:2941} INFO - Sync 1 DAGs
[2023-12-18T21:30:43.219+0000] {logging_mixin.py:154} INFO - [2023-12-18T21:30:43.219+0000] {dag.py:3722} INFO - Setting next_dagrun for example_task_group to 2023-12-17T21:30:43.219115+00:00, run_after=2023-12-18T21:30:43.219115+00:00
[2023-12-18T21:30:43.234+0000] {processor.py:179} INFO - Processing /home/airflow/.local/lib/python3.8/site-packages/airflow/example_dags/example_task_group.py took 0.062 seconds
[2023-12-18T21:31:13.348+0000] {processor.py:157} INFO - Started process (PID=3400) to work on /home/airflow/.local/lib/python3.8/site-packages/airflow/example_dags/example_task_group.py
[2023-12-18T21:31:13.348+0000] {processor.py:829} INFO - Processing file /home/airflow/.local/lib/python3.8/site-packages/airflow/example_dags/example_task_group.py for tasks to queue
[2023-12-18T21:31:13.350+0000] {logging_mixin.py:154} INFO - [2023-12-18T21:31:13.350+0000] {dagbag.py:536} INFO - Filling up the DagBag from /home/airflow/.local/lib/python3.8/site-packages/airflow/example_dags/example_task_group.py
[2023-12-18T21:31:13.355+0000] {processor.py:839} INFO - DAG(s) dict_keys(['example_task_group']) retrieved from /home/airflow/.local/lib/python3.8/site-packages/airflow/example_dags/example_task_group.py
[2023-12-18T21:31:13.372+0000] {logging_mixin.py:154} INFO - [2023-12-18T21:31:13.372+0000] {dag.py:2941} INFO - Sync 1 DAGs
[2023-12-18T21:31:13.390+0000] {logging_mixin.py:154} INFO - [2023-12-18T21:31:13.390+0000] {dag.py:3722} INFO - Setting next_dagrun for example_task_group to 2023-12-17T21:31:13.390422+00:00, run_after=2023-12-18T21:31:13.390422+00:00
[2023-12-18T21:31:13.405+0000] {processor.py:179} INFO - Processing /home/airflow/.local/lib/python3.8/site-packages/airflow/example_dags/example_task_group.py took 0.060 seconds
[2023-12-18T21:31:43.606+0000] {processor.py:157} INFO - Started process (PID=3454) to work on /home/airflow/.local/lib/python3.8/site-packages/airflow/example_dags/example_task_group.py
[2023-12-18T21:31:43.607+0000] {processor.py:829} INFO - Processing file /home/airflow/.local/lib/python3.8/site-packages/airflow/example_dags/example_task_group.py for tasks to queue
[2023-12-18T21:31:43.609+0000] {logging_mixin.py:154} INFO - [2023-12-18T21:31:43.608+0000] {dagbag.py:536} INFO - Filling up the DagBag from /home/airflow/.local/lib/python3.8/site-packages/airflow/example_dags/example_task_group.py
[2023-12-18T21:31:43.614+0000] {processor.py:839} INFO - DAG(s) dict_keys(['example_task_group']) retrieved from /home/airflow/.local/lib/python3.8/site-packages/airflow/example_dags/example_task_group.py
[2023-12-18T21:31:43.630+0000] {logging_mixin.py:154} INFO - [2023-12-18T21:31:43.630+0000] {dag.py:2941} INFO - Sync 1 DAGs
[2023-12-18T21:31:43.649+0000] {logging_mixin.py:154} INFO - [2023-12-18T21:31:43.649+0000] {dag.py:3722} INFO - Setting next_dagrun for example_task_group to 2023-12-17T21:31:43.649062+00:00, run_after=2023-12-18T21:31:43.649062+00:00
[2023-12-18T21:31:43.663+0000] {processor.py:179} INFO - Processing /home/airflow/.local/lib/python3.8/site-packages/airflow/example_dags/example_task_group.py took 0.059 seconds
[2023-12-18T21:32:13.917+0000] {processor.py:157} INFO - Started process (PID=3508) to work on /home/airflow/.local/lib/python3.8/site-packages/airflow/example_dags/example_task_group.py
[2023-12-18T21:32:13.917+0000] {processor.py:829} INFO - Processing file /home/airflow/.local/lib/python3.8/site-packages/airflow/example_dags/example_task_group.py for tasks to queue
[2023-12-18T21:32:13.919+0000] {logging_mixin.py:154} INFO - [2023-12-18T21:32:13.919+0000] {dagbag.py:536} INFO - Filling up the DagBag from /home/airflow/.local/lib/python3.8/site-packages/airflow/example_dags/example_task_group.py
[2023-12-18T21:32:13.924+0000] {processor.py:839} INFO - DAG(s) dict_keys(['example_task_group']) retrieved from /home/airflow/.local/lib/python3.8/site-packages/airflow/example_dags/example_task_group.py
[2023-12-18T21:32:13.941+0000] {logging_mixin.py:154} INFO - [2023-12-18T21:32:13.940+0000] {dag.py:2941} INFO - Sync 1 DAGs
[2023-12-18T21:32:13.959+0000] {logging_mixin.py:154} INFO - [2023-12-18T21:32:13.959+0000] {dag.py:3722} INFO - Setting next_dagrun for example_task_group to 2023-12-17T21:32:13.958837+00:00, run_after=2023-12-18T21:32:13.958837+00:00
[2023-12-18T21:32:13.983+0000] {processor.py:179} INFO - Processing /home/airflow/.local/lib/python3.8/site-packages/airflow/example_dags/example_task_group.py took 0.069 seconds
[2023-12-18T21:32:44.124+0000] {processor.py:157} INFO - Started process (PID=3562) to work on /home/airflow/.local/lib/python3.8/site-packages/airflow/example_dags/example_task_group.py
[2023-12-18T21:32:44.124+0000] {processor.py:829} INFO - Processing file /home/airflow/.local/lib/python3.8/site-packages/airflow/example_dags/example_task_group.py for tasks to queue
[2023-12-18T21:32:44.126+0000] {logging_mixin.py:154} INFO - [2023-12-18T21:32:44.126+0000] {dagbag.py:536} INFO - Filling up the DagBag from /home/airflow/.local/lib/python3.8/site-packages/airflow/example_dags/example_task_group.py
[2023-12-18T21:32:44.131+0000] {processor.py:839} INFO - DAG(s) dict_keys(['example_task_group']) retrieved from /home/airflow/.local/lib/python3.8/site-packages/airflow/example_dags/example_task_group.py
[2023-12-18T21:32:44.148+0000] {logging_mixin.py:154} INFO - [2023-12-18T21:32:44.148+0000] {dag.py:2941} INFO - Sync 1 DAGs
[2023-12-18T21:32:44.165+0000] {logging_mixin.py:154} INFO - [2023-12-18T21:32:44.165+0000] {dag.py:3722} INFO - Setting next_dagrun for example_task_group to 2023-12-17T21:32:44.165059+00:00, run_after=2023-12-18T21:32:44.165059+00:00
[2023-12-18T21:32:44.180+0000] {processor.py:179} INFO - Processing /home/airflow/.local/lib/python3.8/site-packages/airflow/example_dags/example_task_group.py took 0.059 seconds
[2023-12-18T21:33:14.242+0000] {processor.py:157} INFO - Started process (PID=3616) to work on /home/airflow/.local/lib/python3.8/site-packages/airflow/example_dags/example_task_group.py
[2023-12-18T21:33:14.242+0000] {processor.py:829} INFO - Processing file /home/airflow/.local/lib/python3.8/site-packages/airflow/example_dags/example_task_group.py for tasks to queue
[2023-12-18T21:33:14.244+0000] {logging_mixin.py:154} INFO - [2023-12-18T21:33:14.244+0000] {dagbag.py:536} INFO - Filling up the DagBag from /home/airflow/.local/lib/python3.8/site-packages/airflow/example_dags/example_task_group.py
[2023-12-18T21:33:14.249+0000] {processor.py:839} INFO - DAG(s) dict_keys(['example_task_group']) retrieved from /home/airflow/.local/lib/python3.8/site-packages/airflow/example_dags/example_task_group.py
[2023-12-18T21:33:14.267+0000] {logging_mixin.py:154} INFO - [2023-12-18T21:33:14.266+0000] {dag.py:2941} INFO - Sync 1 DAGs
[2023-12-18T21:33:14.286+0000] {logging_mixin.py:154} INFO - [2023-12-18T21:33:14.286+0000] {dag.py:3722} INFO - Setting next_dagrun for example_task_group to 2023-12-17T21:33:14.286488+00:00, run_after=2023-12-18T21:33:14.286488+00:00
[2023-12-18T21:33:14.316+0000] {processor.py:179} INFO - Processing /home/airflow/.local/lib/python3.8/site-packages/airflow/example_dags/example_task_group.py took 0.077 seconds
[2023-12-18T21:33:44.482+0000] {processor.py:157} INFO - Started process (PID=3670) to work on /home/airflow/.local/lib/python3.8/site-packages/airflow/example_dags/example_task_group.py
[2023-12-18T21:33:44.483+0000] {processor.py:829} INFO - Processing file /home/airflow/.local/lib/python3.8/site-packages/airflow/example_dags/example_task_group.py for tasks to queue
[2023-12-18T21:33:44.484+0000] {logging_mixin.py:154} INFO - [2023-12-18T21:33:44.484+0000] {dagbag.py:536} INFO - Filling up the DagBag from /home/airflow/.local/lib/python3.8/site-packages/airflow/example_dags/example_task_group.py
[2023-12-18T21:33:44.489+0000] {processor.py:839} INFO - DAG(s) dict_keys(['example_task_group']) retrieved from /home/airflow/.local/lib/python3.8/site-packages/airflow/example_dags/example_task_group.py
[2023-12-18T21:33:44.506+0000] {logging_mixin.py:154} INFO - [2023-12-18T21:33:44.506+0000] {dag.py:2941} INFO - Sync 1 DAGs
[2023-12-18T21:33:44.523+0000] {logging_mixin.py:154} INFO - [2023-12-18T21:33:44.523+0000] {dag.py:3722} INFO - Setting next_dagrun for example_task_group to 2023-12-17T21:33:44.523004+00:00, run_after=2023-12-18T21:33:44.523004+00:00
[2023-12-18T21:33:44.539+0000] {processor.py:179} INFO - Processing /home/airflow/.local/lib/python3.8/site-packages/airflow/example_dags/example_task_group.py took 0.059 seconds
[2023-12-18T21:34:14.681+0000] {processor.py:157} INFO - Started process (PID=3724) to work on /home/airflow/.local/lib/python3.8/site-packages/airflow/example_dags/example_task_group.py
[2023-12-18T21:34:14.681+0000] {processor.py:829} INFO - Processing file /home/airflow/.local/lib/python3.8/site-packages/airflow/example_dags/example_task_group.py for tasks to queue
[2023-12-18T21:34:14.683+0000] {logging_mixin.py:154} INFO - [2023-12-18T21:34:14.683+0000] {dagbag.py:536} INFO - Filling up the DagBag from /home/airflow/.local/lib/python3.8/site-packages/airflow/example_dags/example_task_group.py
[2023-12-18T21:34:14.689+0000] {processor.py:839} INFO - DAG(s) dict_keys(['example_task_group']) retrieved from /home/airflow/.local/lib/python3.8/site-packages/airflow/example_dags/example_task_group.py
[2023-12-18T21:34:14.709+0000] {logging_mixin.py:154} INFO - [2023-12-18T21:34:14.708+0000] {dag.py:2941} INFO - Sync 1 DAGs
[2023-12-18T21:34:14.727+0000] {logging_mixin.py:154} INFO - [2023-12-18T21:34:14.727+0000] {dag.py:3722} INFO - Setting next_dagrun for example_task_group to 2023-12-17T21:34:14.726752+00:00, run_after=2023-12-18T21:34:14.726752+00:00
[2023-12-18T21:34:14.750+0000] {processor.py:179} INFO - Processing /home/airflow/.local/lib/python3.8/site-packages/airflow/example_dags/example_task_group.py took 0.071 seconds
[2023-12-18T21:34:44.886+0000] {processor.py:157} INFO - Started process (PID=3778) to work on /home/airflow/.local/lib/python3.8/site-packages/airflow/example_dags/example_task_group.py
[2023-12-18T21:34:44.887+0000] {processor.py:829} INFO - Processing file /home/airflow/.local/lib/python3.8/site-packages/airflow/example_dags/example_task_group.py for tasks to queue
[2023-12-18T21:34:44.888+0000] {logging_mixin.py:154} INFO - [2023-12-18T21:34:44.888+0000] {dagbag.py:536} INFO - Filling up the DagBag from /home/airflow/.local/lib/python3.8/site-packages/airflow/example_dags/example_task_group.py
[2023-12-18T21:34:44.893+0000] {processor.py:839} INFO - DAG(s) dict_keys(['example_task_group']) retrieved from /home/airflow/.local/lib/python3.8/site-packages/airflow/example_dags/example_task_group.py
[2023-12-18T21:34:44.910+0000] {logging_mixin.py:154} INFO - [2023-12-18T21:34:44.910+0000] {dag.py:2941} INFO - Sync 1 DAGs
[2023-12-18T21:34:44.927+0000] {logging_mixin.py:154} INFO - [2023-12-18T21:34:44.927+0000] {dag.py:3722} INFO - Setting next_dagrun for example_task_group to 2023-12-17T21:34:44.927552+00:00, run_after=2023-12-18T21:34:44.927552+00:00
[2023-12-18T21:34:44.942+0000] {processor.py:179} INFO - Processing /home/airflow/.local/lib/python3.8/site-packages/airflow/example_dags/example_task_group.py took 0.058 seconds
[2023-12-18T21:35:15.205+0000] {processor.py:157} INFO - Started process (PID=3832) to work on /home/airflow/.local/lib/python3.8/site-packages/airflow/example_dags/example_task_group.py
[2023-12-18T21:35:15.206+0000] {processor.py:829} INFO - Processing file /home/airflow/.local/lib/python3.8/site-packages/airflow/example_dags/example_task_group.py for tasks to queue
[2023-12-18T21:35:15.207+0000] {logging_mixin.py:154} INFO - [2023-12-18T21:35:15.207+0000] {dagbag.py:536} INFO - Filling up the DagBag from /home/airflow/.local/lib/python3.8/site-packages/airflow/example_dags/example_task_group.py
[2023-12-18T21:35:15.213+0000] {processor.py:839} INFO - DAG(s) dict_keys(['example_task_group']) retrieved from /home/airflow/.local/lib/python3.8/site-packages/airflow/example_dags/example_task_group.py
[2023-12-18T21:35:15.232+0000] {logging_mixin.py:154} INFO - [2023-12-18T21:35:15.232+0000] {dag.py:2941} INFO - Sync 1 DAGs
[2023-12-18T21:35:15.256+0000] {logging_mixin.py:154} INFO - [2023-12-18T21:35:15.256+0000] {dag.py:3722} INFO - Setting next_dagrun for example_task_group to 2023-12-17T21:35:15.256011+00:00, run_after=2023-12-18T21:35:15.256011+00:00
[2023-12-18T21:35:15.285+0000] {processor.py:179} INFO - Processing /home/airflow/.local/lib/python3.8/site-packages/airflow/example_dags/example_task_group.py took 0.082 seconds
[2023-12-18T21:35:45.541+0000] {processor.py:157} INFO - Started process (PID=3886) to work on /home/airflow/.local/lib/python3.8/site-packages/airflow/example_dags/example_task_group.py
[2023-12-18T21:35:45.542+0000] {processor.py:829} INFO - Processing file /home/airflow/.local/lib/python3.8/site-packages/airflow/example_dags/example_task_group.py for tasks to queue
[2023-12-18T21:35:45.543+0000] {logging_mixin.py:154} INFO - [2023-12-18T21:35:45.543+0000] {dagbag.py:536} INFO - Filling up the DagBag from /home/airflow/.local/lib/python3.8/site-packages/airflow/example_dags/example_task_group.py
[2023-12-18T21:35:45.549+0000] {processor.py:839} INFO - DAG(s) dict_keys(['example_task_group']) retrieved from /home/airflow/.local/lib/python3.8/site-packages/airflow/example_dags/example_task_group.py
[2023-12-18T21:35:45.567+0000] {logging_mixin.py:154} INFO - [2023-12-18T21:35:45.567+0000] {dag.py:2941} INFO - Sync 1 DAGs
[2023-12-18T21:35:45.586+0000] {logging_mixin.py:154} INFO - [2023-12-18T21:35:45.586+0000] {dag.py:3722} INFO - Setting next_dagrun for example_task_group to 2023-12-17T21:35:45.586096+00:00, run_after=2023-12-18T21:35:45.586096+00:00
[2023-12-18T21:35:45.609+0000] {processor.py:179} INFO - Processing /home/airflow/.local/lib/python3.8/site-packages/airflow/example_dags/example_task_group.py took 0.070 seconds
