[2023-12-18T20:56:38.147+0000] {processor.py:157} INFO - Started process (PID=56) to work on /home/airflow/.local/lib/python3.8/site-packages/airflow/example_dags/example_sla_dag.py
[2023-12-18T20:56:38.149+0000] {processor.py:829} INFO - Processing file /home/airflow/.local/lib/python3.8/site-packages/airflow/example_dags/example_sla_dag.py for tasks to queue
[2023-12-18T20:56:38.152+0000] {logging_mixin.py:154} INFO - [2023-12-18T20:56:38.151+0000] {dagbag.py:536} INFO - Filling up the DagBag from /home/airflow/.local/lib/python3.8/site-packages/airflow/example_dags/example_sla_dag.py
[2023-12-18T20:56:38.171+0000] {processor.py:839} INFO - DAG(s) dict_keys(['example_sla_dag']) retrieved from /home/airflow/.local/lib/python3.8/site-packages/airflow/example_dags/example_sla_dag.py
[2023-12-18T20:56:38.210+0000] {logging_mixin.py:154} INFO - [2023-12-18T20:56:38.209+0000] {dag.py:2941} INFO - Sync 1 DAGs
[2023-12-18T20:56:38.259+0000] {logging_mixin.py:154} INFO - [2023-12-18T20:56:38.258+0000] {dag.py:3722} INFO - Setting next_dagrun for example_sla_dag to 2023-12-18T20:54:00+00:00, run_after=2023-12-18T20:56:00+00:00
[2023-12-18T20:56:38.293+0000] {processor.py:179} INFO - Processing /home/airflow/.local/lib/python3.8/site-packages/airflow/example_dags/example_sla_dag.py took 0.151 seconds
[2023-12-18T20:57:09.288+0000] {processor.py:157} INFO - Started process (PID=110) to work on /home/airflow/.local/lib/python3.8/site-packages/airflow/example_dags/example_sla_dag.py
[2023-12-18T20:57:09.291+0000] {processor.py:829} INFO - Processing file /home/airflow/.local/lib/python3.8/site-packages/airflow/example_dags/example_sla_dag.py for tasks to queue
[2023-12-18T20:57:09.295+0000] {logging_mixin.py:154} INFO - [2023-12-18T20:57:09.294+0000] {dagbag.py:536} INFO - Filling up the DagBag from /home/airflow/.local/lib/python3.8/site-packages/airflow/example_dags/example_sla_dag.py
[2023-12-18T20:57:09.311+0000] {processor.py:839} INFO - DAG(s) dict_keys(['example_sla_dag']) retrieved from /home/airflow/.local/lib/python3.8/site-packages/airflow/example_dags/example_sla_dag.py
[2023-12-18T20:57:09.353+0000] {logging_mixin.py:154} INFO - [2023-12-18T20:57:09.352+0000] {dag.py:2941} INFO - Sync 1 DAGs
[2023-12-18T20:57:09.412+0000] {logging_mixin.py:154} INFO - [2023-12-18T20:57:09.412+0000] {dag.py:3722} INFO - Setting next_dagrun for example_sla_dag to 2023-12-18T20:54:00+00:00, run_after=2023-12-18T20:56:00+00:00
[2023-12-18T20:57:09.488+0000] {processor.py:179} INFO - Processing /home/airflow/.local/lib/python3.8/site-packages/airflow/example_dags/example_sla_dag.py took 0.208 seconds
[2023-12-18T20:57:39.973+0000] {processor.py:157} INFO - Started process (PID=164) to work on /home/airflow/.local/lib/python3.8/site-packages/airflow/example_dags/example_sla_dag.py
[2023-12-18T20:57:39.975+0000] {processor.py:829} INFO - Processing file /home/airflow/.local/lib/python3.8/site-packages/airflow/example_dags/example_sla_dag.py for tasks to queue
[2023-12-18T20:57:39.979+0000] {logging_mixin.py:154} INFO - [2023-12-18T20:57:39.978+0000] {dagbag.py:536} INFO - Filling up the DagBag from /home/airflow/.local/lib/python3.8/site-packages/airflow/example_dags/example_sla_dag.py
[2023-12-18T20:57:39.992+0000] {processor.py:839} INFO - DAG(s) dict_keys(['example_sla_dag']) retrieved from /home/airflow/.local/lib/python3.8/site-packages/airflow/example_dags/example_sla_dag.py
[2023-12-18T20:57:40.023+0000] {logging_mixin.py:154} INFO - [2023-12-18T20:57:40.023+0000] {dag.py:2941} INFO - Sync 1 DAGs
[2023-12-18T20:57:40.071+0000] {logging_mixin.py:154} INFO - [2023-12-18T20:57:40.070+0000] {dag.py:3722} INFO - Setting next_dagrun for example_sla_dag to 2023-12-18T20:54:00+00:00, run_after=2023-12-18T20:56:00+00:00
[2023-12-18T20:57:40.108+0000] {processor.py:179} INFO - Processing /home/airflow/.local/lib/python3.8/site-packages/airflow/example_dags/example_sla_dag.py took 0.142 seconds
[2023-12-18T20:58:10.584+0000] {processor.py:157} INFO - Started process (PID=218) to work on /home/airflow/.local/lib/python3.8/site-packages/airflow/example_dags/example_sla_dag.py
[2023-12-18T20:58:10.586+0000] {processor.py:829} INFO - Processing file /home/airflow/.local/lib/python3.8/site-packages/airflow/example_dags/example_sla_dag.py for tasks to queue
[2023-12-18T20:58:10.590+0000] {logging_mixin.py:154} INFO - [2023-12-18T20:58:10.589+0000] {dagbag.py:536} INFO - Filling up the DagBag from /home/airflow/.local/lib/python3.8/site-packages/airflow/example_dags/example_sla_dag.py
[2023-12-18T20:58:10.604+0000] {processor.py:839} INFO - DAG(s) dict_keys(['example_sla_dag']) retrieved from /home/airflow/.local/lib/python3.8/site-packages/airflow/example_dags/example_sla_dag.py
[2023-12-18T20:58:10.639+0000] {logging_mixin.py:154} INFO - [2023-12-18T20:58:10.638+0000] {dag.py:2941} INFO - Sync 1 DAGs
[2023-12-18T20:58:10.703+0000] {logging_mixin.py:154} INFO - [2023-12-18T20:58:10.703+0000] {dag.py:3722} INFO - Setting next_dagrun for example_sla_dag to 2023-12-18T20:56:00+00:00, run_after=2023-12-18T20:58:00+00:00
[2023-12-18T20:58:10.789+0000] {processor.py:179} INFO - Processing /home/airflow/.local/lib/python3.8/site-packages/airflow/example_dags/example_sla_dag.py took 0.211 seconds
[2023-12-18T20:58:41.076+0000] {processor.py:157} INFO - Started process (PID=272) to work on /home/airflow/.local/lib/python3.8/site-packages/airflow/example_dags/example_sla_dag.py
[2023-12-18T20:58:41.078+0000] {processor.py:829} INFO - Processing file /home/airflow/.local/lib/python3.8/site-packages/airflow/example_dags/example_sla_dag.py for tasks to queue
[2023-12-18T20:58:41.081+0000] {logging_mixin.py:154} INFO - [2023-12-18T20:58:41.081+0000] {dagbag.py:536} INFO - Filling up the DagBag from /home/airflow/.local/lib/python3.8/site-packages/airflow/example_dags/example_sla_dag.py
[2023-12-18T20:58:41.097+0000] {processor.py:839} INFO - DAG(s) dict_keys(['example_sla_dag']) retrieved from /home/airflow/.local/lib/python3.8/site-packages/airflow/example_dags/example_sla_dag.py
[2023-12-18T20:58:41.131+0000] {logging_mixin.py:154} INFO - [2023-12-18T20:58:41.130+0000] {dag.py:2941} INFO - Sync 1 DAGs
[2023-12-18T20:58:41.178+0000] {logging_mixin.py:154} INFO - [2023-12-18T20:58:41.178+0000] {dag.py:3722} INFO - Setting next_dagrun for example_sla_dag to 2023-12-18T20:56:00+00:00, run_after=2023-12-18T20:58:00+00:00
[2023-12-18T20:58:41.210+0000] {processor.py:179} INFO - Processing /home/airflow/.local/lib/python3.8/site-packages/airflow/example_dags/example_sla_dag.py took 0.139 seconds
[2023-12-18T20:59:12.458+0000] {processor.py:157} INFO - Started process (PID=326) to work on /home/airflow/.local/lib/python3.8/site-packages/airflow/example_dags/example_sla_dag.py
[2023-12-18T20:59:12.460+0000] {processor.py:829} INFO - Processing file /home/airflow/.local/lib/python3.8/site-packages/airflow/example_dags/example_sla_dag.py for tasks to queue
[2023-12-18T20:59:12.465+0000] {logging_mixin.py:154} INFO - [2023-12-18T20:59:12.465+0000] {dagbag.py:536} INFO - Filling up the DagBag from /home/airflow/.local/lib/python3.8/site-packages/airflow/example_dags/example_sla_dag.py
[2023-12-18T20:59:12.480+0000] {processor.py:839} INFO - DAG(s) dict_keys(['example_sla_dag']) retrieved from /home/airflow/.local/lib/python3.8/site-packages/airflow/example_dags/example_sla_dag.py
[2023-12-18T20:59:12.517+0000] {logging_mixin.py:154} INFO - [2023-12-18T20:59:12.516+0000] {dag.py:2941} INFO - Sync 1 DAGs
[2023-12-18T20:59:12.567+0000] {logging_mixin.py:154} INFO - [2023-12-18T20:59:12.567+0000] {dag.py:3722} INFO - Setting next_dagrun for example_sla_dag to 2023-12-18T20:56:00+00:00, run_after=2023-12-18T20:58:00+00:00
[2023-12-18T20:59:12.640+0000] {processor.py:179} INFO - Processing /home/airflow/.local/lib/python3.8/site-packages/airflow/example_dags/example_sla_dag.py took 0.187 seconds
[2023-12-18T20:59:42.695+0000] {processor.py:157} INFO - Started process (PID=380) to work on /home/airflow/.local/lib/python3.8/site-packages/airflow/example_dags/example_sla_dag.py
[2023-12-18T20:59:42.696+0000] {processor.py:829} INFO - Processing file /home/airflow/.local/lib/python3.8/site-packages/airflow/example_dags/example_sla_dag.py for tasks to queue
[2023-12-18T20:59:42.700+0000] {logging_mixin.py:154} INFO - [2023-12-18T20:59:42.699+0000] {dagbag.py:536} INFO - Filling up the DagBag from /home/airflow/.local/lib/python3.8/site-packages/airflow/example_dags/example_sla_dag.py
[2023-12-18T20:59:42.713+0000] {processor.py:839} INFO - DAG(s) dict_keys(['example_sla_dag']) retrieved from /home/airflow/.local/lib/python3.8/site-packages/airflow/example_dags/example_sla_dag.py
[2023-12-18T20:59:42.748+0000] {logging_mixin.py:154} INFO - [2023-12-18T20:59:42.747+0000] {dag.py:2941} INFO - Sync 1 DAGs
[2023-12-18T20:59:42.803+0000] {logging_mixin.py:154} INFO - [2023-12-18T20:59:42.803+0000] {dag.py:3722} INFO - Setting next_dagrun for example_sla_dag to 2023-12-18T20:56:00+00:00, run_after=2023-12-18T20:58:00+00:00
[2023-12-18T20:59:42.878+0000] {processor.py:179} INFO - Processing /home/airflow/.local/lib/python3.8/site-packages/airflow/example_dags/example_sla_dag.py took 0.188 seconds
[2023-12-18T21:00:13.626+0000] {processor.py:157} INFO - Started process (PID=441) to work on /home/airflow/.local/lib/python3.8/site-packages/airflow/example_dags/example_sla_dag.py
[2023-12-18T21:00:13.628+0000] {processor.py:829} INFO - Processing file /home/airflow/.local/lib/python3.8/site-packages/airflow/example_dags/example_sla_dag.py for tasks to queue
[2023-12-18T21:00:13.634+0000] {logging_mixin.py:154} INFO - [2023-12-18T21:00:13.633+0000] {dagbag.py:536} INFO - Filling up the DagBag from /home/airflow/.local/lib/python3.8/site-packages/airflow/example_dags/example_sla_dag.py
[2023-12-18T21:00:13.652+0000] {processor.py:839} INFO - DAG(s) dict_keys(['example_sla_dag']) retrieved from /home/airflow/.local/lib/python3.8/site-packages/airflow/example_dags/example_sla_dag.py
[2023-12-18T21:00:13.694+0000] {logging_mixin.py:154} INFO - [2023-12-18T21:00:13.693+0000] {dag.py:2941} INFO - Sync 1 DAGs
[2023-12-18T21:00:13.744+0000] {logging_mixin.py:154} INFO - [2023-12-18T21:00:13.743+0000] {dag.py:3722} INFO - Setting next_dagrun for example_sla_dag to 2023-12-18T20:58:00+00:00, run_after=2023-12-18T21:00:00+00:00
[2023-12-18T21:00:13.802+0000] {processor.py:179} INFO - Processing /home/airflow/.local/lib/python3.8/site-packages/airflow/example_dags/example_sla_dag.py took 0.184 seconds
[2023-12-18T21:00:43.965+0000] {processor.py:157} INFO - Started process (PID=495) to work on /home/airflow/.local/lib/python3.8/site-packages/airflow/example_dags/example_sla_dag.py
[2023-12-18T21:00:43.967+0000] {processor.py:829} INFO - Processing file /home/airflow/.local/lib/python3.8/site-packages/airflow/example_dags/example_sla_dag.py for tasks to queue
[2023-12-18T21:00:43.970+0000] {logging_mixin.py:154} INFO - [2023-12-18T21:00:43.969+0000] {dagbag.py:536} INFO - Filling up the DagBag from /home/airflow/.local/lib/python3.8/site-packages/airflow/example_dags/example_sla_dag.py
[2023-12-18T21:00:43.988+0000] {processor.py:839} INFO - DAG(s) dict_keys(['example_sla_dag']) retrieved from /home/airflow/.local/lib/python3.8/site-packages/airflow/example_dags/example_sla_dag.py
[2023-12-18T21:00:44.023+0000] {logging_mixin.py:154} INFO - [2023-12-18T21:00:44.023+0000] {dag.py:2941} INFO - Sync 1 DAGs
[2023-12-18T21:00:44.068+0000] {logging_mixin.py:154} INFO - [2023-12-18T21:00:44.068+0000] {dag.py:3722} INFO - Setting next_dagrun for example_sla_dag to 2023-12-18T20:58:00+00:00, run_after=2023-12-18T21:00:00+00:00
[2023-12-18T21:00:44.135+0000] {processor.py:179} INFO - Processing /home/airflow/.local/lib/python3.8/site-packages/airflow/example_dags/example_sla_dag.py took 0.176 seconds
[2023-12-18T21:01:14.288+0000] {processor.py:157} INFO - Started process (PID=549) to work on /home/airflow/.local/lib/python3.8/site-packages/airflow/example_dags/example_sla_dag.py
[2023-12-18T21:01:14.289+0000] {processor.py:829} INFO - Processing file /home/airflow/.local/lib/python3.8/site-packages/airflow/example_dags/example_sla_dag.py for tasks to queue
[2023-12-18T21:01:14.292+0000] {logging_mixin.py:154} INFO - [2023-12-18T21:01:14.292+0000] {dagbag.py:536} INFO - Filling up the DagBag from /home/airflow/.local/lib/python3.8/site-packages/airflow/example_dags/example_sla_dag.py
[2023-12-18T21:01:14.305+0000] {processor.py:839} INFO - DAG(s) dict_keys(['example_sla_dag']) retrieved from /home/airflow/.local/lib/python3.8/site-packages/airflow/example_dags/example_sla_dag.py
[2023-12-18T21:01:14.338+0000] {logging_mixin.py:154} INFO - [2023-12-18T21:01:14.338+0000] {dag.py:2941} INFO - Sync 1 DAGs
[2023-12-18T21:01:14.382+0000] {logging_mixin.py:154} INFO - [2023-12-18T21:01:14.381+0000] {dag.py:3722} INFO - Setting next_dagrun for example_sla_dag to 2023-12-18T20:58:00+00:00, run_after=2023-12-18T21:00:00+00:00
[2023-12-18T21:01:14.416+0000] {processor.py:179} INFO - Processing /home/airflow/.local/lib/python3.8/site-packages/airflow/example_dags/example_sla_dag.py took 0.133 seconds
[2023-12-18T21:01:45.258+0000] {processor.py:157} INFO - Started process (PID=603) to work on /home/airflow/.local/lib/python3.8/site-packages/airflow/example_dags/example_sla_dag.py
[2023-12-18T21:01:45.259+0000] {processor.py:829} INFO - Processing file /home/airflow/.local/lib/python3.8/site-packages/airflow/example_dags/example_sla_dag.py for tasks to queue
[2023-12-18T21:01:45.262+0000] {logging_mixin.py:154} INFO - [2023-12-18T21:01:45.262+0000] {dagbag.py:536} INFO - Filling up the DagBag from /home/airflow/.local/lib/python3.8/site-packages/airflow/example_dags/example_sla_dag.py
[2023-12-18T21:01:45.276+0000] {processor.py:839} INFO - DAG(s) dict_keys(['example_sla_dag']) retrieved from /home/airflow/.local/lib/python3.8/site-packages/airflow/example_dags/example_sla_dag.py
[2023-12-18T21:01:45.334+0000] {logging_mixin.py:154} INFO - [2023-12-18T21:01:45.334+0000] {dag.py:2941} INFO - Sync 1 DAGs
[2023-12-18T21:01:45.412+0000] {logging_mixin.py:154} INFO - [2023-12-18T21:01:45.411+0000] {dag.py:3722} INFO - Setting next_dagrun for example_sla_dag to 2023-12-18T20:58:00+00:00, run_after=2023-12-18T21:00:00+00:00
[2023-12-18T21:01:45.465+0000] {processor.py:179} INFO - Processing /home/airflow/.local/lib/python3.8/site-packages/airflow/example_dags/example_sla_dag.py took 0.212 seconds
[2023-12-18T21:02:16.370+0000] {processor.py:157} INFO - Started process (PID=657) to work on /home/airflow/.local/lib/python3.8/site-packages/airflow/example_dags/example_sla_dag.py
[2023-12-18T21:02:16.372+0000] {processor.py:829} INFO - Processing file /home/airflow/.local/lib/python3.8/site-packages/airflow/example_dags/example_sla_dag.py for tasks to queue
[2023-12-18T21:02:16.376+0000] {logging_mixin.py:154} INFO - [2023-12-18T21:02:16.376+0000] {dagbag.py:536} INFO - Filling up the DagBag from /home/airflow/.local/lib/python3.8/site-packages/airflow/example_dags/example_sla_dag.py
[2023-12-18T21:02:16.391+0000] {processor.py:839} INFO - DAG(s) dict_keys(['example_sla_dag']) retrieved from /home/airflow/.local/lib/python3.8/site-packages/airflow/example_dags/example_sla_dag.py
[2023-12-18T21:02:16.436+0000] {logging_mixin.py:154} INFO - [2023-12-18T21:02:16.436+0000] {dag.py:2941} INFO - Sync 1 DAGs
[2023-12-18T21:02:16.520+0000] {logging_mixin.py:154} INFO - [2023-12-18T21:02:16.520+0000] {dag.py:3722} INFO - Setting next_dagrun for example_sla_dag to 2023-12-18T21:00:00+00:00, run_after=2023-12-18T21:02:00+00:00
[2023-12-18T21:02:16.557+0000] {processor.py:179} INFO - Processing /home/airflow/.local/lib/python3.8/site-packages/airflow/example_dags/example_sla_dag.py took 0.193 seconds
[2023-12-18T21:02:47.034+0000] {processor.py:157} INFO - Started process (PID=711) to work on /home/airflow/.local/lib/python3.8/site-packages/airflow/example_dags/example_sla_dag.py
[2023-12-18T21:02:47.036+0000] {processor.py:829} INFO - Processing file /home/airflow/.local/lib/python3.8/site-packages/airflow/example_dags/example_sla_dag.py for tasks to queue
[2023-12-18T21:02:47.039+0000] {logging_mixin.py:154} INFO - [2023-12-18T21:02:47.039+0000] {dagbag.py:536} INFO - Filling up the DagBag from /home/airflow/.local/lib/python3.8/site-packages/airflow/example_dags/example_sla_dag.py
[2023-12-18T21:02:47.059+0000] {processor.py:839} INFO - DAG(s) dict_keys(['example_sla_dag']) retrieved from /home/airflow/.local/lib/python3.8/site-packages/airflow/example_dags/example_sla_dag.py
[2023-12-18T21:02:47.092+0000] {logging_mixin.py:154} INFO - [2023-12-18T21:02:47.092+0000] {dag.py:2941} INFO - Sync 1 DAGs
[2023-12-18T21:02:47.141+0000] {logging_mixin.py:154} INFO - [2023-12-18T21:02:47.141+0000] {dag.py:3722} INFO - Setting next_dagrun for example_sla_dag to 2023-12-18T21:00:00+00:00, run_after=2023-12-18T21:02:00+00:00
[2023-12-18T21:02:47.212+0000] {processor.py:179} INFO - Processing /home/airflow/.local/lib/python3.8/site-packages/airflow/example_dags/example_sla_dag.py took 0.183 seconds
[2023-12-18T21:03:17.581+0000] {processor.py:157} INFO - Started process (PID=765) to work on /home/airflow/.local/lib/python3.8/site-packages/airflow/example_dags/example_sla_dag.py
[2023-12-18T21:03:17.583+0000] {processor.py:829} INFO - Processing file /home/airflow/.local/lib/python3.8/site-packages/airflow/example_dags/example_sla_dag.py for tasks to queue
[2023-12-18T21:03:17.586+0000] {logging_mixin.py:154} INFO - [2023-12-18T21:03:17.586+0000] {dagbag.py:536} INFO - Filling up the DagBag from /home/airflow/.local/lib/python3.8/site-packages/airflow/example_dags/example_sla_dag.py
[2023-12-18T21:03:17.598+0000] {processor.py:839} INFO - DAG(s) dict_keys(['example_sla_dag']) retrieved from /home/airflow/.local/lib/python3.8/site-packages/airflow/example_dags/example_sla_dag.py
[2023-12-18T21:03:17.632+0000] {logging_mixin.py:154} INFO - [2023-12-18T21:03:17.631+0000] {dag.py:2941} INFO - Sync 1 DAGs
[2023-12-18T21:03:17.683+0000] {logging_mixin.py:154} INFO - [2023-12-18T21:03:17.682+0000] {dag.py:3722} INFO - Setting next_dagrun for example_sla_dag to 2023-12-18T21:00:00+00:00, run_after=2023-12-18T21:02:00+00:00
[2023-12-18T21:03:17.757+0000] {processor.py:179} INFO - Processing /home/airflow/.local/lib/python3.8/site-packages/airflow/example_dags/example_sla_dag.py took 0.181 seconds
[2023-12-18T21:03:48.072+0000] {processor.py:157} INFO - Started process (PID=819) to work on /home/airflow/.local/lib/python3.8/site-packages/airflow/example_dags/example_sla_dag.py
[2023-12-18T21:03:48.074+0000] {processor.py:829} INFO - Processing file /home/airflow/.local/lib/python3.8/site-packages/airflow/example_dags/example_sla_dag.py for tasks to queue
[2023-12-18T21:03:48.078+0000] {logging_mixin.py:154} INFO - [2023-12-18T21:03:48.077+0000] {dagbag.py:536} INFO - Filling up the DagBag from /home/airflow/.local/lib/python3.8/site-packages/airflow/example_dags/example_sla_dag.py
[2023-12-18T21:03:48.092+0000] {processor.py:839} INFO - DAG(s) dict_keys(['example_sla_dag']) retrieved from /home/airflow/.local/lib/python3.8/site-packages/airflow/example_dags/example_sla_dag.py
[2023-12-18T21:03:48.155+0000] {logging_mixin.py:154} INFO - [2023-12-18T21:03:48.155+0000] {dag.py:2941} INFO - Sync 1 DAGs
[2023-12-18T21:03:48.236+0000] {logging_mixin.py:154} INFO - [2023-12-18T21:03:48.235+0000] {dag.py:3722} INFO - Setting next_dagrun for example_sla_dag to 2023-12-18T21:00:00+00:00, run_after=2023-12-18T21:02:00+00:00
[2023-12-18T21:03:48.273+0000] {processor.py:179} INFO - Processing /home/airflow/.local/lib/python3.8/site-packages/airflow/example_dags/example_sla_dag.py took 0.205 seconds
[2023-12-18T21:04:18.734+0000] {processor.py:157} INFO - Started process (PID=873) to work on /home/airflow/.local/lib/python3.8/site-packages/airflow/example_dags/example_sla_dag.py
[2023-12-18T21:04:18.734+0000] {processor.py:829} INFO - Processing file /home/airflow/.local/lib/python3.8/site-packages/airflow/example_dags/example_sla_dag.py for tasks to queue
[2023-12-18T21:04:18.736+0000] {logging_mixin.py:154} INFO - [2023-12-18T21:04:18.735+0000] {dagbag.py:536} INFO - Filling up the DagBag from /home/airflow/.local/lib/python3.8/site-packages/airflow/example_dags/example_sla_dag.py
[2023-12-18T21:04:18.741+0000] {processor.py:839} INFO - DAG(s) dict_keys(['example_sla_dag']) retrieved from /home/airflow/.local/lib/python3.8/site-packages/airflow/example_dags/example_sla_dag.py
[2023-12-18T21:04:18.756+0000] {logging_mixin.py:154} INFO - [2023-12-18T21:04:18.756+0000] {dag.py:2941} INFO - Sync 1 DAGs
[2023-12-18T21:04:18.776+0000] {logging_mixin.py:154} INFO - [2023-12-18T21:04:18.776+0000] {dag.py:3722} INFO - Setting next_dagrun for example_sla_dag to 2023-12-18T21:02:00+00:00, run_after=2023-12-18T21:04:00+00:00
[2023-12-18T21:04:18.791+0000] {processor.py:179} INFO - Processing /home/airflow/.local/lib/python3.8/site-packages/airflow/example_dags/example_sla_dag.py took 0.060 seconds
[2023-12-18T21:04:49.068+0000] {processor.py:157} INFO - Started process (PID=927) to work on /home/airflow/.local/lib/python3.8/site-packages/airflow/example_dags/example_sla_dag.py
[2023-12-18T21:04:49.069+0000] {processor.py:829} INFO - Processing file /home/airflow/.local/lib/python3.8/site-packages/airflow/example_dags/example_sla_dag.py for tasks to queue
[2023-12-18T21:04:49.071+0000] {logging_mixin.py:154} INFO - [2023-12-18T21:04:49.070+0000] {dagbag.py:536} INFO - Filling up the DagBag from /home/airflow/.local/lib/python3.8/site-packages/airflow/example_dags/example_sla_dag.py
[2023-12-18T21:04:49.078+0000] {processor.py:839} INFO - DAG(s) dict_keys(['example_sla_dag']) retrieved from /home/airflow/.local/lib/python3.8/site-packages/airflow/example_dags/example_sla_dag.py
[2023-12-18T21:04:49.096+0000] {logging_mixin.py:154} INFO - [2023-12-18T21:04:49.095+0000] {dag.py:2941} INFO - Sync 1 DAGs
[2023-12-18T21:04:49.117+0000] {logging_mixin.py:154} INFO - [2023-12-18T21:04:49.116+0000] {dag.py:3722} INFO - Setting next_dagrun for example_sla_dag to 2023-12-18T21:02:00+00:00, run_after=2023-12-18T21:04:00+00:00
[2023-12-18T21:04:49.131+0000] {processor.py:179} INFO - Processing /home/airflow/.local/lib/python3.8/site-packages/airflow/example_dags/example_sla_dag.py took 0.066 seconds
[2023-12-18T21:05:19.478+0000] {processor.py:157} INFO - Started process (PID=981) to work on /home/airflow/.local/lib/python3.8/site-packages/airflow/example_dags/example_sla_dag.py
[2023-12-18T21:05:19.479+0000] {processor.py:829} INFO - Processing file /home/airflow/.local/lib/python3.8/site-packages/airflow/example_dags/example_sla_dag.py for tasks to queue
[2023-12-18T21:05:19.480+0000] {logging_mixin.py:154} INFO - [2023-12-18T21:05:19.480+0000] {dagbag.py:536} INFO - Filling up the DagBag from /home/airflow/.local/lib/python3.8/site-packages/airflow/example_dags/example_sla_dag.py
[2023-12-18T21:05:19.487+0000] {processor.py:839} INFO - DAG(s) dict_keys(['example_sla_dag']) retrieved from /home/airflow/.local/lib/python3.8/site-packages/airflow/example_dags/example_sla_dag.py
[2023-12-18T21:05:19.502+0000] {logging_mixin.py:154} INFO - [2023-12-18T21:05:19.502+0000] {dag.py:2941} INFO - Sync 1 DAGs
[2023-12-18T21:05:19.522+0000] {logging_mixin.py:154} INFO - [2023-12-18T21:05:19.522+0000] {dag.py:3722} INFO - Setting next_dagrun for example_sla_dag to 2023-12-18T21:02:00+00:00, run_after=2023-12-18T21:04:00+00:00
[2023-12-18T21:05:19.537+0000] {processor.py:179} INFO - Processing /home/airflow/.local/lib/python3.8/site-packages/airflow/example_dags/example_sla_dag.py took 0.062 seconds
[2023-12-18T21:05:49.773+0000] {processor.py:157} INFO - Started process (PID=1035) to work on /home/airflow/.local/lib/python3.8/site-packages/airflow/example_dags/example_sla_dag.py
[2023-12-18T21:05:49.774+0000] {processor.py:829} INFO - Processing file /home/airflow/.local/lib/python3.8/site-packages/airflow/example_dags/example_sla_dag.py for tasks to queue
[2023-12-18T21:05:49.775+0000] {logging_mixin.py:154} INFO - [2023-12-18T21:05:49.775+0000] {dagbag.py:536} INFO - Filling up the DagBag from /home/airflow/.local/lib/python3.8/site-packages/airflow/example_dags/example_sla_dag.py
[2023-12-18T21:05:49.781+0000] {processor.py:839} INFO - DAG(s) dict_keys(['example_sla_dag']) retrieved from /home/airflow/.local/lib/python3.8/site-packages/airflow/example_dags/example_sla_dag.py
[2023-12-18T21:05:49.797+0000] {logging_mixin.py:154} INFO - [2023-12-18T21:05:49.797+0000] {dag.py:2941} INFO - Sync 1 DAGs
[2023-12-18T21:05:49.817+0000] {logging_mixin.py:154} INFO - [2023-12-18T21:05:49.816+0000] {dag.py:3722} INFO - Setting next_dagrun for example_sla_dag to 2023-12-18T21:02:00+00:00, run_after=2023-12-18T21:04:00+00:00
[2023-12-18T21:05:49.830+0000] {processor.py:179} INFO - Processing /home/airflow/.local/lib/python3.8/site-packages/airflow/example_dags/example_sla_dag.py took 0.060 seconds
[2023-12-18T21:06:20.095+0000] {processor.py:157} INFO - Started process (PID=1089) to work on /home/airflow/.local/lib/python3.8/site-packages/airflow/example_dags/example_sla_dag.py
[2023-12-18T21:06:20.096+0000] {processor.py:829} INFO - Processing file /home/airflow/.local/lib/python3.8/site-packages/airflow/example_dags/example_sla_dag.py for tasks to queue
[2023-12-18T21:06:20.098+0000] {logging_mixin.py:154} INFO - [2023-12-18T21:06:20.097+0000] {dagbag.py:536} INFO - Filling up the DagBag from /home/airflow/.local/lib/python3.8/site-packages/airflow/example_dags/example_sla_dag.py
[2023-12-18T21:06:20.104+0000] {processor.py:839} INFO - DAG(s) dict_keys(['example_sla_dag']) retrieved from /home/airflow/.local/lib/python3.8/site-packages/airflow/example_dags/example_sla_dag.py
[2023-12-18T21:06:20.119+0000] {logging_mixin.py:154} INFO - [2023-12-18T21:06:20.119+0000] {dag.py:2941} INFO - Sync 1 DAGs
[2023-12-18T21:06:20.140+0000] {logging_mixin.py:154} INFO - [2023-12-18T21:06:20.140+0000] {dag.py:3722} INFO - Setting next_dagrun for example_sla_dag to 2023-12-18T21:04:00+00:00, run_after=2023-12-18T21:06:00+00:00
[2023-12-18T21:06:20.155+0000] {processor.py:179} INFO - Processing /home/airflow/.local/lib/python3.8/site-packages/airflow/example_dags/example_sla_dag.py took 0.062 seconds
[2023-12-18T21:06:50.292+0000] {processor.py:157} INFO - Started process (PID=1143) to work on /home/airflow/.local/lib/python3.8/site-packages/airflow/example_dags/example_sla_dag.py
[2023-12-18T21:06:50.293+0000] {processor.py:829} INFO - Processing file /home/airflow/.local/lib/python3.8/site-packages/airflow/example_dags/example_sla_dag.py for tasks to queue
[2023-12-18T21:06:50.294+0000] {logging_mixin.py:154} INFO - [2023-12-18T21:06:50.294+0000] {dagbag.py:536} INFO - Filling up the DagBag from /home/airflow/.local/lib/python3.8/site-packages/airflow/example_dags/example_sla_dag.py
[2023-12-18T21:06:50.300+0000] {processor.py:839} INFO - DAG(s) dict_keys(['example_sla_dag']) retrieved from /home/airflow/.local/lib/python3.8/site-packages/airflow/example_dags/example_sla_dag.py
[2023-12-18T21:06:50.313+0000] {logging_mixin.py:154} INFO - [2023-12-18T21:06:50.313+0000] {dag.py:2941} INFO - Sync 1 DAGs
[2023-12-18T21:06:50.333+0000] {logging_mixin.py:154} INFO - [2023-12-18T21:06:50.333+0000] {dag.py:3722} INFO - Setting next_dagrun for example_sla_dag to 2023-12-18T21:04:00+00:00, run_after=2023-12-18T21:06:00+00:00
[2023-12-18T21:06:50.346+0000] {processor.py:179} INFO - Processing /home/airflow/.local/lib/python3.8/site-packages/airflow/example_dags/example_sla_dag.py took 0.056 seconds
[2023-12-18T21:07:20.639+0000] {processor.py:157} INFO - Started process (PID=1197) to work on /home/airflow/.local/lib/python3.8/site-packages/airflow/example_dags/example_sla_dag.py
[2023-12-18T21:07:20.639+0000] {processor.py:829} INFO - Processing file /home/airflow/.local/lib/python3.8/site-packages/airflow/example_dags/example_sla_dag.py for tasks to queue
[2023-12-18T21:07:20.641+0000] {logging_mixin.py:154} INFO - [2023-12-18T21:07:20.641+0000] {dagbag.py:536} INFO - Filling up the DagBag from /home/airflow/.local/lib/python3.8/site-packages/airflow/example_dags/example_sla_dag.py
[2023-12-18T21:07:20.647+0000] {processor.py:839} INFO - DAG(s) dict_keys(['example_sla_dag']) retrieved from /home/airflow/.local/lib/python3.8/site-packages/airflow/example_dags/example_sla_dag.py
[2023-12-18T21:07:20.661+0000] {logging_mixin.py:154} INFO - [2023-12-18T21:07:20.661+0000] {dag.py:2941} INFO - Sync 1 DAGs
[2023-12-18T21:07:20.680+0000] {logging_mixin.py:154} INFO - [2023-12-18T21:07:20.680+0000] {dag.py:3722} INFO - Setting next_dagrun for example_sla_dag to 2023-12-18T21:04:00+00:00, run_after=2023-12-18T21:06:00+00:00
[2023-12-18T21:07:20.694+0000] {processor.py:179} INFO - Processing /home/airflow/.local/lib/python3.8/site-packages/airflow/example_dags/example_sla_dag.py took 0.058 seconds
[2023-12-18T21:07:51.512+0000] {processor.py:157} INFO - Started process (PID=1251) to work on /home/airflow/.local/lib/python3.8/site-packages/airflow/example_dags/example_sla_dag.py
[2023-12-18T21:07:51.513+0000] {processor.py:829} INFO - Processing file /home/airflow/.local/lib/python3.8/site-packages/airflow/example_dags/example_sla_dag.py for tasks to queue
[2023-12-18T21:07:51.515+0000] {logging_mixin.py:154} INFO - [2023-12-18T21:07:51.514+0000] {dagbag.py:536} INFO - Filling up the DagBag from /home/airflow/.local/lib/python3.8/site-packages/airflow/example_dags/example_sla_dag.py
[2023-12-18T21:07:51.520+0000] {processor.py:839} INFO - DAG(s) dict_keys(['example_sla_dag']) retrieved from /home/airflow/.local/lib/python3.8/site-packages/airflow/example_dags/example_sla_dag.py
[2023-12-18T21:07:51.535+0000] {logging_mixin.py:154} INFO - [2023-12-18T21:07:51.535+0000] {dag.py:2941} INFO - Sync 1 DAGs
[2023-12-18T21:07:51.555+0000] {logging_mixin.py:154} INFO - [2023-12-18T21:07:51.555+0000] {dag.py:3722} INFO - Setting next_dagrun for example_sla_dag to 2023-12-18T21:04:00+00:00, run_after=2023-12-18T21:06:00+00:00
[2023-12-18T21:07:51.568+0000] {processor.py:179} INFO - Processing /home/airflow/.local/lib/python3.8/site-packages/airflow/example_dags/example_sla_dag.py took 0.058 seconds
[2023-12-18T21:11:27.845+0000] {processor.py:157} INFO - Started process (PID=1296) to work on /home/airflow/.local/lib/python3.8/site-packages/airflow/example_dags/example_sla_dag.py
[2023-12-18T21:11:27.846+0000] {processor.py:829} INFO - Processing file /home/airflow/.local/lib/python3.8/site-packages/airflow/example_dags/example_sla_dag.py for tasks to queue
[2023-12-18T21:11:27.848+0000] {logging_mixin.py:154} INFO - [2023-12-18T21:11:27.848+0000] {dagbag.py:536} INFO - Filling up the DagBag from /home/airflow/.local/lib/python3.8/site-packages/airflow/example_dags/example_sla_dag.py
[2023-12-18T21:11:27.855+0000] {processor.py:839} INFO - DAG(s) dict_keys(['example_sla_dag']) retrieved from /home/airflow/.local/lib/python3.8/site-packages/airflow/example_dags/example_sla_dag.py
[2023-12-18T21:11:27.872+0000] {logging_mixin.py:154} INFO - [2023-12-18T21:11:27.871+0000] {dag.py:2941} INFO - Sync 1 DAGs
[2023-12-18T21:11:27.894+0000] {logging_mixin.py:154} INFO - [2023-12-18T21:11:27.894+0000] {dag.py:3722} INFO - Setting next_dagrun for example_sla_dag to 2023-12-18T21:08:00+00:00, run_after=2023-12-18T21:10:00+00:00
[2023-12-18T21:11:27.911+0000] {processor.py:179} INFO - Processing /home/airflow/.local/lib/python3.8/site-packages/airflow/example_dags/example_sla_dag.py took 0.068 seconds
[2023-12-18T21:11:58.147+0000] {processor.py:157} INFO - Started process (PID=1350) to work on /home/airflow/.local/lib/python3.8/site-packages/airflow/example_dags/example_sla_dag.py
[2023-12-18T21:11:58.148+0000] {processor.py:829} INFO - Processing file /home/airflow/.local/lib/python3.8/site-packages/airflow/example_dags/example_sla_dag.py for tasks to queue
[2023-12-18T21:11:58.149+0000] {logging_mixin.py:154} INFO - [2023-12-18T21:11:58.149+0000] {dagbag.py:536} INFO - Filling up the DagBag from /home/airflow/.local/lib/python3.8/site-packages/airflow/example_dags/example_sla_dag.py
[2023-12-18T21:11:58.156+0000] {processor.py:839} INFO - DAG(s) dict_keys(['example_sla_dag']) retrieved from /home/airflow/.local/lib/python3.8/site-packages/airflow/example_dags/example_sla_dag.py
[2023-12-18T21:11:58.173+0000] {logging_mixin.py:154} INFO - [2023-12-18T21:11:58.172+0000] {dag.py:2941} INFO - Sync 1 DAGs
[2023-12-18T21:11:58.193+0000] {logging_mixin.py:154} INFO - [2023-12-18T21:11:58.193+0000] {dag.py:3722} INFO - Setting next_dagrun for example_sla_dag to 2023-12-18T21:08:00+00:00, run_after=2023-12-18T21:10:00+00:00
[2023-12-18T21:11:58.208+0000] {processor.py:179} INFO - Processing /home/airflow/.local/lib/python3.8/site-packages/airflow/example_dags/example_sla_dag.py took 0.064 seconds
[2023-12-18T21:12:28.496+0000] {processor.py:157} INFO - Started process (PID=1404) to work on /home/airflow/.local/lib/python3.8/site-packages/airflow/example_dags/example_sla_dag.py
[2023-12-18T21:12:28.497+0000] {processor.py:829} INFO - Processing file /home/airflow/.local/lib/python3.8/site-packages/airflow/example_dags/example_sla_dag.py for tasks to queue
[2023-12-18T21:12:28.499+0000] {logging_mixin.py:154} INFO - [2023-12-18T21:12:28.498+0000] {dagbag.py:536} INFO - Filling up the DagBag from /home/airflow/.local/lib/python3.8/site-packages/airflow/example_dags/example_sla_dag.py
[2023-12-18T21:12:28.505+0000] {processor.py:839} INFO - DAG(s) dict_keys(['example_sla_dag']) retrieved from /home/airflow/.local/lib/python3.8/site-packages/airflow/example_dags/example_sla_dag.py
[2023-12-18T21:12:28.522+0000] {logging_mixin.py:154} INFO - [2023-12-18T21:12:28.522+0000] {dag.py:2941} INFO - Sync 1 DAGs
[2023-12-18T21:12:28.543+0000] {logging_mixin.py:154} INFO - [2023-12-18T21:12:28.543+0000] {dag.py:3722} INFO - Setting next_dagrun for example_sla_dag to 2023-12-18T21:10:00+00:00, run_after=2023-12-18T21:12:00+00:00
[2023-12-18T21:12:28.558+0000] {processor.py:179} INFO - Processing /home/airflow/.local/lib/python3.8/site-packages/airflow/example_dags/example_sla_dag.py took 0.065 seconds
[2023-12-18T21:12:58.782+0000] {processor.py:157} INFO - Started process (PID=1458) to work on /home/airflow/.local/lib/python3.8/site-packages/airflow/example_dags/example_sla_dag.py
[2023-12-18T21:12:58.783+0000] {processor.py:829} INFO - Processing file /home/airflow/.local/lib/python3.8/site-packages/airflow/example_dags/example_sla_dag.py for tasks to queue
[2023-12-18T21:12:58.784+0000] {logging_mixin.py:154} INFO - [2023-12-18T21:12:58.784+0000] {dagbag.py:536} INFO - Filling up the DagBag from /home/airflow/.local/lib/python3.8/site-packages/airflow/example_dags/example_sla_dag.py
[2023-12-18T21:12:58.790+0000] {processor.py:839} INFO - DAG(s) dict_keys(['example_sla_dag']) retrieved from /home/airflow/.local/lib/python3.8/site-packages/airflow/example_dags/example_sla_dag.py
[2023-12-18T21:12:58.805+0000] {logging_mixin.py:154} INFO - [2023-12-18T21:12:58.805+0000] {dag.py:2941} INFO - Sync 1 DAGs
[2023-12-18T21:12:58.827+0000] {logging_mixin.py:154} INFO - [2023-12-18T21:12:58.826+0000] {dag.py:3722} INFO - Setting next_dagrun for example_sla_dag to 2023-12-18T21:10:00+00:00, run_after=2023-12-18T21:12:00+00:00
[2023-12-18T21:12:58.841+0000] {processor.py:179} INFO - Processing /home/airflow/.local/lib/python3.8/site-packages/airflow/example_dags/example_sla_dag.py took 0.062 seconds
[2023-12-18T21:13:29.108+0000] {processor.py:157} INFO - Started process (PID=1512) to work on /home/airflow/.local/lib/python3.8/site-packages/airflow/example_dags/example_sla_dag.py
[2023-12-18T21:13:29.109+0000] {processor.py:829} INFO - Processing file /home/airflow/.local/lib/python3.8/site-packages/airflow/example_dags/example_sla_dag.py for tasks to queue
[2023-12-18T21:13:29.111+0000] {logging_mixin.py:154} INFO - [2023-12-18T21:13:29.111+0000] {dagbag.py:536} INFO - Filling up the DagBag from /home/airflow/.local/lib/python3.8/site-packages/airflow/example_dags/example_sla_dag.py
[2023-12-18T21:13:29.117+0000] {processor.py:839} INFO - DAG(s) dict_keys(['example_sla_dag']) retrieved from /home/airflow/.local/lib/python3.8/site-packages/airflow/example_dags/example_sla_dag.py
[2023-12-18T21:13:29.134+0000] {logging_mixin.py:154} INFO - [2023-12-18T21:13:29.134+0000] {dag.py:2941} INFO - Sync 1 DAGs
[2023-12-18T21:13:29.159+0000] {logging_mixin.py:154} INFO - [2023-12-18T21:13:29.158+0000] {dag.py:3722} INFO - Setting next_dagrun for example_sla_dag to 2023-12-18T21:10:00+00:00, run_after=2023-12-18T21:12:00+00:00
[2023-12-18T21:13:29.174+0000] {processor.py:179} INFO - Processing /home/airflow/.local/lib/python3.8/site-packages/airflow/example_dags/example_sla_dag.py took 0.069 seconds
[2023-12-18T21:13:59.636+0000] {processor.py:157} INFO - Started process (PID=1566) to work on /home/airflow/.local/lib/python3.8/site-packages/airflow/example_dags/example_sla_dag.py
[2023-12-18T21:13:59.637+0000] {processor.py:829} INFO - Processing file /home/airflow/.local/lib/python3.8/site-packages/airflow/example_dags/example_sla_dag.py for tasks to queue
[2023-12-18T21:13:59.638+0000] {logging_mixin.py:154} INFO - [2023-12-18T21:13:59.638+0000] {dagbag.py:536} INFO - Filling up the DagBag from /home/airflow/.local/lib/python3.8/site-packages/airflow/example_dags/example_sla_dag.py
[2023-12-18T21:13:59.644+0000] {processor.py:839} INFO - DAG(s) dict_keys(['example_sla_dag']) retrieved from /home/airflow/.local/lib/python3.8/site-packages/airflow/example_dags/example_sla_dag.py
[2023-12-18T21:13:59.661+0000] {logging_mixin.py:154} INFO - [2023-12-18T21:13:59.660+0000] {dag.py:2941} INFO - Sync 1 DAGs
[2023-12-18T21:13:59.681+0000] {logging_mixin.py:154} INFO - [2023-12-18T21:13:59.681+0000] {dag.py:3722} INFO - Setting next_dagrun for example_sla_dag to 2023-12-18T21:10:00+00:00, run_after=2023-12-18T21:12:00+00:00
[2023-12-18T21:13:59.695+0000] {processor.py:179} INFO - Processing /home/airflow/.local/lib/python3.8/site-packages/airflow/example_dags/example_sla_dag.py took 0.061 seconds
[2023-12-18T21:14:30.040+0000] {processor.py:157} INFO - Started process (PID=1620) to work on /home/airflow/.local/lib/python3.8/site-packages/airflow/example_dags/example_sla_dag.py
[2023-12-18T21:14:30.041+0000] {processor.py:829} INFO - Processing file /home/airflow/.local/lib/python3.8/site-packages/airflow/example_dags/example_sla_dag.py for tasks to queue
[2023-12-18T21:14:30.043+0000] {logging_mixin.py:154} INFO - [2023-12-18T21:14:30.042+0000] {dagbag.py:536} INFO - Filling up the DagBag from /home/airflow/.local/lib/python3.8/site-packages/airflow/example_dags/example_sla_dag.py
[2023-12-18T21:14:30.048+0000] {processor.py:839} INFO - DAG(s) dict_keys(['example_sla_dag']) retrieved from /home/airflow/.local/lib/python3.8/site-packages/airflow/example_dags/example_sla_dag.py
[2023-12-18T21:14:30.064+0000] {logging_mixin.py:154} INFO - [2023-12-18T21:14:30.064+0000] {dag.py:2941} INFO - Sync 1 DAGs
[2023-12-18T21:14:30.084+0000] {logging_mixin.py:154} INFO - [2023-12-18T21:14:30.084+0000] {dag.py:3722} INFO - Setting next_dagrun for example_sla_dag to 2023-12-18T21:12:00+00:00, run_after=2023-12-18T21:14:00+00:00
[2023-12-18T21:14:30.098+0000] {processor.py:179} INFO - Processing /home/airflow/.local/lib/python3.8/site-packages/airflow/example_dags/example_sla_dag.py took 0.061 seconds
[2023-12-18T21:15:00.471+0000] {processor.py:157} INFO - Started process (PID=1674) to work on /home/airflow/.local/lib/python3.8/site-packages/airflow/example_dags/example_sla_dag.py
[2023-12-18T21:15:00.471+0000] {processor.py:829} INFO - Processing file /home/airflow/.local/lib/python3.8/site-packages/airflow/example_dags/example_sla_dag.py for tasks to queue
[2023-12-18T21:15:00.473+0000] {logging_mixin.py:154} INFO - [2023-12-18T21:15:00.473+0000] {dagbag.py:536} INFO - Filling up the DagBag from /home/airflow/.local/lib/python3.8/site-packages/airflow/example_dags/example_sla_dag.py
[2023-12-18T21:15:00.480+0000] {processor.py:839} INFO - DAG(s) dict_keys(['example_sla_dag']) retrieved from /home/airflow/.local/lib/python3.8/site-packages/airflow/example_dags/example_sla_dag.py
[2023-12-18T21:15:00.498+0000] {logging_mixin.py:154} INFO - [2023-12-18T21:15:00.498+0000] {dag.py:2941} INFO - Sync 1 DAGs
[2023-12-18T21:15:00.522+0000] {logging_mixin.py:154} INFO - [2023-12-18T21:15:00.522+0000] {dag.py:3722} INFO - Setting next_dagrun for example_sla_dag to 2023-12-18T21:12:00+00:00, run_after=2023-12-18T21:14:00+00:00
[2023-12-18T21:15:00.541+0000] {processor.py:179} INFO - Processing /home/airflow/.local/lib/python3.8/site-packages/airflow/example_dags/example_sla_dag.py took 0.073 seconds
[2023-12-18T21:15:30.786+0000] {processor.py:157} INFO - Started process (PID=1728) to work on /home/airflow/.local/lib/python3.8/site-packages/airflow/example_dags/example_sla_dag.py
[2023-12-18T21:15:30.787+0000] {processor.py:829} INFO - Processing file /home/airflow/.local/lib/python3.8/site-packages/airflow/example_dags/example_sla_dag.py for tasks to queue
[2023-12-18T21:15:30.788+0000] {logging_mixin.py:154} INFO - [2023-12-18T21:15:30.788+0000] {dagbag.py:536} INFO - Filling up the DagBag from /home/airflow/.local/lib/python3.8/site-packages/airflow/example_dags/example_sla_dag.py
[2023-12-18T21:15:30.794+0000] {processor.py:839} INFO - DAG(s) dict_keys(['example_sla_dag']) retrieved from /home/airflow/.local/lib/python3.8/site-packages/airflow/example_dags/example_sla_dag.py
[2023-12-18T21:15:30.809+0000] {logging_mixin.py:154} INFO - [2023-12-18T21:15:30.809+0000] {dag.py:2941} INFO - Sync 1 DAGs
[2023-12-18T21:15:30.828+0000] {logging_mixin.py:154} INFO - [2023-12-18T21:15:30.828+0000] {dag.py:3722} INFO - Setting next_dagrun for example_sla_dag to 2023-12-18T21:12:00+00:00, run_after=2023-12-18T21:14:00+00:00
[2023-12-18T21:15:30.842+0000] {processor.py:179} INFO - Processing /home/airflow/.local/lib/python3.8/site-packages/airflow/example_dags/example_sla_dag.py took 0.058 seconds
[2023-12-18T21:16:01.243+0000] {processor.py:157} INFO - Started process (PID=1782) to work on /home/airflow/.local/lib/python3.8/site-packages/airflow/example_dags/example_sla_dag.py
[2023-12-18T21:16:01.244+0000] {processor.py:829} INFO - Processing file /home/airflow/.local/lib/python3.8/site-packages/airflow/example_dags/example_sla_dag.py for tasks to queue
[2023-12-18T21:16:01.245+0000] {logging_mixin.py:154} INFO - [2023-12-18T21:16:01.245+0000] {dagbag.py:536} INFO - Filling up the DagBag from /home/airflow/.local/lib/python3.8/site-packages/airflow/example_dags/example_sla_dag.py
[2023-12-18T21:16:01.251+0000] {processor.py:839} INFO - DAG(s) dict_keys(['example_sla_dag']) retrieved from /home/airflow/.local/lib/python3.8/site-packages/airflow/example_dags/example_sla_dag.py
[2023-12-18T21:16:01.268+0000] {logging_mixin.py:154} INFO - [2023-12-18T21:16:01.267+0000] {dag.py:2941} INFO - Sync 1 DAGs
[2023-12-18T21:16:01.288+0000] {logging_mixin.py:154} INFO - [2023-12-18T21:16:01.287+0000] {dag.py:3722} INFO - Setting next_dagrun for example_sla_dag to 2023-12-18T21:14:00+00:00, run_after=2023-12-18T21:16:00+00:00
[2023-12-18T21:16:01.302+0000] {processor.py:179} INFO - Processing /home/airflow/.local/lib/python3.8/site-packages/airflow/example_dags/example_sla_dag.py took 0.061 seconds
[2023-12-18T21:16:31.563+0000] {processor.py:157} INFO - Started process (PID=1836) to work on /home/airflow/.local/lib/python3.8/site-packages/airflow/example_dags/example_sla_dag.py
[2023-12-18T21:16:31.564+0000] {processor.py:829} INFO - Processing file /home/airflow/.local/lib/python3.8/site-packages/airflow/example_dags/example_sla_dag.py for tasks to queue
[2023-12-18T21:16:31.566+0000] {logging_mixin.py:154} INFO - [2023-12-18T21:16:31.566+0000] {dagbag.py:536} INFO - Filling up the DagBag from /home/airflow/.local/lib/python3.8/site-packages/airflow/example_dags/example_sla_dag.py
[2023-12-18T21:16:31.572+0000] {processor.py:839} INFO - DAG(s) dict_keys(['example_sla_dag']) retrieved from /home/airflow/.local/lib/python3.8/site-packages/airflow/example_dags/example_sla_dag.py
[2023-12-18T21:16:31.588+0000] {logging_mixin.py:154} INFO - [2023-12-18T21:16:31.588+0000] {dag.py:2941} INFO - Sync 1 DAGs
[2023-12-18T21:16:31.609+0000] {logging_mixin.py:154} INFO - [2023-12-18T21:16:31.608+0000] {dag.py:3722} INFO - Setting next_dagrun for example_sla_dag to 2023-12-18T21:14:00+00:00, run_after=2023-12-18T21:16:00+00:00
[2023-12-18T21:16:31.622+0000] {processor.py:179} INFO - Processing /home/airflow/.local/lib/python3.8/site-packages/airflow/example_dags/example_sla_dag.py took 0.061 seconds
[2023-12-18T21:17:02.092+0000] {processor.py:157} INFO - Started process (PID=1890) to work on /home/airflow/.local/lib/python3.8/site-packages/airflow/example_dags/example_sla_dag.py
[2023-12-18T21:17:02.093+0000] {processor.py:829} INFO - Processing file /home/airflow/.local/lib/python3.8/site-packages/airflow/example_dags/example_sla_dag.py for tasks to queue
[2023-12-18T21:17:02.095+0000] {logging_mixin.py:154} INFO - [2023-12-18T21:17:02.094+0000] {dagbag.py:536} INFO - Filling up the DagBag from /home/airflow/.local/lib/python3.8/site-packages/airflow/example_dags/example_sla_dag.py
[2023-12-18T21:17:02.101+0000] {processor.py:839} INFO - DAG(s) dict_keys(['example_sla_dag']) retrieved from /home/airflow/.local/lib/python3.8/site-packages/airflow/example_dags/example_sla_dag.py
[2023-12-18T21:17:02.118+0000] {logging_mixin.py:154} INFO - [2023-12-18T21:17:02.117+0000] {dag.py:2941} INFO - Sync 1 DAGs
[2023-12-18T21:17:02.140+0000] {logging_mixin.py:154} INFO - [2023-12-18T21:17:02.139+0000] {dag.py:3722} INFO - Setting next_dagrun for example_sla_dag to 2023-12-18T21:14:00+00:00, run_after=2023-12-18T21:16:00+00:00
[2023-12-18T21:17:02.296+0000] {processor.py:179} INFO - Processing /home/airflow/.local/lib/python3.8/site-packages/airflow/example_dags/example_sla_dag.py took 0.207 seconds
[2023-12-18T21:17:32.959+0000] {processor.py:157} INFO - Started process (PID=1944) to work on /home/airflow/.local/lib/python3.8/site-packages/airflow/example_dags/example_sla_dag.py
[2023-12-18T21:17:32.959+0000] {processor.py:829} INFO - Processing file /home/airflow/.local/lib/python3.8/site-packages/airflow/example_dags/example_sla_dag.py for tasks to queue
[2023-12-18T21:17:32.961+0000] {logging_mixin.py:154} INFO - [2023-12-18T21:17:32.961+0000] {dagbag.py:536} INFO - Filling up the DagBag from /home/airflow/.local/lib/python3.8/site-packages/airflow/example_dags/example_sla_dag.py
[2023-12-18T21:17:32.967+0000] {processor.py:839} INFO - DAG(s) dict_keys(['example_sla_dag']) retrieved from /home/airflow/.local/lib/python3.8/site-packages/airflow/example_dags/example_sla_dag.py
[2023-12-18T21:17:32.984+0000] {logging_mixin.py:154} INFO - [2023-12-18T21:17:32.984+0000] {dag.py:2941} INFO - Sync 1 DAGs
[2023-12-18T21:17:33.008+0000] {logging_mixin.py:154} INFO - [2023-12-18T21:17:33.008+0000] {dag.py:3722} INFO - Setting next_dagrun for example_sla_dag to 2023-12-18T21:14:00+00:00, run_after=2023-12-18T21:16:00+00:00
[2023-12-18T21:17:33.024+0000] {processor.py:179} INFO - Processing /home/airflow/.local/lib/python3.8/site-packages/airflow/example_dags/example_sla_dag.py took 0.068 seconds
[2023-12-18T21:18:03.229+0000] {processor.py:157} INFO - Started process (PID=1998) to work on /home/airflow/.local/lib/python3.8/site-packages/airflow/example_dags/example_sla_dag.py
[2023-12-18T21:18:03.229+0000] {processor.py:829} INFO - Processing file /home/airflow/.local/lib/python3.8/site-packages/airflow/example_dags/example_sla_dag.py for tasks to queue
[2023-12-18T21:18:03.231+0000] {logging_mixin.py:154} INFO - [2023-12-18T21:18:03.231+0000] {dagbag.py:536} INFO - Filling up the DagBag from /home/airflow/.local/lib/python3.8/site-packages/airflow/example_dags/example_sla_dag.py
[2023-12-18T21:18:03.238+0000] {processor.py:839} INFO - DAG(s) dict_keys(['example_sla_dag']) retrieved from /home/airflow/.local/lib/python3.8/site-packages/airflow/example_dags/example_sla_dag.py
[2023-12-18T21:18:03.256+0000] {logging_mixin.py:154} INFO - [2023-12-18T21:18:03.256+0000] {dag.py:2941} INFO - Sync 1 DAGs
[2023-12-18T21:18:03.278+0000] {logging_mixin.py:154} INFO - [2023-12-18T21:18:03.278+0000] {dag.py:3722} INFO - Setting next_dagrun for example_sla_dag to 2023-12-18T21:16:00+00:00, run_after=2023-12-18T21:18:00+00:00
[2023-12-18T21:18:03.295+0000] {processor.py:179} INFO - Processing /home/airflow/.local/lib/python3.8/site-packages/airflow/example_dags/example_sla_dag.py took 0.069 seconds
[2023-12-18T21:18:33.466+0000] {processor.py:157} INFO - Started process (PID=2052) to work on /home/airflow/.local/lib/python3.8/site-packages/airflow/example_dags/example_sla_dag.py
[2023-12-18T21:18:33.466+0000] {processor.py:829} INFO - Processing file /home/airflow/.local/lib/python3.8/site-packages/airflow/example_dags/example_sla_dag.py for tasks to queue
[2023-12-18T21:18:33.468+0000] {logging_mixin.py:154} INFO - [2023-12-18T21:18:33.468+0000] {dagbag.py:536} INFO - Filling up the DagBag from /home/airflow/.local/lib/python3.8/site-packages/airflow/example_dags/example_sla_dag.py
[2023-12-18T21:18:33.475+0000] {processor.py:839} INFO - DAG(s) dict_keys(['example_sla_dag']) retrieved from /home/airflow/.local/lib/python3.8/site-packages/airflow/example_dags/example_sla_dag.py
[2023-12-18T21:18:33.491+0000] {logging_mixin.py:154} INFO - [2023-12-18T21:18:33.490+0000] {dag.py:2941} INFO - Sync 1 DAGs
[2023-12-18T21:18:33.513+0000] {logging_mixin.py:154} INFO - [2023-12-18T21:18:33.512+0000] {dag.py:3722} INFO - Setting next_dagrun for example_sla_dag to 2023-12-18T21:16:00+00:00, run_after=2023-12-18T21:18:00+00:00
[2023-12-18T21:18:33.530+0000] {processor.py:179} INFO - Processing /home/airflow/.local/lib/python3.8/site-packages/airflow/example_dags/example_sla_dag.py took 0.067 seconds
[2023-12-18T21:19:04.035+0000] {processor.py:157} INFO - Started process (PID=2106) to work on /home/airflow/.local/lib/python3.8/site-packages/airflow/example_dags/example_sla_dag.py
[2023-12-18T21:19:04.036+0000] {processor.py:829} INFO - Processing file /home/airflow/.local/lib/python3.8/site-packages/airflow/example_dags/example_sla_dag.py for tasks to queue
[2023-12-18T21:19:04.037+0000] {logging_mixin.py:154} INFO - [2023-12-18T21:19:04.037+0000] {dagbag.py:536} INFO - Filling up the DagBag from /home/airflow/.local/lib/python3.8/site-packages/airflow/example_dags/example_sla_dag.py
[2023-12-18T21:19:04.044+0000] {processor.py:839} INFO - DAG(s) dict_keys(['example_sla_dag']) retrieved from /home/airflow/.local/lib/python3.8/site-packages/airflow/example_dags/example_sla_dag.py
[2023-12-18T21:19:04.060+0000] {logging_mixin.py:154} INFO - [2023-12-18T21:19:04.060+0000] {dag.py:2941} INFO - Sync 1 DAGs
[2023-12-18T21:19:04.082+0000] {logging_mixin.py:154} INFO - [2023-12-18T21:19:04.081+0000] {dag.py:3722} INFO - Setting next_dagrun for example_sla_dag to 2023-12-18T21:16:00+00:00, run_after=2023-12-18T21:18:00+00:00
[2023-12-18T21:19:04.224+0000] {processor.py:179} INFO - Processing /home/airflow/.local/lib/python3.8/site-packages/airflow/example_dags/example_sla_dag.py took 0.193 seconds
[2023-12-18T21:19:34.398+0000] {processor.py:157} INFO - Started process (PID=2160) to work on /home/airflow/.local/lib/python3.8/site-packages/airflow/example_dags/example_sla_dag.py
[2023-12-18T21:19:34.399+0000] {processor.py:829} INFO - Processing file /home/airflow/.local/lib/python3.8/site-packages/airflow/example_dags/example_sla_dag.py for tasks to queue
[2023-12-18T21:19:34.401+0000] {logging_mixin.py:154} INFO - [2023-12-18T21:19:34.401+0000] {dagbag.py:536} INFO - Filling up the DagBag from /home/airflow/.local/lib/python3.8/site-packages/airflow/example_dags/example_sla_dag.py
[2023-12-18T21:19:34.409+0000] {processor.py:839} INFO - DAG(s) dict_keys(['example_sla_dag']) retrieved from /home/airflow/.local/lib/python3.8/site-packages/airflow/example_dags/example_sla_dag.py
[2023-12-18T21:19:34.424+0000] {logging_mixin.py:154} INFO - [2023-12-18T21:19:34.423+0000] {dag.py:2941} INFO - Sync 1 DAGs
[2023-12-18T21:19:34.443+0000] {logging_mixin.py:154} INFO - [2023-12-18T21:19:34.443+0000] {dag.py:3722} INFO - Setting next_dagrun for example_sla_dag to 2023-12-18T21:16:00+00:00, run_after=2023-12-18T21:18:00+00:00
[2023-12-18T21:19:34.458+0000] {processor.py:179} INFO - Processing /home/airflow/.local/lib/python3.8/site-packages/airflow/example_dags/example_sla_dag.py took 0.063 seconds
[2023-12-18T21:20:04.725+0000] {processor.py:157} INFO - Started process (PID=2214) to work on /home/airflow/.local/lib/python3.8/site-packages/airflow/example_dags/example_sla_dag.py
[2023-12-18T21:20:04.725+0000] {processor.py:829} INFO - Processing file /home/airflow/.local/lib/python3.8/site-packages/airflow/example_dags/example_sla_dag.py for tasks to queue
[2023-12-18T21:20:04.727+0000] {logging_mixin.py:154} INFO - [2023-12-18T21:20:04.727+0000] {dagbag.py:536} INFO - Filling up the DagBag from /home/airflow/.local/lib/python3.8/site-packages/airflow/example_dags/example_sla_dag.py
[2023-12-18T21:20:04.734+0000] {processor.py:839} INFO - DAG(s) dict_keys(['example_sla_dag']) retrieved from /home/airflow/.local/lib/python3.8/site-packages/airflow/example_dags/example_sla_dag.py
[2023-12-18T21:20:04.749+0000] {logging_mixin.py:154} INFO - [2023-12-18T21:20:04.749+0000] {dag.py:2941} INFO - Sync 1 DAGs
[2023-12-18T21:20:04.771+0000] {logging_mixin.py:154} INFO - [2023-12-18T21:20:04.771+0000] {dag.py:3722} INFO - Setting next_dagrun for example_sla_dag to 2023-12-18T21:18:00+00:00, run_after=2023-12-18T21:20:00+00:00
[2023-12-18T21:20:04.786+0000] {processor.py:179} INFO - Processing /home/airflow/.local/lib/python3.8/site-packages/airflow/example_dags/example_sla_dag.py took 0.063 seconds
[2023-12-18T21:20:36.410+0000] {processor.py:157} INFO - Started process (PID=2268) to work on /home/airflow/.local/lib/python3.8/site-packages/airflow/example_dags/example_sla_dag.py
[2023-12-18T21:20:36.410+0000] {processor.py:829} INFO - Processing file /home/airflow/.local/lib/python3.8/site-packages/airflow/example_dags/example_sla_dag.py for tasks to queue
[2023-12-18T21:20:36.413+0000] {logging_mixin.py:154} INFO - [2023-12-18T21:20:36.412+0000] {dagbag.py:536} INFO - Filling up the DagBag from /home/airflow/.local/lib/python3.8/site-packages/airflow/example_dags/example_sla_dag.py
[2023-12-18T21:20:36.419+0000] {processor.py:839} INFO - DAG(s) dict_keys(['example_sla_dag']) retrieved from /home/airflow/.local/lib/python3.8/site-packages/airflow/example_dags/example_sla_dag.py
[2023-12-18T21:20:36.435+0000] {logging_mixin.py:154} INFO - [2023-12-18T21:20:36.435+0000] {dag.py:2941} INFO - Sync 1 DAGs
[2023-12-18T21:20:36.597+0000] {logging_mixin.py:154} INFO - [2023-12-18T21:20:36.597+0000] {dag.py:3722} INFO - Setting next_dagrun for example_sla_dag to 2023-12-18T21:18:00+00:00, run_after=2023-12-18T21:20:00+00:00
[2023-12-18T21:20:36.614+0000] {processor.py:179} INFO - Processing /home/airflow/.local/lib/python3.8/site-packages/airflow/example_dags/example_sla_dag.py took 0.206 seconds
[2023-12-18T21:21:06.879+0000] {processor.py:157} INFO - Started process (PID=2322) to work on /home/airflow/.local/lib/python3.8/site-packages/airflow/example_dags/example_sla_dag.py
[2023-12-18T21:21:06.880+0000] {processor.py:829} INFO - Processing file /home/airflow/.local/lib/python3.8/site-packages/airflow/example_dags/example_sla_dag.py for tasks to queue
[2023-12-18T21:21:06.882+0000] {logging_mixin.py:154} INFO - [2023-12-18T21:21:06.881+0000] {dagbag.py:536} INFO - Filling up the DagBag from /home/airflow/.local/lib/python3.8/site-packages/airflow/example_dags/example_sla_dag.py
[2023-12-18T21:21:06.888+0000] {processor.py:839} INFO - DAG(s) dict_keys(['example_sla_dag']) retrieved from /home/airflow/.local/lib/python3.8/site-packages/airflow/example_dags/example_sla_dag.py
[2023-12-18T21:21:06.905+0000] {logging_mixin.py:154} INFO - [2023-12-18T21:21:06.905+0000] {dag.py:2941} INFO - Sync 1 DAGs
[2023-12-18T21:21:06.928+0000] {logging_mixin.py:154} INFO - [2023-12-18T21:21:06.927+0000] {dag.py:3722} INFO - Setting next_dagrun for example_sla_dag to 2023-12-18T21:18:00+00:00, run_after=2023-12-18T21:20:00+00:00
[2023-12-18T21:21:07.070+0000] {processor.py:179} INFO - Processing /home/airflow/.local/lib/python3.8/site-packages/airflow/example_dags/example_sla_dag.py took 0.193 seconds
[2023-12-18T21:21:37.226+0000] {processor.py:157} INFO - Started process (PID=2376) to work on /home/airflow/.local/lib/python3.8/site-packages/airflow/example_dags/example_sla_dag.py
[2023-12-18T21:21:37.227+0000] {processor.py:829} INFO - Processing file /home/airflow/.local/lib/python3.8/site-packages/airflow/example_dags/example_sla_dag.py for tasks to queue
[2023-12-18T21:21:37.229+0000] {logging_mixin.py:154} INFO - [2023-12-18T21:21:37.229+0000] {dagbag.py:536} INFO - Filling up the DagBag from /home/airflow/.local/lib/python3.8/site-packages/airflow/example_dags/example_sla_dag.py
[2023-12-18T21:21:37.235+0000] {processor.py:839} INFO - DAG(s) dict_keys(['example_sla_dag']) retrieved from /home/airflow/.local/lib/python3.8/site-packages/airflow/example_dags/example_sla_dag.py
[2023-12-18T21:21:37.253+0000] {logging_mixin.py:154} INFO - [2023-12-18T21:21:37.253+0000] {dag.py:2941} INFO - Sync 1 DAGs
[2023-12-18T21:21:37.275+0000] {logging_mixin.py:154} INFO - [2023-12-18T21:21:37.275+0000] {dag.py:3722} INFO - Setting next_dagrun for example_sla_dag to 2023-12-18T21:18:00+00:00, run_after=2023-12-18T21:20:00+00:00
[2023-12-18T21:21:37.291+0000] {processor.py:179} INFO - Processing /home/airflow/.local/lib/python3.8/site-packages/airflow/example_dags/example_sla_dag.py took 0.068 seconds
[2023-12-18T21:22:08.729+0000] {processor.py:157} INFO - Started process (PID=2430) to work on /home/airflow/.local/lib/python3.8/site-packages/airflow/example_dags/example_sla_dag.py
[2023-12-18T21:22:08.731+0000] {processor.py:829} INFO - Processing file /home/airflow/.local/lib/python3.8/site-packages/airflow/example_dags/example_sla_dag.py for tasks to queue
[2023-12-18T21:22:08.732+0000] {logging_mixin.py:154} INFO - [2023-12-18T21:22:08.732+0000] {dagbag.py:536} INFO - Filling up the DagBag from /home/airflow/.local/lib/python3.8/site-packages/airflow/example_dags/example_sla_dag.py
[2023-12-18T21:22:08.906+0000] {processor.py:839} INFO - DAG(s) dict_keys(['example_sla_dag']) retrieved from /home/airflow/.local/lib/python3.8/site-packages/airflow/example_dags/example_sla_dag.py
[2023-12-18T21:22:08.923+0000] {logging_mixin.py:154} INFO - [2023-12-18T21:22:08.923+0000] {dag.py:2941} INFO - Sync 1 DAGs
[2023-12-18T21:22:08.945+0000] {logging_mixin.py:154} INFO - [2023-12-18T21:22:08.944+0000] {dag.py:3722} INFO - Setting next_dagrun for example_sla_dag to 2023-12-18T21:20:00+00:00, run_after=2023-12-18T21:22:00+00:00
[2023-12-18T21:22:08.960+0000] {processor.py:179} INFO - Processing /home/airflow/.local/lib/python3.8/site-packages/airflow/example_dags/example_sla_dag.py took 0.233 seconds
[2023-12-18T21:22:39.766+0000] {processor.py:157} INFO - Started process (PID=2484) to work on /home/airflow/.local/lib/python3.8/site-packages/airflow/example_dags/example_sla_dag.py
[2023-12-18T21:22:39.769+0000] {processor.py:829} INFO - Processing file /home/airflow/.local/lib/python3.8/site-packages/airflow/example_dags/example_sla_dag.py for tasks to queue
[2023-12-18T21:22:39.771+0000] {logging_mixin.py:154} INFO - [2023-12-18T21:22:39.771+0000] {dagbag.py:536} INFO - Filling up the DagBag from /home/airflow/.local/lib/python3.8/site-packages/airflow/example_dags/example_sla_dag.py
[2023-12-18T21:22:39.779+0000] {processor.py:839} INFO - DAG(s) dict_keys(['example_sla_dag']) retrieved from /home/airflow/.local/lib/python3.8/site-packages/airflow/example_dags/example_sla_dag.py
[2023-12-18T21:22:39.797+0000] {logging_mixin.py:154} INFO - [2023-12-18T21:22:39.796+0000] {dag.py:2941} INFO - Sync 1 DAGs
[2023-12-18T21:22:39.820+0000] {logging_mixin.py:154} INFO - [2023-12-18T21:22:39.819+0000] {dag.py:3722} INFO - Setting next_dagrun for example_sla_dag to 2023-12-18T21:20:00+00:00, run_after=2023-12-18T21:22:00+00:00
[2023-12-18T21:22:39.836+0000] {processor.py:179} INFO - Processing /home/airflow/.local/lib/python3.8/site-packages/airflow/example_dags/example_sla_dag.py took 0.072 seconds
[2023-12-18T21:23:10.054+0000] {processor.py:157} INFO - Started process (PID=2538) to work on /home/airflow/.local/lib/python3.8/site-packages/airflow/example_dags/example_sla_dag.py
[2023-12-18T21:23:10.054+0000] {processor.py:829} INFO - Processing file /home/airflow/.local/lib/python3.8/site-packages/airflow/example_dags/example_sla_dag.py for tasks to queue
[2023-12-18T21:23:10.056+0000] {logging_mixin.py:154} INFO - [2023-12-18T21:23:10.056+0000] {dagbag.py:536} INFO - Filling up the DagBag from /home/airflow/.local/lib/python3.8/site-packages/airflow/example_dags/example_sla_dag.py
[2023-12-18T21:23:10.063+0000] {processor.py:839} INFO - DAG(s) dict_keys(['example_sla_dag']) retrieved from /home/airflow/.local/lib/python3.8/site-packages/airflow/example_dags/example_sla_dag.py
[2023-12-18T21:23:10.078+0000] {logging_mixin.py:154} INFO - [2023-12-18T21:23:10.078+0000] {dag.py:2941} INFO - Sync 1 DAGs
[2023-12-18T21:23:10.100+0000] {logging_mixin.py:154} INFO - [2023-12-18T21:23:10.100+0000] {dag.py:3722} INFO - Setting next_dagrun for example_sla_dag to 2023-12-18T21:20:00+00:00, run_after=2023-12-18T21:22:00+00:00
[2023-12-18T21:23:10.115+0000] {processor.py:179} INFO - Processing /home/airflow/.local/lib/python3.8/site-packages/airflow/example_dags/example_sla_dag.py took 0.064 seconds
[2023-12-18T21:23:40.462+0000] {processor.py:157} INFO - Started process (PID=2592) to work on /home/airflow/.local/lib/python3.8/site-packages/airflow/example_dags/example_sla_dag.py
[2023-12-18T21:23:40.463+0000] {processor.py:829} INFO - Processing file /home/airflow/.local/lib/python3.8/site-packages/airflow/example_dags/example_sla_dag.py for tasks to queue
[2023-12-18T21:23:40.465+0000] {logging_mixin.py:154} INFO - [2023-12-18T21:23:40.464+0000] {dagbag.py:536} INFO - Filling up the DagBag from /home/airflow/.local/lib/python3.8/site-packages/airflow/example_dags/example_sla_dag.py
[2023-12-18T21:23:40.472+0000] {processor.py:839} INFO - DAG(s) dict_keys(['example_sla_dag']) retrieved from /home/airflow/.local/lib/python3.8/site-packages/airflow/example_dags/example_sla_dag.py
[2023-12-18T21:23:40.491+0000] {logging_mixin.py:154} INFO - [2023-12-18T21:23:40.491+0000] {dag.py:2941} INFO - Sync 1 DAGs
[2023-12-18T21:23:40.516+0000] {logging_mixin.py:154} INFO - [2023-12-18T21:23:40.516+0000] {dag.py:3722} INFO - Setting next_dagrun for example_sla_dag to 2023-12-18T21:20:00+00:00, run_after=2023-12-18T21:22:00+00:00
[2023-12-18T21:23:40.535+0000] {processor.py:179} INFO - Processing /home/airflow/.local/lib/python3.8/site-packages/airflow/example_dags/example_sla_dag.py took 0.076 seconds
[2023-12-18T21:24:10.874+0000] {processor.py:157} INFO - Started process (PID=2646) to work on /home/airflow/.local/lib/python3.8/site-packages/airflow/example_dags/example_sla_dag.py
[2023-12-18T21:24:10.875+0000] {processor.py:829} INFO - Processing file /home/airflow/.local/lib/python3.8/site-packages/airflow/example_dags/example_sla_dag.py for tasks to queue
[2023-12-18T21:24:10.876+0000] {logging_mixin.py:154} INFO - [2023-12-18T21:24:10.876+0000] {dagbag.py:536} INFO - Filling up the DagBag from /home/airflow/.local/lib/python3.8/site-packages/airflow/example_dags/example_sla_dag.py
[2023-12-18T21:24:10.882+0000] {processor.py:839} INFO - DAG(s) dict_keys(['example_sla_dag']) retrieved from /home/airflow/.local/lib/python3.8/site-packages/airflow/example_dags/example_sla_dag.py
[2023-12-18T21:24:10.900+0000] {logging_mixin.py:154} INFO - [2023-12-18T21:24:10.899+0000] {dag.py:2941} INFO - Sync 1 DAGs
[2023-12-18T21:24:10.924+0000] {logging_mixin.py:154} INFO - [2023-12-18T21:24:10.924+0000] {dag.py:3722} INFO - Setting next_dagrun for example_sla_dag to 2023-12-18T21:22:00+00:00, run_after=2023-12-18T21:24:00+00:00
[2023-12-18T21:24:10.942+0000] {processor.py:179} INFO - Processing /home/airflow/.local/lib/python3.8/site-packages/airflow/example_dags/example_sla_dag.py took 0.070 seconds
[2023-12-18T21:24:41.075+0000] {processor.py:157} INFO - Started process (PID=2700) to work on /home/airflow/.local/lib/python3.8/site-packages/airflow/example_dags/example_sla_dag.py
[2023-12-18T21:24:41.075+0000] {processor.py:829} INFO - Processing file /home/airflow/.local/lib/python3.8/site-packages/airflow/example_dags/example_sla_dag.py for tasks to queue
[2023-12-18T21:24:41.077+0000] {logging_mixin.py:154} INFO - [2023-12-18T21:24:41.077+0000] {dagbag.py:536} INFO - Filling up the DagBag from /home/airflow/.local/lib/python3.8/site-packages/airflow/example_dags/example_sla_dag.py
[2023-12-18T21:24:41.083+0000] {processor.py:839} INFO - DAG(s) dict_keys(['example_sla_dag']) retrieved from /home/airflow/.local/lib/python3.8/site-packages/airflow/example_dags/example_sla_dag.py
[2023-12-18T21:24:41.099+0000] {logging_mixin.py:154} INFO - [2023-12-18T21:24:41.099+0000] {dag.py:2941} INFO - Sync 1 DAGs
[2023-12-18T21:24:41.120+0000] {logging_mixin.py:154} INFO - [2023-12-18T21:24:41.119+0000] {dag.py:3722} INFO - Setting next_dagrun for example_sla_dag to 2023-12-18T21:22:00+00:00, run_after=2023-12-18T21:24:00+00:00
[2023-12-18T21:24:41.134+0000] {processor.py:179} INFO - Processing /home/airflow/.local/lib/python3.8/site-packages/airflow/example_dags/example_sla_dag.py took 0.062 seconds
[2023-12-18T21:25:11.374+0000] {processor.py:157} INFO - Started process (PID=2754) to work on /home/airflow/.local/lib/python3.8/site-packages/airflow/example_dags/example_sla_dag.py
[2023-12-18T21:25:11.375+0000] {processor.py:829} INFO - Processing file /home/airflow/.local/lib/python3.8/site-packages/airflow/example_dags/example_sla_dag.py for tasks to queue
[2023-12-18T21:25:11.377+0000] {logging_mixin.py:154} INFO - [2023-12-18T21:25:11.377+0000] {dagbag.py:536} INFO - Filling up the DagBag from /home/airflow/.local/lib/python3.8/site-packages/airflow/example_dags/example_sla_dag.py
[2023-12-18T21:25:11.384+0000] {processor.py:839} INFO - DAG(s) dict_keys(['example_sla_dag']) retrieved from /home/airflow/.local/lib/python3.8/site-packages/airflow/example_dags/example_sla_dag.py
[2023-12-18T21:25:11.401+0000] {logging_mixin.py:154} INFO - [2023-12-18T21:25:11.401+0000] {dag.py:2941} INFO - Sync 1 DAGs
[2023-12-18T21:25:11.427+0000] {logging_mixin.py:154} INFO - [2023-12-18T21:25:11.426+0000] {dag.py:3722} INFO - Setting next_dagrun for example_sla_dag to 2023-12-18T21:22:00+00:00, run_after=2023-12-18T21:24:00+00:00
[2023-12-18T21:25:11.448+0000] {processor.py:179} INFO - Processing /home/airflow/.local/lib/python3.8/site-packages/airflow/example_dags/example_sla_dag.py took 0.076 seconds
[2023-12-18T21:25:41.533+0000] {processor.py:157} INFO - Started process (PID=2808) to work on /home/airflow/.local/lib/python3.8/site-packages/airflow/example_dags/example_sla_dag.py
[2023-12-18T21:25:41.534+0000] {processor.py:829} INFO - Processing file /home/airflow/.local/lib/python3.8/site-packages/airflow/example_dags/example_sla_dag.py for tasks to queue
[2023-12-18T21:25:41.535+0000] {logging_mixin.py:154} INFO - [2023-12-18T21:25:41.535+0000] {dagbag.py:536} INFO - Filling up the DagBag from /home/airflow/.local/lib/python3.8/site-packages/airflow/example_dags/example_sla_dag.py
[2023-12-18T21:25:41.541+0000] {processor.py:839} INFO - DAG(s) dict_keys(['example_sla_dag']) retrieved from /home/airflow/.local/lib/python3.8/site-packages/airflow/example_dags/example_sla_dag.py
[2023-12-18T21:25:41.556+0000] {logging_mixin.py:154} INFO - [2023-12-18T21:25:41.556+0000] {dag.py:2941} INFO - Sync 1 DAGs
[2023-12-18T21:25:41.575+0000] {logging_mixin.py:154} INFO - [2023-12-18T21:25:41.575+0000] {dag.py:3722} INFO - Setting next_dagrun for example_sla_dag to 2023-12-18T21:22:00+00:00, run_after=2023-12-18T21:24:00+00:00
[2023-12-18T21:25:41.589+0000] {processor.py:179} INFO - Processing /home/airflow/.local/lib/python3.8/site-packages/airflow/example_dags/example_sla_dag.py took 0.058 seconds
[2023-12-18T21:26:11.878+0000] {processor.py:157} INFO - Started process (PID=2862) to work on /home/airflow/.local/lib/python3.8/site-packages/airflow/example_dags/example_sla_dag.py
[2023-12-18T21:26:11.878+0000] {processor.py:829} INFO - Processing file /home/airflow/.local/lib/python3.8/site-packages/airflow/example_dags/example_sla_dag.py for tasks to queue
[2023-12-18T21:26:11.880+0000] {logging_mixin.py:154} INFO - [2023-12-18T21:26:11.880+0000] {dagbag.py:536} INFO - Filling up the DagBag from /home/airflow/.local/lib/python3.8/site-packages/airflow/example_dags/example_sla_dag.py
[2023-12-18T21:26:11.886+0000] {processor.py:839} INFO - DAG(s) dict_keys(['example_sla_dag']) retrieved from /home/airflow/.local/lib/python3.8/site-packages/airflow/example_dags/example_sla_dag.py
[2023-12-18T21:26:11.901+0000] {logging_mixin.py:154} INFO - [2023-12-18T21:26:11.901+0000] {dag.py:2941} INFO - Sync 1 DAGs
[2023-12-18T21:26:11.921+0000] {logging_mixin.py:154} INFO - [2023-12-18T21:26:11.921+0000] {dag.py:3722} INFO - Setting next_dagrun for example_sla_dag to 2023-12-18T21:24:00+00:00, run_after=2023-12-18T21:26:00+00:00
[2023-12-18T21:26:11.935+0000] {processor.py:179} INFO - Processing /home/airflow/.local/lib/python3.8/site-packages/airflow/example_dags/example_sla_dag.py took 0.060 seconds
[2023-12-18T21:26:42.049+0000] {processor.py:157} INFO - Started process (PID=2916) to work on /home/airflow/.local/lib/python3.8/site-packages/airflow/example_dags/example_sla_dag.py
[2023-12-18T21:26:42.050+0000] {processor.py:829} INFO - Processing file /home/airflow/.local/lib/python3.8/site-packages/airflow/example_dags/example_sla_dag.py for tasks to queue
[2023-12-18T21:26:42.052+0000] {logging_mixin.py:154} INFO - [2023-12-18T21:26:42.052+0000] {dagbag.py:536} INFO - Filling up the DagBag from /home/airflow/.local/lib/python3.8/site-packages/airflow/example_dags/example_sla_dag.py
[2023-12-18T21:26:42.058+0000] {processor.py:839} INFO - DAG(s) dict_keys(['example_sla_dag']) retrieved from /home/airflow/.local/lib/python3.8/site-packages/airflow/example_dags/example_sla_dag.py
[2023-12-18T21:26:42.077+0000] {logging_mixin.py:154} INFO - [2023-12-18T21:26:42.077+0000] {dag.py:2941} INFO - Sync 1 DAGs
[2023-12-18T21:26:42.099+0000] {logging_mixin.py:154} INFO - [2023-12-18T21:26:42.098+0000] {dag.py:3722} INFO - Setting next_dagrun for example_sla_dag to 2023-12-18T21:24:00+00:00, run_after=2023-12-18T21:26:00+00:00
[2023-12-18T21:26:42.114+0000] {processor.py:179} INFO - Processing /home/airflow/.local/lib/python3.8/site-packages/airflow/example_dags/example_sla_dag.py took 0.068 seconds
[2023-12-18T21:27:12.319+0000] {processor.py:157} INFO - Started process (PID=2977) to work on /home/airflow/.local/lib/python3.8/site-packages/airflow/example_dags/example_sla_dag.py
[2023-12-18T21:27:12.320+0000] {processor.py:829} INFO - Processing file /home/airflow/.local/lib/python3.8/site-packages/airflow/example_dags/example_sla_dag.py for tasks to queue
[2023-12-18T21:27:12.324+0000] {logging_mixin.py:154} INFO - [2023-12-18T21:27:12.323+0000] {dagbag.py:536} INFO - Filling up the DagBag from /home/airflow/.local/lib/python3.8/site-packages/airflow/example_dags/example_sla_dag.py
[2023-12-18T21:27:12.340+0000] {processor.py:839} INFO - DAG(s) dict_keys(['example_sla_dag']) retrieved from /home/airflow/.local/lib/python3.8/site-packages/airflow/example_dags/example_sla_dag.py
[2023-12-18T21:27:12.371+0000] {logging_mixin.py:154} INFO - [2023-12-18T21:27:12.371+0000] {dag.py:2941} INFO - Sync 1 DAGs
[2023-12-18T21:27:12.393+0000] {logging_mixin.py:154} INFO - [2023-12-18T21:27:12.393+0000] {dag.py:3722} INFO - Setting next_dagrun for example_sla_dag to 2023-12-18T21:24:00+00:00, run_after=2023-12-18T21:26:00+00:00
[2023-12-18T21:27:12.409+0000] {processor.py:179} INFO - Processing /home/airflow/.local/lib/python3.8/site-packages/airflow/example_dags/example_sla_dag.py took 0.096 seconds
[2023-12-18T21:27:42.545+0000] {processor.py:157} INFO - Started process (PID=3031) to work on /home/airflow/.local/lib/python3.8/site-packages/airflow/example_dags/example_sla_dag.py
[2023-12-18T21:27:42.545+0000] {processor.py:829} INFO - Processing file /home/airflow/.local/lib/python3.8/site-packages/airflow/example_dags/example_sla_dag.py for tasks to queue
[2023-12-18T21:27:42.547+0000] {logging_mixin.py:154} INFO - [2023-12-18T21:27:42.547+0000] {dagbag.py:536} INFO - Filling up the DagBag from /home/airflow/.local/lib/python3.8/site-packages/airflow/example_dags/example_sla_dag.py
[2023-12-18T21:27:42.554+0000] {processor.py:839} INFO - DAG(s) dict_keys(['example_sla_dag']) retrieved from /home/airflow/.local/lib/python3.8/site-packages/airflow/example_dags/example_sla_dag.py
[2023-12-18T21:27:42.570+0000] {logging_mixin.py:154} INFO - [2023-12-18T21:27:42.569+0000] {dag.py:2941} INFO - Sync 1 DAGs
[2023-12-18T21:27:42.590+0000] {logging_mixin.py:154} INFO - [2023-12-18T21:27:42.590+0000] {dag.py:3722} INFO - Setting next_dagrun for example_sla_dag to 2023-12-18T21:24:00+00:00, run_after=2023-12-18T21:26:00+00:00
[2023-12-18T21:27:42.605+0000] {processor.py:179} INFO - Processing /home/airflow/.local/lib/python3.8/site-packages/airflow/example_dags/example_sla_dag.py took 0.063 seconds
[2023-12-18T21:28:12.702+0000] {processor.py:157} INFO - Started process (PID=3085) to work on /home/airflow/.local/lib/python3.8/site-packages/airflow/example_dags/example_sla_dag.py
[2023-12-18T21:28:12.703+0000] {processor.py:829} INFO - Processing file /home/airflow/.local/lib/python3.8/site-packages/airflow/example_dags/example_sla_dag.py for tasks to queue
[2023-12-18T21:28:12.705+0000] {logging_mixin.py:154} INFO - [2023-12-18T21:28:12.704+0000] {dagbag.py:536} INFO - Filling up the DagBag from /home/airflow/.local/lib/python3.8/site-packages/airflow/example_dags/example_sla_dag.py
[2023-12-18T21:28:12.711+0000] {processor.py:839} INFO - DAG(s) dict_keys(['example_sla_dag']) retrieved from /home/airflow/.local/lib/python3.8/site-packages/airflow/example_dags/example_sla_dag.py
[2023-12-18T21:28:12.728+0000] {logging_mixin.py:154} INFO - [2023-12-18T21:28:12.728+0000] {dag.py:2941} INFO - Sync 1 DAGs
[2023-12-18T21:28:12.751+0000] {logging_mixin.py:154} INFO - [2023-12-18T21:28:12.751+0000] {dag.py:3722} INFO - Setting next_dagrun for example_sla_dag to 2023-12-18T21:26:00+00:00, run_after=2023-12-18T21:28:00+00:00
[2023-12-18T21:28:12.769+0000] {processor.py:179} INFO - Processing /home/airflow/.local/lib/python3.8/site-packages/airflow/example_dags/example_sla_dag.py took 0.070 seconds
[2023-12-18T21:28:42.983+0000] {processor.py:157} INFO - Started process (PID=3139) to work on /home/airflow/.local/lib/python3.8/site-packages/airflow/example_dags/example_sla_dag.py
[2023-12-18T21:28:42.983+0000] {processor.py:829} INFO - Processing file /home/airflow/.local/lib/python3.8/site-packages/airflow/example_dags/example_sla_dag.py for tasks to queue
[2023-12-18T21:28:42.985+0000] {logging_mixin.py:154} INFO - [2023-12-18T21:28:42.985+0000] {dagbag.py:536} INFO - Filling up the DagBag from /home/airflow/.local/lib/python3.8/site-packages/airflow/example_dags/example_sla_dag.py
[2023-12-18T21:28:42.991+0000] {processor.py:839} INFO - DAG(s) dict_keys(['example_sla_dag']) retrieved from /home/airflow/.local/lib/python3.8/site-packages/airflow/example_dags/example_sla_dag.py
[2023-12-18T21:28:43.007+0000] {logging_mixin.py:154} INFO - [2023-12-18T21:28:43.007+0000] {dag.py:2941} INFO - Sync 1 DAGs
[2023-12-18T21:28:43.029+0000] {logging_mixin.py:154} INFO - [2023-12-18T21:28:43.029+0000] {dag.py:3722} INFO - Setting next_dagrun for example_sla_dag to 2023-12-18T21:26:00+00:00, run_after=2023-12-18T21:28:00+00:00
[2023-12-18T21:28:43.043+0000] {processor.py:179} INFO - Processing /home/airflow/.local/lib/python3.8/site-packages/airflow/example_dags/example_sla_dag.py took 0.063 seconds
[2023-12-18T21:29:13.217+0000] {processor.py:157} INFO - Started process (PID=3193) to work on /home/airflow/.local/lib/python3.8/site-packages/airflow/example_dags/example_sla_dag.py
[2023-12-18T21:29:13.217+0000] {processor.py:829} INFO - Processing file /home/airflow/.local/lib/python3.8/site-packages/airflow/example_dags/example_sla_dag.py for tasks to queue
[2023-12-18T21:29:13.219+0000] {logging_mixin.py:154} INFO - [2023-12-18T21:29:13.219+0000] {dagbag.py:536} INFO - Filling up the DagBag from /home/airflow/.local/lib/python3.8/site-packages/airflow/example_dags/example_sla_dag.py
[2023-12-18T21:29:13.225+0000] {processor.py:839} INFO - DAG(s) dict_keys(['example_sla_dag']) retrieved from /home/airflow/.local/lib/python3.8/site-packages/airflow/example_dags/example_sla_dag.py
[2023-12-18T21:29:13.240+0000] {logging_mixin.py:154} INFO - [2023-12-18T21:29:13.240+0000] {dag.py:2941} INFO - Sync 1 DAGs
[2023-12-18T21:29:13.262+0000] {logging_mixin.py:154} INFO - [2023-12-18T21:29:13.261+0000] {dag.py:3722} INFO - Setting next_dagrun for example_sla_dag to 2023-12-18T21:26:00+00:00, run_after=2023-12-18T21:28:00+00:00
[2023-12-18T21:29:13.276+0000] {processor.py:179} INFO - Processing /home/airflow/.local/lib/python3.8/site-packages/airflow/example_dags/example_sla_dag.py took 0.062 seconds
[2023-12-18T21:29:44.253+0000] {processor.py:157} INFO - Started process (PID=3247) to work on /home/airflow/.local/lib/python3.8/site-packages/airflow/example_dags/example_sla_dag.py
[2023-12-18T21:29:44.253+0000] {processor.py:829} INFO - Processing file /home/airflow/.local/lib/python3.8/site-packages/airflow/example_dags/example_sla_dag.py for tasks to queue
[2023-12-18T21:29:44.255+0000] {logging_mixin.py:154} INFO - [2023-12-18T21:29:44.255+0000] {dagbag.py:536} INFO - Filling up the DagBag from /home/airflow/.local/lib/python3.8/site-packages/airflow/example_dags/example_sla_dag.py
[2023-12-18T21:29:44.262+0000] {processor.py:839} INFO - DAG(s) dict_keys(['example_sla_dag']) retrieved from /home/airflow/.local/lib/python3.8/site-packages/airflow/example_dags/example_sla_dag.py
[2023-12-18T21:29:44.277+0000] {logging_mixin.py:154} INFO - [2023-12-18T21:29:44.277+0000] {dag.py:2941} INFO - Sync 1 DAGs
[2023-12-18T21:29:44.298+0000] {logging_mixin.py:154} INFO - [2023-12-18T21:29:44.297+0000] {dag.py:3722} INFO - Setting next_dagrun for example_sla_dag to 2023-12-18T21:26:00+00:00, run_after=2023-12-18T21:28:00+00:00
[2023-12-18T21:29:44.315+0000] {processor.py:179} INFO - Processing /home/airflow/.local/lib/python3.8/site-packages/airflow/example_dags/example_sla_dag.py took 0.064 seconds
[2023-12-18T21:30:14.466+0000] {processor.py:157} INFO - Started process (PID=3302) to work on /home/airflow/.local/lib/python3.8/site-packages/airflow/example_dags/example_sla_dag.py
[2023-12-18T21:30:14.467+0000] {processor.py:829} INFO - Processing file /home/airflow/.local/lib/python3.8/site-packages/airflow/example_dags/example_sla_dag.py for tasks to queue
[2023-12-18T21:30:14.468+0000] {logging_mixin.py:154} INFO - [2023-12-18T21:30:14.468+0000] {dagbag.py:536} INFO - Filling up the DagBag from /home/airflow/.local/lib/python3.8/site-packages/airflow/example_dags/example_sla_dag.py
[2023-12-18T21:30:14.475+0000] {processor.py:839} INFO - DAG(s) dict_keys(['example_sla_dag']) retrieved from /home/airflow/.local/lib/python3.8/site-packages/airflow/example_dags/example_sla_dag.py
[2023-12-18T21:30:14.490+0000] {logging_mixin.py:154} INFO - [2023-12-18T21:30:14.490+0000] {dag.py:2941} INFO - Sync 1 DAGs
[2023-12-18T21:30:14.511+0000] {logging_mixin.py:154} INFO - [2023-12-18T21:30:14.511+0000] {dag.py:3722} INFO - Setting next_dagrun for example_sla_dag to 2023-12-18T21:28:00+00:00, run_after=2023-12-18T21:30:00+00:00
[2023-12-18T21:30:14.526+0000] {processor.py:179} INFO - Processing /home/airflow/.local/lib/python3.8/site-packages/airflow/example_dags/example_sla_dag.py took 0.062 seconds
[2023-12-18T21:30:44.653+0000] {processor.py:157} INFO - Started process (PID=3356) to work on /home/airflow/.local/lib/python3.8/site-packages/airflow/example_dags/example_sla_dag.py
[2023-12-18T21:30:44.654+0000] {processor.py:829} INFO - Processing file /home/airflow/.local/lib/python3.8/site-packages/airflow/example_dags/example_sla_dag.py for tasks to queue
[2023-12-18T21:30:44.656+0000] {logging_mixin.py:154} INFO - [2023-12-18T21:30:44.655+0000] {dagbag.py:536} INFO - Filling up the DagBag from /home/airflow/.local/lib/python3.8/site-packages/airflow/example_dags/example_sla_dag.py
[2023-12-18T21:30:44.663+0000] {processor.py:839} INFO - DAG(s) dict_keys(['example_sla_dag']) retrieved from /home/airflow/.local/lib/python3.8/site-packages/airflow/example_dags/example_sla_dag.py
[2023-12-18T21:30:44.679+0000] {logging_mixin.py:154} INFO - [2023-12-18T21:30:44.679+0000] {dag.py:2941} INFO - Sync 1 DAGs
[2023-12-18T21:30:44.700+0000] {logging_mixin.py:154} INFO - [2023-12-18T21:30:44.700+0000] {dag.py:3722} INFO - Setting next_dagrun for example_sla_dag to 2023-12-18T21:28:00+00:00, run_after=2023-12-18T21:30:00+00:00
[2023-12-18T21:30:44.716+0000] {processor.py:179} INFO - Processing /home/airflow/.local/lib/python3.8/site-packages/airflow/example_dags/example_sla_dag.py took 0.065 seconds
[2023-12-18T21:31:14.928+0000] {processor.py:157} INFO - Started process (PID=3410) to work on /home/airflow/.local/lib/python3.8/site-packages/airflow/example_dags/example_sla_dag.py
[2023-12-18T21:31:14.929+0000] {processor.py:829} INFO - Processing file /home/airflow/.local/lib/python3.8/site-packages/airflow/example_dags/example_sla_dag.py for tasks to queue
[2023-12-18T21:31:14.930+0000] {logging_mixin.py:154} INFO - [2023-12-18T21:31:14.930+0000] {dagbag.py:536} INFO - Filling up the DagBag from /home/airflow/.local/lib/python3.8/site-packages/airflow/example_dags/example_sla_dag.py
[2023-12-18T21:31:14.937+0000] {processor.py:839} INFO - DAG(s) dict_keys(['example_sla_dag']) retrieved from /home/airflow/.local/lib/python3.8/site-packages/airflow/example_dags/example_sla_dag.py
[2023-12-18T21:31:14.953+0000] {logging_mixin.py:154} INFO - [2023-12-18T21:31:14.953+0000] {dag.py:2941} INFO - Sync 1 DAGs
[2023-12-18T21:31:14.974+0000] {logging_mixin.py:154} INFO - [2023-12-18T21:31:14.974+0000] {dag.py:3722} INFO - Setting next_dagrun for example_sla_dag to 2023-12-18T21:28:00+00:00, run_after=2023-12-18T21:30:00+00:00
[2023-12-18T21:31:14.990+0000] {processor.py:179} INFO - Processing /home/airflow/.local/lib/python3.8/site-packages/airflow/example_dags/example_sla_dag.py took 0.065 seconds
[2023-12-18T21:31:45.265+0000] {processor.py:157} INFO - Started process (PID=3464) to work on /home/airflow/.local/lib/python3.8/site-packages/airflow/example_dags/example_sla_dag.py
[2023-12-18T21:31:45.266+0000] {processor.py:829} INFO - Processing file /home/airflow/.local/lib/python3.8/site-packages/airflow/example_dags/example_sla_dag.py for tasks to queue
[2023-12-18T21:31:45.267+0000] {logging_mixin.py:154} INFO - [2023-12-18T21:31:45.267+0000] {dagbag.py:536} INFO - Filling up the DagBag from /home/airflow/.local/lib/python3.8/site-packages/airflow/example_dags/example_sla_dag.py
[2023-12-18T21:31:45.274+0000] {processor.py:839} INFO - DAG(s) dict_keys(['example_sla_dag']) retrieved from /home/airflow/.local/lib/python3.8/site-packages/airflow/example_dags/example_sla_dag.py
[2023-12-18T21:31:45.289+0000] {logging_mixin.py:154} INFO - [2023-12-18T21:31:45.288+0000] {dag.py:2941} INFO - Sync 1 DAGs
[2023-12-18T21:31:45.309+0000] {logging_mixin.py:154} INFO - [2023-12-18T21:31:45.309+0000] {dag.py:3722} INFO - Setting next_dagrun for example_sla_dag to 2023-12-18T21:28:00+00:00, run_after=2023-12-18T21:30:00+00:00
[2023-12-18T21:31:45.324+0000] {processor.py:179} INFO - Processing /home/airflow/.local/lib/python3.8/site-packages/airflow/example_dags/example_sla_dag.py took 0.061 seconds
[2023-12-18T21:32:15.484+0000] {processor.py:157} INFO - Started process (PID=3518) to work on /home/airflow/.local/lib/python3.8/site-packages/airflow/example_dags/example_sla_dag.py
[2023-12-18T21:32:15.484+0000] {processor.py:829} INFO - Processing file /home/airflow/.local/lib/python3.8/site-packages/airflow/example_dags/example_sla_dag.py for tasks to queue
[2023-12-18T21:32:15.486+0000] {logging_mixin.py:154} INFO - [2023-12-18T21:32:15.486+0000] {dagbag.py:536} INFO - Filling up the DagBag from /home/airflow/.local/lib/python3.8/site-packages/airflow/example_dags/example_sla_dag.py
[2023-12-18T21:32:15.493+0000] {processor.py:839} INFO - DAG(s) dict_keys(['example_sla_dag']) retrieved from /home/airflow/.local/lib/python3.8/site-packages/airflow/example_dags/example_sla_dag.py
[2023-12-18T21:32:15.509+0000] {logging_mixin.py:154} INFO - [2023-12-18T21:32:15.509+0000] {dag.py:2941} INFO - Sync 1 DAGs
[2023-12-18T21:32:15.529+0000] {logging_mixin.py:154} INFO - [2023-12-18T21:32:15.529+0000] {dag.py:3722} INFO - Setting next_dagrun for example_sla_dag to 2023-12-18T21:30:00+00:00, run_after=2023-12-18T21:32:00+00:00
[2023-12-18T21:32:15.545+0000] {processor.py:179} INFO - Processing /home/airflow/.local/lib/python3.8/site-packages/airflow/example_dags/example_sla_dag.py took 0.063 seconds
[2023-12-18T21:32:45.597+0000] {processor.py:157} INFO - Started process (PID=3572) to work on /home/airflow/.local/lib/python3.8/site-packages/airflow/example_dags/example_sla_dag.py
[2023-12-18T21:32:45.598+0000] {processor.py:829} INFO - Processing file /home/airflow/.local/lib/python3.8/site-packages/airflow/example_dags/example_sla_dag.py for tasks to queue
[2023-12-18T21:32:45.599+0000] {logging_mixin.py:154} INFO - [2023-12-18T21:32:45.599+0000] {dagbag.py:536} INFO - Filling up the DagBag from /home/airflow/.local/lib/python3.8/site-packages/airflow/example_dags/example_sla_dag.py
[2023-12-18T21:32:45.606+0000] {processor.py:839} INFO - DAG(s) dict_keys(['example_sla_dag']) retrieved from /home/airflow/.local/lib/python3.8/site-packages/airflow/example_dags/example_sla_dag.py
[2023-12-18T21:32:45.622+0000] {logging_mixin.py:154} INFO - [2023-12-18T21:32:45.622+0000] {dag.py:2941} INFO - Sync 1 DAGs
[2023-12-18T21:32:45.644+0000] {logging_mixin.py:154} INFO - [2023-12-18T21:32:45.644+0000] {dag.py:3722} INFO - Setting next_dagrun for example_sla_dag to 2023-12-18T21:30:00+00:00, run_after=2023-12-18T21:32:00+00:00
[2023-12-18T21:32:45.663+0000] {processor.py:179} INFO - Processing /home/airflow/.local/lib/python3.8/site-packages/airflow/example_dags/example_sla_dag.py took 0.068 seconds
[2023-12-18T21:33:15.898+0000] {processor.py:157} INFO - Started process (PID=3626) to work on /home/airflow/.local/lib/python3.8/site-packages/airflow/example_dags/example_sla_dag.py
[2023-12-18T21:33:15.898+0000] {processor.py:829} INFO - Processing file /home/airflow/.local/lib/python3.8/site-packages/airflow/example_dags/example_sla_dag.py for tasks to queue
[2023-12-18T21:33:15.900+0000] {logging_mixin.py:154} INFO - [2023-12-18T21:33:15.900+0000] {dagbag.py:536} INFO - Filling up the DagBag from /home/airflow/.local/lib/python3.8/site-packages/airflow/example_dags/example_sla_dag.py
[2023-12-18T21:33:15.906+0000] {processor.py:839} INFO - DAG(s) dict_keys(['example_sla_dag']) retrieved from /home/airflow/.local/lib/python3.8/site-packages/airflow/example_dags/example_sla_dag.py
[2023-12-18T21:33:15.924+0000] {logging_mixin.py:154} INFO - [2023-12-18T21:33:15.924+0000] {dag.py:2941} INFO - Sync 1 DAGs
[2023-12-18T21:33:15.950+0000] {logging_mixin.py:154} INFO - [2023-12-18T21:33:15.949+0000] {dag.py:3722} INFO - Setting next_dagrun for example_sla_dag to 2023-12-18T21:30:00+00:00, run_after=2023-12-18T21:32:00+00:00
[2023-12-18T21:33:15.965+0000] {processor.py:179} INFO - Processing /home/airflow/.local/lib/python3.8/site-packages/airflow/example_dags/example_sla_dag.py took 0.070 seconds
[2023-12-18T21:33:46.057+0000] {processor.py:157} INFO - Started process (PID=3680) to work on /home/airflow/.local/lib/python3.8/site-packages/airflow/example_dags/example_sla_dag.py
[2023-12-18T21:33:46.058+0000] {processor.py:829} INFO - Processing file /home/airflow/.local/lib/python3.8/site-packages/airflow/example_dags/example_sla_dag.py for tasks to queue
[2023-12-18T21:33:46.060+0000] {logging_mixin.py:154} INFO - [2023-12-18T21:33:46.060+0000] {dagbag.py:536} INFO - Filling up the DagBag from /home/airflow/.local/lib/python3.8/site-packages/airflow/example_dags/example_sla_dag.py
[2023-12-18T21:33:46.067+0000] {processor.py:839} INFO - DAG(s) dict_keys(['example_sla_dag']) retrieved from /home/airflow/.local/lib/python3.8/site-packages/airflow/example_dags/example_sla_dag.py
[2023-12-18T21:33:46.085+0000] {logging_mixin.py:154} INFO - [2023-12-18T21:33:46.085+0000] {dag.py:2941} INFO - Sync 1 DAGs
[2023-12-18T21:33:46.108+0000] {logging_mixin.py:154} INFO - [2023-12-18T21:33:46.108+0000] {dag.py:3722} INFO - Setting next_dagrun for example_sla_dag to 2023-12-18T21:30:00+00:00, run_after=2023-12-18T21:32:00+00:00
[2023-12-18T21:33:46.125+0000] {processor.py:179} INFO - Processing /home/airflow/.local/lib/python3.8/site-packages/airflow/example_dags/example_sla_dag.py took 0.071 seconds
[2023-12-18T21:34:16.249+0000] {processor.py:157} INFO - Started process (PID=3734) to work on /home/airflow/.local/lib/python3.8/site-packages/airflow/example_dags/example_sla_dag.py
[2023-12-18T21:34:16.250+0000] {processor.py:829} INFO - Processing file /home/airflow/.local/lib/python3.8/site-packages/airflow/example_dags/example_sla_dag.py for tasks to queue
[2023-12-18T21:34:16.252+0000] {logging_mixin.py:154} INFO - [2023-12-18T21:34:16.251+0000] {dagbag.py:536} INFO - Filling up the DagBag from /home/airflow/.local/lib/python3.8/site-packages/airflow/example_dags/example_sla_dag.py
[2023-12-18T21:34:16.259+0000] {processor.py:839} INFO - DAG(s) dict_keys(['example_sla_dag']) retrieved from /home/airflow/.local/lib/python3.8/site-packages/airflow/example_dags/example_sla_dag.py
[2023-12-18T21:34:16.278+0000] {logging_mixin.py:154} INFO - [2023-12-18T21:34:16.278+0000] {dag.py:2941} INFO - Sync 1 DAGs
[2023-12-18T21:34:16.303+0000] {logging_mixin.py:154} INFO - [2023-12-18T21:34:16.303+0000] {dag.py:3722} INFO - Setting next_dagrun for example_sla_dag to 2023-12-18T21:32:00+00:00, run_after=2023-12-18T21:34:00+00:00
[2023-12-18T21:34:16.320+0000] {processor.py:179} INFO - Processing /home/airflow/.local/lib/python3.8/site-packages/airflow/example_dags/example_sla_dag.py took 0.073 seconds
[2023-12-18T21:34:46.429+0000] {processor.py:157} INFO - Started process (PID=3788) to work on /home/airflow/.local/lib/python3.8/site-packages/airflow/example_dags/example_sla_dag.py
[2023-12-18T21:34:46.430+0000] {processor.py:829} INFO - Processing file /home/airflow/.local/lib/python3.8/site-packages/airflow/example_dags/example_sla_dag.py for tasks to queue
[2023-12-18T21:34:46.431+0000] {logging_mixin.py:154} INFO - [2023-12-18T21:34:46.431+0000] {dagbag.py:536} INFO - Filling up the DagBag from /home/airflow/.local/lib/python3.8/site-packages/airflow/example_dags/example_sla_dag.py
[2023-12-18T21:34:46.438+0000] {processor.py:839} INFO - DAG(s) dict_keys(['example_sla_dag']) retrieved from /home/airflow/.local/lib/python3.8/site-packages/airflow/example_dags/example_sla_dag.py
[2023-12-18T21:34:46.454+0000] {logging_mixin.py:154} INFO - [2023-12-18T21:34:46.454+0000] {dag.py:2941} INFO - Sync 1 DAGs
[2023-12-18T21:34:46.475+0000] {logging_mixin.py:154} INFO - [2023-12-18T21:34:46.474+0000] {dag.py:3722} INFO - Setting next_dagrun for example_sla_dag to 2023-12-18T21:32:00+00:00, run_after=2023-12-18T21:34:00+00:00
[2023-12-18T21:34:46.489+0000] {processor.py:179} INFO - Processing /home/airflow/.local/lib/python3.8/site-packages/airflow/example_dags/example_sla_dag.py took 0.063 seconds
[2023-12-18T21:35:16.781+0000] {processor.py:157} INFO - Started process (PID=3842) to work on /home/airflow/.local/lib/python3.8/site-packages/airflow/example_dags/example_sla_dag.py
[2023-12-18T21:35:16.782+0000] {processor.py:829} INFO - Processing file /home/airflow/.local/lib/python3.8/site-packages/airflow/example_dags/example_sla_dag.py for tasks to queue
[2023-12-18T21:35:16.784+0000] {logging_mixin.py:154} INFO - [2023-12-18T21:35:16.784+0000] {dagbag.py:536} INFO - Filling up the DagBag from /home/airflow/.local/lib/python3.8/site-packages/airflow/example_dags/example_sla_dag.py
[2023-12-18T21:35:16.791+0000] {processor.py:839} INFO - DAG(s) dict_keys(['example_sla_dag']) retrieved from /home/airflow/.local/lib/python3.8/site-packages/airflow/example_dags/example_sla_dag.py
[2023-12-18T21:35:16.809+0000] {logging_mixin.py:154} INFO - [2023-12-18T21:35:16.809+0000] {dag.py:2941} INFO - Sync 1 DAGs
[2023-12-18T21:35:16.831+0000] {logging_mixin.py:154} INFO - [2023-12-18T21:35:16.831+0000] {dag.py:3722} INFO - Setting next_dagrun for example_sla_dag to 2023-12-18T21:32:00+00:00, run_after=2023-12-18T21:34:00+00:00
[2023-12-18T21:35:16.847+0000] {processor.py:179} INFO - Processing /home/airflow/.local/lib/python3.8/site-packages/airflow/example_dags/example_sla_dag.py took 0.068 seconds
[2023-12-18T21:35:47.116+0000] {processor.py:157} INFO - Started process (PID=3896) to work on /home/airflow/.local/lib/python3.8/site-packages/airflow/example_dags/example_sla_dag.py
[2023-12-18T21:35:47.118+0000] {processor.py:829} INFO - Processing file /home/airflow/.local/lib/python3.8/site-packages/airflow/example_dags/example_sla_dag.py for tasks to queue
[2023-12-18T21:35:47.120+0000] {logging_mixin.py:154} INFO - [2023-12-18T21:35:47.120+0000] {dagbag.py:536} INFO - Filling up the DagBag from /home/airflow/.local/lib/python3.8/site-packages/airflow/example_dags/example_sla_dag.py
[2023-12-18T21:35:47.129+0000] {processor.py:839} INFO - DAG(s) dict_keys(['example_sla_dag']) retrieved from /home/airflow/.local/lib/python3.8/site-packages/airflow/example_dags/example_sla_dag.py
[2023-12-18T21:35:47.152+0000] {logging_mixin.py:154} INFO - [2023-12-18T21:35:47.152+0000] {dag.py:2941} INFO - Sync 1 DAGs
[2023-12-18T21:35:47.188+0000] {logging_mixin.py:154} INFO - [2023-12-18T21:35:47.187+0000] {dag.py:3722} INFO - Setting next_dagrun for example_sla_dag to 2023-12-18T21:32:00+00:00, run_after=2023-12-18T21:34:00+00:00
[2023-12-18T21:35:47.216+0000] {processor.py:179} INFO - Processing /home/airflow/.local/lib/python3.8/site-packages/airflow/example_dags/example_sla_dag.py took 0.103 seconds
