[2023-12-18T20:56:38.727+0000] {processor.py:157} INFO - Started process (PID=60) to work on /home/airflow/.local/lib/python3.8/site-packages/airflow/example_dags/tutorial_dag.py
[2023-12-18T20:56:38.729+0000] {processor.py:829} INFO - Processing file /home/airflow/.local/lib/python3.8/site-packages/airflow/example_dags/tutorial_dag.py for tasks to queue
[2023-12-18T20:56:38.732+0000] {logging_mixin.py:154} INFO - [2023-12-18T20:56:38.732+0000] {dagbag.py:536} INFO - Filling up the DagBag from /home/airflow/.local/lib/python3.8/site-packages/airflow/example_dags/tutorial_dag.py
[2023-12-18T20:56:38.747+0000] {processor.py:839} INFO - DAG(s) dict_keys(['tutorial_dag']) retrieved from /home/airflow/.local/lib/python3.8/site-packages/airflow/example_dags/tutorial_dag.py
[2023-12-18T20:56:38.819+0000] {logging_mixin.py:154} INFO - [2023-12-18T20:56:38.818+0000] {dag.py:2941} INFO - Sync 1 DAGs
[2023-12-18T20:56:38.881+0000] {logging_mixin.py:154} INFO - [2023-12-18T20:56:38.880+0000] {dag.py:3722} INFO - Setting next_dagrun for tutorial_dag to None, run_after=None
[2023-12-18T20:56:38.954+0000] {processor.py:179} INFO - Processing /home/airflow/.local/lib/python3.8/site-packages/airflow/example_dags/tutorial_dag.py took 0.233 seconds
[2023-12-18T20:57:09.741+0000] {processor.py:157} INFO - Started process (PID=114) to work on /home/airflow/.local/lib/python3.8/site-packages/airflow/example_dags/tutorial_dag.py
[2023-12-18T20:57:09.743+0000] {processor.py:829} INFO - Processing file /home/airflow/.local/lib/python3.8/site-packages/airflow/example_dags/tutorial_dag.py for tasks to queue
[2023-12-18T20:57:09.746+0000] {logging_mixin.py:154} INFO - [2023-12-18T20:57:09.746+0000] {dagbag.py:536} INFO - Filling up the DagBag from /home/airflow/.local/lib/python3.8/site-packages/airflow/example_dags/tutorial_dag.py
[2023-12-18T20:57:09.754+0000] {processor.py:839} INFO - DAG(s) dict_keys(['tutorial_dag']) retrieved from /home/airflow/.local/lib/python3.8/site-packages/airflow/example_dags/tutorial_dag.py
[2023-12-18T20:57:09.790+0000] {logging_mixin.py:154} INFO - [2023-12-18T20:57:09.789+0000] {dag.py:2941} INFO - Sync 1 DAGs
[2023-12-18T20:57:09.814+0000] {logging_mixin.py:154} INFO - [2023-12-18T20:57:09.813+0000] {dag.py:3722} INFO - Setting next_dagrun for tutorial_dag to None, run_after=None
[2023-12-18T20:57:09.850+0000] {processor.py:179} INFO - Processing /home/airflow/.local/lib/python3.8/site-packages/airflow/example_dags/tutorial_dag.py took 0.114 seconds
[2023-12-18T20:57:40.306+0000] {processor.py:157} INFO - Started process (PID=168) to work on /home/airflow/.local/lib/python3.8/site-packages/airflow/example_dags/tutorial_dag.py
[2023-12-18T20:57:40.307+0000] {processor.py:829} INFO - Processing file /home/airflow/.local/lib/python3.8/site-packages/airflow/example_dags/tutorial_dag.py for tasks to queue
[2023-12-18T20:57:40.311+0000] {logging_mixin.py:154} INFO - [2023-12-18T20:57:40.311+0000] {dagbag.py:536} INFO - Filling up the DagBag from /home/airflow/.local/lib/python3.8/site-packages/airflow/example_dags/tutorial_dag.py
[2023-12-18T20:57:40.321+0000] {processor.py:839} INFO - DAG(s) dict_keys(['tutorial_dag']) retrieved from /home/airflow/.local/lib/python3.8/site-packages/airflow/example_dags/tutorial_dag.py
[2023-12-18T20:57:40.358+0000] {logging_mixin.py:154} INFO - [2023-12-18T20:57:40.357+0000] {dag.py:2941} INFO - Sync 1 DAGs
[2023-12-18T20:57:40.389+0000] {logging_mixin.py:154} INFO - [2023-12-18T20:57:40.388+0000] {dag.py:3722} INFO - Setting next_dagrun for tutorial_dag to None, run_after=None
[2023-12-18T20:57:40.433+0000] {processor.py:179} INFO - Processing /home/airflow/.local/lib/python3.8/site-packages/airflow/example_dags/tutorial_dag.py took 0.134 seconds
[2023-12-18T20:58:11.227+0000] {processor.py:157} INFO - Started process (PID=222) to work on /home/airflow/.local/lib/python3.8/site-packages/airflow/example_dags/tutorial_dag.py
[2023-12-18T20:58:11.229+0000] {processor.py:829} INFO - Processing file /home/airflow/.local/lib/python3.8/site-packages/airflow/example_dags/tutorial_dag.py for tasks to queue
[2023-12-18T20:58:11.234+0000] {logging_mixin.py:154} INFO - [2023-12-18T20:58:11.233+0000] {dagbag.py:536} INFO - Filling up the DagBag from /home/airflow/.local/lib/python3.8/site-packages/airflow/example_dags/tutorial_dag.py
[2023-12-18T20:58:11.243+0000] {processor.py:839} INFO - DAG(s) dict_keys(['tutorial_dag']) retrieved from /home/airflow/.local/lib/python3.8/site-packages/airflow/example_dags/tutorial_dag.py
[2023-12-18T20:58:11.279+0000] {logging_mixin.py:154} INFO - [2023-12-18T20:58:11.279+0000] {dag.py:2941} INFO - Sync 1 DAGs
[2023-12-18T20:58:11.305+0000] {logging_mixin.py:154} INFO - [2023-12-18T20:58:11.304+0000] {dag.py:3722} INFO - Setting next_dagrun for tutorial_dag to None, run_after=None
[2023-12-18T20:58:11.384+0000] {processor.py:179} INFO - Processing /home/airflow/.local/lib/python3.8/site-packages/airflow/example_dags/tutorial_dag.py took 0.162 seconds
[2023-12-18T20:58:41.594+0000] {processor.py:157} INFO - Started process (PID=276) to work on /home/airflow/.local/lib/python3.8/site-packages/airflow/example_dags/tutorial_dag.py
[2023-12-18T20:58:41.598+0000] {processor.py:829} INFO - Processing file /home/airflow/.local/lib/python3.8/site-packages/airflow/example_dags/tutorial_dag.py for tasks to queue
[2023-12-18T20:58:41.601+0000] {logging_mixin.py:154} INFO - [2023-12-18T20:58:41.601+0000] {dagbag.py:536} INFO - Filling up the DagBag from /home/airflow/.local/lib/python3.8/site-packages/airflow/example_dags/tutorial_dag.py
[2023-12-18T20:58:41.608+0000] {processor.py:839} INFO - DAG(s) dict_keys(['tutorial_dag']) retrieved from /home/airflow/.local/lib/python3.8/site-packages/airflow/example_dags/tutorial_dag.py
[2023-12-18T20:58:41.639+0000] {logging_mixin.py:154} INFO - [2023-12-18T20:58:41.639+0000] {dag.py:2941} INFO - Sync 1 DAGs
[2023-12-18T20:58:41.662+0000] {logging_mixin.py:154} INFO - [2023-12-18T20:58:41.661+0000] {dag.py:3722} INFO - Setting next_dagrun for tutorial_dag to None, run_after=None
[2023-12-18T20:58:41.694+0000] {processor.py:179} INFO - Processing /home/airflow/.local/lib/python3.8/site-packages/airflow/example_dags/tutorial_dag.py took 0.105 seconds
[2023-12-18T20:59:12.836+0000] {processor.py:157} INFO - Started process (PID=330) to work on /home/airflow/.local/lib/python3.8/site-packages/airflow/example_dags/tutorial_dag.py
[2023-12-18T20:59:12.837+0000] {processor.py:829} INFO - Processing file /home/airflow/.local/lib/python3.8/site-packages/airflow/example_dags/tutorial_dag.py for tasks to queue
[2023-12-18T20:59:12.841+0000] {logging_mixin.py:154} INFO - [2023-12-18T20:59:12.841+0000] {dagbag.py:536} INFO - Filling up the DagBag from /home/airflow/.local/lib/python3.8/site-packages/airflow/example_dags/tutorial_dag.py
[2023-12-18T20:59:12.849+0000] {processor.py:839} INFO - DAG(s) dict_keys(['tutorial_dag']) retrieved from /home/airflow/.local/lib/python3.8/site-packages/airflow/example_dags/tutorial_dag.py
[2023-12-18T20:59:12.883+0000] {logging_mixin.py:154} INFO - [2023-12-18T20:59:12.882+0000] {dag.py:2941} INFO - Sync 1 DAGs
[2023-12-18T20:59:12.906+0000] {logging_mixin.py:154} INFO - [2023-12-18T20:59:12.906+0000] {dag.py:3722} INFO - Setting next_dagrun for tutorial_dag to None, run_after=None
[2023-12-18T20:59:12.978+0000] {processor.py:179} INFO - Processing /home/airflow/.local/lib/python3.8/site-packages/airflow/example_dags/tutorial_dag.py took 0.148 seconds
[2023-12-18T20:59:43.460+0000] {processor.py:157} INFO - Started process (PID=391) to work on /home/airflow/.local/lib/python3.8/site-packages/airflow/example_dags/tutorial_dag.py
[2023-12-18T20:59:43.462+0000] {processor.py:829} INFO - Processing file /home/airflow/.local/lib/python3.8/site-packages/airflow/example_dags/tutorial_dag.py for tasks to queue
[2023-12-18T20:59:43.465+0000] {logging_mixin.py:154} INFO - [2023-12-18T20:59:43.464+0000] {dagbag.py:536} INFO - Filling up the DagBag from /home/airflow/.local/lib/python3.8/site-packages/airflow/example_dags/tutorial_dag.py
[2023-12-18T20:59:43.472+0000] {processor.py:839} INFO - DAG(s) dict_keys(['tutorial_dag']) retrieved from /home/airflow/.local/lib/python3.8/site-packages/airflow/example_dags/tutorial_dag.py
[2023-12-18T20:59:43.509+0000] {logging_mixin.py:154} INFO - [2023-12-18T20:59:43.508+0000] {dag.py:2941} INFO - Sync 1 DAGs
[2023-12-18T20:59:43.550+0000] {logging_mixin.py:154} INFO - [2023-12-18T20:59:43.549+0000] {dag.py:3722} INFO - Setting next_dagrun for tutorial_dag to None, run_after=None
[2023-12-18T20:59:43.618+0000] {processor.py:179} INFO - Processing /home/airflow/.local/lib/python3.8/site-packages/airflow/example_dags/tutorial_dag.py took 0.162 seconds
[2023-12-18T21:00:14.264+0000] {processor.py:157} INFO - Started process (PID=445) to work on /home/airflow/.local/lib/python3.8/site-packages/airflow/example_dags/tutorial_dag.py
[2023-12-18T21:00:14.266+0000] {processor.py:829} INFO - Processing file /home/airflow/.local/lib/python3.8/site-packages/airflow/example_dags/tutorial_dag.py for tasks to queue
[2023-12-18T21:00:14.269+0000] {logging_mixin.py:154} INFO - [2023-12-18T21:00:14.269+0000] {dagbag.py:536} INFO - Filling up the DagBag from /home/airflow/.local/lib/python3.8/site-packages/airflow/example_dags/tutorial_dag.py
[2023-12-18T21:00:14.278+0000] {processor.py:839} INFO - DAG(s) dict_keys(['tutorial_dag']) retrieved from /home/airflow/.local/lib/python3.8/site-packages/airflow/example_dags/tutorial_dag.py
[2023-12-18T21:00:14.317+0000] {logging_mixin.py:154} INFO - [2023-12-18T21:00:14.316+0000] {dag.py:2941} INFO - Sync 1 DAGs
[2023-12-18T21:00:14.342+0000] {logging_mixin.py:154} INFO - [2023-12-18T21:00:14.342+0000] {dag.py:3722} INFO - Setting next_dagrun for tutorial_dag to None, run_after=None
[2023-12-18T21:00:14.421+0000] {processor.py:179} INFO - Processing /home/airflow/.local/lib/python3.8/site-packages/airflow/example_dags/tutorial_dag.py took 0.161 seconds
[2023-12-18T21:00:44.556+0000] {processor.py:157} INFO - Started process (PID=499) to work on /home/airflow/.local/lib/python3.8/site-packages/airflow/example_dags/tutorial_dag.py
[2023-12-18T21:00:44.557+0000] {processor.py:829} INFO - Processing file /home/airflow/.local/lib/python3.8/site-packages/airflow/example_dags/tutorial_dag.py for tasks to queue
[2023-12-18T21:00:44.561+0000] {logging_mixin.py:154} INFO - [2023-12-18T21:00:44.560+0000] {dagbag.py:536} INFO - Filling up the DagBag from /home/airflow/.local/lib/python3.8/site-packages/airflow/example_dags/tutorial_dag.py
[2023-12-18T21:00:44.569+0000] {processor.py:839} INFO - DAG(s) dict_keys(['tutorial_dag']) retrieved from /home/airflow/.local/lib/python3.8/site-packages/airflow/example_dags/tutorial_dag.py
[2023-12-18T21:00:44.605+0000] {logging_mixin.py:154} INFO - [2023-12-18T21:00:44.604+0000] {dag.py:2941} INFO - Sync 1 DAGs
[2023-12-18T21:00:44.631+0000] {logging_mixin.py:154} INFO - [2023-12-18T21:00:44.631+0000] {dag.py:3722} INFO - Setting next_dagrun for tutorial_dag to None, run_after=None
[2023-12-18T21:00:44.663+0000] {processor.py:179} INFO - Processing /home/airflow/.local/lib/python3.8/site-packages/airflow/example_dags/tutorial_dag.py took 0.112 seconds
[2023-12-18T21:01:14.846+0000] {processor.py:157} INFO - Started process (PID=553) to work on /home/airflow/.local/lib/python3.8/site-packages/airflow/example_dags/tutorial_dag.py
[2023-12-18T21:01:14.848+0000] {processor.py:829} INFO - Processing file /home/airflow/.local/lib/python3.8/site-packages/airflow/example_dags/tutorial_dag.py for tasks to queue
[2023-12-18T21:01:14.851+0000] {logging_mixin.py:154} INFO - [2023-12-18T21:01:14.851+0000] {dagbag.py:536} INFO - Filling up the DagBag from /home/airflow/.local/lib/python3.8/site-packages/airflow/example_dags/tutorial_dag.py
[2023-12-18T21:01:14.859+0000] {processor.py:839} INFO - DAG(s) dict_keys(['tutorial_dag']) retrieved from /home/airflow/.local/lib/python3.8/site-packages/airflow/example_dags/tutorial_dag.py
[2023-12-18T21:01:14.895+0000] {logging_mixin.py:154} INFO - [2023-12-18T21:01:14.894+0000] {dag.py:2941} INFO - Sync 1 DAGs
[2023-12-18T21:01:14.935+0000] {logging_mixin.py:154} INFO - [2023-12-18T21:01:14.935+0000] {dag.py:3722} INFO - Setting next_dagrun for tutorial_dag to None, run_after=None
[2023-12-18T21:01:15.013+0000] {processor.py:179} INFO - Processing /home/airflow/.local/lib/python3.8/site-packages/airflow/example_dags/tutorial_dag.py took 0.172 seconds
[2023-12-18T21:01:45.674+0000] {processor.py:157} INFO - Started process (PID=607) to work on /home/airflow/.local/lib/python3.8/site-packages/airflow/example_dags/tutorial_dag.py
[2023-12-18T21:01:45.675+0000] {processor.py:829} INFO - Processing file /home/airflow/.local/lib/python3.8/site-packages/airflow/example_dags/tutorial_dag.py for tasks to queue
[2023-12-18T21:01:45.679+0000] {logging_mixin.py:154} INFO - [2023-12-18T21:01:45.678+0000] {dagbag.py:536} INFO - Filling up the DagBag from /home/airflow/.local/lib/python3.8/site-packages/airflow/example_dags/tutorial_dag.py
[2023-12-18T21:01:45.688+0000] {processor.py:839} INFO - DAG(s) dict_keys(['tutorial_dag']) retrieved from /home/airflow/.local/lib/python3.8/site-packages/airflow/example_dags/tutorial_dag.py
[2023-12-18T21:01:45.726+0000] {logging_mixin.py:154} INFO - [2023-12-18T21:01:45.725+0000] {dag.py:2941} INFO - Sync 1 DAGs
[2023-12-18T21:01:45.750+0000] {logging_mixin.py:154} INFO - [2023-12-18T21:01:45.749+0000] {dag.py:3722} INFO - Setting next_dagrun for tutorial_dag to None, run_after=None
[2023-12-18T21:01:45.801+0000] {processor.py:179} INFO - Processing /home/airflow/.local/lib/python3.8/site-packages/airflow/example_dags/tutorial_dag.py took 0.132 seconds
[2023-12-18T21:02:16.735+0000] {processor.py:157} INFO - Started process (PID=661) to work on /home/airflow/.local/lib/python3.8/site-packages/airflow/example_dags/tutorial_dag.py
[2023-12-18T21:02:16.736+0000] {processor.py:829} INFO - Processing file /home/airflow/.local/lib/python3.8/site-packages/airflow/example_dags/tutorial_dag.py for tasks to queue
[2023-12-18T21:02:16.740+0000] {logging_mixin.py:154} INFO - [2023-12-18T21:02:16.739+0000] {dagbag.py:536} INFO - Filling up the DagBag from /home/airflow/.local/lib/python3.8/site-packages/airflow/example_dags/tutorial_dag.py
[2023-12-18T21:02:16.748+0000] {processor.py:839} INFO - DAG(s) dict_keys(['tutorial_dag']) retrieved from /home/airflow/.local/lib/python3.8/site-packages/airflow/example_dags/tutorial_dag.py
[2023-12-18T21:02:16.784+0000] {logging_mixin.py:154} INFO - [2023-12-18T21:02:16.784+0000] {dag.py:2941} INFO - Sync 1 DAGs
[2023-12-18T21:02:16.810+0000] {logging_mixin.py:154} INFO - [2023-12-18T21:02:16.810+0000] {dag.py:3722} INFO - Setting next_dagrun for tutorial_dag to None, run_after=None
[2023-12-18T21:02:16.846+0000] {processor.py:179} INFO - Processing /home/airflow/.local/lib/python3.8/site-packages/airflow/example_dags/tutorial_dag.py took 0.116 seconds
[2023-12-18T21:02:47.641+0000] {processor.py:157} INFO - Started process (PID=715) to work on /home/airflow/.local/lib/python3.8/site-packages/airflow/example_dags/tutorial_dag.py
[2023-12-18T21:02:47.643+0000] {processor.py:829} INFO - Processing file /home/airflow/.local/lib/python3.8/site-packages/airflow/example_dags/tutorial_dag.py for tasks to queue
[2023-12-18T21:02:47.646+0000] {logging_mixin.py:154} INFO - [2023-12-18T21:02:47.646+0000] {dagbag.py:536} INFO - Filling up the DagBag from /home/airflow/.local/lib/python3.8/site-packages/airflow/example_dags/tutorial_dag.py
[2023-12-18T21:02:47.654+0000] {processor.py:839} INFO - DAG(s) dict_keys(['tutorial_dag']) retrieved from /home/airflow/.local/lib/python3.8/site-packages/airflow/example_dags/tutorial_dag.py
[2023-12-18T21:02:47.693+0000] {logging_mixin.py:154} INFO - [2023-12-18T21:02:47.692+0000] {dag.py:2941} INFO - Sync 1 DAGs
[2023-12-18T21:02:47.717+0000] {logging_mixin.py:154} INFO - [2023-12-18T21:02:47.716+0000] {dag.py:3722} INFO - Setting next_dagrun for tutorial_dag to None, run_after=None
[2023-12-18T21:02:47.753+0000] {processor.py:179} INFO - Processing /home/airflow/.local/lib/python3.8/site-packages/airflow/example_dags/tutorial_dag.py took 0.117 seconds
[2023-12-18T21:03:17.960+0000] {processor.py:157} INFO - Started process (PID=769) to work on /home/airflow/.local/lib/python3.8/site-packages/airflow/example_dags/tutorial_dag.py
[2023-12-18T21:03:17.961+0000] {processor.py:829} INFO - Processing file /home/airflow/.local/lib/python3.8/site-packages/airflow/example_dags/tutorial_dag.py for tasks to queue
[2023-12-18T21:03:17.964+0000] {logging_mixin.py:154} INFO - [2023-12-18T21:03:17.964+0000] {dagbag.py:536} INFO - Filling up the DagBag from /home/airflow/.local/lib/python3.8/site-packages/airflow/example_dags/tutorial_dag.py
[2023-12-18T21:03:17.972+0000] {processor.py:839} INFO - DAG(s) dict_keys(['tutorial_dag']) retrieved from /home/airflow/.local/lib/python3.8/site-packages/airflow/example_dags/tutorial_dag.py
[2023-12-18T21:03:18.008+0000] {logging_mixin.py:154} INFO - [2023-12-18T21:03:18.007+0000] {dag.py:2941} INFO - Sync 1 DAGs
[2023-12-18T21:03:18.038+0000] {logging_mixin.py:154} INFO - [2023-12-18T21:03:18.038+0000] {dag.py:3722} INFO - Setting next_dagrun for tutorial_dag to None, run_after=None
[2023-12-18T21:03:18.080+0000] {processor.py:179} INFO - Processing /home/airflow/.local/lib/python3.8/site-packages/airflow/example_dags/tutorial_dag.py took 0.124 seconds
[2023-12-18T21:03:48.733+0000] {processor.py:157} INFO - Started process (PID=823) to work on /home/airflow/.local/lib/python3.8/site-packages/airflow/example_dags/tutorial_dag.py
[2023-12-18T21:03:48.735+0000] {processor.py:829} INFO - Processing file /home/airflow/.local/lib/python3.8/site-packages/airflow/example_dags/tutorial_dag.py for tasks to queue
[2023-12-18T21:03:48.740+0000] {logging_mixin.py:154} INFO - [2023-12-18T21:03:48.739+0000] {dagbag.py:536} INFO - Filling up the DagBag from /home/airflow/.local/lib/python3.8/site-packages/airflow/example_dags/tutorial_dag.py
[2023-12-18T21:03:48.749+0000] {processor.py:839} INFO - DAG(s) dict_keys(['tutorial_dag']) retrieved from /home/airflow/.local/lib/python3.8/site-packages/airflow/example_dags/tutorial_dag.py
[2023-12-18T21:03:48.781+0000] {logging_mixin.py:154} INFO - [2023-12-18T21:03:48.781+0000] {dag.py:2941} INFO - Sync 1 DAGs
[2023-12-18T21:03:48.807+0000] {logging_mixin.py:154} INFO - [2023-12-18T21:03:48.807+0000] {dag.py:3722} INFO - Setting next_dagrun for tutorial_dag to None, run_after=None
[2023-12-18T21:03:48.883+0000] {processor.py:179} INFO - Processing /home/airflow/.local/lib/python3.8/site-packages/airflow/example_dags/tutorial_dag.py took 0.156 seconds
[2023-12-18T21:04:18.972+0000] {processor.py:157} INFO - Started process (PID=877) to work on /home/airflow/.local/lib/python3.8/site-packages/airflow/example_dags/tutorial_dag.py
[2023-12-18T21:04:18.973+0000] {processor.py:829} INFO - Processing file /home/airflow/.local/lib/python3.8/site-packages/airflow/example_dags/tutorial_dag.py for tasks to queue
[2023-12-18T21:04:18.975+0000] {logging_mixin.py:154} INFO - [2023-12-18T21:04:18.974+0000] {dagbag.py:536} INFO - Filling up the DagBag from /home/airflow/.local/lib/python3.8/site-packages/airflow/example_dags/tutorial_dag.py
[2023-12-18T21:04:18.978+0000] {processor.py:839} INFO - DAG(s) dict_keys(['tutorial_dag']) retrieved from /home/airflow/.local/lib/python3.8/site-packages/airflow/example_dags/tutorial_dag.py
[2023-12-18T21:04:18.993+0000] {logging_mixin.py:154} INFO - [2023-12-18T21:04:18.993+0000] {dag.py:2941} INFO - Sync 1 DAGs
[2023-12-18T21:04:19.005+0000] {logging_mixin.py:154} INFO - [2023-12-18T21:04:19.004+0000] {dag.py:3722} INFO - Setting next_dagrun for tutorial_dag to None, run_after=None
[2023-12-18T21:04:19.021+0000] {processor.py:179} INFO - Processing /home/airflow/.local/lib/python3.8/site-packages/airflow/example_dags/tutorial_dag.py took 0.051 seconds
[2023-12-18T21:04:49.217+0000] {processor.py:157} INFO - Started process (PID=931) to work on /home/airflow/.local/lib/python3.8/site-packages/airflow/example_dags/tutorial_dag.py
[2023-12-18T21:04:49.218+0000] {processor.py:829} INFO - Processing file /home/airflow/.local/lib/python3.8/site-packages/airflow/example_dags/tutorial_dag.py for tasks to queue
[2023-12-18T21:04:49.220+0000] {logging_mixin.py:154} INFO - [2023-12-18T21:04:49.220+0000] {dagbag.py:536} INFO - Filling up the DagBag from /home/airflow/.local/lib/python3.8/site-packages/airflow/example_dags/tutorial_dag.py
[2023-12-18T21:04:49.224+0000] {processor.py:839} INFO - DAG(s) dict_keys(['tutorial_dag']) retrieved from /home/airflow/.local/lib/python3.8/site-packages/airflow/example_dags/tutorial_dag.py
[2023-12-18T21:04:49.240+0000] {logging_mixin.py:154} INFO - [2023-12-18T21:04:49.240+0000] {dag.py:2941} INFO - Sync 1 DAGs
[2023-12-18T21:04:49.251+0000] {logging_mixin.py:154} INFO - [2023-12-18T21:04:49.251+0000] {dag.py:3722} INFO - Setting next_dagrun for tutorial_dag to None, run_after=None
[2023-12-18T21:04:49.266+0000] {processor.py:179} INFO - Processing /home/airflow/.local/lib/python3.8/site-packages/airflow/example_dags/tutorial_dag.py took 0.051 seconds
[2023-12-18T21:05:19.624+0000] {processor.py:157} INFO - Started process (PID=985) to work on /home/airflow/.local/lib/python3.8/site-packages/airflow/example_dags/tutorial_dag.py
[2023-12-18T21:05:19.625+0000] {processor.py:829} INFO - Processing file /home/airflow/.local/lib/python3.8/site-packages/airflow/example_dags/tutorial_dag.py for tasks to queue
[2023-12-18T21:05:19.627+0000] {logging_mixin.py:154} INFO - [2023-12-18T21:05:19.627+0000] {dagbag.py:536} INFO - Filling up the DagBag from /home/airflow/.local/lib/python3.8/site-packages/airflow/example_dags/tutorial_dag.py
[2023-12-18T21:05:19.630+0000] {processor.py:839} INFO - DAG(s) dict_keys(['tutorial_dag']) retrieved from /home/airflow/.local/lib/python3.8/site-packages/airflow/example_dags/tutorial_dag.py
[2023-12-18T21:05:19.646+0000] {logging_mixin.py:154} INFO - [2023-12-18T21:05:19.646+0000] {dag.py:2941} INFO - Sync 1 DAGs
[2023-12-18T21:05:19.657+0000] {logging_mixin.py:154} INFO - [2023-12-18T21:05:19.657+0000] {dag.py:3722} INFO - Setting next_dagrun for tutorial_dag to None, run_after=None
[2023-12-18T21:05:19.671+0000] {processor.py:179} INFO - Processing /home/airflow/.local/lib/python3.8/site-packages/airflow/example_dags/tutorial_dag.py took 0.049 seconds
[2023-12-18T21:05:49.918+0000] {processor.py:157} INFO - Started process (PID=1039) to work on /home/airflow/.local/lib/python3.8/site-packages/airflow/example_dags/tutorial_dag.py
[2023-12-18T21:05:49.919+0000] {processor.py:829} INFO - Processing file /home/airflow/.local/lib/python3.8/site-packages/airflow/example_dags/tutorial_dag.py for tasks to queue
[2023-12-18T21:05:49.921+0000] {logging_mixin.py:154} INFO - [2023-12-18T21:05:49.920+0000] {dagbag.py:536} INFO - Filling up the DagBag from /home/airflow/.local/lib/python3.8/site-packages/airflow/example_dags/tutorial_dag.py
[2023-12-18T21:05:49.924+0000] {processor.py:839} INFO - DAG(s) dict_keys(['tutorial_dag']) retrieved from /home/airflow/.local/lib/python3.8/site-packages/airflow/example_dags/tutorial_dag.py
[2023-12-18T21:05:49.940+0000] {logging_mixin.py:154} INFO - [2023-12-18T21:05:49.940+0000] {dag.py:2941} INFO - Sync 1 DAGs
[2023-12-18T21:05:49.950+0000] {logging_mixin.py:154} INFO - [2023-12-18T21:05:49.950+0000] {dag.py:3722} INFO - Setting next_dagrun for tutorial_dag to None, run_after=None
[2023-12-18T21:05:49.963+0000] {processor.py:179} INFO - Processing /home/airflow/.local/lib/python3.8/site-packages/airflow/example_dags/tutorial_dag.py took 0.047 seconds
[2023-12-18T21:06:20.241+0000] {processor.py:157} INFO - Started process (PID=1093) to work on /home/airflow/.local/lib/python3.8/site-packages/airflow/example_dags/tutorial_dag.py
[2023-12-18T21:06:20.242+0000] {processor.py:829} INFO - Processing file /home/airflow/.local/lib/python3.8/site-packages/airflow/example_dags/tutorial_dag.py for tasks to queue
[2023-12-18T21:06:20.243+0000] {logging_mixin.py:154} INFO - [2023-12-18T21:06:20.243+0000] {dagbag.py:536} INFO - Filling up the DagBag from /home/airflow/.local/lib/python3.8/site-packages/airflow/example_dags/tutorial_dag.py
[2023-12-18T21:06:20.247+0000] {processor.py:839} INFO - DAG(s) dict_keys(['tutorial_dag']) retrieved from /home/airflow/.local/lib/python3.8/site-packages/airflow/example_dags/tutorial_dag.py
[2023-12-18T21:06:20.262+0000] {logging_mixin.py:154} INFO - [2023-12-18T21:06:20.261+0000] {dag.py:2941} INFO - Sync 1 DAGs
[2023-12-18T21:06:20.271+0000] {logging_mixin.py:154} INFO - [2023-12-18T21:06:20.271+0000] {dag.py:3722} INFO - Setting next_dagrun for tutorial_dag to None, run_after=None
[2023-12-18T21:06:20.286+0000] {processor.py:179} INFO - Processing /home/airflow/.local/lib/python3.8/site-packages/airflow/example_dags/tutorial_dag.py took 0.047 seconds
[2023-12-18T21:06:50.515+0000] {processor.py:157} INFO - Started process (PID=1147) to work on /home/airflow/.local/lib/python3.8/site-packages/airflow/example_dags/tutorial_dag.py
[2023-12-18T21:06:50.516+0000] {processor.py:829} INFO - Processing file /home/airflow/.local/lib/python3.8/site-packages/airflow/example_dags/tutorial_dag.py for tasks to queue
[2023-12-18T21:06:50.518+0000] {logging_mixin.py:154} INFO - [2023-12-18T21:06:50.518+0000] {dagbag.py:536} INFO - Filling up the DagBag from /home/airflow/.local/lib/python3.8/site-packages/airflow/example_dags/tutorial_dag.py
[2023-12-18T21:06:50.522+0000] {processor.py:839} INFO - DAG(s) dict_keys(['tutorial_dag']) retrieved from /home/airflow/.local/lib/python3.8/site-packages/airflow/example_dags/tutorial_dag.py
[2023-12-18T21:06:50.538+0000] {logging_mixin.py:154} INFO - [2023-12-18T21:06:50.538+0000] {dag.py:2941} INFO - Sync 1 DAGs
[2023-12-18T21:06:50.548+0000] {logging_mixin.py:154} INFO - [2023-12-18T21:06:50.548+0000] {dag.py:3722} INFO - Setting next_dagrun for tutorial_dag to None, run_after=None
[2023-12-18T21:06:50.563+0000] {processor.py:179} INFO - Processing /home/airflow/.local/lib/python3.8/site-packages/airflow/example_dags/tutorial_dag.py took 0.050 seconds
[2023-12-18T21:07:20.787+0000] {processor.py:157} INFO - Started process (PID=1201) to work on /home/airflow/.local/lib/python3.8/site-packages/airflow/example_dags/tutorial_dag.py
[2023-12-18T21:07:20.788+0000] {processor.py:829} INFO - Processing file /home/airflow/.local/lib/python3.8/site-packages/airflow/example_dags/tutorial_dag.py for tasks to queue
[2023-12-18T21:07:20.790+0000] {logging_mixin.py:154} INFO - [2023-12-18T21:07:20.789+0000] {dagbag.py:536} INFO - Filling up the DagBag from /home/airflow/.local/lib/python3.8/site-packages/airflow/example_dags/tutorial_dag.py
[2023-12-18T21:07:20.793+0000] {processor.py:839} INFO - DAG(s) dict_keys(['tutorial_dag']) retrieved from /home/airflow/.local/lib/python3.8/site-packages/airflow/example_dags/tutorial_dag.py
[2023-12-18T21:07:20.807+0000] {logging_mixin.py:154} INFO - [2023-12-18T21:07:20.807+0000] {dag.py:2941} INFO - Sync 1 DAGs
[2023-12-18T21:07:20.817+0000] {logging_mixin.py:154} INFO - [2023-12-18T21:07:20.817+0000] {dag.py:3722} INFO - Setting next_dagrun for tutorial_dag to None, run_after=None
[2023-12-18T21:07:20.831+0000] {processor.py:179} INFO - Processing /home/airflow/.local/lib/python3.8/site-packages/airflow/example_dags/tutorial_dag.py took 0.046 seconds
[2023-12-18T21:07:51.784+0000] {processor.py:157} INFO - Started process (PID=1255) to work on /home/airflow/.local/lib/python3.8/site-packages/airflow/example_dags/tutorial_dag.py
[2023-12-18T21:07:51.785+0000] {processor.py:829} INFO - Processing file /home/airflow/.local/lib/python3.8/site-packages/airflow/example_dags/tutorial_dag.py for tasks to queue
[2023-12-18T21:07:51.787+0000] {logging_mixin.py:154} INFO - [2023-12-18T21:07:51.786+0000] {dagbag.py:536} INFO - Filling up the DagBag from /home/airflow/.local/lib/python3.8/site-packages/airflow/example_dags/tutorial_dag.py
[2023-12-18T21:07:51.790+0000] {processor.py:839} INFO - DAG(s) dict_keys(['tutorial_dag']) retrieved from /home/airflow/.local/lib/python3.8/site-packages/airflow/example_dags/tutorial_dag.py
[2023-12-18T21:07:51.806+0000] {logging_mixin.py:154} INFO - [2023-12-18T21:07:51.806+0000] {dag.py:2941} INFO - Sync 1 DAGs
[2023-12-18T21:07:51.816+0000] {logging_mixin.py:154} INFO - [2023-12-18T21:07:51.816+0000] {dag.py:3722} INFO - Setting next_dagrun for tutorial_dag to None, run_after=None
[2023-12-18T21:07:51.830+0000] {processor.py:179} INFO - Processing /home/airflow/.local/lib/python3.8/site-packages/airflow/example_dags/tutorial_dag.py took 0.048 seconds
[2023-12-18T21:11:28.009+0000] {processor.py:157} INFO - Started process (PID=1300) to work on /home/airflow/.local/lib/python3.8/site-packages/airflow/example_dags/tutorial_dag.py
[2023-12-18T21:11:28.010+0000] {processor.py:829} INFO - Processing file /home/airflow/.local/lib/python3.8/site-packages/airflow/example_dags/tutorial_dag.py for tasks to queue
[2023-12-18T21:11:28.011+0000] {logging_mixin.py:154} INFO - [2023-12-18T21:11:28.011+0000] {dagbag.py:536} INFO - Filling up the DagBag from /home/airflow/.local/lib/python3.8/site-packages/airflow/example_dags/tutorial_dag.py
[2023-12-18T21:11:28.016+0000] {processor.py:839} INFO - DAG(s) dict_keys(['tutorial_dag']) retrieved from /home/airflow/.local/lib/python3.8/site-packages/airflow/example_dags/tutorial_dag.py
[2023-12-18T21:11:28.033+0000] {logging_mixin.py:154} INFO - [2023-12-18T21:11:28.033+0000] {dag.py:2941} INFO - Sync 1 DAGs
[2023-12-18T21:11:28.045+0000] {logging_mixin.py:154} INFO - [2023-12-18T21:11:28.045+0000] {dag.py:3722} INFO - Setting next_dagrun for tutorial_dag to None, run_after=None
[2023-12-18T21:11:28.062+0000] {processor.py:179} INFO - Processing /home/airflow/.local/lib/python3.8/site-packages/airflow/example_dags/tutorial_dag.py took 0.055 seconds
[2023-12-18T21:11:58.299+0000] {processor.py:157} INFO - Started process (PID=1354) to work on /home/airflow/.local/lib/python3.8/site-packages/airflow/example_dags/tutorial_dag.py
[2023-12-18T21:11:58.300+0000] {processor.py:829} INFO - Processing file /home/airflow/.local/lib/python3.8/site-packages/airflow/example_dags/tutorial_dag.py for tasks to queue
[2023-12-18T21:11:58.301+0000] {logging_mixin.py:154} INFO - [2023-12-18T21:11:58.301+0000] {dagbag.py:536} INFO - Filling up the DagBag from /home/airflow/.local/lib/python3.8/site-packages/airflow/example_dags/tutorial_dag.py
[2023-12-18T21:11:58.305+0000] {processor.py:839} INFO - DAG(s) dict_keys(['tutorial_dag']) retrieved from /home/airflow/.local/lib/python3.8/site-packages/airflow/example_dags/tutorial_dag.py
[2023-12-18T21:11:58.321+0000] {logging_mixin.py:154} INFO - [2023-12-18T21:11:58.321+0000] {dag.py:2941} INFO - Sync 1 DAGs
[2023-12-18T21:11:58.332+0000] {logging_mixin.py:154} INFO - [2023-12-18T21:11:58.332+0000] {dag.py:3722} INFO - Setting next_dagrun for tutorial_dag to None, run_after=None
[2023-12-18T21:11:58.349+0000] {processor.py:179} INFO - Processing /home/airflow/.local/lib/python3.8/site-packages/airflow/example_dags/tutorial_dag.py took 0.052 seconds
[2023-12-18T21:12:28.647+0000] {processor.py:157} INFO - Started process (PID=1408) to work on /home/airflow/.local/lib/python3.8/site-packages/airflow/example_dags/tutorial_dag.py
[2023-12-18T21:12:28.648+0000] {processor.py:829} INFO - Processing file /home/airflow/.local/lib/python3.8/site-packages/airflow/example_dags/tutorial_dag.py for tasks to queue
[2023-12-18T21:12:28.649+0000] {logging_mixin.py:154} INFO - [2023-12-18T21:12:28.649+0000] {dagbag.py:536} INFO - Filling up the DagBag from /home/airflow/.local/lib/python3.8/site-packages/airflow/example_dags/tutorial_dag.py
[2023-12-18T21:12:28.653+0000] {processor.py:839} INFO - DAG(s) dict_keys(['tutorial_dag']) retrieved from /home/airflow/.local/lib/python3.8/site-packages/airflow/example_dags/tutorial_dag.py
[2023-12-18T21:12:28.670+0000] {logging_mixin.py:154} INFO - [2023-12-18T21:12:28.670+0000] {dag.py:2941} INFO - Sync 1 DAGs
[2023-12-18T21:12:28.681+0000] {logging_mixin.py:154} INFO - [2023-12-18T21:12:28.680+0000] {dag.py:3722} INFO - Setting next_dagrun for tutorial_dag to None, run_after=None
[2023-12-18T21:12:28.695+0000] {processor.py:179} INFO - Processing /home/airflow/.local/lib/python3.8/site-packages/airflow/example_dags/tutorial_dag.py took 0.051 seconds
[2023-12-18T21:12:58.938+0000] {processor.py:157} INFO - Started process (PID=1462) to work on /home/airflow/.local/lib/python3.8/site-packages/airflow/example_dags/tutorial_dag.py
[2023-12-18T21:12:58.939+0000] {processor.py:829} INFO - Processing file /home/airflow/.local/lib/python3.8/site-packages/airflow/example_dags/tutorial_dag.py for tasks to queue
[2023-12-18T21:12:58.940+0000] {logging_mixin.py:154} INFO - [2023-12-18T21:12:58.940+0000] {dagbag.py:536} INFO - Filling up the DagBag from /home/airflow/.local/lib/python3.8/site-packages/airflow/example_dags/tutorial_dag.py
[2023-12-18T21:12:58.944+0000] {processor.py:839} INFO - DAG(s) dict_keys(['tutorial_dag']) retrieved from /home/airflow/.local/lib/python3.8/site-packages/airflow/example_dags/tutorial_dag.py
[2023-12-18T21:12:58.959+0000] {logging_mixin.py:154} INFO - [2023-12-18T21:12:58.959+0000] {dag.py:2941} INFO - Sync 1 DAGs
[2023-12-18T21:12:58.969+0000] {logging_mixin.py:154} INFO - [2023-12-18T21:12:58.969+0000] {dag.py:3722} INFO - Setting next_dagrun for tutorial_dag to None, run_after=None
[2023-12-18T21:12:58.984+0000] {processor.py:179} INFO - Processing /home/airflow/.local/lib/python3.8/site-packages/airflow/example_dags/tutorial_dag.py took 0.048 seconds
[2023-12-18T21:13:29.270+0000] {processor.py:157} INFO - Started process (PID=1516) to work on /home/airflow/.local/lib/python3.8/site-packages/airflow/example_dags/tutorial_dag.py
[2023-12-18T21:13:29.271+0000] {processor.py:829} INFO - Processing file /home/airflow/.local/lib/python3.8/site-packages/airflow/example_dags/tutorial_dag.py for tasks to queue
[2023-12-18T21:13:29.273+0000] {logging_mixin.py:154} INFO - [2023-12-18T21:13:29.273+0000] {dagbag.py:536} INFO - Filling up the DagBag from /home/airflow/.local/lib/python3.8/site-packages/airflow/example_dags/tutorial_dag.py
[2023-12-18T21:13:29.277+0000] {processor.py:839} INFO - DAG(s) dict_keys(['tutorial_dag']) retrieved from /home/airflow/.local/lib/python3.8/site-packages/airflow/example_dags/tutorial_dag.py
[2023-12-18T21:13:29.294+0000] {logging_mixin.py:154} INFO - [2023-12-18T21:13:29.294+0000] {dag.py:2941} INFO - Sync 1 DAGs
[2023-12-18T21:13:29.306+0000] {logging_mixin.py:154} INFO - [2023-12-18T21:13:29.306+0000] {dag.py:3722} INFO - Setting next_dagrun for tutorial_dag to None, run_after=None
[2023-12-18T21:13:29.322+0000] {processor.py:179} INFO - Processing /home/airflow/.local/lib/python3.8/site-packages/airflow/example_dags/tutorial_dag.py took 0.054 seconds
[2023-12-18T21:13:59.781+0000] {processor.py:157} INFO - Started process (PID=1570) to work on /home/airflow/.local/lib/python3.8/site-packages/airflow/example_dags/tutorial_dag.py
[2023-12-18T21:13:59.782+0000] {processor.py:829} INFO - Processing file /home/airflow/.local/lib/python3.8/site-packages/airflow/example_dags/tutorial_dag.py for tasks to queue
[2023-12-18T21:13:59.783+0000] {logging_mixin.py:154} INFO - [2023-12-18T21:13:59.783+0000] {dagbag.py:536} INFO - Filling up the DagBag from /home/airflow/.local/lib/python3.8/site-packages/airflow/example_dags/tutorial_dag.py
[2023-12-18T21:13:59.787+0000] {processor.py:839} INFO - DAG(s) dict_keys(['tutorial_dag']) retrieved from /home/airflow/.local/lib/python3.8/site-packages/airflow/example_dags/tutorial_dag.py
[2023-12-18T21:13:59.803+0000] {logging_mixin.py:154} INFO - [2023-12-18T21:13:59.803+0000] {dag.py:2941} INFO - Sync 1 DAGs
[2023-12-18T21:13:59.814+0000] {logging_mixin.py:154} INFO - [2023-12-18T21:13:59.814+0000] {dag.py:3722} INFO - Setting next_dagrun for tutorial_dag to None, run_after=None
[2023-12-18T21:13:59.829+0000] {processor.py:179} INFO - Processing /home/airflow/.local/lib/python3.8/site-packages/airflow/example_dags/tutorial_dag.py took 0.050 seconds
[2023-12-18T21:14:30.192+0000] {processor.py:157} INFO - Started process (PID=1624) to work on /home/airflow/.local/lib/python3.8/site-packages/airflow/example_dags/tutorial_dag.py
[2023-12-18T21:14:30.193+0000] {processor.py:829} INFO - Processing file /home/airflow/.local/lib/python3.8/site-packages/airflow/example_dags/tutorial_dag.py for tasks to queue
[2023-12-18T21:14:30.195+0000] {logging_mixin.py:154} INFO - [2023-12-18T21:14:30.194+0000] {dagbag.py:536} INFO - Filling up the DagBag from /home/airflow/.local/lib/python3.8/site-packages/airflow/example_dags/tutorial_dag.py
[2023-12-18T21:14:30.198+0000] {processor.py:839} INFO - DAG(s) dict_keys(['tutorial_dag']) retrieved from /home/airflow/.local/lib/python3.8/site-packages/airflow/example_dags/tutorial_dag.py
[2023-12-18T21:14:30.214+0000] {logging_mixin.py:154} INFO - [2023-12-18T21:14:30.214+0000] {dag.py:2941} INFO - Sync 1 DAGs
[2023-12-18T21:14:30.224+0000] {logging_mixin.py:154} INFO - [2023-12-18T21:14:30.224+0000] {dag.py:3722} INFO - Setting next_dagrun for tutorial_dag to None, run_after=None
[2023-12-18T21:14:30.240+0000] {processor.py:179} INFO - Processing /home/airflow/.local/lib/python3.8/site-packages/airflow/example_dags/tutorial_dag.py took 0.050 seconds
[2023-12-18T21:15:00.647+0000] {processor.py:157} INFO - Started process (PID=1678) to work on /home/airflow/.local/lib/python3.8/site-packages/airflow/example_dags/tutorial_dag.py
[2023-12-18T21:15:00.647+0000] {processor.py:829} INFO - Processing file /home/airflow/.local/lib/python3.8/site-packages/airflow/example_dags/tutorial_dag.py for tasks to queue
[2023-12-18T21:15:00.649+0000] {logging_mixin.py:154} INFO - [2023-12-18T21:15:00.649+0000] {dagbag.py:536} INFO - Filling up the DagBag from /home/airflow/.local/lib/python3.8/site-packages/airflow/example_dags/tutorial_dag.py
[2023-12-18T21:15:00.653+0000] {processor.py:839} INFO - DAG(s) dict_keys(['tutorial_dag']) retrieved from /home/airflow/.local/lib/python3.8/site-packages/airflow/example_dags/tutorial_dag.py
[2023-12-18T21:15:00.670+0000] {logging_mixin.py:154} INFO - [2023-12-18T21:15:00.670+0000] {dag.py:2941} INFO - Sync 1 DAGs
[2023-12-18T21:15:00.681+0000] {logging_mixin.py:154} INFO - [2023-12-18T21:15:00.681+0000] {dag.py:3722} INFO - Setting next_dagrun for tutorial_dag to None, run_after=None
[2023-12-18T21:15:00.697+0000] {processor.py:179} INFO - Processing /home/airflow/.local/lib/python3.8/site-packages/airflow/example_dags/tutorial_dag.py took 0.052 seconds
[2023-12-18T21:15:30.935+0000] {processor.py:157} INFO - Started process (PID=1732) to work on /home/airflow/.local/lib/python3.8/site-packages/airflow/example_dags/tutorial_dag.py
[2023-12-18T21:15:30.936+0000] {processor.py:829} INFO - Processing file /home/airflow/.local/lib/python3.8/site-packages/airflow/example_dags/tutorial_dag.py for tasks to queue
[2023-12-18T21:15:30.938+0000] {logging_mixin.py:154} INFO - [2023-12-18T21:15:30.937+0000] {dagbag.py:536} INFO - Filling up the DagBag from /home/airflow/.local/lib/python3.8/site-packages/airflow/example_dags/tutorial_dag.py
[2023-12-18T21:15:30.941+0000] {processor.py:839} INFO - DAG(s) dict_keys(['tutorial_dag']) retrieved from /home/airflow/.local/lib/python3.8/site-packages/airflow/example_dags/tutorial_dag.py
[2023-12-18T21:15:30.956+0000] {logging_mixin.py:154} INFO - [2023-12-18T21:15:30.955+0000] {dag.py:2941} INFO - Sync 1 DAGs
[2023-12-18T21:15:30.966+0000] {logging_mixin.py:154} INFO - [2023-12-18T21:15:30.965+0000] {dag.py:3722} INFO - Setting next_dagrun for tutorial_dag to None, run_after=None
[2023-12-18T21:15:30.979+0000] {processor.py:179} INFO - Processing /home/airflow/.local/lib/python3.8/site-packages/airflow/example_dags/tutorial_dag.py took 0.046 seconds
[2023-12-18T21:16:01.394+0000] {processor.py:157} INFO - Started process (PID=1786) to work on /home/airflow/.local/lib/python3.8/site-packages/airflow/example_dags/tutorial_dag.py
[2023-12-18T21:16:01.395+0000] {processor.py:829} INFO - Processing file /home/airflow/.local/lib/python3.8/site-packages/airflow/example_dags/tutorial_dag.py for tasks to queue
[2023-12-18T21:16:01.397+0000] {logging_mixin.py:154} INFO - [2023-12-18T21:16:01.396+0000] {dagbag.py:536} INFO - Filling up the DagBag from /home/airflow/.local/lib/python3.8/site-packages/airflow/example_dags/tutorial_dag.py
[2023-12-18T21:16:01.400+0000] {processor.py:839} INFO - DAG(s) dict_keys(['tutorial_dag']) retrieved from /home/airflow/.local/lib/python3.8/site-packages/airflow/example_dags/tutorial_dag.py
[2023-12-18T21:16:01.417+0000] {logging_mixin.py:154} INFO - [2023-12-18T21:16:01.417+0000] {dag.py:2941} INFO - Sync 1 DAGs
[2023-12-18T21:16:01.429+0000] {logging_mixin.py:154} INFO - [2023-12-18T21:16:01.429+0000] {dag.py:3722} INFO - Setting next_dagrun for tutorial_dag to None, run_after=None
[2023-12-18T21:16:01.445+0000] {processor.py:179} INFO - Processing /home/airflow/.local/lib/python3.8/site-packages/airflow/example_dags/tutorial_dag.py took 0.053 seconds
[2023-12-18T21:16:31.711+0000] {processor.py:157} INFO - Started process (PID=1840) to work on /home/airflow/.local/lib/python3.8/site-packages/airflow/example_dags/tutorial_dag.py
[2023-12-18T21:16:31.712+0000] {processor.py:829} INFO - Processing file /home/airflow/.local/lib/python3.8/site-packages/airflow/example_dags/tutorial_dag.py for tasks to queue
[2023-12-18T21:16:31.713+0000] {logging_mixin.py:154} INFO - [2023-12-18T21:16:31.713+0000] {dagbag.py:536} INFO - Filling up the DagBag from /home/airflow/.local/lib/python3.8/site-packages/airflow/example_dags/tutorial_dag.py
[2023-12-18T21:16:31.717+0000] {processor.py:839} INFO - DAG(s) dict_keys(['tutorial_dag']) retrieved from /home/airflow/.local/lib/python3.8/site-packages/airflow/example_dags/tutorial_dag.py
[2023-12-18T21:16:31.734+0000] {logging_mixin.py:154} INFO - [2023-12-18T21:16:31.734+0000] {dag.py:2941} INFO - Sync 1 DAGs
[2023-12-18T21:16:31.745+0000] {logging_mixin.py:154} INFO - [2023-12-18T21:16:31.745+0000] {dag.py:3722} INFO - Setting next_dagrun for tutorial_dag to None, run_after=None
[2023-12-18T21:16:31.761+0000] {processor.py:179} INFO - Processing /home/airflow/.local/lib/python3.8/site-packages/airflow/example_dags/tutorial_dag.py took 0.052 seconds
[2023-12-18T21:17:02.429+0000] {processor.py:157} INFO - Started process (PID=1894) to work on /home/airflow/.local/lib/python3.8/site-packages/airflow/example_dags/tutorial_dag.py
[2023-12-18T21:17:02.430+0000] {processor.py:829} INFO - Processing file /home/airflow/.local/lib/python3.8/site-packages/airflow/example_dags/tutorial_dag.py for tasks to queue
[2023-12-18T21:17:02.431+0000] {logging_mixin.py:154} INFO - [2023-12-18T21:17:02.431+0000] {dagbag.py:536} INFO - Filling up the DagBag from /home/airflow/.local/lib/python3.8/site-packages/airflow/example_dags/tutorial_dag.py
[2023-12-18T21:17:02.435+0000] {processor.py:839} INFO - DAG(s) dict_keys(['tutorial_dag']) retrieved from /home/airflow/.local/lib/python3.8/site-packages/airflow/example_dags/tutorial_dag.py
[2023-12-18T21:17:02.451+0000] {logging_mixin.py:154} INFO - [2023-12-18T21:17:02.451+0000] {dag.py:2941} INFO - Sync 1 DAGs
[2023-12-18T21:17:02.462+0000] {logging_mixin.py:154} INFO - [2023-12-18T21:17:02.462+0000] {dag.py:3722} INFO - Setting next_dagrun for tutorial_dag to None, run_after=None
[2023-12-18T21:17:02.477+0000] {processor.py:179} INFO - Processing /home/airflow/.local/lib/python3.8/site-packages/airflow/example_dags/tutorial_dag.py took 0.050 seconds
[2023-12-18T21:17:33.117+0000] {processor.py:157} INFO - Started process (PID=1948) to work on /home/airflow/.local/lib/python3.8/site-packages/airflow/example_dags/tutorial_dag.py
[2023-12-18T21:17:33.118+0000] {processor.py:829} INFO - Processing file /home/airflow/.local/lib/python3.8/site-packages/airflow/example_dags/tutorial_dag.py for tasks to queue
[2023-12-18T21:17:33.120+0000] {logging_mixin.py:154} INFO - [2023-12-18T21:17:33.119+0000] {dagbag.py:536} INFO - Filling up the DagBag from /home/airflow/.local/lib/python3.8/site-packages/airflow/example_dags/tutorial_dag.py
[2023-12-18T21:17:33.124+0000] {processor.py:839} INFO - DAG(s) dict_keys(['tutorial_dag']) retrieved from /home/airflow/.local/lib/python3.8/site-packages/airflow/example_dags/tutorial_dag.py
[2023-12-18T21:17:33.140+0000] {logging_mixin.py:154} INFO - [2023-12-18T21:17:33.140+0000] {dag.py:2941} INFO - Sync 1 DAGs
[2023-12-18T21:17:33.151+0000] {logging_mixin.py:154} INFO - [2023-12-18T21:17:33.150+0000] {dag.py:3722} INFO - Setting next_dagrun for tutorial_dag to None, run_after=None
[2023-12-18T21:17:33.167+0000] {processor.py:179} INFO - Processing /home/airflow/.local/lib/python3.8/site-packages/airflow/example_dags/tutorial_dag.py took 0.052 seconds
[2023-12-18T21:18:03.395+0000] {processor.py:157} INFO - Started process (PID=2002) to work on /home/airflow/.local/lib/python3.8/site-packages/airflow/example_dags/tutorial_dag.py
[2023-12-18T21:18:03.395+0000] {processor.py:829} INFO - Processing file /home/airflow/.local/lib/python3.8/site-packages/airflow/example_dags/tutorial_dag.py for tasks to queue
[2023-12-18T21:18:03.397+0000] {logging_mixin.py:154} INFO - [2023-12-18T21:18:03.397+0000] {dagbag.py:536} INFO - Filling up the DagBag from /home/airflow/.local/lib/python3.8/site-packages/airflow/example_dags/tutorial_dag.py
[2023-12-18T21:18:03.401+0000] {processor.py:839} INFO - DAG(s) dict_keys(['tutorial_dag']) retrieved from /home/airflow/.local/lib/python3.8/site-packages/airflow/example_dags/tutorial_dag.py
[2023-12-18T21:18:03.418+0000] {logging_mixin.py:154} INFO - [2023-12-18T21:18:03.418+0000] {dag.py:2941} INFO - Sync 1 DAGs
[2023-12-18T21:18:03.429+0000] {logging_mixin.py:154} INFO - [2023-12-18T21:18:03.429+0000] {dag.py:3722} INFO - Setting next_dagrun for tutorial_dag to None, run_after=None
[2023-12-18T21:18:03.444+0000] {processor.py:179} INFO - Processing /home/airflow/.local/lib/python3.8/site-packages/airflow/example_dags/tutorial_dag.py took 0.052 seconds
[2023-12-18T21:18:33.625+0000] {processor.py:157} INFO - Started process (PID=2056) to work on /home/airflow/.local/lib/python3.8/site-packages/airflow/example_dags/tutorial_dag.py
[2023-12-18T21:18:33.626+0000] {processor.py:829} INFO - Processing file /home/airflow/.local/lib/python3.8/site-packages/airflow/example_dags/tutorial_dag.py for tasks to queue
[2023-12-18T21:18:33.627+0000] {logging_mixin.py:154} INFO - [2023-12-18T21:18:33.627+0000] {dagbag.py:536} INFO - Filling up the DagBag from /home/airflow/.local/lib/python3.8/site-packages/airflow/example_dags/tutorial_dag.py
[2023-12-18T21:18:33.631+0000] {processor.py:839} INFO - DAG(s) dict_keys(['tutorial_dag']) retrieved from /home/airflow/.local/lib/python3.8/site-packages/airflow/example_dags/tutorial_dag.py
[2023-12-18T21:18:33.647+0000] {logging_mixin.py:154} INFO - [2023-12-18T21:18:33.647+0000] {dag.py:2941} INFO - Sync 1 DAGs
[2023-12-18T21:18:33.658+0000] {logging_mixin.py:154} INFO - [2023-12-18T21:18:33.658+0000] {dag.py:3722} INFO - Setting next_dagrun for tutorial_dag to None, run_after=None
[2023-12-18T21:18:33.674+0000] {processor.py:179} INFO - Processing /home/airflow/.local/lib/python3.8/site-packages/airflow/example_dags/tutorial_dag.py took 0.051 seconds
[2023-12-18T21:19:04.436+0000] {processor.py:157} INFO - Started process (PID=2110) to work on /home/airflow/.local/lib/python3.8/site-packages/airflow/example_dags/tutorial_dag.py
[2023-12-18T21:19:04.437+0000] {processor.py:829} INFO - Processing file /home/airflow/.local/lib/python3.8/site-packages/airflow/example_dags/tutorial_dag.py for tasks to queue
[2023-12-18T21:19:04.439+0000] {logging_mixin.py:154} INFO - [2023-12-18T21:19:04.439+0000] {dagbag.py:536} INFO - Filling up the DagBag from /home/airflow/.local/lib/python3.8/site-packages/airflow/example_dags/tutorial_dag.py
[2023-12-18T21:19:04.444+0000] {processor.py:839} INFO - DAG(s) dict_keys(['tutorial_dag']) retrieved from /home/airflow/.local/lib/python3.8/site-packages/airflow/example_dags/tutorial_dag.py
[2023-12-18T21:19:04.461+0000] {logging_mixin.py:154} INFO - [2023-12-18T21:19:04.461+0000] {dag.py:2941} INFO - Sync 1 DAGs
[2023-12-18T21:19:04.472+0000] {logging_mixin.py:154} INFO - [2023-12-18T21:19:04.471+0000] {dag.py:3722} INFO - Setting next_dagrun for tutorial_dag to None, run_after=None
[2023-12-18T21:19:04.633+0000] {processor.py:179} INFO - Processing /home/airflow/.local/lib/python3.8/site-packages/airflow/example_dags/tutorial_dag.py took 0.201 seconds
[2023-12-18T21:19:35.488+0000] {processor.py:157} INFO - Started process (PID=2164) to work on /home/airflow/.local/lib/python3.8/site-packages/airflow/example_dags/tutorial_dag.py
[2023-12-18T21:19:35.489+0000] {processor.py:829} INFO - Processing file /home/airflow/.local/lib/python3.8/site-packages/airflow/example_dags/tutorial_dag.py for tasks to queue
[2023-12-18T21:19:35.490+0000] {logging_mixin.py:154} INFO - [2023-12-18T21:19:35.490+0000] {dagbag.py:536} INFO - Filling up the DagBag from /home/airflow/.local/lib/python3.8/site-packages/airflow/example_dags/tutorial_dag.py
[2023-12-18T21:19:35.493+0000] {processor.py:839} INFO - DAG(s) dict_keys(['tutorial_dag']) retrieved from /home/airflow/.local/lib/python3.8/site-packages/airflow/example_dags/tutorial_dag.py
[2023-12-18T21:19:35.510+0000] {logging_mixin.py:154} INFO - [2023-12-18T21:19:35.510+0000] {dag.py:2941} INFO - Sync 1 DAGs
[2023-12-18T21:19:35.521+0000] {logging_mixin.py:154} INFO - [2023-12-18T21:19:35.520+0000] {dag.py:3722} INFO - Setting next_dagrun for tutorial_dag to None, run_after=None
[2023-12-18T21:19:35.546+0000] {processor.py:179} INFO - Processing /home/airflow/.local/lib/python3.8/site-packages/airflow/example_dags/tutorial_dag.py took 0.060 seconds
[2023-12-18T21:20:05.855+0000] {processor.py:157} INFO - Started process (PID=2218) to work on /home/airflow/.local/lib/python3.8/site-packages/airflow/example_dags/tutorial_dag.py
[2023-12-18T21:20:05.856+0000] {processor.py:829} INFO - Processing file /home/airflow/.local/lib/python3.8/site-packages/airflow/example_dags/tutorial_dag.py for tasks to queue
[2023-12-18T21:20:05.857+0000] {logging_mixin.py:154} INFO - [2023-12-18T21:20:05.857+0000] {dagbag.py:536} INFO - Filling up the DagBag from /home/airflow/.local/lib/python3.8/site-packages/airflow/example_dags/tutorial_dag.py
[2023-12-18T21:20:05.861+0000] {processor.py:839} INFO - DAG(s) dict_keys(['tutorial_dag']) retrieved from /home/airflow/.local/lib/python3.8/site-packages/airflow/example_dags/tutorial_dag.py
[2023-12-18T21:20:05.877+0000] {logging_mixin.py:154} INFO - [2023-12-18T21:20:05.876+0000] {dag.py:2941} INFO - Sync 1 DAGs
[2023-12-18T21:20:05.887+0000] {logging_mixin.py:154} INFO - [2023-12-18T21:20:05.887+0000] {dag.py:3722} INFO - Setting next_dagrun for tutorial_dag to None, run_after=None
[2023-12-18T21:20:05.901+0000] {processor.py:179} INFO - Processing /home/airflow/.local/lib/python3.8/site-packages/airflow/example_dags/tutorial_dag.py took 0.048 seconds
[2023-12-18T21:20:36.854+0000] {processor.py:157} INFO - Started process (PID=2272) to work on /home/airflow/.local/lib/python3.8/site-packages/airflow/example_dags/tutorial_dag.py
[2023-12-18T21:20:36.855+0000] {processor.py:829} INFO - Processing file /home/airflow/.local/lib/python3.8/site-packages/airflow/example_dags/tutorial_dag.py for tasks to queue
[2023-12-18T21:20:36.857+0000] {logging_mixin.py:154} INFO - [2023-12-18T21:20:36.856+0000] {dagbag.py:536} INFO - Filling up the DagBag from /home/airflow/.local/lib/python3.8/site-packages/airflow/example_dags/tutorial_dag.py
[2023-12-18T21:20:36.861+0000] {processor.py:839} INFO - DAG(s) dict_keys(['tutorial_dag']) retrieved from /home/airflow/.local/lib/python3.8/site-packages/airflow/example_dags/tutorial_dag.py
[2023-12-18T21:20:36.880+0000] {logging_mixin.py:154} INFO - [2023-12-18T21:20:36.879+0000] {dag.py:2941} INFO - Sync 1 DAGs
[2023-12-18T21:20:37.050+0000] {logging_mixin.py:154} INFO - [2023-12-18T21:20:37.050+0000] {dag.py:3722} INFO - Setting next_dagrun for tutorial_dag to None, run_after=None
[2023-12-18T21:20:37.068+0000] {processor.py:179} INFO - Processing /home/airflow/.local/lib/python3.8/site-packages/airflow/example_dags/tutorial_dag.py took 0.216 seconds
[2023-12-18T21:21:07.251+0000] {processor.py:157} INFO - Started process (PID=2326) to work on /home/airflow/.local/lib/python3.8/site-packages/airflow/example_dags/tutorial_dag.py
[2023-12-18T21:21:07.251+0000] {processor.py:829} INFO - Processing file /home/airflow/.local/lib/python3.8/site-packages/airflow/example_dags/tutorial_dag.py for tasks to queue
[2023-12-18T21:21:07.253+0000] {logging_mixin.py:154} INFO - [2023-12-18T21:21:07.253+0000] {dagbag.py:536} INFO - Filling up the DagBag from /home/airflow/.local/lib/python3.8/site-packages/airflow/example_dags/tutorial_dag.py
[2023-12-18T21:21:07.257+0000] {processor.py:839} INFO - DAG(s) dict_keys(['tutorial_dag']) retrieved from /home/airflow/.local/lib/python3.8/site-packages/airflow/example_dags/tutorial_dag.py
[2023-12-18T21:21:07.273+0000] {logging_mixin.py:154} INFO - [2023-12-18T21:21:07.273+0000] {dag.py:2941} INFO - Sync 1 DAGs
[2023-12-18T21:21:07.284+0000] {logging_mixin.py:154} INFO - [2023-12-18T21:21:07.284+0000] {dag.py:3722} INFO - Setting next_dagrun for tutorial_dag to None, run_after=None
[2023-12-18T21:21:07.474+0000] {processor.py:179} INFO - Processing /home/airflow/.local/lib/python3.8/site-packages/airflow/example_dags/tutorial_dag.py took 0.226 seconds
[2023-12-18T21:21:38.337+0000] {processor.py:157} INFO - Started process (PID=2380) to work on /home/airflow/.local/lib/python3.8/site-packages/airflow/example_dags/tutorial_dag.py
[2023-12-18T21:21:38.338+0000] {processor.py:829} INFO - Processing file /home/airflow/.local/lib/python3.8/site-packages/airflow/example_dags/tutorial_dag.py for tasks to queue
[2023-12-18T21:21:38.340+0000] {logging_mixin.py:154} INFO - [2023-12-18T21:21:38.339+0000] {dagbag.py:536} INFO - Filling up the DagBag from /home/airflow/.local/lib/python3.8/site-packages/airflow/example_dags/tutorial_dag.py
[2023-12-18T21:21:38.344+0000] {processor.py:839} INFO - DAG(s) dict_keys(['tutorial_dag']) retrieved from /home/airflow/.local/lib/python3.8/site-packages/airflow/example_dags/tutorial_dag.py
[2023-12-18T21:21:38.363+0000] {logging_mixin.py:154} INFO - [2023-12-18T21:21:38.362+0000] {dag.py:2941} INFO - Sync 1 DAGs
[2023-12-18T21:21:38.374+0000] {logging_mixin.py:154} INFO - [2023-12-18T21:21:38.374+0000] {dag.py:3722} INFO - Setting next_dagrun for tutorial_dag to None, run_after=None
[2023-12-18T21:21:38.392+0000] {processor.py:179} INFO - Processing /home/airflow/.local/lib/python3.8/site-packages/airflow/example_dags/tutorial_dag.py took 0.057 seconds
[2023-12-18T21:22:09.301+0000] {processor.py:157} INFO - Started process (PID=2434) to work on /home/airflow/.local/lib/python3.8/site-packages/airflow/example_dags/tutorial_dag.py
[2023-12-18T21:22:09.302+0000] {processor.py:829} INFO - Processing file /home/airflow/.local/lib/python3.8/site-packages/airflow/example_dags/tutorial_dag.py for tasks to queue
[2023-12-18T21:22:09.303+0000] {logging_mixin.py:154} INFO - [2023-12-18T21:22:09.303+0000] {dagbag.py:536} INFO - Filling up the DagBag from /home/airflow/.local/lib/python3.8/site-packages/airflow/example_dags/tutorial_dag.py
[2023-12-18T21:22:09.307+0000] {processor.py:839} INFO - DAG(s) dict_keys(['tutorial_dag']) retrieved from /home/airflow/.local/lib/python3.8/site-packages/airflow/example_dags/tutorial_dag.py
[2023-12-18T21:22:09.324+0000] {logging_mixin.py:154} INFO - [2023-12-18T21:22:09.324+0000] {dag.py:2941} INFO - Sync 1 DAGs
[2023-12-18T21:22:09.335+0000] {logging_mixin.py:154} INFO - [2023-12-18T21:22:09.334+0000] {dag.py:3722} INFO - Setting next_dagrun for tutorial_dag to None, run_after=None
[2023-12-18T21:22:09.352+0000] {processor.py:179} INFO - Processing /home/airflow/.local/lib/python3.8/site-packages/airflow/example_dags/tutorial_dag.py took 0.053 seconds
[2023-12-18T21:22:39.945+0000] {processor.py:157} INFO - Started process (PID=2488) to work on /home/airflow/.local/lib/python3.8/site-packages/airflow/example_dags/tutorial_dag.py
[2023-12-18T21:22:39.946+0000] {processor.py:829} INFO - Processing file /home/airflow/.local/lib/python3.8/site-packages/airflow/example_dags/tutorial_dag.py for tasks to queue
[2023-12-18T21:22:39.948+0000] {logging_mixin.py:154} INFO - [2023-12-18T21:22:39.948+0000] {dagbag.py:536} INFO - Filling up the DagBag from /home/airflow/.local/lib/python3.8/site-packages/airflow/example_dags/tutorial_dag.py
[2023-12-18T21:22:39.952+0000] {processor.py:839} INFO - DAG(s) dict_keys(['tutorial_dag']) retrieved from /home/airflow/.local/lib/python3.8/site-packages/airflow/example_dags/tutorial_dag.py
[2023-12-18T21:22:39.970+0000] {logging_mixin.py:154} INFO - [2023-12-18T21:22:39.970+0000] {dag.py:2941} INFO - Sync 1 DAGs
[2023-12-18T21:22:39.982+0000] {logging_mixin.py:154} INFO - [2023-12-18T21:22:39.982+0000] {dag.py:3722} INFO - Setting next_dagrun for tutorial_dag to None, run_after=None
[2023-12-18T21:22:40.000+0000] {processor.py:179} INFO - Processing /home/airflow/.local/lib/python3.8/site-packages/airflow/example_dags/tutorial_dag.py took 0.058 seconds
[2023-12-18T21:23:10.291+0000] {processor.py:157} INFO - Started process (PID=2542) to work on /home/airflow/.local/lib/python3.8/site-packages/airflow/example_dags/tutorial_dag.py
[2023-12-18T21:23:10.291+0000] {processor.py:829} INFO - Processing file /home/airflow/.local/lib/python3.8/site-packages/airflow/example_dags/tutorial_dag.py for tasks to queue
[2023-12-18T21:23:10.293+0000] {logging_mixin.py:154} INFO - [2023-12-18T21:23:10.293+0000] {dagbag.py:536} INFO - Filling up the DagBag from /home/airflow/.local/lib/python3.8/site-packages/airflow/example_dags/tutorial_dag.py
[2023-12-18T21:23:10.297+0000] {processor.py:839} INFO - DAG(s) dict_keys(['tutorial_dag']) retrieved from /home/airflow/.local/lib/python3.8/site-packages/airflow/example_dags/tutorial_dag.py
[2023-12-18T21:23:10.313+0000] {logging_mixin.py:154} INFO - [2023-12-18T21:23:10.313+0000] {dag.py:2941} INFO - Sync 1 DAGs
[2023-12-18T21:23:10.325+0000] {logging_mixin.py:154} INFO - [2023-12-18T21:23:10.324+0000] {dag.py:3722} INFO - Setting next_dagrun for tutorial_dag to None, run_after=None
[2023-12-18T21:23:10.339+0000] {processor.py:179} INFO - Processing /home/airflow/.local/lib/python3.8/site-packages/airflow/example_dags/tutorial_dag.py took 0.051 seconds
[2023-12-18T21:23:40.671+0000] {processor.py:157} INFO - Started process (PID=2596) to work on /home/airflow/.local/lib/python3.8/site-packages/airflow/example_dags/tutorial_dag.py
[2023-12-18T21:23:40.671+0000] {processor.py:829} INFO - Processing file /home/airflow/.local/lib/python3.8/site-packages/airflow/example_dags/tutorial_dag.py for tasks to queue
[2023-12-18T21:23:40.674+0000] {logging_mixin.py:154} INFO - [2023-12-18T21:23:40.674+0000] {dagbag.py:536} INFO - Filling up the DagBag from /home/airflow/.local/lib/python3.8/site-packages/airflow/example_dags/tutorial_dag.py
[2023-12-18T21:23:40.681+0000] {processor.py:839} INFO - DAG(s) dict_keys(['tutorial_dag']) retrieved from /home/airflow/.local/lib/python3.8/site-packages/airflow/example_dags/tutorial_dag.py
[2023-12-18T21:23:40.707+0000] {logging_mixin.py:154} INFO - [2023-12-18T21:23:40.707+0000] {dag.py:2941} INFO - Sync 1 DAGs
[2023-12-18T21:23:40.720+0000] {logging_mixin.py:154} INFO - [2023-12-18T21:23:40.720+0000] {dag.py:3722} INFO - Setting next_dagrun for tutorial_dag to None, run_after=None
[2023-12-18T21:23:40.739+0000] {processor.py:179} INFO - Processing /home/airflow/.local/lib/python3.8/site-packages/airflow/example_dags/tutorial_dag.py took 0.071 seconds
[2023-12-18T21:24:11.057+0000] {processor.py:157} INFO - Started process (PID=2650) to work on /home/airflow/.local/lib/python3.8/site-packages/airflow/example_dags/tutorial_dag.py
[2023-12-18T21:24:11.058+0000] {processor.py:829} INFO - Processing file /home/airflow/.local/lib/python3.8/site-packages/airflow/example_dags/tutorial_dag.py for tasks to queue
[2023-12-18T21:24:11.060+0000] {logging_mixin.py:154} INFO - [2023-12-18T21:24:11.060+0000] {dagbag.py:536} INFO - Filling up the DagBag from /home/airflow/.local/lib/python3.8/site-packages/airflow/example_dags/tutorial_dag.py
[2023-12-18T21:24:11.065+0000] {processor.py:839} INFO - DAG(s) dict_keys(['tutorial_dag']) retrieved from /home/airflow/.local/lib/python3.8/site-packages/airflow/example_dags/tutorial_dag.py
[2023-12-18T21:24:11.085+0000] {logging_mixin.py:154} INFO - [2023-12-18T21:24:11.084+0000] {dag.py:2941} INFO - Sync 1 DAGs
[2023-12-18T21:24:11.096+0000] {logging_mixin.py:154} INFO - [2023-12-18T21:24:11.096+0000] {dag.py:3722} INFO - Setting next_dagrun for tutorial_dag to None, run_after=None
[2023-12-18T21:24:11.111+0000] {processor.py:179} INFO - Processing /home/airflow/.local/lib/python3.8/site-packages/airflow/example_dags/tutorial_dag.py took 0.058 seconds
[2023-12-18T21:24:41.227+0000] {processor.py:157} INFO - Started process (PID=2704) to work on /home/airflow/.local/lib/python3.8/site-packages/airflow/example_dags/tutorial_dag.py
[2023-12-18T21:24:41.228+0000] {processor.py:829} INFO - Processing file /home/airflow/.local/lib/python3.8/site-packages/airflow/example_dags/tutorial_dag.py for tasks to queue
[2023-12-18T21:24:41.229+0000] {logging_mixin.py:154} INFO - [2023-12-18T21:24:41.229+0000] {dagbag.py:536} INFO - Filling up the DagBag from /home/airflow/.local/lib/python3.8/site-packages/airflow/example_dags/tutorial_dag.py
[2023-12-18T21:24:41.233+0000] {processor.py:839} INFO - DAG(s) dict_keys(['tutorial_dag']) retrieved from /home/airflow/.local/lib/python3.8/site-packages/airflow/example_dags/tutorial_dag.py
[2023-12-18T21:24:41.249+0000] {logging_mixin.py:154} INFO - [2023-12-18T21:24:41.249+0000] {dag.py:2941} INFO - Sync 1 DAGs
[2023-12-18T21:24:41.260+0000] {logging_mixin.py:154} INFO - [2023-12-18T21:24:41.259+0000] {dag.py:3722} INFO - Setting next_dagrun for tutorial_dag to None, run_after=None
[2023-12-18T21:24:41.274+0000] {processor.py:179} INFO - Processing /home/airflow/.local/lib/python3.8/site-packages/airflow/example_dags/tutorial_dag.py took 0.050 seconds
[2023-12-18T21:25:11.566+0000] {processor.py:157} INFO - Started process (PID=2758) to work on /home/airflow/.local/lib/python3.8/site-packages/airflow/example_dags/tutorial_dag.py
[2023-12-18T21:25:11.567+0000] {processor.py:829} INFO - Processing file /home/airflow/.local/lib/python3.8/site-packages/airflow/example_dags/tutorial_dag.py for tasks to queue
[2023-12-18T21:25:11.569+0000] {logging_mixin.py:154} INFO - [2023-12-18T21:25:11.569+0000] {dagbag.py:536} INFO - Filling up the DagBag from /home/airflow/.local/lib/python3.8/site-packages/airflow/example_dags/tutorial_dag.py
[2023-12-18T21:25:11.574+0000] {processor.py:839} INFO - DAG(s) dict_keys(['tutorial_dag']) retrieved from /home/airflow/.local/lib/python3.8/site-packages/airflow/example_dags/tutorial_dag.py
[2023-12-18T21:25:11.594+0000] {logging_mixin.py:154} INFO - [2023-12-18T21:25:11.593+0000] {dag.py:2941} INFO - Sync 1 DAGs
[2023-12-18T21:25:11.605+0000] {logging_mixin.py:154} INFO - [2023-12-18T21:25:11.605+0000] {dag.py:3722} INFO - Setting next_dagrun for tutorial_dag to None, run_after=None
[2023-12-18T21:25:11.621+0000] {processor.py:179} INFO - Processing /home/airflow/.local/lib/python3.8/site-packages/airflow/example_dags/tutorial_dag.py took 0.058 seconds
[2023-12-18T21:25:41.694+0000] {processor.py:157} INFO - Started process (PID=2812) to work on /home/airflow/.local/lib/python3.8/site-packages/airflow/example_dags/tutorial_dag.py
[2023-12-18T21:25:41.695+0000] {processor.py:829} INFO - Processing file /home/airflow/.local/lib/python3.8/site-packages/airflow/example_dags/tutorial_dag.py for tasks to queue
[2023-12-18T21:25:41.696+0000] {logging_mixin.py:154} INFO - [2023-12-18T21:25:41.696+0000] {dagbag.py:536} INFO - Filling up the DagBag from /home/airflow/.local/lib/python3.8/site-packages/airflow/example_dags/tutorial_dag.py
[2023-12-18T21:25:41.700+0000] {processor.py:839} INFO - DAG(s) dict_keys(['tutorial_dag']) retrieved from /home/airflow/.local/lib/python3.8/site-packages/airflow/example_dags/tutorial_dag.py
[2023-12-18T21:25:41.714+0000] {logging_mixin.py:154} INFO - [2023-12-18T21:25:41.714+0000] {dag.py:2941} INFO - Sync 1 DAGs
[2023-12-18T21:25:41.724+0000] {logging_mixin.py:154} INFO - [2023-12-18T21:25:41.724+0000] {dag.py:3722} INFO - Setting next_dagrun for tutorial_dag to None, run_after=None
[2023-12-18T21:25:41.737+0000] {processor.py:179} INFO - Processing /home/airflow/.local/lib/python3.8/site-packages/airflow/example_dags/tutorial_dag.py took 0.045 seconds
[2023-12-18T21:26:12.042+0000] {processor.py:157} INFO - Started process (PID=2873) to work on /home/airflow/.local/lib/python3.8/site-packages/airflow/example_dags/tutorial_dag.py
[2023-12-18T21:26:12.043+0000] {processor.py:829} INFO - Processing file /home/airflow/.local/lib/python3.8/site-packages/airflow/example_dags/tutorial_dag.py for tasks to queue
[2023-12-18T21:26:12.045+0000] {logging_mixin.py:154} INFO - [2023-12-18T21:26:12.044+0000] {dagbag.py:536} INFO - Filling up the DagBag from /home/airflow/.local/lib/python3.8/site-packages/airflow/example_dags/tutorial_dag.py
[2023-12-18T21:26:12.049+0000] {processor.py:839} INFO - DAG(s) dict_keys(['tutorial_dag']) retrieved from /home/airflow/.local/lib/python3.8/site-packages/airflow/example_dags/tutorial_dag.py
[2023-12-18T21:26:12.068+0000] {logging_mixin.py:154} INFO - [2023-12-18T21:26:12.068+0000] {dag.py:2941} INFO - Sync 1 DAGs
[2023-12-18T21:26:12.082+0000] {logging_mixin.py:154} INFO - [2023-12-18T21:26:12.082+0000] {dag.py:3722} INFO - Setting next_dagrun for tutorial_dag to None, run_after=None
[2023-12-18T21:26:12.098+0000] {processor.py:179} INFO - Processing /home/airflow/.local/lib/python3.8/site-packages/airflow/example_dags/tutorial_dag.py took 0.060 seconds
[2023-12-18T21:26:42.225+0000] {processor.py:157} INFO - Started process (PID=2927) to work on /home/airflow/.local/lib/python3.8/site-packages/airflow/example_dags/tutorial_dag.py
[2023-12-18T21:26:42.226+0000] {processor.py:829} INFO - Processing file /home/airflow/.local/lib/python3.8/site-packages/airflow/example_dags/tutorial_dag.py for tasks to queue
[2023-12-18T21:26:42.227+0000] {logging_mixin.py:154} INFO - [2023-12-18T21:26:42.227+0000] {dagbag.py:536} INFO - Filling up the DagBag from /home/airflow/.local/lib/python3.8/site-packages/airflow/example_dags/tutorial_dag.py
[2023-12-18T21:26:42.231+0000] {processor.py:839} INFO - DAG(s) dict_keys(['tutorial_dag']) retrieved from /home/airflow/.local/lib/python3.8/site-packages/airflow/example_dags/tutorial_dag.py
[2023-12-18T21:26:42.249+0000] {logging_mixin.py:154} INFO - [2023-12-18T21:26:42.248+0000] {dag.py:2941} INFO - Sync 1 DAGs
[2023-12-18T21:26:42.260+0000] {logging_mixin.py:154} INFO - [2023-12-18T21:26:42.260+0000] {dag.py:3722} INFO - Setting next_dagrun for tutorial_dag to None, run_after=None
[2023-12-18T21:26:42.277+0000] {processor.py:179} INFO - Processing /home/airflow/.local/lib/python3.8/site-packages/airflow/example_dags/tutorial_dag.py took 0.055 seconds
[2023-12-18T21:27:12.502+0000] {processor.py:157} INFO - Started process (PID=2981) to work on /home/airflow/.local/lib/python3.8/site-packages/airflow/example_dags/tutorial_dag.py
[2023-12-18T21:27:12.503+0000] {processor.py:829} INFO - Processing file /home/airflow/.local/lib/python3.8/site-packages/airflow/example_dags/tutorial_dag.py for tasks to queue
[2023-12-18T21:27:12.504+0000] {logging_mixin.py:154} INFO - [2023-12-18T21:27:12.504+0000] {dagbag.py:536} INFO - Filling up the DagBag from /home/airflow/.local/lib/python3.8/site-packages/airflow/example_dags/tutorial_dag.py
[2023-12-18T21:27:12.508+0000] {processor.py:839} INFO - DAG(s) dict_keys(['tutorial_dag']) retrieved from /home/airflow/.local/lib/python3.8/site-packages/airflow/example_dags/tutorial_dag.py
[2023-12-18T21:27:12.525+0000] {logging_mixin.py:154} INFO - [2023-12-18T21:27:12.525+0000] {dag.py:2941} INFO - Sync 1 DAGs
[2023-12-18T21:27:12.536+0000] {logging_mixin.py:154} INFO - [2023-12-18T21:27:12.536+0000] {dag.py:3722} INFO - Setting next_dagrun for tutorial_dag to None, run_after=None
[2023-12-18T21:27:12.551+0000] {processor.py:179} INFO - Processing /home/airflow/.local/lib/python3.8/site-packages/airflow/example_dags/tutorial_dag.py took 0.051 seconds
[2023-12-18T21:27:42.700+0000] {processor.py:157} INFO - Started process (PID=3035) to work on /home/airflow/.local/lib/python3.8/site-packages/airflow/example_dags/tutorial_dag.py
[2023-12-18T21:27:42.701+0000] {processor.py:829} INFO - Processing file /home/airflow/.local/lib/python3.8/site-packages/airflow/example_dags/tutorial_dag.py for tasks to queue
[2023-12-18T21:27:42.703+0000] {logging_mixin.py:154} INFO - [2023-12-18T21:27:42.702+0000] {dagbag.py:536} INFO - Filling up the DagBag from /home/airflow/.local/lib/python3.8/site-packages/airflow/example_dags/tutorial_dag.py
[2023-12-18T21:27:42.706+0000] {processor.py:839} INFO - DAG(s) dict_keys(['tutorial_dag']) retrieved from /home/airflow/.local/lib/python3.8/site-packages/airflow/example_dags/tutorial_dag.py
[2023-12-18T21:27:42.723+0000] {logging_mixin.py:154} INFO - [2023-12-18T21:27:42.723+0000] {dag.py:2941} INFO - Sync 1 DAGs
[2023-12-18T21:27:42.736+0000] {logging_mixin.py:154} INFO - [2023-12-18T21:27:42.736+0000] {dag.py:3722} INFO - Setting next_dagrun for tutorial_dag to None, run_after=None
[2023-12-18T21:27:42.753+0000] {processor.py:179} INFO - Processing /home/airflow/.local/lib/python3.8/site-packages/airflow/example_dags/tutorial_dag.py took 0.056 seconds
[2023-12-18T21:28:12.885+0000] {processor.py:157} INFO - Started process (PID=3089) to work on /home/airflow/.local/lib/python3.8/site-packages/airflow/example_dags/tutorial_dag.py
[2023-12-18T21:28:12.886+0000] {processor.py:829} INFO - Processing file /home/airflow/.local/lib/python3.8/site-packages/airflow/example_dags/tutorial_dag.py for tasks to queue
[2023-12-18T21:28:12.887+0000] {logging_mixin.py:154} INFO - [2023-12-18T21:28:12.887+0000] {dagbag.py:536} INFO - Filling up the DagBag from /home/airflow/.local/lib/python3.8/site-packages/airflow/example_dags/tutorial_dag.py
[2023-12-18T21:28:12.892+0000] {processor.py:839} INFO - DAG(s) dict_keys(['tutorial_dag']) retrieved from /home/airflow/.local/lib/python3.8/site-packages/airflow/example_dags/tutorial_dag.py
[2023-12-18T21:28:12.909+0000] {logging_mixin.py:154} INFO - [2023-12-18T21:28:12.909+0000] {dag.py:2941} INFO - Sync 1 DAGs
[2023-12-18T21:28:12.921+0000] {logging_mixin.py:154} INFO - [2023-12-18T21:28:12.921+0000] {dag.py:3722} INFO - Setting next_dagrun for tutorial_dag to None, run_after=None
[2023-12-18T21:28:12.938+0000] {processor.py:179} INFO - Processing /home/airflow/.local/lib/python3.8/site-packages/airflow/example_dags/tutorial_dag.py took 0.056 seconds
[2023-12-18T21:28:43.220+0000] {processor.py:157} INFO - Started process (PID=3143) to work on /home/airflow/.local/lib/python3.8/site-packages/airflow/example_dags/tutorial_dag.py
[2023-12-18T21:28:43.220+0000] {processor.py:829} INFO - Processing file /home/airflow/.local/lib/python3.8/site-packages/airflow/example_dags/tutorial_dag.py for tasks to queue
[2023-12-18T21:28:43.222+0000] {logging_mixin.py:154} INFO - [2023-12-18T21:28:43.222+0000] {dagbag.py:536} INFO - Filling up the DagBag from /home/airflow/.local/lib/python3.8/site-packages/airflow/example_dags/tutorial_dag.py
[2023-12-18T21:28:43.226+0000] {processor.py:839} INFO - DAG(s) dict_keys(['tutorial_dag']) retrieved from /home/airflow/.local/lib/python3.8/site-packages/airflow/example_dags/tutorial_dag.py
[2023-12-18T21:28:43.242+0000] {logging_mixin.py:154} INFO - [2023-12-18T21:28:43.242+0000] {dag.py:2941} INFO - Sync 1 DAGs
[2023-12-18T21:28:43.253+0000] {logging_mixin.py:154} INFO - [2023-12-18T21:28:43.253+0000] {dag.py:3722} INFO - Setting next_dagrun for tutorial_dag to None, run_after=None
[2023-12-18T21:28:43.268+0000] {processor.py:179} INFO - Processing /home/airflow/.local/lib/python3.8/site-packages/airflow/example_dags/tutorial_dag.py took 0.050 seconds
[2023-12-18T21:29:13.368+0000] {processor.py:157} INFO - Started process (PID=3197) to work on /home/airflow/.local/lib/python3.8/site-packages/airflow/example_dags/tutorial_dag.py
[2023-12-18T21:29:13.368+0000] {processor.py:829} INFO - Processing file /home/airflow/.local/lib/python3.8/site-packages/airflow/example_dags/tutorial_dag.py for tasks to queue
[2023-12-18T21:29:13.370+0000] {logging_mixin.py:154} INFO - [2023-12-18T21:29:13.370+0000] {dagbag.py:536} INFO - Filling up the DagBag from /home/airflow/.local/lib/python3.8/site-packages/airflow/example_dags/tutorial_dag.py
[2023-12-18T21:29:13.374+0000] {processor.py:839} INFO - DAG(s) dict_keys(['tutorial_dag']) retrieved from /home/airflow/.local/lib/python3.8/site-packages/airflow/example_dags/tutorial_dag.py
[2023-12-18T21:29:13.391+0000] {logging_mixin.py:154} INFO - [2023-12-18T21:29:13.390+0000] {dag.py:2941} INFO - Sync 1 DAGs
[2023-12-18T21:29:13.401+0000] {logging_mixin.py:154} INFO - [2023-12-18T21:29:13.401+0000] {dag.py:3722} INFO - Setting next_dagrun for tutorial_dag to None, run_after=None
[2023-12-18T21:29:13.417+0000] {processor.py:179} INFO - Processing /home/airflow/.local/lib/python3.8/site-packages/airflow/example_dags/tutorial_dag.py took 0.051 seconds
[2023-12-18T21:29:44.415+0000] {processor.py:157} INFO - Started process (PID=3251) to work on /home/airflow/.local/lib/python3.8/site-packages/airflow/example_dags/tutorial_dag.py
[2023-12-18T21:29:44.416+0000] {processor.py:829} INFO - Processing file /home/airflow/.local/lib/python3.8/site-packages/airflow/example_dags/tutorial_dag.py for tasks to queue
[2023-12-18T21:29:44.418+0000] {logging_mixin.py:154} INFO - [2023-12-18T21:29:44.417+0000] {dagbag.py:536} INFO - Filling up the DagBag from /home/airflow/.local/lib/python3.8/site-packages/airflow/example_dags/tutorial_dag.py
[2023-12-18T21:29:44.422+0000] {processor.py:839} INFO - DAG(s) dict_keys(['tutorial_dag']) retrieved from /home/airflow/.local/lib/python3.8/site-packages/airflow/example_dags/tutorial_dag.py
[2023-12-18T21:29:44.438+0000] {logging_mixin.py:154} INFO - [2023-12-18T21:29:44.437+0000] {dag.py:2941} INFO - Sync 1 DAGs
[2023-12-18T21:29:44.448+0000] {logging_mixin.py:154} INFO - [2023-12-18T21:29:44.448+0000] {dag.py:3722} INFO - Setting next_dagrun for tutorial_dag to None, run_after=None
[2023-12-18T21:29:44.463+0000] {processor.py:179} INFO - Processing /home/airflow/.local/lib/python3.8/site-packages/airflow/example_dags/tutorial_dag.py took 0.052 seconds
[2023-12-18T21:30:14.619+0000] {processor.py:157} INFO - Started process (PID=3306) to work on /home/airflow/.local/lib/python3.8/site-packages/airflow/example_dags/tutorial_dag.py
[2023-12-18T21:30:14.620+0000] {processor.py:829} INFO - Processing file /home/airflow/.local/lib/python3.8/site-packages/airflow/example_dags/tutorial_dag.py for tasks to queue
[2023-12-18T21:30:14.622+0000] {logging_mixin.py:154} INFO - [2023-12-18T21:30:14.622+0000] {dagbag.py:536} INFO - Filling up the DagBag from /home/airflow/.local/lib/python3.8/site-packages/airflow/example_dags/tutorial_dag.py
[2023-12-18T21:30:14.626+0000] {processor.py:839} INFO - DAG(s) dict_keys(['tutorial_dag']) retrieved from /home/airflow/.local/lib/python3.8/site-packages/airflow/example_dags/tutorial_dag.py
[2023-12-18T21:30:14.643+0000] {logging_mixin.py:154} INFO - [2023-12-18T21:30:14.643+0000] {dag.py:2941} INFO - Sync 1 DAGs
[2023-12-18T21:30:14.654+0000] {logging_mixin.py:154} INFO - [2023-12-18T21:30:14.653+0000] {dag.py:3722} INFO - Setting next_dagrun for tutorial_dag to None, run_after=None
[2023-12-18T21:30:14.668+0000] {processor.py:179} INFO - Processing /home/airflow/.local/lib/python3.8/site-packages/airflow/example_dags/tutorial_dag.py took 0.051 seconds
[2023-12-18T21:30:44.817+0000] {processor.py:157} INFO - Started process (PID=3360) to work on /home/airflow/.local/lib/python3.8/site-packages/airflow/example_dags/tutorial_dag.py
[2023-12-18T21:30:44.818+0000] {processor.py:829} INFO - Processing file /home/airflow/.local/lib/python3.8/site-packages/airflow/example_dags/tutorial_dag.py for tasks to queue
[2023-12-18T21:30:44.819+0000] {logging_mixin.py:154} INFO - [2023-12-18T21:30:44.819+0000] {dagbag.py:536} INFO - Filling up the DagBag from /home/airflow/.local/lib/python3.8/site-packages/airflow/example_dags/tutorial_dag.py
[2023-12-18T21:30:44.823+0000] {processor.py:839} INFO - DAG(s) dict_keys(['tutorial_dag']) retrieved from /home/airflow/.local/lib/python3.8/site-packages/airflow/example_dags/tutorial_dag.py
[2023-12-18T21:30:44.840+0000] {logging_mixin.py:154} INFO - [2023-12-18T21:30:44.839+0000] {dag.py:2941} INFO - Sync 1 DAGs
[2023-12-18T21:30:44.851+0000] {logging_mixin.py:154} INFO - [2023-12-18T21:30:44.851+0000] {dag.py:3722} INFO - Setting next_dagrun for tutorial_dag to None, run_after=None
[2023-12-18T21:30:44.867+0000] {processor.py:179} INFO - Processing /home/airflow/.local/lib/python3.8/site-packages/airflow/example_dags/tutorial_dag.py took 0.052 seconds
[2023-12-18T21:31:15.110+0000] {processor.py:157} INFO - Started process (PID=3414) to work on /home/airflow/.local/lib/python3.8/site-packages/airflow/example_dags/tutorial_dag.py
[2023-12-18T21:31:15.111+0000] {processor.py:829} INFO - Processing file /home/airflow/.local/lib/python3.8/site-packages/airflow/example_dags/tutorial_dag.py for tasks to queue
[2023-12-18T21:31:15.113+0000] {logging_mixin.py:154} INFO - [2023-12-18T21:31:15.113+0000] {dagbag.py:536} INFO - Filling up the DagBag from /home/airflow/.local/lib/python3.8/site-packages/airflow/example_dags/tutorial_dag.py
[2023-12-18T21:31:15.117+0000] {processor.py:839} INFO - DAG(s) dict_keys(['tutorial_dag']) retrieved from /home/airflow/.local/lib/python3.8/site-packages/airflow/example_dags/tutorial_dag.py
[2023-12-18T21:31:15.134+0000] {logging_mixin.py:154} INFO - [2023-12-18T21:31:15.133+0000] {dag.py:2941} INFO - Sync 1 DAGs
[2023-12-18T21:31:15.145+0000] {logging_mixin.py:154} INFO - [2023-12-18T21:31:15.145+0000] {dag.py:3722} INFO - Setting next_dagrun for tutorial_dag to None, run_after=None
[2023-12-18T21:31:15.160+0000] {processor.py:179} INFO - Processing /home/airflow/.local/lib/python3.8/site-packages/airflow/example_dags/tutorial_dag.py took 0.053 seconds
[2023-12-18T21:31:45.433+0000] {processor.py:157} INFO - Started process (PID=3468) to work on /home/airflow/.local/lib/python3.8/site-packages/airflow/example_dags/tutorial_dag.py
[2023-12-18T21:31:45.434+0000] {processor.py:829} INFO - Processing file /home/airflow/.local/lib/python3.8/site-packages/airflow/example_dags/tutorial_dag.py for tasks to queue
[2023-12-18T21:31:45.435+0000] {logging_mixin.py:154} INFO - [2023-12-18T21:31:45.435+0000] {dagbag.py:536} INFO - Filling up the DagBag from /home/airflow/.local/lib/python3.8/site-packages/airflow/example_dags/tutorial_dag.py
[2023-12-18T21:31:45.439+0000] {processor.py:839} INFO - DAG(s) dict_keys(['tutorial_dag']) retrieved from /home/airflow/.local/lib/python3.8/site-packages/airflow/example_dags/tutorial_dag.py
[2023-12-18T21:31:45.454+0000] {logging_mixin.py:154} INFO - [2023-12-18T21:31:45.454+0000] {dag.py:2941} INFO - Sync 1 DAGs
[2023-12-18T21:31:45.464+0000] {logging_mixin.py:154} INFO - [2023-12-18T21:31:45.464+0000] {dag.py:3722} INFO - Setting next_dagrun for tutorial_dag to None, run_after=None
[2023-12-18T21:31:45.478+0000] {processor.py:179} INFO - Processing /home/airflow/.local/lib/python3.8/site-packages/airflow/example_dags/tutorial_dag.py took 0.048 seconds
[2023-12-18T21:32:15.661+0000] {processor.py:157} INFO - Started process (PID=3522) to work on /home/airflow/.local/lib/python3.8/site-packages/airflow/example_dags/tutorial_dag.py
[2023-12-18T21:32:15.662+0000] {processor.py:829} INFO - Processing file /home/airflow/.local/lib/python3.8/site-packages/airflow/example_dags/tutorial_dag.py for tasks to queue
[2023-12-18T21:32:15.664+0000] {logging_mixin.py:154} INFO - [2023-12-18T21:32:15.664+0000] {dagbag.py:536} INFO - Filling up the DagBag from /home/airflow/.local/lib/python3.8/site-packages/airflow/example_dags/tutorial_dag.py
[2023-12-18T21:32:15.670+0000] {processor.py:839} INFO - DAG(s) dict_keys(['tutorial_dag']) retrieved from /home/airflow/.local/lib/python3.8/site-packages/airflow/example_dags/tutorial_dag.py
[2023-12-18T21:32:15.689+0000] {logging_mixin.py:154} INFO - [2023-12-18T21:32:15.689+0000] {dag.py:2941} INFO - Sync 1 DAGs
[2023-12-18T21:32:15.699+0000] {logging_mixin.py:154} INFO - [2023-12-18T21:32:15.699+0000] {dag.py:3722} INFO - Setting next_dagrun for tutorial_dag to None, run_after=None
[2023-12-18T21:32:15.714+0000] {processor.py:179} INFO - Processing /home/airflow/.local/lib/python3.8/site-packages/airflow/example_dags/tutorial_dag.py took 0.055 seconds
[2023-12-18T21:32:45.857+0000] {processor.py:157} INFO - Started process (PID=3576) to work on /home/airflow/.local/lib/python3.8/site-packages/airflow/example_dags/tutorial_dag.py
[2023-12-18T21:32:45.858+0000] {processor.py:829} INFO - Processing file /home/airflow/.local/lib/python3.8/site-packages/airflow/example_dags/tutorial_dag.py for tasks to queue
[2023-12-18T21:32:45.860+0000] {logging_mixin.py:154} INFO - [2023-12-18T21:32:45.860+0000] {dagbag.py:536} INFO - Filling up the DagBag from /home/airflow/.local/lib/python3.8/site-packages/airflow/example_dags/tutorial_dag.py
[2023-12-18T21:32:45.864+0000] {processor.py:839} INFO - DAG(s) dict_keys(['tutorial_dag']) retrieved from /home/airflow/.local/lib/python3.8/site-packages/airflow/example_dags/tutorial_dag.py
[2023-12-18T21:32:45.881+0000] {logging_mixin.py:154} INFO - [2023-12-18T21:32:45.881+0000] {dag.py:2941} INFO - Sync 1 DAGs
[2023-12-18T21:32:45.891+0000] {logging_mixin.py:154} INFO - [2023-12-18T21:32:45.891+0000] {dag.py:3722} INFO - Setting next_dagrun for tutorial_dag to None, run_after=None
[2023-12-18T21:32:45.906+0000] {processor.py:179} INFO - Processing /home/airflow/.local/lib/python3.8/site-packages/airflow/example_dags/tutorial_dag.py took 0.051 seconds
[2023-12-18T21:33:16.071+0000] {processor.py:157} INFO - Started process (PID=3630) to work on /home/airflow/.local/lib/python3.8/site-packages/airflow/example_dags/tutorial_dag.py
[2023-12-18T21:33:16.072+0000] {processor.py:829} INFO - Processing file /home/airflow/.local/lib/python3.8/site-packages/airflow/example_dags/tutorial_dag.py for tasks to queue
[2023-12-18T21:33:16.074+0000] {logging_mixin.py:154} INFO - [2023-12-18T21:33:16.074+0000] {dagbag.py:536} INFO - Filling up the DagBag from /home/airflow/.local/lib/python3.8/site-packages/airflow/example_dags/tutorial_dag.py
[2023-12-18T21:33:16.078+0000] {processor.py:839} INFO - DAG(s) dict_keys(['tutorial_dag']) retrieved from /home/airflow/.local/lib/python3.8/site-packages/airflow/example_dags/tutorial_dag.py
[2023-12-18T21:33:16.095+0000] {logging_mixin.py:154} INFO - [2023-12-18T21:33:16.095+0000] {dag.py:2941} INFO - Sync 1 DAGs
[2023-12-18T21:33:16.106+0000] {logging_mixin.py:154} INFO - [2023-12-18T21:33:16.105+0000] {dag.py:3722} INFO - Setting next_dagrun for tutorial_dag to None, run_after=None
[2023-12-18T21:33:16.123+0000] {processor.py:179} INFO - Processing /home/airflow/.local/lib/python3.8/site-packages/airflow/example_dags/tutorial_dag.py took 0.055 seconds
[2023-12-18T21:33:46.219+0000] {processor.py:157} INFO - Started process (PID=3684) to work on /home/airflow/.local/lib/python3.8/site-packages/airflow/example_dags/tutorial_dag.py
[2023-12-18T21:33:46.220+0000] {processor.py:829} INFO - Processing file /home/airflow/.local/lib/python3.8/site-packages/airflow/example_dags/tutorial_dag.py for tasks to queue
[2023-12-18T21:33:46.222+0000] {logging_mixin.py:154} INFO - [2023-12-18T21:33:46.222+0000] {dagbag.py:536} INFO - Filling up the DagBag from /home/airflow/.local/lib/python3.8/site-packages/airflow/example_dags/tutorial_dag.py
[2023-12-18T21:33:46.226+0000] {processor.py:839} INFO - DAG(s) dict_keys(['tutorial_dag']) retrieved from /home/airflow/.local/lib/python3.8/site-packages/airflow/example_dags/tutorial_dag.py
[2023-12-18T21:33:46.243+0000] {logging_mixin.py:154} INFO - [2023-12-18T21:33:46.243+0000] {dag.py:2941} INFO - Sync 1 DAGs
[2023-12-18T21:33:46.256+0000] {logging_mixin.py:154} INFO - [2023-12-18T21:33:46.256+0000] {dag.py:3722} INFO - Setting next_dagrun for tutorial_dag to None, run_after=None
[2023-12-18T21:33:46.274+0000] {processor.py:179} INFO - Processing /home/airflow/.local/lib/python3.8/site-packages/airflow/example_dags/tutorial_dag.py took 0.057 seconds
[2023-12-18T21:34:16.426+0000] {processor.py:157} INFO - Started process (PID=3738) to work on /home/airflow/.local/lib/python3.8/site-packages/airflow/example_dags/tutorial_dag.py
[2023-12-18T21:34:16.427+0000] {processor.py:829} INFO - Processing file /home/airflow/.local/lib/python3.8/site-packages/airflow/example_dags/tutorial_dag.py for tasks to queue
[2023-12-18T21:34:16.429+0000] {logging_mixin.py:154} INFO - [2023-12-18T21:34:16.429+0000] {dagbag.py:536} INFO - Filling up the DagBag from /home/airflow/.local/lib/python3.8/site-packages/airflow/example_dags/tutorial_dag.py
[2023-12-18T21:34:16.434+0000] {processor.py:839} INFO - DAG(s) dict_keys(['tutorial_dag']) retrieved from /home/airflow/.local/lib/python3.8/site-packages/airflow/example_dags/tutorial_dag.py
[2023-12-18T21:34:16.452+0000] {logging_mixin.py:154} INFO - [2023-12-18T21:34:16.451+0000] {dag.py:2941} INFO - Sync 1 DAGs
[2023-12-18T21:34:16.463+0000] {logging_mixin.py:154} INFO - [2023-12-18T21:34:16.463+0000] {dag.py:3722} INFO - Setting next_dagrun for tutorial_dag to None, run_after=None
[2023-12-18T21:34:16.481+0000] {processor.py:179} INFO - Processing /home/airflow/.local/lib/python3.8/site-packages/airflow/example_dags/tutorial_dag.py took 0.058 seconds
[2023-12-18T21:34:46.580+0000] {processor.py:157} INFO - Started process (PID=3792) to work on /home/airflow/.local/lib/python3.8/site-packages/airflow/example_dags/tutorial_dag.py
[2023-12-18T21:34:46.581+0000] {processor.py:829} INFO - Processing file /home/airflow/.local/lib/python3.8/site-packages/airflow/example_dags/tutorial_dag.py for tasks to queue
[2023-12-18T21:34:46.583+0000] {logging_mixin.py:154} INFO - [2023-12-18T21:34:46.583+0000] {dagbag.py:536} INFO - Filling up the DagBag from /home/airflow/.local/lib/python3.8/site-packages/airflow/example_dags/tutorial_dag.py
[2023-12-18T21:34:46.587+0000] {processor.py:839} INFO - DAG(s) dict_keys(['tutorial_dag']) retrieved from /home/airflow/.local/lib/python3.8/site-packages/airflow/example_dags/tutorial_dag.py
[2023-12-18T21:34:46.605+0000] {logging_mixin.py:154} INFO - [2023-12-18T21:34:46.605+0000] {dag.py:2941} INFO - Sync 1 DAGs
[2023-12-18T21:34:46.615+0000] {logging_mixin.py:154} INFO - [2023-12-18T21:34:46.615+0000] {dag.py:3722} INFO - Setting next_dagrun for tutorial_dag to None, run_after=None
[2023-12-18T21:34:46.630+0000] {processor.py:179} INFO - Processing /home/airflow/.local/lib/python3.8/site-packages/airflow/example_dags/tutorial_dag.py took 0.052 seconds
[2023-12-18T21:35:16.945+0000] {processor.py:157} INFO - Started process (PID=3846) to work on /home/airflow/.local/lib/python3.8/site-packages/airflow/example_dags/tutorial_dag.py
[2023-12-18T21:35:16.946+0000] {processor.py:829} INFO - Processing file /home/airflow/.local/lib/python3.8/site-packages/airflow/example_dags/tutorial_dag.py for tasks to queue
[2023-12-18T21:35:16.947+0000] {logging_mixin.py:154} INFO - [2023-12-18T21:35:16.947+0000] {dagbag.py:536} INFO - Filling up the DagBag from /home/airflow/.local/lib/python3.8/site-packages/airflow/example_dags/tutorial_dag.py
[2023-12-18T21:35:16.952+0000] {processor.py:839} INFO - DAG(s) dict_keys(['tutorial_dag']) retrieved from /home/airflow/.local/lib/python3.8/site-packages/airflow/example_dags/tutorial_dag.py
[2023-12-18T21:35:16.969+0000] {logging_mixin.py:154} INFO - [2023-12-18T21:35:16.969+0000] {dag.py:2941} INFO - Sync 1 DAGs
[2023-12-18T21:35:16.980+0000] {logging_mixin.py:154} INFO - [2023-12-18T21:35:16.980+0000] {dag.py:3722} INFO - Setting next_dagrun for tutorial_dag to None, run_after=None
[2023-12-18T21:35:16.997+0000] {processor.py:179} INFO - Processing /home/airflow/.local/lib/python3.8/site-packages/airflow/example_dags/tutorial_dag.py took 0.055 seconds
[2023-12-18T21:35:47.351+0000] {processor.py:157} INFO - Started process (PID=3900) to work on /home/airflow/.local/lib/python3.8/site-packages/airflow/example_dags/tutorial_dag.py
[2023-12-18T21:35:47.352+0000] {processor.py:829} INFO - Processing file /home/airflow/.local/lib/python3.8/site-packages/airflow/example_dags/tutorial_dag.py for tasks to queue
[2023-12-18T21:35:47.354+0000] {logging_mixin.py:154} INFO - [2023-12-18T21:35:47.353+0000] {dagbag.py:536} INFO - Filling up the DagBag from /home/airflow/.local/lib/python3.8/site-packages/airflow/example_dags/tutorial_dag.py
[2023-12-18T21:35:47.358+0000] {processor.py:839} INFO - DAG(s) dict_keys(['tutorial_dag']) retrieved from /home/airflow/.local/lib/python3.8/site-packages/airflow/example_dags/tutorial_dag.py
[2023-12-18T21:35:47.375+0000] {logging_mixin.py:154} INFO - [2023-12-18T21:35:47.375+0000] {dag.py:2941} INFO - Sync 1 DAGs
[2023-12-18T21:35:47.387+0000] {logging_mixin.py:154} INFO - [2023-12-18T21:35:47.387+0000] {dag.py:3722} INFO - Setting next_dagrun for tutorial_dag to None, run_after=None
[2023-12-18T21:35:47.406+0000] {processor.py:179} INFO - Processing /home/airflow/.local/lib/python3.8/site-packages/airflow/example_dags/tutorial_dag.py took 0.058 seconds
